2024-10-28 09:19:39,187 [trainer.py] => config: ./exps/gem.json
2024-10-28 09:19:39,187 [trainer.py] => prefix: cil
2024-10-28 09:19:39,187 [trainer.py] => dataset: hrrp9
2024-10-28 09:19:39,187 [trainer.py] => memory_size: 500
2024-10-28 09:19:39,187 [trainer.py] => memory_per_class: 20
2024-10-28 09:19:39,187 [trainer.py] => fixed_memory: False
2024-10-28 09:19:39,187 [trainer.py] => shuffle: True
2024-10-28 09:19:39,187 [trainer.py] => init_cls: 5
2024-10-28 09:19:39,187 [trainer.py] => increment: 2
2024-10-28 09:19:39,187 [trainer.py] => model_name: gem
2024-10-28 09:19:39,187 [trainer.py] => convnet_type: resnet18
2024-10-28 09:19:39,187 [trainer.py] => init_train: False
2024-10-28 09:19:39,187 [trainer.py] => convnet_path1: checkpoints/init_train/resnet18_42503.pth
2024-10-28 09:19:39,187 [trainer.py] => fc_path1: checkpoints/init_train/fc_42503.pth
2024-10-28 09:19:39,187 [trainer.py] => convnet_path: checkpoints/init_train/resnet18_35172.pth
2024-10-28 09:19:39,187 [trainer.py] => fc_path: checkpoints/init_train/fc_35172.pth
2024-10-28 09:19:39,187 [trainer.py] => device: [device(type='cuda', index=4)]
2024-10-28 09:19:39,187 [trainer.py] => seed: 2001
2024-10-28 09:19:39,187 [trainer.py] => epochs: 150
2024-10-28 09:19:39,187 [trainer.py] => lrate: 0.1
2024-10-28 09:19:39,187 [trainer.py] => milestones: [50, 80, 120]
2024-10-28 09:19:39,187 [trainer.py] => lrate_decay: 0.1
2024-10-28 09:19:39,187 [trainer.py] => momentum: 0.1
2024-10-28 09:19:39,187 [trainer.py] => batch_size: 128
2024-10-28 09:19:39,187 [trainer.py] => weight_decay: 0.0002
2024-10-28 09:19:39,187 [trainer.py] => num_workers: 4
2024-10-28 09:19:39,753 [data_manager.py] => [3, 5, 1, 7, 2, 8, 6, 4, 0]
2024-10-28 09:19:40,901 [trainer.py] => All params: 3843904
2024-10-28 09:19:40,901 [trainer.py] => Trainable params: 3843904
2024-10-28 09:19:40,903 [gem.py] => Learning on 0-5
2024-10-28 09:19:41,163 [gem.py] => init_train?---False
2024-10-28 09:19:41,854 [base.py] => Reducing exemplars...(100 per classes)
2024-10-28 09:19:41,854 [base.py] => Constructing exemplars...(100 per classes)
2024-10-28 09:19:47,829 [trainer.py] => All params: 3846469
2024-10-28 09:19:48,584 [gem.py] => Exemplar size: 500
2024-10-28 09:19:48,585 [trainer.py] => CNN: {'total': 90.13, '00-04': 90.13, 'old': 0, 'new': 90.13}
2024-10-28 09:19:48,585 [trainer.py] => NME: {'total': 89.53, '00-04': 89.53, 'old': 0, 'new': 89.53}
2024-10-28 09:19:48,585 [trainer.py] => CNN top1 curve: [90.13]
2024-10-28 09:19:48,585 [trainer.py] => CNN top5 curve: [100.0]
2024-10-28 09:19:48,585 [trainer.py] => NME top1 curve: [89.53]
2024-10-28 09:19:48,585 [trainer.py] => NME top5 curve: [100.0]

2024-10-28 09:19:48,585 [trainer.py] => Average Accuracy (CNN): 90.13
2024-10-28 09:19:48,585 [trainer.py] => Average Accuracy (NME): 89.53
2024-10-28 09:19:48,585 [trainer.py] => All params: 3846469
2024-10-28 09:19:48,585 [trainer.py] => Trainable params: 3846469
2024-10-28 09:19:48,586 [gem.py] => Learning on 5-7
2024-10-28 09:19:54,932 [gem.py] => Task 1, Epoch 1/150 => Loss 0.278, Train_accy 90.85, Test_accy 51.40
2024-10-28 09:20:28,469 [gem.py] => Task 1, Epoch 6/150 => Loss 0.006, Train_accy 100.00, Test_accy 59.52
2024-10-28 09:21:17,435 [gem.py] => Task 1, Epoch 11/150 => Loss 0.002, Train_accy 100.00, Test_accy 59.71
2024-10-28 09:22:05,773 [gem.py] => Task 1, Epoch 16/150 => Loss 0.001, Train_accy 100.00, Test_accy 61.43
2024-10-28 09:23:01,745 [gem.py] => Task 1, Epoch 21/150 => Loss 0.001, Train_accy 100.00, Test_accy 62.17
2024-10-28 09:23:51,742 [gem.py] => Task 1, Epoch 26/150 => Loss 0.001, Train_accy 100.00, Test_accy 62.33
2024-10-28 09:24:45,536 [gem.py] => Task 1, Epoch 31/150 => Loss 0.001, Train_accy 100.00, Test_accy 61.19
2024-10-28 09:25:28,688 [gem.py] => Task 1, Epoch 36/150 => Loss 0.001, Train_accy 100.00, Test_accy 63.24
2024-10-28 09:26:16,430 [gem.py] => Task 1, Epoch 41/150 => Loss 0.000, Train_accy 100.00, Test_accy 63.10
2024-10-28 09:27:01,666 [gem.py] => Task 1, Epoch 46/150 => Loss 0.000, Train_accy 100.00, Test_accy 62.48
2024-10-28 09:27:49,930 [gem.py] => Task 1, Epoch 51/150 => Loss 0.000, Train_accy 100.00, Test_accy 62.83
2024-10-28 09:28:37,953 [gem.py] => Task 1, Epoch 56/150 => Loss 0.000, Train_accy 100.00, Test_accy 62.74
2024-10-28 09:29:26,329 [gem.py] => Task 1, Epoch 61/150 => Loss 0.000, Train_accy 100.00, Test_accy 62.81
2024-10-28 09:30:19,873 [gem.py] => Task 1, Epoch 66/150 => Loss 0.000, Train_accy 100.00, Test_accy 62.93
2024-10-28 09:31:09,692 [gem.py] => Task 1, Epoch 71/150 => Loss 0.000, Train_accy 100.00, Test_accy 63.10
2024-10-28 09:32:00,182 [gem.py] => Task 1, Epoch 76/150 => Loss 0.000, Train_accy 100.00, Test_accy 63.05
2024-10-28 09:32:51,873 [gem.py] => Task 1, Epoch 81/150 => Loss 0.000, Train_accy 100.00, Test_accy 62.98
2024-10-28 09:33:45,820 [gem.py] => Task 1, Epoch 86/150 => Loss 0.000, Train_accy 100.00, Test_accy 62.40
2024-10-28 09:34:36,487 [gem.py] => Task 1, Epoch 91/150 => Loss 0.000, Train_accy 100.00, Test_accy 62.93
2024-10-28 09:35:25,715 [gem.py] => Task 1, Epoch 96/150 => Loss 0.000, Train_accy 100.00, Test_accy 63.40
2024-10-28 09:36:13,081 [gem.py] => Task 1, Epoch 101/150 => Loss 0.000, Train_accy 100.00, Test_accy 63.19
2024-10-28 09:37:04,532 [gem.py] => Task 1, Epoch 106/150 => Loss 0.000, Train_accy 100.00, Test_accy 63.14
2024-10-28 09:37:54,121 [gem.py] => Task 1, Epoch 111/150 => Loss 0.000, Train_accy 100.00, Test_accy 62.93
2024-10-28 09:38:42,427 [gem.py] => Task 1, Epoch 116/150 => Loss 0.000, Train_accy 100.00, Test_accy 63.21
2024-10-28 09:39:36,356 [gem.py] => Task 1, Epoch 121/150 => Loss 0.000, Train_accy 100.00, Test_accy 63.45
2024-10-28 09:40:28,415 [gem.py] => Task 1, Epoch 126/150 => Loss 0.000, Train_accy 100.00, Test_accy 62.88
2024-10-28 09:41:19,759 [gem.py] => Task 1, Epoch 131/150 => Loss 0.000, Train_accy 100.00, Test_accy 63.31
2024-10-28 09:42:11,087 [gem.py] => Task 1, Epoch 136/150 => Loss 0.000, Train_accy 100.00, Test_accy 63.38
2024-10-28 09:43:02,269 [gem.py] => Task 1, Epoch 141/150 => Loss 0.000, Train_accy 100.00, Test_accy 63.00
2024-10-28 09:43:53,187 [gem.py] => Task 1, Epoch 146/150 => Loss 0.000, Train_accy 100.00, Test_accy 62.95
2024-10-28 09:44:34,404 [gem.py] => Task 1, Epoch 150/150 => Loss 0.000, Train_accy 100.00
2024-10-28 09:44:34,420 [base.py] => Reducing exemplars...(71 per classes)
2024-10-28 09:44:36,705 [base.py] => Constructing exemplars...(71 per classes)
2024-10-28 09:44:40,148 [trainer.py] => All params: 3847495
2024-10-28 09:44:41,692 [gem.py] => Exemplar size: 497
2024-10-28 09:44:41,692 [trainer.py] => CNN: {'total': 63.12, '00-04': 71.03, '05-06': 43.33, 'old': 71.03, 'new': 43.33}
2024-10-28 09:44:41,692 [trainer.py] => NME: {'total': 65.02, '00-04': 63.0, '05-06': 70.08, 'old': 63.0, 'new': 70.08}
2024-10-28 09:44:41,692 [trainer.py] => CNN top1 curve: [90.13, 63.12]
2024-10-28 09:44:41,692 [trainer.py] => CNN top5 curve: [100.0, 97.45]
2024-10-28 09:44:41,692 [trainer.py] => NME top1 curve: [89.53, 65.02]
2024-10-28 09:44:41,692 [trainer.py] => NME top5 curve: [100.0, 96.88]

2024-10-28 09:44:41,692 [trainer.py] => Average Accuracy (CNN): 76.625
2024-10-28 09:44:41,693 [trainer.py] => Average Accuracy (NME): 77.275
2024-10-28 09:44:41,693 [trainer.py] => All params: 3847495
2024-10-28 09:44:41,693 [trainer.py] => Trainable params: 3847495
2024-10-28 09:44:41,694 [gem.py] => Learning on 7-9
2024-10-28 09:44:55,109 [gem.py] => Task 2, Epoch 1/150 => Loss 0.276, Train_accy 90.55, Test_accy 37.20
2024-10-28 09:45:57,964 [gem.py] => Task 2, Epoch 6/150 => Loss 0.007, Train_accy 100.00, Test_accy 52.17
2024-10-28 09:47:15,028 [gem.py] => Task 2, Epoch 11/150 => Loss 0.002, Train_accy 100.00, Test_accy 50.83
2024-10-28 09:48:31,974 [gem.py] => Task 2, Epoch 16/150 => Loss 0.001, Train_accy 100.00, Test_accy 49.76
2024-10-28 09:49:49,879 [gem.py] => Task 2, Epoch 21/150 => Loss 0.001, Train_accy 100.00, Test_accy 49.76
2024-10-28 09:51:05,450 [gem.py] => Task 2, Epoch 26/150 => Loss 0.001, Train_accy 100.00, Test_accy 48.93
2024-10-28 09:52:20,677 [gem.py] => Task 2, Epoch 31/150 => Loss 0.001, Train_accy 100.00, Test_accy 50.93
2024-10-28 09:53:27,318 [gem.py] => Task 2, Epoch 36/150 => Loss 0.001, Train_accy 100.00, Test_accy 47.39
2024-10-28 09:54:31,714 [gem.py] => Task 2, Epoch 41/150 => Loss 0.000, Train_accy 100.00, Test_accy 47.70
2024-10-28 09:55:42,403 [gem.py] => Task 2, Epoch 46/150 => Loss 0.000, Train_accy 100.00, Test_accy 46.94
2024-10-28 09:56:54,920 [gem.py] => Task 2, Epoch 51/150 => Loss 0.000, Train_accy 100.00, Test_accy 46.78
2024-10-28 09:58:09,036 [gem.py] => Task 2, Epoch 56/150 => Loss 0.000, Train_accy 100.00, Test_accy 47.31
2024-10-28 09:59:22,453 [gem.py] => Task 2, Epoch 61/150 => Loss 0.000, Train_accy 100.00, Test_accy 46.80
2024-10-28 10:00:34,699 [gem.py] => Task 2, Epoch 66/150 => Loss 0.000, Train_accy 100.00, Test_accy 46.72
2024-10-28 10:01:50,588 [gem.py] => Task 2, Epoch 71/150 => Loss 0.000, Train_accy 100.00, Test_accy 47.57
2024-10-28 10:03:14,178 [gem.py] => Task 2, Epoch 76/150 => Loss 0.000, Train_accy 100.00, Test_accy 46.96
2024-10-28 10:04:28,735 [gem.py] => Task 2, Epoch 81/150 => Loss 0.000, Train_accy 100.00, Test_accy 46.83
2024-10-28 10:05:44,846 [gem.py] => Task 2, Epoch 86/150 => Loss 0.000, Train_accy 100.00, Test_accy 46.69
2024-10-28 10:06:56,270 [gem.py] => Task 2, Epoch 91/150 => Loss 0.000, Train_accy 100.00, Test_accy 46.98
2024-10-28 10:08:08,679 [gem.py] => Task 2, Epoch 96/150 => Loss 0.000, Train_accy 100.00, Test_accy 46.93
2024-10-28 10:09:22,211 [gem.py] => Task 2, Epoch 101/150 => Loss 0.000, Train_accy 100.00, Test_accy 46.81
2024-10-28 10:10:35,807 [gem.py] => Task 2, Epoch 106/150 => Loss 0.000, Train_accy 100.00, Test_accy 46.78
2024-10-28 10:11:50,423 [gem.py] => Task 2, Epoch 111/150 => Loss 0.000, Train_accy 100.00, Test_accy 47.31
2024-10-28 10:13:01,642 [gem.py] => Task 2, Epoch 116/150 => Loss 0.000, Train_accy 100.00, Test_accy 47.15
2024-10-28 10:14:17,040 [gem.py] => Task 2, Epoch 121/150 => Loss 0.000, Train_accy 100.00, Test_accy 47.04
2024-10-28 10:15:33,598 [gem.py] => Task 2, Epoch 126/150 => Loss 0.001, Train_accy 100.00, Test_accy 46.96
2024-10-28 10:16:45,466 [gem.py] => Task 2, Epoch 131/150 => Loss 0.000, Train_accy 100.00, Test_accy 47.06
2024-10-28 10:18:02,055 [gem.py] => Task 2, Epoch 136/150 => Loss 0.000, Train_accy 100.00, Test_accy 47.35
2024-10-28 10:19:12,222 [gem.py] => Task 2, Epoch 141/150 => Loss 0.000, Train_accy 100.00, Test_accy 46.94
2024-10-28 10:20:24,615 [gem.py] => Task 2, Epoch 146/150 => Loss 0.000, Train_accy 100.00, Test_accy 46.81
2024-10-28 10:21:22,492 [gem.py] => Task 2, Epoch 150/150 => Loss 0.000, Train_accy 100.00
2024-10-28 10:21:22,493 [base.py] => Reducing exemplars...(55 per classes)
2024-10-28 10:21:26,017 [base.py] => Constructing exemplars...(55 per classes)
2024-10-28 10:21:29,707 [trainer.py] => All params: 3848521
2024-10-28 10:21:32,100 [gem.py] => Exemplar size: 495
2024-10-28 10:21:32,100 [trainer.py] => CNN: {'total': 46.89, '00-04': 53.1, '05-06': 10.42, '07-08': 67.83, 'old': 40.9, 'new': 67.83}
2024-10-28 10:21:32,100 [trainer.py] => NME: {'total': 52.31, '00-04': 57.13, '05-06': 29.75, '07-08': 62.83, 'old': 49.31, 'new': 62.83}
2024-10-28 10:21:32,100 [trainer.py] => CNN top1 curve: [90.13, 63.12, 46.89]
2024-10-28 10:21:32,101 [trainer.py] => CNN top5 curve: [100.0, 97.45, 91.96]
2024-10-28 10:21:32,101 [trainer.py] => NME top1 curve: [89.53, 65.02, 52.31]
2024-10-28 10:21:32,101 [trainer.py] => NME top5 curve: [100.0, 96.88, 93.04]

2024-10-28 10:21:32,101 [trainer.py] => Average Accuracy (CNN): 66.71333333333332
2024-10-28 10:21:32,101 [trainer.py] => Average Accuracy (NME): 68.95333333333333
2024-10-28 10:21:32,109 [trainer.py] => Forgetting (CNN): 34.97
