2025-04-07 21:11:03,549 [trainer.py] => config: ./exps/POD_foster.json
2025-04-07 21:11:03,549 [trainer.py] => prefix: cil
2025-04-07 21:11:03,549 [trainer.py] => dataset: hrrp9
2025-04-07 21:11:03,549 [trainer.py] => memory_size: 500
2025-04-07 21:11:03,549 [trainer.py] => memory_per_class: 20
2025-04-07 21:11:03,549 [trainer.py] => fixed_memory: False
2025-04-07 21:11:03,549 [trainer.py] => shuffle: True
2025-04-07 21:11:03,549 [trainer.py] => init_cls: 5
2025-04-07 21:11:03,549 [trainer.py] => increment: 2
2025-04-07 21:11:03,549 [trainer.py] => model_name: POD_foster
2025-04-07 21:11:03,549 [trainer.py] => convnet_type: resnet18
2025-04-07 21:11:03,549 [trainer.py] => init_train: False
2025-04-07 21:11:03,549 [trainer.py] => convnet_path1: checkpoints/init_train/resnet18_35172.pth
2025-04-07 21:11:03,549 [trainer.py] => fc_path1: checkpoints/init_train/fc_35172.pth
2025-04-07 21:11:03,549 [trainer.py] => convnet_path: checkpoints/init_train/resnet18_42503.pth
2025-04-07 21:11:03,549 [trainer.py] => fc_path: checkpoints/init_train/fc_42503.pth
2025-04-07 21:11:03,550 [trainer.py] => convnet_path2: checkpoints/init_train/resnet18_42871.pth
2025-04-07 21:11:03,550 [trainer.py] => fc_path2: checkpoints/init_train/fc_42871.pth
2025-04-07 21:11:03,550 [trainer.py] => device: [device(type='cuda', index=7)]
2025-04-07 21:11:03,550 [trainer.py] => seed: 1993
2025-04-07 21:11:03,550 [trainer.py] => beta1: 0.96
2025-04-07 21:11:03,550 [trainer.py] => beta2: 0.97
2025-04-07 21:11:03,550 [trainer.py] => oofc: ft
2025-04-07 21:11:03,550 [trainer.py] => is_teacher_wa: True
2025-04-07 21:11:03,550 [trainer.py] => is_student_wa: False
2025-04-07 21:11:03,550 [trainer.py] => is_teacher_la: True
2025-04-07 21:11:03,550 [trainer.py] => is_student_la: True
2025-04-07 21:11:03,550 [trainer.py] => lambda_okd: 0
2025-04-07 21:11:03,550 [trainer.py] => wa_value: 1
2025-04-07 21:11:03,550 [trainer.py] => init_epochs: 0
2025-04-07 21:11:03,550 [trainer.py] => init_lr: 0.1
2025-04-07 21:11:03,550 [trainer.py] => init_weight_decay: 0.0005
2025-04-07 21:11:03,550 [trainer.py] => boosting_epochs: 150
2025-04-07 21:11:03,550 [trainer.py] => compression_epochs: 120
2025-04-07 21:11:03,550 [trainer.py] => lr: 0.1
2025-04-07 21:11:03,550 [trainer.py] => batch_size: 128
2025-04-07 21:11:03,550 [trainer.py] => weight_decay: 0.0005
2025-04-07 21:11:03,550 [trainer.py] => num_workers: 8
2025-04-07 21:11:03,550 [trainer.py] => momentum: 0.9
2025-04-07 21:11:03,550 [trainer.py] => T: 2
2025-04-07 21:11:03,550 [trainer.py] => lambda_c_base: 0.8
2025-04-07 21:11:03,550 [trainer.py] => lambda_f_base: 1.0
2025-04-07 21:11:03,550 [trainer.py] => POD: w
2025-04-07 21:11:04,059 [data_manager.py] => [4, 2, 5, 0, 3, 6, 7, 8, 1]
2025-04-07 21:11:04,093 [trainer.py] => All params: 0
2025-04-07 21:11:04,094 [trainer.py] => Trainable params: 0
2025-04-07 21:11:06,347 [pod_foster.py] => Learning on 0-5
2025-04-07 21:11:06,347 [pod_foster.py] => All params: 3849034
2025-04-07 21:11:06,347 [pod_foster.py] => Trainable params: 3849034
2025-04-07 21:11:06,385 [pod_foster.py] => Adaptive factor: 0
2025-04-07 21:11:08,186 [pod_foster.py] => init_train?---False
2025-04-07 21:11:11,805 [base.py] => Reducing exemplars...(100 per classes)
2025-04-07 21:11:11,806 [base.py] => Constructing exemplars...(100 per classes)
2025-04-07 21:11:19,548 [trainer.py] => task:0 training time:15.45s
2025-04-07 21:11:19,551 [trainer.py] => All params: 3849034
2025-04-07 21:11:21,528 [pod_foster.py] => Exemplar size: 500
2025-04-07 21:11:21,529 [trainer.py] => CNN: {'total': 89.93, '00-04': 89.93, 'old': 0, 'new': 89.93}
2025-04-07 21:11:21,529 [trainer.py] => NME: {'total': 90.0, '00-04': 90.0, 'old': 0, 'new': 90.0}
2025-04-07 21:11:21,529 [trainer.py] => CNN top1 curve: [89.93]
2025-04-07 21:11:21,529 [trainer.py] => CNN top5 curve: [100.0]
2025-04-07 21:11:21,529 [trainer.py] => NME top1 curve: [90.0]
2025-04-07 21:11:21,529 [trainer.py] => NME top5 curve: [100.0]

2025-04-07 21:11:21,529 [trainer.py] => Average Accuracy (CNN): 89.93
2025-04-07 21:11:21,529 [trainer.py] => Average Accuracy (NME): 90.0
2025-04-07 21:11:21,529 [trainer.py] => All params: 3849034
2025-04-07 21:11:21,530 [trainer.py] => Trainable params: 3849034
2025-04-07 21:11:21,567 [pod_foster.py] => Learning on 5-7
2025-04-07 21:11:21,568 [pod_foster.py] => All params: 7701139
2025-04-07 21:11:21,568 [pod_foster.py] => Trainable params: 3854670
2025-04-07 21:11:21,609 [pod_foster.py] => Adaptive factor: 1.8708286933869707
2025-04-07 21:11:21,618 [pod_foster.py] => per cls weights : [1.00484344 1.00484344 1.00484344 1.00484344 1.00484344 0.98789141
 0.98789141]
2025-04-07 21:11:25,236 [pod_foster.py] => Task 1, Epoch 1/150 => Loss 1.174, Loss_clf 0.764, Loss_fe 0.000, Loss_pod 0.295, Loss_flat 0.114, Train_accy 81.80, Test_accy 65.31
2025-04-07 21:11:36,275 [pod_foster.py] => Task 1, Epoch 6/150 => Loss 0.210, Loss_clf 0.022, Loss_fe 0.000, Loss_pod 0.156, Loss_flat 0.032, Train_accy 99.96, Test_accy 68.55
2025-04-07 21:11:48,115 [pod_foster.py] => Task 1, Epoch 11/150 => Loss 0.213, Loss_clf 0.023, Loss_fe 0.000, Loss_pod 0.162, Loss_flat 0.027, Train_accy 99.67, Test_accy 70.90
2025-04-07 21:11:59,799 [pod_foster.py] => Task 1, Epoch 16/150 => Loss 0.165, Loss_clf 0.011, Loss_fe 0.000, Loss_pod 0.134, Loss_flat 0.019, Train_accy 100.00, Test_accy 68.17
2025-04-07 21:12:11,018 [pod_foster.py] => Task 1, Epoch 21/150 => Loss 0.168, Loss_clf 0.013, Loss_fe 0.000, Loss_pod 0.136, Loss_flat 0.019, Train_accy 100.00, Test_accy 68.71
2025-04-07 21:12:22,162 [pod_foster.py] => Task 1, Epoch 26/150 => Loss 0.235, Loss_clf 0.015, Loss_fe 0.000, Loss_pod 0.182, Loss_flat 0.038, Train_accy 99.98, Test_accy 69.33
2025-04-07 21:12:34,060 [pod_foster.py] => Task 1, Epoch 31/150 => Loss 0.188, Loss_clf 0.017, Loss_fe 0.000, Loss_pod 0.146, Loss_flat 0.025, Train_accy 99.80, Test_accy 70.05
2025-04-07 21:12:45,347 [pod_foster.py] => Task 1, Epoch 36/150 => Loss 0.149, Loss_clf 0.008, Loss_fe 0.000, Loss_pod 0.124, Loss_flat 0.016, Train_accy 100.00, Test_accy 67.07
2025-04-07 21:12:56,051 [pod_foster.py] => Task 1, Epoch 41/150 => Loss 0.139, Loss_clf 0.008, Loss_fe 0.000, Loss_pod 0.116, Loss_flat 0.014, Train_accy 100.00, Test_accy 66.71
2025-04-07 21:13:07,691 [pod_foster.py] => Task 1, Epoch 46/150 => Loss 0.140, Loss_clf 0.008, Loss_fe 0.000, Loss_pod 0.118, Loss_flat 0.014, Train_accy 100.00, Test_accy 68.12
2025-04-07 21:13:18,948 [pod_foster.py] => Task 1, Epoch 51/150 => Loss 0.142, Loss_clf 0.007, Loss_fe 0.000, Loss_pod 0.120, Loss_flat 0.014, Train_accy 100.00, Test_accy 65.60
2025-04-07 21:13:30,672 [pod_foster.py] => Task 1, Epoch 56/150 => Loss 0.132, Loss_clf 0.007, Loss_fe 0.000, Loss_pod 0.111, Loss_flat 0.014, Train_accy 100.00, Test_accy 66.14
2025-04-07 21:13:42,698 [pod_foster.py] => Task 1, Epoch 61/150 => Loss 0.152, Loss_clf 0.011, Loss_fe 0.000, Loss_pod 0.124, Loss_flat 0.018, Train_accy 99.93, Test_accy 65.52
2025-04-07 21:13:54,990 [pod_foster.py] => Task 1, Epoch 66/150 => Loss 0.142, Loss_clf 0.008, Loss_fe 0.000, Loss_pod 0.119, Loss_flat 0.015, Train_accy 100.00, Test_accy 67.67
2025-04-07 21:14:06,843 [pod_foster.py] => Task 1, Epoch 71/150 => Loss 0.134, Loss_clf 0.007, Loss_fe 0.000, Loss_pod 0.113, Loss_flat 0.014, Train_accy 100.00, Test_accy 66.69
2025-04-07 21:14:18,903 [pod_foster.py] => Task 1, Epoch 76/150 => Loss 0.125, Loss_clf 0.007, Loss_fe 0.000, Loss_pod 0.105, Loss_flat 0.013, Train_accy 100.00, Test_accy 66.00
2025-04-07 21:14:30,084 [pod_foster.py] => Task 1, Epoch 81/150 => Loss 0.121, Loss_clf 0.007, Loss_fe 0.000, Loss_pod 0.102, Loss_flat 0.012, Train_accy 100.00, Test_accy 68.86
2025-04-07 21:14:41,787 [pod_foster.py] => Task 1, Epoch 86/150 => Loss 0.122, Loss_clf 0.007, Loss_fe 0.000, Loss_pod 0.103, Loss_flat 0.013, Train_accy 100.00, Test_accy 65.12
2025-04-07 21:14:53,401 [pod_foster.py] => Task 1, Epoch 91/150 => Loss 0.114, Loss_clf 0.007, Loss_fe 0.000, Loss_pod 0.096, Loss_flat 0.012, Train_accy 100.00, Test_accy 66.07
2025-04-07 21:15:05,154 [pod_foster.py] => Task 1, Epoch 96/150 => Loss 0.111, Loss_clf 0.007, Loss_fe 0.000, Loss_pod 0.093, Loss_flat 0.012, Train_accy 100.00, Test_accy 67.17
2025-04-07 21:15:17,340 [pod_foster.py] => Task 1, Epoch 101/150 => Loss 0.106, Loss_clf 0.007, Loss_fe 0.000, Loss_pod 0.088, Loss_flat 0.011, Train_accy 100.00, Test_accy 67.26
2025-04-07 21:15:28,581 [pod_foster.py] => Task 1, Epoch 106/150 => Loss 0.105, Loss_clf 0.007, Loss_fe 0.000, Loss_pod 0.087, Loss_flat 0.011, Train_accy 100.00, Test_accy 67.50
2025-04-07 21:15:40,154 [pod_foster.py] => Task 1, Epoch 111/150 => Loss 0.104, Loss_clf 0.007, Loss_fe 0.000, Loss_pod 0.086, Loss_flat 0.011, Train_accy 100.00, Test_accy 66.14
2025-04-07 21:15:51,359 [pod_foster.py] => Task 1, Epoch 116/150 => Loss 0.100, Loss_clf 0.007, Loss_fe 0.000, Loss_pod 0.083, Loss_flat 0.010, Train_accy 100.00, Test_accy 67.48
2025-04-07 21:16:02,585 [pod_foster.py] => Task 1, Epoch 121/150 => Loss 0.094, Loss_clf 0.006, Loss_fe 0.000, Loss_pod 0.077, Loss_flat 0.010, Train_accy 100.00, Test_accy 66.21
2025-04-07 21:16:14,047 [pod_foster.py] => Task 1, Epoch 126/150 => Loss 0.094, Loss_clf 0.006, Loss_fe 0.000, Loss_pod 0.077, Loss_flat 0.010, Train_accy 100.00, Test_accy 66.19
2025-04-07 21:16:25,535 [pod_foster.py] => Task 1, Epoch 131/150 => Loss 0.092, Loss_clf 0.006, Loss_fe 0.000, Loss_pod 0.076, Loss_flat 0.010, Train_accy 100.00, Test_accy 65.17
2025-04-07 21:16:36,919 [pod_foster.py] => Task 1, Epoch 136/150 => Loss 0.086, Loss_clf 0.006, Loss_fe 0.000, Loss_pod 0.071, Loss_flat 0.009, Train_accy 100.00, Test_accy 67.05
2025-04-07 21:16:48,299 [pod_foster.py] => Task 1, Epoch 141/150 => Loss 0.086, Loss_clf 0.007, Loss_fe 0.000, Loss_pod 0.070, Loss_flat 0.010, Train_accy 100.00, Test_accy 66.33
2025-04-07 21:17:00,281 [pod_foster.py] => Task 1, Epoch 146/150 => Loss 0.090, Loss_clf 0.006, Loss_fe 0.000, Loss_pod 0.074, Loss_flat 0.009, Train_accy 100.00, Test_accy 67.33
2025-04-07 21:17:08,226 [pod_foster.py] => Task 1, time 1.84s, Epoch 150/150 => Loss 0.087, Loss_clf 0.006, Loss_fe 0.000, Loss_pod 0.071, Loss_flat 0.010, Train_accy 100.00
2025-04-07 21:17:08,226 [pod_foster.py] => 100 epoches training time:232.40s
2025-04-07 21:17:08,226 [pod_foster.py] => Average training time of single epoch:2.07s
2025-04-07 21:17:08,227 [inc_net.py] => align weights, gamma = 0.46779006719589233 
2025-04-07 21:17:08,228 [pod_foster.py] => per cls weights : [1.01377356 1.01377356 1.01377356 1.01377356 1.01377356 0.96556609
 0.96556609]
2025-04-07 21:17:11,097 [pod_foster.py] => SNet: Task 1, Epoch 1/120 => Loss 1.359,  Train_accy 70.04, Test_accy 63.10
2025-04-07 21:17:20,713 [pod_foster.py] => SNet: Task 1, Epoch 6/120 => Loss 1.093,  Train_accy 96.13, Test_accy 75.83
2025-04-07 21:17:30,795 [pod_foster.py] => SNet: Task 1, Epoch 11/120 => Loss 1.083,  Train_accy 96.80, Test_accy 75.19
2025-04-07 21:17:40,689 [pod_foster.py] => SNet: Task 1, Epoch 16/120 => Loss 1.078,  Train_accy 96.98, Test_accy 78.76
2025-04-07 21:17:51,167 [pod_foster.py] => SNet: Task 1, Epoch 21/120 => Loss 1.078,  Train_accy 97.13, Test_accy 78.90
2025-04-07 21:18:01,330 [pod_foster.py] => SNet: Task 1, Epoch 26/120 => Loss 1.074,  Train_accy 97.22, Test_accy 78.17
2025-04-07 21:18:11,051 [pod_foster.py] => SNet: Task 1, Epoch 31/120 => Loss 1.076,  Train_accy 97.20, Test_accy 79.19
2025-04-07 21:18:20,759 [pod_foster.py] => SNet: Task 1, Epoch 36/120 => Loss 1.076,  Train_accy 97.60, Test_accy 78.55
2025-04-07 21:18:30,362 [pod_foster.py] => SNet: Task 1, Epoch 41/120 => Loss 1.070,  Train_accy 97.47, Test_accy 78.48
2025-04-07 21:18:40,092 [pod_foster.py] => SNet: Task 1, Epoch 46/120 => Loss 1.073,  Train_accy 97.51, Test_accy 78.00
2025-04-07 21:18:49,819 [pod_foster.py] => SNet: Task 1, Epoch 51/120 => Loss 1.071,  Train_accy 97.58, Test_accy 79.02
2025-04-07 21:18:59,388 [pod_foster.py] => SNet: Task 1, Epoch 56/120 => Loss 1.070,  Train_accy 97.62, Test_accy 79.14
2025-04-07 21:19:09,183 [pod_foster.py] => SNet: Task 1, Epoch 61/120 => Loss 1.071,  Train_accy 97.20, Test_accy 78.52
2025-04-07 21:19:19,193 [pod_foster.py] => SNet: Task 1, Epoch 66/120 => Loss 1.072,  Train_accy 97.67, Test_accy 77.79
2025-04-07 21:19:29,104 [pod_foster.py] => SNet: Task 1, Epoch 71/120 => Loss 1.072,  Train_accy 97.58, Test_accy 79.38
2025-04-07 21:19:38,949 [pod_foster.py] => SNet: Task 1, Epoch 76/120 => Loss 1.071,  Train_accy 97.56, Test_accy 78.74
2025-04-07 21:19:48,891 [pod_foster.py] => SNet: Task 1, Epoch 81/120 => Loss 1.068,  Train_accy 97.51, Test_accy 78.48
2025-04-07 21:19:58,807 [pod_foster.py] => SNet: Task 1, Epoch 86/120 => Loss 1.070,  Train_accy 97.73, Test_accy 78.21
2025-04-07 21:20:08,870 [pod_foster.py] => SNet: Task 1, Epoch 91/120 => Loss 1.071,  Train_accy 97.76, Test_accy 79.14
2025-04-07 21:20:18,492 [pod_foster.py] => SNet: Task 1, Epoch 96/120 => Loss 1.069,  Train_accy 97.84, Test_accy 78.29
2025-04-07 21:20:27,996 [pod_foster.py] => SNet: Task 1, Epoch 101/120 => Loss 1.069,  Train_accy 97.62, Test_accy 78.74
2025-04-07 21:20:37,738 [pod_foster.py] => SNet: Task 1, Epoch 106/120 => Loss 1.070,  Train_accy 97.84, Test_accy 78.60
2025-04-07 21:20:47,437 [pod_foster.py] => SNet: Task 1, Epoch 111/120 => Loss 1.070,  Train_accy 97.89, Test_accy 79.33
2025-04-07 21:20:56,994 [pod_foster.py] => SNet: Task 1, Epoch 116/120 => Loss 1.069,  Train_accy 97.78, Test_accy 78.64
2025-04-07 21:21:04,549 [pod_foster.py] => SNet: Task 1, Epoch 120/120 => Loss 1.069,  Train_accy 97.64
2025-04-07 21:21:04,550 [pod_foster.py] => do not weight align student!
2025-04-07 21:21:05,413 [pod_foster.py] => darknet eval: 
2025-04-07 21:21:05,413 [pod_foster.py] => CNN top1 curve: 78.57
2025-04-07 21:21:05,413 [pod_foster.py] => CNN top5 curve: 98.69
2025-04-07 21:21:05,414 [pod_foster.py] => CNN: {'total': 78.57, '00-04': 74.63, '05-06': 88.42, 'old': 74.63, 'new': 88.42}
2025-04-07 21:21:05,414 [pod_foster.py] => All params after compression: 3851086
2025-04-07 21:21:05,415 [base.py] => Reducing exemplars...(71 per classes)
2025-04-07 21:21:07,444 [base.py] => Constructing exemplars...(71 per classes)
2025-04-07 21:21:11,199 [trainer.py] => task:1 training time:589.67s
2025-04-07 21:21:11,200 [trainer.py] => All params: 7701139
2025-04-07 21:21:13,421 [pod_foster.py] => Exemplar size: 497
2025-04-07 21:21:13,422 [trainer.py] => CNN: {'total': 79.74, '00-04': 78.0, '05-06': 84.08, 'old': 78.0, 'new': 84.08}
2025-04-07 21:21:13,422 [trainer.py] => NME: {'total': 74.0, '00-04': 75.1, '05-06': 71.25, 'old': 75.1, 'new': 71.25}
2025-04-07 21:21:13,422 [trainer.py] => CNN top1 curve: [89.93, 79.74]
2025-04-07 21:21:13,422 [trainer.py] => CNN top5 curve: [100.0, 98.9]
2025-04-07 21:21:13,422 [trainer.py] => NME top1 curve: [90.0, 74.0]
2025-04-07 21:21:13,422 [trainer.py] => NME top5 curve: [100.0, 99.07]

2025-04-07 21:21:13,422 [trainer.py] => Average Accuracy (CNN): 84.83500000000001
2025-04-07 21:21:13,422 [trainer.py] => Average Accuracy (NME): 82.0
2025-04-07 21:21:13,423 [trainer.py] => All params: 7701139
2025-04-07 21:21:13,423 [trainer.py] => Trainable params: 3854670
2025-04-07 21:21:13,469 [pod_foster.py] => Learning on 7-9
2025-04-07 21:21:13,470 [pod_foster.py] => All params: 7705241
2025-04-07 21:21:13,471 [pod_foster.py] => Trainable params: 3857746
2025-04-07 21:21:13,494 [pod_foster.py] => Adaptive factor: 2.1213203435596424
2025-04-07 21:21:13,506 [pod_foster.py] => per cls weights : [1.01239929 1.01239929 1.01239929 1.01239929 1.01239929 1.01239929
 1.01239929 0.95660248 0.95660248]
2025-04-07 21:21:17,215 [pod_foster.py] => Task 2, Epoch 1/150 => Loss 1.112, Loss_clf 0.596, Loss_fe 0.000, Loss_pod 0.383, Loss_flat 0.133, Train_accy 85.21, Test_accy 66.69
2025-04-07 21:21:28,444 [pod_foster.py] => Task 2, Epoch 6/150 => Loss 0.231, Loss_clf 0.017, Loss_fe 0.000, Loss_pod 0.187, Loss_flat 0.027, Train_accy 99.96, Test_accy 62.91
2025-04-07 21:21:39,632 [pod_foster.py] => Task 2, Epoch 11/150 => Loss 0.207, Loss_clf 0.013, Loss_fe 0.000, Loss_pod 0.172, Loss_flat 0.022, Train_accy 100.00, Test_accy 60.98
2025-04-07 21:21:51,193 [pod_foster.py] => Task 2, Epoch 16/150 => Loss 0.205, Loss_clf 0.011, Loss_fe 0.000, Loss_pod 0.172, Loss_flat 0.022, Train_accy 99.98, Test_accy 61.22
2025-04-07 21:22:03,045 [pod_foster.py] => Task 2, Epoch 21/150 => Loss 0.188, Loss_clf 0.009, Loss_fe 0.000, Loss_pod 0.161, Loss_flat 0.018, Train_accy 99.98, Test_accy 66.44
2025-04-07 21:22:14,464 [pod_foster.py] => Task 2, Epoch 26/150 => Loss 0.192, Loss_clf 0.010, Loss_fe 0.000, Loss_pod 0.162, Loss_flat 0.020, Train_accy 100.00, Test_accy 60.28
2025-04-07 21:22:25,926 [pod_foster.py] => Task 2, Epoch 31/150 => Loss 0.187, Loss_clf 0.008, Loss_fe 0.000, Loss_pod 0.161, Loss_flat 0.019, Train_accy 100.00, Test_accy 66.33
2025-04-07 21:22:36,892 [pod_foster.py] => Task 2, Epoch 36/150 => Loss 0.183, Loss_clf 0.008, Loss_fe 0.000, Loss_pod 0.157, Loss_flat 0.018, Train_accy 100.00, Test_accy 66.17
2025-04-07 21:22:47,976 [pod_foster.py] => Task 2, Epoch 41/150 => Loss 0.171, Loss_clf 0.008, Loss_fe 0.000, Loss_pod 0.144, Loss_flat 0.019, Train_accy 100.00, Test_accy 65.28
2025-04-07 21:22:59,762 [pod_foster.py] => Task 2, Epoch 46/150 => Loss 0.175, Loss_clf 0.007, Loss_fe 0.000, Loss_pod 0.151, Loss_flat 0.017, Train_accy 100.00, Test_accy 67.00
2025-04-07 21:23:10,967 [pod_foster.py] => Task 2, Epoch 51/150 => Loss 0.165, Loss_clf 0.008, Loss_fe 0.000, Loss_pod 0.142, Loss_flat 0.015, Train_accy 100.00, Test_accy 65.02
2025-04-07 21:23:21,777 [pod_foster.py] => Task 2, Epoch 56/150 => Loss 0.161, Loss_clf 0.008, Loss_fe 0.000, Loss_pod 0.138, Loss_flat 0.015, Train_accy 100.00, Test_accy 62.93
2025-04-07 21:23:33,222 [pod_foster.py] => Task 2, Epoch 61/150 => Loss 0.157, Loss_clf 0.008, Loss_fe 0.000, Loss_pod 0.134, Loss_flat 0.015, Train_accy 100.00, Test_accy 65.63
2025-04-07 21:23:44,937 [pod_foster.py] => Task 2, Epoch 66/150 => Loss 0.169, Loss_clf 0.009, Loss_fe 0.000, Loss_pod 0.143, Loss_flat 0.017, Train_accy 100.00, Test_accy 68.07
2025-04-07 21:23:56,189 [pod_foster.py] => Task 2, Epoch 71/150 => Loss 0.192, Loss_clf 0.013, Loss_fe 0.000, Loss_pod 0.157, Loss_flat 0.022, Train_accy 99.87, Test_accy 66.72
2025-04-07 21:24:07,496 [pod_foster.py] => Task 2, Epoch 76/150 => Loss 0.154, Loss_clf 0.008, Loss_fe 0.000, Loss_pod 0.131, Loss_flat 0.015, Train_accy 100.00, Test_accy 65.89
2025-04-07 21:24:19,154 [pod_foster.py] => Task 2, Epoch 81/150 => Loss 0.171, Loss_clf 0.014, Loss_fe 0.000, Loss_pod 0.139, Loss_flat 0.019, Train_accy 99.93, Test_accy 65.46
2025-04-07 21:24:30,440 [pod_foster.py] => Task 2, Epoch 86/150 => Loss 0.147, Loss_clf 0.008, Loss_fe 0.000, Loss_pod 0.126, Loss_flat 0.013, Train_accy 100.00, Test_accy 63.61
2025-04-07 21:24:42,164 [pod_foster.py] => Task 2, Epoch 91/150 => Loss 0.136, Loss_clf 0.007, Loss_fe 0.000, Loss_pod 0.117, Loss_flat 0.012, Train_accy 100.00, Test_accy 64.44
2025-04-07 21:24:53,200 [pod_foster.py] => Task 2, Epoch 96/150 => Loss 0.130, Loss_clf 0.007, Loss_fe 0.000, Loss_pod 0.111, Loss_flat 0.011, Train_accy 100.00, Test_accy 62.96
2025-04-07 21:25:04,649 [pod_foster.py] => Task 2, Epoch 101/150 => Loss 0.138, Loss_clf 0.007, Loss_fe 0.000, Loss_pod 0.118, Loss_flat 0.012, Train_accy 100.00, Test_accy 64.37
2025-04-07 21:25:15,988 [pod_foster.py] => Task 2, Epoch 106/150 => Loss 0.133, Loss_clf 0.008, Loss_fe 0.000, Loss_pod 0.111, Loss_flat 0.013, Train_accy 100.00, Test_accy 63.65
2025-04-07 21:25:27,721 [pod_foster.py] => Task 2, Epoch 111/150 => Loss 0.125, Loss_clf 0.007, Loss_fe 0.000, Loss_pod 0.106, Loss_flat 0.011, Train_accy 100.00, Test_accy 64.11
2025-04-07 21:25:38,780 [pod_foster.py] => Task 2, Epoch 116/150 => Loss 0.124, Loss_clf 0.008, Loss_fe 0.000, Loss_pod 0.105, Loss_flat 0.011, Train_accy 100.00, Test_accy 62.11
2025-04-07 21:25:50,073 [pod_foster.py] => Task 2, Epoch 121/150 => Loss 0.114, Loss_clf 0.007, Loss_fe 0.000, Loss_pod 0.096, Loss_flat 0.010, Train_accy 100.00, Test_accy 65.31
2025-04-07 21:26:01,191 [pod_foster.py] => Task 2, Epoch 126/150 => Loss 0.115, Loss_clf 0.007, Loss_fe 0.000, Loss_pod 0.098, Loss_flat 0.010, Train_accy 100.00, Test_accy 65.09
2025-04-07 21:26:12,194 [pod_foster.py] => Task 2, Epoch 131/150 => Loss 0.107, Loss_clf 0.007, Loss_fe 0.000, Loss_pod 0.090, Loss_flat 0.010, Train_accy 100.00, Test_accy 64.70
2025-04-07 21:26:23,586 [pod_foster.py] => Task 2, Epoch 136/150 => Loss 0.104, Loss_clf 0.007, Loss_fe 0.000, Loss_pod 0.088, Loss_flat 0.010, Train_accy 100.00, Test_accy 65.83
2025-04-07 21:26:35,168 [pod_foster.py] => Task 2, Epoch 141/150 => Loss 0.100, Loss_clf 0.007, Loss_fe 0.000, Loss_pod 0.084, Loss_flat 0.009, Train_accy 100.00, Test_accy 65.11
2025-04-07 21:26:46,535 [pod_foster.py] => Task 2, Epoch 146/150 => Loss 0.104, Loss_clf 0.007, Loss_fe 0.000, Loss_pod 0.087, Loss_flat 0.010, Train_accy 100.00, Test_accy 62.94
2025-04-07 21:26:54,491 [pod_foster.py] => Task 2, time 2.12s, Epoch 150/150 => Loss 0.097, Loss_clf 0.006, Loss_fe 0.000, Loss_pod 0.081, Loss_flat 0.009, Train_accy 100.00
2025-04-07 21:26:54,491 [pod_foster.py] => 100 epoches training time:227.76s
2025-04-07 21:26:54,492 [pod_foster.py] => Average training time of single epoch:2.01s
2025-04-07 21:26:54,492 [inc_net.py] => align weights, gamma = 0.4926462769508362 
2025-04-07 21:26:54,493 [pod_foster.py] => per cls weights : [1.02623168 1.02623168 1.02623168 1.02623168 1.02623168 1.02623168
 1.02623168 0.90818914 0.90818914]
2025-04-07 21:26:57,582 [pod_foster.py] => SNet: Task 2, Epoch 1/120 => Loss 1.630,  Train_accy 76.07, Test_accy 52.72
2025-04-07 21:27:07,607 [pod_foster.py] => SNet: Task 2, Epoch 6/120 => Loss 1.391,  Train_accy 97.09, Test_accy 72.20
2025-04-07 21:27:17,567 [pod_foster.py] => SNet: Task 2, Epoch 11/120 => Loss 1.384,  Train_accy 97.67, Test_accy 74.54
2025-04-07 21:27:27,736 [pod_foster.py] => SNet: Task 2, Epoch 16/120 => Loss 1.382,  Train_accy 97.69, Test_accy 74.52
2025-04-07 21:27:37,626 [pod_foster.py] => SNet: Task 2, Epoch 21/120 => Loss 1.381,  Train_accy 97.93, Test_accy 75.15
2025-04-07 21:27:47,845 [pod_foster.py] => SNet: Task 2, Epoch 26/120 => Loss 1.382,  Train_accy 98.09, Test_accy 75.91
2025-04-07 21:27:57,780 [pod_foster.py] => SNet: Task 2, Epoch 31/120 => Loss 1.377,  Train_accy 98.00, Test_accy 76.22
2025-04-07 21:28:07,889 [pod_foster.py] => SNet: Task 2, Epoch 36/120 => Loss 1.378,  Train_accy 98.18, Test_accy 77.57
2025-04-07 21:28:17,664 [pod_foster.py] => SNet: Task 2, Epoch 41/120 => Loss 1.376,  Train_accy 98.09, Test_accy 76.11
2025-04-07 21:28:27,683 [pod_foster.py] => SNet: Task 2, Epoch 46/120 => Loss 1.377,  Train_accy 98.44, Test_accy 75.91
2025-04-07 21:28:37,509 [pod_foster.py] => SNet: Task 2, Epoch 51/120 => Loss 1.377,  Train_accy 98.07, Test_accy 75.78
2025-04-07 21:28:47,381 [pod_foster.py] => SNet: Task 2, Epoch 56/120 => Loss 1.377,  Train_accy 98.02, Test_accy 75.94
2025-04-07 21:28:57,435 [pod_foster.py] => SNet: Task 2, Epoch 61/120 => Loss 1.377,  Train_accy 98.02, Test_accy 75.65
2025-04-07 21:29:07,394 [pod_foster.py] => SNet: Task 2, Epoch 66/120 => Loss 1.377,  Train_accy 98.55, Test_accy 75.85
2025-04-07 21:29:17,509 [pod_foster.py] => SNet: Task 2, Epoch 71/120 => Loss 1.379,  Train_accy 98.58, Test_accy 75.67
2025-04-07 21:29:27,812 [pod_foster.py] => SNet: Task 2, Epoch 76/120 => Loss 1.377,  Train_accy 98.40, Test_accy 75.94
2025-04-07 21:29:37,693 [pod_foster.py] => SNet: Task 2, Epoch 81/120 => Loss 1.377,  Train_accy 98.33, Test_accy 75.52
2025-04-07 21:29:47,625 [pod_foster.py] => SNet: Task 2, Epoch 86/120 => Loss 1.373,  Train_accy 98.42, Test_accy 75.57
2025-04-07 21:29:57,739 [pod_foster.py] => SNet: Task 2, Epoch 91/120 => Loss 1.375,  Train_accy 98.24, Test_accy 75.93
2025-04-07 21:30:07,709 [pod_foster.py] => SNet: Task 2, Epoch 96/120 => Loss 1.375,  Train_accy 98.35, Test_accy 75.48
2025-04-07 21:30:17,815 [pod_foster.py] => SNet: Task 2, Epoch 101/120 => Loss 1.374,  Train_accy 98.44, Test_accy 75.74
2025-04-07 21:30:28,012 [pod_foster.py] => SNet: Task 2, Epoch 106/120 => Loss 1.376,  Train_accy 98.18, Test_accy 75.63
2025-04-07 21:30:37,961 [pod_foster.py] => SNet: Task 2, Epoch 111/120 => Loss 1.375,  Train_accy 98.44, Test_accy 75.87
2025-04-07 21:30:47,611 [pod_foster.py] => SNet: Task 2, Epoch 116/120 => Loss 1.376,  Train_accy 98.15, Test_accy 75.37
2025-04-07 21:30:55,737 [pod_foster.py] => SNet: Task 2, Epoch 120/120 => Loss 1.375,  Train_accy 98.29
2025-04-07 21:30:55,737 [pod_foster.py] => do not weight align student!
2025-04-07 21:30:56,858 [pod_foster.py] => darknet eval: 
2025-04-07 21:30:56,858 [pod_foster.py] => CNN top1 curve: 76.24
2025-04-07 21:30:56,859 [pod_foster.py] => CNN top5 curve: 97.41
2025-04-07 21:30:56,859 [pod_foster.py] => CNN: {'total': 76.24, '00-04': 65.87, '05-06': 86.0, '07-08': 92.42, 'old': 71.62, 'new': 92.42}
2025-04-07 21:30:56,860 [pod_foster.py] => All params after compression: 3853138
2025-04-07 21:30:56,860 [base.py] => Reducing exemplars...(55 per classes)
2025-04-07 21:30:59,579 [base.py] => Constructing exemplars...(55 per classes)
2025-04-07 21:31:02,799 [trainer.py] => task:2 training time:589.38s
2025-04-07 21:31:02,800 [trainer.py] => All params: 7705241
2025-04-07 21:31:05,270 [pod_foster.py] => Exemplar size: 495
2025-04-07 21:31:05,271 [trainer.py] => CNN: {'total': 73.61, '00-04': 60.4, '05-06': 91.67, '07-08': 88.58, 'old': 69.33, 'new': 88.58}
2025-04-07 21:31:05,271 [trainer.py] => NME: {'total': 72.41, '00-04': 60.97, '05-06': 82.75, '07-08': 90.67, 'old': 67.19, 'new': 90.67}
2025-04-07 21:31:05,271 [trainer.py] => CNN top1 curve: [89.93, 79.74, 73.61]
2025-04-07 21:31:05,271 [trainer.py] => CNN top5 curve: [100.0, 98.9, 96.85]
2025-04-07 21:31:05,271 [trainer.py] => NME top1 curve: [90.0, 74.0, 72.41]
2025-04-07 21:31:05,271 [trainer.py] => NME top5 curve: [100.0, 99.07, 96.69]

2025-04-07 21:31:05,271 [trainer.py] => Average Accuracy (CNN): 81.09333333333335
2025-04-07 21:31:05,272 [trainer.py] => Average Accuracy (NME): 78.80333333333333
2025-04-07 21:31:05,272 [trainer.py] => Time consumed in all training process:1201.18s
2025-04-07 21:31:05,272 [trainer.py] => Average Time consumed in single task:398.17s
2025-04-07 21:31:05,273 [trainer.py] => Forgetting (CNN): 14.765000000000004
