2024-10-28 08:48:44,374 [trainer.py] => config: ./exps/ewc.json
2024-10-28 08:48:44,374 [trainer.py] => prefix: cil
2024-10-28 08:48:44,375 [trainer.py] => dataset: hrrp9
2024-10-28 08:48:44,375 [trainer.py] => pretrain: True
2024-10-28 08:48:44,375 [trainer.py] => memory_size: 500
2024-10-28 08:48:44,375 [trainer.py] => memory_per_class: 20
2024-10-28 08:48:44,375 [trainer.py] => fixed_memory: False
2024-10-28 08:48:44,375 [trainer.py] => shuffle: True
2024-10-28 08:48:44,375 [trainer.py] => init_cls: 5
2024-10-28 08:48:44,375 [trainer.py] => increment: 2
2024-10-28 08:48:44,375 [trainer.py] => model_name: ewc
2024-10-28 08:48:44,375 [trainer.py] => convnet_type: resnet18
2024-10-28 08:48:44,375 [trainer.py] => device: [device(type='cuda', index=3)]
2024-10-28 08:48:44,375 [trainer.py] => init_train: False
2024-10-28 08:48:44,375 [trainer.py] => convnet_path1: checkpoints/init_train/resnet18_42503.pth
2024-10-28 08:48:44,375 [trainer.py] => fc_path1: checkpoints/init_train/fc_42503.pth
2024-10-28 08:48:44,375 [trainer.py] => convnet_path: checkpoints/init_train/resnet18_35172.pth
2024-10-28 08:48:44,375 [trainer.py] => fc_path: checkpoints/init_train/fc_35172.pth
2024-10-28 08:48:44,375 [trainer.py] => seed: 2001
2024-10-28 08:48:44,375 [trainer.py] => epochs: 150
2024-10-28 08:48:44,375 [trainer.py] => lrate: 0.1
2024-10-28 08:48:44,376 [trainer.py] => milestones: [50, 80, 120]
2024-10-28 08:48:44,376 [trainer.py] => lrate_decay: 0.1
2024-10-28 08:48:44,376 [trainer.py] => batch_size: 128
2024-10-28 08:48:44,376 [trainer.py] => momentum: 0
2024-10-28 08:48:44,376 [trainer.py] => weight_decay: 0.0002
2024-10-28 08:48:44,376 [trainer.py] => num_workers: 4
2024-10-28 08:48:44,376 [trainer.py] => T: 2
2024-10-28 08:48:44,376 [trainer.py] => lamda: 2
2024-10-28 08:48:44,376 [trainer.py] => fishermax: 0.001
2024-10-28 08:48:45,052 [data_manager.py] => [3, 5, 1, 7, 2, 8, 6, 4, 0]
2024-10-28 08:48:46,221 [trainer.py] => All params: 3843904
2024-10-28 08:48:46,221 [trainer.py] => Trainable params: 3843904
2024-10-28 08:48:46,225 [ewc.py] => Learning on 0-5
2024-10-28 08:48:46,294 [ewc.py] => init_train?---False
2024-10-28 08:48:48,899 [trainer.py] => All params: 3846469
2024-10-28 08:48:49,342 [trainer.py] => No NME accuracy.
2024-10-28 08:48:49,343 [trainer.py] => CNN: {'total': 88.83, '00-04': 88.83, 'old': 0, 'new': 88.83}
2024-10-28 08:48:49,343 [trainer.py] => CNN top1 curve: [88.83]
2024-10-28 08:48:49,343 [trainer.py] => CNN top5 curve: [100.0]

2024-10-28 08:48:49,343 [trainer.py] => Average Accuracy (CNN): 88.83
2024-10-28 08:48:49,343 [trainer.py] => All params: 3846469
2024-10-28 08:48:49,344 [trainer.py] => Trainable params: 3846469
2024-10-28 08:48:49,345 [ewc.py] => Learning on 5-7
2024-10-28 08:48:56,796 [ewc.py] => Task 1, Epoch 5/150 => Loss 0.008, Train_accy 34.83, Test_accy 63.43
2024-10-28 08:49:04,176 [ewc.py] => Task 1, Epoch 10/150 => Loss 0.003, Train_accy 60.55, Test_accy 64.69
2024-10-28 08:49:11,612 [ewc.py] => Task 1, Epoch 15/150 => Loss 0.002, Train_accy 71.80, Test_accy 68.36
2024-10-28 08:49:19,042 [ewc.py] => Task 1, Epoch 20/150 => Loss 0.001, Train_accy 79.05, Test_accy 69.21
2024-10-28 08:49:26,539 [ewc.py] => Task 1, Epoch 25/150 => Loss 0.001, Train_accy 82.40, Test_accy 69.24
2024-10-28 08:49:33,934 [ewc.py] => Task 1, Epoch 30/150 => Loss 0.001, Train_accy 85.25, Test_accy 68.86
2024-10-28 08:49:41,436 [ewc.py] => Task 1, Epoch 35/150 => Loss 0.001, Train_accy 87.15, Test_accy 69.21
2024-10-28 08:49:48,898 [ewc.py] => Task 1, Epoch 40/150 => Loss 0.001, Train_accy 88.52, Test_accy 68.50
2024-10-28 08:49:56,350 [ewc.py] => Task 1, Epoch 45/150 => Loss 0.000, Train_accy 89.90, Test_accy 68.36
2024-10-28 08:50:04,087 [ewc.py] => Task 1, Epoch 50/150 => Loss 0.000, Train_accy 91.28, Test_accy 68.48
2024-10-28 08:50:11,729 [ewc.py] => Task 1, Epoch 55/150 => Loss 0.000, Train_accy 91.08, Test_accy 68.24
2024-10-28 08:50:19,222 [ewc.py] => Task 1, Epoch 60/150 => Loss 0.000, Train_accy 91.32, Test_accy 68.64
2024-10-28 08:50:26,516 [ewc.py] => Task 1, Epoch 65/150 => Loss 0.000, Train_accy 91.78, Test_accy 68.50
2024-10-28 08:50:33,964 [ewc.py] => Task 1, Epoch 70/150 => Loss 0.000, Train_accy 91.48, Test_accy 68.02
2024-10-28 08:50:41,466 [ewc.py] => Task 1, Epoch 75/150 => Loss 0.000, Train_accy 91.98, Test_accy 67.83
2024-10-28 08:50:49,054 [ewc.py] => Task 1, Epoch 80/150 => Loss 0.000, Train_accy 92.32, Test_accy 68.07
2024-10-28 08:50:56,483 [ewc.py] => Task 1, Epoch 85/150 => Loss 0.000, Train_accy 91.92, Test_accy 67.81
2024-10-28 08:51:03,950 [ewc.py] => Task 1, Epoch 90/150 => Loss 0.000, Train_accy 91.82, Test_accy 68.24
2024-10-28 08:51:11,152 [ewc.py] => Task 1, Epoch 95/150 => Loss 0.000, Train_accy 91.75, Test_accy 67.74
2024-10-28 08:51:18,605 [ewc.py] => Task 1, Epoch 100/150 => Loss 0.000, Train_accy 91.88, Test_accy 67.79
2024-10-28 08:51:25,920 [ewc.py] => Task 1, Epoch 105/150 => Loss 0.000, Train_accy 91.78, Test_accy 67.69
2024-10-28 08:51:33,466 [ewc.py] => Task 1, Epoch 110/150 => Loss 0.000, Train_accy 92.00, Test_accy 68.48
2024-10-28 08:51:40,905 [ewc.py] => Task 1, Epoch 115/150 => Loss 0.000, Train_accy 92.30, Test_accy 68.38
2024-10-28 08:51:48,359 [ewc.py] => Task 1, Epoch 120/150 => Loss 0.000, Train_accy 91.85, Test_accy 68.26
2024-10-28 08:51:55,515 [ewc.py] => Task 1, Epoch 125/150 => Loss 0.000, Train_accy 91.98, Test_accy 68.64
2024-10-28 08:52:02,718 [ewc.py] => Task 1, Epoch 130/150 => Loss 0.000, Train_accy 92.00, Test_accy 67.48
2024-10-28 08:52:09,809 [ewc.py] => Task 1, Epoch 135/150 => Loss 0.000, Train_accy 91.98, Test_accy 68.31
2024-10-28 08:52:16,949 [ewc.py] => Task 1, Epoch 140/150 => Loss 0.000, Train_accy 92.08, Test_accy 67.83
2024-10-28 08:52:24,074 [ewc.py] => Task 1, Epoch 145/150 => Loss 0.000, Train_accy 92.35, Test_accy 67.43
2024-10-28 08:52:31,272 [ewc.py] => Task 1, Epoch 150/150 => Loss 0.000, Train_accy 92.00, Test_accy 68.33
2024-10-28 08:52:31,274 [ewc.py] => Task 1, Epoch 150/150 => Loss 0.000, Train_accy 92.00, Test_accy 68.33
2024-10-28 08:52:32,189 [trainer.py] => All params: 3847495
2024-10-28 08:52:32,619 [trainer.py] => No NME accuracy.
2024-10-28 08:52:32,620 [trainer.py] => CNN: {'total': 68.4, '00-04': 65.63, '05-06': 75.33, 'old': 65.63, 'new': 75.33}
2024-10-28 08:52:32,620 [trainer.py] => CNN top1 curve: [88.83, 68.4]
2024-10-28 08:52:32,620 [trainer.py] => CNN top5 curve: [100.0, 97.67]

2024-10-28 08:52:32,620 [trainer.py] => Average Accuracy (CNN): 78.61500000000001
2024-10-28 08:52:32,620 [trainer.py] => All params: 3847495
2024-10-28 08:52:32,621 [trainer.py] => Trainable params: 3847495
2024-10-28 08:52:32,622 [ewc.py] => Learning on 7-9
2024-10-28 08:52:39,922 [ewc.py] => Task 2, Epoch 5/150 => Loss 0.010, Train_accy 27.88, Test_accy 43.61
2024-10-28 08:52:47,184 [ewc.py] => Task 2, Epoch 10/150 => Loss 0.002, Train_accy 51.08, Test_accy 37.24
2024-10-28 08:52:54,454 [ewc.py] => Task 2, Epoch 15/150 => Loss 0.001, Train_accy 68.42, Test_accy 38.63
2024-10-28 08:53:01,847 [ewc.py] => Task 2, Epoch 20/150 => Loss 0.001, Train_accy 81.90, Test_accy 38.54
2024-10-28 08:53:09,500 [ewc.py] => Task 2, Epoch 25/150 => Loss 0.001, Train_accy 88.85, Test_accy 40.41
2024-10-28 08:53:16,744 [ewc.py] => Task 2, Epoch 30/150 => Loss 0.001, Train_accy 91.95, Test_accy 37.22
2024-10-28 08:53:24,094 [ewc.py] => Task 2, Epoch 35/150 => Loss 0.001, Train_accy 94.12, Test_accy 36.65
2024-10-28 08:53:31,289 [ewc.py] => Task 2, Epoch 40/150 => Loss 0.033, Train_accy 82.80, Test_accy 33.30
2024-10-28 08:53:38,386 [ewc.py] => Task 2, Epoch 45/150 => Loss 0.001, Train_accy 93.10, Test_accy 37.65
2024-10-28 08:53:45,732 [ewc.py] => Task 2, Epoch 50/150 => Loss 0.001, Train_accy 95.80, Test_accy 36.31
2024-10-28 08:53:53,328 [ewc.py] => Task 2, Epoch 55/150 => Loss 0.001, Train_accy 96.05, Test_accy 35.48
2024-10-28 08:54:00,879 [ewc.py] => Task 2, Epoch 60/150 => Loss 0.001, Train_accy 96.20, Test_accy 36.31
2024-10-28 08:54:08,116 [ewc.py] => Task 2, Epoch 65/150 => Loss 0.001, Train_accy 96.52, Test_accy 36.44
2024-10-28 08:54:15,331 [ewc.py] => Task 2, Epoch 70/150 => Loss 0.001, Train_accy 96.50, Test_accy 36.13
2024-10-28 08:54:22,603 [ewc.py] => Task 2, Epoch 75/150 => Loss 0.001, Train_accy 96.40, Test_accy 36.35
2024-10-28 08:54:29,827 [ewc.py] => Task 2, Epoch 80/150 => Loss 0.001, Train_accy 96.58, Test_accy 35.96
2024-10-28 08:54:37,164 [ewc.py] => Task 2, Epoch 85/150 => Loss 0.001, Train_accy 96.52, Test_accy 35.65
2024-10-28 08:54:44,491 [ewc.py] => Task 2, Epoch 90/150 => Loss 0.001, Train_accy 96.52, Test_accy 35.89
2024-10-28 08:54:51,912 [ewc.py] => Task 2, Epoch 95/150 => Loss 0.001, Train_accy 96.45, Test_accy 36.41
2024-10-28 08:54:59,184 [ewc.py] => Task 2, Epoch 100/150 => Loss 0.001, Train_accy 96.38, Test_accy 35.56
2024-10-28 08:55:06,445 [ewc.py] => Task 2, Epoch 105/150 => Loss 0.001, Train_accy 96.52, Test_accy 36.24
2024-10-28 08:55:13,686 [ewc.py] => Task 2, Epoch 110/150 => Loss 0.001, Train_accy 96.68, Test_accy 35.98
2024-10-28 08:55:21,095 [ewc.py] => Task 2, Epoch 115/150 => Loss 0.001, Train_accy 96.55, Test_accy 35.24
2024-10-28 08:55:28,515 [ewc.py] => Task 2, Epoch 120/150 => Loss 0.001, Train_accy 96.52, Test_accy 36.17
2024-10-28 08:55:36,175 [ewc.py] => Task 2, Epoch 125/150 => Loss 0.001, Train_accy 96.68, Test_accy 35.78
2024-10-28 08:55:43,570 [ewc.py] => Task 2, Epoch 130/150 => Loss 0.001, Train_accy 96.80, Test_accy 35.65
2024-10-28 08:55:51,054 [ewc.py] => Task 2, Epoch 135/150 => Loss 0.001, Train_accy 96.42, Test_accy 35.98
2024-10-28 08:55:58,391 [ewc.py] => Task 2, Epoch 140/150 => Loss 0.001, Train_accy 96.65, Test_accy 35.76
2024-10-28 08:56:05,505 [ewc.py] => Task 2, Epoch 145/150 => Loss 0.001, Train_accy 96.78, Test_accy 35.80
2024-10-28 08:56:12,656 [ewc.py] => Task 2, Epoch 150/150 => Loss 0.001, Train_accy 96.55, Test_accy 36.13
2024-10-28 08:56:12,657 [ewc.py] => Task 2, Epoch 150/150 => Loss 0.001, Train_accy 96.55, Test_accy 36.13
2024-10-28 08:56:13,516 [trainer.py] => All params: 3848521
2024-10-28 08:56:14,063 [trainer.py] => No NME accuracy.
2024-10-28 08:56:14,064 [trainer.py] => CNN: {'total': 36.17, '00-04': 33.93, '05-06': 5.83, '07-08': 72.08, 'old': 25.9, 'new': 72.08}
2024-10-28 08:56:14,064 [trainer.py] => CNN top1 curve: [88.83, 68.4, 36.17]
2024-10-28 08:56:14,064 [trainer.py] => CNN top5 curve: [100.0, 97.67, 83.02]

2024-10-28 08:56:14,065 [trainer.py] => Average Accuracy (CNN): 64.46666666666668
2024-10-28 08:56:14,066 [trainer.py] => Forgetting (CNN): 62.2
