2024-10-15 15:07:08,364 [trainer.py] => config: ./exps/ewc.json
2024-10-15 15:07:08,364 [trainer.py] => prefix: cil
2024-10-15 15:07:08,364 [trainer.py] => dataset: hrrp9
2024-10-15 15:07:08,364 [trainer.py] => pretrain: True
2024-10-15 15:07:08,364 [trainer.py] => memory_size: 500
2024-10-15 15:07:08,364 [trainer.py] => memory_per_class: 20
2024-10-15 15:07:08,364 [trainer.py] => fixed_memory: False
2024-10-15 15:07:08,364 [trainer.py] => shuffle: True
2024-10-15 15:07:08,364 [trainer.py] => init_cls: 5
2024-10-15 15:07:08,365 [trainer.py] => increment: 2
2024-10-15 15:07:08,365 [trainer.py] => model_name: ewc
2024-10-15 15:07:08,365 [trainer.py] => convnet_type: resnet18
2024-10-15 15:07:08,365 [trainer.py] => device: [device(type='cuda', index=3)]
2024-10-15 15:07:08,365 [trainer.py] => init_train: False
2024-10-15 15:07:08,365 [trainer.py] => convnet_path: checkpoints/init_train/resnet18_42503.pth
2024-10-15 15:07:08,365 [trainer.py] => fc_path: checkpoints/init_train/fc_42503.pth
2024-10-15 15:07:08,365 [trainer.py] => seed: 1993
2024-10-15 15:07:08,365 [trainer.py] => epochs: 150
2024-10-15 15:07:08,365 [trainer.py] => lrate: 0.1
2024-10-15 15:07:08,365 [trainer.py] => milestones: [50, 80, 120]
2024-10-15 15:07:08,365 [trainer.py] => lrate_decay: 0.1
2024-10-15 15:07:08,365 [trainer.py] => batch_size: 128
2024-10-15 15:07:08,365 [trainer.py] => weight_decay: 0.0002
2024-10-15 15:07:08,365 [trainer.py] => num_workers: 4
2024-10-15 15:07:08,365 [trainer.py] => T: 2
2024-10-15 15:07:08,365 [trainer.py] => lamda: 2
2024-10-15 15:07:08,365 [trainer.py] => fishermax: 0.001
2024-10-15 15:07:09,103 [data_manager.py] => [4, 2, 5, 0, 3, 6, 7, 8, 1]
2024-10-15 15:07:09,715 [trainer.py] => All params: 3843904
2024-10-15 15:07:09,716 [trainer.py] => Trainable params: 3843904
2024-10-15 15:07:09,719 [ewc.py] => Learning on 0-5
2024-10-15 15:07:10,102 [ewc.py] => init_train?---False
2024-10-15 15:07:13,439 [trainer.py] => All params: 3846469
2024-10-15 15:07:13,982 [trainer.py] => No NME accuracy.
2024-10-15 15:07:13,983 [trainer.py] => CNN: {'total': 90.1, '00-04': 90.1, 'old': 0, 'new': 90.1}
2024-10-15 15:07:13,983 [trainer.py] => CNN top1 curve: [90.1]
2024-10-15 15:07:13,983 [trainer.py] => CNN top5 curve: [100.0]

2024-10-15 15:07:13,983 [trainer.py] => Average Accuracy (CNN): 90.1
2024-10-15 15:07:13,984 [trainer.py] => All params: 3846469
2024-10-15 15:07:13,984 [trainer.py] => Trainable params: 3846469
2024-10-15 15:07:13,986 [ewc.py] => Learning on 5-7
2024-10-15 15:07:22,670 [ewc.py] => Task 1, Epoch 5/150 => Loss 0.016, Train_accy 23.88, Test_accy 67.00
2024-10-15 15:07:31,146 [ewc.py] => Task 1, Epoch 10/150 => Loss 0.006, Train_accy 37.98, Test_accy 67.02
2024-10-15 15:07:39,409 [ewc.py] => Task 1, Epoch 15/150 => Loss 0.003, Train_accy 45.50, Test_accy 70.81
2024-10-15 15:07:47,622 [ewc.py] => Task 1, Epoch 20/150 => Loss 0.002, Train_accy 49.45, Test_accy 71.69
2024-10-15 15:07:56,020 [ewc.py] => Task 1, Epoch 25/150 => Loss 0.001, Train_accy 52.72, Test_accy 71.83
2024-10-15 15:08:04,493 [ewc.py] => Task 1, Epoch 30/150 => Loss 0.001, Train_accy 55.38, Test_accy 72.50
2024-10-15 15:08:13,214 [ewc.py] => Task 1, Epoch 35/150 => Loss 0.001, Train_accy 58.30, Test_accy 73.07
2024-10-15 15:08:22,109 [ewc.py] => Task 1, Epoch 40/150 => Loss 0.001, Train_accy 61.22, Test_accy 72.88
2024-10-15 15:08:31,901 [ewc.py] => Task 1, Epoch 45/150 => Loss 0.001, Train_accy 62.75, Test_accy 72.57
2024-10-15 15:08:41,201 [ewc.py] => Task 1, Epoch 50/150 => Loss 0.001, Train_accy 64.72, Test_accy 72.76
2024-10-15 15:08:50,747 [ewc.py] => Task 1, Epoch 55/150 => Loss 0.001, Train_accy 65.47, Test_accy 72.90
2024-10-15 15:09:00,183 [ewc.py] => Task 1, Epoch 60/150 => Loss 0.001, Train_accy 66.20, Test_accy 73.52
2024-10-15 15:09:09,489 [ewc.py] => Task 1, Epoch 65/150 => Loss 0.000, Train_accy 66.38, Test_accy 72.86
2024-10-15 15:09:18,611 [ewc.py] => Task 1, Epoch 70/150 => Loss 0.001, Train_accy 66.45, Test_accy 72.86
2024-10-15 15:09:28,560 [ewc.py] => Task 1, Epoch 75/150 => Loss 0.001, Train_accy 66.25, Test_accy 73.00
2024-10-15 15:09:37,740 [ewc.py] => Task 1, Epoch 80/150 => Loss 0.000, Train_accy 66.53, Test_accy 72.64
2024-10-15 15:09:46,743 [ewc.py] => Task 1, Epoch 85/150 => Loss 0.001, Train_accy 66.38, Test_accy 72.57
2024-10-15 15:09:55,870 [ewc.py] => Task 1, Epoch 90/150 => Loss 0.001, Train_accy 66.50, Test_accy 73.45
2024-10-15 15:10:04,931 [ewc.py] => Task 1, Epoch 95/150 => Loss 0.001, Train_accy 66.70, Test_accy 72.69
2024-10-15 15:10:14,591 [ewc.py] => Task 1, Epoch 100/150 => Loss 0.000, Train_accy 66.47, Test_accy 72.86
2024-10-15 15:10:23,903 [ewc.py] => Task 1, Epoch 105/150 => Loss 0.000, Train_accy 66.70, Test_accy 72.74
2024-10-15 15:10:32,368 [ewc.py] => Task 1, Epoch 110/150 => Loss 0.001, Train_accy 66.70, Test_accy 73.31
2024-10-15 15:10:40,649 [ewc.py] => Task 1, Epoch 115/150 => Loss 0.001, Train_accy 66.97, Test_accy 73.29
2024-10-15 15:10:49,633 [ewc.py] => Task 1, Epoch 120/150 => Loss 0.001, Train_accy 66.12, Test_accy 73.33
2024-10-15 15:10:58,272 [ewc.py] => Task 1, Epoch 125/150 => Loss 0.001, Train_accy 66.60, Test_accy 73.43
2024-10-15 15:11:06,894 [ewc.py] => Task 1, Epoch 130/150 => Loss 0.001, Train_accy 66.97, Test_accy 72.24
2024-10-15 15:11:15,189 [ewc.py] => Task 1, Epoch 135/150 => Loss 0.001, Train_accy 66.72, Test_accy 73.07
2024-10-15 15:11:23,784 [ewc.py] => Task 1, Epoch 140/150 => Loss 0.000, Train_accy 66.60, Test_accy 72.38
2024-10-15 15:11:32,210 [ewc.py] => Task 1, Epoch 145/150 => Loss 0.001, Train_accy 66.28, Test_accy 72.36
2024-10-15 15:11:41,077 [ewc.py] => Task 1, Epoch 150/150 => Loss 0.001, Train_accy 66.50, Test_accy 72.79
2024-10-15 15:11:41,078 [ewc.py] => Task 1, Epoch 150/150 => Loss 0.001, Train_accy 66.50, Test_accy 72.79
2024-10-15 15:11:42,229 [trainer.py] => All params: 3847495
2024-10-15 15:11:42,735 [trainer.py] => No NME accuracy.
2024-10-15 15:11:42,735 [trainer.py] => CNN: {'total': 73.19, '00-04': 78.23, '05-06': 60.58, 'old': 78.23, 'new': 60.58}
2024-10-15 15:11:42,736 [trainer.py] => CNN top1 curve: [90.1, 73.19]
2024-10-15 15:11:42,736 [trainer.py] => CNN top5 curve: [100.0, 98.6]

2024-10-15 15:11:42,736 [trainer.py] => Average Accuracy (CNN): 81.645
2024-10-15 15:11:42,737 [trainer.py] => All params: 3847495
2024-10-15 15:11:42,737 [trainer.py] => Trainable params: 3847495
2024-10-15 15:11:42,739 [ewc.py] => Learning on 7-9
2024-10-15 15:11:51,652 [ewc.py] => Task 2, Epoch 5/150 => Loss 0.011, Train_accy 37.17, Test_accy 13.37
2024-10-15 15:12:00,282 [ewc.py] => Task 2, Epoch 10/150 => Loss 0.003, Train_accy 66.55, Test_accy 43.09
2024-10-15 15:12:08,673 [ewc.py] => Task 2, Epoch 15/150 => Loss 0.002, Train_accy 77.12, Test_accy 42.81
2024-10-15 15:12:17,238 [ewc.py] => Task 2, Epoch 20/150 => Loss 0.001, Train_accy 82.65, Test_accy 41.24
2024-10-15 15:12:25,864 [ewc.py] => Task 2, Epoch 25/150 => Loss 0.001, Train_accy 86.48, Test_accy 39.28
2024-10-15 15:12:34,331 [ewc.py] => Task 2, Epoch 30/150 => Loss 0.002, Train_accy 80.32, Test_accy 45.07
2024-10-15 15:12:42,612 [ewc.py] => Task 2, Epoch 35/150 => Loss 0.001, Train_accy 87.35, Test_accy 43.59
2024-10-15 15:12:51,388 [ewc.py] => Task 2, Epoch 40/150 => Loss 0.001, Train_accy 89.08, Test_accy 43.19
2024-10-15 15:13:00,341 [ewc.py] => Task 2, Epoch 45/150 => Loss 0.001, Train_accy 91.40, Test_accy 42.13
2024-10-15 15:13:09,224 [ewc.py] => Task 2, Epoch 50/150 => Loss 0.001, Train_accy 92.95, Test_accy 41.93
2024-10-15 15:13:18,054 [ewc.py] => Task 2, Epoch 55/150 => Loss 0.001, Train_accy 92.92, Test_accy 42.31
2024-10-15 15:13:27,000 [ewc.py] => Task 2, Epoch 60/150 => Loss 0.000, Train_accy 93.18, Test_accy 41.70
2024-10-15 15:13:35,798 [ewc.py] => Task 2, Epoch 65/150 => Loss 0.001, Train_accy 92.95, Test_accy 41.46
2024-10-15 15:13:44,734 [ewc.py] => Task 2, Epoch 70/150 => Loss 0.000, Train_accy 93.28, Test_accy 41.61
2024-10-15 15:13:53,789 [ewc.py] => Task 2, Epoch 75/150 => Loss 0.000, Train_accy 93.45, Test_accy 41.39
2024-10-15 15:14:02,984 [ewc.py] => Task 2, Epoch 80/150 => Loss 0.000, Train_accy 93.50, Test_accy 41.15
2024-10-15 15:14:12,053 [ewc.py] => Task 2, Epoch 85/150 => Loss 0.000, Train_accy 93.58, Test_accy 41.56
2024-10-15 15:14:20,362 [ewc.py] => Task 2, Epoch 90/150 => Loss 0.001, Train_accy 93.40, Test_accy 41.44
2024-10-15 15:14:29,065 [ewc.py] => Task 2, Epoch 95/150 => Loss 0.000, Train_accy 93.15, Test_accy 41.17
2024-10-15 15:14:37,631 [ewc.py] => Task 2, Epoch 100/150 => Loss 0.000, Train_accy 93.45, Test_accy 41.74
2024-10-15 15:14:46,276 [ewc.py] => Task 2, Epoch 105/150 => Loss 0.000, Train_accy 93.42, Test_accy 41.19
2024-10-15 15:14:54,436 [ewc.py] => Task 2, Epoch 110/150 => Loss 0.000, Train_accy 93.50, Test_accy 41.59
2024-10-15 15:15:02,970 [ewc.py] => Task 2, Epoch 115/150 => Loss 0.000, Train_accy 93.32, Test_accy 42.22
2024-10-15 15:15:11,385 [ewc.py] => Task 2, Epoch 120/150 => Loss 0.001, Train_accy 93.45, Test_accy 41.48
2024-10-15 15:15:19,831 [ewc.py] => Task 2, Epoch 125/150 => Loss 0.000, Train_accy 93.38, Test_accy 41.70
2024-10-15 15:15:28,623 [ewc.py] => Task 2, Epoch 130/150 => Loss 0.000, Train_accy 93.42, Test_accy 41.78
2024-10-15 15:15:37,132 [ewc.py] => Task 2, Epoch 135/150 => Loss 0.000, Train_accy 93.50, Test_accy 41.39
2024-10-15 15:15:45,401 [ewc.py] => Task 2, Epoch 140/150 => Loss 0.000, Train_accy 93.38, Test_accy 41.59
2024-10-15 15:15:54,040 [ewc.py] => Task 2, Epoch 145/150 => Loss 0.000, Train_accy 93.50, Test_accy 41.80
2024-10-15 15:16:02,448 [ewc.py] => Task 2, Epoch 150/150 => Loss 0.000, Train_accy 93.38, Test_accy 41.46
2024-10-15 15:16:02,449 [ewc.py] => Task 2, Epoch 150/150 => Loss 0.000, Train_accy 93.38, Test_accy 41.46
2024-10-15 15:16:03,545 [trainer.py] => All params: 3848521
2024-10-15 15:16:04,067 [trainer.py] => No NME accuracy.
2024-10-15 15:16:04,067 [trainer.py] => CNN: {'total': 41.09, '00-04': 35.3, '05-06': 10.83, '07-08': 85.83, 'old': 28.31, 'new': 85.83}
2024-10-15 15:16:04,067 [trainer.py] => CNN top1 curve: [90.1, 73.19, 41.09]
2024-10-15 15:16:04,068 [trainer.py] => CNN top5 curve: [100.0, 98.6, 90.46]

2024-10-15 15:16:04,068 [trainer.py] => Average Accuracy (CNN): 68.12666666666667
2024-10-15 15:16:04,068 [trainer.py] => Forgetting (CNN): 52.275
