2024-10-31 09:51:51,374 [trainer.py] => config: ./exps/wa.json
2024-10-31 09:51:51,375 [trainer.py] => prefix: cil
2024-10-31 09:51:51,375 [trainer.py] => dataset: hrrp9
2024-10-31 09:51:51,377 [trainer.py] => memory_size: 200
2024-10-31 09:51:51,377 [trainer.py] => memory_per_class: 20
2024-10-31 09:51:51,377 [trainer.py] => fixed_memory: False
2024-10-31 09:51:51,377 [trainer.py] => shuffle: True
2024-10-31 09:51:51,378 [trainer.py] => init_cls: 5
2024-10-31 09:51:51,378 [trainer.py] => increment: 2
2024-10-31 09:51:51,378 [trainer.py] => model_name: wa
2024-10-31 09:51:51,378 [trainer.py] => convnet_type: resnet18
2024-10-31 09:51:51,378 [trainer.py] => device: [device(type='cuda', index=0)]
2024-10-31 09:51:51,379 [trainer.py] => init_train: False
2024-10-31 09:51:51,379 [trainer.py] => seed2: [1993]
2024-10-31 09:51:51,379 [trainer.py] => convnet_path2: checkpoints/init_train/resnet18_42503.pth
2024-10-31 09:51:51,380 [trainer.py] => fc_path2: checkpoints/init_train/fc_42503.pth
2024-10-31 09:51:51,380 [trainer.py] => seed: 2001
2024-10-31 09:51:51,380 [trainer.py] => convnet_path: checkpoints/init_train/resnet18_35172.pth
2024-10-31 09:51:51,380 [trainer.py] => fc_path: checkpoints/init_train/fc_35172.pth
2024-10-31 09:51:51,381 [trainer.py] => seed1: [110]
2024-10-31 09:51:51,381 [trainer.py] => convnet_path1: checkpoints/init_train/resnet18_42871.pth
2024-10-31 09:51:51,381 [trainer.py] => fc_path1: checkpoints/init_train/fc_42871.pth
2024-10-31 09:51:51,381 [trainer.py] => init_epoch: 0
2024-10-31 09:51:51,382 [trainer.py] => init_lr: 0.1
2024-10-31 09:51:51,382 [trainer.py] => init_milestones: [60, 120, 170]
2024-10-31 09:51:51,382 [trainer.py] => init_lr_decay: 0.1
2024-10-31 09:51:51,382 [trainer.py] => init_weight_decay: 0.0005
2024-10-31 09:51:51,383 [trainer.py] => epochs: 150
2024-10-31 09:51:51,383 [trainer.py] => lrate: 0.1
2024-10-31 09:51:51,383 [trainer.py] => milestones: [50, 80, 120]
2024-10-31 09:51:51,383 [trainer.py] => lrate_decay: 0.1
2024-10-31 09:51:51,384 [trainer.py] => batch_size: 128
2024-10-31 09:51:51,384 [trainer.py] => weight_decay: 0.0002
2024-10-31 09:51:51,384 [trainer.py] => num_workers: 8
2024-10-31 09:51:51,384 [trainer.py] => T: 2
2024-10-31 09:51:52,610 [data_manager.py] => [3, 5, 1, 7, 2, 8, 6, 4, 0]
2024-10-31 09:51:53,487 [trainer.py] => All params: 3843904
2024-10-31 09:51:53,492 [trainer.py] => Trainable params: 3843904
2024-10-31 09:51:53,500 [wa.py] => Learning on 0-5
2024-10-31 09:51:54,356 [wa.py] => init_train?---False
2024-10-31 09:51:55,987 [base.py] => Reducing exemplars...(40 per classes)
2024-10-31 09:51:55,987 [base.py] => Constructing exemplars...(40 per classes)
2024-10-31 09:52:03,647 [trainer.py] => All params: 3846469
2024-10-31 09:52:05,775 [wa.py] => Exemplar size: 200
2024-10-31 09:52:05,803 [trainer.py] => CNN: {'total': 90.13, '00-04': 90.13, 'old': 0, 'new': 90.13}
2024-10-31 09:52:05,804 [trainer.py] => NME: {'total': 89.5, '00-04': 89.5, 'old': 0, 'new': 89.5}
2024-10-31 09:52:05,804 [trainer.py] => CNN top1 curve: [90.13]
2024-10-31 09:52:05,804 [trainer.py] => CNN top5 curve: [100.0]
2024-10-31 09:52:05,804 [trainer.py] => NME top1 curve: [89.5]
2024-10-31 09:52:05,804 [trainer.py] => NME top5 curve: [100.0]

2024-10-31 09:52:05,804 [trainer.py] => Average Accuracy (CNN): 90.13
2024-10-31 09:52:05,804 [trainer.py] => Average Accuracy (NME): 89.5
2024-10-31 09:52:05,804 [trainer.py] => All params: 3846469
2024-10-31 09:52:05,805 [trainer.py] => Trainable params: 3846469
2024-10-31 09:52:05,806 [wa.py] => Learning on 5-7
2024-10-31 09:57:11,928 [wa.py] => Task 1, Epoch 150/150 => Loss 0.752, Train_accy 100.00
2024-10-31 09:57:12,231 [base.py] => Reducing exemplars...(28 per classes)
2024-10-31 09:57:15,825 [base.py] => Constructing exemplars...(28 per classes)
2024-10-31 09:57:21,122 [trainer.py] => All params: 3847495
2024-10-31 09:57:25,286 [wa.py] => Exemplar size: 196
2024-10-31 09:57:25,287 [trainer.py] => CNN: {'total': 69.43, '00-04': 59.9, '05-06': 93.25, 'old': 59.9, 'new': 93.25}
2024-10-31 09:57:25,287 [trainer.py] => NME: {'total': 81.38, '00-04': 78.53, '05-06': 88.5, 'old': 78.53, 'new': 88.5}
2024-10-31 09:57:25,287 [trainer.py] => CNN top1 curve: [90.13, 69.43]
2024-10-31 09:57:25,287 [trainer.py] => CNN top5 curve: [100.0, 99.43]
2024-10-31 09:57:25,287 [trainer.py] => NME top1 curve: [89.5, 81.38]
2024-10-31 09:57:25,287 [trainer.py] => NME top5 curve: [100.0, 99.17]

2024-10-31 09:57:25,287 [trainer.py] => Average Accuracy (CNN): 79.78
2024-10-31 09:57:25,287 [trainer.py] => Average Accuracy (NME): 85.44
2024-10-31 09:57:25,288 [trainer.py] => All params: 3847495
2024-10-31 09:57:25,288 [trainer.py] => Trainable params: 3847495
2024-10-31 09:57:25,289 [wa.py] => Learning on 7-9
2024-10-31 10:03:08,533 [wa.py] => Task 2, Epoch 150/150 => Loss 0.981, Train_accy 100.00
2024-10-31 10:03:08,538 [base.py] => Reducing exemplars...(22 per classes)
2024-10-31 10:03:13,401 [base.py] => Constructing exemplars...(22 per classes)
2024-10-31 10:03:17,226 [trainer.py] => All params: 3848521
2024-10-31 10:03:20,528 [wa.py] => Exemplar size: 198
2024-10-31 10:03:20,529 [trainer.py] => CNN: {'total': 42.39, '00-04': 31.53, '05-06': 25.5, '07-08': 86.42, 'old': 29.81, 'new': 86.42}
2024-10-31 10:03:20,529 [trainer.py] => NME: {'total': 59.93, '00-04': 59.87, '05-06': 35.17, '07-08': 84.83, 'old': 52.81, 'new': 84.83}
2024-10-31 10:03:20,529 [trainer.py] => CNN top1 curve: [90.13, 69.43, 42.39]
2024-10-31 10:03:20,529 [trainer.py] => CNN top5 curve: [100.0, 99.43, 93.94]
2024-10-31 10:03:20,529 [trainer.py] => NME top1 curve: [89.5, 81.38, 59.93]
2024-10-31 10:03:20,530 [trainer.py] => NME top5 curve: [100.0, 99.17, 96.24]

2024-10-31 10:03:20,530 [trainer.py] => Average Accuracy (CNN): 67.31666666666666
2024-10-31 10:03:20,530 [trainer.py] => Average Accuracy (NME): 76.93666666666667
2024-10-31 10:03:20,548 [trainer.py] => Forgetting (CNN): 63.175
