2024-10-23 15:28:37,606 [trainer.py] => config: ./exps/wa.json
2024-10-23 15:28:37,607 [trainer.py] => prefix: cil
2024-10-23 15:28:37,607 [trainer.py] => dataset: hrrp9
2024-10-23 15:28:37,607 [trainer.py] => memory_size: 500
2024-10-23 15:28:37,607 [trainer.py] => memory_per_class: 20
2024-10-23 15:28:37,608 [trainer.py] => fixed_memory: False
2024-10-23 15:28:37,608 [trainer.py] => shuffle: True
2024-10-23 15:28:37,608 [trainer.py] => init_cls: 5
2024-10-23 15:28:37,608 [trainer.py] => increment: 2
2024-10-23 15:28:37,608 [trainer.py] => model_name: wa
2024-10-23 15:28:37,608 [trainer.py] => convnet_type: resnet18
2024-10-23 15:28:37,608 [trainer.py] => device: [device(type='cuda', index=4)]
2024-10-23 15:28:37,609 [trainer.py] => init_train: False
2024-10-23 15:28:37,609 [trainer.py] => seed: 1993
2024-10-23 15:28:37,609 [trainer.py] => convnet_path: checkpoints/init_train/resnet18_42503.pth
2024-10-23 15:28:37,609 [trainer.py] => fc_path: checkpoints/init_train/fc_42503.pth
2024-10-23 15:28:37,609 [trainer.py] => seed1: [2001]
2024-10-23 15:28:37,609 [trainer.py] => convnet_path1: checkpoints/init_train/resnet18_35172.pth
2024-10-23 15:28:37,609 [trainer.py] => fc_path1: checkpoints/init_train/fc_35172.pth
2024-10-23 15:28:37,610 [trainer.py] => init_epoch: 0
2024-10-23 15:28:37,610 [trainer.py] => init_lr: 0.1
2024-10-23 15:28:37,611 [trainer.py] => init_milestones: [60, 120, 170]
2024-10-23 15:28:37,611 [trainer.py] => init_lr_decay: 0.1
2024-10-23 15:28:37,611 [trainer.py] => init_weight_decay: 0.0005
2024-10-23 15:28:37,611 [trainer.py] => epochs: 150
2024-10-23 15:28:37,611 [trainer.py] => lrate: 0.1
2024-10-23 15:28:37,611 [trainer.py] => milestones: [50, 80, 120]
2024-10-23 15:28:37,611 [trainer.py] => lrate_decay: 0.1
2024-10-23 15:28:37,611 [trainer.py] => batch_size: 128
2024-10-23 15:28:37,611 [trainer.py] => weight_decay: 0.0002
2024-10-23 15:28:37,611 [trainer.py] => num_workers: 8
2024-10-23 15:28:37,612 [trainer.py] => T: 2
2024-10-23 15:28:38,752 [data_manager.py] => [4, 2, 5, 0, 3, 6, 7, 8, 1]
2024-10-23 15:28:39,530 [trainer.py] => All params: 3843904
2024-10-23 15:28:39,530 [trainer.py] => Trainable params: 3843904
2024-10-23 15:28:39,533 [wa.py] => Learning on 0-5
2024-10-23 15:28:39,897 [wa.py] => init_train?---False
2024-10-23 15:28:41,470 [base.py] => Reducing exemplars...(100 per classes)
2024-10-23 15:28:41,471 [base.py] => Constructing exemplars...(100 per classes)
2024-10-23 15:28:52,048 [trainer.py] => All params: 3846469
2024-10-23 15:28:54,139 [wa.py] => Exemplar size: 500
2024-10-23 15:28:54,139 [trainer.py] => CNN: {'total': 89.93, '00-04': 89.93, 'old': 0, 'new': 89.93}
2024-10-23 15:28:54,140 [trainer.py] => NME: {'total': 90.0, '00-04': 90.0, 'old': 0, 'new': 90.0}
2024-10-23 15:28:54,140 [trainer.py] => CNN top1 curve: [89.93]
2024-10-23 15:28:54,140 [trainer.py] => CNN top5 curve: [100.0]
2024-10-23 15:28:54,140 [trainer.py] => NME top1 curve: [90.0]
2024-10-23 15:28:54,140 [trainer.py] => NME top5 curve: [100.0]

2024-10-23 15:28:54,140 [trainer.py] => Average Accuracy (CNN): 89.93
2024-10-23 15:28:54,141 [trainer.py] => Average Accuracy (NME): 90.0
2024-10-23 15:28:54,141 [trainer.py] => All params: 3846469
2024-10-23 15:28:54,142 [trainer.py] => Trainable params: 3846469
2024-10-23 15:28:54,143 [wa.py] => Learning on 5-7
2024-10-23 15:36:11,618 [wa.py] => Task 1, Epoch 150/150 => Loss 0.646, Train_accy 100.00
2024-10-23 15:36:11,829 [base.py] => Reducing exemplars...(71 per classes)
2024-10-23 15:36:16,577 [base.py] => Constructing exemplars...(71 per classes)
2024-10-23 15:36:24,230 [trainer.py] => All params: 3847495
2024-10-23 15:36:27,806 [wa.py] => Exemplar size: 497
2024-10-23 15:36:27,807 [trainer.py] => CNN: {'total': 71.95, '00-04': 62.1, '05-06': 96.58, 'old': 62.1, 'new': 96.58}
2024-10-23 15:36:27,807 [trainer.py] => NME: {'total': 78.86, '00-04': 73.6, '05-06': 92.0, 'old': 73.6, 'new': 92.0}
2024-10-23 15:36:27,807 [trainer.py] => CNN top1 curve: [89.93, 71.95]
2024-10-23 15:36:27,808 [trainer.py] => CNN top5 curve: [100.0, 99.0]
2024-10-23 15:36:27,808 [trainer.py] => NME top1 curve: [90.0, 78.86]
2024-10-23 15:36:27,808 [trainer.py] => NME top5 curve: [100.0, 99.05]

2024-10-23 15:36:27,808 [trainer.py] => Average Accuracy (CNN): 80.94
2024-10-23 15:36:27,808 [trainer.py] => Average Accuracy (NME): 84.43
2024-10-23 15:36:27,809 [trainer.py] => All params: 3847495
2024-10-23 15:36:27,809 [trainer.py] => Trainable params: 3847495
2024-10-23 15:36:27,811 [wa.py] => Learning on 7-9
2024-10-23 15:43:16,603 [wa.py] => Task 2, Epoch 150/150 => Loss 0.891, Train_accy 100.00
2024-10-23 15:43:16,608 [base.py] => Reducing exemplars...(55 per classes)
2024-10-23 15:43:20,459 [base.py] => Constructing exemplars...(55 per classes)
2024-10-23 15:43:25,171 [trainer.py] => All params: 3848521
2024-10-23 15:43:29,415 [wa.py] => Exemplar size: 495
2024-10-23 15:43:29,416 [trainer.py] => CNN: {'total': 69.94, '00-04': 55.1, '05-06': 80.92, '07-08': 96.08, 'old': 62.48, 'new': 96.08}
2024-10-23 15:43:29,416 [trainer.py] => NME: {'total': 76.91, '00-04': 68.0, '05-06': 84.17, '07-08': 91.92, 'old': 72.62, 'new': 91.92}
2024-10-23 15:43:29,416 [trainer.py] => CNN top1 curve: [89.93, 71.95, 69.94]
2024-10-23 15:43:29,416 [trainer.py] => CNN top5 curve: [100.0, 99.0, 95.52]
2024-10-23 15:43:29,417 [trainer.py] => NME top1 curve: [90.0, 78.86, 76.91]
2024-10-23 15:43:29,417 [trainer.py] => NME top5 curve: [100.0, 99.05, 97.83]

2024-10-23 15:43:29,417 [trainer.py] => Average Accuracy (CNN): 77.27333333333333
2024-10-23 15:43:29,417 [trainer.py] => Average Accuracy (NME): 81.92333333333333
2024-10-23 15:43:29,418 [trainer.py] => Forgetting (CNN): 25.245
