2024-10-31 09:52:35,446 [trainer.py] => config: ./exps/wa.json
2024-10-31 09:52:35,446 [trainer.py] => prefix: cil
2024-10-31 09:52:35,447 [trainer.py] => dataset: hrrp9
2024-10-31 09:52:35,447 [trainer.py] => memory_size: 500
2024-10-31 09:52:35,447 [trainer.py] => memory_per_class: 20
2024-10-31 09:52:35,447 [trainer.py] => fixed_memory: False
2024-10-31 09:52:35,447 [trainer.py] => shuffle: True
2024-10-31 09:52:35,448 [trainer.py] => init_cls: 5
2024-10-31 09:52:35,448 [trainer.py] => increment: 2
2024-10-31 09:52:35,448 [trainer.py] => model_name: wa
2024-10-31 09:52:35,448 [trainer.py] => convnet_type: resnet18
2024-10-31 09:52:35,448 [trainer.py] => device: [device(type='cuda', index=0)]
2024-10-31 09:52:35,449 [trainer.py] => init_train: False
2024-10-31 09:52:35,449 [trainer.py] => seed2: [1993]
2024-10-31 09:52:35,449 [trainer.py] => convnet_path2: checkpoints/init_train/resnet18_42503.pth
2024-10-31 09:52:35,449 [trainer.py] => fc_path2: checkpoints/init_train/fc_42503.pth
2024-10-31 09:52:35,449 [trainer.py] => seed: 2001
2024-10-31 09:52:35,450 [trainer.py] => convnet_path: checkpoints/init_train/resnet18_35172.pth
2024-10-31 09:52:35,450 [trainer.py] => fc_path: checkpoints/init_train/fc_35172.pth
2024-10-31 09:52:35,450 [trainer.py] => seed1: [110]
2024-10-31 09:52:35,450 [trainer.py] => convnet_path1: checkpoints/init_train/resnet18_42871.pth
2024-10-31 09:52:35,450 [trainer.py] => fc_path1: checkpoints/init_train/fc_42871.pth
2024-10-31 09:52:35,451 [trainer.py] => init_epoch: 0
2024-10-31 09:52:35,451 [trainer.py] => init_lr: 0.1
2024-10-31 09:52:35,451 [trainer.py] => init_milestones: [60, 120, 170]
2024-10-31 09:52:35,451 [trainer.py] => init_lr_decay: 0.1
2024-10-31 09:52:35,451 [trainer.py] => init_weight_decay: 0.0005
2024-10-31 09:52:35,451 [trainer.py] => epochs: 150
2024-10-31 09:52:35,452 [trainer.py] => lrate: 0.1
2024-10-31 09:52:35,452 [trainer.py] => milestones: [50, 80, 120]
2024-10-31 09:52:35,452 [trainer.py] => lrate_decay: 0.1
2024-10-31 09:52:35,452 [trainer.py] => batch_size: 128
2024-10-31 09:52:35,452 [trainer.py] => weight_decay: 0.0002
2024-10-31 09:52:35,453 [trainer.py] => num_workers: 8
2024-10-31 09:52:35,453 [trainer.py] => T: 2
2024-10-31 09:52:38,386 [data_manager.py] => [3, 5, 1, 7, 2, 8, 6, 4, 0]
2024-10-31 09:52:39,186 [trainer.py] => All params: 3843904
2024-10-31 09:52:39,187 [trainer.py] => Trainable params: 3843904
2024-10-31 09:52:39,191 [wa.py] => Learning on 0-5
2024-10-31 09:52:39,896 [wa.py] => init_train?---False
2024-10-31 09:52:41,678 [base.py] => Reducing exemplars...(100 per classes)
2024-10-31 09:52:41,679 [base.py] => Constructing exemplars...(100 per classes)
2024-10-31 09:52:51,591 [trainer.py] => All params: 3846469
2024-10-31 09:52:53,394 [wa.py] => Exemplar size: 500
2024-10-31 09:52:53,395 [trainer.py] => CNN: {'total': 90.13, '00-04': 90.13, 'old': 0, 'new': 90.13}
2024-10-31 09:52:53,395 [trainer.py] => NME: {'total': 89.53, '00-04': 89.53, 'old': 0, 'new': 89.53}
2024-10-31 09:52:53,395 [trainer.py] => CNN top1 curve: [90.13]
2024-10-31 09:52:53,396 [trainer.py] => CNN top5 curve: [100.0]
2024-10-31 09:52:53,396 [trainer.py] => NME top1 curve: [89.53]
2024-10-31 09:52:53,396 [trainer.py] => NME top5 curve: [100.0]

2024-10-31 09:52:53,396 [trainer.py] => Average Accuracy (CNN): 90.13
2024-10-31 09:52:53,397 [trainer.py] => Average Accuracy (NME): 89.53
2024-10-31 09:52:53,397 [trainer.py] => All params: 3846469
2024-10-31 09:52:53,398 [trainer.py] => Trainable params: 3846469
2024-10-31 09:52:53,399 [wa.py] => Learning on 5-7
2024-10-31 09:58:38,518 [wa.py] => Task 1, Epoch 150/150 => Loss 0.713, Train_accy 100.00
2024-10-31 09:58:38,662 [base.py] => Reducing exemplars...(71 per classes)
2024-10-31 09:58:41,111 [base.py] => Constructing exemplars...(71 per classes)
2024-10-31 09:58:44,977 [trainer.py] => All params: 3847495
2024-10-31 09:58:47,719 [wa.py] => Exemplar size: 497
2024-10-31 09:58:47,720 [trainer.py] => CNN: {'total': 79.74, '00-04': 74.73, '05-06': 92.25, 'old': 74.73, 'new': 92.25}
2024-10-31 09:58:47,720 [trainer.py] => NME: {'total': 84.33, '00-04': 82.67, '05-06': 88.5, 'old': 82.67, 'new': 88.5}
2024-10-31 09:58:47,720 [trainer.py] => CNN top1 curve: [90.13, 79.74]
2024-10-31 09:58:47,720 [trainer.py] => CNN top5 curve: [100.0, 99.36]
2024-10-31 09:58:47,720 [trainer.py] => NME top1 curve: [89.53, 84.33]
2024-10-31 09:58:47,720 [trainer.py] => NME top5 curve: [100.0, 99.26]

2024-10-31 09:58:47,720 [trainer.py] => Average Accuracy (CNN): 84.935
2024-10-31 09:58:47,720 [trainer.py] => Average Accuracy (NME): 86.93
2024-10-31 09:58:47,721 [trainer.py] => All params: 3847495
2024-10-31 09:58:47,721 [trainer.py] => Trainable params: 3847495
2024-10-31 09:58:47,723 [wa.py] => Learning on 7-9
2024-10-31 10:04:39,122 [wa.py] => Task 2, Epoch 150/150 => Loss 0.966, Train_accy 100.00
2024-10-31 10:04:39,125 [base.py] => Reducing exemplars...(55 per classes)
2024-10-31 10:04:40,928 [base.py] => Constructing exemplars...(55 per classes)
2024-10-31 10:04:43,013 [trainer.py] => All params: 3848521
2024-10-31 10:04:44,461 [wa.py] => Exemplar size: 495
2024-10-31 10:04:44,461 [trainer.py] => CNN: {'total': 63.39, '00-04': 58.47, '05-06': 52.67, '07-08': 86.42, 'old': 56.81, 'new': 86.42}
2024-10-31 10:04:44,461 [trainer.py] => NME: {'total': 73.81, '00-04': 74.93, '05-06': 61.75, '07-08': 83.08, 'old': 71.17, 'new': 83.08}
2024-10-31 10:04:44,461 [trainer.py] => CNN top1 curve: [90.13, 79.74, 63.39]
2024-10-31 10:04:44,461 [trainer.py] => CNN top5 curve: [100.0, 99.36, 96.39]
2024-10-31 10:04:44,461 [trainer.py] => NME top1 curve: [89.53, 84.33, 73.81]
2024-10-31 10:04:44,461 [trainer.py] => NME top5 curve: [100.0, 99.26, 97.28]

2024-10-31 10:04:44,461 [trainer.py] => Average Accuracy (CNN): 77.75333333333333
2024-10-31 10:04:44,462 [trainer.py] => Average Accuracy (NME): 82.55666666666667
2024-10-31 10:04:44,462 [trainer.py] => Forgetting (CNN): 35.62
