2024-10-23 15:29:35,045 [trainer.py] => config: ./exps/wa.json
2024-10-23 15:29:35,045 [trainer.py] => prefix: cil
2024-10-23 15:29:35,045 [trainer.py] => dataset: hrrp9
2024-10-23 15:29:35,045 [trainer.py] => memory_size: 200
2024-10-23 15:29:35,045 [trainer.py] => memory_per_class: 20
2024-10-23 15:29:35,045 [trainer.py] => fixed_memory: False
2024-10-23 15:29:35,045 [trainer.py] => shuffle: True
2024-10-23 15:29:35,045 [trainer.py] => init_cls: 5
2024-10-23 15:29:35,045 [trainer.py] => increment: 2
2024-10-23 15:29:35,045 [trainer.py] => model_name: wa
2024-10-23 15:29:35,045 [trainer.py] => convnet_type: resnet18
2024-10-23 15:29:35,045 [trainer.py] => device: [device(type='cuda', index=4)]
2024-10-23 15:29:35,045 [trainer.py] => init_train: False
2024-10-23 15:29:35,045 [trainer.py] => seed: 1993
2024-10-23 15:29:35,045 [trainer.py] => convnet_path: checkpoints/init_train/resnet18_42503.pth
2024-10-23 15:29:35,045 [trainer.py] => fc_path: checkpoints/init_train/fc_42503.pth
2024-10-23 15:29:35,045 [trainer.py] => seed1: [2001]
2024-10-23 15:29:35,046 [trainer.py] => convnet_path1: checkpoints/init_train/resnet18_35172.pth
2024-10-23 15:29:35,046 [trainer.py] => fc_path1: checkpoints/init_train/fc_35172.pth
2024-10-23 15:29:35,046 [trainer.py] => init_epoch: 0
2024-10-23 15:29:35,046 [trainer.py] => init_lr: 0.1
2024-10-23 15:29:35,046 [trainer.py] => init_milestones: [60, 120, 170]
2024-10-23 15:29:35,046 [trainer.py] => init_lr_decay: 0.1
2024-10-23 15:29:35,046 [trainer.py] => init_weight_decay: 0.0005
2024-10-23 15:29:35,046 [trainer.py] => epochs: 150
2024-10-23 15:29:35,046 [trainer.py] => lrate: 0.1
2024-10-23 15:29:35,046 [trainer.py] => milestones: [50, 80, 120]
2024-10-23 15:29:35,046 [trainer.py] => lrate_decay: 0.1
2024-10-23 15:29:35,046 [trainer.py] => batch_size: 128
2024-10-23 15:29:35,046 [trainer.py] => weight_decay: 0.0002
2024-10-23 15:29:35,046 [trainer.py] => num_workers: 8
2024-10-23 15:29:35,046 [trainer.py] => T: 2
2024-10-23 15:29:36,515 [data_manager.py] => [4, 2, 5, 0, 3, 6, 7, 8, 1]
2024-10-23 15:29:37,376 [trainer.py] => All params: 3843904
2024-10-23 15:29:37,376 [trainer.py] => Trainable params: 3843904
2024-10-23 15:29:37,380 [wa.py] => Learning on 0-5
2024-10-23 15:29:37,769 [wa.py] => init_train?---False
2024-10-23 15:29:40,010 [base.py] => Reducing exemplars...(40 per classes)
2024-10-23 15:29:40,010 [base.py] => Constructing exemplars...(40 per classes)
2024-10-23 15:29:49,828 [trainer.py] => All params: 3846469
2024-10-23 15:29:52,130 [wa.py] => Exemplar size: 200
2024-10-23 15:29:52,131 [trainer.py] => CNN: {'total': 89.93, '00-04': 89.93, 'old': 0, 'new': 89.93}
2024-10-23 15:29:52,132 [trainer.py] => NME: {'total': 90.0, '00-04': 90.0, 'old': 0, 'new': 90.0}
2024-10-23 15:29:52,132 [trainer.py] => CNN top1 curve: [89.93]
2024-10-23 15:29:52,132 [trainer.py] => CNN top5 curve: [100.0]
2024-10-23 15:29:52,132 [trainer.py] => NME top1 curve: [90.0]
2024-10-23 15:29:52,132 [trainer.py] => NME top5 curve: [100.0]

2024-10-23 15:29:52,133 [trainer.py] => Average Accuracy (CNN): 89.93
2024-10-23 15:29:52,133 [trainer.py] => Average Accuracy (NME): 90.0
2024-10-23 15:29:52,133 [trainer.py] => All params: 3846469
2024-10-23 15:29:52,137 [trainer.py] => Trainable params: 3846469
2024-10-23 15:29:52,141 [wa.py] => Learning on 5-7
2024-10-23 15:37:14,106 [wa.py] => Task 1, Epoch 150/150 => Loss 0.682, Train_accy 100.00
2024-10-23 15:37:14,356 [base.py] => Reducing exemplars...(28 per classes)
2024-10-23 15:37:17,442 [base.py] => Constructing exemplars...(28 per classes)
2024-10-23 15:37:22,231 [trainer.py] => All params: 3847495
2024-10-23 15:37:25,573 [wa.py] => Exemplar size: 196
2024-10-23 15:37:25,574 [trainer.py] => CNN: {'total': 61.24, '00-04': 46.73, '05-06': 97.5, 'old': 46.73, 'new': 97.5}
2024-10-23 15:37:25,575 [trainer.py] => NME: {'total': 74.48, '00-04': 67.3, '05-06': 92.42, 'old': 67.3, 'new': 92.42}
2024-10-23 15:37:25,575 [trainer.py] => CNN top1 curve: [89.93, 61.24]
2024-10-23 15:37:25,575 [trainer.py] => CNN top5 curve: [100.0, 98.95]
2024-10-23 15:37:25,575 [trainer.py] => NME top1 curve: [90.0, 74.48]
2024-10-23 15:37:25,575 [trainer.py] => NME top5 curve: [100.0, 98.98]

2024-10-23 15:37:25,576 [trainer.py] => Average Accuracy (CNN): 75.58500000000001
2024-10-23 15:37:25,576 [trainer.py] => Average Accuracy (NME): 82.24000000000001
2024-10-23 15:37:25,576 [trainer.py] => All params: 3847495
2024-10-23 15:37:25,577 [trainer.py] => Trainable params: 3847495
2024-10-23 15:37:25,579 [wa.py] => Learning on 7-9
2024-10-23 15:44:17,349 [wa.py] => Task 2, Epoch 150/150 => Loss 0.911, Train_accy 100.00
2024-10-23 15:44:17,356 [base.py] => Reducing exemplars...(22 per classes)
2024-10-23 15:44:21,339 [base.py] => Constructing exemplars...(22 per classes)
2024-10-23 15:44:24,994 [trainer.py] => All params: 3848521
2024-10-23 15:44:28,342 [wa.py] => Exemplar size: 198
2024-10-23 15:44:28,343 [trainer.py] => CNN: {'total': 51.24, '00-04': 29.3, '05-06': 59.33, '07-08': 98.0, 'old': 37.88, 'new': 98.0}
2024-10-23 15:44:28,343 [trainer.py] => NME: {'total': 67.0, '00-04': 54.23, '05-06': 70.08, '07-08': 95.83, 'old': 58.76, 'new': 95.83}
2024-10-23 15:44:28,343 [trainer.py] => CNN top1 curve: [89.93, 61.24, 51.24]
2024-10-23 15:44:28,343 [trainer.py] => CNN top5 curve: [100.0, 98.95, 93.33]
2024-10-23 15:44:28,344 [trainer.py] => NME top1 curve: [90.0, 74.48, 67.0]
2024-10-23 15:44:28,344 [trainer.py] => NME top5 curve: [100.0, 98.98, 96.22]

2024-10-23 15:44:28,344 [trainer.py] => Average Accuracy (CNN): 67.47000000000001
2024-10-23 15:44:28,344 [trainer.py] => Average Accuracy (NME): 77.16000000000001
2024-10-23 15:44:28,346 [trainer.py] => Forgetting (CNN): 49.400000000000006
