2024-10-30 16:07:55,667 [trainer.py] => config: ./exps/POD_foster.json
2024-10-30 16:07:55,668 [trainer.py] => prefix: cil
2024-10-30 16:07:55,668 [trainer.py] => dataset: hrrp9
2024-10-30 16:07:55,668 [trainer.py] => memory_size: 500
2024-10-30 16:07:55,668 [trainer.py] => memory_per_class: 20
2024-10-30 16:07:55,668 [trainer.py] => fixed_memory: False
2024-10-30 16:07:55,668 [trainer.py] => shuffle: True
2024-10-30 16:07:55,668 [trainer.py] => init_cls: 5
2024-10-30 16:07:55,668 [trainer.py] => increment: 2
2024-10-30 16:07:55,668 [trainer.py] => model_name: POD_foster
2024-10-30 16:07:55,668 [trainer.py] => convnet_type: resnet18
2024-10-30 16:07:55,668 [trainer.py] => init_train: False
2024-10-30 16:07:55,668 [trainer.py] => convnet_path2: checkpoints/init_train/resnet18_35172.pth
2024-10-30 16:07:55,668 [trainer.py] => fc_path2: checkpoints/init_train/fc_35172.pth
2024-10-30 16:07:55,668 [trainer.py] => convnet_path1: checkpoints/init_train/resnet18_42503.pth
2024-10-30 16:07:55,668 [trainer.py] => fc_path1: checkpoints/init_train/fc_42503.pth
2024-10-30 16:07:55,668 [trainer.py] => convnet_path: checkpoints/init_train/resnet18_42871.pth
2024-10-30 16:07:55,668 [trainer.py] => fc_path: checkpoints/init_train/fc_42871.pth
2024-10-30 16:07:55,668 [trainer.py] => device: [device(type='cuda', index=4)]
2024-10-30 16:07:55,669 [trainer.py] => seed: 110
2024-10-30 16:07:55,669 [trainer.py] => beta1: 0.96
2024-10-30 16:07:55,669 [trainer.py] => beta2: 0.97
2024-10-30 16:07:55,669 [trainer.py] => oofc: ft
2024-10-30 16:07:55,669 [trainer.py] => is_teacher_wa: True
2024-10-30 16:07:55,669 [trainer.py] => is_student_wa: False
2024-10-30 16:07:55,669 [trainer.py] => is_teacher_la: True
2024-10-30 16:07:55,669 [trainer.py] => is_student_la: True
2024-10-30 16:07:55,669 [trainer.py] => lambda_okd: 0
2024-10-30 16:07:55,669 [trainer.py] => wa_value: 1
2024-10-30 16:07:55,669 [trainer.py] => init_epochs: 0
2024-10-30 16:07:55,669 [trainer.py] => init_lr: 0.1
2024-10-30 16:07:55,669 [trainer.py] => init_weight_decay: 0.0005
2024-10-30 16:07:55,669 [trainer.py] => boosting_epochs: 150
2024-10-30 16:07:55,669 [trainer.py] => compression_epochs: 120
2024-10-30 16:07:55,669 [trainer.py] => lr: 0.1
2024-10-30 16:07:55,669 [trainer.py] => batch_size: 128
2024-10-30 16:07:55,669 [trainer.py] => weight_decay: 0.0005
2024-10-30 16:07:55,669 [trainer.py] => num_workers: 8
2024-10-30 16:07:55,669 [trainer.py] => momentum: 0.9
2024-10-30 16:07:55,669 [trainer.py] => T: 2
2024-10-30 16:07:55,669 [trainer.py] => lambda_c_base: 1.0
2024-10-30 16:07:55,670 [trainer.py] => lambda_f_base: 1.0
2024-10-30 16:07:55,670 [trainer.py] => POD: no
2024-10-30 16:07:56,290 [data_manager.py] => [4, 2, 8, 7, 1, 6, 5, 3, 0]
2024-10-30 16:07:56,336 [trainer.py] => All params: 0
2024-10-30 16:07:56,336 [trainer.py] => Trainable params: 0
2024-10-30 16:07:57,333 [pod_foster.py] => Learning on 0-5
2024-10-30 16:07:57,334 [pod_foster.py] => All params: 3849034
2024-10-30 16:07:57,334 [pod_foster.py] => Trainable params: 3849034
2024-10-30 16:07:57,420 [pod_foster.py] => Adaptive factor: 0
2024-10-30 16:07:57,841 [pod_foster.py] => init_train?---False
2024-10-30 16:07:59,081 [base.py] => Reducing exemplars...(100 per classes)
2024-10-30 16:07:59,081 [base.py] => Constructing exemplars...(100 per classes)
2024-10-30 16:08:06,903 [trainer.py] => All params: 3849034
2024-10-30 16:08:08,375 [pod_foster.py] => Exemplar size: 500
2024-10-30 16:08:08,375 [trainer.py] => CNN: {'total': 96.3, '00-04': 96.3, 'old': 0, 'new': 96.3}
2024-10-30 16:08:08,375 [trainer.py] => NME: {'total': 96.27, '00-04': 96.27, 'old': 0, 'new': 96.27}
2024-10-30 16:08:08,375 [trainer.py] => CNN top1 curve: [96.3]
2024-10-30 16:08:08,375 [trainer.py] => CNN top5 curve: [100.0]
2024-10-30 16:08:08,375 [trainer.py] => NME top1 curve: [96.27]
2024-10-30 16:08:08,375 [trainer.py] => NME top5 curve: [100.0]

2024-10-30 16:08:08,376 [trainer.py] => Average Accuracy (CNN): 96.3
2024-10-30 16:08:08,376 [trainer.py] => Average Accuracy (NME): 96.27
2024-10-30 16:08:08,376 [trainer.py] => All params: 3849034
2024-10-30 16:08:08,377 [trainer.py] => Trainable params: 3849034
2024-10-30 16:08:08,577 [pod_foster.py] => Learning on 5-7
2024-10-30 16:08:08,578 [pod_foster.py] => All params: 7701139
2024-10-30 16:08:08,579 [pod_foster.py] => Trainable params: 3854670
2024-10-30 16:08:08,629 [pod_foster.py] => Adaptive factor: 1.8708286933869707
2024-10-30 16:08:08,646 [pod_foster.py] => per cls weights : [1.00484344 1.00484344 1.00484344 1.00484344 1.00484344 0.98789141
 0.98789141]
2024-10-30 16:08:12,528 [pod_foster.py] => Task 1, Epoch 1/150 => Loss 2.058, Loss_clf 0.805, Loss_fe 0.659, Loss_pod 0.344, Loss_flat 0.250, Train_accy 84.02, Test_accy 70.10
2024-10-30 16:08:24,342 [pod_foster.py] => Task 1, Epoch 6/150 => Loss 0.327, Loss_clf 0.017, Loss_fe 0.042, Loss_pod 0.174, Loss_flat 0.095, Train_accy 99.71, Test_accy 83.31
2024-10-30 16:08:41,639 [pod_foster.py] => Task 1, Epoch 11/150 => Loss 0.215, Loss_clf 0.008, Loss_fe 0.011, Loss_pod 0.132, Loss_flat 0.064, Train_accy 99.96, Test_accy 79.02
2024-10-30 16:08:58,647 [pod_foster.py] => Task 1, Epoch 16/150 => Loss 0.164, Loss_clf 0.006, Loss_fe 0.007, Loss_pod 0.104, Loss_flat 0.049, Train_accy 100.00, Test_accy 81.67
2024-10-30 16:09:14,784 [pod_foster.py] => Task 1, Epoch 21/150 => Loss 0.202, Loss_clf 0.010, Loss_fe 0.014, Loss_pod 0.119, Loss_flat 0.058, Train_accy 99.87, Test_accy 82.02
2024-10-30 16:09:30,157 [pod_foster.py] => Task 1, Epoch 26/150 => Loss 0.458, Loss_clf 0.030, Loss_fe 0.067, Loss_pod 0.236, Loss_flat 0.124, Train_accy 99.09, Test_accy 79.43
2024-10-30 16:09:46,937 [pod_foster.py] => Task 1, Epoch 31/150 => Loss 0.215, Loss_clf 0.008, Loss_fe 0.009, Loss_pod 0.136, Loss_flat 0.063, Train_accy 100.00, Test_accy 82.57
2024-10-30 16:10:02,929 [pod_foster.py] => Task 1, Epoch 36/150 => Loss 0.189, Loss_clf 0.007, Loss_fe 0.008, Loss_pod 0.121, Loss_flat 0.054, Train_accy 99.96, Test_accy 79.90
2024-10-30 16:10:18,335 [pod_foster.py] => Task 1, Epoch 41/150 => Loss 0.139, Loss_clf 0.004, Loss_fe 0.004, Loss_pod 0.092, Loss_flat 0.038, Train_accy 100.00, Test_accy 80.50
2024-10-30 16:10:30,187 [pod_foster.py] => Task 1, Epoch 46/150 => Loss 0.131, Loss_clf 0.004, Loss_fe 0.004, Loss_pod 0.088, Loss_flat 0.035, Train_accy 100.00, Test_accy 81.43
2024-10-30 16:10:41,759 [pod_foster.py] => Task 1, Epoch 51/150 => Loss 0.117, Loss_clf 0.004, Loss_fe 0.004, Loss_pod 0.078, Loss_flat 0.030, Train_accy 100.00, Test_accy 78.81
2024-10-30 16:10:53,130 [pod_foster.py] => Task 1, Epoch 56/150 => Loss 0.115, Loss_clf 0.004, Loss_fe 0.004, Loss_pod 0.077, Loss_flat 0.030, Train_accy 100.00, Test_accy 80.57
2024-10-30 16:11:05,211 [pod_foster.py] => Task 1, Epoch 61/150 => Loss 0.121, Loss_clf 0.005, Loss_fe 0.005, Loss_pod 0.078, Loss_flat 0.034, Train_accy 100.00, Test_accy 80.79
2024-10-30 16:11:18,452 [pod_foster.py] => Task 1, Epoch 66/150 => Loss 0.133, Loss_clf 0.005, Loss_fe 0.006, Loss_pod 0.086, Loss_flat 0.037, Train_accy 100.00, Test_accy 78.24
2024-10-30 16:11:33,321 [pod_foster.py] => Task 1, Epoch 71/150 => Loss 0.106, Loss_clf 0.004, Loss_fe 0.004, Loss_pod 0.070, Loss_flat 0.029, Train_accy 100.00, Test_accy 81.90
2024-10-30 16:11:49,114 [pod_foster.py] => Task 1, Epoch 76/150 => Loss 0.099, Loss_clf 0.003, Loss_fe 0.004, Loss_pod 0.066, Loss_flat 0.027, Train_accy 100.00, Test_accy 80.40
2024-10-30 16:12:06,673 [pod_foster.py] => Task 1, Epoch 81/150 => Loss 0.094, Loss_clf 0.003, Loss_fe 0.004, Loss_pod 0.062, Loss_flat 0.025, Train_accy 100.00, Test_accy 80.69
2024-10-30 16:12:22,421 [pod_foster.py] => Task 1, Epoch 86/150 => Loss 0.097, Loss_clf 0.003, Loss_fe 0.004, Loss_pod 0.064, Loss_flat 0.025, Train_accy 100.00, Test_accy 78.29
2024-10-30 16:12:38,124 [pod_foster.py] => Task 1, Epoch 91/150 => Loss 0.090, Loss_clf 0.004, Loss_fe 0.004, Loss_pod 0.059, Loss_flat 0.024, Train_accy 100.00, Test_accy 79.83
2024-10-30 16:12:53,596 [pod_foster.py] => Task 1, Epoch 96/150 => Loss 0.101, Loss_clf 0.004, Loss_fe 0.004, Loss_pod 0.064, Loss_flat 0.029, Train_accy 100.00, Test_accy 78.55
2024-10-30 16:13:08,971 [pod_foster.py] => Task 1, Epoch 101/150 => Loss 0.088, Loss_clf 0.004, Loss_fe 0.004, Loss_pod 0.055, Loss_flat 0.025, Train_accy 100.00, Test_accy 78.02
2024-10-30 16:13:20,405 [pod_foster.py] => Task 1, Epoch 106/150 => Loss 0.083, Loss_clf 0.003, Loss_fe 0.004, Loss_pod 0.052, Loss_flat 0.024, Train_accy 100.00, Test_accy 78.98
2024-10-30 16:13:31,920 [pod_foster.py] => Task 1, Epoch 111/150 => Loss 0.082, Loss_clf 0.004, Loss_fe 0.004, Loss_pod 0.050, Loss_flat 0.024, Train_accy 100.00, Test_accy 77.88
2024-10-30 16:13:43,375 [pod_foster.py] => Task 1, Epoch 116/150 => Loss 0.080, Loss_clf 0.004, Loss_fe 0.004, Loss_pod 0.049, Loss_flat 0.024, Train_accy 100.00, Test_accy 79.40
2024-10-30 16:13:55,201 [pod_foster.py] => Task 1, Epoch 121/150 => Loss 0.071, Loss_clf 0.003, Loss_fe 0.004, Loss_pod 0.042, Loss_flat 0.022, Train_accy 100.00, Test_accy 78.12
2024-10-30 16:14:07,905 [pod_foster.py] => Task 1, Epoch 126/150 => Loss 0.072, Loss_clf 0.003, Loss_fe 0.004, Loss_pod 0.042, Loss_flat 0.022, Train_accy 100.00, Test_accy 77.86
2024-10-30 16:14:26,076 [pod_foster.py] => Task 1, Epoch 131/150 => Loss 0.070, Loss_clf 0.003, Loss_fe 0.004, Loss_pod 0.041, Loss_flat 0.022, Train_accy 100.00, Test_accy 78.52
2024-10-30 16:14:42,367 [pod_foster.py] => Task 1, Epoch 136/150 => Loss 0.069, Loss_clf 0.003, Loss_fe 0.004, Loss_pod 0.040, Loss_flat 0.023, Train_accy 100.00, Test_accy 78.64
2024-10-30 16:14:58,710 [pod_foster.py] => Task 1, Epoch 141/150 => Loss 0.067, Loss_clf 0.003, Loss_fe 0.004, Loss_pod 0.037, Loss_flat 0.023, Train_accy 100.00, Test_accy 78.83
2024-10-30 16:15:14,930 [pod_foster.py] => Task 1, Epoch 146/150 => Loss 0.069, Loss_clf 0.003, Loss_fe 0.004, Loss_pod 0.040, Loss_flat 0.023, Train_accy 100.00, Test_accy 79.10
2024-10-30 16:15:26,520 [pod_foster.py] => Task 1, Epoch 150/150 => Loss 0.066, Loss_clf 0.003, Loss_fe 0.003, Loss_pod 0.037, Loss_flat 0.023, Train_accy 100.00
2024-10-30 16:15:26,521 [inc_net.py] => align weights, gamma = 0.4985683262348175 
2024-10-30 16:15:26,523 [pod_foster.py] => per cls weights : [1.01377356 1.01377356 1.01377356 1.01377356 1.01377356 0.96556609
 0.96556609]
2024-10-30 16:15:30,753 [pod_foster.py] => SNet: Task 1, Epoch 1/120 => Loss 1.332,  Train_accy 71.40, Test_accy 68.48
2024-10-30 16:15:45,015 [pod_foster.py] => SNet: Task 1, Epoch 6/120 => Loss 1.036,  Train_accy 96.24, Test_accy 85.26
2024-10-30 16:15:57,138 [pod_foster.py] => SNet: Task 1, Epoch 11/120 => Loss 1.029,  Train_accy 97.16, Test_accy 84.57
2024-10-30 16:16:07,260 [pod_foster.py] => SNet: Task 1, Epoch 16/120 => Loss 1.025,  Train_accy 97.40, Test_accy 85.71
2024-10-30 16:16:17,279 [pod_foster.py] => SNet: Task 1, Epoch 21/120 => Loss 1.023,  Train_accy 97.80, Test_accy 86.17
2024-10-30 16:16:27,150 [pod_foster.py] => SNet: Task 1, Epoch 26/120 => Loss 1.021,  Train_accy 97.67, Test_accy 86.90
2024-10-30 16:16:37,730 [pod_foster.py] => SNet: Task 1, Epoch 31/120 => Loss 1.021,  Train_accy 97.49, Test_accy 86.57
2024-10-30 16:16:48,103 [pod_foster.py] => SNet: Task 1, Epoch 36/120 => Loss 1.020,  Train_accy 98.02, Test_accy 85.98
2024-10-30 16:17:00,652 [pod_foster.py] => SNet: Task 1, Epoch 41/120 => Loss 1.021,  Train_accy 97.84, Test_accy 86.14
2024-10-30 16:17:14,521 [pod_foster.py] => SNet: Task 1, Epoch 46/120 => Loss 1.018,  Train_accy 97.93, Test_accy 85.71
2024-10-30 16:17:29,715 [pod_foster.py] => SNet: Task 1, Epoch 51/120 => Loss 1.019,  Train_accy 98.02, Test_accy 86.45
2024-10-30 16:17:44,274 [pod_foster.py] => SNet: Task 1, Epoch 56/120 => Loss 1.017,  Train_accy 97.89, Test_accy 87.05
2024-10-30 16:17:58,787 [pod_foster.py] => SNet: Task 1, Epoch 61/120 => Loss 1.019,  Train_accy 98.11, Test_accy 86.60
2024-10-30 16:18:14,572 [pod_foster.py] => SNet: Task 1, Epoch 66/120 => Loss 1.020,  Train_accy 98.16, Test_accy 86.52
2024-10-30 16:18:28,828 [pod_foster.py] => SNet: Task 1, Epoch 71/120 => Loss 1.018,  Train_accy 98.00, Test_accy 86.52
2024-10-30 16:18:43,205 [pod_foster.py] => SNet: Task 1, Epoch 76/120 => Loss 1.016,  Train_accy 98.09, Test_accy 86.81
2024-10-30 16:18:53,119 [pod_foster.py] => SNet: Task 1, Epoch 81/120 => Loss 1.016,  Train_accy 98.07, Test_accy 86.76
2024-10-30 16:19:03,270 [pod_foster.py] => SNet: Task 1, Epoch 86/120 => Loss 1.017,  Train_accy 98.09, Test_accy 86.95
2024-10-30 16:19:13,961 [pod_foster.py] => SNet: Task 1, Epoch 91/120 => Loss 1.018,  Train_accy 98.20, Test_accy 86.74
2024-10-30 16:19:24,852 [pod_foster.py] => SNet: Task 1, Epoch 96/120 => Loss 1.016,  Train_accy 98.16, Test_accy 86.76
2024-10-30 16:19:35,686 [pod_foster.py] => SNet: Task 1, Epoch 101/120 => Loss 1.014,  Train_accy 98.29, Test_accy 86.81
2024-10-30 16:19:45,921 [pod_foster.py] => SNet: Task 1, Epoch 106/120 => Loss 1.018,  Train_accy 98.20, Test_accy 86.62
2024-10-30 16:19:58,945 [pod_foster.py] => SNet: Task 1, Epoch 111/120 => Loss 1.017,  Train_accy 98.24, Test_accy 86.86
2024-10-30 16:20:14,498 [pod_foster.py] => SNet: Task 1, Epoch 116/120 => Loss 1.016,  Train_accy 98.47, Test_accy 86.64
2024-10-30 16:20:28,108 [pod_foster.py] => SNet: Task 1, Epoch 120/120 => Loss 1.016,  Train_accy 98.24
2024-10-30 16:20:28,108 [pod_foster.py] => do not weight align student!
2024-10-30 16:20:29,577 [pod_foster.py] => darknet eval: 
2024-10-30 16:20:29,578 [pod_foster.py] => CNN top1 curve: 86.55
2024-10-30 16:20:29,578 [pod_foster.py] => CNN top5 curve: 99.76
2024-10-30 16:20:29,578 [pod_foster.py] => CNN: {'total': 86.55, '00-04': 86.67, '05-06': 86.25, 'old': 86.67, 'new': 86.25}
2024-10-30 16:20:29,580 [pod_foster.py] => All params after compression: 3851086
2024-10-30 16:20:29,581 [base.py] => Reducing exemplars...(71 per classes)
2024-10-30 16:20:32,283 [base.py] => Constructing exemplars...(71 per classes)
2024-10-30 16:20:38,392 [trainer.py] => All params: 7701139
2024-10-30 16:20:41,950 [pod_foster.py] => Exemplar size: 497
2024-10-30 16:20:41,951 [trainer.py] => CNN: {'total': 87.67, '00-04': 89.6, '05-06': 82.83, 'old': 89.6, 'new': 82.83}
2024-10-30 16:20:41,963 [trainer.py] => NME: {'total': 81.83, '00-04': 85.67, '05-06': 72.25, 'old': 85.67, 'new': 72.25}
2024-10-30 16:20:41,964 [trainer.py] => CNN top1 curve: [96.3, 87.67]
2024-10-30 16:20:41,964 [trainer.py] => CNN top5 curve: [100.0, 99.74]
2024-10-30 16:20:41,964 [trainer.py] => NME top1 curve: [96.27, 81.83]
2024-10-30 16:20:41,964 [trainer.py] => NME top5 curve: [100.0, 99.76]

2024-10-30 16:20:41,964 [trainer.py] => Average Accuracy (CNN): 91.985
2024-10-30 16:20:41,964 [trainer.py] => Average Accuracy (NME): 89.05
2024-10-30 16:20:41,965 [trainer.py] => All params: 7701139
2024-10-30 16:20:41,966 [trainer.py] => Trainable params: 3854670
2024-10-30 16:20:42,180 [pod_foster.py] => Learning on 7-9
2024-10-30 16:20:42,181 [pod_foster.py] => All params: 7705241
2024-10-30 16:20:42,182 [pod_foster.py] => Trainable params: 3857746
2024-10-30 16:20:42,315 [pod_foster.py] => Adaptive factor: 2.1213203435596424
2024-10-30 16:20:42,346 [pod_foster.py] => per cls weights : [1.01239929 1.01239929 1.01239929 1.01239929 1.01239929 1.01239929
 1.01239929 0.95660248 0.95660248]
2024-10-30 16:20:48,200 [pod_foster.py] => Task 2, Epoch 1/150 => Loss 1.916, Loss_clf 0.669, Loss_fe 0.720, Loss_pod 0.319, Loss_flat 0.208, Train_accy 82.70, Test_accy 45.94
2024-10-30 16:21:05,372 [pod_foster.py] => Task 2, Epoch 6/150 => Loss 0.342, Loss_clf 0.019, Loss_fe 0.044, Loss_pod 0.177, Loss_flat 0.102, Train_accy 99.84, Test_accy 59.81
2024-10-30 16:21:23,261 [pod_foster.py] => Task 2, Epoch 11/150 => Loss 0.209, Loss_clf 0.009, Loss_fe 0.010, Loss_pod 0.125, Loss_flat 0.065, Train_accy 99.98, Test_accy 65.00
2024-10-30 16:21:39,835 [pod_foster.py] => Task 2, Epoch 16/150 => Loss 0.192, Loss_clf 0.007, Loss_fe 0.008, Loss_pod 0.119, Loss_flat 0.058, Train_accy 100.00, Test_accy 63.81
2024-10-30 16:21:53,038 [pod_foster.py] => Task 2, Epoch 21/150 => Loss 0.147, Loss_clf 0.005, Loss_fe 0.005, Loss_pod 0.095, Loss_flat 0.042, Train_accy 100.00, Test_accy 57.87
2024-10-30 16:22:04,766 [pod_foster.py] => Task 2, Epoch 26/150 => Loss 0.691, Loss_clf 0.086, Loss_fe 0.183, Loss_pod 0.273, Loss_flat 0.149, Train_accy 97.11, Test_accy 48.91
2024-10-30 16:22:16,608 [pod_foster.py] => Task 2, Epoch 31/150 => Loss 0.193, Loss_clf 0.006, Loss_fe 0.007, Loss_pod 0.121, Loss_flat 0.059, Train_accy 99.98, Test_accy 62.59
2024-10-30 16:22:28,763 [pod_foster.py] => Task 2, Epoch 36/150 => Loss 0.141, Loss_clf 0.004, Loss_fe 0.004, Loss_pod 0.092, Loss_flat 0.040, Train_accy 100.00, Test_accy 58.72
2024-10-30 16:22:43,311 [pod_foster.py] => Task 2, Epoch 41/150 => Loss 0.178, Loss_clf 0.005, Loss_fe 0.005, Loss_pod 0.114, Loss_flat 0.054, Train_accy 99.98, Test_accy 60.83
2024-10-30 16:23:00,765 [pod_foster.py] => Task 2, Epoch 46/150 => Loss 0.135, Loss_clf 0.004, Loss_fe 0.004, Loss_pod 0.088, Loss_flat 0.038, Train_accy 100.00, Test_accy 57.63
2024-10-30 16:23:19,441 [pod_foster.py] => Task 2, Epoch 51/150 => Loss 0.125, Loss_clf 0.004, Loss_fe 0.005, Loss_pod 0.080, Loss_flat 0.036, Train_accy 100.00, Test_accy 59.06
2024-10-30 16:23:35,597 [pod_foster.py] => Task 2, Epoch 56/150 => Loss 0.124, Loss_clf 0.004, Loss_fe 0.005, Loss_pod 0.080, Loss_flat 0.035, Train_accy 100.00, Test_accy 60.61
2024-10-30 16:23:52,763 [pod_foster.py] => Task 2, Epoch 61/150 => Loss 0.192, Loss_clf 0.010, Loss_fe 0.014, Loss_pod 0.116, Loss_flat 0.052, Train_accy 99.89, Test_accy 61.02
2024-10-30 16:24:10,162 [pod_foster.py] => Task 2, Epoch 66/150 => Loss 0.157, Loss_clf 0.006, Loss_fe 0.007, Loss_pod 0.096, Loss_flat 0.048, Train_accy 99.98, Test_accy 60.24
2024-10-30 16:24:25,710 [pod_foster.py] => Task 2, Epoch 71/150 => Loss 0.141, Loss_clf 0.005, Loss_fe 0.005, Loss_pod 0.088, Loss_flat 0.041, Train_accy 99.98, Test_accy 59.54
2024-10-30 16:24:38,223 [pod_foster.py] => Task 2, Epoch 76/150 => Loss 0.113, Loss_clf 0.004, Loss_fe 0.004, Loss_pod 0.074, Loss_flat 0.031, Train_accy 100.00, Test_accy 58.35
2024-10-30 16:24:50,721 [pod_foster.py] => Task 2, Epoch 81/150 => Loss 0.115, Loss_clf 0.004, Loss_fe 0.004, Loss_pod 0.070, Loss_flat 0.037, Train_accy 100.00, Test_accy 58.09
2024-10-30 16:25:03,486 [pod_foster.py] => Task 2, Epoch 86/150 => Loss 0.103, Loss_clf 0.004, Loss_fe 0.004, Loss_pod 0.065, Loss_flat 0.030, Train_accy 100.00, Test_accy 57.30
2024-10-30 16:25:16,101 [pod_foster.py] => Task 2, Epoch 91/150 => Loss 0.107, Loss_clf 0.004, Loss_fe 0.004, Loss_pod 0.068, Loss_flat 0.031, Train_accy 100.00, Test_accy 59.00
2024-10-30 16:25:28,641 [pod_foster.py] => Task 2, Epoch 96/150 => Loss 0.098, Loss_clf 0.003, Loss_fe 0.004, Loss_pod 0.062, Loss_flat 0.028, Train_accy 100.00, Test_accy 59.31
2024-10-30 16:25:44,031 [pod_foster.py] => Task 2, Epoch 101/150 => Loss 0.098, Loss_clf 0.004, Loss_fe 0.004, Loss_pod 0.060, Loss_flat 0.030, Train_accy 100.00, Test_accy 58.22
2024-10-30 16:25:59,990 [pod_foster.py] => Task 2, Epoch 106/150 => Loss 0.096, Loss_clf 0.005, Loss_fe 0.005, Loss_pod 0.058, Loss_flat 0.028, Train_accy 100.00, Test_accy 56.80
2024-10-30 16:26:16,619 [pod_foster.py] => Task 2, Epoch 111/150 => Loss 0.088, Loss_clf 0.004, Loss_fe 0.004, Loss_pod 0.052, Loss_flat 0.027, Train_accy 100.00, Test_accy 59.07
2024-10-30 16:26:33,326 [pod_foster.py] => Task 2, Epoch 116/150 => Loss 0.090, Loss_clf 0.005, Loss_fe 0.005, Loss_pod 0.053, Loss_flat 0.027, Train_accy 100.00, Test_accy 60.33
2024-10-30 16:26:51,812 [pod_foster.py] => Task 2, Epoch 121/150 => Loss 0.080, Loss_clf 0.004, Loss_fe 0.004, Loss_pod 0.046, Loss_flat 0.026, Train_accy 100.00, Test_accy 58.09
2024-10-30 16:27:08,511 [pod_foster.py] => Task 2, Epoch 126/150 => Loss 0.079, Loss_clf 0.003, Loss_fe 0.003, Loss_pod 0.046, Loss_flat 0.027, Train_accy 100.00, Test_accy 59.13
2024-10-30 16:27:23,590 [pod_foster.py] => Task 2, Epoch 131/150 => Loss 0.079, Loss_clf 0.003, Loss_fe 0.004, Loss_pod 0.045, Loss_flat 0.027, Train_accy 100.00, Test_accy 59.87
2024-10-30 16:27:36,244 [pod_foster.py] => Task 2, Epoch 136/150 => Loss 0.074, Loss_clf 0.003, Loss_fe 0.003, Loss_pod 0.042, Loss_flat 0.026, Train_accy 100.00, Test_accy 59.54
2024-10-30 16:27:48,363 [pod_foster.py] => Task 2, Epoch 141/150 => Loss 0.070, Loss_clf 0.003, Loss_fe 0.004, Loss_pod 0.037, Loss_flat 0.025, Train_accy 100.00, Test_accy 59.30
2024-10-30 16:28:00,458 [pod_foster.py] => Task 2, Epoch 146/150 => Loss 0.075, Loss_clf 0.004, Loss_fe 0.004, Loss_pod 0.040, Loss_flat 0.027, Train_accy 100.00, Test_accy 56.17
2024-10-30 16:28:09,061 [pod_foster.py] => Task 2, Epoch 150/150 => Loss 0.070, Loss_clf 0.003, Loss_fe 0.003, Loss_pod 0.038, Loss_flat 0.026, Train_accy 100.00
2024-10-30 16:28:09,064 [inc_net.py] => align weights, gamma = 0.4896933138370514 
2024-10-30 16:28:09,065 [pod_foster.py] => per cls weights : [1.02623168 1.02623168 1.02623168 1.02623168 1.02623168 1.02623168
 1.02623168 0.90818914 0.90818914]
2024-10-30 16:28:12,237 [pod_foster.py] => SNet: Task 2, Epoch 1/120 => Loss 1.574,  Train_accy 73.85, Test_accy 67.63
2024-10-30 16:28:23,029 [pod_foster.py] => SNet: Task 2, Epoch 6/120 => Loss 1.320,  Train_accy 95.71, Test_accy 74.63
2024-10-30 16:28:38,134 [pod_foster.py] => SNet: Task 2, Epoch 11/120 => Loss 1.319,  Train_accy 96.62, Test_accy 75.41
2024-10-30 16:28:53,602 [pod_foster.py] => SNet: Task 2, Epoch 16/120 => Loss 1.317,  Train_accy 96.64, Test_accy 75.44
2024-10-30 16:29:08,909 [pod_foster.py] => SNet: Task 2, Epoch 21/120 => Loss 1.314,  Train_accy 96.93, Test_accy 76.24
2024-10-30 16:29:23,933 [pod_foster.py] => SNet: Task 2, Epoch 26/120 => Loss 1.315,  Train_accy 97.13, Test_accy 75.67
2024-10-30 16:29:41,046 [pod_foster.py] => SNet: Task 2, Epoch 31/120 => Loss 1.310,  Train_accy 96.89, Test_accy 76.24
2024-10-30 16:29:56,411 [pod_foster.py] => SNet: Task 2, Epoch 36/120 => Loss 1.312,  Train_accy 97.11, Test_accy 76.07
2024-10-30 16:30:13,101 [pod_foster.py] => SNet: Task 2, Epoch 41/120 => Loss 1.310,  Train_accy 97.11, Test_accy 75.50
2024-10-30 16:30:24,599 [pod_foster.py] => SNet: Task 2, Epoch 46/120 => Loss 1.310,  Train_accy 97.13, Test_accy 76.70
2024-10-30 16:30:35,229 [pod_foster.py] => SNet: Task 2, Epoch 51/120 => Loss 1.310,  Train_accy 97.33, Test_accy 76.52
2024-10-30 16:30:46,180 [pod_foster.py] => SNet: Task 2, Epoch 56/120 => Loss 1.311,  Train_accy 97.00, Test_accy 76.39
2024-10-30 16:30:57,231 [pod_foster.py] => SNet: Task 2, Epoch 61/120 => Loss 1.312,  Train_accy 97.22, Test_accy 77.56
2024-10-30 16:31:08,124 [pod_foster.py] => SNet: Task 2, Epoch 66/120 => Loss 1.309,  Train_accy 97.55, Test_accy 76.20
2024-10-30 16:31:18,953 [pod_foster.py] => SNet: Task 2, Epoch 71/120 => Loss 1.310,  Train_accy 97.09, Test_accy 76.57
2024-10-30 16:31:33,053 [pod_foster.py] => SNet: Task 2, Epoch 76/120 => Loss 1.308,  Train_accy 97.46, Test_accy 77.70
2024-10-30 16:31:48,408 [pod_foster.py] => SNet: Task 2, Epoch 81/120 => Loss 1.311,  Train_accy 97.20, Test_accy 76.43
2024-10-30 16:32:02,739 [pod_foster.py] => SNet: Task 2, Epoch 86/120 => Loss 1.305,  Train_accy 97.42, Test_accy 76.56
2024-10-30 16:32:17,993 [pod_foster.py] => SNet: Task 2, Epoch 91/120 => Loss 1.307,  Train_accy 97.46, Test_accy 77.17
2024-10-30 16:32:33,640 [pod_foster.py] => SNet: Task 2, Epoch 96/120 => Loss 1.305,  Train_accy 97.38, Test_accy 76.39
2024-10-30 16:32:48,494 [pod_foster.py] => SNet: Task 2, Epoch 101/120 => Loss 1.306,  Train_accy 97.40, Test_accy 75.80
2024-10-30 16:33:00,423 [pod_foster.py] => SNet: Task 2, Epoch 106/120 => Loss 1.308,  Train_accy 97.46, Test_accy 77.19
2024-10-30 16:33:09,107 [pod_foster.py] => SNet: Task 2, Epoch 111/120 => Loss 1.309,  Train_accy 97.29, Test_accy 77.11
2024-10-30 16:33:18,130 [pod_foster.py] => SNet: Task 2, Epoch 116/120 => Loss 1.309,  Train_accy 97.20, Test_accy 76.44
2024-10-30 16:33:24,784 [pod_foster.py] => SNet: Task 2, Epoch 120/120 => Loss 1.308,  Train_accy 97.40
2024-10-30 16:33:24,784 [pod_foster.py] => do not weight align student!
2024-10-30 16:33:25,642 [pod_foster.py] => darknet eval: 
2024-10-30 16:33:25,642 [pod_foster.py] => CNN top1 curve: 77.15
2024-10-30 16:33:25,642 [pod_foster.py] => CNN top5 curve: 98.59
2024-10-30 16:33:25,642 [pod_foster.py] => CNN: {'total': 77.15, '00-04': 72.4, '05-06': 82.75, '07-08': 83.42, 'old': 75.36, 'new': 83.42}
2024-10-30 16:33:25,645 [pod_foster.py] => All params after compression: 3853138
2024-10-30 16:33:25,645 [base.py] => Reducing exemplars...(55 per classes)
2024-10-30 16:33:27,433 [base.py] => Constructing exemplars...(55 per classes)
2024-10-30 16:33:30,649 [trainer.py] => All params: 7705241
2024-10-30 16:33:33,032 [pod_foster.py] => Exemplar size: 495
2024-10-30 16:33:33,033 [trainer.py] => CNN: {'total': 76.76, '00-04': 71.0, '05-06': 85.67, '07-08': 82.25, 'old': 75.19, 'new': 82.25}
2024-10-30 16:33:33,033 [trainer.py] => NME: {'total': 70.48, '00-04': 76.27, '05-06': 64.83, '07-08': 61.67, 'old': 73.0, 'new': 61.67}
2024-10-30 16:33:33,033 [trainer.py] => CNN top1 curve: [96.3, 87.67, 76.76]
2024-10-30 16:33:33,033 [trainer.py] => CNN top5 curve: [100.0, 99.74, 98.5]
2024-10-30 16:33:33,033 [trainer.py] => NME top1 curve: [96.27, 81.83, 70.48]
2024-10-30 16:33:33,033 [trainer.py] => NME top5 curve: [100.0, 99.76, 98.3]

2024-10-30 16:33:33,033 [trainer.py] => Average Accuracy (CNN): 86.91000000000001
2024-10-30 16:33:33,033 [trainer.py] => Average Accuracy (NME): 82.86
2024-10-30 16:33:33,034 [trainer.py] => Forgetting (CNN): 12.649999999999999
