2024-10-30 17:29:36,297 [trainer.py] => config: ./exps/POD_foster.json
2024-10-30 17:29:36,298 [trainer.py] => prefix: cil
2024-10-30 17:29:36,298 [trainer.py] => dataset: hrrp9
2024-10-30 17:29:36,299 [trainer.py] => memory_size: 500
2024-10-30 17:29:36,299 [trainer.py] => memory_per_class: 20
2024-10-30 17:29:36,299 [trainer.py] => fixed_memory: False
2024-10-30 17:29:36,300 [trainer.py] => shuffle: True
2024-10-30 17:29:36,300 [trainer.py] => init_cls: 5
2024-10-30 17:29:36,300 [trainer.py] => increment: 2
2024-10-30 17:29:36,301 [trainer.py] => model_name: POD_foster
2024-10-30 17:29:36,301 [trainer.py] => convnet_type: resnet18
2024-10-30 17:29:36,301 [trainer.py] => init_train: False
2024-10-30 17:29:36,302 [trainer.py] => convnet_path2: checkpoints/init_train/resnet18_35172.pth
2024-10-30 17:29:36,302 [trainer.py] => fc_path2: checkpoints/init_train/fc_35172.pth
2024-10-30 17:29:36,306 [trainer.py] => convnet_path1: checkpoints/init_train/resnet18_42503.pth
2024-10-30 17:29:36,307 [trainer.py] => fc_path1: checkpoints/init_train/fc_42503.pth
2024-10-30 17:29:36,308 [trainer.py] => convnet_path: checkpoints/init_train/resnet18_42871.pth
2024-10-30 17:29:36,308 [trainer.py] => fc_path: checkpoints/init_train/fc_42871.pth
2024-10-30 17:29:36,309 [trainer.py] => device: [device(type='cuda', index=4)]
2024-10-30 17:29:36,309 [trainer.py] => seed: 110
2024-10-30 17:29:36,309 [trainer.py] => beta1: 0.96
2024-10-30 17:29:36,310 [trainer.py] => beta2: 0.97
2024-10-30 17:29:36,310 [trainer.py] => oofc: ft
2024-10-30 17:29:36,310 [trainer.py] => is_teacher_wa: True
2024-10-30 17:29:36,311 [trainer.py] => is_student_wa: False
2024-10-30 17:29:36,311 [trainer.py] => is_teacher_la: True
2024-10-30 17:29:36,313 [trainer.py] => is_student_la: True
2024-10-30 17:29:36,313 [trainer.py] => lambda_okd: 0
2024-10-30 17:29:36,314 [trainer.py] => wa_value: 1
2024-10-30 17:29:36,315 [trainer.py] => init_epochs: 0
2024-10-30 17:29:36,315 [trainer.py] => init_lr: 0.1
2024-10-30 17:29:36,315 [trainer.py] => init_weight_decay: 0.0005
2024-10-30 17:29:36,316 [trainer.py] => boosting_epochs: 150
2024-10-30 17:29:36,316 [trainer.py] => compression_epochs: 120
2024-10-30 17:29:36,316 [trainer.py] => lr: 0.1
2024-10-30 17:29:36,317 [trainer.py] => batch_size: 128
2024-10-30 17:29:36,317 [trainer.py] => weight_decay: 0.0005
2024-10-30 17:29:36,318 [trainer.py] => num_workers: 8
2024-10-30 17:29:36,318 [trainer.py] => momentum: 0.9
2024-10-30 17:29:36,319 [trainer.py] => T: 2
2024-10-30 17:29:36,319 [trainer.py] => lambda_c_base: 0.8
2024-10-30 17:29:36,320 [trainer.py] => lambda_f_base: 1.0
2024-10-30 17:29:36,320 [trainer.py] => POD: w
2024-10-30 17:29:37,118 [data_manager.py] => [4, 2, 8, 7, 1, 6, 5, 3, 0]
2024-10-30 17:29:37,175 [trainer.py] => All params: 0
2024-10-30 17:29:37,175 [trainer.py] => Trainable params: 0
2024-10-30 17:29:37,682 [pod_foster.py] => Learning on 0-5
2024-10-30 17:29:37,683 [pod_foster.py] => All params: 3849034
2024-10-30 17:29:37,684 [pod_foster.py] => Trainable params: 3849034
2024-10-30 17:29:37,840 [pod_foster.py] => Adaptive factor: 0
2024-10-30 17:29:38,292 [pod_foster.py] => init_train?---False
2024-10-30 17:29:39,720 [base.py] => Reducing exemplars...(100 per classes)
2024-10-30 17:29:39,721 [base.py] => Constructing exemplars...(100 per classes)
2024-10-30 17:29:50,902 [trainer.py] => All params: 3849034
2024-10-30 17:29:52,829 [pod_foster.py] => Exemplar size: 500
2024-10-30 17:29:52,830 [trainer.py] => CNN: {'total': 96.3, '00-04': 96.3, 'old': 0, 'new': 96.3}
2024-10-30 17:29:52,830 [trainer.py] => NME: {'total': 96.27, '00-04': 96.27, 'old': 0, 'new': 96.27}
2024-10-30 17:29:52,830 [trainer.py] => CNN top1 curve: [96.3]
2024-10-30 17:29:52,831 [trainer.py] => CNN top5 curve: [100.0]
2024-10-30 17:29:52,831 [trainer.py] => NME top1 curve: [96.27]
2024-10-30 17:29:52,831 [trainer.py] => NME top5 curve: [100.0]

2024-10-30 17:29:52,832 [trainer.py] => Average Accuracy (CNN): 96.3
2024-10-30 17:29:52,832 [trainer.py] => Average Accuracy (NME): 96.27
2024-10-30 17:29:52,833 [trainer.py] => All params: 3849034
2024-10-30 17:29:52,834 [trainer.py] => Trainable params: 3849034
2024-10-30 17:29:52,935 [pod_foster.py] => Learning on 5-7
2024-10-30 17:29:52,938 [pod_foster.py] => All params: 7701139
2024-10-30 17:29:52,940 [pod_foster.py] => Trainable params: 3854670
2024-10-30 17:29:53,043 [pod_foster.py] => Adaptive factor: 1.8708286933869707
2024-10-30 17:29:53,060 [pod_foster.py] => per cls weights : [1.00484344 1.00484344 1.00484344 1.00484344 1.00484344 0.98789141
 0.98789141]
2024-10-30 17:29:57,413 [pod_foster.py] => Task 1, Epoch 1/150 => Loss 2.144, Loss_clf 0.793, Loss_fe 0.652, Loss_pod 0.481, Loss_flat 0.217, Train_accy 84.40, Test_accy 71.74
2024-10-30 17:30:08,078 [pod_foster.py] => Task 1, Epoch 6/150 => Loss 0.405, Loss_clf 0.016, Loss_fe 0.053, Loss_pod 0.257, Loss_flat 0.079, Train_accy 99.76, Test_accy 84.95
2024-10-30 17:30:19,366 [pod_foster.py] => Task 1, Epoch 11/150 => Loss 0.297, Loss_clf 0.008, Loss_fe 0.016, Loss_pod 0.214, Loss_flat 0.059, Train_accy 99.96, Test_accy 81.31
2024-10-30 17:30:31,360 [pod_foster.py] => Task 1, Epoch 16/150 => Loss 0.243, Loss_clf 0.007, Loss_fe 0.010, Loss_pod 0.181, Loss_flat 0.045, Train_accy 100.00, Test_accy 82.86
2024-10-30 17:30:43,174 [pod_foster.py] => Task 1, Epoch 21/150 => Loss 0.215, Loss_clf 0.008, Loss_fe 0.010, Loss_pod 0.160, Loss_flat 0.038, Train_accy 99.96, Test_accy 77.76
2024-10-30 17:30:54,803 [pod_foster.py] => Task 1, Epoch 26/150 => Loss 0.433, Loss_clf 0.017, Loss_fe 0.034, Loss_pod 0.298, Loss_flat 0.084, Train_accy 99.62, Test_accy 81.95
2024-10-30 17:31:06,533 [pod_foster.py] => Task 1, Epoch 31/150 => Loss 0.255, Loss_clf 0.008, Loss_fe 0.009, Loss_pod 0.194, Loss_flat 0.044, Train_accy 99.93, Test_accy 84.60
2024-10-30 17:31:20,255 [pod_foster.py] => Task 1, Epoch 36/150 => Loss 0.200, Loss_clf 0.004, Loss_fe 0.006, Loss_pod 0.159, Loss_flat 0.031, Train_accy 100.00, Test_accy 80.67
2024-10-30 17:31:36,801 [pod_foster.py] => Task 1, Epoch 41/150 => Loss 0.176, Loss_clf 0.004, Loss_fe 0.006, Loss_pod 0.141, Loss_flat 0.026, Train_accy 100.00, Test_accy 79.81
2024-10-30 17:31:51,999 [pod_foster.py] => Task 1, Epoch 46/150 => Loss 0.167, Loss_clf 0.004, Loss_fe 0.006, Loss_pod 0.133, Loss_flat 0.024, Train_accy 100.00, Test_accy 81.17
2024-10-30 17:32:07,398 [pod_foster.py] => Task 1, Epoch 51/150 => Loss 0.160, Loss_clf 0.004, Loss_fe 0.006, Loss_pod 0.128, Loss_flat 0.022, Train_accy 100.00, Test_accy 79.19
2024-10-30 17:32:21,907 [pod_foster.py] => Task 1, Epoch 56/150 => Loss 0.158, Loss_clf 0.004, Loss_fe 0.005, Loss_pod 0.127, Loss_flat 0.022, Train_accy 100.00, Test_accy 80.43
2024-10-30 17:32:35,283 [pod_foster.py] => Task 1, Epoch 61/150 => Loss 0.182, Loss_clf 0.007, Loss_fe 0.009, Loss_pod 0.137, Loss_flat 0.029, Train_accy 99.93, Test_accy 82.83
2024-10-30 17:32:49,634 [pod_foster.py] => Task 1, Epoch 66/150 => Loss 0.154, Loss_clf 0.004, Loss_fe 0.006, Loss_pod 0.122, Loss_flat 0.022, Train_accy 100.00, Test_accy 77.48
2024-10-30 17:33:03,019 [pod_foster.py] => Task 1, Epoch 71/150 => Loss 0.145, Loss_clf 0.004, Loss_fe 0.006, Loss_pod 0.114, Loss_flat 0.021, Train_accy 100.00, Test_accy 82.10
2024-10-30 17:33:15,226 [pod_foster.py] => Task 1, Epoch 76/150 => Loss 0.146, Loss_clf 0.004, Loss_fe 0.005, Loss_pod 0.117, Loss_flat 0.020, Train_accy 100.00, Test_accy 80.14
2024-10-30 17:33:26,957 [pod_foster.py] => Task 1, Epoch 81/150 => Loss 0.134, Loss_clf 0.004, Loss_fe 0.005, Loss_pod 0.107, Loss_flat 0.018, Train_accy 100.00, Test_accy 79.21
2024-10-30 17:33:38,807 [pod_foster.py] => Task 1, Epoch 86/150 => Loss 0.139, Loss_clf 0.004, Loss_fe 0.005, Loss_pod 0.111, Loss_flat 0.019, Train_accy 100.00, Test_accy 77.55
2024-10-30 17:33:50,362 [pod_foster.py] => Task 1, Epoch 91/150 => Loss 0.132, Loss_clf 0.004, Loss_fe 0.005, Loss_pod 0.105, Loss_flat 0.018, Train_accy 100.00, Test_accy 79.19
2024-10-30 17:34:02,172 [pod_foster.py] => Task 1, Epoch 96/150 => Loss 0.146, Loss_clf 0.004, Loss_fe 0.006, Loss_pod 0.113, Loss_flat 0.023, Train_accy 100.00, Test_accy 77.62
2024-10-30 17:34:13,528 [pod_foster.py] => Task 1, Epoch 101/150 => Loss 0.130, Loss_clf 0.004, Loss_fe 0.005, Loss_pod 0.102, Loss_flat 0.019, Train_accy 100.00, Test_accy 78.45
2024-10-30 17:34:26,662 [pod_foster.py] => Task 1, Epoch 106/150 => Loss 0.123, Loss_clf 0.004, Loss_fe 0.005, Loss_pod 0.097, Loss_flat 0.018, Train_accy 100.00, Test_accy 80.36
2024-10-30 17:34:41,530 [pod_foster.py] => Task 1, Epoch 111/150 => Loss 0.123, Loss_clf 0.004, Loss_fe 0.005, Loss_pod 0.096, Loss_flat 0.018, Train_accy 100.00, Test_accy 78.10
2024-10-30 17:34:57,928 [pod_foster.py] => Task 1, Epoch 116/150 => Loss 0.120, Loss_clf 0.004, Loss_fe 0.005, Loss_pod 0.093, Loss_flat 0.018, Train_accy 100.00, Test_accy 79.43
2024-10-30 17:35:13,097 [pod_foster.py] => Task 1, Epoch 121/150 => Loss 0.110, Loss_clf 0.004, Loss_fe 0.005, Loss_pod 0.085, Loss_flat 0.016, Train_accy 100.00, Test_accy 78.74
2024-10-30 17:35:27,949 [pod_foster.py] => Task 1, Epoch 126/150 => Loss 0.111, Loss_clf 0.004, Loss_fe 0.005, Loss_pod 0.086, Loss_flat 0.016, Train_accy 100.00, Test_accy 78.69
2024-10-30 17:35:44,336 [pod_foster.py] => Task 1, Epoch 131/150 => Loss 0.109, Loss_clf 0.003, Loss_fe 0.005, Loss_pod 0.085, Loss_flat 0.016, Train_accy 100.00, Test_accy 79.24
2024-10-30 17:35:59,872 [pod_foster.py] => Task 1, Epoch 136/150 => Loss 0.108, Loss_clf 0.003, Loss_fe 0.005, Loss_pod 0.083, Loss_flat 0.017, Train_accy 100.00, Test_accy 79.43
2024-10-30 17:36:15,279 [pod_foster.py] => Task 1, Epoch 141/150 => Loss 0.106, Loss_clf 0.004, Loss_fe 0.005, Loss_pod 0.081, Loss_flat 0.017, Train_accy 100.00, Test_accy 79.12
2024-10-30 17:36:27,362 [pod_foster.py] => Task 1, Epoch 146/150 => Loss 0.112, Loss_clf 0.004, Loss_fe 0.005, Loss_pod 0.087, Loss_flat 0.017, Train_accy 100.00, Test_accy 79.79
2024-10-30 17:36:35,861 [pod_foster.py] => Task 1, Epoch 150/150 => Loss 0.105, Loss_clf 0.004, Loss_fe 0.005, Loss_pod 0.081, Loss_flat 0.016, Train_accy 100.00
2024-10-30 17:36:35,863 [inc_net.py] => align weights, gamma = 0.4971359074115753 
2024-10-30 17:36:35,864 [pod_foster.py] => per cls weights : [1.01377356 1.01377356 1.01377356 1.01377356 1.01377356 0.96556609
 0.96556609]
2024-10-30 17:36:38,462 [pod_foster.py] => SNet: Task 1, Epoch 1/120 => Loss 1.321,  Train_accy 72.69, Test_accy 68.07
2024-10-30 17:36:48,220 [pod_foster.py] => SNet: Task 1, Epoch 6/120 => Loss 1.029,  Train_accy 96.22, Test_accy 84.98
2024-10-30 17:36:57,992 [pod_foster.py] => SNet: Task 1, Epoch 11/120 => Loss 1.022,  Train_accy 96.60, Test_accy 84.17
2024-10-30 17:37:08,346 [pod_foster.py] => SNet: Task 1, Epoch 16/120 => Loss 1.017,  Train_accy 96.67, Test_accy 85.60
2024-10-30 17:37:19,039 [pod_foster.py] => SNet: Task 1, Epoch 21/120 => Loss 1.015,  Train_accy 96.96, Test_accy 86.10
2024-10-30 17:37:29,544 [pod_foster.py] => SNet: Task 1, Epoch 26/120 => Loss 1.013,  Train_accy 96.82, Test_accy 86.69
2024-10-30 17:37:42,756 [pod_foster.py] => SNet: Task 1, Epoch 31/120 => Loss 1.014,  Train_accy 96.98, Test_accy 86.21
2024-10-30 17:37:57,822 [pod_foster.py] => SNet: Task 1, Epoch 36/120 => Loss 1.013,  Train_accy 97.07, Test_accy 86.00
2024-10-30 17:38:11,403 [pod_foster.py] => SNet: Task 1, Epoch 41/120 => Loss 1.012,  Train_accy 97.20, Test_accy 85.95
2024-10-30 17:38:24,942 [pod_foster.py] => SNet: Task 1, Epoch 46/120 => Loss 1.009,  Train_accy 96.93, Test_accy 85.05
2024-10-30 17:38:36,740 [pod_foster.py] => SNet: Task 1, Epoch 51/120 => Loss 1.012,  Train_accy 97.36, Test_accy 86.50
2024-10-30 17:38:51,190 [pod_foster.py] => SNet: Task 1, Epoch 56/120 => Loss 1.009,  Train_accy 97.42, Test_accy 86.40
2024-10-30 17:39:04,499 [pod_foster.py] => SNet: Task 1, Epoch 61/120 => Loss 1.010,  Train_accy 97.44, Test_accy 86.48
2024-10-30 17:39:17,767 [pod_foster.py] => SNet: Task 1, Epoch 66/120 => Loss 1.011,  Train_accy 97.47, Test_accy 86.21
2024-10-30 17:39:29,212 [pod_foster.py] => SNet: Task 1, Epoch 71/120 => Loss 1.010,  Train_accy 97.24, Test_accy 86.24
2024-10-30 17:39:39,392 [pod_foster.py] => SNet: Task 1, Epoch 76/120 => Loss 1.007,  Train_accy 97.38, Test_accy 86.36
2024-10-30 17:39:49,686 [pod_foster.py] => SNet: Task 1, Epoch 81/120 => Loss 1.008,  Train_accy 97.24, Test_accy 86.12
2024-10-30 17:40:00,261 [pod_foster.py] => SNet: Task 1, Epoch 86/120 => Loss 1.008,  Train_accy 97.47, Test_accy 86.83
2024-10-30 17:40:10,692 [pod_foster.py] => SNet: Task 1, Epoch 91/120 => Loss 1.010,  Train_accy 97.44, Test_accy 86.74
2024-10-30 17:40:20,750 [pod_foster.py] => SNet: Task 1, Epoch 96/120 => Loss 1.008,  Train_accy 97.60, Test_accy 86.36
2024-10-30 17:40:30,475 [pod_foster.py] => SNet: Task 1, Epoch 101/120 => Loss 1.007,  Train_accy 97.36, Test_accy 85.95
2024-10-30 17:40:43,798 [pod_foster.py] => SNet: Task 1, Epoch 106/120 => Loss 1.009,  Train_accy 97.60, Test_accy 86.07
2024-10-30 17:40:59,807 [pod_foster.py] => SNet: Task 1, Epoch 111/120 => Loss 1.009,  Train_accy 97.51, Test_accy 86.50
2024-10-30 17:41:16,344 [pod_foster.py] => SNet: Task 1, Epoch 116/120 => Loss 1.008,  Train_accy 97.42, Test_accy 86.45
2024-10-30 17:41:28,303 [pod_foster.py] => SNet: Task 1, Epoch 120/120 => Loss 1.008,  Train_accy 97.56
2024-10-30 17:41:28,303 [pod_foster.py] => do not weight align student!
2024-10-30 17:41:29,645 [pod_foster.py] => darknet eval: 
2024-10-30 17:41:29,645 [pod_foster.py] => CNN top1 curve: 86.12
2024-10-30 17:41:29,645 [pod_foster.py] => CNN top5 curve: 99.67
2024-10-30 17:41:29,645 [pod_foster.py] => CNN: {'total': 86.12, '00-04': 86.1, '05-06': 86.17, 'old': 86.1, 'new': 86.17}
2024-10-30 17:41:29,646 [pod_foster.py] => All params after compression: 3851086
2024-10-30 17:41:29,647 [base.py] => Reducing exemplars...(71 per classes)
2024-10-30 17:41:32,299 [base.py] => Constructing exemplars...(71 per classes)
2024-10-30 17:41:38,204 [trainer.py] => All params: 7701139
2024-10-30 17:41:41,176 [pod_foster.py] => Exemplar size: 497
2024-10-30 17:41:41,177 [trainer.py] => CNN: {'total': 87.21, '00-04': 89.67, '05-06': 81.08, 'old': 89.67, 'new': 81.08}
2024-10-30 17:41:41,178 [trainer.py] => NME: {'total': 81.38, '00-04': 85.0, '05-06': 72.33, 'old': 85.0, 'new': 72.33}
2024-10-30 17:41:41,178 [trainer.py] => CNN top1 curve: [96.3, 87.21]
2024-10-30 17:41:41,178 [trainer.py] => CNN top5 curve: [100.0, 99.67]
2024-10-30 17:41:41,179 [trainer.py] => NME top1 curve: [96.27, 81.38]
2024-10-30 17:41:41,179 [trainer.py] => NME top5 curve: [100.0, 99.69]

2024-10-30 17:41:41,179 [trainer.py] => Average Accuracy (CNN): 91.755
2024-10-30 17:41:41,180 [trainer.py] => Average Accuracy (NME): 88.82499999999999
2024-10-30 17:41:41,181 [trainer.py] => All params: 7701139
2024-10-30 17:41:41,183 [trainer.py] => Trainable params: 3854670
2024-10-30 17:41:41,634 [pod_foster.py] => Learning on 7-9
2024-10-30 17:41:41,637 [pod_foster.py] => All params: 7705241
2024-10-30 17:41:41,638 [pod_foster.py] => Trainable params: 3857746
2024-10-30 17:41:41,771 [pod_foster.py] => Adaptive factor: 2.1213203435596424
2024-10-30 17:41:41,782 [pod_foster.py] => per cls weights : [1.01239929 1.01239929 1.01239929 1.01239929 1.01239929 1.01239929
 1.01239929 0.95660248 0.95660248]
2024-10-30 17:41:46,964 [pod_foster.py] => Task 2, Epoch 1/150 => Loss 2.102, Loss_clf 0.658, Loss_fe 0.727, Loss_pod 0.517, Loss_flat 0.200, Train_accy 83.32, Test_accy 52.83
2024-10-30 17:42:03,790 [pod_foster.py] => Task 2, Epoch 6/150 => Loss 0.925, Loss_clf 0.087, Loss_fe 0.206, Loss_pod 0.485, Loss_flat 0.147, Train_accy 97.44, Test_accy 59.19
2024-10-30 17:42:19,087 [pod_foster.py] => Task 2, Epoch 11/150 => Loss 0.293, Loss_clf 0.010, Loss_fe 0.014, Loss_pod 0.219, Loss_flat 0.050, Train_accy 100.00, Test_accy 63.11
2024-10-30 17:42:33,822 [pod_foster.py] => Task 2, Epoch 16/150 => Loss 0.689, Loss_clf 0.048, Loss_fe 0.111, Loss_pod 0.407, Loss_flat 0.124, Train_accy 98.78, Test_accy 64.46
2024-10-30 17:42:45,671 [pod_foster.py] => Task 2, Epoch 21/150 => Loss 0.257, Loss_clf 0.007, Loss_fe 0.009, Loss_pod 0.200, Loss_flat 0.041, Train_accy 100.00, Test_accy 62.31
2024-10-30 17:42:57,751 [pod_foster.py] => Task 2, Epoch 26/150 => Loss 0.298, Loss_clf 0.009, Loss_fe 0.013, Loss_pod 0.225, Loss_flat 0.051, Train_accy 99.98, Test_accy 65.00
2024-10-30 17:43:09,651 [pod_foster.py] => Task 2, Epoch 31/150 => Loss 0.268, Loss_clf 0.011, Loss_fe 0.012, Loss_pod 0.202, Loss_flat 0.043, Train_accy 99.89, Test_accy 60.09
2024-10-30 17:43:21,549 [pod_foster.py] => Task 2, Epoch 36/150 => Loss 0.283, Loss_clf 0.008, Loss_fe 0.011, Loss_pod 0.215, Loss_flat 0.049, Train_accy 99.96, Test_accy 61.48
2024-10-30 17:43:33,418 [pod_foster.py] => Task 2, Epoch 41/150 => Loss 0.271, Loss_clf 0.006, Loss_fe 0.007, Loss_pod 0.213, Loss_flat 0.046, Train_accy 99.98, Test_accy 61.83
2024-10-30 17:43:49,143 [pod_foster.py] => Task 2, Epoch 46/150 => Loss 0.210, Loss_clf 0.005, Loss_fe 0.006, Loss_pod 0.169, Loss_flat 0.031, Train_accy 100.00, Test_accy 59.37
2024-10-30 17:44:09,097 [pod_foster.py] => Task 2, Epoch 51/150 => Loss 0.201, Loss_clf 0.005, Loss_fe 0.007, Loss_pod 0.161, Loss_flat 0.028, Train_accy 100.00, Test_accy 59.78
2024-10-30 17:44:26,105 [pod_foster.py] => Task 2, Epoch 56/150 => Loss 0.196, Loss_clf 0.005, Loss_fe 0.006, Loss_pod 0.157, Loss_flat 0.027, Train_accy 100.00, Test_accy 59.24
2024-10-30 17:44:46,527 [pod_foster.py] => Task 2, Epoch 61/150 => Loss 0.219, Loss_clf 0.008, Loss_fe 0.008, Loss_pod 0.172, Loss_flat 0.032, Train_accy 99.98, Test_accy 65.35
2024-10-30 17:45:04,643 [pod_foster.py] => Task 2, Epoch 66/150 => Loss 0.205, Loss_clf 0.005, Loss_fe 0.006, Loss_pod 0.162, Loss_flat 0.032, Train_accy 100.00, Test_accy 60.80
2024-10-30 17:45:24,061 [pod_foster.py] => Task 2, Epoch 71/150 => Loss 0.194, Loss_clf 0.005, Loss_fe 0.006, Loss_pod 0.155, Loss_flat 0.028, Train_accy 100.00, Test_accy 62.13
2024-10-30 17:45:42,374 [pod_foster.py] => Task 2, Epoch 76/150 => Loss 0.176, Loss_clf 0.005, Loss_fe 0.006, Loss_pod 0.143, Loss_flat 0.023, Train_accy 100.00, Test_accy 60.26
2024-10-30 17:45:59,957 [pod_foster.py] => Task 2, Epoch 81/150 => Loss 0.195, Loss_clf 0.005, Loss_fe 0.007, Loss_pod 0.152, Loss_flat 0.030, Train_accy 100.00, Test_accy 62.81
2024-10-30 17:46:12,277 [pod_foster.py] => Task 2, Epoch 86/150 => Loss 0.166, Loss_clf 0.004, Loss_fe 0.005, Loss_pod 0.134, Loss_flat 0.022, Train_accy 100.00, Test_accy 60.67
2024-10-30 17:46:24,100 [pod_foster.py] => Task 2, Epoch 91/150 => Loss 0.162, Loss_clf 0.004, Loss_fe 0.005, Loss_pod 0.130, Loss_flat 0.022, Train_accy 100.00, Test_accy 63.24
2024-10-30 17:46:36,163 [pod_foster.py] => Task 2, Epoch 96/150 => Loss 0.158, Loss_clf 0.004, Loss_fe 0.005, Loss_pod 0.127, Loss_flat 0.021, Train_accy 100.00, Test_accy 60.87
2024-10-30 17:46:47,932 [pod_foster.py] => Task 2, Epoch 101/150 => Loss 0.158, Loss_clf 0.005, Loss_fe 0.006, Loss_pod 0.126, Loss_flat 0.022, Train_accy 100.00, Test_accy 59.15
2024-10-30 17:47:00,054 [pod_foster.py] => Task 2, Epoch 106/150 => Loss 0.157, Loss_clf 0.005, Loss_fe 0.007, Loss_pod 0.123, Loss_flat 0.022, Train_accy 100.00, Test_accy 59.74
2024-10-30 17:47:11,957 [pod_foster.py] => Task 2, Epoch 111/150 => Loss 0.150, Loss_clf 0.005, Loss_fe 0.006, Loss_pod 0.119, Loss_flat 0.021, Train_accy 100.00, Test_accy 61.83
2024-10-30 17:47:27,409 [pod_foster.py] => Task 2, Epoch 116/150 => Loss 0.151, Loss_clf 0.005, Loss_fe 0.006, Loss_pod 0.119, Loss_flat 0.021, Train_accy 100.00, Test_accy 61.59
2024-10-30 17:47:43,515 [pod_foster.py] => Task 2, Epoch 121/150 => Loss 0.139, Loss_clf 0.004, Loss_fe 0.005, Loss_pod 0.110, Loss_flat 0.020, Train_accy 100.00, Test_accy 61.28
2024-10-30 17:48:01,288 [pod_foster.py] => Task 2, Epoch 126/150 => Loss 0.140, Loss_clf 0.004, Loss_fe 0.005, Loss_pod 0.111, Loss_flat 0.020, Train_accy 100.00, Test_accy 61.94
2024-10-30 17:48:17,953 [pod_foster.py] => Task 2, Epoch 131/150 => Loss 0.136, Loss_clf 0.004, Loss_fe 0.005, Loss_pod 0.107, Loss_flat 0.020, Train_accy 100.00, Test_accy 62.22
2024-10-30 17:48:34,736 [pod_foster.py] => Task 2, Epoch 136/150 => Loss 0.131, Loss_clf 0.004, Loss_fe 0.005, Loss_pod 0.103, Loss_flat 0.019, Train_accy 100.00, Test_accy 61.61
2024-10-30 17:48:52,036 [pod_foster.py] => Task 2, Epoch 141/150 => Loss 0.126, Loss_clf 0.004, Loss_fe 0.005, Loss_pod 0.098, Loss_flat 0.019, Train_accy 100.00, Test_accy 61.54
2024-10-30 17:49:08,892 [pod_foster.py] => Task 2, Epoch 146/150 => Loss 0.132, Loss_clf 0.004, Loss_fe 0.006, Loss_pod 0.102, Loss_flat 0.020, Train_accy 100.00, Test_accy 59.69
2024-10-30 17:49:21,652 [pod_foster.py] => Task 2, Epoch 150/150 => Loss 0.127, Loss_clf 0.004, Loss_fe 0.005, Loss_pod 0.099, Loss_flat 0.019, Train_accy 100.00
2024-10-30 17:49:21,654 [inc_net.py] => align weights, gamma = 0.5009213089942932 
2024-10-30 17:49:21,657 [pod_foster.py] => per cls weights : [1.02623168 1.02623168 1.02623168 1.02623168 1.02623168 1.02623168
 1.02623168 0.90818914 0.90818914]
2024-10-30 17:49:26,809 [pod_foster.py] => SNet: Task 2, Epoch 1/120 => Loss 1.557,  Train_accy 73.60, Test_accy 70.17
2024-10-30 17:49:38,940 [pod_foster.py] => SNet: Task 2, Epoch 6/120 => Loss 1.311,  Train_accy 94.84, Test_accy 75.04
2024-10-30 17:49:48,914 [pod_foster.py] => SNet: Task 2, Epoch 11/120 => Loss 1.309,  Train_accy 95.22, Test_accy 74.41
2024-10-30 17:49:58,902 [pod_foster.py] => SNet: Task 2, Epoch 16/120 => Loss 1.307,  Train_accy 95.75, Test_accy 75.46
2024-10-30 17:50:09,138 [pod_foster.py] => SNet: Task 2, Epoch 21/120 => Loss 1.305,  Train_accy 96.02, Test_accy 76.09
2024-10-30 17:50:19,646 [pod_foster.py] => SNet: Task 2, Epoch 26/120 => Loss 1.305,  Train_accy 96.00, Test_accy 75.33
2024-10-30 17:50:30,134 [pod_foster.py] => SNet: Task 2, Epoch 31/120 => Loss 1.301,  Train_accy 95.93, Test_accy 75.43
2024-10-30 17:50:40,332 [pod_foster.py] => SNet: Task 2, Epoch 36/120 => Loss 1.302,  Train_accy 96.11, Test_accy 76.22
2024-10-30 17:50:54,030 [pod_foster.py] => SNet: Task 2, Epoch 41/120 => Loss 1.300,  Train_accy 95.91, Test_accy 76.24
2024-10-30 17:51:09,727 [pod_foster.py] => SNet: Task 2, Epoch 46/120 => Loss 1.299,  Train_accy 96.13, Test_accy 77.06
2024-10-30 17:51:27,072 [pod_foster.py] => SNet: Task 2, Epoch 51/120 => Loss 1.300,  Train_accy 96.26, Test_accy 76.70
2024-10-30 17:51:44,837 [pod_foster.py] => SNet: Task 2, Epoch 56/120 => Loss 1.299,  Train_accy 96.15, Test_accy 76.87
2024-10-30 17:52:00,517 [pod_foster.py] => SNet: Task 2, Epoch 61/120 => Loss 1.300,  Train_accy 96.51, Test_accy 78.24
2024-10-30 17:52:17,557 [pod_foster.py] => SNet: Task 2, Epoch 66/120 => Loss 1.298,  Train_accy 96.58, Test_accy 76.50
2024-10-30 17:52:33,407 [pod_foster.py] => SNet: Task 2, Epoch 71/120 => Loss 1.298,  Train_accy 96.13, Test_accy 77.20
2024-10-30 17:52:49,393 [pod_foster.py] => SNet: Task 2, Epoch 76/120 => Loss 1.297,  Train_accy 96.42, Test_accy 77.67
2024-10-30 17:53:02,375 [pod_foster.py] => SNet: Task 2, Epoch 81/120 => Loss 1.300,  Train_accy 96.35, Test_accy 76.31
2024-10-30 17:53:12,604 [pod_foster.py] => SNet: Task 2, Epoch 86/120 => Loss 1.294,  Train_accy 96.62, Test_accy 77.00
2024-10-30 17:53:22,827 [pod_foster.py] => SNet: Task 2, Epoch 91/120 => Loss 1.297,  Train_accy 96.46, Test_accy 77.35
2024-10-30 17:53:32,958 [pod_foster.py] => SNet: Task 2, Epoch 96/120 => Loss 1.295,  Train_accy 96.42, Test_accy 76.69
2024-10-30 17:53:42,986 [pod_foster.py] => SNet: Task 2, Epoch 101/120 => Loss 1.294,  Train_accy 96.55, Test_accy 76.33
2024-10-30 17:53:53,131 [pod_foster.py] => SNet: Task 2, Epoch 106/120 => Loss 1.296,  Train_accy 96.53, Test_accy 77.46
2024-10-30 17:54:03,532 [pod_foster.py] => SNet: Task 2, Epoch 111/120 => Loss 1.297,  Train_accy 96.49, Test_accy 77.24
2024-10-30 17:54:20,741 [pod_foster.py] => SNet: Task 2, Epoch 116/120 => Loss 1.299,  Train_accy 96.49, Test_accy 76.54
2024-10-30 17:54:31,428 [pod_foster.py] => SNet: Task 2, Epoch 120/120 => Loss 1.297,  Train_accy 96.46
2024-10-30 17:54:31,429 [pod_foster.py] => do not weight align student!
2024-10-30 17:54:32,734 [pod_foster.py] => darknet eval: 
2024-10-30 17:54:32,735 [pod_foster.py] => CNN top1 curve: 77.17
2024-10-30 17:54:32,735 [pod_foster.py] => CNN top5 curve: 98.46
2024-10-30 17:54:32,735 [pod_foster.py] => CNN: {'total': 77.17, '00-04': 71.73, '05-06': 86.33, '07-08': 81.58, 'old': 75.9, 'new': 81.58}
2024-10-30 17:54:32,737 [pod_foster.py] => All params after compression: 3853138
2024-10-30 17:54:32,737 [base.py] => Reducing exemplars...(55 per classes)
2024-10-30 17:54:36,832 [base.py] => Constructing exemplars...(55 per classes)
2024-10-30 17:54:42,388 [trainer.py] => All params: 7705241
2024-10-30 17:54:47,586 [pod_foster.py] => Exemplar size: 495
2024-10-30 17:54:47,592 [trainer.py] => CNN: {'total': 75.85, '00-04': 69.77, '05-06': 89.92, '07-08': 77.0, 'old': 75.52, 'new': 77.0}
2024-10-30 17:54:47,592 [trainer.py] => NME: {'total': 70.3, '00-04': 74.67, '05-06': 70.25, '07-08': 59.42, 'old': 73.4, 'new': 59.42}
2024-10-30 17:54:47,592 [trainer.py] => CNN top1 curve: [96.3, 87.21, 75.85]
2024-10-30 17:54:47,592 [trainer.py] => CNN top5 curve: [100.0, 99.67, 98.54]
2024-10-30 17:54:47,593 [trainer.py] => NME top1 curve: [96.27, 81.38, 70.3]
2024-10-30 17:54:47,593 [trainer.py] => NME top5 curve: [100.0, 99.69, 98.43]

2024-10-30 17:54:47,593 [trainer.py] => Average Accuracy (CNN): 86.45333333333333
2024-10-30 17:54:47,594 [trainer.py] => Average Accuracy (NME): 82.64999999999999
2024-10-30 17:54:47,595 [trainer.py] => Forgetting (CNN): 13.265
