2025-06-05 11:30:57,618 [trainer.py] => config: ./exps/tagfex.json
2025-06-05 11:30:57,618 [trainer.py] => prefix: cil
2025-06-05 11:30:57,619 [trainer.py] => dataset: hrrp9
2025-06-05 11:30:57,619 [trainer.py] => memory_size: 500
2025-06-05 11:30:57,619 [trainer.py] => memory_per_class: 20
2025-06-05 11:30:57,619 [trainer.py] => fixed_memory: False
2025-06-05 11:30:57,619 [trainer.py] => shuffle: True
2025-06-05 11:30:57,619 [trainer.py] => init_cls: 5
2025-06-05 11:30:57,619 [trainer.py] => increment: 2
2025-06-05 11:30:57,619 [trainer.py] => model_name: tagfex
2025-06-05 11:30:57,619 [trainer.py] => convnet_type: resnet18
2025-06-05 11:30:57,619 [trainer.py] => init_train: False
2025-06-05 11:30:57,638 [trainer.py] => convnet_path1: checkpoints/init_train/resnet18_35172.pth
2025-06-05 11:30:57,638 [trainer.py] => fc_path1: checkpoints/init_train/fc_35172.pth
2025-06-05 11:30:57,638 [trainer.py] => convnet_path: checkpoints/init_train/resnet18_42503.pth
2025-06-05 11:30:57,638 [trainer.py] => fc_path: checkpoints/init_train/fc_42503.pth
2025-06-05 11:30:57,638 [trainer.py] => convnet_path2: checkpoints/init_train/resnet18_42871.pth
2025-06-05 11:30:57,638 [trainer.py] => fc_path2: checkpoints/init_train/fc_42871.pth
2025-06-05 11:30:57,638 [trainer.py] => device: [device(type='cuda', index=0)]
2025-06-05 11:30:57,639 [trainer.py] => seed: 1993
2025-06-05 11:30:57,639 [trainer.py] => init_epoch: 200
2025-06-05 11:30:57,639 [trainer.py] => init_lr: 0.1
2025-06-05 11:30:57,639 [trainer.py] => init_milestones: [60, 120, 170]
2025-06-05 11:30:57,639 [trainer.py] => init_lr_decay: 0.1
2025-06-05 11:30:57,639 [trainer.py] => init_weight_decay: 0.0005
2025-06-05 11:30:57,639 [trainer.py] => epochs: 170
2025-06-05 11:30:57,639 [trainer.py] => lrate: 0.1
2025-06-05 11:30:57,639 [trainer.py] => milestones: [80, 120, 150]
2025-06-05 11:30:57,639 [trainer.py] => lrate_decay: 0.1
2025-06-05 11:30:57,639 [trainer.py] => weight_decay: 0.0002
2025-06-05 11:30:57,640 [trainer.py] => batch_size: 128
2025-06-05 11:30:57,640 [trainer.py] => num_workers: 8
2025-06-05 11:30:57,640 [trainer.py] => momentum: 0.9
2025-06-05 11:30:57,640 [trainer.py] => T: 2
2025-06-05 11:30:57,640 [trainer.py] => init_interpolation_factor: 0.95
2025-06-05 11:30:57,640 [trainer.py] => infonce_temp: 0.2
2025-06-05 11:30:57,640 [trainer.py] => kd_temp: 2
2025-06-05 11:30:57,640 [trainer.py] => infonce_kd_temp: 0.2
2025-06-05 11:30:57,640 [trainer.py] => ta_convnet_type: resnet18
2025-06-05 11:30:57,640 [trainer.py] => proj_hidden_dim: 2048
2025-06-05 11:30:57,640 [trainer.py] => proj_output_dim: 1024
2025-06-05 11:30:57,640 [trainer.py] => attn_num_heads: 8
2025-06-05 11:30:57,641 [trainer.py] => contrast_factor: 1
2025-06-05 11:30:57,641 [trainer.py] => trans_cls_factor: 1
2025-06-05 11:30:57,641 [trainer.py] => transfer_factor: 1
2025-06-05 11:30:57,641 [trainer.py] => aux_factor: 2
2025-06-05 11:30:57,641 [trainer.py] => contrast_kd_factor: 2
2025-06-05 11:30:57,641 [trainer.py] => aug: 2
2025-06-05 11:30:57,641 [trainer.py] => augmentation: {'weak_shift': 5, 'strong_shift': 10, 'noise_level': 0.05, 'scale_range': [0.8, 1.2], 'enable_weak': True, 'enable_strong': True}
