2025-06-05 16:09:22,272 [trainer.py] => config: ./exps/tagfex.json
2025-06-05 16:09:22,272 [trainer.py] => prefix: cil
2025-06-05 16:09:22,272 [trainer.py] => dataset: hrrp9
2025-06-05 16:09:22,272 [trainer.py] => memory_size: 500
2025-06-05 16:09:22,272 [trainer.py] => memory_per_class: 20
2025-06-05 16:09:22,272 [trainer.py] => fixed_memory: False
2025-06-05 16:09:22,272 [trainer.py] => shuffle: True
2025-06-05 16:09:22,272 [trainer.py] => init_cls: 5
2025-06-05 16:09:22,272 [trainer.py] => increment: 2
2025-06-05 16:09:22,273 [trainer.py] => model_name: tagfex
2025-06-05 16:09:22,273 [trainer.py] => convnet_type: resnet18
2025-06-05 16:09:22,273 [trainer.py] => init_train: False
2025-06-05 16:09:22,274 [trainer.py] => convnet_path1: checkpoints/init_train/resnet18_35172.pth
2025-06-05 16:09:22,274 [trainer.py] => fc_path1: checkpoints/init_train/fc_35172.pth
2025-06-05 16:09:22,274 [trainer.py] => convnet_path: checkpoints/init_train/resnet18_42503.pth
2025-06-05 16:09:22,275 [trainer.py] => fc_path: checkpoints/init_train/fc_42503.pth
2025-06-05 16:09:22,275 [trainer.py] => convnet_path2: checkpoints/init_train/resnet18_42871.pth
2025-06-05 16:09:22,275 [trainer.py] => fc_path2: checkpoints/init_train/fc_42871.pth
2025-06-05 16:09:22,275 [trainer.py] => device: [device(type='cuda', index=0)]
2025-06-05 16:09:22,275 [trainer.py] => seed: 1993
2025-06-05 16:09:22,275 [trainer.py] => init_epoch: 200
2025-06-05 16:09:22,275 [trainer.py] => init_lr: 0.1
2025-06-05 16:09:22,275 [trainer.py] => init_milestones: [60, 120, 170]
2025-06-05 16:09:22,275 [trainer.py] => init_lr_decay: 0.1
2025-06-05 16:09:22,275 [trainer.py] => init_weight_decay: 0.0005
2025-06-05 16:09:22,276 [trainer.py] => epochs: 170
2025-06-05 16:09:22,276 [trainer.py] => lrate: 0.1
2025-06-05 16:09:22,276 [trainer.py] => milestones: [80, 120, 150]
2025-06-05 16:09:22,276 [trainer.py] => lrate_decay: 0.1
2025-06-05 16:09:22,276 [trainer.py] => weight_decay: 0.0002
2025-06-05 16:09:22,276 [trainer.py] => batch_size: 128
2025-06-05 16:09:22,276 [trainer.py] => num_workers: 8
2025-06-05 16:09:22,276 [trainer.py] => momentum: 0.9
2025-06-05 16:09:22,276 [trainer.py] => T: 2
2025-06-05 16:09:22,276 [trainer.py] => init_interpolation_factor: 0.95
2025-06-05 16:09:22,276 [trainer.py] => infonce_temp: 0.2
2025-06-05 16:09:22,276 [trainer.py] => kd_temp: 2
2025-06-05 16:09:22,277 [trainer.py] => infonce_kd_temp: 0.2
2025-06-05 16:09:22,277 [trainer.py] => ta_convnet_type: resnet18
2025-06-05 16:09:22,277 [trainer.py] => proj_hidden_dim: 2048
2025-06-05 16:09:22,277 [trainer.py] => proj_output_dim: 1024
2025-06-05 16:09:22,277 [trainer.py] => attn_num_heads: 8
2025-06-05 16:09:22,277 [trainer.py] => contrast_factor: 1
2025-06-05 16:09:22,277 [trainer.py] => trans_cls_factor: 1
2025-06-05 16:09:22,277 [trainer.py] => transfer_factor: 1
2025-06-05 16:09:22,278 [trainer.py] => aux_factor: 2
2025-06-05 16:09:22,278 [trainer.py] => contrast_kd_factor: 2
2025-06-05 16:09:22,278 [trainer.py] => aug: 2
2025-06-05 16:09:22,278 [trainer.py] => augmentation: {'weak_shift': 5, 'strong_shift': 10, 'noise_level': 0.05, 'scale_range': [0.8, 1.2], 'enable_weak': True, 'enable_strong': True}
2025-06-05 16:09:22,506 [data_manager.py] => [4, 2, 5, 0, 3, 6, 7, 8, 1]
2025-06-05 16:09:22,718 [trainer.py] => All params: 6992704
2025-06-05 16:09:22,720 [trainer.py] => Trainable params: 6992704
2025-06-05 16:09:22,772 [tagfex.py] => Learning on 0-5
2025-06-05 16:09:22,777 [tagfex.py] => All params: 12420240
2025-06-05 16:09:22,781 [tagfex.py] => Trainable params: 12420240
