2025-06-06 16:39:01,709 [trainer.py] => config: ./exps/tagfex.json
2025-06-06 16:39:01,710 [trainer.py] => prefix: cil
2025-06-06 16:39:01,710 [trainer.py] => dataset: hrrp9
2025-06-06 16:39:01,710 [trainer.py] => memory_size: 500
2025-06-06 16:39:01,710 [trainer.py] => memory_per_class: 20
2025-06-06 16:39:01,710 [trainer.py] => fixed_memory: False
2025-06-06 16:39:01,710 [trainer.py] => shuffle: True
2025-06-06 16:39:01,710 [trainer.py] => init_cls: 5
2025-06-06 16:39:01,710 [trainer.py] => increment: 2
2025-06-06 16:39:01,710 [trainer.py] => model_name: tagfex
2025-06-06 16:39:01,711 [trainer.py] => convnet_type: resnet18
2025-06-06 16:39:01,711 [trainer.py] => init_train: False
2025-06-06 16:39:01,711 [trainer.py] => convnet_path1: checkpoints/init_train/resnet18_35172.pth
2025-06-06 16:39:01,711 [trainer.py] => fc_path1: checkpoints/init_train/fc_35172.pth
2025-06-06 16:39:01,711 [trainer.py] => convnet_path: checkpoints/init_train/resnet18_42503.pth
2025-06-06 16:39:01,711 [trainer.py] => fc_path: checkpoints/init_train/fc_42503.pth
2025-06-06 16:39:01,711 [trainer.py] => convnet_path2: checkpoints/init_train/resnet18_42871.pth
2025-06-06 16:39:01,712 [trainer.py] => fc_path2: checkpoints/init_train/fc_42871.pth
2025-06-06 16:39:01,712 [trainer.py] => device: [device(type='cuda', index=0)]
2025-06-06 16:39:01,712 [trainer.py] => seed: 1993
2025-06-06 16:39:01,712 [trainer.py] => init_epoch: 1
2025-06-06 16:39:01,712 [trainer.py] => init_lr: 0.1
2025-06-06 16:39:01,712 [trainer.py] => init_milestones: [60, 120, 170]
2025-06-06 16:39:01,712 [trainer.py] => init_lr_decay: 0.1
2025-06-06 16:39:01,712 [trainer.py] => init_weight_decay: 0.0005
2025-06-06 16:39:01,712 [trainer.py] => epochs: 170
2025-06-06 16:39:01,712 [trainer.py] => lrate: 0.1
2025-06-06 16:39:01,712 [trainer.py] => milestones: [80, 120, 150]
2025-06-06 16:39:01,713 [trainer.py] => lrate_decay: 0.1
2025-06-06 16:39:01,713 [trainer.py] => weight_decay: 0.0002
2025-06-06 16:39:01,713 [trainer.py] => batch_size: 128
2025-06-06 16:39:01,713 [trainer.py] => num_workers: 8
2025-06-06 16:39:01,713 [trainer.py] => momentum: 0.9
2025-06-06 16:39:01,713 [trainer.py] => T: 2
2025-06-06 16:39:01,713 [trainer.py] => init_interpolation_factor: 0.95
2025-06-06 16:39:01,713 [trainer.py] => infonce_temp: 0.2
2025-06-06 16:39:01,713 [trainer.py] => kd_temp: 2
2025-06-06 16:39:01,713 [trainer.py] => infonce_kd_temp: 0.2
2025-06-06 16:39:01,713 [trainer.py] => ta_convnet_type: resnet18
2025-06-06 16:39:01,713 [trainer.py] => proj_hidden_dim: 2048
2025-06-06 16:39:01,713 [trainer.py] => proj_output_dim: 1024
2025-06-06 16:39:01,714 [trainer.py] => attn_num_heads: 8
2025-06-06 16:39:01,714 [trainer.py] => contrast_factor: 1
2025-06-06 16:39:01,714 [trainer.py] => trans_cls_factor: 1
2025-06-06 16:39:01,714 [trainer.py] => transfer_factor: 1
2025-06-06 16:39:01,714 [trainer.py] => aux_factor: 2
2025-06-06 16:39:01,714 [trainer.py] => contrast_kd_factor: 2
2025-06-06 16:39:01,714 [trainer.py] => aug: 2
2025-06-06 16:39:01,714 [trainer.py] => augmentation: {'weak_shift': 5, 'strong_shift': 10, 'noise_level': 0.05, 'scale_range': [0.8, 1.2], 'enable_weak': True, 'enable_strong': True}
2025-06-06 16:39:01,715 [trainer.py] => ssl_training: True
2025-06-06 16:39:02,779 [data_manager.py] => [4, 2, 5, 0, 3, 6, 7, 8, 1]
2025-06-06 16:39:03,031 [trainer.py] => All params: 6992704
2025-06-06 16:39:03,032 [trainer.py] => Trainable params: 6992704
2025-06-06 16:39:03,434 [tagfex.py] => Learning on 0-5
2025-06-06 16:39:03,439 [tagfex.py] => All params: 12420240
2025-06-06 16:39:03,444 [tagfex.py] => Trainable params: 12420240
2025-06-06 16:40:08,383 [tagfex.py] => Task 0, Epoch 1/1 => Loss 3.533, Train_accy 84.06, Test_accy 76.57
2025-06-06 16:40:08,385 [base.py] => Reducing exemplars...(100 per classes)
2025-06-06 16:40:08,385 [base.py] => Constructing exemplars...(100 per classes)
2025-06-06 16:41:02,870 [trainer.py] => task:0 training time:119.84s
2025-06-06 16:41:02,875 [trainer.py] => All params: 12420240
2025-06-06 16:42:01,616 [tagfex.py] => Exemplar size: 500
2025-06-06 16:42:01,616 [trainer.py] => CNN: {'total': 76.57, '00-04': 76.57, 'old': 0, 'new': 76.57}
2025-06-06 16:42:01,617 [trainer.py] => NME: {'total': 79.07, '00-04': 79.07, 'old': 0, 'new': 79.07}
2025-06-06 16:42:01,617 [trainer.py] => CNN top1 curve: [76.57]
2025-06-06 16:42:01,617 [trainer.py] => CNN top5 curve: [100.0]
2025-06-06 16:42:01,617 [trainer.py] => NME top1 curve: [79.07]
2025-06-06 16:42:01,617 [trainer.py] => NME top5 curve: [100.0]

2025-06-06 16:42:01,617 [trainer.py] => Average Accuracy (CNN): 76.57
2025-06-06 16:42:01,618 [trainer.py] => Average Accuracy (NME): 79.07
2025-06-06 16:42:01,623 [trainer.py] => All params: 12420240
2025-06-06 16:42:01,627 [trainer.py] => Trainable params: 12420240
2025-06-06 16:42:01,671 [tagfex.py] => Learning on 5-7
2025-06-06 16:42:01,680 [tagfex.py] => All params: 16265676
2025-06-06 16:42:01,690 [tagfex.py] => Trainable params: 12421772
