2024-10-31 09:52:19,478 [trainer.py] => config: ./exps/wa.json
2024-10-31 09:52:19,479 [trainer.py] => prefix: cil
2024-10-31 09:52:19,479 [trainer.py] => dataset: hrrp9
2024-10-31 09:52:19,480 [trainer.py] => memory_size: 400
2024-10-31 09:52:19,480 [trainer.py] => memory_per_class: 20
2024-10-31 09:52:19,480 [trainer.py] => fixed_memory: False
2024-10-31 09:52:19,481 [trainer.py] => shuffle: True
2024-10-31 09:52:19,481 [trainer.py] => init_cls: 5
2024-10-31 09:52:19,481 [trainer.py] => increment: 2
2024-10-31 09:52:19,481 [trainer.py] => model_name: wa
2024-10-31 09:52:19,482 [trainer.py] => convnet_type: resnet18
2024-10-31 09:52:19,482 [trainer.py] => device: [device(type='cuda', index=0)]
2024-10-31 09:52:19,482 [trainer.py] => init_train: False
2024-10-31 09:52:19,482 [trainer.py] => seed2: [1993]
2024-10-31 09:52:19,483 [trainer.py] => convnet_path2: checkpoints/init_train/resnet18_42503.pth
2024-10-31 09:52:19,483 [trainer.py] => fc_path2: checkpoints/init_train/fc_42503.pth
2024-10-31 09:52:19,483 [trainer.py] => seed: 2001
2024-10-31 09:52:19,484 [trainer.py] => convnet_path: checkpoints/init_train/resnet18_35172.pth
2024-10-31 09:52:19,484 [trainer.py] => fc_path: checkpoints/init_train/fc_35172.pth
2024-10-31 09:52:19,484 [trainer.py] => seed1: [110]
2024-10-31 09:52:19,484 [trainer.py] => convnet_path1: checkpoints/init_train/resnet18_42871.pth
2024-10-31 09:52:19,485 [trainer.py] => fc_path1: checkpoints/init_train/fc_42871.pth
2024-10-31 09:52:19,485 [trainer.py] => init_epoch: 0
2024-10-31 09:52:19,485 [trainer.py] => init_lr: 0.1
2024-10-31 09:52:19,485 [trainer.py] => init_milestones: [60, 120, 170]
2024-10-31 09:52:19,485 [trainer.py] => init_lr_decay: 0.1
2024-10-31 09:52:19,485 [trainer.py] => init_weight_decay: 0.0005
2024-10-31 09:52:19,486 [trainer.py] => epochs: 150
2024-10-31 09:52:19,486 [trainer.py] => lrate: 0.1
2024-10-31 09:52:19,486 [trainer.py] => milestones: [50, 80, 120]
2024-10-31 09:52:19,486 [trainer.py] => lrate_decay: 0.1
2024-10-31 09:52:19,486 [trainer.py] => batch_size: 128
2024-10-31 09:52:19,487 [trainer.py] => weight_decay: 0.0002
2024-10-31 09:52:19,487 [trainer.py] => num_workers: 8
2024-10-31 09:52:19,487 [trainer.py] => T: 2
2024-10-31 09:52:22,972 [data_manager.py] => [3, 5, 1, 7, 2, 8, 6, 4, 0]
2024-10-31 09:52:23,997 [trainer.py] => All params: 3843904
2024-10-31 09:52:23,997 [trainer.py] => Trainable params: 3843904
2024-10-31 09:52:24,016 [wa.py] => Learning on 0-5
2024-10-31 09:52:25,763 [wa.py] => init_train?---False
2024-10-31 09:52:28,233 [base.py] => Reducing exemplars...(80 per classes)
2024-10-31 09:52:28,233 [base.py] => Constructing exemplars...(80 per classes)
2024-10-31 09:52:40,854 [trainer.py] => All params: 3846469
2024-10-31 09:52:43,379 [wa.py] => Exemplar size: 400
2024-10-31 09:52:43,380 [trainer.py] => CNN: {'total': 90.13, '00-04': 90.13, 'old': 0, 'new': 90.13}
2024-10-31 09:52:43,380 [trainer.py] => NME: {'total': 89.53, '00-04': 89.53, 'old': 0, 'new': 89.53}
2024-10-31 09:52:43,381 [trainer.py] => CNN top1 curve: [90.13]
2024-10-31 09:52:43,381 [trainer.py] => CNN top5 curve: [100.0]
2024-10-31 09:52:43,381 [trainer.py] => NME top1 curve: [89.53]
2024-10-31 09:52:43,381 [trainer.py] => NME top5 curve: [100.0]

2024-10-31 09:52:43,381 [trainer.py] => Average Accuracy (CNN): 90.13
2024-10-31 09:52:43,382 [trainer.py] => Average Accuracy (NME): 89.53
2024-10-31 09:52:43,382 [trainer.py] => All params: 3846469
2024-10-31 09:52:43,383 [trainer.py] => Trainable params: 3846469
2024-10-31 09:52:43,384 [wa.py] => Learning on 5-7
2024-10-31 09:58:22,037 [wa.py] => Task 1, Epoch 150/150 => Loss 0.726, Train_accy 100.00
2024-10-31 09:58:22,204 [base.py] => Reducing exemplars...(57 per classes)
2024-10-31 09:58:25,094 [base.py] => Constructing exemplars...(57 per classes)
2024-10-31 09:58:29,570 [trainer.py] => All params: 3847495
2024-10-31 09:58:33,134 [wa.py] => Exemplar size: 399
2024-10-31 09:58:33,134 [trainer.py] => CNN: {'total': 78.33, '00-04': 73.13, '05-06': 91.33, 'old': 73.13, 'new': 91.33}
2024-10-31 09:58:33,135 [trainer.py] => NME: {'total': 84.43, '00-04': 82.93, '05-06': 88.17, 'old': 82.93, 'new': 88.17}
2024-10-31 09:58:33,135 [trainer.py] => CNN top1 curve: [90.13, 78.33]
2024-10-31 09:58:33,135 [trainer.py] => CNN top5 curve: [100.0, 99.52]
2024-10-31 09:58:33,135 [trainer.py] => NME top1 curve: [89.53, 84.43]
2024-10-31 09:58:33,135 [trainer.py] => NME top5 curve: [100.0, 99.24]

2024-10-31 09:58:33,135 [trainer.py] => Average Accuracy (CNN): 84.22999999999999
2024-10-31 09:58:33,135 [trainer.py] => Average Accuracy (NME): 86.98
2024-10-31 09:58:33,136 [trainer.py] => All params: 3847495
2024-10-31 09:58:33,136 [trainer.py] => Trainable params: 3847495
2024-10-31 09:58:33,137 [wa.py] => Learning on 7-9
2024-10-31 10:04:21,157 [wa.py] => Task 2, Epoch 150/150 => Loss 0.980, Train_accy 100.00
2024-10-31 10:04:21,160 [base.py] => Reducing exemplars...(44 per classes)
2024-10-31 10:04:23,060 [base.py] => Constructing exemplars...(44 per classes)
2024-10-31 10:04:25,116 [trainer.py] => All params: 3848521
2024-10-31 10:04:26,738 [wa.py] => Exemplar size: 396
2024-10-31 10:04:26,738 [trainer.py] => CNN: {'total': 58.94, '00-04': 51.83, '05-06': 48.92, '07-08': 86.75, 'old': 51.0, 'new': 86.75}
2024-10-31 10:04:26,738 [trainer.py] => NME: {'total': 71.15, '00-04': 71.43, '05-06': 57.17, '07-08': 84.42, 'old': 67.36, 'new': 84.42}
2024-10-31 10:04:26,738 [trainer.py] => CNN top1 curve: [90.13, 78.33, 58.94]
2024-10-31 10:04:26,738 [trainer.py] => CNN top5 curve: [100.0, 99.52, 96.19]
2024-10-31 10:04:26,738 [trainer.py] => NME top1 curve: [89.53, 84.43, 71.15]
2024-10-31 10:04:26,739 [trainer.py] => NME top5 curve: [100.0, 99.24, 97.33]

2024-10-31 10:04:26,739 [trainer.py] => Average Accuracy (CNN): 75.8
2024-10-31 10:04:26,739 [trainer.py] => Average Accuracy (NME): 81.70333333333333
2024-10-31 10:04:26,739 [trainer.py] => Forgetting (CNN): 40.355
