2024-10-28 11:45:05,189 [trainer.py] => config: ./exps/wa.json
2024-10-28 11:45:05,190 [trainer.py] => prefix: cil
2024-10-28 11:45:05,190 [trainer.py] => dataset: hrrp9
2024-10-28 11:45:05,190 [trainer.py] => memory_size: 500
2024-10-28 11:45:05,191 [trainer.py] => memory_per_class: 20
2024-10-28 11:45:05,191 [trainer.py] => fixed_memory: False
2024-10-28 11:45:05,191 [trainer.py] => shuffle: True
2024-10-28 11:45:05,191 [trainer.py] => init_cls: 5
2024-10-28 11:45:05,194 [trainer.py] => increment: 2
2024-10-28 11:45:05,194 [trainer.py] => model_name: wa
2024-10-28 11:45:05,194 [trainer.py] => convnet_type: resnet18
2024-10-28 11:45:05,194 [trainer.py] => device: [device(type='cuda', index=4)]
2024-10-28 11:45:05,195 [trainer.py] => init_train: False
2024-10-28 11:45:05,195 [trainer.py] => seed2: [1993]
2024-10-28 11:45:05,195 [trainer.py] => convnet_path2: checkpoints/init_train/resnet18_42503.pth
2024-10-28 11:45:05,195 [trainer.py] => fc_path2: checkpoints/init_train/fc_42503.pth
2024-10-28 11:45:05,195 [trainer.py] => seed1: [2001]
2024-10-28 11:45:05,196 [trainer.py] => convnet_path1: checkpoints/init_train/resnet18_35172.pth
2024-10-28 11:45:05,196 [trainer.py] => fc_path1: checkpoints/init_train/fc_35172.pth
2024-10-28 11:45:05,196 [trainer.py] => seed: 110
2024-10-28 11:45:05,213 [trainer.py] => convnet_path: checkpoints/init_train/resnet18_42871.pth
2024-10-28 11:45:05,214 [trainer.py] => fc_path: checkpoints/init_train/fc_42871.pth
2024-10-28 11:45:05,214 [trainer.py] => init_epoch: 0
2024-10-28 11:45:05,214 [trainer.py] => init_lr: 0.1
2024-10-28 11:45:05,214 [trainer.py] => init_milestones: [60, 120, 170]
2024-10-28 11:45:05,215 [trainer.py] => init_lr_decay: 0.1
2024-10-28 11:45:05,215 [trainer.py] => init_weight_decay: 0.0005
2024-10-28 11:45:05,215 [trainer.py] => epochs: 150
2024-10-28 11:45:05,215 [trainer.py] => lrate: 0.1
2024-10-28 11:45:05,215 [trainer.py] => milestones: [50, 80, 120]
2024-10-28 11:45:05,215 [trainer.py] => lrate_decay: 0.1
2024-10-28 11:45:05,216 [trainer.py] => batch_size: 128
2024-10-28 11:45:05,216 [trainer.py] => weight_decay: 0.0002
2024-10-28 11:45:05,216 [trainer.py] => num_workers: 8
2024-10-28 11:45:05,216 [trainer.py] => T: 2
2024-10-28 11:45:06,104 [data_manager.py] => [4, 2, 8, 7, 1, 6, 5, 3, 0]
2024-10-28 11:45:07,621 [trainer.py] => All params: 3843904
2024-10-28 11:45:07,622 [trainer.py] => Trainable params: 3843904
2024-10-28 11:45:07,626 [wa.py] => Learning on 0-5
2024-10-28 11:45:08,024 [wa.py] => init_train?---False
2024-10-28 11:45:09,381 [base.py] => Reducing exemplars...(100 per classes)
2024-10-28 11:45:09,382 [base.py] => Constructing exemplars...(100 per classes)
2024-10-28 11:45:19,671 [trainer.py] => All params: 3846469
2024-10-28 11:45:21,503 [wa.py] => Exemplar size: 500
2024-10-28 11:45:21,503 [trainer.py] => CNN: {'total': 96.3, '00-04': 96.3, 'old': 0, 'new': 96.3}
2024-10-28 11:45:21,503 [trainer.py] => NME: {'total': 96.27, '00-04': 96.27, 'old': 0, 'new': 96.27}
2024-10-28 11:45:21,503 [trainer.py] => CNN top1 curve: [96.3]
2024-10-28 11:45:21,503 [trainer.py] => CNN top5 curve: [100.0]
2024-10-28 11:45:21,503 [trainer.py] => NME top1 curve: [96.27]
2024-10-28 11:45:21,503 [trainer.py] => NME top5 curve: [100.0]

2024-10-28 11:45:21,504 [trainer.py] => Average Accuracy (CNN): 96.3
2024-10-28 11:45:21,504 [trainer.py] => Average Accuracy (NME): 96.27
2024-10-28 11:45:21,504 [trainer.py] => All params: 3846469
2024-10-28 11:45:21,505 [trainer.py] => Trainable params: 3846469
2024-10-28 11:45:21,506 [wa.py] => Learning on 5-7
2024-10-28 11:49:19,583 [wa.py] => Task 1, Epoch 150/150 => Loss 0.620, Train_accy 100.00
2024-10-28 11:49:19,714 [base.py] => Reducing exemplars...(71 per classes)
2024-10-28 11:49:21,541 [base.py] => Constructing exemplars...(71 per classes)
2024-10-28 11:49:24,846 [trainer.py] => All params: 3847495
2024-10-28 11:49:26,564 [wa.py] => Exemplar size: 497
2024-10-28 11:49:26,566 [trainer.py] => CNN: {'total': 83.67, '00-04': 78.3, '05-06': 97.08, 'old': 78.3, 'new': 97.08}
2024-10-28 11:49:26,566 [trainer.py] => NME: {'total': 88.38, '00-04': 86.03, '05-06': 94.25, 'old': 86.03, 'new': 94.25}
2024-10-28 11:49:26,567 [trainer.py] => CNN top1 curve: [96.3, 83.67]
2024-10-28 11:49:26,567 [trainer.py] => CNN top5 curve: [100.0, 99.67]
2024-10-28 11:49:26,567 [trainer.py] => NME top1 curve: [96.27, 88.38]
2024-10-28 11:49:26,567 [trainer.py] => NME top5 curve: [100.0, 99.55]

2024-10-28 11:49:26,568 [trainer.py] => Average Accuracy (CNN): 89.985
2024-10-28 11:49:26,568 [trainer.py] => Average Accuracy (NME): 92.32499999999999
2024-10-28 11:49:26,568 [trainer.py] => All params: 3847495
2024-10-28 11:49:26,569 [trainer.py] => Trainable params: 3847495
2024-10-28 11:49:26,570 [wa.py] => Learning on 7-9
2024-10-28 11:53:16,919 [wa.py] => Task 2, Epoch 150/150 => Loss 0.992, Train_accy 100.00
2024-10-28 11:53:16,921 [base.py] => Reducing exemplars...(55 per classes)
2024-10-28 11:53:18,928 [base.py] => Constructing exemplars...(55 per classes)
2024-10-28 11:53:21,112 [trainer.py] => All params: 3848521
2024-10-28 11:53:22,728 [wa.py] => Exemplar size: 495
2024-10-28 11:53:22,728 [trainer.py] => CNN: {'total': 67.74, '00-04': 58.57, '05-06': 69.42, '07-08': 89.0, 'old': 61.67, 'new': 89.0}
2024-10-28 11:53:22,728 [trainer.py] => NME: {'total': 73.69, '00-04': 71.6, '05-06': 75.5, '07-08': 77.08, 'old': 72.71, 'new': 77.08}
2024-10-28 11:53:22,728 [trainer.py] => CNN top1 curve: [96.3, 83.67, 67.74]
2024-10-28 11:53:22,728 [trainer.py] => CNN top5 curve: [100.0, 99.67, 98.3]
2024-10-28 11:53:22,728 [trainer.py] => NME top1 curve: [96.27, 88.38, 73.69]
2024-10-28 11:53:22,728 [trainer.py] => NME top5 curve: [100.0, 99.55, 98.37]

2024-10-28 11:53:22,728 [trainer.py] => Average Accuracy (CNN): 82.57
2024-10-28 11:53:22,728 [trainer.py] => Average Accuracy (NME): 86.11333333333333
2024-10-28 11:53:22,729 [trainer.py] => Forgetting (CNN): 32.69499999999999
