2024-10-23 15:29:19,019 [trainer.py] => config: ./exps/wa.json
2024-10-23 15:29:19,019 [trainer.py] => prefix: cil
2024-10-23 15:29:19,019 [trainer.py] => dataset: hrrp9
2024-10-23 15:29:19,019 [trainer.py] => memory_size: 300
2024-10-23 15:29:19,019 [trainer.py] => memory_per_class: 20
2024-10-23 15:29:19,019 [trainer.py] => fixed_memory: False
2024-10-23 15:29:19,019 [trainer.py] => shuffle: True
2024-10-23 15:29:19,019 [trainer.py] => init_cls: 5
2024-10-23 15:29:19,019 [trainer.py] => increment: 2
2024-10-23 15:29:19,019 [trainer.py] => model_name: wa
2024-10-23 15:29:19,019 [trainer.py] => convnet_type: resnet18
2024-10-23 15:29:19,019 [trainer.py] => device: [device(type='cuda', index=4)]
2024-10-23 15:29:19,019 [trainer.py] => init_train: False
2024-10-23 15:29:19,019 [trainer.py] => seed: 1993
2024-10-23 15:29:19,019 [trainer.py] => convnet_path: checkpoints/init_train/resnet18_42503.pth
2024-10-23 15:29:19,019 [trainer.py] => fc_path: checkpoints/init_train/fc_42503.pth
2024-10-23 15:29:19,019 [trainer.py] => seed1: [2001]
2024-10-23 15:29:19,019 [trainer.py] => convnet_path1: checkpoints/init_train/resnet18_35172.pth
2024-10-23 15:29:19,019 [trainer.py] => fc_path1: checkpoints/init_train/fc_35172.pth
2024-10-23 15:29:19,019 [trainer.py] => init_epoch: 0
2024-10-23 15:29:19,020 [trainer.py] => init_lr: 0.1
2024-10-23 15:29:19,020 [trainer.py] => init_milestones: [60, 120, 170]
2024-10-23 15:29:19,020 [trainer.py] => init_lr_decay: 0.1
2024-10-23 15:29:19,020 [trainer.py] => init_weight_decay: 0.0005
2024-10-23 15:29:19,020 [trainer.py] => epochs: 150
2024-10-23 15:29:19,020 [trainer.py] => lrate: 0.1
2024-10-23 15:29:19,020 [trainer.py] => milestones: [50, 80, 120]
2024-10-23 15:29:19,020 [trainer.py] => lrate_decay: 0.1
2024-10-23 15:29:19,020 [trainer.py] => batch_size: 128
2024-10-23 15:29:19,020 [trainer.py] => weight_decay: 0.0002
2024-10-23 15:29:19,020 [trainer.py] => num_workers: 8
2024-10-23 15:29:19,020 [trainer.py] => T: 2
2024-10-23 15:29:19,894 [data_manager.py] => [4, 2, 5, 0, 3, 6, 7, 8, 1]
2024-10-23 15:29:20,928 [trainer.py] => All params: 3843904
2024-10-23 15:29:20,928 [trainer.py] => Trainable params: 3843904
2024-10-23 15:29:20,932 [wa.py] => Learning on 0-5
2024-10-23 15:29:21,351 [wa.py] => init_train?---False
2024-10-23 15:29:23,181 [base.py] => Reducing exemplars...(60 per classes)
2024-10-23 15:29:23,182 [base.py] => Constructing exemplars...(60 per classes)
2024-10-23 15:29:33,166 [trainer.py] => All params: 3846469
2024-10-23 15:29:35,265 [wa.py] => Exemplar size: 300
2024-10-23 15:29:35,265 [trainer.py] => CNN: {'total': 89.93, '00-04': 89.93, 'old': 0, 'new': 89.93}
2024-10-23 15:29:35,265 [trainer.py] => NME: {'total': 90.0, '00-04': 90.0, 'old': 0, 'new': 90.0}
2024-10-23 15:29:35,266 [trainer.py] => CNN top1 curve: [89.93]
2024-10-23 15:29:35,266 [trainer.py] => CNN top5 curve: [100.0]
2024-10-23 15:29:35,266 [trainer.py] => NME top1 curve: [90.0]
2024-10-23 15:29:35,266 [trainer.py] => NME top5 curve: [100.0]

2024-10-23 15:29:35,266 [trainer.py] => Average Accuracy (CNN): 89.93
2024-10-23 15:29:35,267 [trainer.py] => Average Accuracy (NME): 90.0
2024-10-23 15:29:35,267 [trainer.py] => All params: 3846469
2024-10-23 15:29:35,267 [trainer.py] => Trainable params: 3846469
2024-10-23 15:29:35,269 [wa.py] => Learning on 5-7
2024-10-23 15:37:03,618 [wa.py] => Task 1, Epoch 150/150 => Loss 0.668, Train_accy 100.00
2024-10-23 15:37:03,926 [base.py] => Reducing exemplars...(42 per classes)
2024-10-23 15:37:07,304 [base.py] => Constructing exemplars...(42 per classes)
2024-10-23 15:37:12,126 [trainer.py] => All params: 3847495
2024-10-23 15:37:15,560 [wa.py] => Exemplar size: 294
2024-10-23 15:37:15,561 [trainer.py] => CNN: {'total': 66.38, '00-04': 54.2, '05-06': 96.83, 'old': 54.2, 'new': 96.83}
2024-10-23 15:37:15,561 [trainer.py] => NME: {'total': 76.36, '00-04': 70.63, '05-06': 90.67, 'old': 70.63, 'new': 90.67}
2024-10-23 15:37:15,561 [trainer.py] => CNN top1 curve: [89.93, 66.38]
2024-10-23 15:37:15,562 [trainer.py] => CNN top5 curve: [100.0, 99.0]
2024-10-23 15:37:15,562 [trainer.py] => NME top1 curve: [90.0, 76.36]
2024-10-23 15:37:15,562 [trainer.py] => NME top5 curve: [100.0, 99.02]

2024-10-23 15:37:15,562 [trainer.py] => Average Accuracy (CNN): 78.155
2024-10-23 15:37:15,562 [trainer.py] => Average Accuracy (NME): 83.18
2024-10-23 15:37:15,563 [trainer.py] => All params: 3847495
2024-10-23 15:37:15,563 [trainer.py] => Trainable params: 3847495
2024-10-23 15:37:15,565 [wa.py] => Learning on 7-9
2024-10-23 15:44:19,648 [wa.py] => Task 2, Epoch 150/150 => Loss 0.912, Train_accy 100.00
2024-10-23 15:44:19,651 [base.py] => Reducing exemplars...(33 per classes)
2024-10-23 15:44:23,184 [base.py] => Constructing exemplars...(33 per classes)
2024-10-23 15:44:27,182 [trainer.py] => All params: 3848521
2024-10-23 15:44:29,861 [wa.py] => Exemplar size: 297
2024-10-23 15:44:29,882 [trainer.py] => CNN: {'total': 60.04, '00-04': 42.87, '05-06': 65.25, '07-08': 97.75, 'old': 49.26, 'new': 97.75}
2024-10-23 15:44:29,886 [trainer.py] => NME: {'total': 72.83, '00-04': 64.17, '05-06': 72.33, '07-08': 95.0, 'old': 66.5, 'new': 95.0}
2024-10-23 15:44:29,886 [trainer.py] => CNN top1 curve: [89.93, 66.38, 60.04]
2024-10-23 15:44:29,886 [trainer.py] => CNN top5 curve: [100.0, 99.0, 95.02]
2024-10-23 15:44:29,886 [trainer.py] => NME top1 curve: [90.0, 76.36, 72.83]
2024-10-23 15:44:29,886 [trainer.py] => NME top5 curve: [100.0, 99.02, 97.19]

2024-10-23 15:44:29,886 [trainer.py] => Average Accuracy (CNN): 72.11666666666666
2024-10-23 15:44:29,886 [trainer.py] => Average Accuracy (NME): 79.73
2024-10-23 15:44:29,887 [trainer.py] => Forgetting (CNN): 39.32000000000001
