2024-10-18 17:35:16,196 [trainer.py] => config: ./exps/wa.json
2024-10-18 17:35:16,196 [trainer.py] => prefix: cil
2024-10-18 17:35:16,197 [trainer.py] => dataset: hrrp9
2024-10-18 17:35:16,197 [trainer.py] => memory_size: 500
2024-10-18 17:35:16,197 [trainer.py] => memory_per_class: 20
2024-10-18 17:35:16,197 [trainer.py] => fixed_memory: False
2024-10-18 17:35:16,197 [trainer.py] => shuffle: True
2024-10-18 17:35:16,197 [trainer.py] => init_cls: 5
2024-10-18 17:35:16,197 [trainer.py] => increment: 2
2024-10-18 17:35:16,197 [trainer.py] => model_name: wa
2024-10-18 17:35:16,197 [trainer.py] => convnet_type: resnet18
2024-10-18 17:35:16,197 [trainer.py] => device: [device(type='cuda', index=0)]
2024-10-18 17:35:16,197 [trainer.py] => seed: 1993
2024-10-18 17:35:16,197 [trainer.py] => init_train: False
2024-10-18 17:35:16,197 [trainer.py] => convnet_path: checkpoints/init_train/resnet18_42503.pth
2024-10-18 17:35:16,197 [trainer.py] => fc_path: checkpoints/init_train/fc_42503.pth
2024-10-18 17:35:16,197 [trainer.py] => init_epoch: 0
2024-10-18 17:35:16,197 [trainer.py] => init_lr: 0.1
2024-10-18 17:35:16,197 [trainer.py] => init_milestones: [60, 120, 170]
2024-10-18 17:35:16,197 [trainer.py] => init_lr_decay: 0.1
2024-10-18 17:35:16,197 [trainer.py] => init_weight_decay: 0.0005
2024-10-18 17:35:16,197 [trainer.py] => epochs: 150
2024-10-18 17:35:16,197 [trainer.py] => lrate: 0.1
2024-10-18 17:35:16,197 [trainer.py] => milestones: [50, 80, 120]
2024-10-18 17:35:16,197 [trainer.py] => lrate_decay: 0.1
2024-10-18 17:35:16,198 [trainer.py] => batch_size: 128
2024-10-18 17:35:16,198 [trainer.py] => weight_decay: 0.0002
2024-10-18 17:35:16,198 [trainer.py] => num_workers: 8
2024-10-18 17:35:16,198 [trainer.py] => T: 2
2024-10-18 17:35:16,886 [data_manager.py] => [4, 2, 5, 0, 3, 6, 7, 8, 1]
2024-10-18 17:35:17,401 [trainer.py] => All params: 3843904
2024-10-18 17:35:17,401 [trainer.py] => Trainable params: 3843904
2024-10-18 17:35:17,426 [wa.py] => Learning on 0-5
2024-10-18 17:35:17,464 [wa.py] => init_train?---False
2024-10-18 17:35:18,397 [base.py] => Reducing exemplars...(100 per classes)
2024-10-18 17:35:18,398 [base.py] => Constructing exemplars...(100 per classes)
2024-10-18 17:35:23,797 [trainer.py] => All params: 3846469
2024-10-18 17:35:24,750 [wa.py] => Exemplar size: 500
2024-10-18 17:35:24,750 [trainer.py] => CNN: {'total': 89.93, '00-04': 89.93, 'old': 0, 'new': 89.93}
2024-10-18 17:35:24,750 [trainer.py] => NME: {'total': 90.0, '00-04': 90.0, 'old': 0, 'new': 90.0}
2024-10-18 17:35:24,750 [trainer.py] => CNN top1 curve: [89.93]
2024-10-18 17:35:24,750 [trainer.py] => CNN top5 curve: [100.0]
2024-10-18 17:35:24,750 [trainer.py] => NME top1 curve: [90.0]
2024-10-18 17:35:24,750 [trainer.py] => NME top5 curve: [100.0]

2024-10-18 17:35:24,750 [trainer.py] => Average Accuracy (CNN): 89.93
2024-10-18 17:35:24,751 [trainer.py] => Average Accuracy (NME): 90.0
2024-10-18 17:35:24,751 [trainer.py] => All params: 3846469
2024-10-18 17:35:24,751 [trainer.py] => Trainable params: 3846469
2024-10-18 17:35:24,752 [wa.py] => Learning on 5-7
2024-10-18 17:38:17,143 [wa.py] => Task 1, Epoch 150/150 => Loss 0.648, Train_accy 100.00
2024-10-18 17:38:17,272 [base.py] => Reducing exemplars...(71 per classes)
2024-10-18 17:38:18,357 [base.py] => Constructing exemplars...(71 per classes)
2024-10-18 17:38:20,319 [trainer.py] => All params: 3847495
2024-10-18 17:38:21,459 [wa.py] => Exemplar size: 497
2024-10-18 17:38:21,459 [trainer.py] => CNN: {'total': 72.86, '00-04': 63.63, '05-06': 95.92, 'old': 63.63, 'new': 95.92}
2024-10-18 17:38:21,459 [trainer.py] => NME: {'total': 79.52, '00-04': 74.33, '05-06': 92.5, 'old': 74.33, 'new': 92.5}
2024-10-18 17:38:21,459 [trainer.py] => CNN top1 curve: [89.93, 72.86]
2024-10-18 17:38:21,459 [trainer.py] => CNN top5 curve: [100.0, 98.98]
2024-10-18 17:38:21,459 [trainer.py] => NME top1 curve: [90.0, 79.52]
2024-10-18 17:38:21,459 [trainer.py] => NME top5 curve: [100.0, 99.12]

2024-10-18 17:38:21,459 [trainer.py] => Average Accuracy (CNN): 81.39500000000001
2024-10-18 17:38:21,459 [trainer.py] => Average Accuracy (NME): 84.75999999999999
2024-10-18 17:38:21,460 [trainer.py] => All params: 3847495
2024-10-18 17:38:21,460 [trainer.py] => Trainable params: 3847495
2024-10-18 17:38:21,461 [wa.py] => Learning on 7-9
2024-10-18 17:41:21,300 [wa.py] => Task 2, Epoch 150/150 => Loss 0.909, Train_accy 100.00
2024-10-18 17:41:21,304 [base.py] => Reducing exemplars...(55 per classes)
2024-10-18 17:41:22,850 [base.py] => Constructing exemplars...(55 per classes)
2024-10-18 17:41:24,842 [trainer.py] => All params: 3848521
2024-10-18 17:41:26,160 [wa.py] => Exemplar size: 495
2024-10-18 17:41:26,160 [trainer.py] => CNN: {'total': 69.22, '00-04': 56.53, '05-06': 73.17, '07-08': 97.0, 'old': 61.29, 'new': 97.0}
2024-10-18 17:41:26,160 [trainer.py] => NME: {'total': 76.56, '00-04': 68.57, '05-06': 79.42, '07-08': 93.67, 'old': 71.67, 'new': 93.67}
2024-10-18 17:41:26,160 [trainer.py] => CNN top1 curve: [89.93, 72.86, 69.22]
2024-10-18 17:41:26,160 [trainer.py] => CNN top5 curve: [100.0, 98.98, 96.13]
2024-10-18 17:41:26,160 [trainer.py] => NME top1 curve: [90.0, 79.52, 76.56]
2024-10-18 17:41:26,160 [trainer.py] => NME top5 curve: [100.0, 99.12, 97.61]

2024-10-18 17:41:26,160 [trainer.py] => Average Accuracy (CNN): 77.33666666666667
2024-10-18 17:41:26,160 [trainer.py] => Average Accuracy (NME): 82.02666666666666
2024-10-18 17:41:26,161 [trainer.py] => Forgetting (CNN): 28.075000000000003
