2025-03-30 16:29:47,666 [trainer.py] => config: ./exps/wa.json
2025-03-30 16:29:47,666 [trainer.py] => prefix: cil
2025-03-30 16:29:47,666 [trainer.py] => dataset: hrrp9
2025-03-30 16:29:47,666 [trainer.py] => memory_size: 500
2025-03-30 16:29:47,666 [trainer.py] => memory_per_class: 20
2025-03-30 16:29:47,666 [trainer.py] => fixed_memory: False
2025-03-30 16:29:47,666 [trainer.py] => shuffle: True
2025-03-30 16:29:47,666 [trainer.py] => init_cls: 5
2025-03-30 16:29:47,666 [trainer.py] => increment: 2
2025-03-30 16:29:47,666 [trainer.py] => model_name: wa
2025-03-30 16:29:47,666 [trainer.py] => convnet_type: resnet18
2025-03-30 16:29:47,666 [trainer.py] => device: [device(type='cuda', index=0)]
2025-03-30 16:29:47,666 [trainer.py] => init_train: False
2025-03-30 16:29:47,667 [trainer.py] => seed: 1993
2025-03-30 16:29:47,667 [trainer.py] => convnet_path: checkpoints/init_train/resnet18_42503.pth
2025-03-30 16:29:47,667 [trainer.py] => fc_path: checkpoints/init_train/fc_42503.pth
2025-03-30 16:29:47,667 [trainer.py] => seed2: [2001]
2025-03-30 16:29:47,667 [trainer.py] => convnet_path2: checkpoints/init_train/resnet18_35172.pth
2025-03-30 16:29:47,667 [trainer.py] => fc_path2: checkpoints/init_train/fc_35172.pth
2025-03-30 16:29:47,667 [trainer.py] => seed1: [110]
2025-03-30 16:29:47,667 [trainer.py] => convnet_path1: checkpoints/init_train/resnet18_42871.pth
2025-03-30 16:29:47,667 [trainer.py] => fc_path1: checkpoints/init_train/fc_42871.pth
2025-03-30 16:29:47,667 [trainer.py] => init_epoch: 0
2025-03-30 16:29:47,667 [trainer.py] => init_lr: 0.1
2025-03-30 16:29:47,667 [trainer.py] => init_milestones: [60, 120, 170]
2025-03-30 16:29:47,667 [trainer.py] => init_lr_decay: 0.1
2025-03-30 16:29:47,667 [trainer.py] => init_weight_decay: 0.0005
2025-03-30 16:29:47,667 [trainer.py] => epochs: 150
2025-03-30 16:29:47,667 [trainer.py] => lrate: 0.1
2025-03-30 16:29:47,667 [trainer.py] => milestones: [50, 80, 120]
2025-03-30 16:29:47,667 [trainer.py] => lrate_decay: 0.1
2025-03-30 16:29:47,667 [trainer.py] => batch_size: 128
2025-03-30 16:29:47,667 [trainer.py] => weight_decay: 0.0002
2025-03-30 16:29:47,667 [trainer.py] => num_workers: 8
2025-03-30 16:29:47,667 [trainer.py] => T: 2
2025-03-30 16:29:48,300 [data_manager.py] => [4, 2, 5, 0, 3, 6, 7, 8, 1]
2025-03-30 16:29:48,863 [trainer.py] => All params: 3843904
2025-03-30 16:29:48,863 [trainer.py] => Trainable params: 3843904
2025-03-30 16:29:48,866 [wa.py] => Learning on 0-5
2025-03-30 16:29:48,919 [wa.py] => init_train?---False
2025-03-30 16:29:49,591 [base.py] => Reducing exemplars...(100 per classes)
2025-03-30 16:29:49,591 [base.py] => Constructing exemplars...(100 per classes)
2025-03-30 16:29:53,874 [trainer.py] => task:0 training time:5.01s
2025-03-30 16:29:53,875 [trainer.py] => All params: 3846469
2025-03-30 16:29:54,719 [wa.py] => Exemplar size: 500
2025-03-30 16:29:54,720 [trainer.py] => CNN: {'total': 89.93, '00-04': 89.93, 'old': 0, 'new': 89.93}
2025-03-30 16:29:54,720 [trainer.py] => NME: {'total': 90.0, '00-04': 90.0, 'old': 0, 'new': 90.0}
2025-03-30 16:29:54,720 [trainer.py] => CNN top1 curve: [89.93]
2025-03-30 16:29:54,720 [trainer.py] => CNN top5 curve: [100.0]
2025-03-30 16:29:54,720 [trainer.py] => NME top1 curve: [90.0]
2025-03-30 16:29:54,720 [trainer.py] => NME top5 curve: [100.0]

2025-03-30 16:29:54,720 [trainer.py] => Average Accuracy (CNN): 89.93
2025-03-30 16:29:54,720 [trainer.py] => Average Accuracy (NME): 90.0
2025-03-30 16:29:54,720 [trainer.py] => All params: 3846469
2025-03-30 16:29:54,720 [trainer.py] => Trainable params: 3846469
2025-03-30 16:29:54,721 [wa.py] => Learning on 5-7
2025-03-30 16:32:35,923 [wa.py] => Task 1, Epoch 150/150 => Loss 0.646, Train_accy 100.00
2025-03-30 16:32:35,923 [wa.py] => 100 epoches training time:105.09s
2025-03-30 16:32:35,923 [wa.py] => Average training time of single epoch:0.98s
2025-03-30 16:32:36,014 [base.py] => Reducing exemplars...(71 per classes)
2025-03-30 16:32:37,030 [base.py] => Constructing exemplars...(71 per classes)
2025-03-30 16:32:38,761 [trainer.py] => task:1 training time:164.04s
2025-03-30 16:32:38,761 [trainer.py] => All params: 3847495
2025-03-30 16:32:39,928 [wa.py] => Exemplar size: 497
2025-03-30 16:32:39,928 [trainer.py] => CNN: {'total': 71.95, '00-04': 62.1, '05-06': 96.58, 'old': 62.1, 'new': 96.58}
2025-03-30 16:32:39,928 [trainer.py] => NME: {'total': 78.86, '00-04': 73.6, '05-06': 92.0, 'old': 73.6, 'new': 92.0}
2025-03-30 16:32:39,928 [trainer.py] => CNN top1 curve: [89.93, 71.95]
2025-03-30 16:32:39,929 [trainer.py] => CNN top5 curve: [100.0, 99.0]
2025-03-30 16:32:39,929 [trainer.py] => NME top1 curve: [90.0, 78.86]
2025-03-30 16:32:39,929 [trainer.py] => NME top5 curve: [100.0, 99.05]

2025-03-30 16:32:39,929 [trainer.py] => Average Accuracy (CNN): 80.94
2025-03-30 16:32:39,929 [trainer.py] => Average Accuracy (NME): 84.43
2025-03-30 16:32:39,930 [trainer.py] => All params: 3847495
2025-03-30 16:32:39,930 [trainer.py] => Trainable params: 3847495
2025-03-30 16:32:39,932 [wa.py] => Learning on 7-9
2025-03-30 16:35:24,845 [wa.py] => Task 2, Epoch 150/150 => Loss 0.891, Train_accy 100.00
2025-03-30 16:35:24,845 [wa.py] => 100 epoches training time:110.58s
2025-03-30 16:35:24,845 [wa.py] => Average training time of single epoch:0.99s
2025-03-30 16:35:24,847 [base.py] => Reducing exemplars...(55 per classes)
2025-03-30 16:35:26,004 [base.py] => Constructing exemplars...(55 per classes)
2025-03-30 16:35:27,439 [trainer.py] => task:2 training time:167.51s
2025-03-30 16:35:27,440 [trainer.py] => All params: 3848521
2025-03-30 16:35:28,596 [wa.py] => Exemplar size: 495
2025-03-30 16:35:28,597 [trainer.py] => CNN: {'total': 69.94, '00-04': 55.1, '05-06': 80.92, '07-08': 96.08, 'old': 62.48, 'new': 96.08}
2025-03-30 16:35:28,597 [trainer.py] => NME: {'total': 76.91, '00-04': 68.0, '05-06': 84.17, '07-08': 91.92, 'old': 72.62, 'new': 91.92}
2025-03-30 16:35:28,597 [trainer.py] => CNN top1 curve: [89.93, 71.95, 69.94]
2025-03-30 16:35:28,597 [trainer.py] => CNN top5 curve: [100.0, 99.0, 95.52]
2025-03-30 16:35:28,597 [trainer.py] => NME top1 curve: [90.0, 78.86, 76.91]
2025-03-30 16:35:28,597 [trainer.py] => NME top5 curve: [100.0, 99.05, 97.83]

2025-03-30 16:35:28,597 [trainer.py] => Average Accuracy (CNN): 77.27333333333333
2025-03-30 16:35:28,597 [trainer.py] => Average Accuracy (NME): 81.92333333333333
2025-03-30 16:35:28,597 [trainer.py] => Time consumed in all training process:339.73s
2025-03-30 16:35:28,597 [trainer.py] => Average Time consumed in single task:112.19s
2025-03-30 16:35:28,636 [trainer.py] => Model state dict saved successfully at: saved_pth/hrrp9/wa/time_2025_03_30_16_29_47_cil_1993_M=500.pth
2025-03-30 16:35:28,637 [trainer.py] => Forgetting (CNN): 25.245
