2024-10-23 15:32:47,275 [trainer.py] => config: ./exps/der.json
2024-10-23 15:32:47,276 [trainer.py] => prefix: cil
2024-10-23 15:32:47,276 [trainer.py] => dataset: hrrp9
2024-10-23 15:32:47,276 [trainer.py] => memory_size: 300
2024-10-23 15:32:47,276 [trainer.py] => memory_per_class: 20
2024-10-23 15:32:47,276 [trainer.py] => fixed_memory: False
2024-10-23 15:32:47,276 [trainer.py] => shuffle: True
2024-10-23 15:32:47,276 [trainer.py] => init_cls: 5
2024-10-23 15:32:47,276 [trainer.py] => increment: 2
2024-10-23 15:32:47,276 [trainer.py] => model_name: der
2024-10-23 15:32:47,276 [trainer.py] => convnet_type: resnet18
2024-10-23 15:32:47,276 [trainer.py] => device: [device(type='cuda', index=3)]
2024-10-23 15:32:47,276 [trainer.py] => init_train: False
2024-10-23 15:32:47,276 [trainer.py] => seed: 1993
2024-10-23 15:32:47,276 [trainer.py] => convnet_path: checkpoints/init_train/resnet18_42503.pth
2024-10-23 15:32:47,276 [trainer.py] => fc_path: checkpoints/init_train/fc_42503.pth
2024-10-23 15:32:47,276 [trainer.py] => seed1: [2001]
2024-10-23 15:32:47,276 [trainer.py] => convnet_path1: checkpoints/init_train/resnet18_35172.pth
2024-10-23 15:32:47,276 [trainer.py] => fc_path1: checkpoints/init_train/fc_35172.pth
2024-10-23 15:32:47,277 [trainer.py] => init_epoch: 0
2024-10-23 15:32:47,277 [trainer.py] => init_lr: 0.1
2024-10-23 15:32:47,277 [trainer.py] => init_milestones: [60, 120, 170]
2024-10-23 15:32:47,277 [trainer.py] => init_lr_decay: 0.1
2024-10-23 15:32:47,277 [trainer.py] => init_weight_decay: 0.0005
2024-10-23 15:32:47,277 [trainer.py] => epochs: 150
2024-10-23 15:32:47,277 [trainer.py] => lrate: 0.1
2024-10-23 15:32:47,277 [trainer.py] => milestones: [50, 80, 120]
2024-10-23 15:32:47,277 [trainer.py] => lrate_decay: 0.1
2024-10-23 15:32:47,277 [trainer.py] => batch_size: 128
2024-10-23 15:32:47,277 [trainer.py] => weight_decay: 0.0002
2024-10-23 15:32:47,277 [trainer.py] => num_workers: 8
2024-10-23 15:32:47,277 [trainer.py] => T: 2
2024-10-23 15:32:49,571 [data_manager.py] => [4, 2, 5, 0, 3, 6, 7, 8, 1]
2024-10-23 15:32:49,648 [trainer.py] => All params: 0
2024-10-23 15:32:49,649 [trainer.py] => Trainable params: 0
2024-10-23 15:32:50,953 [der.py] => Learning on 0-5
2024-10-23 15:32:50,954 [der.py] => All params: 3849547
2024-10-23 15:32:50,962 [der.py] => Trainable params: 3849547
2024-10-23 15:32:52,493 [der.py] => init_train?---False
2024-10-23 15:32:55,692 [base.py] => Reducing exemplars...(60 per classes)
2024-10-23 15:32:55,693 [base.py] => Constructing exemplars...(60 per classes)
2024-10-23 15:33:13,070 [trainer.py] => All params: 3849547
2024-10-23 15:33:16,646 [der.py] => Exemplar size: 300
2024-10-23 15:33:16,662 [trainer.py] => CNN: {'total': 89.93, '00-04': 89.93, 'old': 0, 'new': 89.93}
2024-10-23 15:33:16,662 [trainer.py] => NME: {'total': 90.0, '00-04': 90.0, 'old': 0, 'new': 90.0}
2024-10-23 15:33:16,663 [trainer.py] => CNN top1 curve: [89.93]
2024-10-23 15:33:16,663 [trainer.py] => CNN top5 curve: [100.0]
2024-10-23 15:33:16,663 [trainer.py] => NME top1 curve: [90.0]
2024-10-23 15:33:16,663 [trainer.py] => NME top5 curve: [100.0]

2024-10-23 15:33:16,663 [trainer.py] => Average Accuracy (CNN): 89.93
2024-10-23 15:33:16,664 [trainer.py] => Average Accuracy (NME): 90.0
2024-10-23 15:33:16,664 [trainer.py] => All params: 3849547
2024-10-23 15:33:16,669 [trainer.py] => Trainable params: 3849547
2024-10-23 15:33:17,519 [der.py] => Learning on 5-7
2024-10-23 15:33:17,521 [der.py] => All params: 7696522
2024-10-23 15:33:17,522 [der.py] => Trainable params: 3852618
2024-10-23 15:40:30,228 [der.py] => Task 1, Epoch 150/150 => Loss 0.001, Loss_clf 0.000, Loss_aux 0.000, Train_accy 100.00
2024-10-23 15:40:30,442 [base.py] => Reducing exemplars...(42 per classes)
2024-10-23 15:40:33,387 [base.py] => Constructing exemplars...(42 per classes)
2024-10-23 15:40:39,603 [trainer.py] => All params: 7696522
2024-10-23 15:40:43,815 [der.py] => Exemplar size: 294
2024-10-23 15:40:43,815 [trainer.py] => CNN: {'total': 70.55, '00-04': 59.83, '05-06': 97.33, 'old': 59.83, 'new': 97.33}
2024-10-23 15:40:43,815 [trainer.py] => NME: {'total': 76.1, '00-04': 69.73, '05-06': 92.0, 'old': 69.73, 'new': 92.0}
2024-10-23 15:40:43,815 [trainer.py] => CNN top1 curve: [89.93, 70.55]
2024-10-23 15:40:43,815 [trainer.py] => CNN top5 curve: [100.0, 98.88]
2024-10-23 15:40:43,815 [trainer.py] => NME top1 curve: [90.0, 76.1]
2024-10-23 15:40:43,815 [trainer.py] => NME top5 curve: [100.0, 98.98]

2024-10-23 15:40:43,815 [trainer.py] => Average Accuracy (CNN): 80.24000000000001
2024-10-23 15:40:43,816 [trainer.py] => Average Accuracy (NME): 83.05
2024-10-23 15:40:43,817 [trainer.py] => All params: 7696522
2024-10-23 15:40:43,818 [trainer.py] => Trainable params: 3852618
2024-10-23 15:40:44,039 [der.py] => Learning on 7-9
2024-10-23 15:40:44,052 [der.py] => All params: 11547084
2024-10-23 15:40:44,053 [der.py] => Trainable params: 3859276
2024-10-23 15:46:50,686 [der.py] => Task 2, Epoch 150/150 => Loss 0.001, Loss_clf 0.001, Loss_aux 0.000, Train_accy 100.00
2024-10-23 15:46:50,689 [base.py] => Reducing exemplars...(33 per classes)
2024-10-23 15:46:53,583 [base.py] => Constructing exemplars...(33 per classes)
2024-10-23 15:46:57,826 [trainer.py] => All params: 11547084
2024-10-23 15:47:00,933 [der.py] => Exemplar size: 297
2024-10-23 15:47:00,934 [trainer.py] => CNN: {'total': 69.39, '00-04': 53.53, '05-06': 82.08, '07-08': 96.33, 'old': 61.69, 'new': 96.33}
2024-10-23 15:47:00,934 [trainer.py] => NME: {'total': 73.41, '00-04': 61.07, '05-06': 86.5, '07-08': 91.17, 'old': 68.33, 'new': 91.17}
2024-10-23 15:47:00,935 [trainer.py] => CNN top1 curve: [89.93, 70.55, 69.39]
2024-10-23 15:47:00,935 [trainer.py] => CNN top5 curve: [100.0, 98.88, 97.57]
2024-10-23 15:47:00,935 [trainer.py] => NME top1 curve: [90.0, 76.1, 73.41]
2024-10-23 15:47:00,935 [trainer.py] => NME top5 curve: [100.0, 98.98, 98.11]

2024-10-23 15:47:00,936 [trainer.py] => Average Accuracy (CNN): 76.62333333333333
2024-10-23 15:47:00,936 [trainer.py] => Average Accuracy (NME): 79.83666666666666
2024-10-23 15:47:00,937 [trainer.py] => Forgetting (CNN): 25.825000000000003
