2024-10-31 11:20:01,571 [trainer.py] => config: ./exps/der.json
2024-10-31 11:20:01,571 [trainer.py] => prefix: cil
2024-10-31 11:20:01,571 [trainer.py] => dataset: hrrp9
2024-10-31 11:20:01,571 [trainer.py] => memory_size: 500
2024-10-31 11:20:01,571 [trainer.py] => memory_per_class: 20
2024-10-31 11:20:01,571 [trainer.py] => fixed_memory: False
2024-10-31 11:20:01,571 [trainer.py] => shuffle: True
2024-10-31 11:20:01,571 [trainer.py] => init_cls: 5
2024-10-31 11:20:01,571 [trainer.py] => increment: 2
2024-10-31 11:20:01,571 [trainer.py] => model_name: der
2024-10-31 11:20:01,571 [trainer.py] => convnet_type: resnet18
2024-10-31 11:20:01,571 [trainer.py] => device: [device(type='cuda', index=1)]
2024-10-31 11:20:01,571 [trainer.py] => init_train: False
2024-10-31 11:20:01,571 [trainer.py] => seed2: [1993]
2024-10-31 11:20:01,571 [trainer.py] => convnet_path2: checkpoints/init_train/resnet18_42503.pth
2024-10-31 11:20:01,572 [trainer.py] => fc_path2: checkpoints/init_train/fc_42503.pth
2024-10-31 11:20:01,572 [trainer.py] => 1: [110]
2024-10-31 11:20:01,572 [trainer.py] => convnet_path1: checkpoints/init_train/resnet18_42871.pth
2024-10-31 11:20:01,572 [trainer.py] => fc_path1: checkpoints/init_train/fc_42871.pth
2024-10-31 11:20:01,572 [trainer.py] => seed: 2001
2024-10-31 11:20:01,572 [trainer.py] => convnet_path: checkpoints/init_train/resnet18_35172.pth
2024-10-31 11:20:01,572 [trainer.py] => fc_path: checkpoints/init_train/fc_35172.pth
2024-10-31 11:20:01,572 [trainer.py] => init_epoch: 0
2024-10-31 11:20:01,572 [trainer.py] => init_lr: 0.1
2024-10-31 11:20:01,572 [trainer.py] => init_milestones: [60, 120, 170]
2024-10-31 11:20:01,572 [trainer.py] => init_lr_decay: 0.1
2024-10-31 11:20:01,572 [trainer.py] => init_weight_decay: 0.0005
2024-10-31 11:20:01,572 [trainer.py] => epochs: 150
2024-10-31 11:20:01,572 [trainer.py] => lrate: 0.1
2024-10-31 11:20:01,572 [trainer.py] => milestones: [50, 80, 120]
2024-10-31 11:20:01,572 [trainer.py] => lrate_decay: 0.1
2024-10-31 11:20:01,572 [trainer.py] => batch_size: 128
2024-10-31 11:20:01,572 [trainer.py] => weight_decay: 0.0002
2024-10-31 11:20:01,572 [trainer.py] => num_workers: 8
2024-10-31 11:20:01,572 [trainer.py] => T: 2
2024-10-31 11:20:02,248 [data_manager.py] => [3, 5, 1, 7, 2, 8, 6, 4, 0]
2024-10-31 11:20:02,301 [trainer.py] => All params: 0
2024-10-31 11:20:02,301 [trainer.py] => Trainable params: 0
2024-10-31 11:20:02,852 [der.py] => Learning on 0-5
2024-10-31 11:20:02,852 [der.py] => All params: 3849547
2024-10-31 11:20:02,853 [der.py] => Trainable params: 3849547
2024-10-31 11:20:03,048 [der.py] => init_train?---False
2024-10-31 11:20:03,850 [base.py] => Reducing exemplars...(100 per classes)
2024-10-31 11:20:03,850 [base.py] => Constructing exemplars...(100 per classes)
2024-10-31 11:20:09,180 [trainer.py] => All params: 3849547
2024-10-31 11:20:10,171 [der.py] => Exemplar size: 500
2024-10-31 11:20:10,171 [trainer.py] => CNN: {'total': 90.13, '00-04': 90.13, 'old': 0, 'new': 90.13}
2024-10-31 11:20:10,171 [trainer.py] => NME: {'total': 89.53, '00-04': 89.53, 'old': 0, 'new': 89.53}
2024-10-31 11:20:10,171 [trainer.py] => CNN top1 curve: [90.13]
2024-10-31 11:20:10,171 [trainer.py] => CNN top5 curve: [100.0]
2024-10-31 11:20:10,172 [trainer.py] => NME top1 curve: [89.53]
2024-10-31 11:20:10,172 [trainer.py] => NME top5 curve: [100.0]

2024-10-31 11:20:10,172 [trainer.py] => Average Accuracy (CNN): 90.13
2024-10-31 11:20:10,172 [trainer.py] => Average Accuracy (NME): 89.53
2024-10-31 11:20:10,172 [trainer.py] => All params: 3849547
2024-10-31 11:20:10,172 [trainer.py] => Trainable params: 3849547
2024-10-31 11:20:10,282 [der.py] => Learning on 5-7
2024-10-31 11:20:10,282 [der.py] => All params: 7696522
2024-10-31 11:20:10,283 [der.py] => Trainable params: 3852618
2024-10-31 11:24:16,052 [der.py] => Task 1, Epoch 150/150 => Loss 0.001, Loss_clf 0.000, Loss_aux 0.000, Train_accy 100.00
2024-10-31 11:24:16,244 [base.py] => Reducing exemplars...(71 per classes)
2024-10-31 11:24:18,273 [base.py] => Constructing exemplars...(71 per classes)
2024-10-31 11:24:23,189 [trainer.py] => All params: 7696522
2024-10-31 11:24:25,394 [der.py] => Exemplar size: 497
2024-10-31 11:24:25,406 [trainer.py] => CNN: {'total': 84.1, '00-04': 80.57, '05-06': 92.92, 'old': 80.57, 'new': 92.92}
2024-10-31 11:24:25,406 [trainer.py] => NME: {'total': 85.71, '00-04': 85.57, '05-06': 86.08, 'old': 85.57, 'new': 86.08}
2024-10-31 11:24:25,406 [trainer.py] => CNN top1 curve: [90.13, 84.1]
2024-10-31 11:24:25,407 [trainer.py] => CNN top5 curve: [100.0, 99.55]
2024-10-31 11:24:25,407 [trainer.py] => NME top1 curve: [89.53, 85.71]
2024-10-31 11:24:25,407 [trainer.py] => NME top5 curve: [100.0, 98.93]

2024-10-31 11:24:25,407 [trainer.py] => Average Accuracy (CNN): 87.115
2024-10-31 11:24:25,407 [trainer.py] => Average Accuracy (NME): 87.62
2024-10-31 11:24:25,408 [trainer.py] => All params: 7696522
2024-10-31 11:24:25,408 [trainer.py] => Trainable params: 3852618
2024-10-31 11:24:25,569 [der.py] => Learning on 7-9
2024-10-31 11:24:25,571 [der.py] => All params: 11547084
2024-10-31 11:24:25,572 [der.py] => Trainable params: 3859276
2024-10-31 11:29:16,343 [der.py] => Task 2, Epoch 150/150 => Loss 0.002, Loss_clf 0.001, Loss_aux 0.001, Train_accy 100.00
2024-10-31 11:29:16,346 [base.py] => Reducing exemplars...(55 per classes)
2024-10-31 11:29:18,736 [base.py] => Constructing exemplars...(55 per classes)
2024-10-31 11:29:23,368 [trainer.py] => All params: 11547084
2024-10-31 11:29:25,849 [der.py] => Exemplar size: 495
2024-10-31 11:29:25,849 [trainer.py] => CNN: {'total': 74.28, '00-04': 71.23, '05-06': 69.08, '07-08': 87.08, 'old': 70.62, 'new': 87.08}
2024-10-31 11:29:25,849 [trainer.py] => NME: {'total': 80.04, '00-04': 80.7, '05-06': 78.0, '07-08': 80.42, 'old': 79.93, 'new': 80.42}
2024-10-31 11:29:25,849 [trainer.py] => CNN top1 curve: [90.13, 84.1, 74.28]
2024-10-31 11:29:25,849 [trainer.py] => CNN top5 curve: [100.0, 99.55, 98.31]
2024-10-31 11:29:25,849 [trainer.py] => NME top1 curve: [89.53, 85.71, 80.04]
2024-10-31 11:29:25,850 [trainer.py] => NME top5 curve: [100.0, 98.93, 97.24]

2024-10-31 11:29:25,850 [trainer.py] => Average Accuracy (CNN): 82.83666666666666
2024-10-31 11:29:25,850 [trainer.py] => Average Accuracy (NME): 85.09333333333335
2024-10-31 11:29:25,850 [trainer.py] => Forgetting (CNN): 21.369999999999997
