2024-10-23 15:32:22,675 [trainer.py] => config: ./exps/der.json
2024-10-23 15:32:22,676 [trainer.py] => prefix: cil
2024-10-23 15:32:22,676 [trainer.py] => dataset: hrrp9
2024-10-23 15:32:22,676 [trainer.py] => memory_size: 400
2024-10-23 15:32:22,676 [trainer.py] => memory_per_class: 20
2024-10-23 15:32:22,676 [trainer.py] => fixed_memory: False
2024-10-23 15:32:22,676 [trainer.py] => shuffle: True
2024-10-23 15:32:22,676 [trainer.py] => init_cls: 5
2024-10-23 15:32:22,677 [trainer.py] => increment: 2
2024-10-23 15:32:22,677 [trainer.py] => model_name: der
2024-10-23 15:32:22,677 [trainer.py] => convnet_type: resnet18
2024-10-23 15:32:22,677 [trainer.py] => device: [device(type='cuda', index=3)]
2024-10-23 15:32:22,677 [trainer.py] => init_train: False
2024-10-23 15:32:22,677 [trainer.py] => seed: 1993
2024-10-23 15:32:22,677 [trainer.py] => convnet_path: checkpoints/init_train/resnet18_42503.pth
2024-10-23 15:32:22,677 [trainer.py] => fc_path: checkpoints/init_train/fc_42503.pth
2024-10-23 15:32:22,678 [trainer.py] => seed1: [2001]
2024-10-23 15:32:22,678 [trainer.py] => convnet_path1: checkpoints/init_train/resnet18_35172.pth
2024-10-23 15:32:22,678 [trainer.py] => fc_path1: checkpoints/init_train/fc_35172.pth
2024-10-23 15:32:22,678 [trainer.py] => init_epoch: 0
2024-10-23 15:32:22,678 [trainer.py] => init_lr: 0.1
2024-10-23 15:32:22,678 [trainer.py] => init_milestones: [60, 120, 170]
2024-10-23 15:32:22,678 [trainer.py] => init_lr_decay: 0.1
2024-10-23 15:32:22,678 [trainer.py] => init_weight_decay: 0.0005
2024-10-23 15:32:22,678 [trainer.py] => epochs: 150
2024-10-23 15:32:22,679 [trainer.py] => lrate: 0.1
2024-10-23 15:32:22,679 [trainer.py] => milestones: [50, 80, 120]
2024-10-23 15:32:22,679 [trainer.py] => lrate_decay: 0.1
2024-10-23 15:32:22,679 [trainer.py] => batch_size: 128
2024-10-23 15:32:22,679 [trainer.py] => weight_decay: 0.0002
2024-10-23 15:32:22,679 [trainer.py] => num_workers: 8
2024-10-23 15:32:22,679 [trainer.py] => T: 2
2024-10-23 15:32:24,460 [data_manager.py] => [4, 2, 5, 0, 3, 6, 7, 8, 1]
2024-10-23 15:32:24,619 [trainer.py] => All params: 0
2024-10-23 15:32:24,620 [trainer.py] => Trainable params: 0
2024-10-23 15:32:25,452 [der.py] => Learning on 0-5
2024-10-23 15:32:25,453 [der.py] => All params: 3849547
2024-10-23 15:32:25,453 [der.py] => Trainable params: 3849547
2024-10-23 15:32:26,163 [der.py] => init_train?---False
2024-10-23 15:32:29,007 [base.py] => Reducing exemplars...(80 per classes)
2024-10-23 15:32:29,007 [base.py] => Constructing exemplars...(80 per classes)
2024-10-23 15:32:46,137 [trainer.py] => All params: 3849547
2024-10-23 15:32:49,613 [der.py] => Exemplar size: 400
2024-10-23 15:32:49,618 [trainer.py] => CNN: {'total': 89.93, '00-04': 89.93, 'old': 0, 'new': 89.93}
2024-10-23 15:32:49,619 [trainer.py] => NME: {'total': 90.0, '00-04': 90.0, 'old': 0, 'new': 90.0}
2024-10-23 15:32:49,619 [trainer.py] => CNN top1 curve: [89.93]
2024-10-23 15:32:49,619 [trainer.py] => CNN top5 curve: [100.0]
2024-10-23 15:32:49,620 [trainer.py] => NME top1 curve: [90.0]
2024-10-23 15:32:49,620 [trainer.py] => NME top5 curve: [100.0]

2024-10-23 15:32:49,620 [trainer.py] => Average Accuracy (CNN): 89.93
2024-10-23 15:32:49,620 [trainer.py] => Average Accuracy (NME): 90.0
2024-10-23 15:32:49,621 [trainer.py] => All params: 3849547
2024-10-23 15:32:49,621 [trainer.py] => Trainable params: 3849547
2024-10-23 15:32:50,160 [der.py] => Learning on 5-7
2024-10-23 15:32:50,179 [der.py] => All params: 7696522
2024-10-23 15:32:50,180 [der.py] => Trainable params: 3852618
2024-10-23 15:40:34,294 [der.py] => Task 1, Epoch 150/150 => Loss 0.001, Loss_clf 0.000, Loss_aux 0.000, Train_accy 100.00
2024-10-23 15:40:34,557 [base.py] => Reducing exemplars...(57 per classes)
2024-10-23 15:40:38,164 [base.py] => Constructing exemplars...(57 per classes)
2024-10-23 15:40:46,472 [trainer.py] => All params: 7696522
2024-10-23 15:40:50,971 [der.py] => Exemplar size: 399
2024-10-23 15:40:50,971 [trainer.py] => CNN: {'total': 71.95, '00-04': 62.1, '05-06': 96.58, 'old': 62.1, 'new': 96.58}
2024-10-23 15:40:50,971 [trainer.py] => NME: {'total': 78.12, '00-04': 73.1, '05-06': 90.67, 'old': 73.1, 'new': 90.67}
2024-10-23 15:40:50,971 [trainer.py] => CNN top1 curve: [89.93, 71.95]
2024-10-23 15:40:50,971 [trainer.py] => CNN top5 curve: [100.0, 98.98]
2024-10-23 15:40:50,971 [trainer.py] => NME top1 curve: [90.0, 78.12]
2024-10-23 15:40:50,971 [trainer.py] => NME top5 curve: [100.0, 99.02]

2024-10-23 15:40:50,971 [trainer.py] => Average Accuracy (CNN): 80.94
2024-10-23 15:40:50,971 [trainer.py] => Average Accuracy (NME): 84.06
2024-10-23 15:40:50,972 [trainer.py] => All params: 7696522
2024-10-23 15:40:50,973 [trainer.py] => Trainable params: 3852618
2024-10-23 15:40:51,414 [der.py] => Learning on 7-9
2024-10-23 15:40:51,415 [der.py] => All params: 11547084
2024-10-23 15:40:51,416 [der.py] => Trainable params: 3859276
2024-10-23 15:47:08,323 [der.py] => Task 2, Epoch 150/150 => Loss 0.001, Loss_clf 0.001, Loss_aux 0.000, Train_accy 100.00
2024-10-23 15:47:08,326 [base.py] => Reducing exemplars...(44 per classes)
2024-10-23 15:47:10,454 [base.py] => Constructing exemplars...(44 per classes)
2024-10-23 15:47:14,535 [trainer.py] => All params: 11547084
2024-10-23 15:47:17,296 [der.py] => Exemplar size: 396
2024-10-23 15:47:17,296 [trainer.py] => CNN: {'total': 72.46, '00-04': 58.53, '05-06': 83.5, '07-08': 96.25, 'old': 65.67, 'new': 96.25}
2024-10-23 15:47:17,296 [trainer.py] => NME: {'total': 76.09, '00-04': 65.43, '05-06': 86.25, '07-08': 92.58, 'old': 71.38, 'new': 92.58}
2024-10-23 15:47:17,296 [trainer.py] => CNN top1 curve: [89.93, 71.95, 72.46]
2024-10-23 15:47:17,296 [trainer.py] => CNN top5 curve: [100.0, 98.98, 97.72]
2024-10-23 15:47:17,296 [trainer.py] => NME top1 curve: [90.0, 78.12, 76.09]
2024-10-23 15:47:17,296 [trainer.py] => NME top5 curve: [100.0, 99.02, 98.15]

2024-10-23 15:47:17,296 [trainer.py] => Average Accuracy (CNN): 78.11333333333333
2024-10-23 15:47:17,296 [trainer.py] => Average Accuracy (NME): 81.40333333333334
2024-10-23 15:47:17,297 [trainer.py] => Forgetting (CNN): 22.240000000000002
