2024-10-21 17:06:52,059 [trainer.py] => config: ./exps/der.json
2024-10-21 17:06:52,060 [trainer.py] => prefix: cil
2024-10-21 17:06:52,060 [trainer.py] => dataset: hrrp9
2024-10-21 17:06:52,060 [trainer.py] => memory_size: 500
2024-10-21 17:06:52,061 [trainer.py] => memory_per_class: 20
2024-10-21 17:06:52,061 [trainer.py] => fixed_memory: False
2024-10-21 17:06:52,061 [trainer.py] => shuffle: True
2024-10-21 17:06:52,061 [trainer.py] => init_cls: 5
2024-10-21 17:06:52,061 [trainer.py] => increment: 2
2024-10-21 17:06:52,062 [trainer.py] => model_name: der
2024-10-21 17:06:52,062 [trainer.py] => convnet_type: resnet18
2024-10-21 17:06:52,062 [trainer.py] => device: [device(type='cuda', index=1)]
2024-10-21 17:06:52,062 [trainer.py] => seed: 2001
2024-10-21 17:06:52,063 [trainer.py] => init_train: False
2024-10-21 17:06:52,063 [trainer.py] => convnet_path1: checkpoints/init_train/resnet18_42503.pth
2024-10-21 17:06:52,063 [trainer.py] => fc_path1: checkpoints/init_train/fc_42503.pth
2024-10-21 17:06:52,063 [trainer.py] => convnet_path: checkpoints/init_train/resnet18_35172.pth
2024-10-21 17:06:52,063 [trainer.py] => fc_path: checkpoints/init_train/fc_35172.pth
2024-10-21 17:06:52,064 [trainer.py] => init_epoch: 0
2024-10-21 17:06:52,064 [trainer.py] => init_lr: 0.1
2024-10-21 17:06:52,064 [trainer.py] => init_milestones: [60, 120, 170]
2024-10-21 17:06:52,064 [trainer.py] => init_lr_decay: 0.1
2024-10-21 17:06:52,064 [trainer.py] => init_weight_decay: 0.0005
2024-10-21 17:06:52,065 [trainer.py] => epochs: 150
2024-10-21 17:06:52,065 [trainer.py] => lrate: 0.1
2024-10-21 17:06:52,066 [trainer.py] => milestones: [50, 80, 120]
2024-10-21 17:06:52,066 [trainer.py] => lrate_decay: 0.1
2024-10-21 17:06:52,066 [trainer.py] => batch_size: 128
2024-10-21 17:06:52,067 [trainer.py] => weight_decay: 0.0002
2024-10-21 17:06:52,067 [trainer.py] => num_workers: 8
2024-10-21 17:06:52,067 [trainer.py] => T: 2
2024-10-21 17:06:53,088 [data_manager.py] => [3, 5, 1, 7, 2, 8, 6, 4, 0]
2024-10-21 17:06:53,144 [trainer.py] => All params: 0
2024-10-21 17:06:53,144 [trainer.py] => Trainable params: 0
2024-10-21 17:06:53,779 [der.py] => Learning on 0-5
2024-10-21 17:06:53,780 [der.py] => All params: 3849547
2024-10-21 17:06:53,780 [der.py] => Trainable params: 3849547
2024-10-21 17:06:54,103 [der.py] => init_train?---False
2024-10-21 17:06:55,234 [base.py] => Reducing exemplars...(100 per classes)
2024-10-21 17:06:55,235 [base.py] => Constructing exemplars...(100 per classes)
2024-10-21 17:07:01,573 [trainer.py] => All params: 3849547
2024-10-21 17:07:02,704 [der.py] => Exemplar size: 500
2024-10-21 17:07:02,705 [trainer.py] => CNN: {'total': 90.13, '00-04': 90.13, 'old': 0, 'new': 90.13}
2024-10-21 17:07:02,705 [trainer.py] => NME: {'total': 89.53, '00-04': 89.53, 'old': 0, 'new': 89.53}
2024-10-21 17:07:02,705 [trainer.py] => CNN top1 curve: [90.13]
2024-10-21 17:07:02,706 [trainer.py] => CNN top5 curve: [100.0]
2024-10-21 17:07:02,706 [trainer.py] => NME top1 curve: [89.53]
2024-10-21 17:07:02,706 [trainer.py] => NME top5 curve: [100.0]

2024-10-21 17:07:02,707 [trainer.py] => Average Accuracy (CNN): 90.13
2024-10-21 17:07:02,707 [trainer.py] => Average Accuracy (NME): 89.53
2024-10-21 17:07:02,708 [trainer.py] => All params: 3849547
2024-10-21 17:07:02,708 [trainer.py] => Trainable params: 3849547
2024-10-21 17:07:02,931 [der.py] => Learning on 5-7
2024-10-21 17:07:02,933 [der.py] => All params: 7696522
2024-10-21 17:07:02,934 [der.py] => Trainable params: 3852618
2024-10-21 17:10:29,997 [der.py] => Task 1, Epoch 150/150 => Loss 0.001, Loss_clf 0.001, Loss_aux 0.000, Train_accy 100.00
2024-10-21 17:10:30,175 [base.py] => Reducing exemplars...(71 per classes)
2024-10-21 17:10:31,640 [base.py] => Constructing exemplars...(71 per classes)
2024-10-21 17:10:35,168 [trainer.py] => All params: 7696522
2024-10-21 17:10:36,910 [der.py] => Exemplar size: 497
2024-10-21 17:10:36,910 [trainer.py] => CNN: {'total': 83.74, '00-04': 79.07, '05-06': 95.42, 'old': 79.07, 'new': 95.42}
2024-10-21 17:10:36,911 [trainer.py] => NME: {'total': 86.38, '00-04': 84.57, '05-06': 90.92, 'old': 84.57, 'new': 90.92}
2024-10-21 17:10:36,911 [trainer.py] => CNN top1 curve: [90.13, 83.74]
2024-10-21 17:10:36,911 [trainer.py] => CNN top5 curve: [100.0, 99.57]
2024-10-21 17:10:36,911 [trainer.py] => NME top1 curve: [89.53, 86.38]
2024-10-21 17:10:36,911 [trainer.py] => NME top5 curve: [100.0, 99.48]

2024-10-21 17:10:36,911 [trainer.py] => Average Accuracy (CNN): 86.935
2024-10-21 17:10:36,911 [trainer.py] => Average Accuracy (NME): 87.955
2024-10-21 17:10:36,912 [trainer.py] => All params: 7696522
2024-10-21 17:10:36,913 [trainer.py] => Trainable params: 3852618
2024-10-21 17:10:37,115 [der.py] => Learning on 7-9
2024-10-21 17:10:37,117 [der.py] => All params: 11547084
2024-10-21 17:10:37,118 [der.py] => Trainable params: 3859276
2024-10-21 17:14:31,037 [der.py] => Task 2, Epoch 150/150 => Loss 0.001, Loss_clf 0.001, Loss_aux 0.000, Train_accy 100.00
2024-10-21 17:14:31,040 [base.py] => Reducing exemplars...(55 per classes)
2024-10-21 17:14:32,783 [base.py] => Constructing exemplars...(55 per classes)
2024-10-21 17:14:36,428 [trainer.py] => All params: 11547084
2024-10-21 17:14:38,582 [der.py] => Exemplar size: 495
2024-10-21 17:14:38,583 [trainer.py] => CNN: {'total': 75.98, '00-04': 73.4, '05-06': 70.08, '07-08': 88.33, 'old': 72.45, 'new': 88.33}
2024-10-21 17:14:38,583 [trainer.py] => NME: {'total': 79.78, '00-04': 79.9, '05-06': 80.5, '07-08': 78.75, 'old': 80.07, 'new': 78.75}
2024-10-21 17:14:38,583 [trainer.py] => CNN top1 curve: [90.13, 83.74, 75.98]
2024-10-21 17:14:38,583 [trainer.py] => CNN top5 curve: [100.0, 99.57, 98.5]
2024-10-21 17:14:38,583 [trainer.py] => NME top1 curve: [89.53, 86.38, 79.78]
2024-10-21 17:14:38,583 [trainer.py] => NME top5 curve: [100.0, 99.48, 97.17]

2024-10-21 17:14:38,583 [trainer.py] => Average Accuracy (CNN): 83.28333333333335
2024-10-21 17:14:38,583 [trainer.py] => Average Accuracy (NME): 85.23
2024-10-21 17:14:38,584 [trainer.py] => Forgetting (CNN): 21.034999999999997
