2025-04-08 21:23:58,479 [trainer.py] => config: ./exps/der.json
2025-04-08 21:23:58,479 [trainer.py] => prefix: cil
2025-04-08 21:23:58,479 [trainer.py] => dataset: hrrp9
2025-04-08 21:23:58,479 [trainer.py] => memory_size: 500
2025-04-08 21:23:58,479 [trainer.py] => memory_per_class: 20
2025-04-08 21:23:58,479 [trainer.py] => fixed_memory: False
2025-04-08 21:23:58,479 [trainer.py] => shuffle: True
2025-04-08 21:23:58,479 [trainer.py] => init_cls: 5
2025-04-08 21:23:58,480 [trainer.py] => increment: 2
2025-04-08 21:23:58,480 [trainer.py] => model_name: der
2025-04-08 21:23:58,480 [trainer.py] => convnet_type: resnet18
2025-04-08 21:23:58,480 [trainer.py] => device: [device(type='cuda', index=1)]
2025-04-08 21:23:58,480 [trainer.py] => init_train: False
2025-04-08 21:23:58,480 [trainer.py] => seed: 1993
2025-04-08 21:23:58,480 [trainer.py] => convnet_path: checkpoints/init_train/resnet18_42503.pth
2025-04-08 21:23:58,480 [trainer.py] => fc_path: checkpoints/init_train/fc_42503.pth
2025-04-08 21:23:58,480 [trainer.py] => 1: [110]
2025-04-08 21:23:58,480 [trainer.py] => convnet_path1: checkpoints/init_train/resnet18_42871.pth
2025-04-08 21:23:58,480 [trainer.py] => fc_path1: checkpoints/init_train/fc_42871.pth
2025-04-08 21:23:58,480 [trainer.py] => seed2: [2001]
2025-04-08 21:23:58,480 [trainer.py] => convnet_path2: checkpoints/init_train/resnet18_35172.pth
2025-04-08 21:23:58,480 [trainer.py] => fc_path2: checkpoints/init_train/fc_35172.pth
2025-04-08 21:23:58,480 [trainer.py] => init_epoch: 0
2025-04-08 21:23:58,480 [trainer.py] => init_lr: 0.1
2025-04-08 21:23:58,480 [trainer.py] => init_milestones: [60, 120, 170]
2025-04-08 21:23:58,480 [trainer.py] => init_lr_decay: 0.1
2025-04-08 21:23:58,480 [trainer.py] => init_weight_decay: 0.0005
2025-04-08 21:23:58,480 [trainer.py] => epochs: 150
2025-04-08 21:23:58,480 [trainer.py] => lrate: 0.1
2025-04-08 21:23:58,480 [trainer.py] => milestones: [50, 80, 120]
2025-04-08 21:23:58,481 [trainer.py] => lrate_decay: 0.1
2025-04-08 21:23:58,481 [trainer.py] => batch_size: 128
2025-04-08 21:23:58,481 [trainer.py] => weight_decay: 0.0002
2025-04-08 21:23:58,481 [trainer.py] => num_workers: 8
2025-04-08 21:23:58,481 [trainer.py] => T: 2
2025-04-08 21:23:59,043 [data_manager.py] => [4, 2, 5, 0, 3, 6, 7, 8, 1]
2025-04-08 21:23:59,093 [trainer.py] => All params: 0
2025-04-08 21:23:59,093 [trainer.py] => Trainable params: 0
2025-04-08 21:24:02,199 [der.py] => Learning on 0-5
2025-04-08 21:24:02,200 [der.py] => All params: 3849547
2025-04-08 21:24:02,200 [der.py] => Trainable params: 3849547
2025-04-08 21:24:03,969 [der.py] => init_train?---False
2025-04-08 21:24:07,412 [base.py] => Reducing exemplars...(100 per classes)
2025-04-08 21:24:07,412 [base.py] => Constructing exemplars...(100 per classes)
2025-04-08 21:24:17,500 [trainer.py] => task:0 training time:18.41s
2025-04-08 21:24:17,501 [trainer.py] => All params: 3849547
2025-04-08 21:24:20,144 [der.py] => Exemplar size: 500
2025-04-08 21:24:20,145 [trainer.py] => CNN: {'total': 89.93, '00-04': 89.93, 'old': 0, 'new': 89.93}
2025-04-08 21:24:20,145 [trainer.py] => NME: {'total': 90.0, '00-04': 90.0, 'old': 0, 'new': 90.0}
2025-04-08 21:24:20,145 [trainer.py] => CNN top1 curve: [89.93]
2025-04-08 21:24:20,145 [trainer.py] => CNN top5 curve: [100.0]
2025-04-08 21:24:20,145 [trainer.py] => NME top1 curve: [90.0]
2025-04-08 21:24:20,145 [trainer.py] => NME top5 curve: [100.0]

2025-04-08 21:24:20,145 [trainer.py] => Average Accuracy (CNN): 89.93
2025-04-08 21:24:20,145 [trainer.py] => Average Accuracy (NME): 90.0
2025-04-08 21:24:20,146 [trainer.py] => All params: 3849547
2025-04-08 21:24:20,146 [trainer.py] => Trainable params: 3849547
2025-04-08 21:24:20,244 [der.py] => Learning on 5-7
2025-04-08 21:24:20,245 [der.py] => All params: 7696522
2025-04-08 21:24:20,246 [der.py] => Trainable params: 3852618
2025-04-08 21:29:52,098 [der.py] => Task 1, Epoch 150/150 => Loss 0.002, Loss_clf 0.001, Loss_aux 0.001, Train_accy 100.00
2025-04-08 21:29:52,098 [der.py] => 100 epoches training time:221.64s
2025-04-08 21:29:52,098 [der.py] => Average training time of single epoch:1.92s
2025-04-08 21:29:52,101 [base.py] => Reducing exemplars...(71 per classes)
2025-04-08 21:29:55,586 [base.py] => Constructing exemplars...(71 per classes)
2025-04-08 21:30:00,561 [trainer.py] => task:1 training time:340.41s
2025-04-08 21:30:00,562 [trainer.py] => All params: 7696522
2025-04-08 21:30:03,489 [der.py] => Exemplar size: 497
2025-04-08 21:30:03,489 [trainer.py] => CNN: {'total': 70.69, '00-04': 60.2, '05-06': 96.92, 'old': 60.2, 'new': 96.92}
2025-04-08 21:30:03,489 [trainer.py] => NME: {'total': 79.29, '00-04': 74.8, '05-06': 90.5, 'old': 74.8, 'new': 90.5}
2025-04-08 21:30:03,489 [trainer.py] => CNN top1 curve: [89.93, 70.69]
2025-04-08 21:30:03,489 [trainer.py] => CNN top5 curve: [100.0, 98.93]
2025-04-08 21:30:03,489 [trainer.py] => NME top1 curve: [90.0, 79.29]
2025-04-08 21:30:03,489 [trainer.py] => NME top5 curve: [100.0, 99.29]

2025-04-08 21:30:03,490 [trainer.py] => Average Accuracy (CNN): 80.31
2025-04-08 21:30:03,490 [trainer.py] => Average Accuracy (NME): 84.64500000000001
2025-04-08 21:30:03,490 [trainer.py] => All params: 7696522
2025-04-08 21:30:03,491 [trainer.py] => Trainable params: 3852618
2025-04-08 21:30:03,568 [der.py] => Learning on 7-9
2025-04-08 21:30:03,570 [der.py] => All params: 11547084
2025-04-08 21:30:03,570 [der.py] => Trainable params: 3859276
2025-04-08 21:35:53,903 [der.py] => Task 2, Epoch 150/150 => Loss 0.004, Loss_clf 0.002, Loss_aux 0.002, Train_accy 100.00
2025-04-08 21:35:53,903 [der.py] => 100 epoches training time:233.16s
2025-04-08 21:35:53,903 [der.py] => Average training time of single epoch:2.00s
2025-04-08 21:35:53,906 [base.py] => Reducing exemplars...(55 per classes)
2025-04-08 21:35:58,646 [base.py] => Constructing exemplars...(55 per classes)
2025-04-08 21:36:03,991 [trainer.py] => task:2 training time:360.50s
2025-04-08 21:36:03,992 [trainer.py] => All params: 11547084
2025-04-08 21:36:07,456 [der.py] => Exemplar size: 495
2025-04-08 21:36:07,457 [trainer.py] => CNN: {'total': 70.39, '00-04': 58.5, '05-06': 75.5, '07-08': 95.0, 'old': 63.36, 'new': 95.0}
2025-04-08 21:36:07,457 [trainer.py] => NME: {'total': 76.31, '00-04': 68.67, '05-06': 83.75, '07-08': 88.0, 'old': 72.98, 'new': 88.0}
2025-04-08 21:36:07,457 [trainer.py] => CNN top1 curve: [89.93, 70.69, 70.39]
2025-04-08 21:36:07,457 [trainer.py] => CNN top5 curve: [100.0, 98.93, 98.0]
2025-04-08 21:36:07,457 [trainer.py] => NME top1 curve: [90.0, 79.29, 76.31]
2025-04-08 21:36:07,457 [trainer.py] => NME top5 curve: [100.0, 99.29, 98.04]

2025-04-08 21:36:07,457 [trainer.py] => Average Accuracy (CNN): 77.00333333333333
2025-04-08 21:36:07,457 [trainer.py] => Average Accuracy (NME): 81.86666666666667
2025-04-08 21:36:07,457 [trainer.py] => Time consumed in all training process:728.36s
2025-04-08 21:36:07,457 [trainer.py] => Average Time consumed in single task:239.77s
2025-04-08 21:36:07,458 [trainer.py] => Forgetting (CNN): 26.425000000000004
