2024-10-18 17:05:50,652 [trainer.py] => config: ./exps/der.json
2024-10-18 17:05:50,652 [trainer.py] => prefix: cil
2024-10-18 17:05:50,652 [trainer.py] => dataset: hrrp9
2024-10-18 17:05:50,652 [trainer.py] => memory_size: 500
2024-10-18 17:05:50,652 [trainer.py] => memory_per_class: 20
2024-10-18 17:05:50,652 [trainer.py] => fixed_memory: False
2024-10-18 17:05:50,652 [trainer.py] => shuffle: True
2024-10-18 17:05:50,652 [trainer.py] => init_cls: 5
2024-10-18 17:05:50,653 [trainer.py] => increment: 2
2024-10-18 17:05:50,653 [trainer.py] => model_name: der
2024-10-18 17:05:50,653 [trainer.py] => convnet_type: resnet18
2024-10-18 17:05:50,653 [trainer.py] => device: [device(type='cuda', index=0)]
2024-10-18 17:05:50,653 [trainer.py] => seed: 1993
2024-10-18 17:05:50,653 [trainer.py] => init_train: False
2024-10-18 17:05:50,653 [trainer.py] => convnet_path: checkpoints/init_train/resnet18_42503.pth
2024-10-18 17:05:50,653 [trainer.py] => fc_path: checkpoints/init_train/fc_42503.pth
2024-10-18 17:05:50,653 [trainer.py] => init_epoch: 0
2024-10-18 17:05:50,653 [trainer.py] => init_lr: 0.1
2024-10-18 17:05:50,653 [trainer.py] => init_milestones: [60, 120, 170]
2024-10-18 17:05:50,653 [trainer.py] => init_lr_decay: 0.1
2024-10-18 17:05:50,653 [trainer.py] => init_weight_decay: 0.0005
2024-10-18 17:05:50,653 [trainer.py] => epochs: 150
2024-10-18 17:05:50,653 [trainer.py] => lrate: 0.1
2024-10-18 17:05:50,653 [trainer.py] => milestones: [50, 80, 120]
2024-10-18 17:05:50,653 [trainer.py] => lrate_decay: 0.1
2024-10-18 17:05:50,653 [trainer.py] => batch_size: 128
2024-10-18 17:05:50,653 [trainer.py] => weight_decay: 0.0002
2024-10-18 17:05:50,653 [trainer.py] => num_workers: 8
2024-10-18 17:05:50,653 [trainer.py] => T: 2
2024-10-18 17:05:51,382 [data_manager.py] => [4, 2, 5, 0, 3, 6, 7, 8, 1]
2024-10-18 17:05:51,426 [trainer.py] => All params: 0
2024-10-18 17:05:51,426 [trainer.py] => Trainable params: 0
2024-10-18 17:05:52,058 [der.py] => Learning on 0-5
2024-10-18 17:05:52,059 [der.py] => All params: 3849547
2024-10-18 17:05:52,059 [der.py] => Trainable params: 3849547
2024-10-18 17:05:52,130 [der.py] => init_train?---False
2024-10-18 17:05:52,955 [base.py] => Reducing exemplars...(100 per classes)
2024-10-18 17:05:52,955 [base.py] => Constructing exemplars...(100 per classes)
2024-10-18 17:05:58,431 [trainer.py] => All params: 3849547
2024-10-18 17:05:59,385 [der.py] => Exemplar size: 500
2024-10-18 17:05:59,386 [trainer.py] => CNN: {'total': 89.93, '00-04': 89.93, 'old': 0, 'new': 89.93}
2024-10-18 17:05:59,386 [trainer.py] => NME: {'total': 90.0, '00-04': 90.0, 'old': 0, 'new': 90.0}
2024-10-18 17:05:59,386 [trainer.py] => CNN top1 curve: [89.93]
2024-10-18 17:05:59,386 [trainer.py] => CNN top5 curve: [100.0]
2024-10-18 17:05:59,386 [trainer.py] => NME top1 curve: [90.0]
2024-10-18 17:05:59,386 [trainer.py] => NME top5 curve: [100.0]

2024-10-18 17:05:59,386 [trainer.py] => Average Accuracy (CNN): 89.93
2024-10-18 17:05:59,386 [trainer.py] => Average Accuracy (NME): 90.0
2024-10-18 17:05:59,387 [trainer.py] => All params: 3849547
2024-10-18 17:05:59,387 [trainer.py] => Trainable params: 3849547
2024-10-18 17:05:59,556 [der.py] => Learning on 5-7
2024-10-18 17:05:59,558 [der.py] => All params: 7696522
2024-10-18 17:05:59,558 [der.py] => Trainable params: 3852618
2024-10-18 17:08:52,069 [der.py] => Task 1, Epoch 150/150 => Loss 0.001, Loss_clf 0.001, Loss_aux 0.000, Train_accy 100.00
2024-10-18 17:08:52,187 [base.py] => Reducing exemplars...(71 per classes)
2024-10-18 17:08:53,381 [base.py] => Constructing exemplars...(71 per classes)
2024-10-18 17:08:56,337 [trainer.py] => All params: 7696522
2024-10-18 17:08:57,972 [der.py] => Exemplar size: 497
2024-10-18 17:08:57,972 [trainer.py] => CNN: {'total': 72.57, '00-04': 62.97, '05-06': 96.58, 'old': 62.97, 'new': 96.58}
2024-10-18 17:08:57,972 [trainer.py] => NME: {'total': 79.21, '00-04': 74.33, '05-06': 91.42, 'old': 74.33, 'new': 91.42}
2024-10-18 17:08:57,973 [trainer.py] => CNN top1 curve: [89.93, 72.57]
2024-10-18 17:08:57,973 [trainer.py] => CNN top5 curve: [100.0, 99.05]
2024-10-18 17:08:57,973 [trainer.py] => NME top1 curve: [90.0, 79.21]
2024-10-18 17:08:57,973 [trainer.py] => NME top5 curve: [100.0, 99.07]

2024-10-18 17:08:57,973 [trainer.py] => Average Accuracy (CNN): 81.25
2024-10-18 17:08:57,973 [trainer.py] => Average Accuracy (NME): 84.60499999999999
2024-10-18 17:08:57,975 [trainer.py] => All params: 7696522
2024-10-18 17:08:57,975 [trainer.py] => Trainable params: 3852618
2024-10-18 17:08:58,096 [der.py] => Learning on 7-9
2024-10-18 17:08:58,098 [der.py] => All params: 11547084
2024-10-18 17:08:58,098 [der.py] => Trainable params: 3859276
2024-10-18 17:12:21,809 [der.py] => Task 2, Epoch 150/150 => Loss 0.001, Loss_clf 0.001, Loss_aux 0.001, Train_accy 100.00
2024-10-18 17:12:21,812 [base.py] => Reducing exemplars...(55 per classes)
2024-10-18 17:12:23,320 [base.py] => Constructing exemplars...(55 per classes)
2024-10-18 17:12:26,660 [trainer.py] => All params: 11547084
2024-10-18 17:12:28,650 [der.py] => Exemplar size: 495
2024-10-18 17:12:28,650 [trainer.py] => CNN: {'total': 72.31, '00-04': 58.97, '05-06': 84.92, '07-08': 93.08, 'old': 66.38, 'new': 93.08}
2024-10-18 17:12:28,651 [trainer.py] => NME: {'total': 76.15, '00-04': 67.5, '05-06': 87.33, '07-08': 86.58, 'old': 73.17, 'new': 86.58}
2024-10-18 17:12:28,651 [trainer.py] => CNN top1 curve: [89.93, 72.57, 72.31]
2024-10-18 17:12:28,651 [trainer.py] => CNN top5 curve: [100.0, 99.05, 97.85]
2024-10-18 17:12:28,651 [trainer.py] => NME top1 curve: [90.0, 79.21, 76.15]
2024-10-18 17:12:28,651 [trainer.py] => NME top5 curve: [100.0, 99.07, 97.87]

2024-10-18 17:12:28,651 [trainer.py] => Average Accuracy (CNN): 78.27
2024-10-18 17:12:28,652 [trainer.py] => Average Accuracy (NME): 81.78666666666666
2024-10-18 17:12:28,652 [trainer.py] => Forgetting (CNN): 21.310000000000002
