2024-10-23 15:33:13,505 [trainer.py] => config: ./exps/der.json
2024-10-23 15:33:13,522 [trainer.py] => prefix: cil
2024-10-23 15:33:13,522 [trainer.py] => dataset: hrrp9
2024-10-23 15:33:13,522 [trainer.py] => memory_size: 200
2024-10-23 15:33:13,522 [trainer.py] => memory_per_class: 20
2024-10-23 15:33:13,522 [trainer.py] => fixed_memory: False
2024-10-23 15:33:13,522 [trainer.py] => shuffle: True
2024-10-23 15:33:13,522 [trainer.py] => init_cls: 5
2024-10-23 15:33:13,522 [trainer.py] => increment: 2
2024-10-23 15:33:13,522 [trainer.py] => model_name: der
2024-10-23 15:33:13,522 [trainer.py] => convnet_type: resnet18
2024-10-23 15:33:13,523 [trainer.py] => device: [device(type='cuda', index=3)]
2024-10-23 15:33:13,523 [trainer.py] => init_train: False
2024-10-23 15:33:13,523 [trainer.py] => seed: 1993
2024-10-23 15:33:13,523 [trainer.py] => convnet_path: checkpoints/init_train/resnet18_42503.pth
2024-10-23 15:33:13,523 [trainer.py] => fc_path: checkpoints/init_train/fc_42503.pth
2024-10-23 15:33:13,523 [trainer.py] => seed1: [2001]
2024-10-23 15:33:13,523 [trainer.py] => convnet_path1: checkpoints/init_train/resnet18_35172.pth
2024-10-23 15:33:13,523 [trainer.py] => fc_path1: checkpoints/init_train/fc_35172.pth
2024-10-23 15:33:13,523 [trainer.py] => init_epoch: 0
2024-10-23 15:33:13,523 [trainer.py] => init_lr: 0.1
2024-10-23 15:33:13,523 [trainer.py] => init_milestones: [60, 120, 170]
2024-10-23 15:33:13,523 [trainer.py] => init_lr_decay: 0.1
2024-10-23 15:33:13,523 [trainer.py] => init_weight_decay: 0.0005
2024-10-23 15:33:13,523 [trainer.py] => epochs: 150
2024-10-23 15:33:13,523 [trainer.py] => lrate: 0.1
2024-10-23 15:33:13,523 [trainer.py] => milestones: [50, 80, 120]
2024-10-23 15:33:13,523 [trainer.py] => lrate_decay: 0.1
2024-10-23 15:33:13,523 [trainer.py] => batch_size: 128
2024-10-23 15:33:13,523 [trainer.py] => weight_decay: 0.0002
2024-10-23 15:33:13,523 [trainer.py] => num_workers: 8
2024-10-23 15:33:13,523 [trainer.py] => T: 2
2024-10-23 15:33:16,240 [data_manager.py] => [4, 2, 5, 0, 3, 6, 7, 8, 1]
2024-10-23 15:33:16,322 [trainer.py] => All params: 0
2024-10-23 15:33:16,322 [trainer.py] => Trainable params: 0
2024-10-23 15:33:17,831 [der.py] => Learning on 0-5
2024-10-23 15:33:17,850 [der.py] => All params: 3849547
2024-10-23 15:33:17,851 [der.py] => Trainable params: 3849547
2024-10-23 15:33:19,218 [der.py] => init_train?---False
2024-10-23 15:33:21,957 [base.py] => Reducing exemplars...(40 per classes)
2024-10-23 15:33:21,957 [base.py] => Constructing exemplars...(40 per classes)
2024-10-23 15:33:39,567 [trainer.py] => All params: 3849547
2024-10-23 15:33:43,088 [der.py] => Exemplar size: 200
2024-10-23 15:33:43,089 [trainer.py] => CNN: {'total': 89.93, '00-04': 89.93, 'old': 0, 'new': 89.93}
2024-10-23 15:33:43,089 [trainer.py] => NME: {'total': 90.0, '00-04': 90.0, 'old': 0, 'new': 90.0}
2024-10-23 15:33:43,090 [trainer.py] => CNN top1 curve: [89.93]
2024-10-23 15:33:43,090 [trainer.py] => CNN top5 curve: [100.0]
2024-10-23 15:33:43,090 [trainer.py] => NME top1 curve: [90.0]
2024-10-23 15:33:43,090 [trainer.py] => NME top5 curve: [100.0]

2024-10-23 15:33:43,090 [trainer.py] => Average Accuracy (CNN): 89.93
2024-10-23 15:33:43,090 [trainer.py] => Average Accuracy (NME): 90.0
2024-10-23 15:33:43,091 [trainer.py] => All params: 3849547
2024-10-23 15:33:43,092 [trainer.py] => Trainable params: 3849547
2024-10-23 15:33:43,446 [der.py] => Learning on 5-7
2024-10-23 15:33:43,447 [der.py] => All params: 7696522
2024-10-23 15:33:43,448 [der.py] => Trainable params: 3852618
2024-10-23 15:41:40,481 [der.py] => Task 1, Epoch 150/150 => Loss 0.001, Loss_clf 0.000, Loss_aux 0.000, Train_accy 100.00
2024-10-23 15:41:40,851 [base.py] => Reducing exemplars...(28 per classes)
2024-10-23 15:41:44,336 [base.py] => Constructing exemplars...(28 per classes)
2024-10-23 15:41:50,711 [trainer.py] => All params: 7696522
2024-10-23 15:41:55,031 [der.py] => Exemplar size: 196
2024-10-23 15:41:55,032 [trainer.py] => CNN: {'total': 66.76, '00-04': 54.57, '05-06': 97.25, 'old': 54.57, 'new': 97.25}
2024-10-23 15:41:55,032 [trainer.py] => NME: {'total': 74.71, '00-04': 66.9, '05-06': 94.25, 'old': 66.9, 'new': 94.25}
2024-10-23 15:41:55,032 [trainer.py] => CNN top1 curve: [89.93, 66.76]
2024-10-23 15:41:55,032 [trainer.py] => CNN top5 curve: [100.0, 98.74]
2024-10-23 15:41:55,032 [trainer.py] => NME top1 curve: [90.0, 74.71]
2024-10-23 15:41:55,033 [trainer.py] => NME top5 curve: [100.0, 99.29]

2024-10-23 15:41:55,033 [trainer.py] => Average Accuracy (CNN): 78.345
2024-10-23 15:41:55,033 [trainer.py] => Average Accuracy (NME): 82.35499999999999
2024-10-23 15:41:55,050 [trainer.py] => All params: 7696522
2024-10-23 15:41:55,051 [trainer.py] => Trainable params: 3852618
2024-10-23 15:41:55,611 [der.py] => Learning on 7-9
2024-10-23 15:41:55,671 [der.py] => All params: 11547084
2024-10-23 15:41:55,672 [der.py] => Trainable params: 3859276
2024-10-23 15:47:43,282 [der.py] => Task 2, Epoch 150/150 => Loss 0.001, Loss_clf 0.000, Loss_aux 0.000, Train_accy 100.00
2024-10-23 15:47:43,285 [base.py] => Reducing exemplars...(22 per classes)
2024-10-23 15:47:45,235 [base.py] => Constructing exemplars...(22 per classes)
2024-10-23 15:47:47,651 [trainer.py] => All params: 11547084
2024-10-23 15:47:49,593 [der.py] => Exemplar size: 198
2024-10-23 15:47:49,594 [trainer.py] => CNN: {'total': 64.85, '00-04': 48.4, '05-06': 73.58, '07-08': 97.25, 'old': 55.6, 'new': 97.25}
2024-10-23 15:47:49,594 [trainer.py] => NME: {'total': 69.87, '00-04': 55.47, '05-06': 81.0, '07-08': 94.75, 'old': 62.76, 'new': 94.75}
2024-10-23 15:47:49,594 [trainer.py] => CNN top1 curve: [89.93, 66.76, 64.85]
2024-10-23 15:47:49,594 [trainer.py] => CNN top5 curve: [100.0, 98.74, 97.7]
2024-10-23 15:47:49,594 [trainer.py] => NME top1 curve: [90.0, 74.71, 69.87]
2024-10-23 15:47:49,594 [trainer.py] => NME top5 curve: [100.0, 99.29, 98.63]

2024-10-23 15:47:49,594 [trainer.py] => Average Accuracy (CNN): 73.84666666666666
2024-10-23 15:47:49,594 [trainer.py] => Average Accuracy (NME): 78.19333333333333
2024-10-23 15:47:49,595 [trainer.py] => Forgetting (CNN): 32.60000000000001
