2024-10-28 11:43:52,598 [trainer.py] => config: ./exps/der.json
2024-10-28 11:43:52,598 [trainer.py] => prefix: cil
2024-10-28 11:43:52,598 [trainer.py] => dataset: hrrp9
2024-10-28 11:43:52,598 [trainer.py] => memory_size: 500
2024-10-28 11:43:52,598 [trainer.py] => memory_per_class: 20
2024-10-28 11:43:52,598 [trainer.py] => fixed_memory: False
2024-10-28 11:43:52,598 [trainer.py] => shuffle: True
2024-10-28 11:43:52,598 [trainer.py] => init_cls: 5
2024-10-28 11:43:52,598 [trainer.py] => increment: 2
2024-10-28 11:43:52,598 [trainer.py] => model_name: der
2024-10-28 11:43:52,598 [trainer.py] => convnet_type: resnet18
2024-10-28 11:43:52,598 [trainer.py] => device: [device(type='cuda', index=3)]
2024-10-28 11:43:52,598 [trainer.py] => init_train: False
2024-10-28 11:43:52,598 [trainer.py] => seed2: [1993]
2024-10-28 11:43:52,598 [trainer.py] => convnet_path2: checkpoints/init_train/resnet18_42503.pth
2024-10-28 11:43:52,598 [trainer.py] => fc_path2: checkpoints/init_train/fc_42503.pth
2024-10-28 11:43:52,598 [trainer.py] => seed: 110
2024-10-28 11:43:52,599 [trainer.py] => convnet_path: checkpoints/init_train/resnet18_42871.pth
2024-10-28 11:43:52,599 [trainer.py] => fc_path: checkpoints/init_train/fc_42871.pth
2024-10-28 11:43:52,599 [trainer.py] => seed1: [2001]
2024-10-28 11:43:52,599 [trainer.py] => convnet_path1: checkpoints/init_train/resnet18_35172.pth
2024-10-28 11:43:52,599 [trainer.py] => fc_path1: checkpoints/init_train/fc_35172.pth
2024-10-28 11:43:52,599 [trainer.py] => init_epoch: 0
2024-10-28 11:43:52,599 [trainer.py] => init_lr: 0.1
2024-10-28 11:43:52,599 [trainer.py] => init_milestones: [60, 120, 170]
2024-10-28 11:43:52,599 [trainer.py] => init_lr_decay: 0.1
2024-10-28 11:43:52,599 [trainer.py] => init_weight_decay: 0.0005
2024-10-28 11:43:52,599 [trainer.py] => epochs: 150
2024-10-28 11:43:52,599 [trainer.py] => lrate: 0.1
2024-10-28 11:43:52,599 [trainer.py] => milestones: [50, 80, 120]
2024-10-28 11:43:52,599 [trainer.py] => lrate_decay: 0.1
2024-10-28 11:43:52,599 [trainer.py] => batch_size: 128
2024-10-28 11:43:52,600 [trainer.py] => weight_decay: 0.0002
2024-10-28 11:43:52,600 [trainer.py] => num_workers: 8
2024-10-28 11:43:52,600 [trainer.py] => T: 2
2024-10-28 11:43:53,292 [data_manager.py] => [4, 2, 8, 7, 1, 6, 5, 3, 0]
2024-10-28 11:43:53,364 [trainer.py] => All params: 0
2024-10-28 11:43:53,365 [trainer.py] => Trainable params: 0
2024-10-28 11:43:54,821 [der.py] => Learning on 0-5
2024-10-28 11:43:54,821 [der.py] => All params: 3849547
2024-10-28 11:43:54,822 [der.py] => Trainable params: 3849547
2024-10-28 11:43:54,959 [der.py] => init_train?---False
2024-10-28 11:43:56,152 [base.py] => Reducing exemplars...(100 per classes)
2024-10-28 11:43:56,152 [base.py] => Constructing exemplars...(100 per classes)
2024-10-28 11:44:05,019 [trainer.py] => All params: 3849547
2024-10-28 11:44:06,636 [der.py] => Exemplar size: 500
2024-10-28 11:44:06,636 [trainer.py] => CNN: {'total': 96.3, '00-04': 96.3, 'old': 0, 'new': 96.3}
2024-10-28 11:44:06,636 [trainer.py] => NME: {'total': 96.27, '00-04': 96.27, 'old': 0, 'new': 96.27}
2024-10-28 11:44:06,636 [trainer.py] => CNN top1 curve: [96.3]
2024-10-28 11:44:06,636 [trainer.py] => CNN top5 curve: [100.0]
2024-10-28 11:44:06,636 [trainer.py] => NME top1 curve: [96.27]
2024-10-28 11:44:06,636 [trainer.py] => NME top5 curve: [100.0]

2024-10-28 11:44:06,637 [trainer.py] => Average Accuracy (CNN): 96.3
2024-10-28 11:44:06,637 [trainer.py] => Average Accuracy (NME): 96.27
2024-10-28 11:44:06,637 [trainer.py] => All params: 3849547
2024-10-28 11:44:06,637 [trainer.py] => Trainable params: 3849547
2024-10-28 11:44:06,890 [der.py] => Learning on 5-7
2024-10-28 11:44:06,891 [der.py] => All params: 7696522
2024-10-28 11:44:06,892 [der.py] => Trainable params: 3852618
2024-10-28 11:48:08,032 [der.py] => Task 1, Epoch 150/150 => Loss 0.001, Loss_clf 0.001, Loss_aux 0.001, Train_accy 100.00
2024-10-28 11:48:08,198 [base.py] => Reducing exemplars...(71 per classes)
2024-10-28 11:48:10,373 [base.py] => Constructing exemplars...(71 per classes)
2024-10-28 11:48:15,096 [trainer.py] => All params: 7696522
2024-10-28 11:48:17,276 [der.py] => Exemplar size: 497
2024-10-28 11:48:17,276 [trainer.py] => CNN: {'total': 83.5, '00-04': 78.77, '05-06': 95.33, 'old': 78.77, 'new': 95.33}
2024-10-28 11:48:17,276 [trainer.py] => NME: {'total': 88.07, '00-04': 86.13, '05-06': 92.92, 'old': 86.13, 'new': 92.92}
2024-10-28 11:48:17,277 [trainer.py] => CNN top1 curve: [96.3, 83.5]
2024-10-28 11:48:17,277 [trainer.py] => CNN top5 curve: [100.0, 99.76]
2024-10-28 11:48:17,277 [trainer.py] => NME top1 curve: [96.27, 88.07]
2024-10-28 11:48:17,277 [trainer.py] => NME top5 curve: [100.0, 99.45]

2024-10-28 11:48:17,278 [trainer.py] => Average Accuracy (CNN): 89.9
2024-10-28 11:48:17,278 [trainer.py] => Average Accuracy (NME): 92.16999999999999
2024-10-28 11:48:17,279 [trainer.py] => All params: 7696522
2024-10-28 11:48:17,279 [trainer.py] => Trainable params: 3852618
2024-10-28 11:48:17,514 [der.py] => Learning on 7-9
2024-10-28 11:48:17,516 [der.py] => All params: 11547084
2024-10-28 11:48:17,517 [der.py] => Trainable params: 3859276
2024-10-28 11:52:50,500 [der.py] => Task 2, Epoch 150/150 => Loss 0.001, Loss_clf 0.001, Loss_aux 0.000, Train_accy 100.00
2024-10-28 11:52:50,504 [base.py] => Reducing exemplars...(55 per classes)
2024-10-28 11:52:53,039 [base.py] => Constructing exemplars...(55 per classes)
2024-10-28 11:52:57,214 [trainer.py] => All params: 11547084
2024-10-28 11:52:59,964 [der.py] => Exemplar size: 495
2024-10-28 11:52:59,964 [trainer.py] => CNN: {'total': 69.96, '00-04': 60.97, '05-06': 77.5, '07-08': 84.92, 'old': 65.69, 'new': 84.92}
2024-10-28 11:52:59,964 [trainer.py] => NME: {'total': 74.3, '00-04': 72.03, '05-06': 84.75, '07-08': 69.5, 'old': 75.67, 'new': 69.5}
2024-10-28 11:52:59,964 [trainer.py] => CNN top1 curve: [96.3, 83.5, 69.96]
2024-10-28 11:52:59,965 [trainer.py] => CNN top5 curve: [100.0, 99.76, 98.98]
2024-10-28 11:52:59,965 [trainer.py] => NME top1 curve: [96.27, 88.07, 74.3]
2024-10-28 11:52:59,965 [trainer.py] => NME top5 curve: [100.0, 99.45, 97.56]

2024-10-28 11:52:59,965 [trainer.py] => Average Accuracy (CNN): 83.25333333333333
2024-10-28 11:52:59,965 [trainer.py] => Average Accuracy (NME): 86.21333333333332
2024-10-28 11:52:59,967 [trainer.py] => Forgetting (CNN): 26.58
