2024-10-31 11:20:19,960 [trainer.py] => config: ./exps/der.json
2024-10-31 11:20:19,967 [trainer.py] => prefix: cil
2024-10-31 11:20:19,968 [trainer.py] => dataset: hrrp9
2024-10-31 11:20:19,968 [trainer.py] => memory_size: 300
2024-10-31 11:20:19,968 [trainer.py] => memory_per_class: 20
2024-10-31 11:20:19,969 [trainer.py] => fixed_memory: False
2024-10-31 11:20:19,969 [trainer.py] => shuffle: True
2024-10-31 11:20:19,969 [trainer.py] => init_cls: 5
2024-10-31 11:20:19,969 [trainer.py] => increment: 2
2024-10-31 11:20:19,969 [trainer.py] => model_name: der
2024-10-31 11:20:19,970 [trainer.py] => convnet_type: resnet18
2024-10-31 11:20:19,970 [trainer.py] => device: [device(type='cuda', index=1)]
2024-10-31 11:20:19,970 [trainer.py] => init_train: False
2024-10-31 11:20:19,970 [trainer.py] => seed2: [1993]
2024-10-31 11:20:19,971 [trainer.py] => convnet_path2: checkpoints/init_train/resnet18_42503.pth
2024-10-31 11:20:19,971 [trainer.py] => fc_path2: checkpoints/init_train/fc_42503.pth
2024-10-31 11:20:19,971 [trainer.py] => 1: [110]
2024-10-31 11:20:19,971 [trainer.py] => convnet_path1: checkpoints/init_train/resnet18_42871.pth
2024-10-31 11:20:19,972 [trainer.py] => fc_path1: checkpoints/init_train/fc_42871.pth
2024-10-31 11:20:19,972 [trainer.py] => seed: 2001
2024-10-31 11:20:19,972 [trainer.py] => convnet_path: checkpoints/init_train/resnet18_35172.pth
2024-10-31 11:20:19,972 [trainer.py] => fc_path: checkpoints/init_train/fc_35172.pth
2024-10-31 11:20:19,973 [trainer.py] => init_epoch: 0
2024-10-31 11:20:19,973 [trainer.py] => init_lr: 0.1
2024-10-31 11:20:19,975 [trainer.py] => init_milestones: [60, 120, 170]
2024-10-31 11:20:19,975 [trainer.py] => init_lr_decay: 0.1
2024-10-31 11:20:19,976 [trainer.py] => init_weight_decay: 0.0005
2024-10-31 11:20:19,976 [trainer.py] => epochs: 150
2024-10-31 11:20:19,976 [trainer.py] => lrate: 0.1
2024-10-31 11:20:19,976 [trainer.py] => milestones: [50, 80, 120]
2024-10-31 11:20:19,976 [trainer.py] => lrate_decay: 0.1
2024-10-31 11:20:19,977 [trainer.py] => batch_size: 128
2024-10-31 11:20:19,977 [trainer.py] => weight_decay: 0.0002
2024-10-31 11:20:19,977 [trainer.py] => num_workers: 8
2024-10-31 11:20:19,977 [trainer.py] => T: 2
2024-10-31 11:20:20,846 [data_manager.py] => [3, 5, 1, 7, 2, 8, 6, 4, 0]
2024-10-31 11:20:20,899 [trainer.py] => All params: 0
2024-10-31 11:20:20,899 [trainer.py] => Trainable params: 0
2024-10-31 11:20:21,361 [der.py] => Learning on 0-5
2024-10-31 11:20:21,361 [der.py] => All params: 3849547
2024-10-31 11:20:21,361 [der.py] => Trainable params: 3849547
2024-10-31 11:20:21,758 [der.py] => init_train?---False
2024-10-31 11:20:22,800 [base.py] => Reducing exemplars...(60 per classes)
2024-10-31 11:20:22,800 [base.py] => Constructing exemplars...(60 per classes)
2024-10-31 11:20:28,583 [trainer.py] => All params: 3849547
2024-10-31 11:20:29,878 [der.py] => Exemplar size: 300
2024-10-31 11:20:29,879 [trainer.py] => CNN: {'total': 90.13, '00-04': 90.13, 'old': 0, 'new': 90.13}
2024-10-31 11:20:29,879 [trainer.py] => NME: {'total': 89.47, '00-04': 89.47, 'old': 0, 'new': 89.47}
2024-10-31 11:20:29,879 [trainer.py] => CNN top1 curve: [90.13]
2024-10-31 11:20:29,879 [trainer.py] => CNN top5 curve: [100.0]
2024-10-31 11:20:29,879 [trainer.py] => NME top1 curve: [89.47]
2024-10-31 11:20:29,880 [trainer.py] => NME top5 curve: [100.0]

2024-10-31 11:20:29,880 [trainer.py] => Average Accuracy (CNN): 90.13
2024-10-31 11:20:29,880 [trainer.py] => Average Accuracy (NME): 89.47
2024-10-31 11:20:29,881 [trainer.py] => All params: 3849547
2024-10-31 11:20:29,881 [trainer.py] => Trainable params: 3849547
2024-10-31 11:20:30,118 [der.py] => Learning on 5-7
2024-10-31 11:20:30,120 [der.py] => All params: 7696522
2024-10-31 11:20:30,121 [der.py] => Trainable params: 3852618
2024-10-31 11:24:37,420 [der.py] => Task 1, Epoch 150/150 => Loss 0.001, Loss_clf 0.000, Loss_aux 0.000, Train_accy 100.00
2024-10-31 11:24:37,602 [base.py] => Reducing exemplars...(42 per classes)
2024-10-31 11:24:39,418 [base.py] => Constructing exemplars...(42 per classes)
2024-10-31 11:24:42,961 [trainer.py] => All params: 7696522
2024-10-31 11:24:45,256 [der.py] => Exemplar size: 294
2024-10-31 11:24:45,257 [trainer.py] => CNN: {'total': 80.48, '00-04': 75.3, '05-06': 93.42, 'old': 75.3, 'new': 93.42}
2024-10-31 11:24:45,257 [trainer.py] => NME: {'total': 84.83, '00-04': 83.0, '05-06': 89.42, 'old': 83.0, 'new': 89.42}
2024-10-31 11:24:45,258 [trainer.py] => CNN top1 curve: [90.13, 80.48]
2024-10-31 11:24:45,258 [trainer.py] => CNN top5 curve: [100.0, 99.5]
2024-10-31 11:24:45,258 [trainer.py] => NME top1 curve: [89.47, 84.83]
2024-10-31 11:24:45,258 [trainer.py] => NME top5 curve: [100.0, 98.98]

2024-10-31 11:24:45,259 [trainer.py] => Average Accuracy (CNN): 85.305
2024-10-31 11:24:45,259 [trainer.py] => Average Accuracy (NME): 87.15
2024-10-31 11:24:45,261 [trainer.py] => All params: 7696522
2024-10-31 11:24:45,262 [trainer.py] => Trainable params: 3852618
2024-10-31 11:24:45,507 [der.py] => Learning on 7-9
2024-10-31 11:24:45,510 [der.py] => All params: 11547084
2024-10-31 11:24:45,511 [der.py] => Trainable params: 3859276
2024-10-31 11:29:27,777 [der.py] => Task 2, Epoch 150/150 => Loss 0.001, Loss_clf 0.001, Loss_aux 0.000, Train_accy 100.00
2024-10-31 11:29:27,780 [base.py] => Reducing exemplars...(33 per classes)
2024-10-31 11:29:29,631 [base.py] => Constructing exemplars...(33 per classes)
2024-10-31 11:29:32,652 [trainer.py] => All params: 11547084
2024-10-31 11:29:35,142 [der.py] => Exemplar size: 297
2024-10-31 11:29:35,143 [trainer.py] => CNN: {'total': 70.11, '00-04': 66.53, '05-06': 61.08, '07-08': 88.08, 'old': 64.98, 'new': 88.08}
2024-10-31 11:29:35,144 [trainer.py] => NME: {'total': 76.56, '00-04': 76.37, '05-06': 74.83, '07-08': 78.75, 'old': 75.93, 'new': 78.75}
2024-10-31 11:29:35,144 [trainer.py] => CNN top1 curve: [90.13, 80.48, 70.11]
2024-10-31 11:29:35,144 [trainer.py] => CNN top5 curve: [100.0, 99.5, 97.69]
2024-10-31 11:29:35,145 [trainer.py] => NME top1 curve: [89.47, 84.83, 76.56]
2024-10-31 11:29:35,145 [trainer.py] => NME top5 curve: [100.0, 98.98, 96.94]

2024-10-31 11:29:35,147 [trainer.py] => Average Accuracy (CNN): 80.24000000000001
2024-10-31 11:29:35,147 [trainer.py] => Average Accuracy (NME): 83.62
2024-10-31 11:29:35,149 [trainer.py] => Forgetting (CNN): 27.97
