2024-10-23 15:34:07,684 [trainer.py] => config: ./exps/der.json
2024-10-23 15:34:07,685 [trainer.py] => prefix: cil
2024-10-23 15:34:07,685 [trainer.py] => dataset: hrrp9
2024-10-23 15:34:07,685 [trainer.py] => memory_size: 50
2024-10-23 15:34:07,685 [trainer.py] => memory_per_class: 20
2024-10-23 15:34:07,685 [trainer.py] => fixed_memory: False
2024-10-23 15:34:07,686 [trainer.py] => shuffle: True
2024-10-23 15:34:07,686 [trainer.py] => init_cls: 5
2024-10-23 15:34:07,686 [trainer.py] => increment: 2
2024-10-23 15:34:07,687 [trainer.py] => model_name: der
2024-10-23 15:34:07,687 [trainer.py] => convnet_type: resnet18
2024-10-23 15:34:07,687 [trainer.py] => device: [device(type='cuda', index=3)]
2024-10-23 15:34:07,687 [trainer.py] => init_train: False
2024-10-23 15:34:07,687 [trainer.py] => seed: 1993
2024-10-23 15:34:07,687 [trainer.py] => convnet_path: checkpoints/init_train/resnet18_42503.pth
2024-10-23 15:34:07,688 [trainer.py] => fc_path: checkpoints/init_train/fc_42503.pth
2024-10-23 15:34:07,688 [trainer.py] => seed1: [2001]
2024-10-23 15:34:07,688 [trainer.py] => convnet_path1: checkpoints/init_train/resnet18_35172.pth
2024-10-23 15:34:07,688 [trainer.py] => fc_path1: checkpoints/init_train/fc_35172.pth
2024-10-23 15:34:07,688 [trainer.py] => init_epoch: 0
2024-10-23 15:34:07,688 [trainer.py] => init_lr: 0.1
2024-10-23 15:34:07,689 [trainer.py] => init_milestones: [60, 120, 170]
2024-10-23 15:34:07,689 [trainer.py] => init_lr_decay: 0.1
2024-10-23 15:34:07,689 [trainer.py] => init_weight_decay: 0.0005
2024-10-23 15:34:07,689 [trainer.py] => epochs: 150
2024-10-23 15:34:07,689 [trainer.py] => lrate: 0.1
2024-10-23 15:34:07,689 [trainer.py] => milestones: [50, 80, 120]
2024-10-23 15:34:07,689 [trainer.py] => lrate_decay: 0.1
2024-10-23 15:34:07,690 [trainer.py] => batch_size: 128
2024-10-23 15:34:07,690 [trainer.py] => weight_decay: 0.0002
2024-10-23 15:34:07,690 [trainer.py] => num_workers: 8
2024-10-23 15:34:07,690 [trainer.py] => T: 2
2024-10-23 15:34:09,910 [data_manager.py] => [4, 2, 5, 0, 3, 6, 7, 8, 1]
2024-10-23 15:34:10,085 [trainer.py] => All params: 0
2024-10-23 15:34:10,085 [trainer.py] => Trainable params: 0
2024-10-23 15:34:11,438 [der.py] => Learning on 0-5
2024-10-23 15:34:11,438 [der.py] => All params: 3849547
2024-10-23 15:34:11,454 [der.py] => Trainable params: 3849547
2024-10-23 15:34:12,437 [der.py] => init_train?---False
2024-10-23 15:34:15,253 [base.py] => Reducing exemplars...(10 per classes)
2024-10-23 15:34:15,253 [base.py] => Constructing exemplars...(10 per classes)
2024-10-23 15:34:28,808 [trainer.py] => All params: 3849547
2024-10-23 15:34:32,379 [der.py] => Exemplar size: 50
2024-10-23 15:34:32,380 [trainer.py] => CNN: {'total': 89.93, '00-04': 89.93, 'old': 0, 'new': 89.93}
2024-10-23 15:34:32,380 [trainer.py] => NME: {'total': 90.0, '00-04': 90.0, 'old': 0, 'new': 90.0}
2024-10-23 15:34:32,380 [trainer.py] => CNN top1 curve: [89.93]
2024-10-23 15:34:32,381 [trainer.py] => CNN top5 curve: [100.0]
2024-10-23 15:34:32,381 [trainer.py] => NME top1 curve: [90.0]
2024-10-23 15:34:32,381 [trainer.py] => NME top5 curve: [100.0]

2024-10-23 15:34:32,381 [trainer.py] => Average Accuracy (CNN): 89.93
2024-10-23 15:34:32,381 [trainer.py] => Average Accuracy (NME): 90.0
2024-10-23 15:34:32,382 [trainer.py] => All params: 3849547
2024-10-23 15:34:32,382 [trainer.py] => Trainable params: 3849547
2024-10-23 15:34:32,779 [der.py] => Learning on 5-7
2024-10-23 15:34:32,780 [der.py] => All params: 7696522
2024-10-23 15:34:32,781 [der.py] => Trainable params: 3852618
2024-10-23 15:41:48,965 [der.py] => Task 1, Epoch 150/150 => Loss 0.001, Loss_clf 0.000, Loss_aux 0.000, Train_accy 100.00
2024-10-23 15:41:49,251 [base.py] => Reducing exemplars...(7 per classes)
2024-10-23 15:41:52,691 [base.py] => Constructing exemplars...(7 per classes)
2024-10-23 15:41:57,904 [trainer.py] => All params: 7696522
2024-10-23 15:42:02,252 [der.py] => Exemplar size: 49
2024-10-23 15:42:02,252 [trainer.py] => CNN: {'total': 51.17, '00-04': 32.9, '05-06': 96.83, 'old': 32.9, 'new': 96.83}
2024-10-23 15:42:02,252 [trainer.py] => NME: {'total': 50.29, '00-04': 31.57, '05-06': 97.08, 'old': 31.57, 'new': 97.08}
2024-10-23 15:42:02,253 [trainer.py] => CNN top1 curve: [89.93, 51.17]
2024-10-23 15:42:02,253 [trainer.py] => CNN top5 curve: [100.0, 98.38]
2024-10-23 15:42:02,253 [trainer.py] => NME top1 curve: [90.0, 50.29]
2024-10-23 15:42:02,262 [trainer.py] => NME top5 curve: [100.0, 99.12]

2024-10-23 15:42:02,262 [trainer.py] => Average Accuracy (CNN): 70.55000000000001
2024-10-23 15:42:02,262 [trainer.py] => Average Accuracy (NME): 70.145
2024-10-23 15:42:02,263 [trainer.py] => All params: 7696522
2024-10-23 15:42:02,271 [trainer.py] => Trainable params: 3852618
2024-10-23 15:42:02,852 [der.py] => Learning on 7-9
2024-10-23 15:42:02,854 [der.py] => All params: 11547084
2024-10-23 15:42:02,854 [der.py] => Trainable params: 3859276
2024-10-23 15:47:37,656 [der.py] => Task 2, Epoch 150/150 => Loss 0.001, Loss_clf 0.000, Loss_aux 0.000, Train_accy 100.00
2024-10-23 15:47:37,662 [base.py] => Reducing exemplars...(5 per classes)
2024-10-23 15:47:39,543 [base.py] => Constructing exemplars...(5 per classes)
2024-10-23 15:47:41,839 [trainer.py] => All params: 11547084
2024-10-23 15:47:44,450 [der.py] => Exemplar size: 45
2024-10-23 15:47:44,450 [trainer.py] => CNN: {'total': 41.89, '00-04': 23.0, '05-06': 32.92, '07-08': 98.08, 'old': 25.83, 'new': 98.08}
2024-10-23 15:47:44,451 [trainer.py] => NME: {'total': 41.74, '00-04': 19.67, '05-06': 43.67, '07-08': 95.0, 'old': 26.52, 'new': 95.0}
2024-10-23 15:47:44,451 [trainer.py] => CNN top1 curve: [89.93, 51.17, 41.89]
2024-10-23 15:47:44,451 [trainer.py] => CNN top5 curve: [100.0, 98.38, 95.31]
2024-10-23 15:47:44,451 [trainer.py] => NME top1 curve: [90.0, 50.29, 41.74]
2024-10-23 15:47:44,452 [trainer.py] => NME top5 curve: [100.0, 99.12, 97.5]

2024-10-23 15:47:44,452 [trainer.py] => Average Accuracy (CNN): 60.99666666666667
2024-10-23 15:47:44,452 [trainer.py] => Average Accuracy (NME): 60.67666666666667
2024-10-23 15:47:44,453 [trainer.py] => Forgetting (CNN): 65.42
