2024-10-31 11:20:28,635 [trainer.py] => config: ./exps/der.json
2024-10-31 11:20:28,635 [trainer.py] => prefix: cil
2024-10-31 11:20:28,635 [trainer.py] => dataset: hrrp9
2024-10-31 11:20:28,635 [trainer.py] => memory_size: 200
2024-10-31 11:20:28,635 [trainer.py] => memory_per_class: 20
2024-10-31 11:20:28,636 [trainer.py] => fixed_memory: False
2024-10-31 11:20:28,636 [trainer.py] => shuffle: True
2024-10-31 11:20:28,636 [trainer.py] => init_cls: 5
2024-10-31 11:20:28,636 [trainer.py] => increment: 2
2024-10-31 11:20:28,636 [trainer.py] => model_name: der
2024-10-31 11:20:28,636 [trainer.py] => convnet_type: resnet18
2024-10-31 11:20:28,636 [trainer.py] => device: [device(type='cuda', index=1)]
2024-10-31 11:20:28,636 [trainer.py] => init_train: False
2024-10-31 11:20:28,636 [trainer.py] => seed2: [1993]
2024-10-31 11:20:28,636 [trainer.py] => convnet_path2: checkpoints/init_train/resnet18_42503.pth
2024-10-31 11:20:28,636 [trainer.py] => fc_path2: checkpoints/init_train/fc_42503.pth
2024-10-31 11:20:28,636 [trainer.py] => 1: [110]
2024-10-31 11:20:28,636 [trainer.py] => convnet_path1: checkpoints/init_train/resnet18_42871.pth
2024-10-31 11:20:28,636 [trainer.py] => fc_path1: checkpoints/init_train/fc_42871.pth
2024-10-31 11:20:28,636 [trainer.py] => seed: 2001
2024-10-31 11:20:28,636 [trainer.py] => convnet_path: checkpoints/init_train/resnet18_35172.pth
2024-10-31 11:20:28,636 [trainer.py] => fc_path: checkpoints/init_train/fc_35172.pth
2024-10-31 11:20:28,636 [trainer.py] => init_epoch: 0
2024-10-31 11:20:28,636 [trainer.py] => init_lr: 0.1
2024-10-31 11:20:28,636 [trainer.py] => init_milestones: [60, 120, 170]
2024-10-31 11:20:28,637 [trainer.py] => init_lr_decay: 0.1
2024-10-31 11:20:28,637 [trainer.py] => init_weight_decay: 0.0005
2024-10-31 11:20:28,637 [trainer.py] => epochs: 150
2024-10-31 11:20:28,637 [trainer.py] => lrate: 0.1
2024-10-31 11:20:28,637 [trainer.py] => milestones: [50, 80, 120]
2024-10-31 11:20:28,637 [trainer.py] => lrate_decay: 0.1
2024-10-31 11:20:28,637 [trainer.py] => batch_size: 128
2024-10-31 11:20:28,637 [trainer.py] => weight_decay: 0.0002
2024-10-31 11:20:28,637 [trainer.py] => num_workers: 8
2024-10-31 11:20:28,637 [trainer.py] => T: 2
2024-10-31 11:20:29,623 [data_manager.py] => [3, 5, 1, 7, 2, 8, 6, 4, 0]
2024-10-31 11:20:29,679 [trainer.py] => All params: 0
2024-10-31 11:20:29,679 [trainer.py] => Trainable params: 0
2024-10-31 11:20:30,178 [der.py] => Learning on 0-5
2024-10-31 11:20:30,179 [der.py] => All params: 3849547
2024-10-31 11:20:30,179 [der.py] => Trainable params: 3849547
2024-10-31 11:20:30,596 [der.py] => init_train?---False
2024-10-31 11:20:31,722 [base.py] => Reducing exemplars...(40 per classes)
2024-10-31 11:20:31,722 [base.py] => Constructing exemplars...(40 per classes)
2024-10-31 11:20:37,533 [trainer.py] => All params: 3849547
2024-10-31 11:20:38,924 [der.py] => Exemplar size: 200
2024-10-31 11:20:38,925 [trainer.py] => CNN: {'total': 90.13, '00-04': 90.13, 'old': 0, 'new': 90.13}
2024-10-31 11:20:38,925 [trainer.py] => NME: {'total': 89.5, '00-04': 89.5, 'old': 0, 'new': 89.5}
2024-10-31 11:20:38,925 [trainer.py] => CNN top1 curve: [90.13]
2024-10-31 11:20:38,925 [trainer.py] => CNN top5 curve: [100.0]
2024-10-31 11:20:38,925 [trainer.py] => NME top1 curve: [89.5]
2024-10-31 11:20:38,925 [trainer.py] => NME top5 curve: [100.0]

2024-10-31 11:20:38,925 [trainer.py] => Average Accuracy (CNN): 90.13
2024-10-31 11:20:38,925 [trainer.py] => Average Accuracy (NME): 89.5
2024-10-31 11:20:38,926 [trainer.py] => All params: 3849547
2024-10-31 11:20:38,926 [trainer.py] => Trainable params: 3849547
2024-10-31 11:20:39,099 [der.py] => Learning on 5-7
2024-10-31 11:20:39,100 [der.py] => All params: 7696522
2024-10-31 11:20:39,101 [der.py] => Trainable params: 3852618
2024-10-31 11:24:35,632 [der.py] => Task 1, Epoch 150/150 => Loss 0.001, Loss_clf 0.000, Loss_aux 0.000, Train_accy 100.00
2024-10-31 11:24:35,833 [base.py] => Reducing exemplars...(28 per classes)
2024-10-31 11:24:37,473 [base.py] => Constructing exemplars...(28 per classes)
2024-10-31 11:24:40,673 [trainer.py] => All params: 7696522
2024-10-31 11:24:42,916 [der.py] => Exemplar size: 196
2024-10-31 11:24:42,917 [trainer.py] => CNN: {'total': 77.5, '00-04': 71.0, '05-06': 93.75, 'old': 71.0, 'new': 93.75}
2024-10-31 11:24:42,917 [trainer.py] => NME: {'total': 83.19, '00-04': 79.93, '05-06': 91.33, 'old': 79.93, 'new': 91.33}
2024-10-31 11:24:42,917 [trainer.py] => CNN top1 curve: [90.13, 77.5]
2024-10-31 11:24:42,917 [trainer.py] => CNN top5 curve: [100.0, 99.48]
2024-10-31 11:24:42,917 [trainer.py] => NME top1 curve: [89.5, 83.19]
2024-10-31 11:24:42,917 [trainer.py] => NME top5 curve: [100.0, 98.83]

2024-10-31 11:24:42,917 [trainer.py] => Average Accuracy (CNN): 83.815
2024-10-31 11:24:42,917 [trainer.py] => Average Accuracy (NME): 86.345
2024-10-31 11:24:42,918 [trainer.py] => All params: 7696522
2024-10-31 11:24:42,919 [trainer.py] => Trainable params: 3852618
2024-10-31 11:24:43,091 [der.py] => Learning on 7-9
2024-10-31 11:24:43,094 [der.py] => All params: 11547084
2024-10-31 11:24:43,095 [der.py] => Trainable params: 3859276
2024-10-31 11:29:13,545 [der.py] => Task 2, Epoch 150/150 => Loss 0.001, Loss_clf 0.000, Loss_aux 0.000, Train_accy 100.00
2024-10-31 11:29:13,548 [base.py] => Reducing exemplars...(22 per classes)
2024-10-31 11:29:15,959 [base.py] => Constructing exemplars...(22 per classes)
2024-10-31 11:29:19,782 [trainer.py] => All params: 11547084
2024-10-31 11:29:22,452 [der.py] => Exemplar size: 198
2024-10-31 11:29:22,452 [trainer.py] => CNN: {'total': 62.24, '00-04': 56.03, '05-06': 52.58, '07-08': 87.42, 'old': 55.05, 'new': 87.42}
2024-10-31 11:29:22,452 [trainer.py] => NME: {'total': 71.52, '00-04': 69.17, '05-06': 69.08, '07-08': 79.83, 'old': 69.14, 'new': 79.83}
2024-10-31 11:29:22,452 [trainer.py] => CNN top1 curve: [90.13, 77.5, 62.24]
2024-10-31 11:29:22,453 [trainer.py] => CNN top5 curve: [100.0, 99.48, 97.76]
2024-10-31 11:29:22,453 [trainer.py] => NME top1 curve: [89.5, 83.19, 71.52]
2024-10-31 11:29:22,453 [trainer.py] => NME top5 curve: [100.0, 98.83, 96.54]

2024-10-31 11:29:22,453 [trainer.py] => Average Accuracy (CNN): 76.62333333333333
2024-10-31 11:29:22,453 [trainer.py] => Average Accuracy (NME): 81.40333333333332
2024-10-31 11:29:22,453 [trainer.py] => Forgetting (CNN): 37.635
