2025-03-30 16:48:24,505 [trainer.py] => config: ./exps/der.json
2025-03-30 16:48:24,505 [trainer.py] => prefix: cil
2025-03-30 16:48:24,505 [trainer.py] => dataset: hrrp9
2025-03-30 16:48:24,505 [trainer.py] => memory_size: 500
2025-03-30 16:48:24,506 [trainer.py] => memory_per_class: 20
2025-03-30 16:48:24,506 [trainer.py] => fixed_memory: False
2025-03-30 16:48:24,506 [trainer.py] => shuffle: True
2025-03-30 16:48:24,506 [trainer.py] => init_cls: 5
2025-03-30 16:48:24,506 [trainer.py] => increment: 2
2025-03-30 16:48:24,506 [trainer.py] => model_name: der
2025-03-30 16:48:24,506 [trainer.py] => convnet_type: resnet18
2025-03-30 16:48:24,507 [trainer.py] => device: [device(type='cuda', index=1)]
2025-03-30 16:48:24,507 [trainer.py] => init_train: False
2025-03-30 16:48:24,507 [trainer.py] => seed: 1993
2025-03-30 16:48:24,507 [trainer.py] => convnet_path: checkpoints/init_train/resnet18_42503.pth
2025-03-30 16:48:24,507 [trainer.py] => fc_path: checkpoints/init_train/fc_42503.pth
2025-03-30 16:48:24,507 [trainer.py] => 1: [110]
2025-03-30 16:48:24,508 [trainer.py] => convnet_path1: checkpoints/init_train/resnet18_42871.pth
2025-03-30 16:48:24,508 [trainer.py] => fc_path1: checkpoints/init_train/fc_42871.pth
2025-03-30 16:48:24,508 [trainer.py] => seed2: [2001]
2025-03-30 16:48:24,508 [trainer.py] => convnet_path2: checkpoints/init_train/resnet18_35172.pth
2025-03-30 16:48:24,508 [trainer.py] => fc_path2: checkpoints/init_train/fc_35172.pth
2025-03-30 16:48:24,508 [trainer.py] => init_epoch: 0
2025-03-30 16:48:24,509 [trainer.py] => init_lr: 0.1
2025-03-30 16:48:24,509 [trainer.py] => init_milestones: [60, 120, 170]
2025-03-30 16:48:24,509 [trainer.py] => init_lr_decay: 0.1
2025-03-30 16:48:24,509 [trainer.py] => init_weight_decay: 0.0005
2025-03-30 16:48:24,509 [trainer.py] => epochs: 150
2025-03-30 16:48:24,509 [trainer.py] => lrate: 0.1
2025-03-30 16:48:24,509 [trainer.py] => milestones: [50, 80, 120]
2025-03-30 16:48:24,510 [trainer.py] => lrate_decay: 0.1
2025-03-30 16:48:24,510 [trainer.py] => batch_size: 128
2025-03-30 16:48:24,510 [trainer.py] => weight_decay: 0.0002
2025-03-30 16:48:24,510 [trainer.py] => num_workers: 8
2025-03-30 16:48:24,510 [trainer.py] => T: 2
2025-03-30 16:48:25,124 [data_manager.py] => [4, 2, 5, 0, 3, 6, 7, 8, 1]
2025-03-30 16:48:25,161 [trainer.py] => All params: 0
2025-03-30 16:48:25,161 [trainer.py] => Trainable params: 0
2025-03-30 16:48:25,570 [der.py] => Learning on 0-5
2025-03-30 16:48:25,571 [der.py] => All params: 3849547
2025-03-30 16:48:25,571 [der.py] => Trainable params: 3849547
2025-03-30 16:48:25,803 [der.py] => init_train?---False
2025-03-30 16:48:26,495 [base.py] => Reducing exemplars...(100 per classes)
2025-03-30 16:48:26,496 [base.py] => Constructing exemplars...(100 per classes)
2025-03-30 16:48:30,391 [trainer.py] => task:0 training time:5.23s
2025-03-30 16:48:30,391 [trainer.py] => All params: 3849547
2025-03-30 16:48:31,177 [der.py] => Exemplar size: 500
2025-03-30 16:48:31,177 [trainer.py] => CNN: {'total': 89.93, '00-04': 89.93, 'old': 0, 'new': 89.93}
2025-03-30 16:48:31,177 [trainer.py] => NME: {'total': 90.0, '00-04': 90.0, 'old': 0, 'new': 90.0}
2025-03-30 16:48:31,177 [trainer.py] => CNN top1 curve: [89.93]
2025-03-30 16:48:31,177 [trainer.py] => CNN top5 curve: [100.0]
2025-03-30 16:48:31,177 [trainer.py] => NME top1 curve: [90.0]
2025-03-30 16:48:31,177 [trainer.py] => NME top5 curve: [100.0]

2025-03-30 16:48:31,177 [trainer.py] => Average Accuracy (CNN): 89.93
2025-03-30 16:48:31,177 [trainer.py] => Average Accuracy (NME): 90.0
2025-03-30 16:48:31,177 [trainer.py] => All params: 3849547
2025-03-30 16:48:31,178 [trainer.py] => Trainable params: 3849547
2025-03-30 16:48:31,242 [der.py] => Learning on 5-7
2025-03-30 16:48:31,243 [der.py] => All params: 7696522
2025-03-30 16:48:31,243 [der.py] => Trainable params: 3852618
2025-03-30 16:51:04,153 [der.py] => Task 1, Epoch 150/150 => Loss 0.002, Loss_clf 0.001, Loss_aux 0.001, Train_accy 100.00
2025-03-30 16:51:04,153 [der.py] => 100 epoches training time:101.56s
2025-03-30 16:51:04,153 [der.py] => Average training time of single epoch:0.91s
2025-03-30 16:51:04,231 [base.py] => Reducing exemplars...(71 per classes)
2025-03-30 16:51:05,147 [base.py] => Constructing exemplars...(71 per classes)
2025-03-30 16:51:07,295 [trainer.py] => task:1 training time:156.12s
2025-03-30 16:51:07,297 [trainer.py] => All params: 7696522
2025-03-30 16:51:08,425 [der.py] => Exemplar size: 497
2025-03-30 16:51:08,426 [trainer.py] => CNN: {'total': 71.81, '00-04': 62.1, '05-06': 96.08, 'old': 62.1, 'new': 96.08}
2025-03-30 16:51:08,427 [trainer.py] => NME: {'total': 80.1, '00-04': 75.93, '05-06': 90.5, 'old': 75.93, 'new': 90.5}
2025-03-30 16:51:08,427 [trainer.py] => CNN top1 curve: [89.93, 71.81]
2025-03-30 16:51:08,427 [trainer.py] => CNN top5 curve: [100.0, 99.02]
2025-03-30 16:51:08,427 [trainer.py] => NME top1 curve: [90.0, 80.1]
2025-03-30 16:51:08,427 [trainer.py] => NME top5 curve: [100.0, 99.05]

2025-03-30 16:51:08,428 [trainer.py] => Average Accuracy (CNN): 80.87
2025-03-30 16:51:08,428 [trainer.py] => Average Accuracy (NME): 85.05
2025-03-30 16:51:08,429 [trainer.py] => All params: 7696522
2025-03-30 16:51:08,430 [trainer.py] => Trainable params: 3852618
2025-03-30 16:51:08,528 [der.py] => Learning on 7-9
2025-03-30 16:51:08,530 [der.py] => All params: 11547084
2025-03-30 16:51:08,531 [der.py] => Trainable params: 3859276
2025-03-30 16:54:03,347 [der.py] => Task 2, Epoch 150/150 => Loss 0.002, Loss_clf 0.001, Loss_aux 0.001, Train_accy 100.00
2025-03-30 16:54:03,347 [der.py] => 100 epoches training time:117.04s
2025-03-30 16:54:03,347 [der.py] => Average training time of single epoch:1.02s
2025-03-30 16:54:03,351 [base.py] => Reducing exemplars...(55 per classes)
2025-03-30 16:54:04,460 [base.py] => Constructing exemplars...(55 per classes)
2025-03-30 16:54:06,849 [trainer.py] => task:2 training time:178.42s
2025-03-30 16:54:06,851 [trainer.py] => All params: 11547084
2025-03-30 16:54:08,383 [der.py] => Exemplar size: 495
2025-03-30 16:54:08,383 [trainer.py] => CNN: {'total': 73.17, '00-04': 61.4, '05-06': 80.5, '07-08': 95.25, 'old': 66.86, 'new': 95.25}
2025-03-30 16:54:08,383 [trainer.py] => NME: {'total': 77.41, '00-04': 69.53, '05-06': 86.08, '07-08': 88.42, 'old': 74.26, 'new': 88.42}
2025-03-30 16:54:08,383 [trainer.py] => CNN top1 curve: [89.93, 71.81, 73.17]
2025-03-30 16:54:08,383 [trainer.py] => CNN top5 curve: [100.0, 99.02, 98.24]
2025-03-30 16:54:08,383 [trainer.py] => NME top1 curve: [90.0, 80.1, 77.41]
2025-03-30 16:54:08,383 [trainer.py] => NME top5 curve: [100.0, 99.05, 98.2]

2025-03-30 16:54:08,383 [trainer.py] => Average Accuracy (CNN): 78.30333333333334
2025-03-30 16:54:08,383 [trainer.py] => Average Accuracy (NME): 82.50333333333333
2025-03-30 16:54:08,383 [trainer.py] => Time consumed in all training process:343.22s
2025-03-30 16:54:08,383 [trainer.py] => Average Time consumed in single task:113.26s
2025-03-30 16:54:08,483 [trainer.py] => Model state dict saved successfully at: saved_pth/hrrp9/der/time_2025_03_30_16_48_24_cil_1993_M=500.pth
2025-03-30 16:54:08,484 [trainer.py] => Forgetting (CNN): 22.055000000000003
