2024-10-23 19:57:03,630 [trainer.py] => config: ./exps/bic.json
2024-10-23 19:57:03,630 [trainer.py] => prefix: cil
2024-10-23 19:57:03,630 [trainer.py] => dataset: hrrp9
2024-10-23 19:57:03,630 [trainer.py] => memory_size: 50
2024-10-23 19:57:03,630 [trainer.py] => memory_per_class: 20
2024-10-23 19:57:03,630 [trainer.py] => fixed_memory: False
2024-10-23 19:57:03,630 [trainer.py] => shuffle: True
2024-10-23 19:57:03,630 [trainer.py] => init_cls: 5
2024-10-23 19:57:03,630 [trainer.py] => increment: 2
2024-10-23 19:57:03,630 [trainer.py] => model_name: bic
2024-10-23 19:57:03,630 [trainer.py] => convnet_type: resnet18
2024-10-23 19:57:03,630 [trainer.py] => device: [device(type='cuda', index=3)]
2024-10-23 19:57:03,630 [trainer.py] => init_train: False
2024-10-23 19:57:03,631 [trainer.py] => convnet_path: checkpoints/init_train/resnet18_42503.pth
2024-10-23 19:57:03,631 [trainer.py] => fc_path: checkpoints/init_train/fc_42503.pth
2024-10-23 19:57:03,631 [trainer.py] => convnet_path1: checkpoints/init_train/resnet18_35172.pth
2024-10-23 19:57:03,631 [trainer.py] => fc_path1: checkpoints/init_train/fc_35172.pth
2024-10-23 19:57:03,631 [trainer.py] => seed: 1993
2024-10-23 19:57:03,631 [trainer.py] => init_epochs: 0
2024-10-23 19:57:03,631 [trainer.py] => epochs: 150
2024-10-23 19:57:03,631 [trainer.py] => lrate: 0.1
2024-10-23 19:57:03,631 [trainer.py] => milestones: [50, 80, 120]
2024-10-23 19:57:03,631 [trainer.py] => lrate_decay: 0.1
2024-10-23 19:57:03,631 [trainer.py] => momentum: 0.9
2024-10-23 19:57:03,631 [trainer.py] => batch_size: 128
2024-10-23 19:57:03,631 [trainer.py] => split_ratio: 0.1
2024-10-23 19:57:03,631 [trainer.py] => weight_decay: 0.0002
2024-10-23 19:57:03,631 [trainer.py] => num_workers: 0
2024-10-23 19:57:03,631 [trainer.py] => T: 2
2024-10-23 19:57:03,631 [trainer.py] => bc_lrate: 0.001
2024-10-23 19:57:03,631 [trainer.py] => bc_epochs: [100, 100, 100]
2024-10-23 19:57:04,349 [data_manager.py] => [4, 2, 5, 0, 3, 6, 7, 8, 1]
2024-10-23 19:57:04,830 [trainer.py] => All params: 3843904
2024-10-23 19:57:04,831 [trainer.py] => Trainable params: 3843904
2024-10-23 19:57:04,855 [bic.py] => Learning on 0-5
2024-10-23 19:57:04,891 [bic.py] => Parameters of bias layer:
2024-10-23 19:57:04,892 [bic.py] => 0 => 1.000, 0.000
2024-10-23 19:57:05,157 [base.py] => Reducing exemplars...(10 per classes)
2024-10-23 19:57:05,158 [base.py] => Constructing exemplars...(10 per classes)
2024-10-23 19:57:09,430 [bic.py] => Parameters of bias layer:
2024-10-23 19:57:09,431 [bic.py] => 0 => 1.000, 0.000
2024-10-23 19:57:09,431 [trainer.py] => All params: 3846471
2024-10-23 19:57:09,922 [bic.py] => Exemplar size: 50
2024-10-23 19:57:09,923 [trainer.py] => CNN: {'total': 89.93, '00-04': 89.93, 'old': 0, 'new': 89.93}
2024-10-23 19:57:09,923 [trainer.py] => NME: {'total': 90.0, '00-04': 90.0, 'old': 0, 'new': 90.0}
2024-10-23 19:57:09,923 [trainer.py] => CNN top1 curve: [89.93]
2024-10-23 19:57:09,923 [trainer.py] => CNN top5 curve: [100.0]
2024-10-23 19:57:09,923 [trainer.py] => NME top1 curve: [90.0]
2024-10-23 19:57:09,923 [trainer.py] => NME top5 curve: [100.0]

2024-10-23 19:57:09,923 [trainer.py] => Average Accuracy (CNN): 89.93
2024-10-23 19:57:09,923 [trainer.py] => Average Accuracy (NME): 90.0
2024-10-23 19:57:09,924 [trainer.py] => All params: 3846471
2024-10-23 19:57:09,924 [trainer.py] => Trainable params: 3846471
2024-10-23 19:57:09,925 [bic.py] => Learning on 5-7
2024-10-23 19:57:09,942 [bic.py] => Stage1 dset: 4043, Stage2 dset: 7
2024-10-23 19:57:09,943 [bic.py] => Lambda: 0.714
2024-10-23 19:57:09,950 [bic.py] => Parameters of bias layer:
2024-10-23 19:57:09,950 [bic.py] => 0 => 1.000, 0.000
2024-10-23 19:57:09,951 [bic.py] => 1 => 1.000, 0.000
2024-10-23 19:57:11,230 [bic.py] => training => Task 1, Epoch 1/150 => Loss 1.066, Train_accy 93.070, Test_accy 26.690
2024-10-23 19:57:12,213 [bic.py] => training => Task 1, Epoch 2/150 => Loss 0.805, Train_accy 97.530, Test_accy 27.430
2024-10-23 19:57:13,214 [bic.py] => training => Task 1, Epoch 3/150 => Loss 0.753, Train_accy 98.710, Test_accy 27.830
2024-10-23 19:57:14,195 [bic.py] => training => Task 1, Epoch 4/150 => Loss 0.734, Train_accy 99.360, Test_accy 28.190
2024-10-23 19:57:15,191 [bic.py] => training => Task 1, Epoch 5/150 => Loss 0.723, Train_accy 99.750, Test_accy 32.190
2024-10-23 19:57:16,215 [bic.py] => training => Task 1, Epoch 6/150 => Loss 0.716, Train_accy 99.800, Test_accy 34.240
2024-10-23 19:57:17,258 [bic.py] => training => Task 1, Epoch 7/150 => Loss 0.714, Train_accy 99.930, Test_accy 33.050
2024-10-23 19:57:18,233 [bic.py] => training => Task 1, Epoch 8/150 => Loss 0.710, Train_accy 99.980, Test_accy 34.360
2024-10-23 19:57:19,231 [bic.py] => training => Task 1, Epoch 9/150 => Loss 0.710, Train_accy 100.000, Test_accy 35.620
2024-10-23 19:57:20,209 [bic.py] => training => Task 1, Epoch 10/150 => Loss 0.709, Train_accy 99.980, Test_accy 34.950
2024-10-23 19:57:21,206 [bic.py] => training => Task 1, Epoch 11/150 => Loss 0.708, Train_accy 99.980, Test_accy 35.620
2024-10-23 19:57:22,298 [bic.py] => training => Task 1, Epoch 12/150 => Loss 0.706, Train_accy 100.000, Test_accy 35.950
2024-10-23 19:57:23,384 [bic.py] => training => Task 1, Epoch 13/150 => Loss 0.707, Train_accy 100.000, Test_accy 36.710
2024-10-23 19:57:24,452 [bic.py] => training => Task 1, Epoch 14/150 => Loss 0.707, Train_accy 100.000, Test_accy 36.360
2024-10-23 19:57:25,442 [bic.py] => training => Task 1, Epoch 15/150 => Loss 0.709, Train_accy 100.000, Test_accy 37.310
2024-10-23 19:57:26,465 [bic.py] => training => Task 1, Epoch 16/150 => Loss 0.708, Train_accy 100.000, Test_accy 38.880
2024-10-23 19:57:27,460 [bic.py] => training => Task 1, Epoch 17/150 => Loss 0.706, Train_accy 100.000, Test_accy 37.710
2024-10-23 19:57:28,493 [bic.py] => training => Task 1, Epoch 18/150 => Loss 0.705, Train_accy 100.000, Test_accy 36.760
2024-10-23 19:57:29,504 [bic.py] => training => Task 1, Epoch 19/150 => Loss 0.706, Train_accy 100.000, Test_accy 37.980
2024-10-23 19:57:30,527 [bic.py] => training => Task 1, Epoch 20/150 => Loss 0.706, Train_accy 100.000, Test_accy 37.290
2024-10-23 19:57:31,743 [bic.py] => training => Task 1, Epoch 21/150 => Loss 0.706, Train_accy 100.000, Test_accy 36.690
2024-10-23 19:57:32,804 [bic.py] => training => Task 1, Epoch 22/150 => Loss 0.705, Train_accy 100.000, Test_accy 37.100
2024-10-23 19:57:33,852 [bic.py] => training => Task 1, Epoch 23/150 => Loss 0.706, Train_accy 100.000, Test_accy 37.570
2024-10-23 19:57:34,963 [bic.py] => training => Task 1, Epoch 24/150 => Loss 0.706, Train_accy 100.000, Test_accy 39.100
2024-10-23 19:57:36,034 [bic.py] => training => Task 1, Epoch 25/150 => Loss 0.706, Train_accy 100.000, Test_accy 36.330
2024-10-23 19:57:37,043 [bic.py] => training => Task 1, Epoch 26/150 => Loss 0.705, Train_accy 100.000, Test_accy 37.790
2024-10-23 19:57:38,088 [bic.py] => training => Task 1, Epoch 27/150 => Loss 0.704, Train_accy 100.000, Test_accy 36.880
2024-10-23 19:57:39,152 [bic.py] => training => Task 1, Epoch 28/150 => Loss 0.705, Train_accy 100.000, Test_accy 36.760
2024-10-23 19:57:40,192 [bic.py] => training => Task 1, Epoch 29/150 => Loss 0.704, Train_accy 100.000, Test_accy 38.240
2024-10-23 19:57:41,261 [bic.py] => training => Task 1, Epoch 30/150 => Loss 0.704, Train_accy 100.000, Test_accy 37.520
2024-10-23 19:57:42,183 [bic.py] => training => Task 1, Epoch 31/150 => Loss 0.705, Train_accy 100.000, Test_accy 38.020
2024-10-23 19:57:43,160 [bic.py] => training => Task 1, Epoch 32/150 => Loss 0.704, Train_accy 100.000, Test_accy 36.190
2024-10-23 19:57:44,174 [bic.py] => training => Task 1, Epoch 33/150 => Loss 0.703, Train_accy 100.000, Test_accy 38.050
2024-10-23 19:57:45,177 [bic.py] => training => Task 1, Epoch 34/150 => Loss 0.705, Train_accy 100.000, Test_accy 37.640
2024-10-23 19:57:46,115 [bic.py] => training => Task 1, Epoch 35/150 => Loss 0.705, Train_accy 100.000, Test_accy 35.670
2024-10-23 19:57:47,186 [bic.py] => training => Task 1, Epoch 36/150 => Loss 0.706, Train_accy 100.000, Test_accy 36.140
2024-10-23 19:57:48,273 [bic.py] => training => Task 1, Epoch 37/150 => Loss 0.704, Train_accy 100.000, Test_accy 37.140
2024-10-23 19:57:49,343 [bic.py] => training => Task 1, Epoch 38/150 => Loss 0.705, Train_accy 100.000, Test_accy 37.070
2024-10-23 19:57:50,348 [bic.py] => training => Task 1, Epoch 39/150 => Loss 0.704, Train_accy 100.000, Test_accy 37.980
2024-10-23 19:57:51,450 [bic.py] => training => Task 1, Epoch 40/150 => Loss 0.704, Train_accy 99.980, Test_accy 37.100
2024-10-23 19:57:52,610 [bic.py] => training => Task 1, Epoch 41/150 => Loss 0.704, Train_accy 100.000, Test_accy 37.260
2024-10-23 19:57:53,684 [bic.py] => training => Task 1, Epoch 42/150 => Loss 0.705, Train_accy 100.000, Test_accy 36.760
2024-10-23 19:57:54,604 [bic.py] => training => Task 1, Epoch 43/150 => Loss 0.705, Train_accy 100.000, Test_accy 35.860
2024-10-23 19:57:55,542 [bic.py] => training => Task 1, Epoch 44/150 => Loss 0.705, Train_accy 100.000, Test_accy 37.450
2024-10-23 19:57:56,455 [bic.py] => training => Task 1, Epoch 45/150 => Loss 0.704, Train_accy 100.000, Test_accy 36.930
2024-10-23 19:57:57,372 [bic.py] => training => Task 1, Epoch 46/150 => Loss 0.704, Train_accy 100.000, Test_accy 35.050
2024-10-23 19:57:58,341 [bic.py] => training => Task 1, Epoch 47/150 => Loss 0.706, Train_accy 100.000, Test_accy 36.550
2024-10-23 19:57:59,431 [bic.py] => training => Task 1, Epoch 48/150 => Loss 0.704, Train_accy 100.000, Test_accy 35.710
2024-10-23 19:58:00,507 [bic.py] => training => Task 1, Epoch 49/150 => Loss 0.704, Train_accy 100.000, Test_accy 36.380
2024-10-23 19:58:01,623 [bic.py] => training => Task 1, Epoch 50/150 => Loss 0.704, Train_accy 100.000, Test_accy 35.880
2024-10-23 19:58:02,828 [bic.py] => training => Task 1, Epoch 51/150 => Loss 0.703, Train_accy 100.000, Test_accy 36.950
2024-10-23 19:58:03,891 [bic.py] => training => Task 1, Epoch 52/150 => Loss 0.702, Train_accy 100.000, Test_accy 36.830
2024-10-23 19:58:05,119 [bic.py] => training => Task 1, Epoch 53/150 => Loss 0.701, Train_accy 100.000, Test_accy 37.500
2024-10-23 19:58:06,273 [bic.py] => training => Task 1, Epoch 54/150 => Loss 0.700, Train_accy 100.000, Test_accy 37.210
2024-10-23 19:58:07,316 [bic.py] => training => Task 1, Epoch 55/150 => Loss 0.701, Train_accy 100.000, Test_accy 37.260
2024-10-23 19:58:08,363 [bic.py] => training => Task 1, Epoch 56/150 => Loss 0.701, Train_accy 100.000, Test_accy 37.240
2024-10-23 19:58:09,436 [bic.py] => training => Task 1, Epoch 57/150 => Loss 0.701, Train_accy 100.000, Test_accy 37.190
2024-10-23 19:58:10,513 [bic.py] => training => Task 1, Epoch 58/150 => Loss 0.701, Train_accy 100.000, Test_accy 37.050
2024-10-23 19:58:11,452 [bic.py] => training => Task 1, Epoch 59/150 => Loss 0.700, Train_accy 100.000, Test_accy 37.450
2024-10-23 19:58:12,371 [bic.py] => training => Task 1, Epoch 60/150 => Loss 0.701, Train_accy 100.000, Test_accy 37.450
2024-10-23 19:58:13,349 [bic.py] => training => Task 1, Epoch 61/150 => Loss 0.701, Train_accy 100.000, Test_accy 37.210
2024-10-23 19:58:14,445 [bic.py] => training => Task 1, Epoch 62/150 => Loss 0.700, Train_accy 100.000, Test_accy 37.190
2024-10-23 19:58:15,629 [bic.py] => training => Task 1, Epoch 63/150 => Loss 0.700, Train_accy 100.000, Test_accy 37.120
2024-10-23 19:58:16,749 [bic.py] => training => Task 1, Epoch 64/150 => Loss 0.702, Train_accy 100.000, Test_accy 37.050
2024-10-23 19:58:17,794 [bic.py] => training => Task 1, Epoch 65/150 => Loss 0.700, Train_accy 100.000, Test_accy 37.520
2024-10-23 19:58:18,737 [bic.py] => training => Task 1, Epoch 66/150 => Loss 0.700, Train_accy 100.000, Test_accy 37.430
2024-10-23 19:58:19,681 [bic.py] => training => Task 1, Epoch 67/150 => Loss 0.700, Train_accy 100.000, Test_accy 37.100
2024-10-23 19:58:20,694 [bic.py] => training => Task 1, Epoch 68/150 => Loss 0.701, Train_accy 100.000, Test_accy 37.380
2024-10-23 19:58:21,705 [bic.py] => training => Task 1, Epoch 69/150 => Loss 0.700, Train_accy 100.000, Test_accy 37.980
2024-10-23 19:58:22,644 [bic.py] => training => Task 1, Epoch 70/150 => Loss 0.701, Train_accy 100.000, Test_accy 37.830
2024-10-23 19:58:23,600 [bic.py] => training => Task 1, Epoch 71/150 => Loss 0.701, Train_accy 100.000, Test_accy 37.690
2024-10-23 19:58:24,646 [bic.py] => training => Task 1, Epoch 72/150 => Loss 0.701, Train_accy 100.000, Test_accy 37.500
2024-10-23 19:58:25,639 [bic.py] => training => Task 1, Epoch 73/150 => Loss 0.701, Train_accy 100.000, Test_accy 37.400
2024-10-23 19:58:26,692 [bic.py] => training => Task 1, Epoch 74/150 => Loss 0.700, Train_accy 100.000, Test_accy 37.430
2024-10-23 19:58:27,866 [bic.py] => training => Task 1, Epoch 75/150 => Loss 0.700, Train_accy 100.000, Test_accy 37.740
2024-10-23 19:58:28,896 [bic.py] => training => Task 1, Epoch 76/150 => Loss 0.701, Train_accy 100.000, Test_accy 37.900
2024-10-23 19:58:29,901 [bic.py] => training => Task 1, Epoch 77/150 => Loss 0.700, Train_accy 100.000, Test_accy 37.310
2024-10-23 19:58:30,973 [bic.py] => training => Task 1, Epoch 78/150 => Loss 0.701, Train_accy 100.000, Test_accy 37.740
2024-10-23 19:58:32,131 [bic.py] => training => Task 1, Epoch 79/150 => Loss 0.701, Train_accy 100.000, Test_accy 37.640
2024-10-23 19:58:33,233 [bic.py] => training => Task 1, Epoch 80/150 => Loss 0.701, Train_accy 100.000, Test_accy 37.670
2024-10-23 19:58:34,280 [bic.py] => training => Task 1, Epoch 81/150 => Loss 0.700, Train_accy 100.000, Test_accy 37.360
2024-10-23 19:58:35,293 [bic.py] => training => Task 1, Epoch 82/150 => Loss 0.700, Train_accy 100.000, Test_accy 37.620
2024-10-23 19:58:36,356 [bic.py] => training => Task 1, Epoch 83/150 => Loss 0.701, Train_accy 100.000, Test_accy 37.520
2024-10-23 19:58:37,401 [bic.py] => training => Task 1, Epoch 84/150 => Loss 0.700, Train_accy 100.000, Test_accy 37.430
2024-10-23 19:58:38,402 [bic.py] => training => Task 1, Epoch 85/150 => Loss 0.700, Train_accy 100.000, Test_accy 37.330
2024-10-23 19:58:39,390 [bic.py] => training => Task 1, Epoch 86/150 => Loss 0.699, Train_accy 100.000, Test_accy 37.670
2024-10-23 19:58:40,382 [bic.py] => training => Task 1, Epoch 87/150 => Loss 0.701, Train_accy 100.000, Test_accy 37.500
2024-10-23 19:58:41,410 [bic.py] => training => Task 1, Epoch 88/150 => Loss 0.701, Train_accy 100.000, Test_accy 37.570
2024-10-23 19:58:42,492 [bic.py] => training => Task 1, Epoch 89/150 => Loss 0.700, Train_accy 100.000, Test_accy 37.640
2024-10-23 19:58:43,515 [bic.py] => training => Task 1, Epoch 90/150 => Loss 0.700, Train_accy 100.000, Test_accy 37.500
2024-10-23 19:58:44,505 [bic.py] => training => Task 1, Epoch 91/150 => Loss 0.699, Train_accy 100.000, Test_accy 37.640
2024-10-23 19:58:45,487 [bic.py] => training => Task 1, Epoch 92/150 => Loss 0.700, Train_accy 100.000, Test_accy 37.740
2024-10-23 19:58:46,466 [bic.py] => training => Task 1, Epoch 93/150 => Loss 0.700, Train_accy 100.000, Test_accy 37.810
2024-10-23 19:58:47,527 [bic.py] => training => Task 1, Epoch 94/150 => Loss 0.699, Train_accy 100.000, Test_accy 37.670
2024-10-23 19:58:48,477 [bic.py] => training => Task 1, Epoch 95/150 => Loss 0.701, Train_accy 100.000, Test_accy 37.620
2024-10-23 19:58:49,469 [bic.py] => training => Task 1, Epoch 96/150 => Loss 0.699, Train_accy 100.000, Test_accy 37.670
2024-10-23 19:58:50,453 [bic.py] => training => Task 1, Epoch 97/150 => Loss 0.701, Train_accy 100.000, Test_accy 37.830
2024-10-23 19:58:51,447 [bic.py] => training => Task 1, Epoch 98/150 => Loss 0.700, Train_accy 100.000, Test_accy 37.690
2024-10-23 19:58:52,412 [bic.py] => training => Task 1, Epoch 99/150 => Loss 0.701, Train_accy 100.000, Test_accy 37.570
2024-10-23 19:58:53,485 [bic.py] => training => Task 1, Epoch 100/150 => Loss 0.700, Train_accy 100.000, Test_accy 37.550
2024-10-23 19:58:54,602 [bic.py] => training => Task 1, Epoch 101/150 => Loss 0.700, Train_accy 100.000, Test_accy 37.880
2024-10-23 19:58:55,671 [bic.py] => training => Task 1, Epoch 102/150 => Loss 0.700, Train_accy 100.000, Test_accy 37.670
2024-10-23 19:58:56,724 [bic.py] => training => Task 1, Epoch 103/150 => Loss 0.699, Train_accy 100.000, Test_accy 37.570
2024-10-23 19:58:57,711 [bic.py] => training => Task 1, Epoch 104/150 => Loss 0.700, Train_accy 100.000, Test_accy 37.620
2024-10-23 19:58:58,707 [bic.py] => training => Task 1, Epoch 105/150 => Loss 0.701, Train_accy 100.000, Test_accy 37.330
2024-10-23 19:58:59,686 [bic.py] => training => Task 1, Epoch 106/150 => Loss 0.700, Train_accy 100.000, Test_accy 37.400
2024-10-23 19:59:00,723 [bic.py] => training => Task 1, Epoch 107/150 => Loss 0.701, Train_accy 100.000, Test_accy 37.860
2024-10-23 19:59:01,772 [bic.py] => training => Task 1, Epoch 108/150 => Loss 0.701, Train_accy 100.000, Test_accy 37.860
2024-10-23 19:59:02,780 [bic.py] => training => Task 1, Epoch 109/150 => Loss 0.700, Train_accy 100.000, Test_accy 37.740
2024-10-23 19:59:03,858 [bic.py] => training => Task 1, Epoch 110/150 => Loss 0.701, Train_accy 100.000, Test_accy 37.550
2024-10-23 19:59:04,911 [bic.py] => training => Task 1, Epoch 111/150 => Loss 0.700, Train_accy 100.000, Test_accy 37.670
2024-10-23 19:59:05,988 [bic.py] => training => Task 1, Epoch 112/150 => Loss 0.700, Train_accy 100.000, Test_accy 37.640
2024-10-23 19:59:07,049 [bic.py] => training => Task 1, Epoch 113/150 => Loss 0.701, Train_accy 100.000, Test_accy 37.430
2024-10-23 19:59:08,082 [bic.py] => training => Task 1, Epoch 114/150 => Loss 0.700, Train_accy 100.000, Test_accy 37.670
2024-10-23 19:59:09,082 [bic.py] => training => Task 1, Epoch 115/150 => Loss 0.700, Train_accy 100.000, Test_accy 37.690
2024-10-23 19:59:10,090 [bic.py] => training => Task 1, Epoch 116/150 => Loss 0.700, Train_accy 100.000, Test_accy 37.520
2024-10-23 19:59:11,157 [bic.py] => training => Task 1, Epoch 117/150 => Loss 0.701, Train_accy 100.000, Test_accy 37.520
2024-10-23 19:59:12,235 [bic.py] => training => Task 1, Epoch 118/150 => Loss 0.701, Train_accy 100.000, Test_accy 37.570
2024-10-23 19:59:13,475 [bic.py] => training => Task 1, Epoch 119/150 => Loss 0.700, Train_accy 100.000, Test_accy 37.950
2024-10-23 19:59:14,546 [bic.py] => training => Task 1, Epoch 120/150 => Loss 0.701, Train_accy 100.000, Test_accy 37.500
2024-10-23 19:59:15,657 [bic.py] => training => Task 1, Epoch 121/150 => Loss 0.701, Train_accy 100.000, Test_accy 37.570
2024-10-23 19:59:16,647 [bic.py] => training => Task 1, Epoch 122/150 => Loss 0.700, Train_accy 100.000, Test_accy 37.360
2024-10-23 19:59:17,582 [bic.py] => training => Task 1, Epoch 123/150 => Loss 0.700, Train_accy 100.000, Test_accy 37.430
2024-10-23 19:59:18,538 [bic.py] => training => Task 1, Epoch 124/150 => Loss 0.699, Train_accy 100.000, Test_accy 37.740
2024-10-23 19:59:19,645 [bic.py] => training => Task 1, Epoch 125/150 => Loss 0.701, Train_accy 100.000, Test_accy 37.480
2024-10-23 19:59:20,690 [bic.py] => training => Task 1, Epoch 126/150 => Loss 0.701, Train_accy 100.000, Test_accy 37.600
2024-10-23 19:59:21,852 [bic.py] => training => Task 1, Epoch 127/150 => Loss 0.700, Train_accy 100.000, Test_accy 37.690
2024-10-23 19:59:22,895 [bic.py] => training => Task 1, Epoch 128/150 => Loss 0.700, Train_accy 100.000, Test_accy 37.430
2024-10-23 19:59:23,963 [bic.py] => training => Task 1, Epoch 129/150 => Loss 0.700, Train_accy 100.000, Test_accy 37.740
2024-10-23 19:59:25,021 [bic.py] => training => Task 1, Epoch 130/150 => Loss 0.700, Train_accy 100.000, Test_accy 37.880
2024-10-23 19:59:26,181 [bic.py] => training => Task 1, Epoch 131/150 => Loss 0.700, Train_accy 100.000, Test_accy 37.860
2024-10-23 19:59:27,214 [bic.py] => training => Task 1, Epoch 132/150 => Loss 0.700, Train_accy 100.000, Test_accy 37.450
2024-10-23 19:59:28,187 [bic.py] => training => Task 1, Epoch 133/150 => Loss 0.699, Train_accy 100.000, Test_accy 37.640
2024-10-23 19:59:29,121 [bic.py] => training => Task 1, Epoch 134/150 => Loss 0.699, Train_accy 100.000, Test_accy 37.930
2024-10-23 19:59:30,119 [bic.py] => training => Task 1, Epoch 135/150 => Loss 0.700, Train_accy 100.000, Test_accy 37.520
2024-10-23 19:59:31,356 [bic.py] => training => Task 1, Epoch 136/150 => Loss 0.701, Train_accy 100.000, Test_accy 37.500
2024-10-23 19:59:32,346 [bic.py] => training => Task 1, Epoch 137/150 => Loss 0.701, Train_accy 100.000, Test_accy 37.600
2024-10-23 19:59:33,309 [bic.py] => training => Task 1, Epoch 138/150 => Loss 0.699, Train_accy 100.000, Test_accy 37.260
2024-10-23 19:59:34,528 [bic.py] => training => Task 1, Epoch 139/150 => Loss 0.700, Train_accy 100.000, Test_accy 38.050
2024-10-23 19:59:35,550 [bic.py] => training => Task 1, Epoch 140/150 => Loss 0.701, Train_accy 100.000, Test_accy 37.500
2024-10-23 19:59:36,561 [bic.py] => training => Task 1, Epoch 141/150 => Loss 0.699, Train_accy 100.000, Test_accy 37.760
2024-10-23 19:59:37,532 [bic.py] => training => Task 1, Epoch 142/150 => Loss 0.700, Train_accy 100.000, Test_accy 37.670
2024-10-23 19:59:38,731 [bic.py] => training => Task 1, Epoch 143/150 => Loss 0.699, Train_accy 100.000, Test_accy 37.740
2024-10-23 19:59:39,718 [bic.py] => training => Task 1, Epoch 144/150 => Loss 0.700, Train_accy 100.000, Test_accy 37.640
2024-10-23 19:59:40,708 [bic.py] => training => Task 1, Epoch 145/150 => Loss 0.702, Train_accy 100.000, Test_accy 37.520
2024-10-23 19:59:41,836 [bic.py] => training => Task 1, Epoch 146/150 => Loss 0.700, Train_accy 100.000, Test_accy 37.900
2024-10-23 19:59:42,845 [bic.py] => training => Task 1, Epoch 147/150 => Loss 0.699, Train_accy 100.000, Test_accy 37.640
2024-10-23 19:59:44,013 [bic.py] => training => Task 1, Epoch 148/150 => Loss 0.700, Train_accy 100.000, Test_accy 37.550
2024-10-23 19:59:45,004 [bic.py] => training => Task 1, Epoch 149/150 => Loss 0.699, Train_accy 100.000, Test_accy 37.520
2024-10-23 19:59:46,020 [bic.py] => training => Task 1, Epoch 150/150 => Loss 0.701, Train_accy 100.000, Test_accy 37.500
2024-10-23 19:59:46,314 [bic.py] => bias_correction => Task 1, Epoch 1/150 => Loss 1.722, Train_accy 28.570, Test_accy 39.050
2024-10-23 19:59:46,538 [bic.py] => bias_correction => Task 1, Epoch 2/150 => Loss 1.700, Train_accy 42.860, Test_accy 43.020
2024-10-23 19:59:46,723 [bic.py] => bias_correction => Task 1, Epoch 3/150 => Loss 1.653, Train_accy 57.140, Test_accy 50.520
2024-10-23 19:59:46,908 [bic.py] => bias_correction => Task 1, Epoch 4/150 => Loss 1.579, Train_accy 71.430, Test_accy 60.950
2024-10-23 19:59:47,084 [bic.py] => bias_correction => Task 1, Epoch 5/150 => Loss 1.496, Train_accy 85.710, Test_accy 70.640
2024-10-23 19:59:47,284 [bic.py] => bias_correction => Task 1, Epoch 6/150 => Loss 1.439, Train_accy 71.430, Test_accy 70.050
2024-10-23 19:59:47,487 [bic.py] => bias_correction => Task 1, Epoch 7/150 => Loss 1.454, Train_accy 71.430, Test_accy 64.500
2024-10-23 19:59:47,773 [bic.py] => bias_correction => Task 1, Epoch 8/150 => Loss 1.471, Train_accy 71.430, Test_accy 62.710
2024-10-23 19:59:47,976 [bic.py] => bias_correction => Task 1, Epoch 9/150 => Loss 1.470, Train_accy 71.430, Test_accy 62.670
2024-10-23 19:59:48,181 [bic.py] => bias_correction => Task 1, Epoch 10/150 => Loss 1.466, Train_accy 71.430, Test_accy 62.620
2024-10-23 19:59:48,414 [bic.py] => bias_correction => Task 1, Epoch 11/150 => Loss 1.463, Train_accy 71.430, Test_accy 62.570
2024-10-23 19:59:48,683 [bic.py] => bias_correction => Task 1, Epoch 12/150 => Loss 1.461, Train_accy 71.430, Test_accy 62.570
2024-10-23 19:59:48,883 [bic.py] => bias_correction => Task 1, Epoch 13/150 => Loss 1.460, Train_accy 71.430, Test_accy 62.400
2024-10-23 19:59:49,102 [bic.py] => bias_correction => Task 1, Epoch 14/150 => Loss 1.459, Train_accy 71.430, Test_accy 62.360
2024-10-23 19:59:49,292 [bic.py] => bias_correction => Task 1, Epoch 15/150 => Loss 1.458, Train_accy 71.430, Test_accy 62.360
2024-10-23 19:59:49,515 [bic.py] => bias_correction => Task 1, Epoch 16/150 => Loss 1.458, Train_accy 71.430, Test_accy 62.290
2024-10-23 19:59:49,711 [bic.py] => bias_correction => Task 1, Epoch 17/150 => Loss 1.457, Train_accy 71.430, Test_accy 62.210
2024-10-23 19:59:49,907 [bic.py] => bias_correction => Task 1, Epoch 18/150 => Loss 1.457, Train_accy 71.430, Test_accy 62.120
2024-10-23 19:59:50,098 [bic.py] => bias_correction => Task 1, Epoch 19/150 => Loss 1.457, Train_accy 71.430, Test_accy 62.070
2024-10-23 19:59:50,303 [bic.py] => bias_correction => Task 1, Epoch 20/150 => Loss 1.457, Train_accy 71.430, Test_accy 62.020
2024-10-23 19:59:50,500 [bic.py] => bias_correction => Task 1, Epoch 21/150 => Loss 1.457, Train_accy 71.430, Test_accy 62.000
2024-10-23 19:59:50,682 [bic.py] => bias_correction => Task 1, Epoch 22/150 => Loss 1.457, Train_accy 71.430, Test_accy 62.000
2024-10-23 19:59:50,888 [bic.py] => bias_correction => Task 1, Epoch 23/150 => Loss 1.457, Train_accy 71.430, Test_accy 61.980
2024-10-23 19:59:51,080 [bic.py] => bias_correction => Task 1, Epoch 24/150 => Loss 1.456, Train_accy 71.430, Test_accy 61.950
2024-10-23 19:59:51,268 [bic.py] => bias_correction => Task 1, Epoch 25/150 => Loss 1.456, Train_accy 71.430, Test_accy 61.930
2024-10-23 19:59:51,454 [bic.py] => bias_correction => Task 1, Epoch 26/150 => Loss 1.456, Train_accy 71.430, Test_accy 61.900
2024-10-23 19:59:51,635 [bic.py] => bias_correction => Task 1, Epoch 27/150 => Loss 1.456, Train_accy 71.430, Test_accy 61.880
2024-10-23 19:59:51,822 [bic.py] => bias_correction => Task 1, Epoch 28/150 => Loss 1.456, Train_accy 71.430, Test_accy 61.860
2024-10-23 19:59:52,056 [bic.py] => bias_correction => Task 1, Epoch 29/150 => Loss 1.456, Train_accy 71.430, Test_accy 61.860
2024-10-23 19:59:52,255 [bic.py] => bias_correction => Task 1, Epoch 30/150 => Loss 1.456, Train_accy 71.430, Test_accy 61.830
2024-10-23 19:59:52,445 [bic.py] => bias_correction => Task 1, Epoch 31/150 => Loss 1.456, Train_accy 71.430, Test_accy 61.860
2024-10-23 19:59:52,645 [bic.py] => bias_correction => Task 1, Epoch 32/150 => Loss 1.456, Train_accy 71.430, Test_accy 61.830
2024-10-23 19:59:52,833 [bic.py] => bias_correction => Task 1, Epoch 33/150 => Loss 1.456, Train_accy 71.430, Test_accy 61.740
2024-10-23 19:59:53,034 [bic.py] => bias_correction => Task 1, Epoch 34/150 => Loss 1.456, Train_accy 71.430, Test_accy 61.710
2024-10-23 19:59:53,212 [bic.py] => bias_correction => Task 1, Epoch 35/150 => Loss 1.456, Train_accy 71.430, Test_accy 61.710
2024-10-23 19:59:53,383 [bic.py] => bias_correction => Task 1, Epoch 36/150 => Loss 1.456, Train_accy 71.430, Test_accy 61.710
2024-10-23 19:59:53,553 [bic.py] => bias_correction => Task 1, Epoch 37/150 => Loss 1.456, Train_accy 71.430, Test_accy 61.670
2024-10-23 19:59:53,807 [bic.py] => bias_correction => Task 1, Epoch 38/150 => Loss 1.456, Train_accy 71.430, Test_accy 61.670
2024-10-23 19:59:54,083 [bic.py] => bias_correction => Task 1, Epoch 39/150 => Loss 1.456, Train_accy 71.430, Test_accy 61.670
2024-10-23 19:59:54,322 [bic.py] => bias_correction => Task 1, Epoch 40/150 => Loss 1.456, Train_accy 71.430, Test_accy 61.600
2024-10-23 19:59:54,496 [bic.py] => bias_correction => Task 1, Epoch 41/150 => Loss 1.456, Train_accy 71.430, Test_accy 61.600
2024-10-23 19:59:54,676 [bic.py] => bias_correction => Task 1, Epoch 42/150 => Loss 1.456, Train_accy 71.430, Test_accy 61.600
2024-10-23 19:59:54,908 [bic.py] => bias_correction => Task 1, Epoch 43/150 => Loss 1.456, Train_accy 71.430, Test_accy 61.570
2024-10-23 19:59:55,096 [bic.py] => bias_correction => Task 1, Epoch 44/150 => Loss 1.456, Train_accy 71.430, Test_accy 61.570
2024-10-23 19:59:55,269 [bic.py] => bias_correction => Task 1, Epoch 45/150 => Loss 1.456, Train_accy 71.430, Test_accy 61.570
2024-10-23 19:59:55,443 [bic.py] => bias_correction => Task 1, Epoch 46/150 => Loss 1.456, Train_accy 71.430, Test_accy 61.600
2024-10-23 19:59:55,664 [bic.py] => bias_correction => Task 1, Epoch 47/150 => Loss 1.456, Train_accy 71.430, Test_accy 61.600
2024-10-23 19:59:55,877 [bic.py] => bias_correction => Task 1, Epoch 48/150 => Loss 1.456, Train_accy 71.430, Test_accy 61.600
2024-10-23 19:59:56,082 [bic.py] => bias_correction => Task 1, Epoch 49/150 => Loss 1.456, Train_accy 71.430, Test_accy 61.600
2024-10-23 19:59:56,265 [bic.py] => bias_correction => Task 1, Epoch 50/150 => Loss 1.456, Train_accy 71.430, Test_accy 61.600
2024-10-23 19:59:56,457 [bic.py] => bias_correction => Task 1, Epoch 51/150 => Loss 1.456, Train_accy 71.430, Test_accy 61.600
2024-10-23 19:59:56,648 [bic.py] => bias_correction => Task 1, Epoch 52/150 => Loss 1.456, Train_accy 71.430, Test_accy 61.600
2024-10-23 19:59:56,836 [bic.py] => bias_correction => Task 1, Epoch 53/150 => Loss 1.456, Train_accy 71.430, Test_accy 61.600
2024-10-23 19:59:57,022 [bic.py] => bias_correction => Task 1, Epoch 54/150 => Loss 1.456, Train_accy 71.430, Test_accy 61.600
2024-10-23 19:59:57,194 [bic.py] => bias_correction => Task 1, Epoch 55/150 => Loss 1.456, Train_accy 71.430, Test_accy 61.600
2024-10-23 19:59:57,384 [bic.py] => bias_correction => Task 1, Epoch 56/150 => Loss 1.456, Train_accy 71.430, Test_accy 61.600
2024-10-23 19:59:57,569 [bic.py] => bias_correction => Task 1, Epoch 57/150 => Loss 1.456, Train_accy 71.430, Test_accy 61.600
2024-10-23 19:59:57,761 [bic.py] => bias_correction => Task 1, Epoch 58/150 => Loss 1.456, Train_accy 71.430, Test_accy 61.600
2024-10-23 19:59:57,946 [bic.py] => bias_correction => Task 1, Epoch 59/150 => Loss 1.456, Train_accy 71.430, Test_accy 61.600
2024-10-23 19:59:58,140 [bic.py] => bias_correction => Task 1, Epoch 60/150 => Loss 1.456, Train_accy 71.430, Test_accy 61.570
2024-10-23 19:59:58,331 [bic.py] => bias_correction => Task 1, Epoch 61/150 => Loss 1.456, Train_accy 71.430, Test_accy 61.570
2024-10-23 19:59:58,521 [bic.py] => bias_correction => Task 1, Epoch 62/150 => Loss 1.456, Train_accy 71.430, Test_accy 61.570
2024-10-23 19:59:58,711 [bic.py] => bias_correction => Task 1, Epoch 63/150 => Loss 1.456, Train_accy 71.430, Test_accy 61.570
2024-10-23 19:59:58,889 [bic.py] => bias_correction => Task 1, Epoch 64/150 => Loss 1.456, Train_accy 71.430, Test_accy 61.570
2024-10-23 19:59:59,074 [bic.py] => bias_correction => Task 1, Epoch 65/150 => Loss 1.456, Train_accy 71.430, Test_accy 61.570
2024-10-23 19:59:59,258 [bic.py] => bias_correction => Task 1, Epoch 66/150 => Loss 1.456, Train_accy 71.430, Test_accy 61.570
2024-10-23 19:59:59,482 [bic.py] => bias_correction => Task 1, Epoch 67/150 => Loss 1.456, Train_accy 71.430, Test_accy 61.570
2024-10-23 19:59:59,669 [bic.py] => bias_correction => Task 1, Epoch 68/150 => Loss 1.456, Train_accy 71.430, Test_accy 61.570
2024-10-23 19:59:59,960 [bic.py] => bias_correction => Task 1, Epoch 69/150 => Loss 1.456, Train_accy 71.430, Test_accy 61.570
2024-10-23 20:00:00,191 [bic.py] => bias_correction => Task 1, Epoch 70/150 => Loss 1.456, Train_accy 71.430, Test_accy 61.570
2024-10-23 20:00:00,433 [bic.py] => bias_correction => Task 1, Epoch 71/150 => Loss 1.456, Train_accy 71.430, Test_accy 61.570
2024-10-23 20:00:00,683 [bic.py] => bias_correction => Task 1, Epoch 72/150 => Loss 1.456, Train_accy 71.430, Test_accy 61.570
2024-10-23 20:00:00,885 [bic.py] => bias_correction => Task 1, Epoch 73/150 => Loss 1.456, Train_accy 71.430, Test_accy 61.570
2024-10-23 20:00:01,110 [bic.py] => bias_correction => Task 1, Epoch 74/150 => Loss 1.456, Train_accy 71.430, Test_accy 61.570
2024-10-23 20:00:01,319 [bic.py] => bias_correction => Task 1, Epoch 75/150 => Loss 1.456, Train_accy 71.430, Test_accy 61.570
2024-10-23 20:00:01,510 [bic.py] => bias_correction => Task 1, Epoch 76/150 => Loss 1.456, Train_accy 71.430, Test_accy 61.570
2024-10-23 20:00:01,692 [bic.py] => bias_correction => Task 1, Epoch 77/150 => Loss 1.456, Train_accy 71.430, Test_accy 61.570
2024-10-23 20:00:01,881 [bic.py] => bias_correction => Task 1, Epoch 78/150 => Loss 1.456, Train_accy 71.430, Test_accy 61.570
2024-10-23 20:00:02,075 [bic.py] => bias_correction => Task 1, Epoch 79/150 => Loss 1.456, Train_accy 71.430, Test_accy 61.570
2024-10-23 20:00:02,273 [bic.py] => bias_correction => Task 1, Epoch 80/150 => Loss 1.456, Train_accy 71.430, Test_accy 61.570
2024-10-23 20:00:02,456 [bic.py] => bias_correction => Task 1, Epoch 81/150 => Loss 1.456, Train_accy 71.430, Test_accy 61.570
2024-10-23 20:00:02,654 [bic.py] => bias_correction => Task 1, Epoch 82/150 => Loss 1.456, Train_accy 71.430, Test_accy 61.570
2024-10-23 20:00:02,848 [bic.py] => bias_correction => Task 1, Epoch 83/150 => Loss 1.456, Train_accy 71.430, Test_accy 61.570
2024-10-23 20:00:03,044 [bic.py] => bias_correction => Task 1, Epoch 84/150 => Loss 1.456, Train_accy 71.430, Test_accy 61.570
2024-10-23 20:00:03,234 [bic.py] => bias_correction => Task 1, Epoch 85/150 => Loss 1.456, Train_accy 71.430, Test_accy 61.570
2024-10-23 20:00:03,430 [bic.py] => bias_correction => Task 1, Epoch 86/150 => Loss 1.456, Train_accy 71.430, Test_accy 61.570
2024-10-23 20:00:03,617 [bic.py] => bias_correction => Task 1, Epoch 87/150 => Loss 1.456, Train_accy 71.430, Test_accy 61.570
2024-10-23 20:00:03,799 [bic.py] => bias_correction => Task 1, Epoch 88/150 => Loss 1.456, Train_accy 71.430, Test_accy 61.570
2024-10-23 20:00:03,983 [bic.py] => bias_correction => Task 1, Epoch 89/150 => Loss 1.456, Train_accy 71.430, Test_accy 61.570
2024-10-23 20:00:04,167 [bic.py] => bias_correction => Task 1, Epoch 90/150 => Loss 1.456, Train_accy 71.430, Test_accy 61.570
2024-10-23 20:00:04,363 [bic.py] => bias_correction => Task 1, Epoch 91/150 => Loss 1.456, Train_accy 71.430, Test_accy 61.570
2024-10-23 20:00:04,551 [bic.py] => bias_correction => Task 1, Epoch 92/150 => Loss 1.456, Train_accy 71.430, Test_accy 61.570
2024-10-23 20:00:04,785 [bic.py] => bias_correction => Task 1, Epoch 93/150 => Loss 1.456, Train_accy 71.430, Test_accy 61.570
2024-10-23 20:00:04,977 [bic.py] => bias_correction => Task 1, Epoch 94/150 => Loss 1.456, Train_accy 71.430, Test_accy 61.570
2024-10-23 20:00:05,158 [bic.py] => bias_correction => Task 1, Epoch 95/150 => Loss 1.456, Train_accy 71.430, Test_accy 61.570
2024-10-23 20:00:05,341 [bic.py] => bias_correction => Task 1, Epoch 96/150 => Loss 1.456, Train_accy 71.430, Test_accy 61.570
2024-10-23 20:00:05,532 [bic.py] => bias_correction => Task 1, Epoch 97/150 => Loss 1.456, Train_accy 71.430, Test_accy 61.570
2024-10-23 20:00:05,721 [bic.py] => bias_correction => Task 1, Epoch 98/150 => Loss 1.456, Train_accy 71.430, Test_accy 61.570
2024-10-23 20:00:05,911 [bic.py] => bias_correction => Task 1, Epoch 99/150 => Loss 1.456, Train_accy 71.430, Test_accy 61.570
2024-10-23 20:00:06,095 [bic.py] => bias_correction => Task 1, Epoch 100/150 => Loss 1.456, Train_accy 71.430, Test_accy 61.570
2024-10-23 20:00:06,095 [base.py] => Reducing exemplars...(7 per classes)
2024-10-23 20:00:07,518 [base.py] => Constructing exemplars...(7 per classes)
2024-10-23 20:00:09,180 [bic.py] => Parameters of bias layer:
2024-10-23 20:00:09,181 [bic.py] => 0 => 1.000, 0.000
2024-10-23 20:00:09,181 [bic.py] => 1 => -1.437, -0.588
2024-10-23 20:00:09,182 [trainer.py] => All params: 3847499
2024-10-23 20:00:09,649 [bic.py] => Exemplar size: 49
2024-10-23 20:00:09,650 [trainer.py] => CNN: {'total': 61.57, '00-04': 86.2, '05-06': 0.0, 'old': 86.2, 'new': 0.0}
2024-10-23 20:00:09,650 [trainer.py] => NME: {'total': 71.05, '00-04': 64.5, '05-06': 87.42, 'old': 64.5, 'new': 87.42}
2024-10-23 20:00:09,650 [trainer.py] => CNN top1 curve: [89.93, 61.57]
2024-10-23 20:00:09,650 [trainer.py] => CNN top5 curve: [100.0, 71.33]
2024-10-23 20:00:09,650 [trainer.py] => NME top1 curve: [90.0, 71.05]
2024-10-23 20:00:09,650 [trainer.py] => NME top5 curve: [100.0, 98.14]

2024-10-23 20:00:09,650 [trainer.py] => Average Accuracy (CNN): 75.75
2024-10-23 20:00:09,650 [trainer.py] => Average Accuracy (NME): 80.525
2024-10-23 20:00:09,651 [trainer.py] => All params: 3847499
2024-10-23 20:00:09,651 [trainer.py] => Trainable params: 3847499
2024-10-23 20:00:09,652 [bic.py] => Learning on 7-9
