2024-10-08 21:32:48,964 [trainer.py] => config: ./exps/finetune.json
2024-10-08 21:32:48,964 [trainer.py] => prefix: cil
2024-10-08 21:32:48,964 [trainer.py] => dataset: hrrp9
2024-10-08 21:32:48,965 [trainer.py] => memory_size: 500
2024-10-08 21:32:48,965 [trainer.py] => memory_per_class: 20
2024-10-08 21:32:48,965 [trainer.py] => fixed_memory: False
2024-10-08 21:32:48,965 [trainer.py] => shuffle: True
2024-10-08 21:32:48,965 [trainer.py] => init_cls: 5
2024-10-08 21:32:48,966 [trainer.py] => increment: 2
2024-10-08 21:32:48,966 [trainer.py] => model_name: finetune
2024-10-08 21:32:48,966 [trainer.py] => convnet_type: resnet18
2024-10-08 21:32:48,966 [trainer.py] => init_train: False
2024-10-08 21:32:48,967 [trainer.py] => convnet_path: checkpoints/init_train/resnet18_42503.pth
2024-10-08 21:32:48,967 [trainer.py] => fc_path: checkpoints/init_train/fc_42503.pth
2024-10-08 21:32:48,967 [trainer.py] => device: [device(type='cuda', index=4)]
2024-10-08 21:32:48,967 [trainer.py] => seed: 1993
2024-10-08 21:32:48,967 [trainer.py] => epochs: 50
2024-10-08 21:32:48,968 [trainer.py] => lrate: 0.1
2024-10-08 21:32:48,968 [trainer.py] => milestones: [20, 35]
2024-10-08 21:32:48,968 [trainer.py] => lrate_decay: 0.1
2024-10-08 21:32:48,968 [trainer.py] => momentum: 0.1
2024-10-08 21:32:48,969 [trainer.py] => batch_size: 128
2024-10-08 21:32:48,969 [trainer.py] => weight_decay: 0.0002
2024-10-08 21:32:48,969 [trainer.py] => num_workers: 8
2024-10-08 21:32:49,851 [data_manager.py] => [4, 2, 5, 0, 3, 6, 7, 8, 1]
2024-10-08 21:32:50,403 [trainer.py] => All params: 3843904
2024-10-08 21:32:50,404 [trainer.py] => Trainable params: 3843904
2024-10-08 21:32:50,427 [finetune.py] => Learning on 0-5
2024-10-08 21:32:50,721 [finetune.py] => init_train?---False
2024-10-08 21:32:51,670 [trainer.py] => All params: 3846469
2024-10-08 21:32:52,323 [trainer.py] => No NME accuracy.
2024-10-08 21:32:52,323 [trainer.py] => CNN: {'total': 89.93, '00-04': 89.93, 'old': 0, 'new': 89.93}
2024-10-08 21:32:52,323 [trainer.py] => CNN top1 curve: [89.93]
2024-10-08 21:32:52,324 [trainer.py] => CNN top5 curve: [100.0]

2024-10-08 21:32:52,324 [trainer.py] => Average Accuracy (CNN): 89.93
2024-10-08 21:32:52,324 [trainer.py] => All params: 3846469
2024-10-08 21:32:52,325 [trainer.py] => Trainable params: 3846469
2024-10-08 21:32:52,326 [finetune.py] => Learning on 5-7
2024-10-08 21:32:54,520 [finetune.py] => Task 1, Epoch 1/50 => Loss 0.301, Train_accy 0.28, Test_accy 61.48
2024-10-08 21:33:00,719 [finetune.py] => Task 1, Epoch 6/50 => Loss 0.009, Train_accy 22.75, Test_accy 65.36
2024-10-08 21:33:06,794 [finetune.py] => Task 1, Epoch 11/50 => Loss 0.004, Train_accy 35.62, Test_accy 67.69
2024-10-08 21:33:13,351 [finetune.py] => Task 1, Epoch 16/50 => Loss 0.002, Train_accy 43.68, Test_accy 68.40
2024-10-08 21:33:19,957 [finetune.py] => Task 1, Epoch 21/50 => Loss 0.001, Train_accy 48.60, Test_accy 69.26
2024-10-08 21:33:26,671 [finetune.py] => Task 1, Epoch 26/50 => Loss 0.001, Train_accy 48.60, Test_accy 69.81
2024-10-08 21:33:33,257 [finetune.py] => Task 1, Epoch 31/50 => Loss 0.001, Train_accy 49.35, Test_accy 69.45
2024-10-08 21:33:39,790 [finetune.py] => Task 1, Epoch 36/50 => Loss 0.002, Train_accy 49.90, Test_accy 69.98
2024-10-08 21:33:46,359 [finetune.py] => Task 1, Epoch 41/50 => Loss 0.001, Train_accy 50.20, Test_accy 69.24
2024-10-08 21:33:52,923 [finetune.py] => Task 1, Epoch 46/50 => Loss 0.001, Train_accy 49.42, Test_accy 69.36
2024-10-08 21:33:57,604 [finetune.py] => Task 1, Epoch 50/50 => Loss 0.001, Train_accy 49.45
2024-10-08 21:33:57,605 [trainer.py] => All params: 3847495
2024-10-08 21:33:58,586 [trainer.py] => No NME accuracy.
2024-10-08 21:33:58,586 [trainer.py] => CNN: {'total': 69.0, '00-04': 82.07, '05-06': 36.33, 'old': 82.07, 'new': 36.33}
2024-10-08 21:33:58,586 [trainer.py] => CNN top1 curve: [89.93, 69.0]
2024-10-08 21:33:58,586 [trainer.py] => CNN top5 curve: [100.0, 97.19]

2024-10-08 21:33:58,587 [trainer.py] => Average Accuracy (CNN): 79.465
2024-10-08 21:33:58,587 [trainer.py] => All params: 3847495
2024-10-08 21:33:58,587 [trainer.py] => Trainable params: 3847495
2024-10-08 21:33:58,589 [finetune.py] => Learning on 7-9
2024-10-08 21:34:00,688 [finetune.py] => Task 2, Epoch 1/50 => Loss 0.182, Train_accy 1.27, Test_accy 43.57
2024-10-08 21:34:07,464 [finetune.py] => Task 2, Epoch 6/50 => Loss 0.006, Train_accy 32.75, Test_accy 41.50
2024-10-08 21:34:14,228 [finetune.py] => Task 2, Epoch 11/50 => Loss 0.003, Train_accy 53.70, Test_accy 47.70
2024-10-08 21:34:20,645 [finetune.py] => Task 2, Epoch 16/50 => Loss 0.001, Train_accy 68.70, Test_accy 44.78
2024-10-08 21:34:27,222 [finetune.py] => Task 2, Epoch 21/50 => Loss 0.001, Train_accy 78.70, Test_accy 44.96
2024-10-08 21:34:34,101 [finetune.py] => Task 2, Epoch 26/50 => Loss 0.001, Train_accy 79.62, Test_accy 44.87
2024-10-08 21:34:40,885 [finetune.py] => Task 2, Epoch 31/50 => Loss 0.001, Train_accy 80.45, Test_accy 44.87
2024-10-08 21:34:47,843 [finetune.py] => Task 2, Epoch 36/50 => Loss 0.001, Train_accy 81.12, Test_accy 45.31
2024-10-08 21:34:54,600 [finetune.py] => Task 2, Epoch 41/50 => Loss 0.001, Train_accy 81.05, Test_accy 44.54
2024-10-08 21:35:01,325 [finetune.py] => Task 2, Epoch 46/50 => Loss 0.001, Train_accy 80.80, Test_accy 44.81
2024-10-08 21:35:06,025 [finetune.py] => Task 2, Epoch 50/50 => Loss 0.001, Train_accy 81.78
2024-10-08 21:35:06,026 [trainer.py] => All params: 3848521
2024-10-08 21:35:06,791 [trainer.py] => No NME accuracy.
2024-10-08 21:35:06,792 [trainer.py] => CNN: {'total': 44.78, '00-04': 48.3, '05-06': 7.83, '07-08': 72.92, 'old': 36.74, 'new': 72.92}
2024-10-08 21:35:06,792 [trainer.py] => CNN top1 curve: [89.93, 69.0, 44.78]
2024-10-08 21:35:06,792 [trainer.py] => CNN top5 curve: [100.0, 97.19, 91.02]

2024-10-08 21:35:06,792 [trainer.py] => Average Accuracy (CNN): 67.90333333333334
2024-10-08 21:35:06,793 [trainer.py] => Forgetting (CNN): 35.065000000000005
