2024-10-30 15:10:51,456 [trainer.py] => config: ./exps/POD_foster.json
2024-10-30 15:10:51,456 [trainer.py] => prefix: cil
2024-10-30 15:10:51,457 [trainer.py] => dataset: hrrp9
2024-10-30 15:10:51,457 [trainer.py] => memory_size: 500
2024-10-30 15:10:51,457 [trainer.py] => memory_per_class: 20
2024-10-30 15:10:51,457 [trainer.py] => fixed_memory: False
2024-10-30 15:10:51,457 [trainer.py] => shuffle: True
2024-10-30 15:10:51,457 [trainer.py] => init_cls: 5
2024-10-30 15:10:51,457 [trainer.py] => increment: 2
2024-10-30 15:10:51,457 [trainer.py] => model_name: POD_foster
2024-10-30 15:10:51,457 [trainer.py] => convnet_type: resnet18
2024-10-30 15:10:51,457 [trainer.py] => init_train: False
2024-10-30 15:10:51,458 [trainer.py] => convnet_path: checkpoints/init_train/resnet18_35172.pth
2024-10-30 15:10:51,458 [trainer.py] => fc_path: checkpoints/init_train/fc_35172.pth
2024-10-30 15:10:51,458 [trainer.py] => convnet_path1: checkpoints/init_train/resnet18_42503.pth
2024-10-30 15:10:51,458 [trainer.py] => fc_path1: checkpoints/init_train/fc_42503.pth
2024-10-30 15:10:51,458 [trainer.py] => convnet_path2: checkpoints/init_train/resnet18_42871.pth
2024-10-30 15:10:51,458 [trainer.py] => fc_path2: checkpoints/init_train/fc_42871.pth
2024-10-30 15:10:51,458 [trainer.py] => device: [device(type='cuda', index=3)]
2024-10-30 15:10:51,458 [trainer.py] => seed: 2001
2024-10-30 15:10:51,458 [trainer.py] => beta1: 0.96
2024-10-30 15:10:51,459 [trainer.py] => beta2: 0.97
2024-10-30 15:10:51,459 [trainer.py] => oofc: ft
2024-10-30 15:10:51,459 [trainer.py] => is_teacher_wa: True
2024-10-30 15:10:51,459 [trainer.py] => is_student_wa: False
2024-10-30 15:10:51,459 [trainer.py] => is_teacher_la: True
2024-10-30 15:10:51,459 [trainer.py] => is_student_la: True
2024-10-30 15:10:51,459 [trainer.py] => lambda_okd: 0
2024-10-30 15:10:51,459 [trainer.py] => wa_value: 1
2024-10-30 15:10:51,459 [trainer.py] => init_epochs: 0
2024-10-30 15:10:51,459 [trainer.py] => init_lr: 0.1
2024-10-30 15:10:51,460 [trainer.py] => init_weight_decay: 0.0005
2024-10-30 15:10:51,460 [trainer.py] => boosting_epochs: 150
2024-10-30 15:10:51,460 [trainer.py] => compression_epochs: 120
2024-10-30 15:10:51,460 [trainer.py] => lr: 0.1
2024-10-30 15:10:51,460 [trainer.py] => batch_size: 128
2024-10-30 15:10:51,460 [trainer.py] => weight_decay: 0.0005
2024-10-30 15:10:51,460 [trainer.py] => num_workers: 8
2024-10-30 15:10:51,460 [trainer.py] => momentum: 0.9
2024-10-30 15:10:51,460 [trainer.py] => T: 2
2024-10-30 15:10:51,460 [trainer.py] => lambda_c_base: 0.8
2024-10-30 15:10:51,460 [trainer.py] => lambda_f_base: 1.0
2024-10-30 15:10:51,461 [trainer.py] => POD: no
2024-10-30 15:10:52,263 [data_manager.py] => [3, 5, 1, 7, 2, 8, 6, 4, 0]
2024-10-30 15:10:52,320 [trainer.py] => All params: 0
2024-10-30 15:10:52,321 [trainer.py] => Trainable params: 0
2024-10-30 15:10:53,065 [pod_foster.py] => Learning on 0-5
2024-10-30 15:10:53,066 [pod_foster.py] => All params: 3849034
2024-10-30 15:10:53,066 [pod_foster.py] => Trainable params: 3849034
2024-10-30 15:10:53,346 [pod_foster.py] => Adaptive factor: 0
2024-10-30 15:10:53,368 [pod_foster.py] => init_train?---False
2024-10-30 15:10:55,338 [base.py] => Reducing exemplars...(100 per classes)
2024-10-30 15:10:55,338 [base.py] => Constructing exemplars...(100 per classes)
2024-10-30 15:11:08,522 [trainer.py] => All params: 3849034
2024-10-30 15:11:11,463 [pod_foster.py] => Exemplar size: 500
2024-10-30 15:11:11,464 [trainer.py] => CNN: {'total': 90.13, '00-04': 90.13, 'old': 0, 'new': 90.13}
2024-10-30 15:11:11,464 [trainer.py] => NME: {'total': 89.53, '00-04': 89.53, 'old': 0, 'new': 89.53}
2024-10-30 15:11:11,465 [trainer.py] => CNN top1 curve: [90.13]
2024-10-30 15:11:11,465 [trainer.py] => CNN top5 curve: [100.0]
2024-10-30 15:11:11,465 [trainer.py] => NME top1 curve: [89.53]
2024-10-30 15:11:11,466 [trainer.py] => NME top5 curve: [100.0]

2024-10-30 15:11:11,466 [trainer.py] => Average Accuracy (CNN): 90.13
2024-10-30 15:11:11,466 [trainer.py] => Average Accuracy (NME): 89.53
2024-10-30 15:11:11,467 [trainer.py] => All params: 3849034
2024-10-30 15:11:11,468 [trainer.py] => Trainable params: 3849034
2024-10-30 15:11:11,521 [pod_foster.py] => Learning on 5-7
2024-10-30 15:11:11,522 [pod_foster.py] => All params: 7701139
2024-10-30 15:11:11,523 [pod_foster.py] => Trainable params: 3854670
2024-10-30 15:11:11,637 [pod_foster.py] => Adaptive factor: 1.8708286933869707
2024-10-30 15:11:11,657 [pod_foster.py] => per cls weights : [1.00484344 1.00484344 1.00484344 1.00484344 1.00484344 0.98789141
 0.98789141]
2024-10-30 15:11:18,000 [pod_foster.py] => Task 1, Epoch 1/150 => Loss 1.955, Loss_clf 0.598, Loss_fe 0.657, Loss_pod 0.434, Loss_flat 0.266, Train_accy 82.07, Test_accy 77.83
2024-10-30 15:11:34,602 [pod_foster.py] => Task 1, Epoch 6/150 => Loss 0.380, Loss_clf 0.014, Loss_fe 0.029, Loss_pod 0.254, Loss_flat 0.083, Train_accy 99.98, Test_accy 77.64
2024-10-30 15:11:50,143 [pod_foster.py] => Task 1, Epoch 11/150 => Loss 0.287, Loss_clf 0.011, Loss_fe 0.015, Loss_pod 0.206, Loss_flat 0.055, Train_accy 100.00, Test_accy 74.00
2024-10-30 15:12:04,385 [pod_foster.py] => Task 1, Epoch 16/150 => Loss 0.251, Loss_clf 0.009, Loss_fe 0.012, Loss_pod 0.182, Loss_flat 0.048, Train_accy 100.00, Test_accy 71.69
2024-10-30 15:12:15,033 [pod_foster.py] => Task 1, Epoch 21/150 => Loss 0.893, Loss_clf 0.079, Loss_fe 0.185, Loss_pod 0.447, Loss_flat 0.182, Train_accy 97.47, Test_accy 72.05
2024-10-30 15:12:25,287 [pod_foster.py] => Task 1, Epoch 26/150 => Loss 0.461, Loss_clf 0.012, Loss_fe 0.023, Loss_pod 0.322, Loss_flat 0.105, Train_accy 100.00, Test_accy 80.33
2024-10-30 15:12:36,432 [pod_foster.py] => Task 1, Epoch 31/150 => Loss 0.291, Loss_clf 0.010, Loss_fe 0.011, Loss_pod 0.213, Loss_flat 0.057, Train_accy 100.00, Test_accy 77.29
2024-10-30 15:12:46,692 [pod_foster.py] => Task 1, Epoch 36/150 => Loss 0.258, Loss_clf 0.008, Loss_fe 0.009, Loss_pod 0.196, Loss_flat 0.045, Train_accy 100.00, Test_accy 75.98
2024-10-30 15:12:57,228 [pod_foster.py] => Task 1, Epoch 41/150 => Loss 0.238, Loss_clf 0.007, Loss_fe 0.009, Loss_pod 0.182, Loss_flat 0.039, Train_accy 100.00, Test_accy 77.62
2024-10-30 15:13:07,789 [pod_foster.py] => Task 1, Epoch 46/150 => Loss 0.253, Loss_clf 0.008, Loss_fe 0.009, Loss_pod 0.191, Loss_flat 0.044, Train_accy 100.00, Test_accy 75.93
2024-10-30 15:13:18,347 [pod_foster.py] => Task 1, Epoch 51/150 => Loss 0.216, Loss_clf 0.007, Loss_fe 0.008, Loss_pod 0.164, Loss_flat 0.037, Train_accy 100.00, Test_accy 76.86
2024-10-30 15:13:29,869 [pod_foster.py] => Task 1, Epoch 56/150 => Loss 0.211, Loss_clf 0.007, Loss_fe 0.008, Loss_pod 0.160, Loss_flat 0.036, Train_accy 100.00, Test_accy 77.33
2024-10-30 15:13:45,263 [pod_foster.py] => Task 1, Epoch 61/150 => Loss 0.224, Loss_clf 0.008, Loss_fe 0.009, Loss_pod 0.167, Loss_flat 0.040, Train_accy 100.00, Test_accy 77.88
2024-10-30 15:14:00,539 [pod_foster.py] => Task 1, Epoch 66/150 => Loss 0.189, Loss_clf 0.007, Loss_fe 0.008, Loss_pod 0.139, Loss_flat 0.034, Train_accy 100.00, Test_accy 77.26
2024-10-30 15:14:15,549 [pod_foster.py] => Task 1, Epoch 71/150 => Loss 0.196, Loss_clf 0.007, Loss_fe 0.008, Loss_pod 0.148, Loss_flat 0.033, Train_accy 100.00, Test_accy 76.60
2024-10-30 15:14:30,814 [pod_foster.py] => Task 1, Epoch 76/150 => Loss 0.187, Loss_clf 0.007, Loss_fe 0.008, Loss_pod 0.139, Loss_flat 0.034, Train_accy 100.00, Test_accy 72.31
2024-10-30 15:14:48,586 [pod_foster.py] => Task 1, Epoch 81/150 => Loss 0.179, Loss_clf 0.007, Loss_fe 0.008, Loss_pod 0.132, Loss_flat 0.032, Train_accy 100.00, Test_accy 71.55
2024-10-30 15:15:04,300 [pod_foster.py] => Task 1, Epoch 86/150 => Loss 0.180, Loss_clf 0.006, Loss_fe 0.008, Loss_pod 0.133, Loss_flat 0.033, Train_accy 100.00, Test_accy 70.52
2024-10-30 15:15:18,576 [pod_foster.py] => Task 1, Epoch 91/150 => Loss 0.171, Loss_clf 0.007, Loss_fe 0.008, Loss_pod 0.126, Loss_flat 0.031, Train_accy 100.00, Test_accy 76.79
2024-10-30 15:15:28,400 [pod_foster.py] => Task 1, Epoch 96/150 => Loss 0.186, Loss_clf 0.007, Loss_fe 0.009, Loss_pod 0.133, Loss_flat 0.036, Train_accy 100.00, Test_accy 74.98
2024-10-30 15:15:38,893 [pod_foster.py] => Task 1, Epoch 101/150 => Loss 0.162, Loss_clf 0.007, Loss_fe 0.008, Loss_pod 0.117, Loss_flat 0.031, Train_accy 100.00, Test_accy 76.71
2024-10-30 15:15:49,643 [pod_foster.py] => Task 1, Epoch 106/150 => Loss 0.156, Loss_clf 0.006, Loss_fe 0.008, Loss_pod 0.111, Loss_flat 0.030, Train_accy 100.00, Test_accy 76.79
2024-10-30 15:16:00,290 [pod_foster.py] => Task 1, Epoch 111/150 => Loss 0.147, Loss_clf 0.007, Loss_fe 0.008, Loss_pod 0.103, Loss_flat 0.030, Train_accy 100.00, Test_accy 75.90
2024-10-30 15:16:10,935 [pod_foster.py] => Task 1, Epoch 116/150 => Loss 0.143, Loss_clf 0.007, Loss_fe 0.008, Loss_pod 0.098, Loss_flat 0.029, Train_accy 100.00, Test_accy 76.64
2024-10-30 15:16:21,688 [pod_foster.py] => Task 1, Epoch 121/150 => Loss 0.142, Loss_clf 0.007, Loss_fe 0.008, Loss_pod 0.099, Loss_flat 0.029, Train_accy 100.00, Test_accy 75.83
2024-10-30 15:16:32,255 [pod_foster.py] => Task 1, Epoch 126/150 => Loss 0.143, Loss_clf 0.007, Loss_fe 0.008, Loss_pod 0.100, Loss_flat 0.029, Train_accy 100.00, Test_accy 75.83
2024-10-30 15:16:46,052 [pod_foster.py] => Task 1, Epoch 131/150 => Loss 0.134, Loss_clf 0.006, Loss_fe 0.007, Loss_pod 0.090, Loss_flat 0.030, Train_accy 100.00, Test_accy 74.74
2024-10-30 15:17:01,572 [pod_foster.py] => Task 1, Epoch 136/150 => Loss 0.128, Loss_clf 0.006, Loss_fe 0.007, Loss_pod 0.086, Loss_flat 0.028, Train_accy 100.00, Test_accy 75.74
2024-10-30 15:17:18,291 [pod_foster.py] => Task 1, Epoch 141/150 => Loss 0.131, Loss_clf 0.007, Loss_fe 0.008, Loss_pod 0.088, Loss_flat 0.028, Train_accy 100.00, Test_accy 75.88
2024-10-30 15:17:34,064 [pod_foster.py] => Task 1, Epoch 146/150 => Loss 0.131, Loss_clf 0.007, Loss_fe 0.008, Loss_pod 0.088, Loss_flat 0.029, Train_accy 100.00, Test_accy 75.83
2024-10-30 15:17:46,263 [pod_foster.py] => Task 1, Epoch 150/150 => Loss 0.128, Loss_clf 0.006, Loss_fe 0.008, Loss_pod 0.086, Loss_flat 0.028, Train_accy 100.00
2024-10-30 15:17:46,265 [inc_net.py] => align weights, gamma = 0.43723347783088684 
2024-10-30 15:17:46,267 [pod_foster.py] => per cls weights : [1.01377356 1.01377356 1.01377356 1.01377356 1.01377356 0.96556609
 0.96556609]
2024-10-30 15:17:50,054 [pod_foster.py] => SNet: Task 1, Epoch 1/120 => Loss 1.433,  Train_accy 65.60, Test_accy 71.05
2024-10-30 15:18:07,124 [pod_foster.py] => SNet: Task 1, Epoch 6/120 => Loss 1.228,  Train_accy 92.00, Test_accy 80.62
2024-10-30 15:18:22,994 [pod_foster.py] => SNet: Task 1, Epoch 11/120 => Loss 1.223,  Train_accy 92.76, Test_accy 80.69
2024-10-30 15:18:34,493 [pod_foster.py] => SNet: Task 1, Epoch 16/120 => Loss 1.217,  Train_accy 92.96, Test_accy 81.50
2024-10-30 15:18:43,905 [pod_foster.py] => SNet: Task 1, Epoch 21/120 => Loss 1.219,  Train_accy 92.58, Test_accy 81.79
2024-10-30 15:18:53,555 [pod_foster.py] => SNet: Task 1, Epoch 26/120 => Loss 1.216,  Train_accy 92.67, Test_accy 81.67
2024-10-30 15:19:03,123 [pod_foster.py] => SNet: Task 1, Epoch 31/120 => Loss 1.218,  Train_accy 93.27, Test_accy 81.74
2024-10-30 15:19:12,687 [pod_foster.py] => SNet: Task 1, Epoch 36/120 => Loss 1.217,  Train_accy 93.27, Test_accy 82.52
2024-10-30 15:19:22,081 [pod_foster.py] => SNet: Task 1, Epoch 41/120 => Loss 1.215,  Train_accy 93.36, Test_accy 82.26
2024-10-30 15:19:32,993 [pod_foster.py] => SNet: Task 1, Epoch 46/120 => Loss 1.213,  Train_accy 93.56, Test_accy 82.60
2024-10-30 15:19:46,601 [pod_foster.py] => SNet: Task 1, Epoch 51/120 => Loss 1.214,  Train_accy 93.51, Test_accy 83.21
2024-10-30 15:20:01,412 [pod_foster.py] => SNet: Task 1, Epoch 56/120 => Loss 1.211,  Train_accy 93.64, Test_accy 82.14
2024-10-30 15:20:15,922 [pod_foster.py] => SNet: Task 1, Epoch 61/120 => Loss 1.212,  Train_accy 93.51, Test_accy 83.36
2024-10-30 15:20:29,993 [pod_foster.py] => SNet: Task 1, Epoch 66/120 => Loss 1.216,  Train_accy 93.53, Test_accy 82.69
2024-10-30 15:20:44,950 [pod_foster.py] => SNet: Task 1, Epoch 71/120 => Loss 1.216,  Train_accy 93.38, Test_accy 83.21
2024-10-30 15:20:57,875 [pod_foster.py] => SNet: Task 1, Epoch 76/120 => Loss 1.212,  Train_accy 93.40, Test_accy 83.45
2024-10-30 15:21:08,990 [pod_foster.py] => SNet: Task 1, Epoch 81/120 => Loss 1.213,  Train_accy 93.44, Test_accy 83.10
2024-10-30 15:21:18,205 [pod_foster.py] => SNet: Task 1, Epoch 86/120 => Loss 1.213,  Train_accy 93.58, Test_accy 83.21
2024-10-30 15:21:27,195 [pod_foster.py] => SNet: Task 1, Epoch 91/120 => Loss 1.214,  Train_accy 93.82, Test_accy 83.40
2024-10-30 15:21:36,284 [pod_foster.py] => SNet: Task 1, Epoch 96/120 => Loss 1.213,  Train_accy 93.69, Test_accy 83.38
2024-10-30 15:21:45,420 [pod_foster.py] => SNet: Task 1, Epoch 101/120 => Loss 1.211,  Train_accy 93.58, Test_accy 83.40
2024-10-30 15:21:54,588 [pod_foster.py] => SNet: Task 1, Epoch 106/120 => Loss 1.212,  Train_accy 93.76, Test_accy 83.40
2024-10-30 15:22:07,301 [pod_foster.py] => SNet: Task 1, Epoch 111/120 => Loss 1.214,  Train_accy 93.33, Test_accy 83.57
2024-10-30 15:22:19,728 [pod_foster.py] => SNet: Task 1, Epoch 116/120 => Loss 1.211,  Train_accy 93.44, Test_accy 83.64
2024-10-30 15:22:29,224 [pod_foster.py] => SNet: Task 1, Epoch 120/120 => Loss 1.211,  Train_accy 93.62
2024-10-30 15:22:29,225 [pod_foster.py] => do not weight align student!
2024-10-30 15:22:30,097 [pod_foster.py] => darknet eval: 
2024-10-30 15:22:30,098 [pod_foster.py] => CNN top1 curve: 83.38
2024-10-30 15:22:30,098 [pod_foster.py] => CNN top5 curve: 99.48
2024-10-30 15:22:30,098 [pod_foster.py] => CNN: {'total': 83.38, '00-04': 82.77, '05-06': 84.92, 'old': 82.77, 'new': 84.92}
2024-10-30 15:22:30,100 [pod_foster.py] => All params after compression: 3851086
2024-10-30 15:22:30,100 [base.py] => Reducing exemplars...(71 per classes)
2024-10-30 15:22:32,517 [base.py] => Constructing exemplars...(71 per classes)
2024-10-30 15:22:37,200 [trainer.py] => All params: 7701139
2024-10-30 15:22:40,953 [pod_foster.py] => Exemplar size: 497
2024-10-30 15:22:40,965 [trainer.py] => CNN: {'total': 83.81, '00-04': 85.63, '05-06': 79.25, 'old': 85.63, 'new': 79.25}
2024-10-30 15:22:40,965 [trainer.py] => NME: {'total': 76.55, '00-04': 83.6, '05-06': 58.92, 'old': 83.6, 'new': 58.92}
2024-10-30 15:22:40,965 [trainer.py] => CNN top1 curve: [90.13, 83.81]
2024-10-30 15:22:40,965 [trainer.py] => CNN top5 curve: [100.0, 99.55]
2024-10-30 15:22:40,965 [trainer.py] => NME top1 curve: [89.53, 76.55]
2024-10-30 15:22:40,965 [trainer.py] => NME top5 curve: [100.0, 99.69]

2024-10-30 15:22:40,965 [trainer.py] => Average Accuracy (CNN): 86.97
2024-10-30 15:22:40,965 [trainer.py] => Average Accuracy (NME): 83.03999999999999
2024-10-30 15:22:40,966 [trainer.py] => All params: 7701139
2024-10-30 15:22:40,967 [trainer.py] => Trainable params: 3854670
2024-10-30 15:22:41,133 [pod_foster.py] => Learning on 7-9
2024-10-30 15:22:41,135 [pod_foster.py] => All params: 7705241
2024-10-30 15:22:41,144 [pod_foster.py] => Trainable params: 3857746
2024-10-30 15:22:41,270 [pod_foster.py] => Adaptive factor: 2.1213203435596424
2024-10-30 15:22:41,273 [pod_foster.py] => per cls weights : [1.01239929 1.01239929 1.01239929 1.01239929 1.01239929 1.01239929
 1.01239929 0.95660248 0.95660248]
2024-10-30 15:22:45,682 [pod_foster.py] => Task 2, Epoch 1/150 => Loss 2.145, Loss_clf 0.720, Loss_fe 0.751, Loss_pod 0.443, Loss_flat 0.231, Train_accy 81.94, Test_accy 33.30
2024-10-30 15:22:59,608 [pod_foster.py] => Task 2, Epoch 6/150 => Loss 0.489, Loss_clf 0.019, Loss_fe 0.052, Loss_pod 0.323, Loss_flat 0.096, Train_accy 99.93, Test_accy 60.63
2024-10-30 15:23:13,603 [pod_foster.py] => Task 2, Epoch 11/150 => Loss 0.306, Loss_clf 0.012, Loss_fe 0.018, Loss_pod 0.219, Loss_flat 0.057, Train_accy 100.00, Test_accy 67.91
2024-10-30 15:23:26,371 [pod_foster.py] => Task 2, Epoch 16/150 => Loss 0.338, Loss_clf 0.016, Loss_fe 0.023, Loss_pod 0.235, Loss_flat 0.064, Train_accy 99.87, Test_accy 71.13
2024-10-30 15:23:37,577 [pod_foster.py] => Task 2, Epoch 21/150 => Loss 0.258, Loss_clf 0.009, Loss_fe 0.011, Loss_pod 0.195, Loss_flat 0.043, Train_accy 100.00, Test_accy 60.17
2024-10-30 15:23:47,928 [pod_foster.py] => Task 2, Epoch 26/150 => Loss 1.072, Loss_clf 0.124, Loss_fe 0.253, Loss_pod 0.523, Loss_flat 0.173, Train_accy 96.00, Test_accy 44.91
2024-10-30 15:23:58,528 [pod_foster.py] => Task 2, Epoch 31/150 => Loss 0.395, Loss_clf 0.011, Loss_fe 0.015, Loss_pod 0.296, Loss_flat 0.072, Train_accy 99.93, Test_accy 61.78
2024-10-30 15:24:08,912 [pod_foster.py] => Task 2, Epoch 36/150 => Loss 0.303, Loss_clf 0.008, Loss_fe 0.010, Loss_pod 0.238, Loss_flat 0.047, Train_accy 100.00, Test_accy 60.67
2024-10-30 15:24:19,528 [pod_foster.py] => Task 2, Epoch 41/150 => Loss 0.333, Loss_clf 0.009, Loss_fe 0.011, Loss_pod 0.256, Loss_flat 0.057, Train_accy 100.00, Test_accy 66.74
2024-10-30 15:24:33,598 [pod_foster.py] => Task 2, Epoch 46/150 => Loss 0.272, Loss_clf 0.008, Loss_fe 0.009, Loss_pod 0.215, Loss_flat 0.040, Train_accy 100.00, Test_accy 63.07
2024-10-30 15:24:47,837 [pod_foster.py] => Task 2, Epoch 51/150 => Loss 0.247, Loss_clf 0.008, Loss_fe 0.009, Loss_pod 0.193, Loss_flat 0.037, Train_accy 100.00, Test_accy 59.35
2024-10-30 15:25:01,500 [pod_foster.py] => Task 2, Epoch 56/150 => Loss 0.234, Loss_clf 0.008, Loss_fe 0.009, Loss_pod 0.182, Loss_flat 0.035, Train_accy 100.00, Test_accy 59.44
2024-10-30 15:25:17,148 [pod_foster.py] => Task 2, Epoch 61/150 => Loss 0.239, Loss_clf 0.008, Loss_fe 0.009, Loss_pod 0.185, Loss_flat 0.038, Train_accy 100.00, Test_accy 56.04
2024-10-30 15:25:32,971 [pod_foster.py] => Task 2, Epoch 66/150 => Loss 0.250, Loss_clf 0.009, Loss_fe 0.011, Loss_pod 0.188, Loss_flat 0.043, Train_accy 100.00, Test_accy 63.09
2024-10-30 15:25:47,599 [pod_foster.py] => Task 2, Epoch 71/150 => Loss 0.223, Loss_clf 0.008, Loss_fe 0.009, Loss_pod 0.166, Loss_flat 0.040, Train_accy 100.00, Test_accy 60.44
2024-10-30 15:26:00,216 [pod_foster.py] => Task 2, Epoch 76/150 => Loss 0.204, Loss_clf 0.007, Loss_fe 0.009, Loss_pod 0.154, Loss_flat 0.033, Train_accy 100.00, Test_accy 63.69
2024-10-30 15:26:10,408 [pod_foster.py] => Task 2, Epoch 81/150 => Loss 0.229, Loss_clf 0.009, Loss_fe 0.011, Loss_pod 0.169, Loss_flat 0.041, Train_accy 99.96, Test_accy 59.35
2024-10-30 15:26:20,779 [pod_foster.py] => Task 2, Epoch 86/150 => Loss 0.204, Loss_clf 0.007, Loss_fe 0.008, Loss_pod 0.156, Loss_flat 0.033, Train_accy 100.00, Test_accy 59.33
2024-10-30 15:26:31,228 [pod_foster.py] => Task 2, Epoch 91/150 => Loss 0.187, Loss_clf 0.007, Loss_fe 0.008, Loss_pod 0.140, Loss_flat 0.032, Train_accy 100.00, Test_accy 60.85
2024-10-30 15:26:41,753 [pod_foster.py] => Task 2, Epoch 96/150 => Loss 0.184, Loss_clf 0.007, Loss_fe 0.008, Loss_pod 0.138, Loss_flat 0.031, Train_accy 100.00, Test_accy 61.50
2024-10-30 15:26:54,946 [pod_foster.py] => Task 2, Epoch 101/150 => Loss 0.176, Loss_clf 0.007, Loss_fe 0.008, Loss_pod 0.131, Loss_flat 0.031, Train_accy 100.00, Test_accy 59.30
2024-10-30 15:27:08,293 [pod_foster.py] => Task 2, Epoch 106/150 => Loss 0.181, Loss_clf 0.008, Loss_fe 0.009, Loss_pod 0.134, Loss_flat 0.031, Train_accy 100.00, Test_accy 58.93
2024-10-30 15:27:22,636 [pod_foster.py] => Task 2, Epoch 111/150 => Loss 0.168, Loss_clf 0.007, Loss_fe 0.009, Loss_pod 0.122, Loss_flat 0.030, Train_accy 100.00, Test_accy 60.69
2024-10-30 15:27:37,295 [pod_foster.py] => Task 2, Epoch 116/150 => Loss 0.168, Loss_clf 0.008, Loss_fe 0.009, Loss_pod 0.122, Loss_flat 0.030, Train_accy 100.00, Test_accy 60.91
2024-10-30 15:27:54,116 [pod_foster.py] => Task 2, Epoch 121/150 => Loss 0.162, Loss_clf 0.007, Loss_fe 0.008, Loss_pod 0.118, Loss_flat 0.030, Train_accy 100.00, Test_accy 61.65
2024-10-30 15:28:08,724 [pod_foster.py] => Task 2, Epoch 126/150 => Loss 0.152, Loss_clf 0.007, Loss_fe 0.007, Loss_pod 0.109, Loss_flat 0.029, Train_accy 100.00, Test_accy 62.22
2024-10-30 15:28:22,021 [pod_foster.py] => Task 2, Epoch 131/150 => Loss 0.153, Loss_clf 0.007, Loss_fe 0.008, Loss_pod 0.108, Loss_flat 0.030, Train_accy 100.00, Test_accy 59.15
2024-10-30 15:28:32,467 [pod_foster.py] => Task 2, Epoch 136/150 => Loss 0.150, Loss_clf 0.006, Loss_fe 0.007, Loss_pod 0.107, Loss_flat 0.029, Train_accy 100.00, Test_accy 61.89
2024-10-30 15:28:43,114 [pod_foster.py] => Task 2, Epoch 141/150 => Loss 0.145, Loss_clf 0.006, Loss_fe 0.007, Loss_pod 0.103, Loss_flat 0.028, Train_accy 100.00, Test_accy 61.52
2024-10-30 15:28:53,929 [pod_foster.py] => Task 2, Epoch 146/150 => Loss 0.145, Loss_clf 0.007, Loss_fe 0.008, Loss_pod 0.103, Loss_flat 0.028, Train_accy 100.00, Test_accy 58.57
2024-10-30 15:29:01,739 [pod_foster.py] => Task 2, Epoch 150/150 => Loss 0.144, Loss_clf 0.006, Loss_fe 0.008, Loss_pod 0.101, Loss_flat 0.029, Train_accy 100.00
2024-10-30 15:29:01,740 [inc_net.py] => align weights, gamma = 0.4388532042503357 
2024-10-30 15:29:01,742 [pod_foster.py] => per cls weights : [1.02623168 1.02623168 1.02623168 1.02623168 1.02623168 1.02623168
 1.02623168 0.90818914 0.90818914]
2024-10-30 15:29:04,494 [pod_foster.py] => SNet: Task 2, Epoch 1/120 => Loss 1.713,  Train_accy 67.93, Test_accy 66.83
2024-10-30 15:29:14,002 [pod_foster.py] => SNet: Task 2, Epoch 6/120 => Loss 1.542,  Train_accy 94.04, Test_accy 74.85
2024-10-30 15:29:26,522 [pod_foster.py] => SNet: Task 2, Epoch 11/120 => Loss 1.545,  Train_accy 94.93, Test_accy 76.26
2024-10-30 15:29:39,653 [pod_foster.py] => SNet: Task 2, Epoch 16/120 => Loss 1.538,  Train_accy 95.73, Test_accy 77.04
2024-10-30 15:29:54,315 [pod_foster.py] => SNet: Task 2, Epoch 21/120 => Loss 1.539,  Train_accy 95.77, Test_accy 76.76
2024-10-30 15:30:10,701 [pod_foster.py] => SNet: Task 2, Epoch 26/120 => Loss 1.539,  Train_accy 96.06, Test_accy 76.94
2024-10-30 15:30:24,794 [pod_foster.py] => SNet: Task 2, Epoch 31/120 => Loss 1.538,  Train_accy 95.71, Test_accy 77.35
2024-10-30 15:30:39,174 [pod_foster.py] => SNet: Task 2, Epoch 36/120 => Loss 1.538,  Train_accy 95.89, Test_accy 76.91
2024-10-30 15:30:52,436 [pod_foster.py] => SNet: Task 2, Epoch 41/120 => Loss 1.535,  Train_accy 95.89, Test_accy 77.44
2024-10-30 15:31:01,790 [pod_foster.py] => SNet: Task 2, Epoch 46/120 => Loss 1.535,  Train_accy 96.00, Test_accy 77.09
2024-10-30 15:31:11,141 [pod_foster.py] => SNet: Task 2, Epoch 51/120 => Loss 1.535,  Train_accy 95.89, Test_accy 77.56
2024-10-30 15:31:20,504 [pod_foster.py] => SNet: Task 2, Epoch 56/120 => Loss 1.537,  Train_accy 96.11, Test_accy 77.78
2024-10-30 15:31:29,629 [pod_foster.py] => SNet: Task 2, Epoch 61/120 => Loss 1.537,  Train_accy 96.24, Test_accy 77.54
2024-10-30 15:31:39,160 [pod_foster.py] => SNet: Task 2, Epoch 66/120 => Loss 1.533,  Train_accy 96.22, Test_accy 77.41
2024-10-30 15:31:50,048 [pod_foster.py] => SNet: Task 2, Epoch 71/120 => Loss 1.535,  Train_accy 96.33, Test_accy 77.67
2024-10-30 15:32:04,323 [pod_foster.py] => SNet: Task 2, Epoch 76/120 => Loss 1.536,  Train_accy 96.18, Test_accy 77.48
2024-10-30 15:32:17,931 [pod_foster.py] => SNet: Task 2, Epoch 81/120 => Loss 1.538,  Train_accy 96.11, Test_accy 77.74
2024-10-30 15:32:31,739 [pod_foster.py] => SNet: Task 2, Epoch 86/120 => Loss 1.530,  Train_accy 96.55, Test_accy 77.17
2024-10-30 15:32:47,359 [pod_foster.py] => SNet: Task 2, Epoch 91/120 => Loss 1.534,  Train_accy 96.40, Test_accy 77.76
2024-10-30 15:33:02,053 [pod_foster.py] => SNet: Task 2, Epoch 96/120 => Loss 1.530,  Train_accy 96.51, Test_accy 77.43
2024-10-30 15:33:14,613 [pod_foster.py] => SNet: Task 2, Epoch 101/120 => Loss 1.530,  Train_accy 96.46, Test_accy 77.80
2024-10-30 15:33:25,235 [pod_foster.py] => SNet: Task 2, Epoch 106/120 => Loss 1.535,  Train_accy 96.42, Test_accy 77.56
2024-10-30 15:33:33,347 [pod_foster.py] => SNet: Task 2, Epoch 111/120 => Loss 1.535,  Train_accy 96.35, Test_accy 77.85
2024-10-30 15:33:41,751 [pod_foster.py] => SNet: Task 2, Epoch 116/120 => Loss 1.536,  Train_accy 96.29, Test_accy 77.96
2024-10-30 15:33:48,382 [pod_foster.py] => SNet: Task 2, Epoch 120/120 => Loss 1.534,  Train_accy 96.29
2024-10-30 15:33:48,382 [pod_foster.py] => do not weight align student!
2024-10-30 15:33:49,190 [pod_foster.py] => darknet eval: 
2024-10-30 15:33:49,191 [pod_foster.py] => CNN top1 curve: 77.69
2024-10-30 15:33:49,191 [pod_foster.py] => CNN top5 curve: 97.63
2024-10-30 15:33:49,191 [pod_foster.py] => CNN: {'total': 77.69, '00-04': 78.03, '05-06': 75.58, '07-08': 78.92, 'old': 77.33, 'new': 78.92}
2024-10-30 15:33:49,193 [pod_foster.py] => All params after compression: 3853138
2024-10-30 15:33:49,193 [base.py] => Reducing exemplars...(55 per classes)
2024-10-30 15:33:50,790 [base.py] => Constructing exemplars...(55 per classes)
2024-10-30 15:33:54,246 [trainer.py] => All params: 7705241
2024-10-30 15:33:56,613 [pod_foster.py] => Exemplar size: 495
2024-10-30 15:33:56,613 [trainer.py] => CNN: {'total': 78.74, '00-04': 77.73, '05-06': 80.25, '07-08': 79.75, 'old': 78.45, 'new': 79.75}
2024-10-30 15:33:56,613 [trainer.py] => NME: {'total': 68.41, '00-04': 76.93, '05-06': 60.08, '07-08': 55.42, 'old': 72.12, 'new': 55.42}
2024-10-30 15:33:56,613 [trainer.py] => CNN top1 curve: [90.13, 83.81, 78.74]
2024-10-30 15:33:56,614 [trainer.py] => CNN top5 curve: [100.0, 99.55, 97.56]
2024-10-30 15:33:56,614 [trainer.py] => NME top1 curve: [89.53, 76.55, 68.41]
2024-10-30 15:33:56,614 [trainer.py] => NME top5 curve: [100.0, 99.69, 97.3]

2024-10-30 15:33:56,614 [trainer.py] => Average Accuracy (CNN): 84.22666666666667
2024-10-30 15:33:56,614 [trainer.py] => Average Accuracy (NME): 78.16333333333333
2024-10-30 15:33:56,615 [trainer.py] => Forgetting (CNN): 6.199999999999996
