2024-10-30 21:00:33,687 [trainer.py] => config: ./exps/POD_foster.json
2024-10-30 21:00:33,687 [trainer.py] => prefix: cil
2024-10-30 21:00:33,687 [trainer.py] => dataset: hrrp9
2024-10-30 21:00:33,688 [trainer.py] => memory_size: 500
2024-10-30 21:00:33,688 [trainer.py] => memory_per_class: 20
2024-10-30 21:00:33,688 [trainer.py] => fixed_memory: False
2024-10-30 21:00:33,692 [trainer.py] => shuffle: True
2024-10-30 21:00:33,693 [trainer.py] => init_cls: 5
2024-10-30 21:00:33,693 [trainer.py] => increment: 2
2024-10-30 21:00:33,693 [trainer.py] => model_name: POD_foster
2024-10-30 21:00:33,693 [trainer.py] => convnet_type: resnet18
2024-10-30 21:00:33,694 [trainer.py] => init_train: False
2024-10-30 21:00:33,694 [trainer.py] => convnet_path: checkpoints/init_train/resnet18_35172.pth
2024-10-30 21:00:33,694 [trainer.py] => fc_path: checkpoints/init_train/fc_35172.pth
2024-10-30 21:00:33,695 [trainer.py] => convnet_path1: checkpoints/init_train/resnet18_42503.pth
2024-10-30 21:00:33,695 [trainer.py] => fc_path1: checkpoints/init_train/fc_42503.pth
2024-10-30 21:00:33,695 [trainer.py] => convnet_path2: checkpoints/init_train/resnet18_42871.pth
2024-10-30 21:00:33,696 [trainer.py] => fc_path2: checkpoints/init_train/fc_42871.pth
2024-10-30 21:00:33,696 [trainer.py] => device: [device(type='cuda', index=2)]
2024-10-30 21:00:33,696 [trainer.py] => seed: 2001
2024-10-30 21:00:33,697 [trainer.py] => beta1: 0.96
2024-10-30 21:00:33,697 [trainer.py] => beta2: 0.97
2024-10-30 21:00:33,697 [trainer.py] => oofc: ft
2024-10-30 21:00:33,698 [trainer.py] => is_teacher_wa: True
2024-10-30 21:00:33,698 [trainer.py] => is_student_wa: False
2024-10-30 21:00:33,698 [trainer.py] => is_teacher_la: False
2024-10-30 21:00:33,699 [trainer.py] => is_student_la: True
2024-10-30 21:00:33,699 [trainer.py] => lambda_okd: 0
2024-10-30 21:00:33,699 [trainer.py] => wa_value: 1
2024-10-30 21:00:33,700 [trainer.py] => init_epochs: 0
2024-10-30 21:00:33,700 [trainer.py] => init_lr: 0.1
2024-10-30 21:00:33,700 [trainer.py] => init_weight_decay: 0.0005
2024-10-30 21:00:33,701 [trainer.py] => boosting_epochs: 150
2024-10-30 21:00:33,701 [trainer.py] => compression_epochs: 120
2024-10-30 21:00:33,701 [trainer.py] => lr: 0.1
2024-10-30 21:00:33,702 [trainer.py] => batch_size: 128
2024-10-30 21:00:33,702 [trainer.py] => weight_decay: 0.0005
2024-10-30 21:00:33,702 [trainer.py] => num_workers: 8
2024-10-30 21:00:33,703 [trainer.py] => momentum: 0.9
2024-10-30 21:00:33,703 [trainer.py] => T: 2
2024-10-30 21:00:33,703 [trainer.py] => lambda_c_base: 0.7
2024-10-30 21:00:33,704 [trainer.py] => lambda_f_base: 1.0
2024-10-30 21:00:33,704 [trainer.py] => POD: w
2024-10-30 21:00:35,030 [data_manager.py] => [3, 5, 1, 7, 2, 8, 6, 4, 0]
2024-10-30 21:00:35,113 [trainer.py] => All params: 0
2024-10-30 21:00:35,113 [trainer.py] => Trainable params: 0
2024-10-30 21:00:36,027 [pod_foster.py] => Learning on 0-5
2024-10-30 21:00:36,037 [pod_foster.py] => All params: 3849034
2024-10-30 21:00:36,039 [pod_foster.py] => Trainable params: 3849034
2024-10-30 21:00:36,248 [pod_foster.py] => Adaptive factor: 0
2024-10-30 21:00:36,720 [pod_foster.py] => init_train?---False
2024-10-30 21:00:38,433 [base.py] => Reducing exemplars...(100 per classes)
2024-10-30 21:00:38,433 [base.py] => Constructing exemplars...(100 per classes)
2024-10-30 21:00:49,430 [trainer.py] => All params: 3849034
2024-10-30 21:00:51,292 [pod_foster.py] => Exemplar size: 500
2024-10-30 21:00:51,292 [trainer.py] => CNN: {'total': 90.13, '00-04': 90.13, 'old': 0, 'new': 90.13}
2024-10-30 21:00:51,293 [trainer.py] => NME: {'total': 89.53, '00-04': 89.53, 'old': 0, 'new': 89.53}
2024-10-30 21:00:51,293 [trainer.py] => CNN top1 curve: [90.13]
2024-10-30 21:00:51,293 [trainer.py] => CNN top5 curve: [100.0]
2024-10-30 21:00:51,294 [trainer.py] => NME top1 curve: [89.53]
2024-10-30 21:00:51,294 [trainer.py] => NME top5 curve: [100.0]

2024-10-30 21:00:51,294 [trainer.py] => Average Accuracy (CNN): 90.13
2024-10-30 21:00:51,294 [trainer.py] => Average Accuracy (NME): 89.53
2024-10-30 21:00:51,295 [trainer.py] => All params: 3849034
2024-10-30 21:00:51,296 [trainer.py] => Trainable params: 3849034
2024-10-30 21:00:51,459 [pod_foster.py] => Learning on 5-7
2024-10-30 21:00:51,461 [pod_foster.py] => All params: 7701139
2024-10-30 21:00:51,464 [pod_foster.py] => Trainable params: 3854670
2024-10-30 21:00:51,583 [pod_foster.py] => Adaptive factor: 1.8708286933869707
2024-10-30 21:00:51,624 [pod_foster.py] => per cls weights : tensor([1., 1., 1., 1., 1., 1., 1.])
2024-10-30 21:00:57,052 [pod_foster.py] => Task 1, Epoch 1/150 => Loss 2.036, Loss_clf 0.627, Loss_fe 0.683, Loss_pod 0.476, Loss_flat 0.249, Train_accy 81.13, Test_accy 62.69
2024-10-30 21:01:12,453 [pod_foster.py] => Task 1, Epoch 6/150 => Loss 0.361, Loss_clf 0.011, Loss_fe 0.027, Loss_pod 0.244, Loss_flat 0.079, Train_accy 99.98, Test_accy 78.21
2024-10-30 21:01:26,845 [pod_foster.py] => Task 1, Epoch 11/150 => Loss 0.235, Loss_clf 0.007, Loss_fe 0.011, Loss_pod 0.173, Loss_flat 0.044, Train_accy 100.00, Test_accy 74.64
2024-10-30 21:01:42,231 [pod_foster.py] => Task 1, Epoch 16/150 => Loss 0.206, Loss_clf 0.006, Loss_fe 0.008, Loss_pod 0.155, Loss_flat 0.036, Train_accy 100.00, Test_accy 75.74
2024-10-30 21:01:55,549 [pod_foster.py] => Task 1, Epoch 21/150 => Loss 1.168, Loss_clf 0.133, Loss_fe 0.304, Loss_pod 0.527, Loss_flat 0.204, Train_accy 95.73, Test_accy 71.79
2024-10-30 21:02:08,158 [pod_foster.py] => Task 1, Epoch 26/150 => Loss 0.415, Loss_clf 0.011, Loss_fe 0.020, Loss_pod 0.292, Loss_flat 0.091, Train_accy 99.93, Test_accy 79.98
2024-10-30 21:02:18,906 [pod_foster.py] => Task 1, Epoch 31/150 => Loss 0.253, Loss_clf 0.007, Loss_fe 0.008, Loss_pod 0.194, Loss_flat 0.044, Train_accy 100.00, Test_accy 76.76
2024-10-30 21:02:28,483 [pod_foster.py] => Task 1, Epoch 36/150 => Loss 0.213, Loss_clf 0.005, Loss_fe 0.006, Loss_pod 0.168, Loss_flat 0.034, Train_accy 100.00, Test_accy 77.69
2024-10-30 21:02:38,405 [pod_foster.py] => Task 1, Epoch 41/150 => Loss 0.187, Loss_clf 0.005, Loss_fe 0.006, Loss_pod 0.149, Loss_flat 0.028, Train_accy 100.00, Test_accy 79.83
2024-10-30 21:02:48,191 [pod_foster.py] => Task 1, Epoch 46/150 => Loss 0.204, Loss_clf 0.005, Loss_fe 0.007, Loss_pod 0.158, Loss_flat 0.034, Train_accy 100.00, Test_accy 77.31
2024-10-30 21:02:58,023 [pod_foster.py] => Task 1, Epoch 51/150 => Loss 0.168, Loss_clf 0.004, Loss_fe 0.005, Loss_pod 0.132, Loss_flat 0.026, Train_accy 100.00, Test_accy 78.76
2024-10-30 21:03:07,865 [pod_foster.py] => Task 1, Epoch 56/150 => Loss 0.164, Loss_clf 0.004, Loss_fe 0.005, Loss_pod 0.129, Loss_flat 0.025, Train_accy 100.00, Test_accy 79.00
2024-10-30 21:03:17,707 [pod_foster.py] => Task 1, Epoch 61/150 => Loss 0.171, Loss_clf 0.005, Loss_fe 0.006, Loss_pod 0.135, Loss_flat 0.026, Train_accy 100.00, Test_accy 79.57
2024-10-30 21:03:27,406 [pod_foster.py] => Task 1, Epoch 66/150 => Loss 0.151, Loss_clf 0.004, Loss_fe 0.005, Loss_pod 0.119, Loss_flat 0.023, Train_accy 100.00, Test_accy 77.93
2024-10-30 21:03:37,154 [pod_foster.py] => Task 1, Epoch 71/150 => Loss 0.154, Loss_clf 0.004, Loss_fe 0.005, Loss_pod 0.123, Loss_flat 0.022, Train_accy 100.00, Test_accy 77.21
2024-10-30 21:03:52,936 [pod_foster.py] => Task 1, Epoch 76/150 => Loss 0.146, Loss_clf 0.004, Loss_fe 0.005, Loss_pod 0.115, Loss_flat 0.022, Train_accy 100.00, Test_accy 77.76
2024-10-30 21:04:10,080 [pod_foster.py] => Task 1, Epoch 81/150 => Loss 0.145, Loss_clf 0.004, Loss_fe 0.005, Loss_pod 0.115, Loss_flat 0.022, Train_accy 100.00, Test_accy 76.33
2024-10-30 21:04:27,623 [pod_foster.py] => Task 1, Epoch 86/150 => Loss 0.148, Loss_clf 0.004, Loss_fe 0.005, Loss_pod 0.117, Loss_flat 0.022, Train_accy 100.00, Test_accy 76.38
2024-10-30 21:04:44,130 [pod_foster.py] => Task 1, Epoch 91/150 => Loss 0.137, Loss_clf 0.004, Loss_fe 0.005, Loss_pod 0.108, Loss_flat 0.021, Train_accy 100.00, Test_accy 79.24
2024-10-30 21:05:01,256 [pod_foster.py] => Task 1, Epoch 96/150 => Loss 0.143, Loss_clf 0.004, Loss_fe 0.006, Loss_pod 0.110, Loss_flat 0.023, Train_accy 100.00, Test_accy 78.14
2024-10-30 21:05:19,591 [pod_foster.py] => Task 1, Epoch 101/150 => Loss 0.135, Loss_clf 0.004, Loss_fe 0.005, Loss_pod 0.106, Loss_flat 0.020, Train_accy 100.00, Test_accy 78.10
2024-10-30 21:05:38,467 [pod_foster.py] => Task 1, Epoch 106/150 => Loss 0.126, Loss_clf 0.004, Loss_fe 0.005, Loss_pod 0.098, Loss_flat 0.020, Train_accy 100.00, Test_accy 77.45
2024-10-30 21:05:57,618 [pod_foster.py] => Task 1, Epoch 111/150 => Loss 0.122, Loss_clf 0.004, Loss_fe 0.005, Loss_pod 0.094, Loss_flat 0.019, Train_accy 100.00, Test_accy 77.07
2024-10-30 21:06:15,473 [pod_foster.py] => Task 1, Epoch 116/150 => Loss 0.119, Loss_clf 0.004, Loss_fe 0.005, Loss_pod 0.090, Loss_flat 0.019, Train_accy 100.00, Test_accy 78.05
2024-10-30 21:06:30,218 [pod_foster.py] => Task 1, Epoch 121/150 => Loss 0.118, Loss_clf 0.004, Loss_fe 0.005, Loss_pod 0.091, Loss_flat 0.019, Train_accy 100.00, Test_accy 77.00
2024-10-30 21:06:40,885 [pod_foster.py] => Task 1, Epoch 126/150 => Loss 0.114, Loss_clf 0.004, Loss_fe 0.005, Loss_pod 0.087, Loss_flat 0.018, Train_accy 100.00, Test_accy 77.83
2024-10-30 21:06:50,652 [pod_foster.py] => Task 1, Epoch 131/150 => Loss 0.113, Loss_clf 0.004, Loss_fe 0.005, Loss_pod 0.086, Loss_flat 0.019, Train_accy 100.00, Test_accy 77.31
2024-10-30 21:07:00,312 [pod_foster.py] => Task 1, Epoch 136/150 => Loss 0.107, Loss_clf 0.004, Loss_fe 0.005, Loss_pod 0.081, Loss_flat 0.018, Train_accy 100.00, Test_accy 77.93
2024-10-30 21:07:09,937 [pod_foster.py] => Task 1, Epoch 141/150 => Loss 0.108, Loss_clf 0.004, Loss_fe 0.005, Loss_pod 0.081, Loss_flat 0.018, Train_accy 100.00, Test_accy 78.02
2024-10-30 21:07:19,871 [pod_foster.py] => Task 1, Epoch 146/150 => Loss 0.110, Loss_clf 0.004, Loss_fe 0.005, Loss_pod 0.082, Loss_flat 0.018, Train_accy 100.00, Test_accy 78.14
2024-10-30 21:07:27,446 [pod_foster.py] => Task 1, Epoch 150/150 => Loss 0.106, Loss_clf 0.004, Loss_fe 0.005, Loss_pod 0.080, Loss_flat 0.018, Train_accy 100.00
2024-10-30 21:07:27,447 [inc_net.py] => align weights, gamma = 0.47546470165252686 
2024-10-30 21:07:27,448 [pod_foster.py] => per cls weights : [1.01377356 1.01377356 1.01377356 1.01377356 1.01377356 0.96556609
 0.96556609]
2024-10-30 21:07:30,239 [pod_foster.py] => SNet: Task 1, Epoch 1/120 => Loss 1.333,  Train_accy 70.07, Test_accy 69.29
2024-10-30 21:07:38,691 [pod_foster.py] => SNet: Task 1, Epoch 6/120 => Loss 1.066,  Train_accy 94.96, Test_accy 80.81
2024-10-30 21:07:47,329 [pod_foster.py] => SNet: Task 1, Epoch 11/120 => Loss 1.061,  Train_accy 95.24, Test_accy 80.67
2024-10-30 21:07:56,713 [pod_foster.py] => SNet: Task 1, Epoch 16/120 => Loss 1.056,  Train_accy 95.47, Test_accy 81.71
2024-10-30 21:08:13,338 [pod_foster.py] => SNet: Task 1, Epoch 21/120 => Loss 1.058,  Train_accy 95.42, Test_accy 82.45
2024-10-30 21:08:31,171 [pod_foster.py] => SNet: Task 1, Epoch 26/120 => Loss 1.053,  Train_accy 95.36, Test_accy 82.55
2024-10-30 21:08:48,579 [pod_foster.py] => SNet: Task 1, Epoch 31/120 => Loss 1.054,  Train_accy 95.87, Test_accy 82.40
2024-10-30 21:09:05,571 [pod_foster.py] => SNet: Task 1, Epoch 36/120 => Loss 1.054,  Train_accy 95.47, Test_accy 83.10
2024-10-30 21:09:23,867 [pod_foster.py] => SNet: Task 1, Epoch 41/120 => Loss 1.052,  Train_accy 95.84, Test_accy 83.21
2024-10-30 21:09:44,873 [pod_foster.py] => SNet: Task 1, Epoch 46/120 => Loss 1.050,  Train_accy 96.00, Test_accy 83.52
2024-10-30 21:10:04,171 [pod_foster.py] => SNet: Task 1, Epoch 51/120 => Loss 1.051,  Train_accy 96.09, Test_accy 83.69
2024-10-30 21:10:22,416 [pod_foster.py] => SNet: Task 1, Epoch 56/120 => Loss 1.048,  Train_accy 96.18, Test_accy 83.24
2024-10-30 21:10:39,266 [pod_foster.py] => SNet: Task 1, Epoch 61/120 => Loss 1.048,  Train_accy 96.00, Test_accy 83.67
2024-10-30 21:10:53,028 [pod_foster.py] => SNet: Task 1, Epoch 66/120 => Loss 1.052,  Train_accy 96.20, Test_accy 83.45
2024-10-30 21:11:01,970 [pod_foster.py] => SNet: Task 1, Epoch 71/120 => Loss 1.051,  Train_accy 96.04, Test_accy 84.12
2024-10-30 21:11:10,402 [pod_foster.py] => SNet: Task 1, Epoch 76/120 => Loss 1.049,  Train_accy 96.18, Test_accy 84.10
2024-10-30 21:11:19,017 [pod_foster.py] => SNet: Task 1, Epoch 81/120 => Loss 1.050,  Train_accy 95.82, Test_accy 83.86
2024-10-30 21:11:27,880 [pod_foster.py] => SNet: Task 1, Epoch 86/120 => Loss 1.049,  Train_accy 96.20, Test_accy 83.98
2024-10-30 21:11:36,675 [pod_foster.py] => SNet: Task 1, Epoch 91/120 => Loss 1.049,  Train_accy 96.44, Test_accy 84.05
2024-10-30 21:11:46,002 [pod_foster.py] => SNet: Task 1, Epoch 96/120 => Loss 1.049,  Train_accy 96.18, Test_accy 84.05
2024-10-30 21:11:55,632 [pod_foster.py] => SNet: Task 1, Epoch 101/120 => Loss 1.047,  Train_accy 96.11, Test_accy 84.10
2024-10-30 21:12:06,265 [pod_foster.py] => SNet: Task 1, Epoch 106/120 => Loss 1.049,  Train_accy 96.51, Test_accy 83.95
2024-10-30 21:12:18,382 [pod_foster.py] => SNet: Task 1, Epoch 111/120 => Loss 1.050,  Train_accy 96.11, Test_accy 84.10
2024-10-30 21:12:32,015 [pod_foster.py] => SNet: Task 1, Epoch 116/120 => Loss 1.047,  Train_accy 96.24, Test_accy 84.24
2024-10-30 21:12:47,862 [pod_foster.py] => SNet: Task 1, Epoch 120/120 => Loss 1.047,  Train_accy 96.09
2024-10-30 21:12:47,862 [pod_foster.py] => do not weight align student!
2024-10-30 21:12:49,803 [pod_foster.py] => darknet eval: 
2024-10-30 21:12:49,803 [pod_foster.py] => CNN top1 curve: 84.07
2024-10-30 21:12:49,803 [pod_foster.py] => CNN top5 curve: 99.48
2024-10-30 21:12:49,803 [pod_foster.py] => CNN: {'total': 84.07, '00-04': 82.6, '05-06': 87.75, 'old': 82.6, 'new': 87.75}
2024-10-30 21:12:49,804 [pod_foster.py] => All params after compression: 3851086
2024-10-30 21:12:49,805 [base.py] => Reducing exemplars...(71 per classes)
2024-10-30 21:12:53,186 [base.py] => Constructing exemplars...(71 per classes)
2024-10-30 21:13:03,296 [trainer.py] => All params: 7701139
2024-10-30 21:13:08,822 [pod_foster.py] => Exemplar size: 497
2024-10-30 21:13:08,845 [trainer.py] => CNN: {'total': 84.67, '00-04': 85.2, '05-06': 83.33, 'old': 85.2, 'new': 83.33}
2024-10-30 21:13:08,846 [trainer.py] => NME: {'total': 75.62, '00-04': 82.17, '05-06': 59.25, 'old': 82.17, 'new': 59.25}
2024-10-30 21:13:08,846 [trainer.py] => CNN top1 curve: [90.13, 84.67]
2024-10-30 21:13:08,847 [trainer.py] => CNN top5 curve: [100.0, 99.57]
2024-10-30 21:13:08,847 [trainer.py] => NME top1 curve: [89.53, 75.62]
2024-10-30 21:13:08,847 [trainer.py] => NME top5 curve: [100.0, 99.52]

2024-10-30 21:13:08,848 [trainer.py] => Average Accuracy (CNN): 87.4
2024-10-30 21:13:08,848 [trainer.py] => Average Accuracy (NME): 82.575
2024-10-30 21:13:08,849 [trainer.py] => All params: 7701139
2024-10-30 21:13:08,851 [trainer.py] => Trainable params: 3854670
2024-10-30 21:13:09,185 [pod_foster.py] => Learning on 7-9
2024-10-30 21:13:09,201 [pod_foster.py] => All params: 7705241
2024-10-30 21:13:09,202 [pod_foster.py] => Trainable params: 3857746
2024-10-30 21:13:09,369 [pod_foster.py] => Adaptive factor: 2.1213203435596424
2024-10-30 21:13:09,396 [pod_foster.py] => per cls weights : tensor([1., 1., 1., 1., 1., 1., 1., 1., 1.])
2024-10-30 21:13:19,102 [pod_foster.py] => Task 2, Epoch 1/150 => Loss 2.227, Loss_clf 0.740, Loss_fe 0.751, Loss_pod 0.507, Loss_flat 0.229, Train_accy 81.77, Test_accy 30.67
2024-10-30 21:13:46,701 [pod_foster.py] => Task 2, Epoch 6/150 => Loss 0.519, Loss_clf 0.025, Loss_fe 0.068, Loss_pod 0.320, Loss_flat 0.106, Train_accy 99.58, Test_accy 59.20
2024-10-30 21:14:13,268 [pod_foster.py] => Task 2, Epoch 11/150 => Loss 0.275, Loss_clf 0.009, Loss_fe 0.014, Loss_pod 0.203, Loss_flat 0.050, Train_accy 100.00, Test_accy 61.74
2024-10-30 21:14:38,084 [pod_foster.py] => Task 2, Epoch 16/150 => Loss 0.237, Loss_clf 0.007, Loss_fe 0.010, Loss_pod 0.180, Loss_flat 0.040, Train_accy 100.00, Test_accy 68.00
2024-10-30 21:15:04,287 [pod_foster.py] => Task 2, Epoch 21/150 => Loss 0.484, Loss_clf 0.028, Loss_fe 0.038, Loss_pod 0.323, Loss_flat 0.096, Train_accy 99.31, Test_accy 61.61
2024-10-30 21:15:31,418 [pod_foster.py] => Task 2, Epoch 26/150 => Loss 0.265, Loss_clf 0.007, Loss_fe 0.008, Loss_pod 0.205, Loss_flat 0.045, Train_accy 100.00, Test_accy 62.80
2024-10-30 21:16:06,105 [pod_foster.py] => Task 2, Epoch 31/150 => Loss 0.228, Loss_clf 0.005, Loss_fe 0.006, Loss_pod 0.182, Loss_flat 0.034, Train_accy 100.00, Test_accy 59.76
2024-10-30 21:16:43,179 [pod_foster.py] => Task 2, Epoch 36/150 => Loss 0.206, Loss_clf 0.005, Loss_fe 0.006, Loss_pod 0.164, Loss_flat 0.030, Train_accy 100.00, Test_accy 60.33
2024-10-30 21:17:17,184 [pod_foster.py] => Task 2, Epoch 41/150 => Loss 0.408, Loss_clf 0.014, Loss_fe 0.020, Loss_pod 0.290, Loss_flat 0.083, Train_accy 99.84, Test_accy 61.63
2024-10-30 21:17:47,943 [pod_foster.py] => Task 2, Epoch 46/150 => Loss 0.230, Loss_clf 0.006, Loss_fe 0.006, Loss_pod 0.182, Loss_flat 0.037, Train_accy 100.00, Test_accy 61.33
2024-10-30 21:18:13,507 [pod_foster.py] => Task 2, Epoch 51/150 => Loss 0.200, Loss_clf 0.005, Loss_fe 0.006, Loss_pod 0.158, Loss_flat 0.029, Train_accy 100.00, Test_accy 58.30
2024-10-30 21:18:33,868 [pod_foster.py] => Task 2, Epoch 56/150 => Loss 0.190, Loss_clf 0.005, Loss_fe 0.006, Loss_pod 0.152, Loss_flat 0.027, Train_accy 100.00, Test_accy 61.85
2024-10-30 21:18:54,810 [pod_foster.py] => Task 2, Epoch 61/150 => Loss 0.195, Loss_clf 0.005, Loss_fe 0.006, Loss_pod 0.156, Loss_flat 0.028, Train_accy 100.00, Test_accy 60.61
2024-10-30 21:19:15,734 [pod_foster.py] => Task 2, Epoch 66/150 => Loss 0.242, Loss_clf 0.008, Loss_fe 0.011, Loss_pod 0.183, Loss_flat 0.039, Train_accy 99.96, Test_accy 65.59
2024-10-30 21:19:37,726 [pod_foster.py] => Task 2, Epoch 71/150 => Loss 0.190, Loss_clf 0.005, Loss_fe 0.006, Loss_pod 0.151, Loss_flat 0.028, Train_accy 100.00, Test_accy 63.06
2024-10-30 21:19:58,335 [pod_foster.py] => Task 2, Epoch 76/150 => Loss 0.166, Loss_clf 0.005, Loss_fe 0.005, Loss_pod 0.132, Loss_flat 0.024, Train_accy 100.00, Test_accy 61.19
2024-10-30 21:20:19,680 [pod_foster.py] => Task 2, Epoch 81/150 => Loss 0.168, Loss_clf 0.005, Loss_fe 0.006, Loss_pod 0.133, Loss_flat 0.025, Train_accy 100.00, Test_accy 62.37
2024-10-30 21:20:40,621 [pod_foster.py] => Task 2, Epoch 86/150 => Loss 0.163, Loss_clf 0.004, Loss_fe 0.005, Loss_pod 0.130, Loss_flat 0.023, Train_accy 100.00, Test_accy 62.56
2024-10-30 21:21:02,081 [pod_foster.py] => Task 2, Epoch 91/150 => Loss 0.168, Loss_clf 0.005, Loss_fe 0.006, Loss_pod 0.132, Loss_flat 0.025, Train_accy 100.00, Test_accy 60.96
2024-10-30 21:21:22,025 [pod_foster.py] => Task 2, Epoch 96/150 => Loss 0.156, Loss_clf 0.005, Loss_fe 0.005, Loss_pod 0.123, Loss_flat 0.022, Train_accy 100.00, Test_accy 61.02
2024-10-30 21:21:47,078 [pod_foster.py] => Task 2, Epoch 101/150 => Loss 0.151, Loss_clf 0.004, Loss_fe 0.005, Loss_pod 0.120, Loss_flat 0.022, Train_accy 100.00, Test_accy 60.87
2024-10-30 21:22:17,203 [pod_foster.py] => Task 2, Epoch 106/150 => Loss 0.152, Loss_clf 0.005, Loss_fe 0.006, Loss_pod 0.120, Loss_flat 0.021, Train_accy 100.00, Test_accy 62.15
2024-10-30 21:22:48,934 [pod_foster.py] => Task 2, Epoch 111/150 => Loss 0.142, Loss_clf 0.005, Loss_fe 0.006, Loss_pod 0.111, Loss_flat 0.021, Train_accy 100.00, Test_accy 62.44
2024-10-30 21:23:19,434 [pod_foster.py] => Task 2, Epoch 116/150 => Loss 0.139, Loss_clf 0.005, Loss_fe 0.005, Loss_pod 0.109, Loss_flat 0.020, Train_accy 100.00, Test_accy 62.09
2024-10-30 21:23:52,602 [pod_foster.py] => Task 2, Epoch 121/150 => Loss 0.136, Loss_clf 0.004, Loss_fe 0.005, Loss_pod 0.107, Loss_flat 0.020, Train_accy 100.00, Test_accy 61.19
2024-10-30 21:24:21,856 [pod_foster.py] => Task 2, Epoch 126/150 => Loss 0.129, Loss_clf 0.004, Loss_fe 0.005, Loss_pod 0.100, Loss_flat 0.020, Train_accy 100.00, Test_accy 62.59
2024-10-30 21:24:53,731 [pod_foster.py] => Task 2, Epoch 131/150 => Loss 0.134, Loss_clf 0.004, Loss_fe 0.005, Loss_pod 0.105, Loss_flat 0.020, Train_accy 100.00, Test_accy 61.26
2024-10-30 21:25:26,684 [pod_foster.py] => Task 2, Epoch 136/150 => Loss 0.129, Loss_clf 0.004, Loss_fe 0.005, Loss_pod 0.101, Loss_flat 0.019, Train_accy 100.00, Test_accy 62.76
2024-10-30 21:25:57,302 [pod_foster.py] => Task 2, Epoch 141/150 => Loss 0.125, Loss_clf 0.004, Loss_fe 0.005, Loss_pod 0.097, Loss_flat 0.019, Train_accy 100.00, Test_accy 62.46
2024-10-30 21:26:30,547 [pod_foster.py] => Task 2, Epoch 146/150 => Loss 0.125, Loss_clf 0.004, Loss_fe 0.005, Loss_pod 0.097, Loss_flat 0.019, Train_accy 100.00, Test_accy 60.28
2024-10-30 21:26:56,092 [pod_foster.py] => Task 2, Epoch 150/150 => Loss 0.126, Loss_clf 0.004, Loss_fe 0.005, Loss_pod 0.097, Loss_flat 0.020, Train_accy 100.00
2024-10-30 21:26:56,094 [inc_net.py] => align weights, gamma = 0.47241899371147156 
2024-10-30 21:26:56,095 [pod_foster.py] => per cls weights : [1.02623168 1.02623168 1.02623168 1.02623168 1.02623168 1.02623168
 1.02623168 0.90818914 0.90818914]
2024-10-30 21:27:06,099 [pod_foster.py] => SNet: Task 2, Epoch 1/120 => Loss 1.589,  Train_accy 72.58, Test_accy 63.06
2024-10-30 21:27:35,237 [pod_foster.py] => SNet: Task 2, Epoch 6/120 => Loss 1.346,  Train_accy 96.75, Test_accy 73.50
2024-10-30 21:28:00,017 [pod_foster.py] => SNet: Task 2, Epoch 11/120 => Loss 1.346,  Train_accy 97.04, Test_accy 74.93
2024-10-30 21:28:20,108 [pod_foster.py] => SNet: Task 2, Epoch 16/120 => Loss 1.340,  Train_accy 97.46, Test_accy 75.72
2024-10-30 21:28:39,865 [pod_foster.py] => SNet: Task 2, Epoch 21/120 => Loss 1.339,  Train_accy 97.71, Test_accy 75.24
2024-10-30 21:28:58,986 [pod_foster.py] => SNet: Task 2, Epoch 26/120 => Loss 1.339,  Train_accy 97.60, Test_accy 75.30
2024-10-30 21:29:16,147 [pod_foster.py] => SNet: Task 2, Epoch 31/120 => Loss 1.337,  Train_accy 97.82, Test_accy 76.22
2024-10-30 21:29:35,190 [pod_foster.py] => SNet: Task 2, Epoch 36/120 => Loss 1.338,  Train_accy 97.42, Test_accy 75.78
2024-10-30 21:29:51,424 [pod_foster.py] => SNet: Task 2, Epoch 41/120 => Loss 1.335,  Train_accy 97.64, Test_accy 75.91
2024-10-30 21:30:07,814 [pod_foster.py] => SNet: Task 2, Epoch 46/120 => Loss 1.334,  Train_accy 97.69, Test_accy 75.94
2024-10-30 21:30:24,727 [pod_foster.py] => SNet: Task 2, Epoch 51/120 => Loss 1.335,  Train_accy 97.91, Test_accy 76.52
2024-10-30 21:30:40,777 [pod_foster.py] => SNet: Task 2, Epoch 56/120 => Loss 1.337,  Train_accy 98.18, Test_accy 76.59
2024-10-30 21:30:55,216 [pod_foster.py] => SNet: Task 2, Epoch 61/120 => Loss 1.336,  Train_accy 98.13, Test_accy 76.37
2024-10-30 21:31:15,822 [pod_foster.py] => SNet: Task 2, Epoch 66/120 => Loss 1.334,  Train_accy 98.11, Test_accy 76.11
2024-10-30 21:31:33,057 [pod_foster.py] => SNet: Task 2, Epoch 71/120 => Loss 1.333,  Train_accy 98.04, Test_accy 76.69
2024-10-30 21:31:50,991 [pod_foster.py] => SNet: Task 2, Epoch 76/120 => Loss 1.335,  Train_accy 97.89, Test_accy 76.72
2024-10-30 21:32:08,747 [pod_foster.py] => SNet: Task 2, Epoch 81/120 => Loss 1.336,  Train_accy 97.93, Test_accy 76.80
2024-10-30 21:32:26,491 [pod_foster.py] => SNet: Task 2, Epoch 86/120 => Loss 1.330,  Train_accy 97.91, Test_accy 75.83
2024-10-30 21:32:44,589 [pod_foster.py] => SNet: Task 2, Epoch 91/120 => Loss 1.333,  Train_accy 98.13, Test_accy 76.56
2024-10-30 21:33:00,377 [pod_foster.py] => SNet: Task 2, Epoch 96/120 => Loss 1.331,  Train_accy 98.20, Test_accy 76.17
2024-10-30 21:33:13,514 [pod_foster.py] => SNet: Task 2, Epoch 101/120 => Loss 1.330,  Train_accy 97.98, Test_accy 76.28
2024-10-30 21:33:27,880 [pod_foster.py] => SNet: Task 2, Epoch 106/120 => Loss 1.333,  Train_accy 98.18, Test_accy 76.28
2024-10-30 21:33:41,015 [pod_foster.py] => SNet: Task 2, Epoch 111/120 => Loss 1.334,  Train_accy 98.09, Test_accy 76.54
2024-10-30 21:33:53,281 [pod_foster.py] => SNet: Task 2, Epoch 116/120 => Loss 1.334,  Train_accy 98.22, Test_accy 76.80
2024-10-30 21:34:00,347 [pod_foster.py] => SNet: Task 2, Epoch 120/120 => Loss 1.332,  Train_accy 97.91
2024-10-30 21:34:00,347 [pod_foster.py] => do not weight align student!
2024-10-30 21:34:00,998 [pod_foster.py] => darknet eval: 
2024-10-30 21:34:00,998 [pod_foster.py] => CNN top1 curve: 76.26
2024-10-30 21:34:00,998 [pod_foster.py] => CNN top5 curve: 97.72
2024-10-30 21:34:00,998 [pod_foster.py] => CNN: {'total': 76.26, '00-04': 75.07, '05-06': 73.83, '07-08': 81.67, 'old': 74.71, 'new': 81.67}
2024-10-30 21:34:01,000 [pod_foster.py] => All params after compression: 3853138
2024-10-30 21:34:01,000 [base.py] => Reducing exemplars...(55 per classes)
2024-10-30 21:34:02,537 [base.py] => Constructing exemplars...(55 per classes)
2024-10-30 21:34:05,507 [trainer.py] => All params: 7705241
2024-10-30 21:34:07,691 [pod_foster.py] => Exemplar size: 495
2024-10-30 21:34:07,692 [trainer.py] => CNN: {'total': 78.39, '00-04': 76.57, '05-06': 80.0, '07-08': 81.33, 'old': 77.55, 'new': 81.33}
2024-10-30 21:34:07,692 [trainer.py] => NME: {'total': 67.94, '00-04': 75.4, '05-06': 63.5, '07-08': 53.75, 'old': 72.0, 'new': 53.75}
2024-10-30 21:34:07,692 [trainer.py] => CNN top1 curve: [90.13, 84.67, 78.39]
2024-10-30 21:34:07,692 [trainer.py] => CNN top5 curve: [100.0, 99.57, 97.57]
2024-10-30 21:34:07,692 [trainer.py] => NME top1 curve: [89.53, 75.62, 67.94]
2024-10-30 21:34:07,692 [trainer.py] => NME top5 curve: [100.0, 99.52, 97.19]

2024-10-30 21:34:07,692 [trainer.py] => Average Accuracy (CNN): 84.39666666666666
2024-10-30 21:34:07,692 [trainer.py] => Average Accuracy (NME): 77.69666666666667
2024-10-30 21:34:07,693 [trainer.py] => Forgetting (CNN): 8.445
