2024-10-30 20:58:56,140 [trainer.py] => config: ./exps/POD_foster.json
2024-10-30 20:58:56,140 [trainer.py] => prefix: cil
2024-10-30 20:58:56,140 [trainer.py] => dataset: hrrp9
2024-10-30 20:58:56,140 [trainer.py] => memory_size: 300
2024-10-30 20:58:56,140 [trainer.py] => memory_per_class: 20
2024-10-30 20:58:56,140 [trainer.py] => fixed_memory: False
2024-10-30 20:58:56,140 [trainer.py] => shuffle: True
2024-10-30 20:58:56,140 [trainer.py] => init_cls: 5
2024-10-30 20:58:56,140 [trainer.py] => increment: 2
2024-10-30 20:58:56,140 [trainer.py] => model_name: POD_foster
2024-10-30 20:58:56,140 [trainer.py] => convnet_type: resnet18
2024-10-30 20:58:56,140 [trainer.py] => init_train: False
2024-10-30 20:58:56,140 [trainer.py] => convnet_path: checkpoints/init_train/resnet18_35172.pth
2024-10-30 20:58:56,140 [trainer.py] => fc_path: checkpoints/init_train/fc_35172.pth
2024-10-30 20:58:56,140 [trainer.py] => convnet_path1: checkpoints/init_train/resnet18_42503.pth
2024-10-30 20:58:56,140 [trainer.py] => fc_path1: checkpoints/init_train/fc_42503.pth
2024-10-30 20:58:56,141 [trainer.py] => convnet_path2: checkpoints/init_train/resnet18_42871.pth
2024-10-30 20:58:56,141 [trainer.py] => fc_path2: checkpoints/init_train/fc_42871.pth
2024-10-30 20:58:56,141 [trainer.py] => device: [device(type='cuda', index=3)]
2024-10-30 20:58:56,141 [trainer.py] => seed: 2001
2024-10-30 20:58:56,141 [trainer.py] => beta1: 0.96
2024-10-30 20:58:56,141 [trainer.py] => beta2: 0.97
2024-10-30 20:58:56,141 [trainer.py] => oofc: ft
2024-10-30 20:58:56,141 [trainer.py] => is_teacher_wa: True
2024-10-30 20:58:56,141 [trainer.py] => is_student_wa: False
2024-10-30 20:58:56,141 [trainer.py] => is_teacher_la: True
2024-10-30 20:58:56,141 [trainer.py] => is_student_la: True
2024-10-30 20:58:56,141 [trainer.py] => lambda_okd: 0
2024-10-30 20:58:56,141 [trainer.py] => wa_value: 1
2024-10-30 20:58:56,141 [trainer.py] => init_epochs: 0
2024-10-30 20:58:56,141 [trainer.py] => init_lr: 0.1
2024-10-30 20:58:56,141 [trainer.py] => init_weight_decay: 0.0005
2024-10-30 20:58:56,141 [trainer.py] => boosting_epochs: 150
2024-10-30 20:58:56,141 [trainer.py] => compression_epochs: 120
2024-10-30 20:58:56,141 [trainer.py] => lr: 0.1
2024-10-30 20:58:56,142 [trainer.py] => batch_size: 128
2024-10-30 20:58:56,142 [trainer.py] => weight_decay: 0.0005
2024-10-30 20:58:56,142 [trainer.py] => num_workers: 8
2024-10-30 20:58:56,142 [trainer.py] => momentum: 0.9
2024-10-30 20:58:56,142 [trainer.py] => T: 2
2024-10-30 20:58:56,142 [trainer.py] => lambda_c_base: 0.7
2024-10-30 20:58:56,142 [trainer.py] => lambda_f_base: 1.0
2024-10-30 20:58:56,142 [trainer.py] => POD: w
2024-10-30 20:58:56,834 [data_manager.py] => [3, 5, 1, 7, 2, 8, 6, 4, 0]
2024-10-30 20:58:56,877 [trainer.py] => All params: 0
2024-10-30 20:58:56,877 [trainer.py] => Trainable params: 0
2024-10-30 20:58:57,386 [pod_foster.py] => Learning on 0-5
2024-10-30 20:58:57,387 [pod_foster.py] => All params: 3849034
2024-10-30 20:58:57,387 [pod_foster.py] => Trainable params: 3849034
2024-10-30 20:58:57,450 [pod_foster.py] => Adaptive factor: 0
2024-10-30 20:58:57,460 [pod_foster.py] => init_train?---False
2024-10-30 20:58:58,546 [base.py] => Reducing exemplars...(60 per classes)
2024-10-30 20:58:58,547 [base.py] => Constructing exemplars...(60 per classes)
2024-10-30 20:59:03,499 [trainer.py] => All params: 3849034
2024-10-30 20:59:04,578 [pod_foster.py] => Exemplar size: 300
2024-10-30 20:59:04,578 [trainer.py] => CNN: {'total': 90.13, '00-04': 90.13, 'old': 0, 'new': 90.13}
2024-10-30 20:59:04,578 [trainer.py] => NME: {'total': 89.47, '00-04': 89.47, 'old': 0, 'new': 89.47}
2024-10-30 20:59:04,578 [trainer.py] => CNN top1 curve: [90.13]
2024-10-30 20:59:04,578 [trainer.py] => CNN top5 curve: [100.0]
2024-10-30 20:59:04,578 [trainer.py] => NME top1 curve: [89.47]
2024-10-30 20:59:04,578 [trainer.py] => NME top5 curve: [100.0]

2024-10-30 20:59:04,578 [trainer.py] => Average Accuracy (CNN): 90.13
2024-10-30 20:59:04,578 [trainer.py] => Average Accuracy (NME): 89.47
2024-10-30 20:59:04,579 [trainer.py] => All params: 3849034
2024-10-30 20:59:04,579 [trainer.py] => Trainable params: 3849034
2024-10-30 20:59:04,616 [pod_foster.py] => Learning on 5-7
2024-10-30 20:59:04,617 [pod_foster.py] => All params: 7701139
2024-10-30 20:59:04,617 [pod_foster.py] => Trainable params: 3854670
2024-10-30 20:59:04,632 [pod_foster.py] => Adaptive factor: 1.8708286933869707
2024-10-30 20:59:04,637 [pod_foster.py] => per cls weights : [1.0252962 1.0252962 1.0252962 1.0252962 1.0252962 0.9367595 0.9367595]
2024-10-30 20:59:07,744 [pod_foster.py] => Task 1, Epoch 1/150 => Loss 1.940, Loss_clf 0.658, Loss_fe 0.585, Loss_pod 0.454, Loss_flat 0.244, Train_accy 81.79, Test_accy 48.69
2024-10-30 20:59:17,491 [pod_foster.py] => Task 1, Epoch 6/150 => Loss 0.342, Loss_clf 0.009, Loss_fe 0.034, Loss_pod 0.227, Loss_flat 0.072, Train_accy 100.00, Test_accy 71.21
2024-10-30 20:59:27,775 [pod_foster.py] => Task 1, Epoch 11/150 => Loss 0.220, Loss_clf 0.006, Loss_fe 0.012, Loss_pod 0.159, Loss_flat 0.043, Train_accy 100.00, Test_accy 74.24
2024-10-30 20:59:40,847 [pod_foster.py] => Task 1, Epoch 16/150 => Loss 0.219, Loss_clf 0.007, Loss_fe 0.011, Loss_pod 0.160, Loss_flat 0.041, Train_accy 100.00, Test_accy 68.00
2024-10-30 20:59:54,969 [pod_foster.py] => Task 1, Epoch 21/150 => Loss 0.173, Loss_clf 0.004, Loss_fe 0.007, Loss_pod 0.132, Loss_flat 0.030, Train_accy 100.00, Test_accy 76.81
2024-10-30 21:00:08,996 [pod_foster.py] => Task 1, Epoch 26/150 => Loss 0.163, Loss_clf 0.004, Loss_fe 0.006, Loss_pod 0.126, Loss_flat 0.026, Train_accy 100.00, Test_accy 73.71
2024-10-30 21:00:24,194 [pod_foster.py] => Task 1, Epoch 31/150 => Loss 0.161, Loss_clf 0.004, Loss_fe 0.006, Loss_pod 0.127, Loss_flat 0.025, Train_accy 100.00, Test_accy 72.10
2024-10-30 21:00:40,315 [pod_foster.py] => Task 1, Epoch 36/150 => Loss 0.149, Loss_clf 0.004, Loss_fe 0.006, Loss_pod 0.116, Loss_flat 0.024, Train_accy 100.00, Test_accy 76.10
2024-10-30 21:00:58,487 [pod_foster.py] => Task 1, Epoch 41/150 => Loss 0.153, Loss_clf 0.004, Loss_fe 0.006, Loss_pod 0.120, Loss_flat 0.024, Train_accy 100.00, Test_accy 73.48
2024-10-30 21:01:16,956 [pod_foster.py] => Task 1, Epoch 46/150 => Loss 0.150, Loss_clf 0.004, Loss_fe 0.006, Loss_pod 0.118, Loss_flat 0.023, Train_accy 100.00, Test_accy 76.24
2024-10-30 21:01:33,975 [pod_foster.py] => Task 1, Epoch 51/150 => Loss 0.146, Loss_clf 0.004, Loss_fe 0.006, Loss_pod 0.115, Loss_flat 0.022, Train_accy 100.00, Test_accy 72.86
2024-10-30 21:01:51,808 [pod_foster.py] => Task 1, Epoch 56/150 => Loss 0.141, Loss_clf 0.004, Loss_fe 0.006, Loss_pod 0.110, Loss_flat 0.021, Train_accy 100.00, Test_accy 68.40
2024-10-30 21:02:07,752 [pod_foster.py] => Task 1, Epoch 61/150 => Loss 0.146, Loss_clf 0.004, Loss_fe 0.005, Loss_pod 0.115, Loss_flat 0.022, Train_accy 100.00, Test_accy 72.40
2024-10-30 21:02:19,859 [pod_foster.py] => Task 1, Epoch 66/150 => Loss 0.140, Loss_clf 0.004, Loss_fe 0.005, Loss_pod 0.110, Loss_flat 0.021, Train_accy 100.00, Test_accy 70.98
2024-10-30 21:02:31,242 [pod_foster.py] => Task 1, Epoch 71/150 => Loss 0.129, Loss_clf 0.004, Loss_fe 0.005, Loss_pod 0.101, Loss_flat 0.020, Train_accy 100.00, Test_accy 69.12
2024-10-30 21:02:42,223 [pod_foster.py] => Task 1, Epoch 76/150 => Loss 0.136, Loss_clf 0.004, Loss_fe 0.005, Loss_pod 0.106, Loss_flat 0.021, Train_accy 100.00, Test_accy 73.07
2024-10-30 21:02:53,276 [pod_foster.py] => Task 1, Epoch 81/150 => Loss 0.127, Loss_clf 0.004, Loss_fe 0.005, Loss_pod 0.099, Loss_flat 0.019, Train_accy 100.00, Test_accy 70.17
2024-10-30 21:03:04,408 [pod_foster.py] => Task 1, Epoch 86/150 => Loss 0.130, Loss_clf 0.003, Loss_fe 0.005, Loss_pod 0.102, Loss_flat 0.020, Train_accy 100.00, Test_accy 67.67
2024-10-30 21:03:15,656 [pod_foster.py] => Task 1, Epoch 91/150 => Loss 0.128, Loss_clf 0.004, Loss_fe 0.005, Loss_pod 0.100, Loss_flat 0.019, Train_accy 100.00, Test_accy 69.86
2024-10-30 21:03:26,791 [pod_foster.py] => Task 1, Epoch 96/150 => Loss 0.115, Loss_clf 0.004, Loss_fe 0.005, Loss_pod 0.089, Loss_flat 0.018, Train_accy 100.00, Test_accy 74.12
2024-10-30 21:03:37,969 [pod_foster.py] => Task 1, Epoch 101/150 => Loss 0.116, Loss_clf 0.004, Loss_fe 0.005, Loss_pod 0.090, Loss_flat 0.018, Train_accy 100.00, Test_accy 73.71
2024-10-30 21:03:55,332 [pod_foster.py] => Task 1, Epoch 106/150 => Loss 0.111, Loss_clf 0.003, Loss_fe 0.005, Loss_pod 0.085, Loss_flat 0.017, Train_accy 100.00, Test_accy 68.86
2024-10-30 21:04:10,557 [pod_foster.py] => Task 1, Epoch 111/150 => Loss 0.106, Loss_clf 0.003, Loss_fe 0.005, Loss_pod 0.081, Loss_flat 0.017, Train_accy 100.00, Test_accy 71.64
2024-10-30 21:04:25,603 [pod_foster.py] => Task 1, Epoch 116/150 => Loss 0.107, Loss_clf 0.003, Loss_fe 0.005, Loss_pod 0.082, Loss_flat 0.017, Train_accy 100.00, Test_accy 71.00
2024-10-30 21:04:42,815 [pod_foster.py] => Task 1, Epoch 121/150 => Loss 0.101, Loss_clf 0.004, Loss_fe 0.005, Loss_pod 0.076, Loss_flat 0.017, Train_accy 100.00, Test_accy 70.69
2024-10-30 21:04:56,980 [pod_foster.py] => Task 1, Epoch 126/150 => Loss 0.098, Loss_clf 0.003, Loss_fe 0.005, Loss_pod 0.073, Loss_flat 0.016, Train_accy 100.00, Test_accy 71.07
2024-10-30 21:05:11,092 [pod_foster.py] => Task 1, Epoch 131/150 => Loss 0.100, Loss_clf 0.003, Loss_fe 0.004, Loss_pod 0.076, Loss_flat 0.016, Train_accy 100.00, Test_accy 70.98
2024-10-30 21:05:27,109 [pod_foster.py] => Task 1, Epoch 136/150 => Loss 0.095, Loss_clf 0.003, Loss_fe 0.004, Loss_pod 0.071, Loss_flat 0.016, Train_accy 100.00, Test_accy 70.52
2024-10-30 21:05:42,435 [pod_foster.py] => Task 1, Epoch 141/150 => Loss 0.094, Loss_clf 0.003, Loss_fe 0.004, Loss_pod 0.070, Loss_flat 0.016, Train_accy 100.00, Test_accy 71.24
2024-10-30 21:05:57,656 [pod_foster.py] => Task 1, Epoch 146/150 => Loss 0.091, Loss_clf 0.003, Loss_fe 0.004, Loss_pod 0.067, Loss_flat 0.016, Train_accy 100.00, Test_accy 70.21
2024-10-30 21:06:08,914 [pod_foster.py] => Task 1, Epoch 150/150 => Loss 0.090, Loss_clf 0.003, Loss_fe 0.004, Loss_pod 0.067, Loss_flat 0.016, Train_accy 100.00
2024-10-30 21:06:08,915 [inc_net.py] => align weights, gamma = 0.4480404555797577 
2024-10-30 21:06:08,916 [pod_foster.py] => per cls weights : [1.04815734 1.04815734 1.04815734 1.04815734 1.04815734 0.87960665
 0.87960665]
2024-10-30 21:06:13,475 [pod_foster.py] => SNet: Task 1, Epoch 1/120 => Loss 1.463,  Train_accy 64.37, Test_accy 72.14
2024-10-30 21:06:26,832 [pod_foster.py] => SNet: Task 1, Epoch 6/120 => Loss 1.246,  Train_accy 90.02, Test_accy 79.38
2024-10-30 21:06:38,257 [pod_foster.py] => SNet: Task 1, Epoch 11/120 => Loss 1.240,  Train_accy 89.86, Test_accy 80.83
2024-10-30 21:06:48,655 [pod_foster.py] => SNet: Task 1, Epoch 16/120 => Loss 1.237,  Train_accy 90.56, Test_accy 80.83
2024-10-30 21:06:58,801 [pod_foster.py] => SNet: Task 1, Epoch 21/120 => Loss 1.237,  Train_accy 90.77, Test_accy 80.95
2024-10-30 21:07:09,591 [pod_foster.py] => SNet: Task 1, Epoch 26/120 => Loss 1.234,  Train_accy 90.74, Test_accy 80.69
2024-10-30 21:07:20,254 [pod_foster.py] => SNet: Task 1, Epoch 31/120 => Loss 1.235,  Train_accy 90.56, Test_accy 82.33
2024-10-30 21:07:30,805 [pod_foster.py] => SNet: Task 1, Epoch 36/120 => Loss 1.234,  Train_accy 90.60, Test_accy 82.62
2024-10-30 21:07:41,297 [pod_foster.py] => SNet: Task 1, Epoch 41/120 => Loss 1.233,  Train_accy 90.77, Test_accy 82.12
2024-10-30 21:07:51,803 [pod_foster.py] => SNet: Task 1, Epoch 46/120 => Loss 1.233,  Train_accy 91.19, Test_accy 82.12
2024-10-30 21:08:06,926 [pod_foster.py] => SNet: Task 1, Epoch 51/120 => Loss 1.232,  Train_accy 91.14, Test_accy 82.19
2024-10-30 21:08:22,575 [pod_foster.py] => SNet: Task 1, Epoch 56/120 => Loss 1.232,  Train_accy 91.14, Test_accy 82.57
2024-10-30 21:08:39,368 [pod_foster.py] => SNet: Task 1, Epoch 61/120 => Loss 1.231,  Train_accy 90.77, Test_accy 82.38
2024-10-30 21:08:56,437 [pod_foster.py] => SNet: Task 1, Epoch 66/120 => Loss 1.231,  Train_accy 91.14, Test_accy 82.86
2024-10-30 21:09:12,778 [pod_foster.py] => SNet: Task 1, Epoch 71/120 => Loss 1.231,  Train_accy 91.05, Test_accy 82.50
2024-10-30 21:09:27,899 [pod_foster.py] => SNet: Task 1, Epoch 76/120 => Loss 1.231,  Train_accy 90.91, Test_accy 82.45
2024-10-30 21:09:44,028 [pod_foster.py] => SNet: Task 1, Epoch 81/120 => Loss 1.231,  Train_accy 91.16, Test_accy 82.52
2024-10-30 21:09:58,863 [pod_foster.py] => SNet: Task 1, Epoch 86/120 => Loss 1.230,  Train_accy 91.07, Test_accy 82.62
2024-10-30 21:10:13,505 [pod_foster.py] => SNet: Task 1, Epoch 91/120 => Loss 1.230,  Train_accy 90.79, Test_accy 82.90
2024-10-30 21:10:28,703 [pod_foster.py] => SNet: Task 1, Epoch 96/120 => Loss 1.230,  Train_accy 91.42, Test_accy 82.43
2024-10-30 21:10:42,619 [pod_foster.py] => SNet: Task 1, Epoch 101/120 => Loss 1.231,  Train_accy 91.21, Test_accy 82.48
2024-10-30 21:10:53,461 [pod_foster.py] => SNet: Task 1, Epoch 106/120 => Loss 1.230,  Train_accy 90.98, Test_accy 82.57
2024-10-30 21:11:02,824 [pod_foster.py] => SNet: Task 1, Epoch 111/120 => Loss 1.230,  Train_accy 90.91, Test_accy 82.52
2024-10-30 21:11:12,065 [pod_foster.py] => SNet: Task 1, Epoch 116/120 => Loss 1.230,  Train_accy 91.12, Test_accy 82.74
2024-10-30 21:11:18,775 [pod_foster.py] => SNet: Task 1, Epoch 120/120 => Loss 1.231,  Train_accy 91.40
2024-10-30 21:11:18,775 [pod_foster.py] => do not weight align student!
2024-10-30 21:11:19,499 [pod_foster.py] => darknet eval: 
2024-10-30 21:11:19,499 [pod_foster.py] => CNN top1 curve: 82.71
2024-10-30 21:11:19,499 [pod_foster.py] => CNN top5 curve: 99.48
2024-10-30 21:11:19,499 [pod_foster.py] => CNN: {'total': 82.71, '00-04': 82.6, '05-06': 83.0, 'old': 82.6, 'new': 83.0}
2024-10-30 21:11:19,501 [pod_foster.py] => All params after compression: 3851086
2024-10-30 21:11:19,501 [base.py] => Reducing exemplars...(42 per classes)
2024-10-30 21:11:20,665 [base.py] => Constructing exemplars...(42 per classes)
2024-10-30 21:11:23,798 [trainer.py] => All params: 7701139
2024-10-30 21:11:25,949 [pod_foster.py] => Exemplar size: 294
2024-10-30 21:11:25,950 [trainer.py] => CNN: {'total': 83.1, '00-04': 83.97, '05-06': 80.92, 'old': 83.97, 'new': 80.92}
2024-10-30 21:11:25,950 [trainer.py] => NME: {'total': 73.57, '00-04': 79.33, '05-06': 59.17, 'old': 79.33, 'new': 59.17}
2024-10-30 21:11:25,950 [trainer.py] => CNN top1 curve: [90.13, 83.1]
2024-10-30 21:11:25,950 [trainer.py] => CNN top5 curve: [100.0, 99.62]
2024-10-30 21:11:25,950 [trainer.py] => NME top1 curve: [89.47, 73.57]
2024-10-30 21:11:25,950 [trainer.py] => NME top5 curve: [100.0, 99.6]

2024-10-30 21:11:25,950 [trainer.py] => Average Accuracy (CNN): 86.615
2024-10-30 21:11:25,950 [trainer.py] => Average Accuracy (NME): 81.52
2024-10-30 21:11:25,951 [trainer.py] => All params: 7701139
2024-10-30 21:11:25,952 [trainer.py] => Trainable params: 3854670
2024-10-30 21:11:26,373 [pod_foster.py] => Learning on 7-9
2024-10-30 21:11:26,375 [pod_foster.py] => All params: 7705241
2024-10-30 21:11:26,375 [pod_foster.py] => Trainable params: 3857746
2024-10-30 21:11:26,406 [pod_foster.py] => Adaptive factor: 2.1213203435596424
2024-10-30 21:11:26,411 [pod_foster.py] => per cls weights : [1.04167859 1.04167859 1.04167859 1.04167859 1.04167859 1.04167859
 1.04167859 0.85412494 0.85412494]
2024-10-30 21:11:29,528 [pod_foster.py] => Task 2, Epoch 1/150 => Loss 2.118, Loss_clf 0.738, Loss_fe 0.680, Loss_pod 0.472, Loss_flat 0.229, Train_accy 81.97, Test_accy 39.41
2024-10-30 21:11:40,738 [pod_foster.py] => Task 2, Epoch 6/150 => Loss 0.440, Loss_clf 0.013, Loss_fe 0.077, Loss_pod 0.267, Loss_flat 0.083, Train_accy 99.91, Test_accy 54.74
2024-10-30 21:11:52,894 [pod_foster.py] => Task 2, Epoch 11/150 => Loss 0.280, Loss_clf 0.007, Loss_fe 0.016, Loss_pod 0.205, Loss_flat 0.052, Train_accy 100.00, Test_accy 55.96
2024-10-30 21:12:06,112 [pod_foster.py] => Task 2, Epoch 16/150 => Loss 0.219, Loss_clf 0.005, Loss_fe 0.009, Loss_pod 0.169, Loss_flat 0.036, Train_accy 100.00, Test_accy 58.83
2024-10-30 21:12:19,791 [pod_foster.py] => Task 2, Epoch 21/150 => Loss 0.202, Loss_clf 0.005, Loss_fe 0.008, Loss_pod 0.156, Loss_flat 0.033, Train_accy 100.00, Test_accy 63.56
2024-10-30 21:12:37,750 [pod_foster.py] => Task 2, Epoch 26/150 => Loss 0.198, Loss_clf 0.005, Loss_fe 0.007, Loss_pod 0.157, Loss_flat 0.030, Train_accy 100.00, Test_accy 60.22
2024-10-30 21:13:02,219 [pod_foster.py] => Task 2, Epoch 31/150 => Loss 0.183, Loss_clf 0.004, Loss_fe 0.006, Loss_pod 0.147, Loss_flat 0.026, Train_accy 100.00, Test_accy 61.20
2024-10-30 21:13:23,732 [pod_foster.py] => Task 2, Epoch 36/150 => Loss 0.787, Loss_clf 0.067, Loss_fe 0.155, Loss_pod 0.413, Loss_flat 0.152, Train_accy 98.21, Test_accy 58.85
2024-10-30 21:13:45,129 [pod_foster.py] => Task 2, Epoch 41/150 => Loss 0.288, Loss_clf 0.006, Loss_fe 0.008, Loss_pod 0.221, Loss_flat 0.052, Train_accy 100.00, Test_accy 61.85
2024-10-30 21:14:07,757 [pod_foster.py] => Task 2, Epoch 46/150 => Loss 0.224, Loss_clf 0.005, Loss_fe 0.006, Loss_pod 0.179, Loss_flat 0.035, Train_accy 100.00, Test_accy 60.98
2024-10-30 21:14:29,121 [pod_foster.py] => Task 2, Epoch 51/150 => Loss 0.190, Loss_clf 0.004, Loss_fe 0.006, Loss_pod 0.151, Loss_flat 0.028, Train_accy 100.00, Test_accy 61.44
2024-10-30 21:14:50,851 [pod_foster.py] => Task 2, Epoch 56/150 => Loss 0.185, Loss_clf 0.004, Loss_fe 0.005, Loss_pod 0.150, Loss_flat 0.027, Train_accy 100.00, Test_accy 59.31
2024-10-30 21:15:13,658 [pod_foster.py] => Task 2, Epoch 61/150 => Loss 0.174, Loss_clf 0.004, Loss_fe 0.005, Loss_pod 0.141, Loss_flat 0.024, Train_accy 100.00, Test_accy 59.00
2024-10-30 21:15:38,421 [pod_foster.py] => Task 2, Epoch 66/150 => Loss 0.172, Loss_clf 0.004, Loss_fe 0.005, Loss_pod 0.139, Loss_flat 0.024, Train_accy 100.00, Test_accy 56.80
2024-10-30 21:16:03,579 [pod_foster.py] => Task 2, Epoch 71/150 => Loss 0.165, Loss_clf 0.004, Loss_fe 0.005, Loss_pod 0.134, Loss_flat 0.023, Train_accy 100.00, Test_accy 59.81
2024-10-30 21:16:28,637 [pod_foster.py] => Task 2, Epoch 76/150 => Loss 0.167, Loss_clf 0.004, Loss_fe 0.005, Loss_pod 0.135, Loss_flat 0.022, Train_accy 100.00, Test_accy 56.80
2024-10-30 21:16:55,284 [pod_foster.py] => Task 2, Epoch 81/150 => Loss 0.153, Loss_clf 0.004, Loss_fe 0.005, Loss_pod 0.123, Loss_flat 0.021, Train_accy 100.00, Test_accy 58.46
2024-10-30 21:17:22,928 [pod_foster.py] => Task 2, Epoch 86/150 => Loss 0.141, Loss_clf 0.004, Loss_fe 0.005, Loss_pod 0.112, Loss_flat 0.020, Train_accy 100.00, Test_accy 54.28
2024-10-30 21:17:49,169 [pod_foster.py] => Task 2, Epoch 91/150 => Loss 0.144, Loss_clf 0.004, Loss_fe 0.005, Loss_pod 0.115, Loss_flat 0.020, Train_accy 100.00, Test_accy 54.89
2024-10-30 21:18:13,727 [pod_foster.py] => Task 2, Epoch 96/150 => Loss 0.148, Loss_clf 0.004, Loss_fe 0.005, Loss_pod 0.119, Loss_flat 0.020, Train_accy 100.00, Test_accy 57.67
2024-10-30 21:18:36,936 [pod_foster.py] => Task 2, Epoch 101/150 => Loss 0.136, Loss_clf 0.004, Loss_fe 0.005, Loss_pod 0.108, Loss_flat 0.019, Train_accy 100.00, Test_accy 56.52
2024-10-30 21:19:00,072 [pod_foster.py] => Task 2, Epoch 106/150 => Loss 0.135, Loss_clf 0.004, Loss_fe 0.005, Loss_pod 0.107, Loss_flat 0.019, Train_accy 100.00, Test_accy 56.76
2024-10-30 21:19:22,558 [pod_foster.py] => Task 2, Epoch 111/150 => Loss 0.134, Loss_clf 0.004, Loss_fe 0.005, Loss_pod 0.106, Loss_flat 0.019, Train_accy 100.00, Test_accy 55.31
2024-10-30 21:19:45,254 [pod_foster.py] => Task 2, Epoch 116/150 => Loss 0.125, Loss_clf 0.004, Loss_fe 0.005, Loss_pod 0.098, Loss_flat 0.019, Train_accy 100.00, Test_accy 55.02
2024-10-30 21:20:08,194 [pod_foster.py] => Task 2, Epoch 121/150 => Loss 0.130, Loss_clf 0.004, Loss_fe 0.005, Loss_pod 0.103, Loss_flat 0.019, Train_accy 100.00, Test_accy 57.59
2024-10-30 21:20:30,627 [pod_foster.py] => Task 2, Epoch 126/150 => Loss 0.125, Loss_clf 0.004, Loss_fe 0.005, Loss_pod 0.098, Loss_flat 0.018, Train_accy 100.00, Test_accy 57.46
2024-10-30 21:20:51,646 [pod_foster.py] => Task 2, Epoch 131/150 => Loss 0.122, Loss_clf 0.004, Loss_fe 0.005, Loss_pod 0.096, Loss_flat 0.018, Train_accy 100.00, Test_accy 56.74
2024-10-30 21:21:12,574 [pod_foster.py] => Task 2, Epoch 136/150 => Loss 0.119, Loss_clf 0.004, Loss_fe 0.005, Loss_pod 0.092, Loss_flat 0.018, Train_accy 100.00, Test_accy 54.59
2024-10-30 21:21:35,195 [pod_foster.py] => Task 2, Epoch 141/150 => Loss 0.122, Loss_clf 0.003, Loss_fe 0.005, Loss_pod 0.096, Loss_flat 0.018, Train_accy 100.00, Test_accy 56.44
2024-10-30 21:22:04,870 [pod_foster.py] => Task 2, Epoch 146/150 => Loss 0.118, Loss_clf 0.003, Loss_fe 0.005, Loss_pod 0.091, Loss_flat 0.018, Train_accy 100.00, Test_accy 55.35
2024-10-30 21:22:23,344 [pod_foster.py] => Task 2, Epoch 150/150 => Loss 0.114, Loss_clf 0.004, Loss_fe 0.005, Loss_pod 0.088, Loss_flat 0.018, Train_accy 100.00
2024-10-30 21:22:23,346 [inc_net.py] => align weights, gamma = 0.4699125289916992 
2024-10-30 21:22:23,347 [pod_foster.py] => per cls weights : [1.06590507 1.06590507 1.06590507 1.06590507 1.06590507 1.06590507
 1.06590507 0.76933224 0.76933224]
2024-10-30 21:22:32,703 [pod_foster.py] => SNet: Task 2, Epoch 1/120 => Loss 1.768,  Train_accy 62.18, Test_accy 66.24
2024-10-30 21:22:58,247 [pod_foster.py] => SNet: Task 2, Epoch 6/120 => Loss 1.618,  Train_accy 87.47, Test_accy 72.44
2024-10-30 21:23:23,394 [pod_foster.py] => SNet: Task 2, Epoch 11/120 => Loss 1.612,  Train_accy 89.05, Test_accy 74.35
2024-10-30 21:23:50,084 [pod_foster.py] => SNet: Task 2, Epoch 16/120 => Loss 1.611,  Train_accy 89.24, Test_accy 74.48
2024-10-30 21:24:14,052 [pod_foster.py] => SNet: Task 2, Epoch 21/120 => Loss 1.610,  Train_accy 89.33, Test_accy 75.94
2024-10-30 21:24:39,591 [pod_foster.py] => SNet: Task 2, Epoch 26/120 => Loss 1.608,  Train_accy 89.47, Test_accy 75.89
2024-10-30 21:25:03,977 [pod_foster.py] => SNet: Task 2, Epoch 31/120 => Loss 1.608,  Train_accy 89.03, Test_accy 75.65
2024-10-30 21:25:29,494 [pod_foster.py] => SNet: Task 2, Epoch 36/120 => Loss 1.607,  Train_accy 89.40, Test_accy 75.80
2024-10-30 21:25:54,800 [pod_foster.py] => SNet: Task 2, Epoch 41/120 => Loss 1.607,  Train_accy 89.96, Test_accy 76.00
2024-10-30 21:26:19,857 [pod_foster.py] => SNet: Task 2, Epoch 46/120 => Loss 1.607,  Train_accy 89.99, Test_accy 76.37
2024-10-30 21:26:44,668 [pod_foster.py] => SNet: Task 2, Epoch 51/120 => Loss 1.607,  Train_accy 90.48, Test_accy 76.26
2024-10-30 21:27:07,093 [pod_foster.py] => SNet: Task 2, Epoch 56/120 => Loss 1.607,  Train_accy 89.54, Test_accy 76.24
2024-10-30 21:27:31,858 [pod_foster.py] => SNet: Task 2, Epoch 61/120 => Loss 1.606,  Train_accy 89.59, Test_accy 76.30
2024-10-30 21:27:55,171 [pod_foster.py] => SNet: Task 2, Epoch 66/120 => Loss 1.606,  Train_accy 89.96, Test_accy 76.67
2024-10-30 21:28:16,756 [pod_foster.py] => SNet: Task 2, Epoch 71/120 => Loss 1.606,  Train_accy 90.03, Test_accy 76.31
2024-10-30 21:28:36,222 [pod_foster.py] => SNet: Task 2, Epoch 76/120 => Loss 1.606,  Train_accy 90.01, Test_accy 76.41
2024-10-30 21:28:56,164 [pod_foster.py] => SNet: Task 2, Epoch 81/120 => Loss 1.605,  Train_accy 89.73, Test_accy 76.35
2024-10-30 21:29:14,112 [pod_foster.py] => SNet: Task 2, Epoch 86/120 => Loss 1.606,  Train_accy 90.06, Test_accy 76.39
2024-10-30 21:29:30,910 [pod_foster.py] => SNet: Task 2, Epoch 91/120 => Loss 1.606,  Train_accy 90.17, Test_accy 76.26
2024-10-30 21:29:46,824 [pod_foster.py] => SNet: Task 2, Epoch 96/120 => Loss 1.606,  Train_accy 89.94, Test_accy 76.46
2024-10-30 21:30:02,312 [pod_foster.py] => SNet: Task 2, Epoch 101/120 => Loss 1.605,  Train_accy 90.22, Test_accy 76.17
2024-10-30 21:30:18,392 [pod_foster.py] => SNet: Task 2, Epoch 106/120 => Loss 1.604,  Train_accy 89.96, Test_accy 76.26
2024-10-30 21:30:33,045 [pod_foster.py] => SNet: Task 2, Epoch 111/120 => Loss 1.605,  Train_accy 90.22, Test_accy 76.28
2024-10-30 21:30:47,530 [pod_foster.py] => SNet: Task 2, Epoch 116/120 => Loss 1.605,  Train_accy 90.06, Test_accy 76.83
2024-10-30 21:30:56,722 [pod_foster.py] => SNet: Task 2, Epoch 120/120 => Loss 1.605,  Train_accy 89.96
2024-10-30 21:30:56,723 [pod_foster.py] => do not weight align student!
2024-10-30 21:30:58,728 [pod_foster.py] => darknet eval: 
2024-10-30 21:30:58,729 [pod_foster.py] => CNN top1 curve: 76.41
2024-10-30 21:30:58,729 [pod_foster.py] => CNN top5 curve: 97.11
2024-10-30 21:30:58,729 [pod_foster.py] => CNN: {'total': 76.41, '00-04': 75.4, '05-06': 82.0, '07-08': 73.33, 'old': 77.29, 'new': 73.33}
2024-10-30 21:30:58,730 [pod_foster.py] => All params after compression: 3853138
2024-10-30 21:30:58,732 [base.py] => Reducing exemplars...(33 per classes)
2024-10-30 21:31:02,394 [base.py] => Constructing exemplars...(33 per classes)
2024-10-30 21:31:09,711 [trainer.py] => All params: 7705241
2024-10-30 21:31:15,766 [pod_foster.py] => Exemplar size: 297
2024-10-30 21:31:15,787 [trainer.py] => CNN: {'total': 75.81, '00-04': 72.7, '05-06': 80.17, '07-08': 79.25, 'old': 74.83, 'new': 79.25}
2024-10-30 21:31:15,788 [trainer.py] => NME: {'total': 60.85, '00-04': 68.67, '05-06': 49.5, '07-08': 52.67, 'old': 63.19, 'new': 52.67}
2024-10-30 21:31:15,788 [trainer.py] => CNN top1 curve: [90.13, 83.1, 75.81]
2024-10-30 21:31:15,788 [trainer.py] => CNN top5 curve: [100.0, 99.62, 97.31]
2024-10-30 21:31:15,789 [trainer.py] => NME top1 curve: [89.47, 73.57, 60.85]
2024-10-30 21:31:15,789 [trainer.py] => NME top5 curve: [100.0, 99.6, 97.07]

2024-10-30 21:31:15,789 [trainer.py] => Average Accuracy (CNN): 83.01333333333334
2024-10-30 21:31:15,790 [trainer.py] => Average Accuracy (NME): 74.63
2024-10-30 21:31:15,797 [trainer.py] => Forgetting (CNN): 9.089999999999996
