2024-10-30 11:10:28,882 [trainer.py] => config: ./exps/POD_foster.json
2024-10-30 11:10:28,882 [trainer.py] => prefix: cil
2024-10-30 11:10:28,882 [trainer.py] => dataset: hrrp9
2024-10-30 11:10:28,882 [trainer.py] => memory_size: 500
2024-10-30 11:10:28,882 [trainer.py] => memory_per_class: 20
2024-10-30 11:10:28,882 [trainer.py] => fixed_memory: False
2024-10-30 11:10:28,882 [trainer.py] => shuffle: True
2024-10-30 11:10:28,882 [trainer.py] => init_cls: 5
2024-10-30 11:10:28,882 [trainer.py] => increment: 2
2024-10-30 11:10:28,882 [trainer.py] => model_name: POD_foster
2024-10-30 11:10:28,882 [trainer.py] => convnet_type: resnet18
2024-10-30 11:10:28,882 [trainer.py] => init_train: False
2024-10-30 11:10:28,882 [trainer.py] => convnet_path: checkpoints/init_train/resnet18_35172.pth
2024-10-30 11:10:28,882 [trainer.py] => fc_path: checkpoints/init_train/fc_35172.pth
2024-10-30 11:10:28,882 [trainer.py] => convnet_path2: checkpoints/init_train/resnet18_42503.pth
2024-10-30 11:10:28,883 [trainer.py] => fc_path2: checkpoints/init_train/fc_42503.pth
2024-10-30 11:10:28,883 [trainer.py] => convnet_path1: checkpoints/init_train/resnet18_42871.pth
2024-10-30 11:10:28,883 [trainer.py] => fc_path1: checkpoints/init_train/fc_42871.pth
2024-10-30 11:10:28,883 [trainer.py] => device: [device(type='cuda', index=3)]
2024-10-30 11:10:28,883 [trainer.py] => seed: 2001
2024-10-30 11:10:28,883 [trainer.py] => beta1: 0.96
2024-10-30 11:10:28,883 [trainer.py] => beta2: 0.97
2024-10-30 11:10:28,883 [trainer.py] => oofc: ft
2024-10-30 11:10:28,883 [trainer.py] => is_teacher_wa: True
2024-10-30 11:10:28,883 [trainer.py] => is_student_wa: False
2024-10-30 11:10:28,883 [trainer.py] => is_teacher_la: True
2024-10-30 11:10:28,883 [trainer.py] => is_student_la: True
2024-10-30 11:10:28,883 [trainer.py] => lambda_okd: 0
2024-10-30 11:10:28,883 [trainer.py] => wa_value: 1
2024-10-30 11:10:28,883 [trainer.py] => init_epochs: 0
2024-10-30 11:10:28,883 [trainer.py] => init_lr: 0.1
2024-10-30 11:10:28,883 [trainer.py] => init_weight_decay: 0.0005
2024-10-30 11:10:28,883 [trainer.py] => boosting_epochs: 150
2024-10-30 11:10:28,884 [trainer.py] => compression_epochs: 120
2024-10-30 11:10:28,884 [trainer.py] => lr: 0.1
2024-10-30 11:10:28,884 [trainer.py] => batch_size: 128
2024-10-30 11:10:28,884 [trainer.py] => weight_decay: 0.0005
2024-10-30 11:10:28,884 [trainer.py] => num_workers: 8
2024-10-30 11:10:28,884 [trainer.py] => momentum: 0.9
2024-10-30 11:10:28,884 [trainer.py] => T: 2
2024-10-30 11:10:28,884 [trainer.py] => lambda_c_base: 1.0
2024-10-30 11:10:28,884 [trainer.py] => lambda_f_base: 1.0
2024-10-30 11:10:28,884 [trainer.py] => POD: no
2024-10-30 11:10:29,672 [data_manager.py] => [3, 5, 1, 7, 2, 8, 6, 4, 0]
2024-10-30 11:10:29,737 [trainer.py] => All params: 0
2024-10-30 11:10:29,737 [trainer.py] => Trainable params: 0
2024-10-30 11:10:30,221 [pod_foster.py] => Learning on 0-5
2024-10-30 11:10:30,222 [pod_foster.py] => All params: 3849034
2024-10-30 11:10:30,222 [pod_foster.py] => Trainable params: 3849034
2024-10-30 11:10:30,310 [pod_foster.py] => Adaptive factor: 0
2024-10-30 11:10:30,315 [pod_foster.py] => init_train?---False
2024-10-30 11:10:31,436 [base.py] => Reducing exemplars...(100 per classes)
2024-10-30 11:10:31,437 [base.py] => Constructing exemplars...(100 per classes)
2024-10-30 11:10:39,762 [trainer.py] => All params: 3849034
2024-10-30 11:10:41,693 [pod_foster.py] => Exemplar size: 500
2024-10-30 11:10:41,693 [trainer.py] => CNN: {'total': 90.13, '00-04': 90.13, 'old': 0, 'new': 90.13}
2024-10-30 11:10:41,693 [trainer.py] => NME: {'total': 89.53, '00-04': 89.53, 'old': 0, 'new': 89.53}
2024-10-30 11:10:41,694 [trainer.py] => CNN top1 curve: [90.13]
2024-10-30 11:10:41,694 [trainer.py] => CNN top5 curve: [100.0]
2024-10-30 11:10:41,694 [trainer.py] => NME top1 curve: [89.53]
2024-10-30 11:10:41,694 [trainer.py] => NME top5 curve: [100.0]

2024-10-30 11:10:41,694 [trainer.py] => Average Accuracy (CNN): 90.13
2024-10-30 11:10:41,695 [trainer.py] => Average Accuracy (NME): 89.53
2024-10-30 11:10:41,695 [trainer.py] => All params: 3849034
2024-10-30 11:10:41,696 [trainer.py] => Trainable params: 3849034
2024-10-30 11:10:41,759 [pod_foster.py] => Learning on 5-7
2024-10-30 11:10:41,761 [pod_foster.py] => All params: 7701139
2024-10-30 11:10:41,762 [pod_foster.py] => Trainable params: 3854670
2024-10-30 11:10:41,847 [pod_foster.py] => Adaptive factor: 1.8708286933869707
2024-10-30 11:10:41,852 [pod_foster.py] => per cls weights : [1.00484344 1.00484344 1.00484344 1.00484344 1.00484344 0.98789141
 0.98789141]
2024-10-30 11:10:45,765 [pod_foster.py] => Task 1, Epoch 1/150 => Loss 1.739, Loss_clf 0.650, Loss_fe 0.722, Loss_pod 0.064, Loss_flat 0.303, Train_accy 79.56, Test_accy 48.45
2024-10-30 11:10:57,490 [pod_foster.py] => Task 1, Epoch 6/150 => Loss 0.250, Loss_clf 0.015, Loss_fe 0.052, Loss_pod 0.058, Loss_flat 0.126, Train_accy 99.87, Test_accy 74.55
2024-10-30 11:11:09,437 [pod_foster.py] => Task 1, Epoch 11/150 => Loss 0.115, Loss_clf 0.006, Loss_fe 0.008, Loss_pod 0.040, Loss_flat 0.062, Train_accy 100.00, Test_accy 77.31
2024-10-30 11:11:21,778 [pod_foster.py] => Task 1, Epoch 16/150 => Loss 0.089, Loss_clf 0.005, Loss_fe 0.006, Loss_pod 0.032, Loss_flat 0.046, Train_accy 100.00, Test_accy 79.40
2024-10-30 11:11:33,540 [pod_foster.py] => Task 1, Epoch 21/150 => Loss 0.381, Loss_clf 0.033, Loss_fe 0.107, Loss_pod 0.075, Loss_flat 0.167, Train_accy 99.29, Test_accy 79.62
2024-10-30 11:11:44,437 [pod_foster.py] => Task 1, Epoch 26/150 => Loss 0.255, Loss_clf 0.013, Loss_fe 0.038, Loss_pod 0.067, Loss_flat 0.137, Train_accy 99.76, Test_accy 79.76
2024-10-30 11:11:53,704 [pod_foster.py] => Task 1, Epoch 31/150 => Loss 0.145, Loss_clf 0.010, Loss_fe 0.010, Loss_pod 0.049, Loss_flat 0.077, Train_accy 99.98, Test_accy 76.02
2024-10-30 11:12:02,995 [pod_foster.py] => Task 1, Epoch 36/150 => Loss 0.114, Loss_clf 0.004, Loss_fe 0.005, Loss_pod 0.045, Loss_flat 0.059, Train_accy 100.00, Test_accy 80.64
2024-10-30 11:12:12,206 [pod_foster.py] => Task 1, Epoch 41/150 => Loss 0.091, Loss_clf 0.004, Loss_fe 0.005, Loss_pod 0.039, Loss_flat 0.044, Train_accy 100.00, Test_accy 80.64
2024-10-30 11:12:23,392 [pod_foster.py] => Task 1, Epoch 46/150 => Loss 0.084, Loss_clf 0.004, Loss_fe 0.005, Loss_pod 0.036, Loss_flat 0.040, Train_accy 100.00, Test_accy 80.55
2024-10-30 11:12:34,495 [pod_foster.py] => Task 1, Epoch 51/150 => Loss 0.076, Loss_clf 0.004, Loss_fe 0.004, Loss_pod 0.033, Loss_flat 0.035, Train_accy 100.00, Test_accy 80.38
2024-10-30 11:12:45,606 [pod_foster.py] => Task 1, Epoch 56/150 => Loss 0.069, Loss_clf 0.004, Loss_fe 0.004, Loss_pod 0.030, Loss_flat 0.032, Train_accy 100.00, Test_accy 81.57
2024-10-30 11:12:57,391 [pod_foster.py] => Task 1, Epoch 61/150 => Loss 0.068, Loss_clf 0.004, Loss_fe 0.004, Loss_pod 0.028, Loss_flat 0.031, Train_accy 100.00, Test_accy 79.67
2024-10-30 11:13:09,718 [pod_foster.py] => Task 1, Epoch 66/150 => Loss 0.064, Loss_clf 0.004, Loss_fe 0.004, Loss_pod 0.027, Loss_flat 0.029, Train_accy 100.00, Test_accy 79.86
2024-10-30 11:13:19,797 [pod_foster.py] => Task 1, Epoch 71/150 => Loss 0.061, Loss_clf 0.004, Loss_fe 0.004, Loss_pod 0.026, Loss_flat 0.027, Train_accy 100.00, Test_accy 79.62
2024-10-30 11:13:29,368 [pod_foster.py] => Task 1, Epoch 76/150 => Loss 0.058, Loss_clf 0.003, Loss_fe 0.004, Loss_pod 0.024, Loss_flat 0.027, Train_accy 100.00, Test_accy 79.60
2024-10-30 11:13:39,218 [pod_foster.py] => Task 1, Epoch 81/150 => Loss 0.056, Loss_clf 0.003, Loss_fe 0.004, Loss_pod 0.023, Loss_flat 0.025, Train_accy 100.00, Test_accy 79.43
2024-10-30 11:13:49,742 [pod_foster.py] => Task 1, Epoch 86/150 => Loss 0.056, Loss_clf 0.003, Loss_fe 0.004, Loss_pod 0.023, Loss_flat 0.026, Train_accy 100.00, Test_accy 79.83
2024-10-30 11:14:02,055 [pod_foster.py] => Task 1, Epoch 91/150 => Loss 0.053, Loss_clf 0.003, Loss_fe 0.004, Loss_pod 0.022, Loss_flat 0.024, Train_accy 100.00, Test_accy 80.21
2024-10-30 11:14:14,133 [pod_foster.py] => Task 1, Epoch 96/150 => Loss 0.166, Loss_clf 0.010, Loss_fe 0.022, Loss_pod 0.045, Loss_flat 0.089, Train_accy 99.89, Test_accy 81.83
2024-10-30 11:14:25,758 [pod_foster.py] => Task 1, Epoch 101/150 => Loss 0.067, Loss_clf 0.004, Loss_fe 0.004, Loss_pod 0.027, Loss_flat 0.032, Train_accy 100.00, Test_accy 81.31
2024-10-30 11:14:38,175 [pod_foster.py] => Task 1, Epoch 106/150 => Loss 0.060, Loss_clf 0.004, Loss_fe 0.004, Loss_pod 0.024, Loss_flat 0.028, Train_accy 100.00, Test_accy 80.79
2024-10-30 11:14:50,417 [pod_foster.py] => Task 1, Epoch 111/150 => Loss 0.056, Loss_clf 0.004, Loss_fe 0.004, Loss_pod 0.023, Loss_flat 0.026, Train_accy 100.00, Test_accy 80.21
2024-10-30 11:15:01,998 [pod_foster.py] => Task 1, Epoch 116/150 => Loss 0.055, Loss_clf 0.004, Loss_fe 0.004, Loss_pod 0.022, Loss_flat 0.025, Train_accy 100.00, Test_accy 81.02
2024-10-30 11:15:11,689 [pod_foster.py] => Task 1, Epoch 121/150 => Loss 0.054, Loss_clf 0.004, Loss_fe 0.004, Loss_pod 0.022, Loss_flat 0.024, Train_accy 100.00, Test_accy 80.74
2024-10-30 11:15:21,691 [pod_foster.py] => Task 1, Epoch 126/150 => Loss 0.053, Loss_clf 0.004, Loss_fe 0.004, Loss_pod 0.021, Loss_flat 0.024, Train_accy 100.00, Test_accy 80.36
2024-10-30 11:15:31,659 [pod_foster.py] => Task 1, Epoch 131/150 => Loss 0.053, Loss_clf 0.003, Loss_fe 0.004, Loss_pod 0.021, Loss_flat 0.025, Train_accy 100.00, Test_accy 79.38
2024-10-30 11:15:43,091 [pod_foster.py] => Task 1, Epoch 136/150 => Loss 0.051, Loss_clf 0.003, Loss_fe 0.004, Loss_pod 0.021, Loss_flat 0.023, Train_accy 100.00, Test_accy 80.38
2024-10-30 11:15:55,997 [pod_foster.py] => Task 1, Epoch 141/150 => Loss 0.051, Loss_clf 0.004, Loss_fe 0.004, Loss_pod 0.021, Loss_flat 0.023, Train_accy 100.00, Test_accy 80.57
2024-10-30 11:16:08,562 [pod_foster.py] => Task 1, Epoch 146/150 => Loss 0.052, Loss_clf 0.003, Loss_fe 0.004, Loss_pod 0.021, Loss_flat 0.024, Train_accy 100.00, Test_accy 80.21
2024-10-30 11:16:18,056 [pod_foster.py] => Task 1, Epoch 150/150 => Loss 0.051, Loss_clf 0.003, Loss_fe 0.004, Loss_pod 0.021, Loss_flat 0.023, Train_accy 100.00
2024-10-30 11:16:18,058 [inc_net.py] => align weights, gamma = 0.5013468265533447 
2024-10-30 11:16:18,059 [pod_foster.py] => per cls weights : [1.01377356 1.01377356 1.01377356 1.01377356 1.01377356 0.96556609
 0.96556609]
2024-10-30 11:16:21,349 [pod_foster.py] => SNet: Task 1, Epoch 1/120 => Loss 1.319,  Train_accy 70.31, Test_accy 67.81
2024-10-30 11:16:32,654 [pod_foster.py] => SNet: Task 1, Epoch 6/120 => Loss 1.030,  Train_accy 95.98, Test_accy 81.17
2024-10-30 11:16:43,159 [pod_foster.py] => SNet: Task 1, Epoch 11/120 => Loss 1.024,  Train_accy 96.84, Test_accy 81.19
2024-10-30 11:16:51,756 [pod_foster.py] => SNet: Task 1, Epoch 16/120 => Loss 1.020,  Train_accy 96.71, Test_accy 82.26
2024-10-30 11:17:00,591 [pod_foster.py] => SNet: Task 1, Epoch 21/120 => Loss 1.021,  Train_accy 96.78, Test_accy 82.17
2024-10-30 11:17:09,670 [pod_foster.py] => SNet: Task 1, Epoch 26/120 => Loss 1.017,  Train_accy 96.87, Test_accy 82.36
2024-10-30 11:17:18,942 [pod_foster.py] => SNet: Task 1, Epoch 31/120 => Loss 1.018,  Train_accy 97.09, Test_accy 82.40
2024-10-30 11:17:31,291 [pod_foster.py] => SNet: Task 1, Epoch 36/120 => Loss 1.018,  Train_accy 96.82, Test_accy 83.10
2024-10-30 11:17:42,577 [pod_foster.py] => SNet: Task 1, Epoch 41/120 => Loss 1.016,  Train_accy 97.18, Test_accy 82.74
2024-10-30 11:17:53,632 [pod_foster.py] => SNet: Task 1, Epoch 46/120 => Loss 1.014,  Train_accy 97.49, Test_accy 83.40
2024-10-30 11:18:05,394 [pod_foster.py] => SNet: Task 1, Epoch 51/120 => Loss 1.015,  Train_accy 97.27, Test_accy 83.83
2024-10-30 11:18:17,059 [pod_foster.py] => SNet: Task 1, Epoch 56/120 => Loss 1.012,  Train_accy 97.44, Test_accy 83.10
2024-10-30 11:18:27,406 [pod_foster.py] => SNet: Task 1, Epoch 61/120 => Loss 1.012,  Train_accy 97.56, Test_accy 83.62
2024-10-30 11:18:35,821 [pod_foster.py] => SNet: Task 1, Epoch 66/120 => Loss 1.016,  Train_accy 97.49, Test_accy 83.26
2024-10-30 11:18:44,505 [pod_foster.py] => SNet: Task 1, Epoch 71/120 => Loss 1.015,  Train_accy 97.29, Test_accy 84.05
2024-10-30 11:18:53,068 [pod_foster.py] => SNet: Task 1, Epoch 76/120 => Loss 1.012,  Train_accy 97.53, Test_accy 84.07
2024-10-30 11:19:03,460 [pod_foster.py] => SNet: Task 1, Epoch 81/120 => Loss 1.014,  Train_accy 97.33, Test_accy 83.98
2024-10-30 11:19:15,488 [pod_foster.py] => SNet: Task 1, Epoch 86/120 => Loss 1.013,  Train_accy 97.47, Test_accy 83.95
2024-10-30 11:19:27,034 [pod_foster.py] => SNet: Task 1, Epoch 91/120 => Loss 1.013,  Train_accy 97.64, Test_accy 83.90
2024-10-30 11:19:37,993 [pod_foster.py] => SNet: Task 1, Epoch 96/120 => Loss 1.013,  Train_accy 97.44, Test_accy 83.86
2024-10-30 11:19:48,463 [pod_foster.py] => SNet: Task 1, Epoch 101/120 => Loss 1.011,  Train_accy 97.44, Test_accy 83.86
2024-10-30 11:19:59,811 [pod_foster.py] => SNet: Task 1, Epoch 106/120 => Loss 1.013,  Train_accy 97.78, Test_accy 83.95
2024-10-30 11:20:09,089 [pod_foster.py] => SNet: Task 1, Epoch 111/120 => Loss 1.014,  Train_accy 97.58, Test_accy 83.95
2024-10-30 11:20:17,678 [pod_foster.py] => SNet: Task 1, Epoch 116/120 => Loss 1.011,  Train_accy 97.62, Test_accy 84.07
2024-10-30 11:20:24,025 [pod_foster.py] => SNet: Task 1, Epoch 120/120 => Loss 1.011,  Train_accy 97.38
2024-10-30 11:20:24,026 [pod_foster.py] => do not weight align student!
2024-10-30 11:20:24,686 [pod_foster.py] => darknet eval: 
2024-10-30 11:20:24,686 [pod_foster.py] => CNN top1 curve: 83.9
2024-10-30 11:20:24,686 [pod_foster.py] => CNN top5 curve: 99.48
2024-10-30 11:20:24,686 [pod_foster.py] => CNN: {'total': 83.9, '00-04': 82.23, '05-06': 88.08, 'old': 82.23, 'new': 88.08}
2024-10-30 11:20:24,687 [pod_foster.py] => All params after compression: 3851086
2024-10-30 11:20:24,688 [base.py] => Reducing exemplars...(71 per classes)
2024-10-30 11:20:25,919 [base.py] => Constructing exemplars...(71 per classes)
2024-10-30 11:20:29,380 [trainer.py] => All params: 7701139
2024-10-30 11:20:31,194 [pod_foster.py] => Exemplar size: 497
2024-10-30 11:20:31,194 [trainer.py] => CNN: {'total': 85.48, '00-04': 85.93, '05-06': 84.33, 'old': 85.93, 'new': 84.33}
2024-10-30 11:20:31,194 [trainer.py] => NME: {'total': 76.55, '00-04': 83.2, '05-06': 59.92, 'old': 83.2, 'new': 59.92}
2024-10-30 11:20:31,194 [trainer.py] => CNN top1 curve: [90.13, 85.48]
2024-10-30 11:20:31,194 [trainer.py] => CNN top5 curve: [100.0, 99.55]
2024-10-30 11:20:31,194 [trainer.py] => NME top1 curve: [89.53, 76.55]
2024-10-30 11:20:31,194 [trainer.py] => NME top5 curve: [100.0, 99.62]

2024-10-30 11:20:31,194 [trainer.py] => Average Accuracy (CNN): 87.805
2024-10-30 11:20:31,194 [trainer.py] => Average Accuracy (NME): 83.03999999999999
2024-10-30 11:20:31,195 [trainer.py] => All params: 7701139
2024-10-30 11:20:31,196 [trainer.py] => Trainable params: 3854670
2024-10-30 11:20:31,273 [pod_foster.py] => Learning on 7-9
2024-10-30 11:20:31,274 [pod_foster.py] => All params: 7705241
2024-10-30 11:20:31,275 [pod_foster.py] => Trainable params: 3857746
2024-10-30 11:20:31,320 [pod_foster.py] => Adaptive factor: 2.1213203435596424
2024-10-30 11:20:31,326 [pod_foster.py] => per cls weights : [1.01239929 1.01239929 1.01239929 1.01239929 1.01239929 1.01239929
 1.01239929 0.95660248 0.95660248]
2024-10-30 11:20:34,587 [pod_foster.py] => Task 2, Epoch 1/150 => Loss 1.931, Loss_clf 0.768, Loss_fe 0.806, Loss_pod 0.073, Loss_flat 0.284, Train_accy 81.03, Test_accy 59.44
2024-10-30 11:20:46,836 [pod_foster.py] => Task 2, Epoch 6/150 => Loss 0.460, Loss_clf 0.048, Loss_fe 0.167, Loss_pod 0.077, Loss_flat 0.168, Train_accy 98.67, Test_accy 55.87
2024-10-30 11:20:59,693 [pod_foster.py] => Task 2, Epoch 11/150 => Loss 0.159, Loss_clf 0.011, Loss_fe 0.016, Loss_pod 0.050, Loss_flat 0.082, Train_accy 99.96, Test_accy 63.44
2024-10-30 11:21:12,376 [pod_foster.py] => Task 2, Epoch 16/150 => Loss 0.183, Loss_clf 0.009, Loss_fe 0.014, Loss_pod 0.060, Loss_flat 0.100, Train_accy 99.96, Test_accy 67.94
2024-10-30 11:21:25,010 [pod_foster.py] => Task 2, Epoch 21/150 => Loss 0.119, Loss_clf 0.005, Loss_fe 0.006, Loss_pod 0.045, Loss_flat 0.062, Train_accy 100.00, Test_accy 63.56
2024-10-30 11:21:37,876 [pod_foster.py] => Task 2, Epoch 26/150 => Loss 0.152, Loss_clf 0.011, Loss_fe 0.014, Loss_pod 0.049, Loss_flat 0.078, Train_accy 99.82, Test_accy 62.07
2024-10-30 11:21:49,558 [pod_foster.py] => Task 2, Epoch 31/150 => Loss 0.111, Loss_clf 0.006, Loss_fe 0.007, Loss_pod 0.040, Loss_flat 0.058, Train_accy 99.96, Test_accy 69.15
2024-10-30 11:21:59,741 [pod_foster.py] => Task 2, Epoch 36/150 => Loss 0.081, Loss_clf 0.004, Loss_fe 0.005, Loss_pod 0.033, Loss_flat 0.039, Train_accy 100.00, Test_accy 64.17
2024-10-30 11:22:09,966 [pod_foster.py] => Task 2, Epoch 41/150 => Loss 0.237, Loss_clf 0.016, Loss_fe 0.032, Loss_pod 0.072, Loss_flat 0.118, Train_accy 99.82, Test_accy 60.52
2024-10-30 11:22:20,317 [pod_foster.py] => Task 2, Epoch 46/150 => Loss 0.127, Loss_clf 0.005, Loss_fe 0.005, Loss_pod 0.051, Loss_flat 0.065, Train_accy 100.00, Test_accy 65.81
2024-10-30 11:22:33,546 [pod_foster.py] => Task 2, Epoch 51/150 => Loss 0.097, Loss_clf 0.004, Loss_fe 0.005, Loss_pod 0.041, Loss_flat 0.047, Train_accy 100.00, Test_accy 63.13
2024-10-30 11:22:45,682 [pod_foster.py] => Task 2, Epoch 56/150 => Loss 0.084, Loss_clf 0.004, Loss_fe 0.005, Loss_pod 0.036, Loss_flat 0.039, Train_accy 100.00, Test_accy 63.37
2024-10-30 11:22:58,547 [pod_foster.py] => Task 2, Epoch 61/150 => Loss 0.087, Loss_clf 0.004, Loss_fe 0.006, Loss_pod 0.035, Loss_flat 0.042, Train_accy 100.00, Test_accy 65.04
2024-10-30 11:23:10,582 [pod_foster.py] => Task 2, Epoch 66/150 => Loss 0.172, Loss_clf 0.013, Loss_fe 0.022, Loss_pod 0.054, Loss_flat 0.083, Train_accy 99.71, Test_accy 65.70
2024-10-30 11:23:22,691 [pod_foster.py] => Task 2, Epoch 71/150 => Loss 0.087, Loss_clf 0.004, Loss_fe 0.005, Loss_pod 0.034, Loss_flat 0.043, Train_accy 100.00, Test_accy 65.30
2024-10-30 11:23:33,504 [pod_foster.py] => Task 2, Epoch 76/150 => Loss 0.071, Loss_clf 0.004, Loss_fe 0.004, Loss_pod 0.030, Loss_flat 0.033, Train_accy 100.00, Test_accy 64.30
2024-10-30 11:23:43,671 [pod_foster.py] => Task 2, Epoch 81/150 => Loss 0.078, Loss_clf 0.004, Loss_fe 0.004, Loss_pod 0.031, Loss_flat 0.038, Train_accy 100.00, Test_accy 65.02
2024-10-30 11:23:53,706 [pod_foster.py] => Task 2, Epoch 86/150 => Loss 0.067, Loss_clf 0.004, Loss_fe 0.004, Loss_pod 0.028, Loss_flat 0.031, Train_accy 100.00, Test_accy 65.54
2024-10-30 11:24:04,903 [pod_foster.py] => Task 2, Epoch 91/150 => Loss 0.069, Loss_clf 0.004, Loss_fe 0.004, Loss_pod 0.028, Loss_flat 0.033, Train_accy 100.00, Test_accy 63.91
2024-10-30 11:24:17,906 [pod_foster.py] => Task 2, Epoch 96/150 => Loss 0.063, Loss_clf 0.004, Loss_fe 0.004, Loss_pod 0.026, Loss_flat 0.029, Train_accy 100.00, Test_accy 65.72
2024-10-30 11:24:31,483 [pod_foster.py] => Task 2, Epoch 101/150 => Loss 0.061, Loss_clf 0.004, Loss_fe 0.004, Loss_pod 0.025, Loss_flat 0.028, Train_accy 100.00, Test_accy 64.15
2024-10-30 11:24:44,466 [pod_foster.py] => Task 2, Epoch 106/150 => Loss 0.067, Loss_clf 0.004, Loss_fe 0.005, Loss_pod 0.026, Loss_flat 0.031, Train_accy 100.00, Test_accy 63.17
2024-10-30 11:24:57,115 [pod_foster.py] => Task 2, Epoch 111/150 => Loss 0.062, Loss_clf 0.004, Loss_fe 0.005, Loss_pod 0.025, Loss_flat 0.028, Train_accy 100.00, Test_accy 65.50
2024-10-30 11:25:09,912 [pod_foster.py] => Task 2, Epoch 116/150 => Loss 0.060, Loss_clf 0.004, Loss_fe 0.005, Loss_pod 0.024, Loss_flat 0.027, Train_accy 100.00, Test_accy 64.39
2024-10-30 11:25:21,161 [pod_foster.py] => Task 2, Epoch 121/150 => Loss 0.058, Loss_clf 0.004, Loss_fe 0.004, Loss_pod 0.024, Loss_flat 0.027, Train_accy 100.00, Test_accy 65.56
2024-10-30 11:25:32,241 [pod_foster.py] => Task 2, Epoch 126/150 => Loss 0.057, Loss_clf 0.003, Loss_fe 0.004, Loss_pod 0.023, Loss_flat 0.026, Train_accy 100.00, Test_accy 66.48
2024-10-30 11:25:43,315 [pod_foster.py] => Task 2, Epoch 131/150 => Loss 0.058, Loss_clf 0.004, Loss_fe 0.004, Loss_pod 0.023, Loss_flat 0.027, Train_accy 100.00, Test_accy 65.09
2024-10-30 11:25:56,540 [pod_foster.py] => Task 2, Epoch 136/150 => Loss 0.056, Loss_clf 0.003, Loss_fe 0.004, Loss_pod 0.023, Loss_flat 0.026, Train_accy 100.00, Test_accy 66.78
2024-10-30 11:26:12,271 [pod_foster.py] => Task 2, Epoch 141/150 => Loss 0.055, Loss_clf 0.003, Loss_fe 0.004, Loss_pod 0.023, Loss_flat 0.025, Train_accy 100.00, Test_accy 65.96
2024-10-30 11:26:27,618 [pod_foster.py] => Task 2, Epoch 146/150 => Loss 0.056, Loss_clf 0.004, Loss_fe 0.004, Loss_pod 0.023, Loss_flat 0.026, Train_accy 100.00, Test_accy 63.61
2024-10-30 11:26:38,953 [pod_foster.py] => Task 2, Epoch 150/150 => Loss 0.056, Loss_clf 0.003, Loss_fe 0.004, Loss_pod 0.023, Loss_flat 0.026, Train_accy 100.00
2024-10-30 11:26:38,954 [inc_net.py] => align weights, gamma = 0.4968987703323364 
2024-10-30 11:26:38,957 [pod_foster.py] => per cls weights : [1.02623168 1.02623168 1.02623168 1.02623168 1.02623168 1.02623168
 1.02623168 0.90818914 0.90818914]
2024-10-30 11:26:43,148 [pod_foster.py] => SNet: Task 2, Epoch 1/120 => Loss 1.586,  Train_accy 73.32, Test_accy 64.07
2024-10-30 11:26:56,323 [pod_foster.py] => SNet: Task 2, Epoch 6/120 => Loss 1.327,  Train_accy 97.00, Test_accy 74.65
2024-10-30 11:27:07,488 [pod_foster.py] => SNet: Task 2, Epoch 11/120 => Loss 1.326,  Train_accy 97.33, Test_accy 75.76
2024-10-30 11:27:17,439 [pod_foster.py] => SNet: Task 2, Epoch 16/120 => Loss 1.320,  Train_accy 98.13, Test_accy 76.41
2024-10-30 11:27:27,414 [pod_foster.py] => SNet: Task 2, Epoch 21/120 => Loss 1.319,  Train_accy 97.82, Test_accy 75.30
2024-10-30 11:27:37,783 [pod_foster.py] => SNet: Task 2, Epoch 26/120 => Loss 1.319,  Train_accy 98.42, Test_accy 75.85
2024-10-30 11:27:50,543 [pod_foster.py] => SNet: Task 2, Epoch 31/120 => Loss 1.318,  Train_accy 97.93, Test_accy 76.48
2024-10-30 11:28:04,383 [pod_foster.py] => SNet: Task 2, Epoch 36/120 => Loss 1.318,  Train_accy 98.15, Test_accy 76.13
2024-10-30 11:28:18,113 [pod_foster.py] => SNet: Task 2, Epoch 41/120 => Loss 1.316,  Train_accy 98.20, Test_accy 76.26
2024-10-30 11:28:30,918 [pod_foster.py] => SNet: Task 2, Epoch 46/120 => Loss 1.315,  Train_accy 98.22, Test_accy 76.54
2024-10-30 11:28:43,923 [pod_foster.py] => SNet: Task 2, Epoch 51/120 => Loss 1.316,  Train_accy 98.35, Test_accy 76.50
2024-10-30 11:28:53,956 [pod_foster.py] => SNet: Task 2, Epoch 56/120 => Loss 1.317,  Train_accy 98.51, Test_accy 76.69
2024-10-30 11:29:03,685 [pod_foster.py] => SNet: Task 2, Epoch 61/120 => Loss 1.317,  Train_accy 98.51, Test_accy 76.80
2024-10-30 11:29:13,291 [pod_foster.py] => SNet: Task 2, Epoch 66/120 => Loss 1.314,  Train_accy 98.47, Test_accy 76.65
2024-10-30 11:29:23,464 [pod_foster.py] => SNet: Task 2, Epoch 71/120 => Loss 1.314,  Train_accy 98.58, Test_accy 76.54
2024-10-30 11:29:37,718 [pod_foster.py] => SNet: Task 2, Epoch 76/120 => Loss 1.316,  Train_accy 98.55, Test_accy 76.57
2024-10-30 11:29:50,249 [pod_foster.py] => SNet: Task 2, Epoch 81/120 => Loss 1.316,  Train_accy 98.53, Test_accy 76.93
2024-10-30 11:30:02,527 [pod_foster.py] => SNet: Task 2, Epoch 86/120 => Loss 1.310,  Train_accy 98.40, Test_accy 76.44
2024-10-30 11:30:14,755 [pod_foster.py] => SNet: Task 2, Epoch 91/120 => Loss 1.313,  Train_accy 98.62, Test_accy 76.83
2024-10-30 11:30:27,429 [pod_foster.py] => SNet: Task 2, Epoch 96/120 => Loss 1.311,  Train_accy 98.82, Test_accy 76.30
2024-10-30 11:30:38,721 [pod_foster.py] => SNet: Task 2, Epoch 101/120 => Loss 1.311,  Train_accy 98.51, Test_accy 76.48
2024-10-30 11:30:48,320 [pod_foster.py] => SNet: Task 2, Epoch 106/120 => Loss 1.313,  Train_accy 98.60, Test_accy 76.63
2024-10-30 11:30:58,250 [pod_foster.py] => SNet: Task 2, Epoch 111/120 => Loss 1.314,  Train_accy 98.58, Test_accy 76.67
2024-10-30 11:31:07,976 [pod_foster.py] => SNet: Task 2, Epoch 116/120 => Loss 1.315,  Train_accy 98.62, Test_accy 77.11
2024-10-30 11:31:17,029 [pod_foster.py] => SNet: Task 2, Epoch 120/120 => Loss 1.313,  Train_accy 98.44
2024-10-30 11:31:17,030 [pod_foster.py] => do not weight align student!
2024-10-30 11:31:18,155 [pod_foster.py] => darknet eval: 
2024-10-30 11:31:18,156 [pod_foster.py] => CNN top1 curve: 76.65
2024-10-30 11:31:18,156 [pod_foster.py] => CNN top5 curve: 97.8
2024-10-30 11:31:18,156 [pod_foster.py] => CNN: {'total': 76.65, '00-04': 76.17, '05-06': 72.58, '07-08': 81.92, 'old': 75.14, 'new': 81.92}
2024-10-30 11:31:18,157 [pod_foster.py] => All params after compression: 3853138
2024-10-30 11:31:18,158 [base.py] => Reducing exemplars...(55 per classes)
2024-10-30 11:31:21,477 [base.py] => Constructing exemplars...(55 per classes)
2024-10-30 11:31:26,016 [trainer.py] => All params: 7705241
2024-10-30 11:31:29,473 [pod_foster.py] => Exemplar size: 495
2024-10-30 11:31:29,474 [trainer.py] => CNN: {'total': 78.98, '00-04': 77.03, '05-06': 80.75, '07-08': 82.08, 'old': 78.1, 'new': 82.08}
2024-10-30 11:31:29,474 [trainer.py] => NME: {'total': 69.06, '00-04': 76.8, '05-06': 63.5, '07-08': 55.25, 'old': 73.0, 'new': 55.25}
2024-10-30 11:31:29,475 [trainer.py] => CNN top1 curve: [90.13, 85.48, 78.98]
2024-10-30 11:31:29,475 [trainer.py] => CNN top5 curve: [100.0, 99.55, 97.69]
2024-10-30 11:31:29,475 [trainer.py] => NME top1 curve: [89.53, 76.55, 69.06]
2024-10-30 11:31:29,476 [trainer.py] => NME top5 curve: [100.0, 99.62, 97.57]

2024-10-30 11:31:29,476 [trainer.py] => Average Accuracy (CNN): 84.86333333333334
2024-10-30 11:31:29,477 [trainer.py] => Average Accuracy (NME): 78.38
2024-10-30 11:31:29,478 [trainer.py] => Forgetting (CNN): 8.339999999999996
