2024-10-30 20:59:03,683 [trainer.py] => config: ./exps/POD_foster.json
2024-10-30 20:59:03,683 [trainer.py] => prefix: cil
2024-10-30 20:59:03,684 [trainer.py] => dataset: hrrp9
2024-10-30 20:59:03,684 [trainer.py] => memory_size: 200
2024-10-30 20:59:03,684 [trainer.py] => memory_per_class: 20
2024-10-30 20:59:03,685 [trainer.py] => fixed_memory: False
2024-10-30 20:59:03,685 [trainer.py] => shuffle: True
2024-10-30 20:59:03,685 [trainer.py] => init_cls: 5
2024-10-30 20:59:03,685 [trainer.py] => increment: 2
2024-10-30 20:59:03,686 [trainer.py] => model_name: POD_foster
2024-10-30 20:59:03,686 [trainer.py] => convnet_type: resnet18
2024-10-30 20:59:03,686 [trainer.py] => init_train: False
2024-10-30 20:59:03,687 [trainer.py] => convnet_path: checkpoints/init_train/resnet18_35172.pth
2024-10-30 20:59:03,687 [trainer.py] => fc_path: checkpoints/init_train/fc_35172.pth
2024-10-30 20:59:03,687 [trainer.py] => convnet_path1: checkpoints/init_train/resnet18_42503.pth
2024-10-30 20:59:03,687 [trainer.py] => fc_path1: checkpoints/init_train/fc_42503.pth
2024-10-30 20:59:03,688 [trainer.py] => convnet_path2: checkpoints/init_train/resnet18_42871.pth
2024-10-30 20:59:03,688 [trainer.py] => fc_path2: checkpoints/init_train/fc_42871.pth
2024-10-30 20:59:03,688 [trainer.py] => device: [device(type='cuda', index=3)]
2024-10-30 20:59:03,689 [trainer.py] => seed: 2001
2024-10-30 20:59:03,689 [trainer.py] => beta1: 0.96
2024-10-30 20:59:03,689 [trainer.py] => beta2: 0.97
2024-10-30 20:59:03,690 [trainer.py] => oofc: ft
2024-10-30 20:59:03,690 [trainer.py] => is_teacher_wa: True
2024-10-30 20:59:03,690 [trainer.py] => is_student_wa: False
2024-10-30 20:59:03,691 [trainer.py] => is_teacher_la: True
2024-10-30 20:59:03,691 [trainer.py] => is_student_la: True
2024-10-30 20:59:03,691 [trainer.py] => lambda_okd: 0
2024-10-30 20:59:03,691 [trainer.py] => wa_value: 1
2024-10-30 20:59:03,692 [trainer.py] => init_epochs: 0
2024-10-30 20:59:03,692 [trainer.py] => init_lr: 0.1
2024-10-30 20:59:03,692 [trainer.py] => init_weight_decay: 0.0005
2024-10-30 20:59:03,693 [trainer.py] => boosting_epochs: 150
2024-10-30 20:59:03,693 [trainer.py] => compression_epochs: 120
2024-10-30 20:59:03,693 [trainer.py] => lr: 0.1
2024-10-30 20:59:03,693 [trainer.py] => batch_size: 128
2024-10-30 20:59:03,694 [trainer.py] => weight_decay: 0.0005
2024-10-30 20:59:03,694 [trainer.py] => num_workers: 8
2024-10-30 20:59:03,694 [trainer.py] => momentum: 0.9
2024-10-30 20:59:03,695 [trainer.py] => T: 2
2024-10-30 20:59:03,695 [trainer.py] => lambda_c_base: 0.7
2024-10-30 20:59:03,695 [trainer.py] => lambda_f_base: 1.0
2024-10-30 20:59:03,696 [trainer.py] => POD: w
2024-10-30 20:59:04,448 [data_manager.py] => [3, 5, 1, 7, 2, 8, 6, 4, 0]
2024-10-30 20:59:04,489 [trainer.py] => All params: 0
2024-10-30 20:59:04,489 [trainer.py] => Trainable params: 0
2024-10-30 20:59:04,999 [pod_foster.py] => Learning on 0-5
2024-10-30 20:59:04,999 [pod_foster.py] => All params: 3849034
2024-10-30 20:59:05,000 [pod_foster.py] => Trainable params: 3849034
2024-10-30 20:59:05,046 [pod_foster.py] => Adaptive factor: 0
2024-10-30 20:59:05,054 [pod_foster.py] => init_train?---False
2024-10-30 20:59:06,057 [base.py] => Reducing exemplars...(40 per classes)
2024-10-30 20:59:06,057 [base.py] => Constructing exemplars...(40 per classes)
2024-10-30 20:59:10,179 [trainer.py] => All params: 3849034
2024-10-30 20:59:11,281 [pod_foster.py] => Exemplar size: 200
2024-10-30 20:59:11,281 [trainer.py] => CNN: {'total': 90.13, '00-04': 90.13, 'old': 0, 'new': 90.13}
2024-10-30 20:59:11,282 [trainer.py] => NME: {'total': 89.5, '00-04': 89.5, 'old': 0, 'new': 89.5}
2024-10-30 20:59:11,282 [trainer.py] => CNN top1 curve: [90.13]
2024-10-30 20:59:11,282 [trainer.py] => CNN top5 curve: [100.0]
2024-10-30 20:59:11,282 [trainer.py] => NME top1 curve: [89.5]
2024-10-30 20:59:11,282 [trainer.py] => NME top5 curve: [100.0]

2024-10-30 20:59:11,282 [trainer.py] => Average Accuracy (CNN): 90.13
2024-10-30 20:59:11,282 [trainer.py] => Average Accuracy (NME): 89.5
2024-10-30 20:59:11,282 [trainer.py] => All params: 3849034
2024-10-30 20:59:11,283 [trainer.py] => Trainable params: 3849034
2024-10-30 20:59:11,335 [pod_foster.py] => Learning on 5-7
2024-10-30 20:59:11,336 [pod_foster.py] => All params: 7701139
2024-10-30 20:59:11,337 [pod_foster.py] => Trainable params: 3854670
2024-10-30 20:59:11,354 [pod_foster.py] => Adaptive factor: 1.8708286933869707
2024-10-30 20:59:11,359 [pod_foster.py] => per cls weights : [1.05911885 1.05911885 1.05911885 1.05911885 1.05911885 0.85220288
 0.85220288]
2024-10-30 20:59:14,455 [pod_foster.py] => Task 1, Epoch 1/150 => Loss 1.883, Loss_clf 0.678, Loss_fe 0.537, Loss_pod 0.441, Loss_flat 0.227, Train_accy 83.21, Test_accy 47.40
2024-10-30 20:59:24,095 [pod_foster.py] => Task 1, Epoch 6/150 => Loss 0.328, Loss_clf 0.008, Loss_fe 0.046, Loss_pod 0.212, Loss_flat 0.063, Train_accy 100.00, Test_accy 71.10
2024-10-30 20:59:34,889 [pod_foster.py] => Task 1, Epoch 11/150 => Loss 0.227, Loss_clf 0.005, Loss_fe 0.013, Loss_pod 0.167, Loss_flat 0.041, Train_accy 100.00, Test_accy 74.24
2024-10-30 20:59:49,940 [pod_foster.py] => Task 1, Epoch 16/150 => Loss 0.184, Loss_clf 0.005, Loss_fe 0.008, Loss_pod 0.140, Loss_flat 0.031, Train_accy 100.00, Test_accy 71.69
2024-10-30 21:00:04,347 [pod_foster.py] => Task 1, Epoch 21/150 => Loss 0.166, Loss_clf 0.004, Loss_fe 0.007, Loss_pod 0.128, Loss_flat 0.027, Train_accy 100.00, Test_accy 74.38
2024-10-30 21:00:19,184 [pod_foster.py] => Task 1, Epoch 26/150 => Loss 0.171, Loss_clf 0.004, Loss_fe 0.006, Loss_pod 0.134, Loss_flat 0.026, Train_accy 100.00, Test_accy 68.67
2024-10-30 21:00:34,312 [pod_foster.py] => Task 1, Epoch 31/150 => Loss 0.161, Loss_clf 0.004, Loss_fe 0.006, Loss_pod 0.127, Loss_flat 0.024, Train_accy 100.00, Test_accy 74.55
2024-10-30 21:00:49,482 [pod_foster.py] => Task 1, Epoch 36/150 => Loss 0.155, Loss_clf 0.004, Loss_fe 0.006, Loss_pod 0.123, Loss_flat 0.023, Train_accy 100.00, Test_accy 69.45
2024-10-30 21:01:05,195 [pod_foster.py] => Task 1, Epoch 41/150 => Loss 0.150, Loss_clf 0.004, Loss_fe 0.006, Loss_pod 0.118, Loss_flat 0.023, Train_accy 100.00, Test_accy 73.00
2024-10-30 21:01:19,555 [pod_foster.py] => Task 1, Epoch 46/150 => Loss 0.150, Loss_clf 0.004, Loss_fe 0.006, Loss_pod 0.119, Loss_flat 0.022, Train_accy 100.00, Test_accy 67.83
2024-10-30 21:01:33,851 [pod_foster.py] => Task 1, Epoch 51/150 => Loss 0.145, Loss_clf 0.004, Loss_fe 0.005, Loss_pod 0.114, Loss_flat 0.022, Train_accy 100.00, Test_accy 69.45
2024-10-30 21:01:46,997 [pod_foster.py] => Task 1, Epoch 56/150 => Loss 0.140, Loss_clf 0.003, Loss_fe 0.005, Loss_pod 0.110, Loss_flat 0.021, Train_accy 100.00, Test_accy 70.14
2024-10-30 21:01:59,745 [pod_foster.py] => Task 1, Epoch 61/150 => Loss 0.145, Loss_clf 0.004, Loss_fe 0.006, Loss_pod 0.114, Loss_flat 0.022, Train_accy 100.00, Test_accy 70.36
2024-10-30 21:02:11,917 [pod_foster.py] => Task 1, Epoch 66/150 => Loss 0.139, Loss_clf 0.003, Loss_fe 0.005, Loss_pod 0.110, Loss_flat 0.021, Train_accy 100.00, Test_accy 69.52
2024-10-30 21:02:23,181 [pod_foster.py] => Task 1, Epoch 71/150 => Loss 0.134, Loss_clf 0.003, Loss_fe 0.005, Loss_pod 0.106, Loss_flat 0.020, Train_accy 100.00, Test_accy 72.29
2024-10-30 21:02:33,592 [pod_foster.py] => Task 1, Epoch 76/150 => Loss 0.130, Loss_clf 0.004, Loss_fe 0.005, Loss_pod 0.102, Loss_flat 0.019, Train_accy 100.00, Test_accy 66.07
2024-10-30 21:02:44,345 [pod_foster.py] => Task 1, Epoch 81/150 => Loss 0.126, Loss_clf 0.003, Loss_fe 0.005, Loss_pod 0.099, Loss_flat 0.019, Train_accy 100.00, Test_accy 68.81
2024-10-30 21:02:55,013 [pod_foster.py] => Task 1, Epoch 86/150 => Loss 0.121, Loss_clf 0.003, Loss_fe 0.005, Loss_pod 0.094, Loss_flat 0.018, Train_accy 100.00, Test_accy 66.76
2024-10-30 21:03:06,242 [pod_foster.py] => Task 1, Epoch 91/150 => Loss 0.119, Loss_clf 0.003, Loss_fe 0.005, Loss_pod 0.093, Loss_flat 0.018, Train_accy 100.00, Test_accy 66.07
2024-10-30 21:03:17,530 [pod_foster.py] => Task 1, Epoch 96/150 => Loss 0.111, Loss_clf 0.003, Loss_fe 0.005, Loss_pod 0.085, Loss_flat 0.017, Train_accy 100.00, Test_accy 67.17
2024-10-30 21:03:28,295 [pod_foster.py] => Task 1, Epoch 101/150 => Loss 0.115, Loss_clf 0.003, Loss_fe 0.005, Loss_pod 0.090, Loss_flat 0.018, Train_accy 100.00, Test_accy 68.19
2024-10-30 21:03:40,220 [pod_foster.py] => Task 1, Epoch 106/150 => Loss 0.110, Loss_clf 0.003, Loss_fe 0.005, Loss_pod 0.085, Loss_flat 0.017, Train_accy 100.00, Test_accy 66.69
2024-10-30 21:03:55,432 [pod_foster.py] => Task 1, Epoch 111/150 => Loss 0.108, Loss_clf 0.003, Loss_fe 0.005, Loss_pod 0.083, Loss_flat 0.017, Train_accy 100.00, Test_accy 68.36
2024-10-30 21:04:11,097 [pod_foster.py] => Task 1, Epoch 116/150 => Loss 0.105, Loss_clf 0.003, Loss_fe 0.005, Loss_pod 0.080, Loss_flat 0.017, Train_accy 100.00, Test_accy 66.98
2024-10-30 21:04:27,645 [pod_foster.py] => Task 1, Epoch 121/150 => Loss 0.100, Loss_clf 0.003, Loss_fe 0.005, Loss_pod 0.076, Loss_flat 0.016, Train_accy 100.00, Test_accy 68.83
2024-10-30 21:04:43,481 [pod_foster.py] => Task 1, Epoch 126/150 => Loss 0.094, Loss_clf 0.003, Loss_fe 0.004, Loss_pod 0.071, Loss_flat 0.016, Train_accy 100.00, Test_accy 67.33
2024-10-30 21:05:00,393 [pod_foster.py] => Task 1, Epoch 131/150 => Loss 0.093, Loss_clf 0.003, Loss_fe 0.005, Loss_pod 0.069, Loss_flat 0.016, Train_accy 100.00, Test_accy 68.57
2024-10-30 21:05:18,137 [pod_foster.py] => Task 1, Epoch 136/150 => Loss 0.094, Loss_clf 0.003, Loss_fe 0.005, Loss_pod 0.070, Loss_flat 0.016, Train_accy 100.00, Test_accy 67.98
2024-10-30 21:05:37,929 [pod_foster.py] => Task 1, Epoch 141/150 => Loss 0.092, Loss_clf 0.003, Loss_fe 0.004, Loss_pod 0.069, Loss_flat 0.016, Train_accy 100.00, Test_accy 67.38
2024-10-30 21:05:55,980 [pod_foster.py] => Task 1, Epoch 146/150 => Loss 0.091, Loss_clf 0.003, Loss_fe 0.005, Loss_pod 0.068, Loss_flat 0.016, Train_accy 100.00, Test_accy 67.38
2024-10-30 21:06:08,719 [pod_foster.py] => Task 1, Epoch 150/150 => Loss 0.092, Loss_clf 0.003, Loss_fe 0.005, Loss_pod 0.068, Loss_flat 0.016, Train_accy 100.00
2024-10-30 21:06:08,721 [inc_net.py] => align weights, gamma = 0.4402206242084503 
2024-10-30 21:06:08,723 [pod_foster.py] => per cls weights : [1.09228643 1.09228643 1.09228643 1.09228643 1.09228643 0.76928391
 0.76928391]
2024-10-30 21:06:13,236 [pod_foster.py] => SNet: Task 1, Epoch 1/120 => Loss 1.561,  Train_accy 53.26, Test_accy 70.83
2024-10-30 21:06:28,573 [pod_foster.py] => SNet: Task 1, Epoch 6/120 => Loss 1.393,  Train_accy 81.45, Test_accy 78.50
2024-10-30 21:06:39,230 [pod_foster.py] => SNet: Task 1, Epoch 11/120 => Loss 1.388,  Train_accy 81.31, Test_accy 79.12
2024-10-30 21:06:49,453 [pod_foster.py] => SNet: Task 1, Epoch 16/120 => Loss 1.386,  Train_accy 81.60, Test_accy 79.88
2024-10-30 21:06:59,282 [pod_foster.py] => SNet: Task 1, Epoch 21/120 => Loss 1.385,  Train_accy 81.33, Test_accy 79.21
2024-10-30 21:07:09,390 [pod_foster.py] => SNet: Task 1, Epoch 26/120 => Loss 1.386,  Train_accy 81.45, Test_accy 80.52
2024-10-30 21:07:19,641 [pod_foster.py] => SNet: Task 1, Epoch 31/120 => Loss 1.385,  Train_accy 81.57, Test_accy 80.17
2024-10-30 21:07:29,707 [pod_foster.py] => SNet: Task 1, Epoch 36/120 => Loss 1.384,  Train_accy 81.57, Test_accy 80.21
2024-10-30 21:07:39,837 [pod_foster.py] => SNet: Task 1, Epoch 41/120 => Loss 1.383,  Train_accy 81.74, Test_accy 79.98
2024-10-30 21:07:49,698 [pod_foster.py] => SNet: Task 1, Epoch 46/120 => Loss 1.383,  Train_accy 81.95, Test_accy 80.10
2024-10-30 21:08:02,917 [pod_foster.py] => SNet: Task 1, Epoch 51/120 => Loss 1.382,  Train_accy 81.38, Test_accy 80.81
2024-10-30 21:08:19,936 [pod_foster.py] => SNet: Task 1, Epoch 56/120 => Loss 1.382,  Train_accy 81.52, Test_accy 81.10
2024-10-30 21:08:36,657 [pod_foster.py] => SNet: Task 1, Epoch 61/120 => Loss 1.382,  Train_accy 81.26, Test_accy 80.95
2024-10-30 21:08:53,594 [pod_foster.py] => SNet: Task 1, Epoch 66/120 => Loss 1.381,  Train_accy 82.12, Test_accy 81.21
2024-10-30 21:09:11,347 [pod_foster.py] => SNet: Task 1, Epoch 71/120 => Loss 1.381,  Train_accy 81.79, Test_accy 81.21
2024-10-30 21:09:29,434 [pod_foster.py] => SNet: Task 1, Epoch 76/120 => Loss 1.381,  Train_accy 81.36, Test_accy 81.29
2024-10-30 21:09:48,458 [pod_foster.py] => SNet: Task 1, Epoch 81/120 => Loss 1.381,  Train_accy 81.79, Test_accy 81.43
2024-10-30 21:10:06,384 [pod_foster.py] => SNet: Task 1, Epoch 86/120 => Loss 1.380,  Train_accy 81.98, Test_accy 81.29
2024-10-30 21:10:22,583 [pod_foster.py] => SNet: Task 1, Epoch 91/120 => Loss 1.381,  Train_accy 82.00, Test_accy 81.67
2024-10-30 21:10:39,554 [pod_foster.py] => SNet: Task 1, Epoch 96/120 => Loss 1.380,  Train_accy 82.24, Test_accy 81.21
2024-10-30 21:10:53,025 [pod_foster.py] => SNet: Task 1, Epoch 101/120 => Loss 1.380,  Train_accy 81.67, Test_accy 81.36
2024-10-30 21:11:02,243 [pod_foster.py] => SNet: Task 1, Epoch 106/120 => Loss 1.380,  Train_accy 81.71, Test_accy 81.45
2024-10-30 21:11:11,376 [pod_foster.py] => SNet: Task 1, Epoch 111/120 => Loss 1.380,  Train_accy 81.62, Test_accy 81.31
2024-10-30 21:11:19,920 [pod_foster.py] => SNet: Task 1, Epoch 116/120 => Loss 1.380,  Train_accy 81.79, Test_accy 81.31
2024-10-30 21:11:26,476 [pod_foster.py] => SNet: Task 1, Epoch 120/120 => Loss 1.380,  Train_accy 81.95
2024-10-30 21:11:26,476 [pod_foster.py] => do not weight align student!
2024-10-30 21:11:27,185 [pod_foster.py] => darknet eval: 
2024-10-30 21:11:27,185 [pod_foster.py] => CNN top1 curve: 81.48
2024-10-30 21:11:27,185 [pod_foster.py] => CNN top5 curve: 99.52
2024-10-30 21:11:27,185 [pod_foster.py] => CNN: {'total': 81.48, '00-04': 83.63, '05-06': 76.08, 'old': 83.63, 'new': 76.08}
2024-10-30 21:11:27,187 [pod_foster.py] => All params after compression: 3851086
2024-10-30 21:11:27,187 [base.py] => Reducing exemplars...(28 per classes)
2024-10-30 21:11:28,196 [base.py] => Constructing exemplars...(28 per classes)
2024-10-30 21:11:30,464 [trainer.py] => All params: 7701139
2024-10-30 21:11:32,460 [pod_foster.py] => Exemplar size: 196
2024-10-30 21:11:32,460 [trainer.py] => CNN: {'total': 81.98, '00-04': 83.77, '05-06': 77.5, 'old': 83.77, 'new': 77.5}
2024-10-30 21:11:32,460 [trainer.py] => NME: {'total': 71.83, '00-04': 77.1, '05-06': 58.67, 'old': 77.1, 'new': 58.67}
2024-10-30 21:11:32,460 [trainer.py] => CNN top1 curve: [90.13, 81.98]
2024-10-30 21:11:32,460 [trainer.py] => CNN top5 curve: [100.0, 99.55]
2024-10-30 21:11:32,460 [trainer.py] => NME top1 curve: [89.5, 71.83]
2024-10-30 21:11:32,460 [trainer.py] => NME top5 curve: [100.0, 99.64]

2024-10-30 21:11:32,461 [trainer.py] => Average Accuracy (CNN): 86.055
2024-10-30 21:11:32,461 [trainer.py] => Average Accuracy (NME): 80.66499999999999
2024-10-30 21:11:32,461 [trainer.py] => All params: 7701139
2024-10-30 21:11:32,462 [trainer.py] => Trainable params: 3854670
2024-10-30 21:11:32,609 [pod_foster.py] => Learning on 7-9
2024-10-30 21:11:32,610 [pod_foster.py] => All params: 7705241
2024-10-30 21:11:32,611 [pod_foster.py] => Trainable params: 3857746
2024-10-30 21:11:32,660 [pod_foster.py] => Adaptive factor: 2.1213203435596424
2024-10-30 21:11:32,666 [pod_foster.py] => per cls weights : [1.07626046 1.07626046 1.07626046 1.07626046 1.07626046 1.07626046
 1.07626046 0.73308841 0.73308841]
2024-10-30 21:11:35,884 [pod_foster.py] => Task 2, Epoch 1/150 => Loss 2.004, Loss_clf 0.735, Loss_fe 0.600, Loss_pod 0.453, Loss_flat 0.216, Train_accy 83.39, Test_accy 39.80
2024-10-30 21:11:47,131 [pod_foster.py] => Task 2, Epoch 6/150 => Loss 0.448, Loss_clf 0.014, Loss_fe 0.091, Loss_pod 0.262, Loss_flat 0.081, Train_accy 99.83, Test_accy 55.69
2024-10-30 21:11:59,050 [pod_foster.py] => Task 2, Epoch 11/150 => Loss 0.249, Loss_clf 0.005, Loss_fe 0.023, Loss_pod 0.178, Loss_flat 0.043, Train_accy 100.00, Test_accy 51.76
2024-10-30 21:12:11,937 [pod_foster.py] => Task 2, Epoch 16/150 => Loss 1.274, Loss_clf 0.243, Loss_fe 0.322, Loss_pod 0.533, Loss_flat 0.177, Train_accy 91.63, Test_accy 15.30
2024-10-30 21:12:25,944 [pod_foster.py] => Task 2, Epoch 21/150 => Loss 0.313, Loss_clf 0.006, Loss_fe 0.013, Loss_pod 0.234, Loss_flat 0.059, Train_accy 99.98, Test_accy 62.30
2024-10-30 21:12:45,276 [pod_foster.py] => Task 2, Epoch 26/150 => Loss 0.230, Loss_clf 0.004, Loss_fe 0.008, Loss_pod 0.181, Loss_flat 0.037, Train_accy 100.00, Test_accy 61.78
2024-10-30 21:13:07,126 [pod_foster.py] => Task 2, Epoch 31/150 => Loss 0.205, Loss_clf 0.004, Loss_fe 0.007, Loss_pod 0.164, Loss_flat 0.030, Train_accy 100.00, Test_accy 53.63
2024-10-30 21:13:31,232 [pod_foster.py] => Task 2, Epoch 36/150 => Loss 0.189, Loss_clf 0.004, Loss_fe 0.007, Loss_pod 0.150, Loss_flat 0.029, Train_accy 100.00, Test_accy 57.22
2024-10-30 21:13:55,952 [pod_foster.py] => Task 2, Epoch 41/150 => Loss 0.175, Loss_clf 0.004, Loss_fe 0.006, Loss_pod 0.141, Loss_flat 0.025, Train_accy 100.00, Test_accy 54.00
2024-10-30 21:14:21,220 [pod_foster.py] => Task 2, Epoch 46/150 => Loss 0.183, Loss_clf 0.004, Loss_fe 0.006, Loss_pod 0.146, Loss_flat 0.026, Train_accy 100.00, Test_accy 59.72
2024-10-30 21:14:46,225 [pod_foster.py] => Task 2, Epoch 51/150 => Loss 0.173, Loss_clf 0.004, Loss_fe 0.006, Loss_pod 0.139, Loss_flat 0.025, Train_accy 100.00, Test_accy 58.57
2024-10-30 21:15:13,949 [pod_foster.py] => Task 2, Epoch 56/150 => Loss 0.169, Loss_clf 0.003, Loss_fe 0.005, Loss_pod 0.137, Loss_flat 0.023, Train_accy 100.00, Test_accy 56.30
2024-10-30 21:15:41,915 [pod_foster.py] => Task 2, Epoch 61/150 => Loss 0.159, Loss_clf 0.004, Loss_fe 0.006, Loss_pod 0.128, Loss_flat 0.022, Train_accy 100.00, Test_accy 60.57
2024-10-30 21:16:14,282 [pod_foster.py] => Task 2, Epoch 66/150 => Loss 0.157, Loss_clf 0.003, Loss_fe 0.005, Loss_pod 0.127, Loss_flat 0.022, Train_accy 100.00, Test_accy 57.80
2024-10-30 21:16:50,272 [pod_foster.py] => Task 2, Epoch 71/150 => Loss 0.157, Loss_clf 0.003, Loss_fe 0.005, Loss_pod 0.127, Loss_flat 0.021, Train_accy 100.00, Test_accy 53.20
2024-10-30 21:17:19,271 [pod_foster.py] => Task 2, Epoch 76/150 => Loss 0.148, Loss_clf 0.004, Loss_fe 0.005, Loss_pod 0.119, Loss_flat 0.020, Train_accy 100.00, Test_accy 59.02
2024-10-30 21:17:48,139 [pod_foster.py] => Task 2, Epoch 81/150 => Loss 0.150, Loss_clf 0.003, Loss_fe 0.005, Loss_pod 0.121, Loss_flat 0.021, Train_accy 100.00, Test_accy 52.76
2024-10-30 21:18:11,978 [pod_foster.py] => Task 2, Epoch 86/150 => Loss 0.143, Loss_clf 0.003, Loss_fe 0.005, Loss_pod 0.116, Loss_flat 0.020, Train_accy 100.00, Test_accy 51.85
2024-10-30 21:18:31,340 [pod_foster.py] => Task 2, Epoch 91/150 => Loss 0.144, Loss_clf 0.003, Loss_fe 0.005, Loss_pod 0.117, Loss_flat 0.019, Train_accy 100.00, Test_accy 50.74
2024-10-30 21:18:52,728 [pod_foster.py] => Task 2, Epoch 96/150 => Loss 0.136, Loss_clf 0.003, Loss_fe 0.005, Loss_pod 0.109, Loss_flat 0.019, Train_accy 100.00, Test_accy 51.91
2024-10-30 21:19:13,146 [pod_foster.py] => Task 2, Epoch 101/150 => Loss 0.130, Loss_clf 0.003, Loss_fe 0.005, Loss_pod 0.104, Loss_flat 0.018, Train_accy 100.00, Test_accy 50.13
2024-10-30 21:19:33,201 [pod_foster.py] => Task 2, Epoch 106/150 => Loss 0.131, Loss_clf 0.003, Loss_fe 0.005, Loss_pod 0.104, Loss_flat 0.018, Train_accy 100.00, Test_accy 53.35
2024-10-30 21:19:54,349 [pod_foster.py] => Task 2, Epoch 111/150 => Loss 0.123, Loss_clf 0.003, Loss_fe 0.005, Loss_pod 0.098, Loss_flat 0.018, Train_accy 100.00, Test_accy 54.69
2024-10-30 21:20:14,033 [pod_foster.py] => Task 2, Epoch 116/150 => Loss 0.122, Loss_clf 0.003, Loss_fe 0.005, Loss_pod 0.097, Loss_flat 0.017, Train_accy 100.00, Test_accy 52.20
2024-10-30 21:20:34,340 [pod_foster.py] => Task 2, Epoch 121/150 => Loss 0.118, Loss_clf 0.003, Loss_fe 0.005, Loss_pod 0.093, Loss_flat 0.017, Train_accy 100.00, Test_accy 52.06
2024-10-30 21:20:54,564 [pod_foster.py] => Task 2, Epoch 126/150 => Loss 0.116, Loss_clf 0.003, Loss_fe 0.005, Loss_pod 0.091, Loss_flat 0.017, Train_accy 100.00, Test_accy 53.02
2024-10-30 21:21:15,827 [pod_foster.py] => Task 2, Epoch 131/150 => Loss 0.110, Loss_clf 0.003, Loss_fe 0.005, Loss_pod 0.086, Loss_flat 0.017, Train_accy 100.00, Test_accy 52.98
2024-10-30 21:21:37,977 [pod_foster.py] => Task 2, Epoch 136/150 => Loss 0.116, Loss_clf 0.003, Loss_fe 0.004, Loss_pod 0.091, Loss_flat 0.017, Train_accy 100.00, Test_accy 53.07
2024-10-30 21:22:05,874 [pod_foster.py] => Task 2, Epoch 141/150 => Loss 0.114, Loss_clf 0.003, Loss_fe 0.005, Loss_pod 0.089, Loss_flat 0.017, Train_accy 100.00, Test_accy 52.69
2024-10-30 21:22:35,077 [pod_foster.py] => Task 2, Epoch 146/150 => Loss 0.108, Loss_clf 0.003, Loss_fe 0.005, Loss_pod 0.083, Loss_flat 0.017, Train_accy 100.00, Test_accy 53.22
2024-10-30 21:22:56,558 [pod_foster.py] => Task 2, Epoch 150/150 => Loss 0.109, Loss_clf 0.003, Loss_fe 0.005, Loss_pod 0.084, Loss_flat 0.017, Train_accy 100.00
2024-10-30 21:22:56,559 [inc_net.py] => align weights, gamma = 0.4611327350139618 
2024-10-30 21:22:56,561 [pod_foster.py] => per cls weights : [1.10461847 1.10461847 1.10461847 1.10461847 1.10461847 1.10461847
 1.10461847 0.63383537 0.63383537]
2024-10-30 21:23:06,133 [pod_foster.py] => SNet: Task 2, Epoch 1/120 => Loss 1.864,  Train_accy 35.68, Test_accy 65.24
2024-10-30 21:23:36,599 [pod_foster.py] => SNet: Task 2, Epoch 6/120 => Loss 1.782,  Train_accy 56.65, Test_accy 70.15
2024-10-30 21:24:05,580 [pod_foster.py] => SNet: Task 2, Epoch 11/120 => Loss 1.779,  Train_accy 58.67, Test_accy 71.24
2024-10-30 21:24:37,145 [pod_foster.py] => SNet: Task 2, Epoch 16/120 => Loss 1.777,  Train_accy 58.63, Test_accy 72.48
2024-10-30 21:25:11,229 [pod_foster.py] => SNet: Task 2, Epoch 21/120 => Loss 1.776,  Train_accy 59.13, Test_accy 71.93
2024-10-30 21:25:44,431 [pod_foster.py] => SNet: Task 2, Epoch 26/120 => Loss 1.775,  Train_accy 59.60, Test_accy 72.22
2024-10-30 21:26:14,582 [pod_foster.py] => SNet: Task 2, Epoch 31/120 => Loss 1.775,  Train_accy 59.37, Test_accy 72.59
2024-10-30 21:26:46,687 [pod_foster.py] => SNet: Task 2, Epoch 36/120 => Loss 1.775,  Train_accy 59.37, Test_accy 71.80
2024-10-30 21:27:18,515 [pod_foster.py] => SNet: Task 2, Epoch 41/120 => Loss 1.774,  Train_accy 59.63, Test_accy 72.83
2024-10-30 21:27:43,749 [pod_foster.py] => SNet: Task 2, Epoch 46/120 => Loss 1.775,  Train_accy 59.22, Test_accy 72.72
2024-10-30 21:28:03,620 [pod_foster.py] => SNet: Task 2, Epoch 51/120 => Loss 1.773,  Train_accy 60.20, Test_accy 72.81
2024-10-30 21:28:22,514 [pod_foster.py] => SNet: Task 2, Epoch 56/120 => Loss 1.774,  Train_accy 59.58, Test_accy 72.80
2024-10-30 21:28:41,052 [pod_foster.py] => SNet: Task 2, Epoch 61/120 => Loss 1.774,  Train_accy 58.96, Test_accy 72.78
2024-10-30 21:29:00,070 [pod_foster.py] => SNet: Task 2, Epoch 66/120 => Loss 1.773,  Train_accy 59.22, Test_accy 72.91
2024-10-30 21:29:17,699 [pod_foster.py] => SNet: Task 2, Epoch 71/120 => Loss 1.772,  Train_accy 59.68, Test_accy 73.41
2024-10-30 21:29:35,046 [pod_foster.py] => SNet: Task 2, Epoch 76/120 => Loss 1.773,  Train_accy 59.77, Test_accy 72.94
2024-10-30 21:29:51,521 [pod_foster.py] => SNet: Task 2, Epoch 81/120 => Loss 1.773,  Train_accy 59.91, Test_accy 73.06
2024-10-30 21:30:07,736 [pod_foster.py] => SNet: Task 2, Epoch 86/120 => Loss 1.773,  Train_accy 59.63, Test_accy 73.26
2024-10-30 21:30:24,170 [pod_foster.py] => SNet: Task 2, Epoch 91/120 => Loss 1.773,  Train_accy 58.94, Test_accy 73.06
2024-10-30 21:30:39,812 [pod_foster.py] => SNet: Task 2, Epoch 96/120 => Loss 1.773,  Train_accy 59.65, Test_accy 73.02
2024-10-30 21:30:54,364 [pod_foster.py] => SNet: Task 2, Epoch 101/120 => Loss 1.772,  Train_accy 59.37, Test_accy 73.07
2024-10-30 21:31:13,472 [pod_foster.py] => SNet: Task 2, Epoch 106/120 => Loss 1.772,  Train_accy 59.15, Test_accy 73.17
2024-10-30 21:31:30,388 [pod_foster.py] => SNet: Task 2, Epoch 111/120 => Loss 1.772,  Train_accy 59.63, Test_accy 73.26
2024-10-30 21:31:47,908 [pod_foster.py] => SNet: Task 2, Epoch 116/120 => Loss 1.772,  Train_accy 60.15, Test_accy 73.33
2024-10-30 21:32:00,564 [pod_foster.py] => SNet: Task 2, Epoch 120/120 => Loss 1.773,  Train_accy 59.49
2024-10-30 21:32:00,564 [pod_foster.py] => do not weight align student!
2024-10-30 21:32:02,119 [pod_foster.py] => darknet eval: 
2024-10-30 21:32:02,121 [pod_foster.py] => CNN top1 curve: 73.0
2024-10-30 21:32:02,122 [pod_foster.py] => CNN top5 curve: 96.85
2024-10-30 21:32:02,122 [pod_foster.py] => CNN: {'total': 73.0, '00-04': 76.37, '05-06': 86.67, '07-08': 50.92, 'old': 79.31, 'new': 50.92}
2024-10-30 21:32:02,123 [pod_foster.py] => All params after compression: 3853138
2024-10-30 21:32:02,124 [base.py] => Reducing exemplars...(22 per classes)
2024-10-30 21:32:05,865 [base.py] => Constructing exemplars...(22 per classes)
2024-10-30 21:32:10,466 [trainer.py] => All params: 7705241
2024-10-30 21:32:15,104 [pod_foster.py] => Exemplar size: 198
2024-10-30 21:32:15,106 [trainer.py] => CNN: {'total': 74.0, '00-04': 71.6, '05-06': 79.75, '07-08': 74.25, 'old': 73.93, 'new': 74.25}
2024-10-30 21:32:15,106 [trainer.py] => NME: {'total': 54.61, '00-04': 63.2, '05-06': 32.67, '07-08': 55.08, 'old': 54.48, 'new': 55.08}
2024-10-30 21:32:15,106 [trainer.py] => CNN top1 curve: [90.13, 81.98, 74.0]
2024-10-30 21:32:15,107 [trainer.py] => CNN top5 curve: [100.0, 99.55, 96.83]
2024-10-30 21:32:15,107 [trainer.py] => NME top1 curve: [89.5, 71.83, 54.61]
2024-10-30 21:32:15,107 [trainer.py] => NME top5 curve: [100.0, 99.64, 96.63]

2024-10-30 21:32:15,108 [trainer.py] => Average Accuracy (CNN): 82.03666666666668
2024-10-30 21:32:15,108 [trainer.py] => Average Accuracy (NME): 71.98
2024-10-30 21:32:15,109 [trainer.py] => Forgetting (CNN): 9.265
