2024-10-30 11:13:47,474 [trainer.py] => config: ./exps/POD_foster.json
2024-10-30 11:13:47,474 [trainer.py] => prefix: cil
2024-10-30 11:13:47,474 [trainer.py] => dataset: hrrp9
2024-10-30 11:13:47,474 [trainer.py] => memory_size: 500
2024-10-30 11:13:47,474 [trainer.py] => memory_per_class: 20
2024-10-30 11:13:47,474 [trainer.py] => fixed_memory: False
2024-10-30 11:13:47,474 [trainer.py] => shuffle: True
2024-10-30 11:13:47,474 [trainer.py] => init_cls: 5
2024-10-30 11:13:47,474 [trainer.py] => increment: 2
2024-10-30 11:13:47,475 [trainer.py] => model_name: POD_foster
2024-10-30 11:13:47,475 [trainer.py] => convnet_type: resnet18
2024-10-30 11:13:47,475 [trainer.py] => init_train: False
2024-10-30 11:13:47,475 [trainer.py] => convnet_path: checkpoints/init_train/resnet18_35172.pth
2024-10-30 11:13:47,475 [trainer.py] => fc_path: checkpoints/init_train/fc_35172.pth
2024-10-30 11:13:47,475 [trainer.py] => convnet_path2: checkpoints/init_train/resnet18_42503.pth
2024-10-30 11:13:47,475 [trainer.py] => fc_path2: checkpoints/init_train/fc_42503.pth
2024-10-30 11:13:47,475 [trainer.py] => convnet_path1: checkpoints/init_train/resnet18_42871.pth
2024-10-30 11:13:47,475 [trainer.py] => fc_path1: checkpoints/init_train/fc_42871.pth
2024-10-30 11:13:47,475 [trainer.py] => device: [device(type='cuda', index=2)]
2024-10-30 11:13:47,475 [trainer.py] => seed: 2001
2024-10-30 11:13:47,475 [trainer.py] => beta1: 0.96
2024-10-30 11:13:47,475 [trainer.py] => beta2: 0.97
2024-10-30 11:13:47,475 [trainer.py] => oofc: ft
2024-10-30 11:13:47,475 [trainer.py] => is_teacher_wa: True
2024-10-30 11:13:47,475 [trainer.py] => is_student_wa: False
2024-10-30 11:13:47,475 [trainer.py] => is_teacher_la: True
2024-10-30 11:13:47,475 [trainer.py] => is_student_la: True
2024-10-30 11:13:47,475 [trainer.py] => lambda_okd: 0
2024-10-30 11:13:47,475 [trainer.py] => wa_value: 1
2024-10-30 11:13:47,475 [trainer.py] => init_epochs: 0
2024-10-30 11:13:47,476 [trainer.py] => init_lr: 0.1
2024-10-30 11:13:47,476 [trainer.py] => init_weight_decay: 0.0005
2024-10-30 11:13:47,476 [trainer.py] => boosting_epochs: 150
2024-10-30 11:13:47,476 [trainer.py] => compression_epochs: 120
2024-10-30 11:13:47,476 [trainer.py] => lr: 0.1
2024-10-30 11:13:47,476 [trainer.py] => batch_size: 128
2024-10-30 11:13:47,476 [trainer.py] => weight_decay: 0.0005
2024-10-30 11:13:47,476 [trainer.py] => num_workers: 8
2024-10-30 11:13:47,476 [trainer.py] => momentum: 0.9
2024-10-30 11:13:47,476 [trainer.py] => T: 2
2024-10-30 11:13:47,476 [trainer.py] => lambda_c_base: 0.6
2024-10-30 11:13:47,476 [trainer.py] => lambda_f_base: 1.0
2024-10-30 11:13:47,476 [trainer.py] => POD: no
2024-10-30 11:13:48,213 [data_manager.py] => [3, 5, 1, 7, 2, 8, 6, 4, 0]
2024-10-30 11:13:48,266 [trainer.py] => All params: 0
2024-10-30 11:13:48,266 [trainer.py] => Trainable params: 0
2024-10-30 11:13:48,823 [pod_foster.py] => Learning on 0-5
2024-10-30 11:13:48,824 [pod_foster.py] => All params: 3849034
2024-10-30 11:13:48,824 [pod_foster.py] => Trainable params: 3849034
2024-10-30 11:13:48,923 [pod_foster.py] => Adaptive factor: 0
2024-10-30 11:13:49,175 [pod_foster.py] => init_train?---False
2024-10-30 11:13:50,377 [base.py] => Reducing exemplars...(100 per classes)
2024-10-30 11:13:50,377 [base.py] => Constructing exemplars...(100 per classes)
2024-10-30 11:13:59,225 [trainer.py] => All params: 3849034
2024-10-30 11:14:01,316 [pod_foster.py] => Exemplar size: 500
2024-10-30 11:14:01,317 [trainer.py] => CNN: {'total': 90.13, '00-04': 90.13, 'old': 0, 'new': 90.13}
2024-10-30 11:14:01,317 [trainer.py] => NME: {'total': 89.53, '00-04': 89.53, 'old': 0, 'new': 89.53}
2024-10-30 11:14:01,317 [trainer.py] => CNN top1 curve: [90.13]
2024-10-30 11:14:01,317 [trainer.py] => CNN top5 curve: [100.0]
2024-10-30 11:14:01,317 [trainer.py] => NME top1 curve: [89.53]
2024-10-30 11:14:01,317 [trainer.py] => NME top5 curve: [100.0]

2024-10-30 11:14:01,317 [trainer.py] => Average Accuracy (CNN): 90.13
2024-10-30 11:14:01,317 [trainer.py] => Average Accuracy (NME): 89.53
2024-10-30 11:14:01,318 [trainer.py] => All params: 3849034
2024-10-30 11:14:01,318 [trainer.py] => Trainable params: 3849034
2024-10-30 11:14:01,409 [pod_foster.py] => Learning on 5-7
2024-10-30 11:14:01,412 [pod_foster.py] => All params: 7701139
2024-10-30 11:14:01,416 [pod_foster.py] => Trainable params: 3854670
2024-10-30 11:14:01,464 [pod_foster.py] => Adaptive factor: 1.8708286933869707
2024-10-30 11:14:01,483 [pod_foster.py] => per cls weights : [1.00484344 1.00484344 1.00484344 1.00484344 1.00484344 0.98789141
 0.98789141]
2024-10-30 11:14:05,632 [pod_foster.py] => Task 1, Epoch 1/150 => Loss 1.766, Loss_clf 0.674, Loss_fe 0.747, Loss_pod 0.039, Loss_flat 0.307, Train_accy 79.24, Test_accy 38.07
2024-10-30 11:14:17,928 [pod_foster.py] => Task 1, Epoch 6/150 => Loss 0.275, Loss_clf 0.018, Loss_fe 0.074, Loss_pod 0.043, Loss_flat 0.140, Train_accy 99.78, Test_accy 76.69
2024-10-30 11:14:30,800 [pod_foster.py] => Task 1, Epoch 11/150 => Loss 0.120, Loss_clf 0.006, Loss_fe 0.009, Loss_pod 0.032, Loss_flat 0.073, Train_accy 100.00, Test_accy 76.24
2024-10-30 11:14:42,847 [pod_foster.py] => Task 1, Epoch 16/150 => Loss 0.090, Loss_clf 0.005, Loss_fe 0.006, Loss_pod 0.026, Loss_flat 0.053, Train_accy 100.00, Test_accy 78.81
2024-10-30 11:14:55,004 [pod_foster.py] => Task 1, Epoch 21/150 => Loss 0.430, Loss_clf 0.052, Loss_fe 0.151, Loss_pod 0.049, Loss_flat 0.179, Train_accy 98.56, Test_accy 68.98
2024-10-30 11:15:06,063 [pod_foster.py] => Task 1, Epoch 26/150 => Loss 0.185, Loss_clf 0.009, Loss_fe 0.020, Loss_pod 0.040, Loss_flat 0.115, Train_accy 99.93, Test_accy 79.60
2024-10-30 11:15:15,846 [pod_foster.py] => Task 1, Epoch 31/150 => Loss 0.105, Loss_clf 0.005, Loss_fe 0.006, Loss_pod 0.031, Loss_flat 0.063, Train_accy 100.00, Test_accy 80.21
2024-10-30 11:15:26,096 [pod_foster.py] => Task 1, Epoch 36/150 => Loss 0.093, Loss_clf 0.004, Loss_fe 0.008, Loss_pod 0.027, Loss_flat 0.053, Train_accy 100.00, Test_accy 79.60
2024-10-30 11:15:37,350 [pod_foster.py] => Task 1, Epoch 41/150 => Loss 0.071, Loss_clf 0.004, Loss_fe 0.004, Loss_pod 0.024, Loss_flat 0.038, Train_accy 100.00, Test_accy 79.95
2024-10-30 11:15:50,461 [pod_foster.py] => Task 1, Epoch 46/150 => Loss 0.083, Loss_clf 0.005, Loss_fe 0.006, Loss_pod 0.025, Loss_flat 0.048, Train_accy 100.00, Test_accy 80.55
2024-10-30 11:16:03,151 [pod_foster.py] => Task 1, Epoch 51/150 => Loss 0.063, Loss_clf 0.004, Loss_fe 0.004, Loss_pod 0.021, Loss_flat 0.034, Train_accy 100.00, Test_accy 79.88
2024-10-30 11:16:15,924 [pod_foster.py] => Task 1, Epoch 56/150 => Loss 0.059, Loss_clf 0.004, Loss_fe 0.004, Loss_pod 0.020, Loss_flat 0.032, Train_accy 100.00, Test_accy 80.67
2024-10-30 11:16:29,053 [pod_foster.py] => Task 1, Epoch 61/150 => Loss 0.058, Loss_clf 0.004, Loss_fe 0.004, Loss_pod 0.019, Loss_flat 0.031, Train_accy 100.00, Test_accy 80.29
2024-10-30 11:16:41,026 [pod_foster.py] => Task 1, Epoch 66/150 => Loss 0.054, Loss_clf 0.004, Loss_fe 0.004, Loss_pod 0.018, Loss_flat 0.028, Train_accy 100.00, Test_accy 80.60
2024-10-30 11:16:50,386 [pod_foster.py] => Task 1, Epoch 71/150 => Loss 0.051, Loss_clf 0.003, Loss_fe 0.004, Loss_pod 0.017, Loss_flat 0.026, Train_accy 100.00, Test_accy 79.67
2024-10-30 11:17:00,142 [pod_foster.py] => Task 1, Epoch 76/150 => Loss 0.050, Loss_clf 0.003, Loss_fe 0.004, Loss_pod 0.016, Loss_flat 0.027, Train_accy 100.00, Test_accy 79.26
2024-10-30 11:17:10,148 [pod_foster.py] => Task 1, Epoch 81/150 => Loss 0.048, Loss_clf 0.003, Loss_fe 0.004, Loss_pod 0.016, Loss_flat 0.025, Train_accy 100.00, Test_accy 79.29
2024-10-30 11:17:21,464 [pod_foster.py] => Task 1, Epoch 86/150 => Loss 0.048, Loss_clf 0.003, Loss_fe 0.004, Loss_pod 0.015, Loss_flat 0.025, Train_accy 100.00, Test_accy 80.38
2024-10-30 11:17:34,377 [pod_foster.py] => Task 1, Epoch 91/150 => Loss 0.046, Loss_clf 0.003, Loss_fe 0.004, Loss_pod 0.015, Loss_flat 0.024, Train_accy 100.00, Test_accy 79.88
2024-10-30 11:17:46,821 [pod_foster.py] => Task 1, Epoch 96/150 => Loss 0.138, Loss_clf 0.010, Loss_fe 0.020, Loss_pod 0.028, Loss_flat 0.079, Train_accy 99.84, Test_accy 79.55
2024-10-30 11:17:59,108 [pod_foster.py] => Task 1, Epoch 101/150 => Loss 0.054, Loss_clf 0.004, Loss_fe 0.004, Loss_pod 0.017, Loss_flat 0.029, Train_accy 100.00, Test_accy 81.07
2024-10-30 11:18:11,473 [pod_foster.py] => Task 1, Epoch 106/150 => Loss 0.049, Loss_clf 0.004, Loss_fe 0.004, Loss_pod 0.016, Loss_flat 0.026, Train_accy 100.00, Test_accy 80.24
2024-10-30 11:18:24,275 [pod_foster.py] => Task 1, Epoch 111/150 => Loss 0.047, Loss_clf 0.004, Loss_fe 0.004, Loss_pod 0.015, Loss_flat 0.024, Train_accy 100.00, Test_accy 79.43
2024-10-30 11:18:33,862 [pod_foster.py] => Task 1, Epoch 116/150 => Loss 0.046, Loss_clf 0.004, Loss_fe 0.004, Loss_pod 0.014, Loss_flat 0.024, Train_accy 100.00, Test_accy 80.26
2024-10-30 11:18:43,891 [pod_foster.py] => Task 1, Epoch 121/150 => Loss 0.045, Loss_clf 0.003, Loss_fe 0.004, Loss_pod 0.014, Loss_flat 0.023, Train_accy 100.00, Test_accy 79.86
2024-10-30 11:18:53,883 [pod_foster.py] => Task 1, Epoch 126/150 => Loss 0.044, Loss_clf 0.004, Loss_fe 0.004, Loss_pod 0.014, Loss_flat 0.023, Train_accy 100.00, Test_accy 79.83
2024-10-30 11:19:05,762 [pod_foster.py] => Task 1, Epoch 131/150 => Loss 0.045, Loss_clf 0.003, Loss_fe 0.004, Loss_pod 0.014, Loss_flat 0.024, Train_accy 100.00, Test_accy 79.02
2024-10-30 11:19:18,484 [pod_foster.py] => Task 1, Epoch 136/150 => Loss 0.043, Loss_clf 0.003, Loss_fe 0.004, Loss_pod 0.014, Loss_flat 0.022, Train_accy 100.00, Test_accy 80.00
2024-10-30 11:19:30,294 [pod_foster.py] => Task 1, Epoch 141/150 => Loss 0.043, Loss_clf 0.004, Loss_fe 0.004, Loss_pod 0.014, Loss_flat 0.022, Train_accy 100.00, Test_accy 79.74
2024-10-30 11:19:42,570 [pod_foster.py] => Task 1, Epoch 146/150 => Loss 0.044, Loss_clf 0.003, Loss_fe 0.004, Loss_pod 0.014, Loss_flat 0.023, Train_accy 100.00, Test_accy 79.81
2024-10-30 11:19:51,237 [pod_foster.py] => Task 1, Epoch 150/150 => Loss 0.043, Loss_clf 0.003, Loss_fe 0.004, Loss_pod 0.014, Loss_flat 0.022, Train_accy 100.00
2024-10-30 11:19:51,239 [inc_net.py] => align weights, gamma = 0.4957161545753479 
2024-10-30 11:19:51,240 [pod_foster.py] => per cls weights : [1.01377356 1.01377356 1.01377356 1.01377356 1.01377356 0.96556609
 0.96556609]
2024-10-30 11:19:53,984 [pod_foster.py] => SNet: Task 1, Epoch 1/120 => Loss 1.323,  Train_accy 70.24, Test_accy 67.64
2024-10-30 11:20:04,413 [pod_foster.py] => SNet: Task 1, Epoch 6/120 => Loss 1.039,  Train_accy 95.93, Test_accy 80.71
2024-10-30 11:20:12,901 [pod_foster.py] => SNet: Task 1, Epoch 11/120 => Loss 1.033,  Train_accy 96.73, Test_accy 81.26
2024-10-30 11:20:22,038 [pod_foster.py] => SNet: Task 1, Epoch 16/120 => Loss 1.028,  Train_accy 96.67, Test_accy 81.76
2024-10-30 11:20:31,227 [pod_foster.py] => SNet: Task 1, Epoch 21/120 => Loss 1.030,  Train_accy 96.69, Test_accy 82.14
2024-10-30 11:20:40,478 [pod_foster.py] => SNet: Task 1, Epoch 26/120 => Loss 1.025,  Train_accy 96.78, Test_accy 82.38
2024-10-30 11:20:52,214 [pod_foster.py] => SNet: Task 1, Epoch 31/120 => Loss 1.026,  Train_accy 97.02, Test_accy 82.36
2024-10-30 11:21:02,887 [pod_foster.py] => SNet: Task 1, Epoch 36/120 => Loss 1.026,  Train_accy 96.71, Test_accy 82.55
2024-10-30 11:21:13,969 [pod_foster.py] => SNet: Task 1, Epoch 41/120 => Loss 1.024,  Train_accy 97.13, Test_accy 82.81
2024-10-30 11:21:25,379 [pod_foster.py] => SNet: Task 1, Epoch 46/120 => Loss 1.022,  Train_accy 97.16, Test_accy 83.21
2024-10-30 11:21:36,631 [pod_foster.py] => SNet: Task 1, Epoch 51/120 => Loss 1.023,  Train_accy 97.22, Test_accy 83.67
2024-10-30 11:21:47,526 [pod_foster.py] => SNet: Task 1, Epoch 56/120 => Loss 1.020,  Train_accy 97.20, Test_accy 82.88
2024-10-30 11:21:55,901 [pod_foster.py] => SNet: Task 1, Epoch 61/120 => Loss 1.021,  Train_accy 97.18, Test_accy 83.38
2024-10-30 11:22:04,264 [pod_foster.py] => SNet: Task 1, Epoch 66/120 => Loss 1.024,  Train_accy 97.33, Test_accy 83.33
2024-10-30 11:22:13,395 [pod_foster.py] => SNet: Task 1, Epoch 71/120 => Loss 1.024,  Train_accy 97.13, Test_accy 83.67
2024-10-30 11:22:24,011 [pod_foster.py] => SNet: Task 1, Epoch 76/120 => Loss 1.021,  Train_accy 97.29, Test_accy 83.79
2024-10-30 11:22:35,209 [pod_foster.py] => SNet: Task 1, Epoch 81/120 => Loss 1.022,  Train_accy 97.11, Test_accy 83.76
2024-10-30 11:22:46,747 [pod_foster.py] => SNet: Task 1, Epoch 86/120 => Loss 1.021,  Train_accy 97.27, Test_accy 83.83
2024-10-30 11:22:57,422 [pod_foster.py] => SNet: Task 1, Epoch 91/120 => Loss 1.022,  Train_accy 97.51, Test_accy 83.69
2024-10-30 11:23:08,402 [pod_foster.py] => SNet: Task 1, Epoch 96/120 => Loss 1.021,  Train_accy 97.38, Test_accy 83.71
2024-10-30 11:23:20,463 [pod_foster.py] => SNet: Task 1, Epoch 101/120 => Loss 1.019,  Train_accy 97.16, Test_accy 83.69
2024-10-30 11:23:30,816 [pod_foster.py] => SNet: Task 1, Epoch 106/120 => Loss 1.021,  Train_accy 97.67, Test_accy 83.81
2024-10-30 11:23:39,429 [pod_foster.py] => SNet: Task 1, Epoch 111/120 => Loss 1.023,  Train_accy 97.38, Test_accy 83.95
2024-10-30 11:23:47,968 [pod_foster.py] => SNet: Task 1, Epoch 116/120 => Loss 1.019,  Train_accy 97.38, Test_accy 83.90
2024-10-30 11:23:54,496 [pod_foster.py] => SNet: Task 1, Epoch 120/120 => Loss 1.019,  Train_accy 97.13
2024-10-30 11:23:54,496 [pod_foster.py] => do not weight align student!
2024-10-30 11:23:55,173 [pod_foster.py] => darknet eval: 
2024-10-30 11:23:55,173 [pod_foster.py] => CNN top1 curve: 83.74
2024-10-30 11:23:55,173 [pod_foster.py] => CNN top5 curve: 99.48
2024-10-30 11:23:55,174 [pod_foster.py] => CNN: {'total': 83.74, '00-04': 82.0, '05-06': 88.08, 'old': 82.0, 'new': 88.08}
2024-10-30 11:23:55,175 [pod_foster.py] => All params after compression: 3851086
2024-10-30 11:23:55,175 [base.py] => Reducing exemplars...(71 per classes)
2024-10-30 11:23:56,434 [base.py] => Constructing exemplars...(71 per classes)
2024-10-30 11:24:00,027 [trainer.py] => All params: 7701139
2024-10-30 11:24:02,198 [pod_foster.py] => Exemplar size: 497
2024-10-30 11:24:02,199 [trainer.py] => CNN: {'total': 85.26, '00-04': 85.53, '05-06': 84.58, 'old': 85.53, 'new': 84.58}
2024-10-30 11:24:02,200 [trainer.py] => NME: {'total': 76.45, '00-04': 82.77, '05-06': 60.67, 'old': 82.77, 'new': 60.67}
2024-10-30 11:24:02,200 [trainer.py] => CNN top1 curve: [90.13, 85.26]
2024-10-30 11:24:02,200 [trainer.py] => CNN top5 curve: [100.0, 99.5]
2024-10-30 11:24:02,201 [trainer.py] => NME top1 curve: [89.53, 76.45]
2024-10-30 11:24:02,201 [trainer.py] => NME top5 curve: [100.0, 99.6]

2024-10-30 11:24:02,202 [trainer.py] => Average Accuracy (CNN): 87.695
2024-10-30 11:24:02,202 [trainer.py] => Average Accuracy (NME): 82.99000000000001
2024-10-30 11:24:02,203 [trainer.py] => All params: 7701139
2024-10-30 11:24:02,213 [trainer.py] => Trainable params: 3854670
2024-10-30 11:24:02,298 [pod_foster.py] => Learning on 7-9
2024-10-30 11:24:02,300 [pod_foster.py] => All params: 7705241
2024-10-30 11:24:02,302 [pod_foster.py] => Trainable params: 3857746
2024-10-30 11:24:02,399 [pod_foster.py] => Adaptive factor: 2.1213203435596424
2024-10-30 11:24:02,410 [pod_foster.py] => per cls weights : [1.01239929 1.01239929 1.01239929 1.01239929 1.01239929 1.01239929
 1.01239929 0.95660248 0.95660248]
2024-10-30 11:24:06,308 [pod_foster.py] => Task 2, Epoch 1/150 => Loss 1.824, Loss_clf 0.743, Loss_fe 0.768, Loss_pod 0.042, Loss_flat 0.271, Train_accy 80.99, Test_accy 52.37
2024-10-30 11:24:19,378 [pod_foster.py] => Task 2, Epoch 6/150 => Loss 0.373, Loss_clf 0.039, Loss_fe 0.135, Loss_pod 0.045, Loss_flat 0.154, Train_accy 99.07, Test_accy 58.94
2024-10-30 11:24:32,889 [pod_foster.py] => Task 2, Epoch 11/150 => Loss 0.148, Loss_clf 0.011, Loss_fe 0.018, Loss_pod 0.033, Loss_flat 0.087, Train_accy 99.91, Test_accy 55.46
2024-10-30 11:24:45,780 [pod_foster.py] => Task 2, Epoch 16/150 => Loss 0.252, Loss_clf 0.036, Loss_fe 0.056, Loss_pod 0.040, Loss_flat 0.121, Train_accy 98.89, Test_accy 44.11
2024-10-30 11:24:58,439 [pod_foster.py] => Task 2, Epoch 21/150 => Loss 0.107, Loss_clf 0.005, Loss_fe 0.005, Loss_pod 0.030, Loss_flat 0.067, Train_accy 100.00, Test_accy 63.09
2024-10-30 11:25:11,366 [pod_foster.py] => Task 2, Epoch 26/150 => Loss 0.117, Loss_clf 0.007, Loss_fe 0.010, Loss_pod 0.030, Loss_flat 0.071, Train_accy 100.00, Test_accy 66.15
2024-10-30 11:25:21,637 [pod_foster.py] => Task 2, Epoch 31/150 => Loss 0.075, Loss_clf 0.004, Loss_fe 0.005, Loss_pod 0.023, Loss_flat 0.044, Train_accy 100.00, Test_accy 65.17
2024-10-30 11:25:31,690 [pod_foster.py] => Task 2, Epoch 36/150 => Loss 0.069, Loss_clf 0.004, Loss_fe 0.005, Loss_pod 0.021, Loss_flat 0.040, Train_accy 100.00, Test_accy 63.48
2024-10-30 11:25:41,998 [pod_foster.py] => Task 2, Epoch 41/150 => Loss 0.292, Loss_clf 0.027, Loss_fe 0.071, Loss_pod 0.052, Loss_flat 0.143, Train_accy 99.33, Test_accy 72.46
2024-10-30 11:25:53,123 [pod_foster.py] => Task 2, Epoch 46/150 => Loss 0.109, Loss_clf 0.005, Loss_fe 0.006, Loss_pod 0.037, Loss_flat 0.062, Train_accy 100.00, Test_accy 65.35
2024-10-30 11:26:06,072 [pod_foster.py] => Task 2, Epoch 51/150 => Loss 0.088, Loss_clf 0.005, Loss_fe 0.005, Loss_pod 0.032, Loss_flat 0.046, Train_accy 100.00, Test_accy 62.56
2024-10-30 11:26:19,367 [pod_foster.py] => Task 2, Epoch 56/150 => Loss 0.077, Loss_clf 0.004, Loss_fe 0.005, Loss_pod 0.028, Loss_flat 0.039, Train_accy 100.00, Test_accy 64.46
2024-10-30 11:26:33,001 [pod_foster.py] => Task 2, Epoch 61/150 => Loss 0.101, Loss_clf 0.006, Loss_fe 0.009, Loss_pod 0.029, Loss_flat 0.056, Train_accy 100.00, Test_accy 65.89
2024-10-30 11:26:45,618 [pod_foster.py] => Task 2, Epoch 66/150 => Loss 0.139, Loss_clf 0.012, Loss_fe 0.018, Loss_pod 0.034, Loss_flat 0.076, Train_accy 99.84, Test_accy 65.35
2024-10-30 11:26:59,386 [pod_foster.py] => Task 2, Epoch 71/150 => Loss 0.076, Loss_clf 0.004, Loss_fe 0.004, Loss_pod 0.026, Loss_flat 0.041, Train_accy 100.00, Test_accy 66.67
2024-10-30 11:27:10,082 [pod_foster.py] => Task 2, Epoch 76/150 => Loss 0.066, Loss_clf 0.004, Loss_fe 0.004, Loss_pod 0.024, Loss_flat 0.034, Train_accy 100.00, Test_accy 66.04
2024-10-30 11:27:20,519 [pod_foster.py] => Task 2, Epoch 81/150 => Loss 0.070, Loss_clf 0.004, Loss_fe 0.004, Loss_pod 0.024, Loss_flat 0.038, Train_accy 100.00, Test_accy 64.19
2024-10-30 11:27:31,037 [pod_foster.py] => Task 2, Epoch 86/150 => Loss 0.061, Loss_clf 0.004, Loss_fe 0.004, Loss_pod 0.022, Loss_flat 0.031, Train_accy 100.00, Test_accy 65.20
2024-10-30 11:27:43,003 [pod_foster.py] => Task 2, Epoch 91/150 => Loss 0.061, Loss_clf 0.004, Loss_fe 0.004, Loss_pod 0.021, Loss_flat 0.032, Train_accy 100.00, Test_accy 63.94
2024-10-30 11:27:56,027 [pod_foster.py] => Task 2, Epoch 96/150 => Loss 0.057, Loss_clf 0.004, Loss_fe 0.004, Loss_pod 0.020, Loss_flat 0.029, Train_accy 100.00, Test_accy 64.91
2024-10-30 11:28:08,554 [pod_foster.py] => Task 2, Epoch 101/150 => Loss 0.056, Loss_clf 0.003, Loss_fe 0.004, Loss_pod 0.020, Loss_flat 0.029, Train_accy 100.00, Test_accy 64.87
2024-10-30 11:28:22,130 [pod_foster.py] => Task 2, Epoch 106/150 => Loss 0.062, Loss_clf 0.004, Loss_fe 0.005, Loss_pod 0.021, Loss_flat 0.032, Train_accy 100.00, Test_accy 63.80
2024-10-30 11:28:35,298 [pod_foster.py] => Task 2, Epoch 111/150 => Loss 0.057, Loss_clf 0.004, Loss_fe 0.004, Loss_pod 0.020, Loss_flat 0.029, Train_accy 100.00, Test_accy 65.43
2024-10-30 11:28:47,576 [pod_foster.py] => Task 2, Epoch 116/150 => Loss 0.055, Loss_clf 0.004, Loss_fe 0.004, Loss_pod 0.019, Loss_flat 0.028, Train_accy 100.00, Test_accy 64.65
2024-10-30 11:28:57,592 [pod_foster.py] => Task 2, Epoch 121/150 => Loss 0.053, Loss_clf 0.003, Loss_fe 0.004, Loss_pod 0.019, Loss_flat 0.027, Train_accy 100.00, Test_accy 63.98
2024-10-30 11:29:07,973 [pod_foster.py] => Task 2, Epoch 126/150 => Loss 0.052, Loss_clf 0.003, Loss_fe 0.004, Loss_pod 0.018, Loss_flat 0.026, Train_accy 100.00, Test_accy 65.70
2024-10-30 11:29:18,162 [pod_foster.py] => Task 2, Epoch 131/150 => Loss 0.053, Loss_clf 0.004, Loss_fe 0.004, Loss_pod 0.019, Loss_flat 0.027, Train_accy 100.00, Test_accy 64.22
2024-10-30 11:29:30,991 [pod_foster.py] => Task 2, Epoch 136/150 => Loss 0.051, Loss_clf 0.003, Loss_fe 0.004, Loss_pod 0.018, Loss_flat 0.026, Train_accy 100.00, Test_accy 66.39
2024-10-30 11:29:44,090 [pod_foster.py] => Task 2, Epoch 141/150 => Loss 0.051, Loss_clf 0.003, Loss_fe 0.003, Loss_pod 0.018, Loss_flat 0.026, Train_accy 100.00, Test_accy 65.28
2024-10-30 11:29:57,257 [pod_foster.py] => Task 2, Epoch 146/150 => Loss 0.052, Loss_clf 0.003, Loss_fe 0.004, Loss_pod 0.018, Loss_flat 0.026, Train_accy 100.00, Test_accy 62.56
2024-10-30 11:30:06,719 [pod_foster.py] => Task 2, Epoch 150/150 => Loss 0.052, Loss_clf 0.003, Loss_fe 0.004, Loss_pod 0.018, Loss_flat 0.026, Train_accy 100.00
2024-10-30 11:30:06,721 [inc_net.py] => align weights, gamma = 0.501044750213623 
2024-10-30 11:30:06,723 [pod_foster.py] => per cls weights : [1.02623168 1.02623168 1.02623168 1.02623168 1.02623168 1.02623168
 1.02623168 0.90818914 0.90818914]
2024-10-30 11:30:10,137 [pod_foster.py] => SNet: Task 2, Epoch 1/120 => Loss 1.584,  Train_accy 73.25, Test_accy 62.76
2024-10-30 11:30:22,838 [pod_foster.py] => SNet: Task 2, Epoch 6/120 => Loss 1.323,  Train_accy 96.89, Test_accy 74.41
2024-10-30 11:30:34,853 [pod_foster.py] => SNet: Task 2, Epoch 11/120 => Loss 1.324,  Train_accy 97.53, Test_accy 75.04
2024-10-30 11:30:43,621 [pod_foster.py] => SNet: Task 2, Epoch 16/120 => Loss 1.317,  Train_accy 98.04, Test_accy 76.06
2024-10-30 11:30:52,777 [pod_foster.py] => SNet: Task 2, Epoch 21/120 => Loss 1.316,  Train_accy 97.98, Test_accy 75.81
2024-10-30 11:31:02,022 [pod_foster.py] => SNet: Task 2, Epoch 26/120 => Loss 1.317,  Train_accy 98.35, Test_accy 75.93
2024-10-30 11:31:11,417 [pod_foster.py] => SNet: Task 2, Epoch 31/120 => Loss 1.315,  Train_accy 98.04, Test_accy 76.59
2024-10-30 11:31:23,577 [pod_foster.py] => SNet: Task 2, Epoch 36/120 => Loss 1.316,  Train_accy 98.18, Test_accy 76.41
2024-10-30 11:31:36,151 [pod_foster.py] => SNet: Task 2, Epoch 41/120 => Loss 1.313,  Train_accy 98.13, Test_accy 76.30
2024-10-30 11:31:48,401 [pod_foster.py] => SNet: Task 2, Epoch 46/120 => Loss 1.312,  Train_accy 98.24, Test_accy 76.37
2024-10-30 11:31:59,841 [pod_foster.py] => SNet: Task 2, Epoch 51/120 => Loss 1.312,  Train_accy 98.33, Test_accy 77.15
2024-10-30 11:32:11,210 [pod_foster.py] => SNet: Task 2, Epoch 56/120 => Loss 1.315,  Train_accy 98.40, Test_accy 77.26
2024-10-30 11:32:22,118 [pod_foster.py] => SNet: Task 2, Epoch 61/120 => Loss 1.314,  Train_accy 98.22, Test_accy 77.28
2024-10-30 11:32:30,564 [pod_foster.py] => SNet: Task 2, Epoch 66/120 => Loss 1.311,  Train_accy 98.60, Test_accy 76.67
2024-10-30 11:32:39,822 [pod_foster.py] => SNet: Task 2, Epoch 71/120 => Loss 1.311,  Train_accy 98.40, Test_accy 76.87
2024-10-30 11:32:48,984 [pod_foster.py] => SNet: Task 2, Epoch 76/120 => Loss 1.313,  Train_accy 98.44, Test_accy 76.81
2024-10-30 11:33:00,372 [pod_foster.py] => SNet: Task 2, Epoch 81/120 => Loss 1.314,  Train_accy 98.53, Test_accy 77.15
2024-10-30 11:33:11,948 [pod_foster.py] => SNet: Task 2, Epoch 86/120 => Loss 1.307,  Train_accy 98.33, Test_accy 76.65
2024-10-30 11:33:24,298 [pod_foster.py] => SNet: Task 2, Epoch 91/120 => Loss 1.311,  Train_accy 98.60, Test_accy 77.11
2024-10-30 11:33:36,508 [pod_foster.py] => SNet: Task 2, Epoch 96/120 => Loss 1.308,  Train_accy 98.75, Test_accy 76.83
2024-10-30 11:33:48,177 [pod_foster.py] => SNet: Task 2, Epoch 101/120 => Loss 1.308,  Train_accy 98.42, Test_accy 76.93
2024-10-30 11:34:00,196 [pod_foster.py] => SNet: Task 2, Epoch 106/120 => Loss 1.310,  Train_accy 98.49, Test_accy 77.00
2024-10-30 11:34:09,184 [pod_foster.py] => SNet: Task 2, Epoch 111/120 => Loss 1.311,  Train_accy 98.51, Test_accy 76.96
2024-10-30 11:34:17,963 [pod_foster.py] => SNet: Task 2, Epoch 116/120 => Loss 1.311,  Train_accy 98.64, Test_accy 77.56
2024-10-30 11:34:24,826 [pod_foster.py] => SNet: Task 2, Epoch 120/120 => Loss 1.310,  Train_accy 98.47
2024-10-30 11:34:24,826 [pod_foster.py] => do not weight align student!
2024-10-30 11:34:25,722 [pod_foster.py] => darknet eval: 
2024-10-30 11:34:25,723 [pod_foster.py] => CNN top1 curve: 77.0
2024-10-30 11:34:25,723 [pod_foster.py] => CNN top5 curve: 97.78
2024-10-30 11:34:25,723 [pod_foster.py] => CNN: {'total': 77.0, '00-04': 75.83, '05-06': 74.5, '07-08': 82.42, 'old': 75.45, 'new': 82.42}
2024-10-30 11:34:25,724 [pod_foster.py] => All params after compression: 3853138
2024-10-30 11:34:25,725 [base.py] => Reducing exemplars...(55 per classes)
2024-10-30 11:34:27,428 [base.py] => Constructing exemplars...(55 per classes)
2024-10-30 11:34:30,599 [trainer.py] => All params: 7705241
2024-10-30 11:34:32,899 [pod_foster.py] => Exemplar size: 495
2024-10-30 11:34:32,900 [trainer.py] => CNN: {'total': 79.31, '00-04': 76.57, '05-06': 82.5, '07-08': 83.0, 'old': 78.26, 'new': 83.0}
2024-10-30 11:34:32,900 [trainer.py] => NME: {'total': 68.57, '00-04': 75.33, '05-06': 64.0, '07-08': 56.25, 'old': 72.1, 'new': 56.25}
2024-10-30 11:34:32,900 [trainer.py] => CNN top1 curve: [90.13, 85.26, 79.31]
2024-10-30 11:34:32,900 [trainer.py] => CNN top5 curve: [100.0, 99.5, 97.39]
2024-10-30 11:34:32,900 [trainer.py] => NME top1 curve: [89.53, 76.45, 68.57]
2024-10-30 11:34:32,900 [trainer.py] => NME top5 curve: [100.0, 99.6, 96.81]

2024-10-30 11:34:32,900 [trainer.py] => Average Accuracy (CNN): 84.89999999999999
2024-10-30 11:34:32,900 [trainer.py] => Average Accuracy (NME): 78.18333333333334
2024-10-30 11:34:32,901 [trainer.py] => Forgetting (CNN): 7.82
