2024-10-30 10:05:51,062 [trainer.py] => config: ./exps/POD_foster.json
2024-10-30 10:05:51,062 [trainer.py] => prefix: cil
2024-10-30 10:05:51,063 [trainer.py] => dataset: hrrp9
2024-10-30 10:05:51,063 [trainer.py] => memory_size: 500
2024-10-30 10:05:51,063 [trainer.py] => memory_per_class: 20
2024-10-30 10:05:51,063 [trainer.py] => fixed_memory: False
2024-10-30 10:05:51,064 [trainer.py] => shuffle: True
2024-10-30 10:05:51,064 [trainer.py] => init_cls: 5
2024-10-30 10:05:51,064 [trainer.py] => increment: 2
2024-10-30 10:05:51,064 [trainer.py] => model_name: POD_foster
2024-10-30 10:05:51,065 [trainer.py] => convnet_type: resnet18
2024-10-30 10:05:51,065 [trainer.py] => init_train: False
2024-10-30 10:05:51,065 [trainer.py] => convnet_path: checkpoints/init_train/resnet18_35172.pth
2024-10-30 10:05:51,065 [trainer.py] => fc_path: checkpoints/init_train/fc_35172.pth
2024-10-30 10:05:51,066 [trainer.py] => convnet_path2: checkpoints/init_train/resnet18_42503.pth
2024-10-30 10:05:51,066 [trainer.py] => fc_path2: checkpoints/init_train/fc_42503.pth
2024-10-30 10:05:51,066 [trainer.py] => convnet_path1: checkpoints/init_train/resnet18_42871.pth
2024-10-30 10:05:51,066 [trainer.py] => fc_path1: checkpoints/init_train/fc_42871.pth
2024-10-30 10:05:51,067 [trainer.py] => device: [device(type='cuda', index=3)]
2024-10-30 10:05:51,067 [trainer.py] => seed: 2001
2024-10-30 10:05:51,067 [trainer.py] => beta1: 0.96
2024-10-30 10:05:51,067 [trainer.py] => beta2: 0.97
2024-10-30 10:05:51,068 [trainer.py] => oofc: ft
2024-10-30 10:05:51,068 [trainer.py] => is_teacher_wa: True
2024-10-30 10:05:51,068 [trainer.py] => is_student_wa: False
2024-10-30 10:05:51,068 [trainer.py] => is_teacher_la: True
2024-10-30 10:05:51,069 [trainer.py] => is_student_la: True
2024-10-30 10:05:51,069 [trainer.py] => lambda_okd: 0
2024-10-30 10:05:51,069 [trainer.py] => wa_value: 1
2024-10-30 10:05:51,069 [trainer.py] => init_epochs: 0
2024-10-30 10:05:51,069 [trainer.py] => init_lr: 0.1
2024-10-30 10:05:51,070 [trainer.py] => init_weight_decay: 0.0005
2024-10-30 10:05:51,070 [trainer.py] => boosting_epochs: 150
2024-10-30 10:05:51,070 [trainer.py] => compression_epochs: 120
2024-10-30 10:05:51,070 [trainer.py] => lr: 0.1
2024-10-30 10:05:51,071 [trainer.py] => batch_size: 128
2024-10-30 10:05:51,071 [trainer.py] => weight_decay: 0.0005
2024-10-30 10:05:51,071 [trainer.py] => num_workers: 8
2024-10-30 10:05:51,071 [trainer.py] => momentum: 0.9
2024-10-30 10:05:51,071 [trainer.py] => T: 2
2024-10-30 10:05:51,071 [trainer.py] => lambda_c_base: 0.9
2024-10-30 10:05:51,071 [trainer.py] => lambda_f_base: 1.0
2024-10-30 10:05:51,071 [trainer.py] => POD: w
2024-10-30 10:05:51,778 [data_manager.py] => [3, 5, 1, 7, 2, 8, 6, 4, 0]
2024-10-30 10:05:51,837 [trainer.py] => All params: 0
2024-10-30 10:05:51,837 [trainer.py] => Trainable params: 0
2024-10-30 10:05:52,360 [pod_foster.py] => Learning on 0-5
2024-10-30 10:05:52,361 [pod_foster.py] => All params: 3849034
2024-10-30 10:05:52,362 [pod_foster.py] => Trainable params: 3849034
2024-10-30 10:05:52,510 [pod_foster.py] => Adaptive factor: 0
2024-10-30 10:05:52,516 [pod_foster.py] => init_train?---False
2024-10-30 10:05:53,805 [base.py] => Reducing exemplars...(100 per classes)
2024-10-30 10:05:53,806 [base.py] => Constructing exemplars...(100 per classes)
2024-10-30 10:06:02,170 [trainer.py] => All params: 3849034
2024-10-30 10:06:03,835 [pod_foster.py] => Exemplar size: 500
2024-10-30 10:06:03,836 [trainer.py] => CNN: {'total': 90.13, '00-04': 90.13, 'old': 0, 'new': 90.13}
2024-10-30 10:06:03,837 [trainer.py] => NME: {'total': 89.53, '00-04': 89.53, 'old': 0, 'new': 89.53}
2024-10-30 10:06:03,837 [trainer.py] => CNN top1 curve: [90.13]
2024-10-30 10:06:03,837 [trainer.py] => CNN top5 curve: [100.0]
2024-10-30 10:06:03,838 [trainer.py] => NME top1 curve: [89.53]
2024-10-30 10:06:03,838 [trainer.py] => NME top5 curve: [100.0]

2024-10-30 10:06:03,838 [trainer.py] => Average Accuracy (CNN): 90.13
2024-10-30 10:06:03,839 [trainer.py] => Average Accuracy (NME): 89.53
2024-10-30 10:06:03,840 [trainer.py] => All params: 3849034
2024-10-30 10:06:03,840 [trainer.py] => Trainable params: 3849034
2024-10-30 10:06:03,910 [pod_foster.py] => Learning on 5-7
2024-10-30 10:06:03,912 [pod_foster.py] => All params: 7701139
2024-10-30 10:06:03,913 [pod_foster.py] => Trainable params: 3854670
2024-10-30 10:06:03,973 [pod_foster.py] => Adaptive factor: 1.8708286933869707
2024-10-30 10:06:03,976 [pod_foster.py] => per cls weights : [1.00484344 1.00484344 1.00484344 1.00484344 1.00484344 0.98789141
 0.98789141]
2024-10-30 10:06:08,066 [pod_foster.py] => Task 1, Epoch 1/150 => Loss 2.103, Loss_clf 0.623, Loss_fe 0.675, Loss_pod 0.571, Loss_flat 0.234, Train_accy 81.71, Test_accy 71.55
2024-10-30 10:06:20,797 [pod_foster.py] => Task 1, Epoch 6/150 => Loss 0.353, Loss_clf 0.010, Loss_fe 0.022, Loss_pod 0.259, Loss_flat 0.062, Train_accy 100.00, Test_accy 78.79
2024-10-30 10:06:33,468 [pod_foster.py] => Task 1, Epoch 11/150 => Loss 0.264, Loss_clf 0.007, Loss_fe 0.011, Loss_pod 0.206, Loss_flat 0.040, Train_accy 100.00, Test_accy 74.62
2024-10-30 10:06:45,111 [pod_foster.py] => Task 1, Epoch 16/150 => Loss 0.234, Loss_clf 0.006, Loss_fe 0.008, Loss_pod 0.187, Loss_flat 0.033, Train_accy 100.00, Test_accy 74.24
2024-10-30 10:06:57,685 [pod_foster.py] => Task 1, Epoch 21/150 => Loss 1.274, Loss_clf 0.097, Loss_fe 0.304, Loss_pod 0.650, Loss_flat 0.223, Train_accy 97.00, Test_accy 70.76
2024-10-30 10:07:12,414 [pod_foster.py] => Task 1, Epoch 26/150 => Loss 0.584, Loss_clf 0.016, Loss_fe 0.043, Loss_pod 0.410, Loss_flat 0.115, Train_accy 99.84, Test_accy 77.14
2024-10-30 10:07:25,967 [pod_foster.py] => Task 1, Epoch 31/150 => Loss 0.351, Loss_clf 0.008, Loss_fe 0.010, Loss_pod 0.280, Loss_flat 0.053, Train_accy 100.00, Test_accy 75.86
2024-10-30 10:07:39,585 [pod_foster.py] => Task 1, Epoch 36/150 => Loss 0.287, Loss_clf 0.005, Loss_fe 0.007, Loss_pod 0.237, Loss_flat 0.038, Train_accy 100.00, Test_accy 76.02
2024-10-30 10:07:53,534 [pod_foster.py] => Task 1, Epoch 41/150 => Loss 0.248, Loss_clf 0.005, Loss_fe 0.006, Loss_pod 0.207, Loss_flat 0.030, Train_accy 100.00, Test_accy 78.86
2024-10-30 10:08:06,069 [pod_foster.py] => Task 1, Epoch 46/150 => Loss 0.293, Loss_clf 0.007, Loss_fe 0.010, Loss_pod 0.236, Loss_flat 0.041, Train_accy 99.98, Test_accy 76.76
2024-10-30 10:08:19,638 [pod_foster.py] => Task 1, Epoch 51/150 => Loss 0.220, Loss_clf 0.004, Loss_fe 0.006, Loss_pod 0.183, Loss_flat 0.027, Train_accy 100.00, Test_accy 77.95
2024-10-30 10:08:33,221 [pod_foster.py] => Task 1, Epoch 56/150 => Loss 0.210, Loss_clf 0.004, Loss_fe 0.006, Loss_pod 0.174, Loss_flat 0.026, Train_accy 100.00, Test_accy 77.74
2024-10-30 10:08:46,137 [pod_foster.py] => Task 1, Epoch 61/150 => Loss 0.228, Loss_clf 0.006, Loss_fe 0.007, Loss_pod 0.186, Loss_flat 0.029, Train_accy 100.00, Test_accy 79.10
2024-10-30 10:08:59,101 [pod_foster.py] => Task 1, Epoch 66/150 => Loss 0.196, Loss_clf 0.005, Loss_fe 0.006, Loss_pod 0.161, Loss_flat 0.024, Train_accy 100.00, Test_accy 76.83
2024-10-30 10:09:11,745 [pod_foster.py] => Task 1, Epoch 71/150 => Loss 0.196, Loss_clf 0.004, Loss_fe 0.005, Loss_pod 0.164, Loss_flat 0.022, Train_accy 100.00, Test_accy 75.57
2024-10-30 10:09:25,291 [pod_foster.py] => Task 1, Epoch 76/150 => Loss 0.184, Loss_clf 0.004, Loss_fe 0.005, Loss_pod 0.153, Loss_flat 0.022, Train_accy 100.00, Test_accy 77.40
2024-10-30 10:09:37,770 [pod_foster.py] => Task 1, Epoch 81/150 => Loss 0.185, Loss_clf 0.004, Loss_fe 0.005, Loss_pod 0.153, Loss_flat 0.022, Train_accy 100.00, Test_accy 77.64
2024-10-30 10:09:50,216 [pod_foster.py] => Task 1, Epoch 86/150 => Loss 0.187, Loss_clf 0.004, Loss_fe 0.005, Loss_pod 0.156, Loss_flat 0.022, Train_accy 100.00, Test_accy 73.88
2024-10-30 10:10:03,951 [pod_foster.py] => Task 1, Epoch 91/150 => Loss 0.175, Loss_clf 0.004, Loss_fe 0.005, Loss_pod 0.145, Loss_flat 0.021, Train_accy 100.00, Test_accy 79.26
2024-10-30 10:10:17,722 [pod_foster.py] => Task 1, Epoch 96/150 => Loss 0.175, Loss_clf 0.004, Loss_fe 0.006, Loss_pod 0.143, Loss_flat 0.022, Train_accy 100.00, Test_accy 77.50
2024-10-30 10:10:31,875 [pod_foster.py] => Task 1, Epoch 101/150 => Loss 0.170, Loss_clf 0.004, Loss_fe 0.005, Loss_pod 0.141, Loss_flat 0.020, Train_accy 100.00, Test_accy 78.21
2024-10-30 10:10:44,053 [pod_foster.py] => Task 1, Epoch 106/150 => Loss 0.160, Loss_clf 0.004, Loss_fe 0.005, Loss_pod 0.131, Loss_flat 0.019, Train_accy 100.00, Test_accy 77.64
2024-10-30 10:10:54,629 [pod_foster.py] => Task 1, Epoch 111/150 => Loss 0.154, Loss_clf 0.004, Loss_fe 0.005, Loss_pod 0.126, Loss_flat 0.019, Train_accy 100.00, Test_accy 77.50
2024-10-30 10:11:05,265 [pod_foster.py] => Task 1, Epoch 116/150 => Loss 0.151, Loss_clf 0.004, Loss_fe 0.006, Loss_pod 0.122, Loss_flat 0.019, Train_accy 100.00, Test_accy 77.62
2024-10-30 10:11:16,173 [pod_foster.py] => Task 1, Epoch 121/150 => Loss 0.150, Loss_clf 0.004, Loss_fe 0.005, Loss_pod 0.122, Loss_flat 0.018, Train_accy 100.00, Test_accy 76.57
2024-10-30 10:11:27,095 [pod_foster.py] => Task 1, Epoch 126/150 => Loss 0.145, Loss_clf 0.004, Loss_fe 0.005, Loss_pod 0.118, Loss_flat 0.018, Train_accy 100.00, Test_accy 77.76
2024-10-30 10:11:37,967 [pod_foster.py] => Task 1, Epoch 131/150 => Loss 0.144, Loss_clf 0.004, Loss_fe 0.005, Loss_pod 0.116, Loss_flat 0.019, Train_accy 100.00, Test_accy 77.26
2024-10-30 10:11:48,612 [pod_foster.py] => Task 1, Epoch 136/150 => Loss 0.137, Loss_clf 0.004, Loss_fe 0.005, Loss_pod 0.110, Loss_flat 0.018, Train_accy 100.00, Test_accy 78.19
2024-10-30 10:11:59,179 [pod_foster.py] => Task 1, Epoch 141/150 => Loss 0.137, Loss_clf 0.004, Loss_fe 0.005, Loss_pod 0.111, Loss_flat 0.018, Train_accy 100.00, Test_accy 78.14
2024-10-30 10:12:09,710 [pod_foster.py] => Task 1, Epoch 146/150 => Loss 0.140, Loss_clf 0.004, Loss_fe 0.005, Loss_pod 0.112, Loss_flat 0.018, Train_accy 100.00, Test_accy 77.90
2024-10-30 10:12:17,772 [pod_foster.py] => Task 1, Epoch 150/150 => Loss 0.136, Loss_clf 0.004, Loss_fe 0.005, Loss_pod 0.109, Loss_flat 0.018, Train_accy 100.00
2024-10-30 10:12:17,773 [inc_net.py] => align weights, gamma = 0.4808669090270996 
2024-10-30 10:12:17,775 [pod_foster.py] => per cls weights : [1.01377356 1.01377356 1.01377356 1.01377356 1.01377356 0.96556609
 0.96556609]
2024-10-30 10:12:20,325 [pod_foster.py] => SNet: Task 1, Epoch 1/120 => Loss 1.331,  Train_accy 69.62, Test_accy 67.57
2024-10-30 10:12:29,603 [pod_foster.py] => SNet: Task 1, Epoch 6/120 => Loss 1.067,  Train_accy 94.67, Test_accy 80.67
2024-10-30 10:12:38,732 [pod_foster.py] => SNet: Task 1, Epoch 11/120 => Loss 1.062,  Train_accy 95.18, Test_accy 81.14
2024-10-30 10:12:47,989 [pod_foster.py] => SNet: Task 1, Epoch 16/120 => Loss 1.056,  Train_accy 95.07, Test_accy 81.90
2024-10-30 10:12:57,433 [pod_foster.py] => SNet: Task 1, Epoch 21/120 => Loss 1.058,  Train_accy 94.96, Test_accy 82.12
2024-10-30 10:13:07,026 [pod_foster.py] => SNet: Task 1, Epoch 26/120 => Loss 1.053,  Train_accy 94.76, Test_accy 82.55
2024-10-30 10:13:16,465 [pod_foster.py] => SNet: Task 1, Epoch 31/120 => Loss 1.055,  Train_accy 95.42, Test_accy 82.69
2024-10-30 10:13:26,058 [pod_foster.py] => SNet: Task 1, Epoch 36/120 => Loss 1.054,  Train_accy 94.84, Test_accy 82.95
2024-10-30 10:13:35,679 [pod_foster.py] => SNet: Task 1, Epoch 41/120 => Loss 1.052,  Train_accy 95.62, Test_accy 83.10
2024-10-30 10:13:45,363 [pod_foster.py] => SNet: Task 1, Epoch 46/120 => Loss 1.050,  Train_accy 95.58, Test_accy 83.17
2024-10-30 10:13:54,938 [pod_foster.py] => SNet: Task 1, Epoch 51/120 => Loss 1.051,  Train_accy 95.47, Test_accy 83.93
2024-10-30 10:14:04,546 [pod_foster.py] => SNet: Task 1, Epoch 56/120 => Loss 1.048,  Train_accy 95.60, Test_accy 83.17
2024-10-30 10:14:14,315 [pod_foster.py] => SNet: Task 1, Epoch 61/120 => Loss 1.049,  Train_accy 95.44, Test_accy 83.45
2024-10-30 10:14:23,853 [pod_foster.py] => SNet: Task 1, Epoch 66/120 => Loss 1.052,  Train_accy 95.71, Test_accy 83.14
2024-10-30 10:14:33,134 [pod_foster.py] => SNet: Task 1, Epoch 71/120 => Loss 1.052,  Train_accy 95.62, Test_accy 84.10
2024-10-30 10:14:42,438 [pod_foster.py] => SNet: Task 1, Epoch 76/120 => Loss 1.049,  Train_accy 95.58, Test_accy 84.05
2024-10-30 10:14:51,864 [pod_foster.py] => SNet: Task 1, Epoch 81/120 => Loss 1.050,  Train_accy 95.51, Test_accy 83.79
2024-10-30 10:15:01,363 [pod_foster.py] => SNet: Task 1, Epoch 86/120 => Loss 1.049,  Train_accy 95.58, Test_accy 83.81
2024-10-30 10:15:10,895 [pod_foster.py] => SNet: Task 1, Epoch 91/120 => Loss 1.050,  Train_accy 95.91, Test_accy 83.83
2024-10-30 10:15:21,763 [pod_foster.py] => SNet: Task 1, Epoch 96/120 => Loss 1.049,  Train_accy 95.67, Test_accy 83.95
2024-10-30 10:15:33,728 [pod_foster.py] => SNet: Task 1, Epoch 101/120 => Loss 1.048,  Train_accy 95.78, Test_accy 83.76
2024-10-30 10:15:45,760 [pod_foster.py] => SNet: Task 1, Epoch 106/120 => Loss 1.049,  Train_accy 96.11, Test_accy 83.93
2024-10-30 10:15:57,094 [pod_foster.py] => SNet: Task 1, Epoch 111/120 => Loss 1.050,  Train_accy 95.44, Test_accy 84.12
2024-10-30 10:16:09,321 [pod_foster.py] => SNet: Task 1, Epoch 116/120 => Loss 1.047,  Train_accy 95.64, Test_accy 83.98
2024-10-30 10:16:18,607 [pod_foster.py] => SNet: Task 1, Epoch 120/120 => Loss 1.047,  Train_accy 95.69
2024-10-30 10:16:18,607 [pod_foster.py] => do not weight align student!
2024-10-30 10:16:19,717 [pod_foster.py] => darknet eval: 
2024-10-30 10:16:19,719 [pod_foster.py] => CNN top1 curve: 83.83
2024-10-30 10:16:19,719 [pod_foster.py] => CNN top5 curve: 99.55
2024-10-30 10:16:19,720 [pod_foster.py] => CNN: {'total': 83.83, '00-04': 82.63, '05-06': 86.83, 'old': 82.63, 'new': 86.83}
2024-10-30 10:16:19,721 [pod_foster.py] => All params after compression: 3851086
2024-10-30 10:16:19,722 [base.py] => Reducing exemplars...(71 per classes)
2024-10-30 10:16:21,812 [base.py] => Constructing exemplars...(71 per classes)
2024-10-30 10:16:27,336 [trainer.py] => All params: 7701139
2024-10-30 10:16:29,819 [pod_foster.py] => Exemplar size: 497
2024-10-30 10:16:29,820 [trainer.py] => CNN: {'total': 84.64, '00-04': 85.73, '05-06': 81.92, 'old': 85.73, 'new': 81.92}
2024-10-30 10:16:29,821 [trainer.py] => NME: {'total': 75.62, '00-04': 83.17, '05-06': 56.75, 'old': 83.17, 'new': 56.75}
2024-10-30 10:16:29,821 [trainer.py] => CNN top1 curve: [90.13, 84.64]
2024-10-30 10:16:29,821 [trainer.py] => CNN top5 curve: [100.0, 99.55]
2024-10-30 10:16:29,822 [trainer.py] => NME top1 curve: [89.53, 75.62]
2024-10-30 10:16:29,822 [trainer.py] => NME top5 curve: [100.0, 99.52]

2024-10-30 10:16:29,823 [trainer.py] => Average Accuracy (CNN): 87.38499999999999
2024-10-30 10:16:29,823 [trainer.py] => Average Accuracy (NME): 82.575
2024-10-30 10:16:29,824 [trainer.py] => All params: 7701139
2024-10-30 10:16:29,826 [trainer.py] => Trainable params: 3854670
2024-10-30 10:16:29,907 [pod_foster.py] => Learning on 7-9
2024-10-30 10:16:29,909 [pod_foster.py] => All params: 7705241
2024-10-30 10:16:29,910 [pod_foster.py] => Trainable params: 3857746
2024-10-30 10:16:29,983 [pod_foster.py] => Adaptive factor: 2.1213203435596424
2024-10-30 10:16:29,989 [pod_foster.py] => per cls weights : [1.01239929 1.01239929 1.01239929 1.01239929 1.01239929 1.01239929
 1.01239929 0.95660248 0.95660248]
2024-10-30 10:16:33,754 [pod_foster.py] => Task 2, Epoch 1/150 => Loss 2.314, Loss_clf 0.737, Loss_fe 0.744, Loss_pod 0.614, Loss_flat 0.219, Train_accy 82.03, Test_accy 54.85
2024-10-30 10:16:47,603 [pod_foster.py] => Task 2, Epoch 6/150 => Loss 0.607, Loss_clf 0.023, Loss_fe 0.073, Loss_pod 0.406, Loss_flat 0.105, Train_accy 99.62, Test_accy 61.87
2024-10-30 10:17:01,835 [pod_foster.py] => Task 2, Epoch 11/150 => Loss 0.314, Loss_clf 0.009, Loss_fe 0.014, Loss_pod 0.245, Loss_flat 0.046, Train_accy 100.00, Test_accy 65.33
2024-10-30 10:17:16,570 [pod_foster.py] => Task 2, Epoch 16/150 => Loss 0.282, Loss_clf 0.007, Loss_fe 0.010, Loss_pod 0.227, Loss_flat 0.038, Train_accy 100.00, Test_accy 69.89
2024-10-30 10:17:31,391 [pod_foster.py] => Task 2, Epoch 21/150 => Loss 0.537, Loss_clf 0.022, Loss_fe 0.049, Loss_pod 0.379, Loss_flat 0.088, Train_accy 99.62, Test_accy 73.19
2024-10-30 10:17:46,418 [pod_foster.py] => Task 2, Epoch 26/150 => Loss 0.284, Loss_clf 0.007, Loss_fe 0.008, Loss_pod 0.232, Loss_flat 0.037, Train_accy 100.00, Test_accy 61.94
2024-10-30 10:18:00,375 [pod_foster.py] => Task 2, Epoch 31/150 => Loss 0.265, Loss_clf 0.005, Loss_fe 0.006, Loss_pod 0.221, Loss_flat 0.033, Train_accy 100.00, Test_accy 63.44
2024-10-30 10:18:15,006 [pod_foster.py] => Task 2, Epoch 36/150 => Loss 0.241, Loss_clf 0.005, Loss_fe 0.007, Loss_pod 0.201, Loss_flat 0.027, Train_accy 100.00, Test_accy 54.41
2024-10-30 10:18:30,074 [pod_foster.py] => Task 2, Epoch 41/150 => Loss 0.438, Loss_clf 0.015, Loss_fe 0.020, Loss_pod 0.334, Loss_flat 0.069, Train_accy 99.91, Test_accy 65.98
2024-10-30 10:18:44,924 [pod_foster.py] => Task 2, Epoch 46/150 => Loss 0.273, Loss_clf 0.006, Loss_fe 0.006, Loss_pod 0.226, Loss_flat 0.035, Train_accy 100.00, Test_accy 63.30
2024-10-30 10:18:59,562 [pod_foster.py] => Task 2, Epoch 51/150 => Loss 0.238, Loss_clf 0.006, Loss_fe 0.007, Loss_pod 0.198, Loss_flat 0.028, Train_accy 100.00, Test_accy 61.26
2024-10-30 10:19:13,513 [pod_foster.py] => Task 2, Epoch 56/150 => Loss 0.225, Loss_clf 0.005, Loss_fe 0.006, Loss_pod 0.188, Loss_flat 0.026, Train_accy 100.00, Test_accy 64.31
2024-10-30 10:19:28,638 [pod_foster.py] => Task 2, Epoch 61/150 => Loss 0.233, Loss_clf 0.005, Loss_fe 0.006, Loss_pod 0.194, Loss_flat 0.027, Train_accy 100.00, Test_accy 64.76
2024-10-30 10:19:41,778 [pod_foster.py] => Task 2, Epoch 66/150 => Loss 0.249, Loss_clf 0.006, Loss_fe 0.007, Loss_pod 0.206, Loss_flat 0.030, Train_accy 100.00, Test_accy 65.13
2024-10-30 10:19:52,984 [pod_foster.py] => Task 2, Epoch 71/150 => Loss 0.223, Loss_clf 0.005, Loss_fe 0.006, Loss_pod 0.186, Loss_flat 0.027, Train_accy 100.00, Test_accy 65.93
2024-10-30 10:20:04,001 [pod_foster.py] => Task 2, Epoch 76/150 => Loss 0.199, Loss_clf 0.004, Loss_fe 0.006, Loss_pod 0.166, Loss_flat 0.023, Train_accy 100.00, Test_accy 62.67
2024-10-30 10:20:14,715 [pod_foster.py] => Task 2, Epoch 81/150 => Loss 0.208, Loss_clf 0.005, Loss_fe 0.006, Loss_pod 0.171, Loss_flat 0.026, Train_accy 100.00, Test_accy 64.35
2024-10-30 10:20:25,813 [pod_foster.py] => Task 2, Epoch 86/150 => Loss 0.200, Loss_clf 0.004, Loss_fe 0.006, Loss_pod 0.167, Loss_flat 0.023, Train_accy 100.00, Test_accy 65.69
2024-10-30 10:20:36,954 [pod_foster.py] => Task 2, Epoch 91/150 => Loss 0.204, Loss_clf 0.005, Loss_fe 0.006, Loss_pod 0.168, Loss_flat 0.025, Train_accy 100.00, Test_accy 64.19
2024-10-30 10:20:48,394 [pod_foster.py] => Task 2, Epoch 96/150 => Loss 0.183, Loss_clf 0.004, Loss_fe 0.005, Loss_pod 0.152, Loss_flat 0.021, Train_accy 100.00, Test_accy 63.98
2024-10-30 10:20:59,701 [pod_foster.py] => Task 2, Epoch 101/150 => Loss 0.181, Loss_clf 0.004, Loss_fe 0.005, Loss_pod 0.151, Loss_flat 0.021, Train_accy 100.00, Test_accy 62.89
2024-10-30 10:21:10,971 [pod_foster.py] => Task 2, Epoch 106/150 => Loss 0.182, Loss_clf 0.005, Loss_fe 0.006, Loss_pod 0.150, Loss_flat 0.021, Train_accy 100.00, Test_accy 63.07
2024-10-30 10:21:22,573 [pod_foster.py] => Task 2, Epoch 111/150 => Loss 0.165, Loss_clf 0.005, Loss_fe 0.006, Loss_pod 0.135, Loss_flat 0.020, Train_accy 100.00, Test_accy 65.69
2024-10-30 10:21:33,894 [pod_foster.py] => Task 2, Epoch 116/150 => Loss 0.168, Loss_clf 0.005, Loss_fe 0.006, Loss_pod 0.137, Loss_flat 0.020, Train_accy 100.00, Test_accy 64.91
2024-10-30 10:21:45,129 [pod_foster.py] => Task 2, Epoch 121/150 => Loss 0.162, Loss_clf 0.004, Loss_fe 0.005, Loss_pod 0.133, Loss_flat 0.019, Train_accy 100.00, Test_accy 64.76
2024-10-30 10:21:56,307 [pod_foster.py] => Task 2, Epoch 126/150 => Loss 0.152, Loss_clf 0.004, Loss_fe 0.005, Loss_pod 0.124, Loss_flat 0.019, Train_accy 100.00, Test_accy 64.87
2024-10-30 10:22:07,467 [pod_foster.py] => Task 2, Epoch 131/150 => Loss 0.159, Loss_clf 0.004, Loss_fe 0.005, Loss_pod 0.130, Loss_flat 0.019, Train_accy 100.00, Test_accy 63.96
2024-10-30 10:22:18,476 [pod_foster.py] => Task 2, Epoch 136/150 => Loss 0.154, Loss_clf 0.004, Loss_fe 0.005, Loss_pod 0.126, Loss_flat 0.019, Train_accy 100.00, Test_accy 65.44
2024-10-30 10:22:32,413 [pod_foster.py] => Task 2, Epoch 141/150 => Loss 0.146, Loss_clf 0.004, Loss_fe 0.005, Loss_pod 0.119, Loss_flat 0.019, Train_accy 100.00, Test_accy 65.15
2024-10-30 10:22:45,766 [pod_foster.py] => Task 2, Epoch 146/150 => Loss 0.147, Loss_clf 0.004, Loss_fe 0.005, Loss_pod 0.119, Loss_flat 0.019, Train_accy 100.00, Test_accy 62.56
2024-10-30 10:22:56,113 [pod_foster.py] => Task 2, Epoch 150/150 => Loss 0.149, Loss_clf 0.004, Loss_fe 0.005, Loss_pod 0.120, Loss_flat 0.019, Train_accy 100.00
2024-10-30 10:22:56,115 [inc_net.py] => align weights, gamma = 0.47097593545913696 
2024-10-30 10:22:56,117 [pod_foster.py] => per cls weights : [1.02623168 1.02623168 1.02623168 1.02623168 1.02623168 1.02623168
 1.02623168 0.90818914 0.90818914]
2024-10-30 10:22:59,660 [pod_foster.py] => SNet: Task 2, Epoch 1/120 => Loss 1.610,  Train_accy 70.65, Test_accy 65.28
2024-10-30 10:23:11,124 [pod_foster.py] => SNet: Task 2, Epoch 6/120 => Loss 1.384,  Train_accy 94.97, Test_accy 74.81
2024-10-30 10:23:23,326 [pod_foster.py] => SNet: Task 2, Epoch 11/120 => Loss 1.385,  Train_accy 95.24, Test_accy 76.15
2024-10-30 10:23:35,590 [pod_foster.py] => SNet: Task 2, Epoch 16/120 => Loss 1.378,  Train_accy 95.93, Test_accy 77.06
2024-10-30 10:23:48,662 [pod_foster.py] => SNet: Task 2, Epoch 21/120 => Loss 1.377,  Train_accy 95.95, Test_accy 76.20
2024-10-30 10:24:00,893 [pod_foster.py] => SNet: Task 2, Epoch 26/120 => Loss 1.376,  Train_accy 96.18, Test_accy 77.00
2024-10-30 10:24:13,546 [pod_foster.py] => SNet: Task 2, Epoch 31/120 => Loss 1.375,  Train_accy 96.15, Test_accy 77.17
2024-10-30 10:24:26,626 [pod_foster.py] => SNet: Task 2, Epoch 36/120 => Loss 1.375,  Train_accy 96.18, Test_accy 77.67
2024-10-30 10:24:39,997 [pod_foster.py] => SNet: Task 2, Epoch 41/120 => Loss 1.373,  Train_accy 96.18, Test_accy 77.74
2024-10-30 10:24:52,027 [pod_foster.py] => SNet: Task 2, Epoch 46/120 => Loss 1.372,  Train_accy 96.02, Test_accy 77.69
2024-10-30 10:25:04,499 [pod_foster.py] => SNet: Task 2, Epoch 51/120 => Loss 1.373,  Train_accy 96.11, Test_accy 78.46
2024-10-30 10:25:17,634 [pod_foster.py] => SNet: Task 2, Epoch 56/120 => Loss 1.375,  Train_accy 96.44, Test_accy 78.17
2024-10-30 10:25:30,154 [pod_foster.py] => SNet: Task 2, Epoch 61/120 => Loss 1.374,  Train_accy 96.58, Test_accy 78.09
2024-10-30 10:25:43,179 [pod_foster.py] => SNet: Task 2, Epoch 66/120 => Loss 1.371,  Train_accy 96.44, Test_accy 77.76
2024-10-30 10:25:56,241 [pod_foster.py] => SNet: Task 2, Epoch 71/120 => Loss 1.371,  Train_accy 96.44, Test_accy 78.22
2024-10-30 10:26:08,750 [pod_foster.py] => SNet: Task 2, Epoch 76/120 => Loss 1.372,  Train_accy 96.51, Test_accy 78.15
2024-10-30 10:26:20,881 [pod_foster.py] => SNet: Task 2, Epoch 81/120 => Loss 1.374,  Train_accy 96.33, Test_accy 78.44
2024-10-30 10:26:34,931 [pod_foster.py] => SNet: Task 2, Epoch 86/120 => Loss 1.367,  Train_accy 96.73, Test_accy 77.76
2024-10-30 10:26:45,263 [pod_foster.py] => SNet: Task 2, Epoch 91/120 => Loss 1.371,  Train_accy 96.60, Test_accy 78.48
2024-10-30 10:26:54,785 [pod_foster.py] => SNet: Task 2, Epoch 96/120 => Loss 1.368,  Train_accy 96.60, Test_accy 77.76
2024-10-30 10:27:04,323 [pod_foster.py] => SNet: Task 2, Epoch 101/120 => Loss 1.367,  Train_accy 96.44, Test_accy 78.24
2024-10-30 10:27:13,525 [pod_foster.py] => SNet: Task 2, Epoch 106/120 => Loss 1.371,  Train_accy 96.69, Test_accy 77.85
2024-10-30 10:27:22,569 [pod_foster.py] => SNet: Task 2, Epoch 111/120 => Loss 1.372,  Train_accy 96.60, Test_accy 78.19
2024-10-30 10:27:31,958 [pod_foster.py] => SNet: Task 2, Epoch 116/120 => Loss 1.372,  Train_accy 96.53, Test_accy 78.80
2024-10-30 10:27:38,676 [pod_foster.py] => SNet: Task 2, Epoch 120/120 => Loss 1.369,  Train_accy 96.60
2024-10-30 10:27:38,676 [pod_foster.py] => do not weight align student!
2024-10-30 10:27:39,499 [pod_foster.py] => darknet eval: 
2024-10-30 10:27:39,499 [pod_foster.py] => CNN top1 curve: 78.3
2024-10-30 10:27:39,499 [pod_foster.py] => CNN top5 curve: 97.46
2024-10-30 10:27:39,499 [pod_foster.py] => CNN: {'total': 78.3, '00-04': 76.4, '05-06': 80.75, '07-08': 80.58, 'old': 77.64, 'new': 80.58}
2024-10-30 10:27:39,501 [pod_foster.py] => All params after compression: 3853138
2024-10-30 10:27:39,502 [base.py] => Reducing exemplars...(55 per classes)
2024-10-30 10:27:41,126 [base.py] => Constructing exemplars...(55 per classes)
2024-10-30 10:27:44,182 [trainer.py] => All params: 7705241
2024-10-30 10:27:46,529 [pod_foster.py] => Exemplar size: 495
2024-10-30 10:27:46,529 [trainer.py] => CNN: {'total': 79.17, '00-04': 76.53, '05-06': 84.58, '07-08': 80.33, 'old': 78.83, 'new': 80.33}
2024-10-30 10:27:46,529 [trainer.py] => NME: {'total': 68.24, '00-04': 75.3, '05-06': 65.17, '07-08': 53.67, 'old': 72.4, 'new': 53.67}
2024-10-30 10:27:46,529 [trainer.py] => CNN top1 curve: [90.13, 84.64, 79.17]
2024-10-30 10:27:46,529 [trainer.py] => CNN top5 curve: [100.0, 99.55, 97.35]
2024-10-30 10:27:46,530 [trainer.py] => NME top1 curve: [89.53, 75.62, 68.24]
2024-10-30 10:27:46,530 [trainer.py] => NME top5 curve: [100.0, 99.52, 97.02]

2024-10-30 10:27:46,530 [trainer.py] => Average Accuracy (CNN): 84.64666666666666
2024-10-30 10:27:46,530 [trainer.py] => Average Accuracy (NME): 77.79666666666667
2024-10-30 10:27:46,531 [trainer.py] => Forgetting (CNN): 6.799999999999997
