2024-10-30 10:50:31,041 [trainer.py] => config: ./exps/POD_foster.json
2024-10-30 10:50:31,042 [trainer.py] => prefix: cil
2024-10-30 10:50:31,042 [trainer.py] => dataset: hrrp9
2024-10-30 10:50:31,042 [trainer.py] => memory_size: 500
2024-10-30 10:50:31,043 [trainer.py] => memory_per_class: 20
2024-10-30 10:50:31,043 [trainer.py] => fixed_memory: False
2024-10-30 10:50:31,043 [trainer.py] => shuffle: True
2024-10-30 10:50:31,044 [trainer.py] => init_cls: 5
2024-10-30 10:50:31,044 [trainer.py] => increment: 2
2024-10-30 10:50:31,044 [trainer.py] => model_name: POD_foster
2024-10-30 10:50:31,045 [trainer.py] => convnet_type: resnet18
2024-10-30 10:50:31,045 [trainer.py] => init_train: False
2024-10-30 10:50:31,045 [trainer.py] => convnet_path: checkpoints/init_train/resnet18_35172.pth
2024-10-30 10:50:31,046 [trainer.py] => fc_path: checkpoints/init_train/fc_35172.pth
2024-10-30 10:50:31,046 [trainer.py] => convnet_path2: checkpoints/init_train/resnet18_42503.pth
2024-10-30 10:50:31,046 [trainer.py] => fc_path2: checkpoints/init_train/fc_42503.pth
2024-10-30 10:50:31,047 [trainer.py] => convnet_path1: checkpoints/init_train/resnet18_42871.pth
2024-10-30 10:50:31,047 [trainer.py] => fc_path1: checkpoints/init_train/fc_42871.pth
2024-10-30 10:50:31,047 [trainer.py] => device: [device(type='cuda', index=2)]
2024-10-30 10:50:31,047 [trainer.py] => seed: 2001
2024-10-30 10:50:31,048 [trainer.py] => beta1: 0.96
2024-10-30 10:50:31,048 [trainer.py] => beta2: 0.97
2024-10-30 10:50:31,048 [trainer.py] => oofc: ft
2024-10-30 10:50:31,049 [trainer.py] => is_teacher_wa: True
2024-10-30 10:50:31,049 [trainer.py] => is_student_wa: False
2024-10-30 10:50:31,049 [trainer.py] => is_teacher_la: True
2024-10-30 10:50:31,050 [trainer.py] => is_student_la: True
2024-10-30 10:50:31,050 [trainer.py] => lambda_okd: 0
2024-10-30 10:50:31,050 [trainer.py] => wa_value: 1
2024-10-30 10:50:31,051 [trainer.py] => init_epochs: 0
2024-10-30 10:50:31,051 [trainer.py] => init_lr: 0.1
2024-10-30 10:50:31,052 [trainer.py] => init_weight_decay: 0.0005
2024-10-30 10:50:31,053 [trainer.py] => boosting_epochs: 150
2024-10-30 10:50:31,053 [trainer.py] => compression_epochs: 120
2024-10-30 10:50:31,054 [trainer.py] => lr: 0.1
2024-10-30 10:50:31,054 [trainer.py] => batch_size: 128
2024-10-30 10:50:31,054 [trainer.py] => weight_decay: 0.0005
2024-10-30 10:50:31,055 [trainer.py] => num_workers: 8
2024-10-30 10:50:31,055 [trainer.py] => momentum: 0.9
2024-10-30 10:50:31,055 [trainer.py] => T: 2
2024-10-30 10:50:31,056 [trainer.py] => lambda_c_base: 0.7
2024-10-30 10:50:31,056 [trainer.py] => lambda_f_base: 1.0
2024-10-30 10:50:31,056 [trainer.py] => POD: c+w
2024-10-30 10:50:32,120 [data_manager.py] => [3, 5, 1, 7, 2, 8, 6, 4, 0]
2024-10-30 10:50:32,241 [trainer.py] => All params: 0
2024-10-30 10:50:32,246 [trainer.py] => Trainable params: 0
2024-10-30 10:50:32,947 [pod_foster.py] => Learning on 0-5
2024-10-30 10:50:32,948 [pod_foster.py] => All params: 3849034
2024-10-30 10:50:32,948 [pod_foster.py] => Trainable params: 3849034
2024-10-30 10:50:33,149 [pod_foster.py] => Adaptive factor: 0
2024-10-30 10:50:33,462 [pod_foster.py] => init_train?---False
2024-10-30 10:50:35,055 [base.py] => Reducing exemplars...(100 per classes)
2024-10-30 10:50:35,055 [base.py] => Constructing exemplars...(100 per classes)
2024-10-30 10:50:44,066 [trainer.py] => All params: 3849034
2024-10-30 10:50:45,620 [pod_foster.py] => Exemplar size: 500
2024-10-30 10:50:45,620 [trainer.py] => CNN: {'total': 90.13, '00-04': 90.13, 'old': 0, 'new': 90.13}
2024-10-30 10:50:45,620 [trainer.py] => NME: {'total': 89.53, '00-04': 89.53, 'old': 0, 'new': 89.53}
2024-10-30 10:50:45,620 [trainer.py] => CNN top1 curve: [90.13]
2024-10-30 10:50:45,620 [trainer.py] => CNN top5 curve: [100.0]
2024-10-30 10:50:45,620 [trainer.py] => NME top1 curve: [89.53]
2024-10-30 10:50:45,620 [trainer.py] => NME top5 curve: [100.0]

2024-10-30 10:50:45,621 [trainer.py] => Average Accuracy (CNN): 90.13
2024-10-30 10:50:45,621 [trainer.py] => Average Accuracy (NME): 89.53
2024-10-30 10:50:45,621 [trainer.py] => All params: 3849034
2024-10-30 10:50:45,621 [trainer.py] => Trainable params: 3849034
2024-10-30 10:50:45,670 [pod_foster.py] => Learning on 5-7
2024-10-30 10:50:45,671 [pod_foster.py] => All params: 7701139
2024-10-30 10:50:45,672 [pod_foster.py] => Trainable params: 3854670
2024-10-30 10:50:45,776 [pod_foster.py] => Adaptive factor: 1.8708286933869707
2024-10-30 10:50:45,785 [pod_foster.py] => per cls weights : [1.00484344 1.00484344 1.00484344 1.00484344 1.00484344 0.98789141
 0.98789141]
2024-10-30 10:50:50,569 [pod_foster.py] => Task 1, Epoch 1/150 => Loss 1.940, Loss_clf 0.629, Loss_fe 0.691, Loss_pod 0.348, Loss_flat 0.273, Train_accy 81.11, Test_accy 68.38
2024-10-30 10:51:04,341 [pod_foster.py] => Task 1, Epoch 6/150 => Loss 0.264, Loss_clf 0.010, Loss_fe 0.018, Loss_pod 0.152, Loss_flat 0.084, Train_accy 100.00, Test_accy 78.81
2024-10-30 10:51:18,427 [pod_foster.py] => Task 1, Epoch 11/150 => Loss 0.172, Loss_clf 0.007, Loss_fe 0.008, Loss_pod 0.107, Loss_flat 0.049, Train_accy 100.00, Test_accy 73.93
2024-10-30 10:51:32,941 [pod_foster.py] => Task 1, Epoch 16/150 => Loss 0.146, Loss_clf 0.006, Loss_fe 0.006, Loss_pod 0.094, Loss_flat 0.040, Train_accy 100.00, Test_accy 76.71
2024-10-30 10:51:45,962 [pod_foster.py] => Task 1, Epoch 21/150 => Loss 1.081, Loss_clf 0.148, Loss_fe 0.338, Loss_pod 0.376, Loss_flat 0.218, Train_accy 94.82, Test_accy 60.67
2024-10-30 10:51:58,434 [pod_foster.py] => Task 1, Epoch 26/150 => Loss 0.346, Loss_clf 0.011, Loss_fe 0.022, Loss_pod 0.201, Loss_flat 0.113, Train_accy 99.91, Test_accy 79.48
2024-10-30 10:52:10,196 [pod_foster.py] => Task 1, Epoch 31/150 => Loss 0.203, Loss_clf 0.006, Loss_fe 0.006, Loss_pod 0.134, Loss_flat 0.056, Train_accy 100.00, Test_accy 76.74
2024-10-30 10:52:20,854 [pod_foster.py] => Task 1, Epoch 36/150 => Loss 0.163, Loss_clf 0.005, Loss_fe 0.005, Loss_pod 0.111, Loss_flat 0.042, Train_accy 100.00, Test_accy 77.69
2024-10-30 10:52:31,491 [pod_foster.py] => Task 1, Epoch 41/150 => Loss 0.140, Loss_clf 0.004, Loss_fe 0.004, Loss_pod 0.097, Loss_flat 0.034, Train_accy 100.00, Test_accy 78.40
2024-10-30 10:52:42,142 [pod_foster.py] => Task 1, Epoch 46/150 => Loss 0.182, Loss_clf 0.006, Loss_fe 0.007, Loss_pod 0.119, Loss_flat 0.050, Train_accy 100.00, Test_accy 78.14
2024-10-30 10:52:52,466 [pod_foster.py] => Task 1, Epoch 51/150 => Loss 0.126, Loss_clf 0.004, Loss_fe 0.004, Loss_pod 0.086, Loss_flat 0.031, Train_accy 100.00, Test_accy 76.69
2024-10-30 10:53:03,263 [pod_foster.py] => Task 1, Epoch 56/150 => Loss 0.121, Loss_clf 0.004, Loss_fe 0.004, Loss_pod 0.084, Loss_flat 0.030, Train_accy 100.00, Test_accy 78.02
2024-10-30 10:53:14,042 [pod_foster.py] => Task 1, Epoch 61/150 => Loss 0.123, Loss_clf 0.004, Loss_fe 0.004, Loss_pod 0.085, Loss_flat 0.030, Train_accy 100.00, Test_accy 77.69
2024-10-30 10:53:25,078 [pod_foster.py] => Task 1, Epoch 66/150 => Loss 0.110, Loss_clf 0.004, Loss_fe 0.004, Loss_pod 0.074, Loss_flat 0.027, Train_accy 100.00, Test_accy 76.50
2024-10-30 10:53:36,212 [pod_foster.py] => Task 1, Epoch 71/150 => Loss 0.112, Loss_clf 0.004, Loss_fe 0.004, Loss_pod 0.078, Loss_flat 0.026, Train_accy 100.00, Test_accy 76.64
2024-10-30 10:53:47,280 [pod_foster.py] => Task 1, Epoch 76/150 => Loss 0.105, Loss_clf 0.004, Loss_fe 0.004, Loss_pod 0.072, Loss_flat 0.026, Train_accy 100.00, Test_accy 75.90
2024-10-30 10:53:57,973 [pod_foster.py] => Task 1, Epoch 81/150 => Loss 0.104, Loss_clf 0.004, Loss_fe 0.004, Loss_pod 0.071, Loss_flat 0.025, Train_accy 100.00, Test_accy 77.40
2024-10-30 10:54:08,784 [pod_foster.py] => Task 1, Epoch 86/150 => Loss 0.105, Loss_clf 0.004, Loss_fe 0.004, Loss_pod 0.072, Loss_flat 0.025, Train_accy 100.00, Test_accy 73.93
2024-10-30 10:54:21,082 [pod_foster.py] => Task 1, Epoch 91/150 => Loss 0.098, Loss_clf 0.004, Loss_fe 0.004, Loss_pod 0.066, Loss_flat 0.024, Train_accy 100.00, Test_accy 77.88
2024-10-30 10:54:34,540 [pod_foster.py] => Task 1, Epoch 96/150 => Loss 0.148, Loss_clf 0.006, Loss_fe 0.007, Loss_pod 0.094, Loss_flat 0.042, Train_accy 100.00, Test_accy 77.81
2024-10-30 10:54:45,234 [pod_foster.py] => Task 1, Epoch 101/150 => Loss 0.100, Loss_clf 0.004, Loss_fe 0.004, Loss_pod 0.067, Loss_flat 0.025, Train_accy 100.00, Test_accy 77.62
2024-10-30 10:54:55,640 [pod_foster.py] => Task 1, Epoch 106/150 => Loss 0.093, Loss_clf 0.004, Loss_fe 0.004, Loss_pod 0.061, Loss_flat 0.024, Train_accy 100.00, Test_accy 77.60
2024-10-30 10:55:06,568 [pod_foster.py] => Task 1, Epoch 111/150 => Loss 0.088, Loss_clf 0.004, Loss_fe 0.004, Loss_pod 0.058, Loss_flat 0.023, Train_accy 100.00, Test_accy 76.55
2024-10-30 10:55:19,457 [pod_foster.py] => Task 1, Epoch 116/150 => Loss 0.085, Loss_clf 0.004, Loss_fe 0.004, Loss_pod 0.054, Loss_flat 0.022, Train_accy 100.00, Test_accy 77.40
2024-10-30 10:55:32,694 [pod_foster.py] => Task 1, Epoch 121/150 => Loss 0.084, Loss_clf 0.004, Loss_fe 0.004, Loss_pod 0.055, Loss_flat 0.022, Train_accy 100.00, Test_accy 76.52
2024-10-30 10:55:45,728 [pod_foster.py] => Task 1, Epoch 126/150 => Loss 0.082, Loss_clf 0.004, Loss_fe 0.004, Loss_pod 0.052, Loss_flat 0.022, Train_accy 100.00, Test_accy 76.93
2024-10-30 10:55:58,236 [pod_foster.py] => Task 1, Epoch 131/150 => Loss 0.081, Loss_clf 0.004, Loss_fe 0.004, Loss_pod 0.051, Loss_flat 0.023, Train_accy 100.00, Test_accy 76.24
2024-10-30 10:56:10,803 [pod_foster.py] => Task 1, Epoch 136/150 => Loss 0.076, Loss_clf 0.004, Loss_fe 0.004, Loss_pod 0.048, Loss_flat 0.021, Train_accy 100.00, Test_accy 77.10
2024-10-30 10:56:23,036 [pod_foster.py] => Task 1, Epoch 141/150 => Loss 0.077, Loss_clf 0.004, Loss_fe 0.004, Loss_pod 0.048, Loss_flat 0.021, Train_accy 100.00, Test_accy 76.95
2024-10-30 10:56:36,096 [pod_foster.py] => Task 1, Epoch 146/150 => Loss 0.078, Loss_clf 0.004, Loss_fe 0.004, Loss_pod 0.049, Loss_flat 0.022, Train_accy 100.00, Test_accy 77.12
2024-10-30 10:56:45,403 [pod_foster.py] => Task 1, Epoch 150/150 => Loss 0.076, Loss_clf 0.004, Loss_fe 0.004, Loss_pod 0.047, Loss_flat 0.021, Train_accy 100.00
2024-10-30 10:56:45,404 [inc_net.py] => align weights, gamma = 0.4738744795322418 
2024-10-30 10:56:45,406 [pod_foster.py] => per cls weights : [1.01377356 1.01377356 1.01377356 1.01377356 1.01377356 0.96556609
 0.96556609]
2024-10-30 10:56:48,536 [pod_foster.py] => SNet: Task 1, Epoch 1/120 => Loss 1.338,  Train_accy 69.11, Test_accy 70.17
2024-10-30 10:56:59,841 [pod_foster.py] => SNet: Task 1, Epoch 6/120 => Loss 1.076,  Train_accy 94.62, Test_accy 81.00
2024-10-30 10:57:10,952 [pod_foster.py] => SNet: Task 1, Epoch 11/120 => Loss 1.071,  Train_accy 94.89, Test_accy 81.05
2024-10-30 10:57:22,902 [pod_foster.py] => SNet: Task 1, Epoch 16/120 => Loss 1.066,  Train_accy 95.04, Test_accy 81.88
2024-10-30 10:57:34,474 [pod_foster.py] => SNet: Task 1, Epoch 21/120 => Loss 1.067,  Train_accy 94.89, Test_accy 82.21
2024-10-30 10:57:45,609 [pod_foster.py] => SNet: Task 1, Epoch 26/120 => Loss 1.063,  Train_accy 95.13, Test_accy 82.12
2024-10-30 10:57:55,514 [pod_foster.py] => SNet: Task 1, Epoch 31/120 => Loss 1.065,  Train_accy 95.44, Test_accy 82.26
2024-10-30 10:58:04,735 [pod_foster.py] => SNet: Task 1, Epoch 36/120 => Loss 1.064,  Train_accy 94.84, Test_accy 82.79
2024-10-30 10:58:13,802 [pod_foster.py] => SNet: Task 1, Epoch 41/120 => Loss 1.062,  Train_accy 95.53, Test_accy 82.81
2024-10-30 10:58:23,004 [pod_foster.py] => SNet: Task 1, Epoch 46/120 => Loss 1.060,  Train_accy 95.56, Test_accy 83.26
2024-10-30 10:58:32,536 [pod_foster.py] => SNet: Task 1, Epoch 51/120 => Loss 1.061,  Train_accy 95.56, Test_accy 83.57
2024-10-30 10:58:41,863 [pod_foster.py] => SNet: Task 1, Epoch 56/120 => Loss 1.058,  Train_accy 95.73, Test_accy 82.62
2024-10-30 10:58:51,176 [pod_foster.py] => SNet: Task 1, Epoch 61/120 => Loss 1.059,  Train_accy 95.60, Test_accy 83.33
2024-10-30 10:59:00,176 [pod_foster.py] => SNet: Task 1, Epoch 66/120 => Loss 1.062,  Train_accy 95.89, Test_accy 82.86
2024-10-30 10:59:09,087 [pod_foster.py] => SNet: Task 1, Epoch 71/120 => Loss 1.062,  Train_accy 95.49, Test_accy 83.36
2024-10-30 10:59:18,510 [pod_foster.py] => SNet: Task 1, Epoch 76/120 => Loss 1.059,  Train_accy 95.49, Test_accy 83.55
2024-10-30 10:59:30,294 [pod_foster.py] => SNet: Task 1, Epoch 81/120 => Loss 1.060,  Train_accy 95.31, Test_accy 83.40
2024-10-30 10:59:41,393 [pod_foster.py] => SNet: Task 1, Epoch 86/120 => Loss 1.059,  Train_accy 95.53, Test_accy 83.55
2024-10-30 10:59:53,291 [pod_foster.py] => SNet: Task 1, Epoch 91/120 => Loss 1.060,  Train_accy 95.84, Test_accy 83.52
2024-10-30 11:00:04,708 [pod_foster.py] => SNet: Task 1, Epoch 96/120 => Loss 1.059,  Train_accy 95.87, Test_accy 83.57
2024-10-30 11:00:15,576 [pod_foster.py] => SNet: Task 1, Epoch 101/120 => Loss 1.057,  Train_accy 95.60, Test_accy 83.38
2024-10-30 11:00:27,169 [pod_foster.py] => SNet: Task 1, Epoch 106/120 => Loss 1.059,  Train_accy 96.04, Test_accy 83.48
2024-10-30 11:00:38,518 [pod_foster.py] => SNet: Task 1, Epoch 111/120 => Loss 1.060,  Train_accy 95.31, Test_accy 83.74
2024-10-30 11:00:50,030 [pod_foster.py] => SNet: Task 1, Epoch 116/120 => Loss 1.057,  Train_accy 95.60, Test_accy 83.69
2024-10-30 11:00:58,467 [pod_foster.py] => SNet: Task 1, Epoch 120/120 => Loss 1.057,  Train_accy 95.71
2024-10-30 11:00:58,467 [pod_foster.py] => do not weight align student!
2024-10-30 11:00:59,375 [pod_foster.py] => darknet eval: 
2024-10-30 11:00:59,375 [pod_foster.py] => CNN top1 curve: 83.5
2024-10-30 11:00:59,375 [pod_foster.py] => CNN top5 curve: 99.52
2024-10-30 11:00:59,376 [pod_foster.py] => CNN: {'total': 83.5, '00-04': 82.3, '05-06': 86.5, 'old': 82.3, 'new': 86.5}
2024-10-30 11:00:59,377 [pod_foster.py] => All params after compression: 3851086
2024-10-30 11:00:59,377 [base.py] => Reducing exemplars...(71 per classes)
2024-10-30 11:01:01,525 [base.py] => Constructing exemplars...(71 per classes)
2024-10-30 11:01:06,407 [trainer.py] => All params: 7701139
2024-10-30 11:01:08,889 [pod_foster.py] => Exemplar size: 497
2024-10-30 11:01:08,890 [trainer.py] => CNN: {'total': 84.4, '00-04': 85.07, '05-06': 82.75, 'old': 85.07, 'new': 82.75}
2024-10-30 11:01:08,891 [trainer.py] => NME: {'total': 75.55, '00-04': 82.57, '05-06': 58.0, 'old': 82.57, 'new': 58.0}
2024-10-30 11:01:08,891 [trainer.py] => CNN top1 curve: [90.13, 84.4]
2024-10-30 11:01:08,891 [trainer.py] => CNN top5 curve: [100.0, 99.62]
2024-10-30 11:01:08,891 [trainer.py] => NME top1 curve: [89.53, 75.55]
2024-10-30 11:01:08,892 [trainer.py] => NME top5 curve: [100.0, 99.67]

2024-10-30 11:01:08,892 [trainer.py] => Average Accuracy (CNN): 87.265
2024-10-30 11:01:08,892 [trainer.py] => Average Accuracy (NME): 82.53999999999999
2024-10-30 11:01:08,893 [trainer.py] => All params: 7701139
2024-10-30 11:01:08,894 [trainer.py] => Trainable params: 3854670
2024-10-30 11:01:08,963 [pod_foster.py] => Learning on 7-9
2024-10-30 11:01:08,965 [pod_foster.py] => All params: 7705241
2024-10-30 11:01:08,967 [pod_foster.py] => Trainable params: 3857746
2024-10-30 11:01:09,064 [pod_foster.py] => Adaptive factor: 2.1213203435596424
2024-10-30 11:01:09,081 [pod_foster.py] => per cls weights : [1.01239929 1.01239929 1.01239929 1.01239929 1.01239929 1.01239929
 1.01239929 0.95660248 0.95660248]
2024-10-30 11:01:12,935 [pod_foster.py] => Task 2, Epoch 1/150 => Loss 2.083, Loss_clf 0.737, Loss_fe 0.738, Loss_pod 0.356, Loss_flat 0.252, Train_accy 82.21, Test_accy 44.78
2024-10-30 11:01:25,834 [pod_foster.py] => Task 2, Epoch 6/150 => Loss 0.415, Loss_clf 0.027, Loss_fe 0.055, Loss_pod 0.213, Loss_flat 0.120, Train_accy 99.67, Test_accy 59.91
2024-10-30 11:01:39,391 [pod_foster.py] => Task 2, Epoch 11/150 => Loss 0.364, Loss_clf 0.017, Loss_fe 0.027, Loss_pod 0.210, Loss_flat 0.110, Train_accy 99.71, Test_accy 62.83
2024-10-30 11:01:52,734 [pod_foster.py] => Task 2, Epoch 16/150 => Loss 0.199, Loss_clf 0.006, Loss_fe 0.007, Loss_pod 0.131, Loss_flat 0.054, Train_accy 100.00, Test_accy 69.00
2024-10-30 11:02:04,468 [pod_foster.py] => Task 2, Epoch 21/150 => Loss 0.182, Loss_clf 0.007, Loss_fe 0.007, Loss_pod 0.120, Loss_flat 0.049, Train_accy 100.00, Test_accy 61.52
2024-10-30 11:02:15,544 [pod_foster.py] => Task 2, Epoch 26/150 => Loss 0.186, Loss_clf 0.006, Loss_fe 0.008, Loss_pod 0.123, Loss_flat 0.049, Train_accy 100.00, Test_accy 65.72
2024-10-30 11:02:26,619 [pod_foster.py] => Task 2, Epoch 31/150 => Loss 0.157, Loss_clf 0.005, Loss_fe 0.005, Loss_pod 0.108, Loss_flat 0.038, Train_accy 100.00, Test_accy 59.96
2024-10-30 11:02:37,691 [pod_foster.py] => Task 2, Epoch 36/150 => Loss 0.143, Loss_clf 0.004, Loss_fe 0.005, Loss_pod 0.099, Loss_flat 0.035, Train_accy 100.00, Test_accy 63.63
2024-10-30 11:02:48,693 [pod_foster.py] => Task 2, Epoch 41/150 => Loss 0.736, Loss_clf 0.058, Loss_fe 0.183, Loss_pod 0.309, Loss_flat 0.187, Train_accy 98.31, Test_accy 64.80
2024-10-30 11:02:59,716 [pod_foster.py] => Task 2, Epoch 46/150 => Loss 0.297, Loss_clf 0.007, Loss_fe 0.009, Loss_pod 0.193, Loss_flat 0.087, Train_accy 100.00, Test_accy 62.37
2024-10-30 11:03:10,638 [pod_foster.py] => Task 2, Epoch 51/150 => Loss 0.216, Loss_clf 0.006, Loss_fe 0.007, Loss_pod 0.148, Loss_flat 0.055, Train_accy 100.00, Test_accy 59.00
2024-10-30 11:03:21,667 [pod_foster.py] => Task 2, Epoch 56/150 => Loss 0.190, Loss_clf 0.005, Loss_fe 0.005, Loss_pod 0.133, Loss_flat 0.047, Train_accy 100.00, Test_accy 63.83
2024-10-30 11:03:32,479 [pod_foster.py] => Task 2, Epoch 61/150 => Loss 0.195, Loss_clf 0.006, Loss_fe 0.006, Loss_pod 0.133, Loss_flat 0.050, Train_accy 100.00, Test_accy 62.78
2024-10-30 11:03:45,087 [pod_foster.py] => Task 2, Epoch 66/150 => Loss 0.211, Loss_clf 0.008, Loss_fe 0.011, Loss_pod 0.138, Loss_flat 0.054, Train_accy 99.96, Test_accy 67.19
2024-10-30 11:03:58,739 [pod_foster.py] => Task 2, Epoch 71/150 => Loss 0.155, Loss_clf 0.004, Loss_fe 0.004, Loss_pod 0.110, Loss_flat 0.037, Train_accy 100.00, Test_accy 64.24
2024-10-30 11:04:11,264 [pod_foster.py] => Task 2, Epoch 76/150 => Loss 0.142, Loss_clf 0.005, Loss_fe 0.005, Loss_pod 0.099, Loss_flat 0.033, Train_accy 100.00, Test_accy 61.83
2024-10-30 11:04:24,242 [pod_foster.py] => Task 2, Epoch 81/150 => Loss 0.145, Loss_clf 0.004, Loss_fe 0.005, Loss_pod 0.099, Loss_flat 0.037, Train_accy 100.00, Test_accy 61.63
2024-10-30 11:04:37,462 [pod_foster.py] => Task 2, Epoch 86/150 => Loss 0.134, Loss_clf 0.004, Loss_fe 0.004, Loss_pod 0.095, Loss_flat 0.032, Train_accy 100.00, Test_accy 63.28
2024-10-30 11:04:50,949 [pod_foster.py] => Task 2, Epoch 91/150 => Loss 0.144, Loss_clf 0.005, Loss_fe 0.005, Loss_pod 0.098, Loss_flat 0.035, Train_accy 99.98, Test_accy 62.30
2024-10-30 11:05:04,625 [pod_foster.py] => Task 2, Epoch 96/150 => Loss 0.126, Loss_clf 0.004, Loss_fe 0.004, Loss_pod 0.087, Loss_flat 0.030, Train_accy 100.00, Test_accy 63.09
2024-10-30 11:05:17,573 [pod_foster.py] => Task 2, Epoch 101/150 => Loss 0.122, Loss_clf 0.004, Loss_fe 0.004, Loss_pod 0.085, Loss_flat 0.029, Train_accy 100.00, Test_accy 61.89
2024-10-30 11:05:31,365 [pod_foster.py] => Task 2, Epoch 106/150 => Loss 0.140, Loss_clf 0.005, Loss_fe 0.006, Loss_pod 0.095, Loss_flat 0.034, Train_accy 100.00, Test_accy 62.28
2024-10-30 11:05:45,024 [pod_foster.py] => Task 2, Epoch 111/150 => Loss 0.118, Loss_clf 0.005, Loss_fe 0.005, Loss_pod 0.080, Loss_flat 0.029, Train_accy 100.00, Test_accy 64.54
2024-10-30 11:05:57,977 [pod_foster.py] => Task 2, Epoch 116/150 => Loss 0.115, Loss_clf 0.005, Loss_fe 0.005, Loss_pod 0.078, Loss_flat 0.028, Train_accy 100.00, Test_accy 63.61
2024-10-30 11:06:11,368 [pod_foster.py] => Task 2, Epoch 121/150 => Loss 0.110, Loss_clf 0.004, Loss_fe 0.004, Loss_pod 0.075, Loss_flat 0.027, Train_accy 100.00, Test_accy 63.70
2024-10-30 11:06:22,864 [pod_foster.py] => Task 2, Epoch 126/150 => Loss 0.106, Loss_clf 0.004, Loss_fe 0.004, Loss_pod 0.072, Loss_flat 0.026, Train_accy 100.00, Test_accy 64.26
2024-10-30 11:06:33,668 [pod_foster.py] => Task 2, Epoch 131/150 => Loss 0.109, Loss_clf 0.004, Loss_fe 0.004, Loss_pod 0.074, Loss_flat 0.027, Train_accy 100.00, Test_accy 62.70
2024-10-30 11:06:44,888 [pod_foster.py] => Task 2, Epoch 136/150 => Loss 0.105, Loss_clf 0.004, Loss_fe 0.004, Loss_pod 0.072, Loss_flat 0.026, Train_accy 100.00, Test_accy 64.26
2024-10-30 11:06:56,153 [pod_foster.py] => Task 2, Epoch 141/150 => Loss 0.102, Loss_clf 0.004, Loss_fe 0.004, Loss_pod 0.069, Loss_flat 0.026, Train_accy 100.00, Test_accy 63.67
2024-10-30 11:07:07,140 [pod_foster.py] => Task 2, Epoch 146/150 => Loss 0.103, Loss_clf 0.004, Loss_fe 0.004, Loss_pod 0.069, Loss_flat 0.026, Train_accy 100.00, Test_accy 61.09
2024-10-30 11:07:14,858 [pod_foster.py] => Task 2, Epoch 150/150 => Loss 0.104, Loss_clf 0.004, Loss_fe 0.004, Loss_pod 0.070, Loss_flat 0.027, Train_accy 100.00
2024-10-30 11:07:14,860 [inc_net.py] => align weights, gamma = 0.49438321590423584 
2024-10-30 11:07:14,861 [pod_foster.py] => per cls weights : [1.02623168 1.02623168 1.02623168 1.02623168 1.02623168 1.02623168
 1.02623168 0.90818914 0.90818914]
2024-10-30 11:07:17,491 [pod_foster.py] => SNet: Task 2, Epoch 1/120 => Loss 1.581,  Train_accy 72.54, Test_accy 64.26
2024-10-30 11:07:26,789 [pod_foster.py] => SNet: Task 2, Epoch 6/120 => Loss 1.330,  Train_accy 96.31, Test_accy 73.13
2024-10-30 11:07:36,210 [pod_foster.py] => SNet: Task 2, Epoch 11/120 => Loss 1.333,  Train_accy 96.69, Test_accy 75.57
2024-10-30 11:07:45,630 [pod_foster.py] => SNet: Task 2, Epoch 16/120 => Loss 1.326,  Train_accy 97.38, Test_accy 76.19
2024-10-30 11:07:56,583 [pod_foster.py] => SNet: Task 2, Epoch 21/120 => Loss 1.325,  Train_accy 97.64, Test_accy 75.76
2024-10-30 11:08:09,134 [pod_foster.py] => SNet: Task 2, Epoch 26/120 => Loss 1.325,  Train_accy 97.71, Test_accy 76.30
2024-10-30 11:08:20,800 [pod_foster.py] => SNet: Task 2, Epoch 31/120 => Loss 1.324,  Train_accy 97.38, Test_accy 76.70
2024-10-30 11:08:32,523 [pod_foster.py] => SNet: Task 2, Epoch 36/120 => Loss 1.324,  Train_accy 97.44, Test_accy 76.63
2024-10-30 11:08:43,897 [pod_foster.py] => SNet: Task 2, Epoch 41/120 => Loss 1.321,  Train_accy 97.53, Test_accy 76.52
2024-10-30 11:08:55,060 [pod_foster.py] => SNet: Task 2, Epoch 46/120 => Loss 1.321,  Train_accy 97.46, Test_accy 76.15
2024-10-30 11:09:06,630 [pod_foster.py] => SNet: Task 2, Epoch 51/120 => Loss 1.321,  Train_accy 97.58, Test_accy 76.98
2024-10-30 11:09:18,421 [pod_foster.py] => SNet: Task 2, Epoch 56/120 => Loss 1.324,  Train_accy 97.64, Test_accy 76.91
2024-10-30 11:09:30,395 [pod_foster.py] => SNet: Task 2, Epoch 61/120 => Loss 1.322,  Train_accy 97.64, Test_accy 77.33
2024-10-30 11:09:41,261 [pod_foster.py] => SNet: Task 2, Epoch 66/120 => Loss 1.319,  Train_accy 97.69, Test_accy 76.46
2024-10-30 11:09:50,453 [pod_foster.py] => SNet: Task 2, Epoch 71/120 => Loss 1.320,  Train_accy 97.93, Test_accy 77.09
2024-10-30 11:09:59,504 [pod_foster.py] => SNet: Task 2, Epoch 76/120 => Loss 1.321,  Train_accy 97.69, Test_accy 76.81
2024-10-30 11:10:08,583 [pod_foster.py] => SNet: Task 2, Epoch 81/120 => Loss 1.322,  Train_accy 97.82, Test_accy 77.52
2024-10-30 11:10:17,640 [pod_foster.py] => SNet: Task 2, Epoch 86/120 => Loss 1.315,  Train_accy 97.91, Test_accy 76.56
2024-10-30 11:10:26,684 [pod_foster.py] => SNet: Task 2, Epoch 91/120 => Loss 1.320,  Train_accy 97.91, Test_accy 77.24
2024-10-30 11:10:36,937 [pod_foster.py] => SNet: Task 2, Epoch 96/120 => Loss 1.316,  Train_accy 98.20, Test_accy 76.94
2024-10-30 11:10:49,457 [pod_foster.py] => SNet: Task 2, Epoch 101/120 => Loss 1.316,  Train_accy 97.89, Test_accy 77.09
2024-10-30 11:11:00,722 [pod_foster.py] => SNet: Task 2, Epoch 106/120 => Loss 1.320,  Train_accy 97.80, Test_accy 77.04
2024-10-30 11:11:11,958 [pod_foster.py] => SNet: Task 2, Epoch 111/120 => Loss 1.319,  Train_accy 98.00, Test_accy 76.89
2024-10-30 11:11:23,015 [pod_foster.py] => SNet: Task 2, Epoch 116/120 => Loss 1.321,  Train_accy 97.93, Test_accy 77.26
2024-10-30 11:11:31,981 [pod_foster.py] => SNet: Task 2, Epoch 120/120 => Loss 1.319,  Train_accy 97.91
2024-10-30 11:11:31,982 [pod_foster.py] => do not weight align student!
2024-10-30 11:11:33,054 [pod_foster.py] => darknet eval: 
2024-10-30 11:11:33,056 [pod_foster.py] => CNN top1 curve: 77.11
2024-10-30 11:11:33,056 [pod_foster.py] => CNN top5 curve: 97.76
2024-10-30 11:11:33,056 [pod_foster.py] => CNN: {'total': 77.11, '00-04': 76.17, '05-06': 74.25, '07-08': 82.33, 'old': 75.62, 'new': 82.33}
2024-10-30 11:11:33,059 [pod_foster.py] => All params after compression: 3853138
2024-10-30 11:11:33,060 [base.py] => Reducing exemplars...(55 per classes)
2024-10-30 11:11:35,467 [base.py] => Constructing exemplars...(55 per classes)
2024-10-30 11:11:39,134 [trainer.py] => All params: 7705241
2024-10-30 11:11:41,879 [pod_foster.py] => Exemplar size: 495
2024-10-30 11:11:41,879 [trainer.py] => CNN: {'total': 78.8, '00-04': 76.6, '05-06': 80.5, '07-08': 82.58, 'old': 77.71, 'new': 82.58}
2024-10-30 11:11:41,879 [trainer.py] => NME: {'total': 68.37, '00-04': 76.37, '05-06': 61.17, '07-08': 55.58, 'old': 72.02, 'new': 55.58}
2024-10-30 11:11:41,880 [trainer.py] => CNN top1 curve: [90.13, 84.4, 78.8]
2024-10-30 11:11:41,880 [trainer.py] => CNN top5 curve: [100.0, 99.62, 97.67]
2024-10-30 11:11:41,880 [trainer.py] => NME top1 curve: [89.53, 75.55, 68.37]
2024-10-30 11:11:41,880 [trainer.py] => NME top5 curve: [100.0, 99.67, 97.33]

2024-10-30 11:11:41,880 [trainer.py] => Average Accuracy (CNN): 84.44333333333333
2024-10-30 11:11:41,880 [trainer.py] => Average Accuracy (NME): 77.81666666666666
2024-10-30 11:11:41,881 [trainer.py] => Forgetting (CNN): 7.890000000000001
