2024-10-25 16:26:12,663 [trainer.py] => config: ./exps/POD_foster.json
2024-10-25 16:26:12,663 [trainer.py] => prefix: cil
2024-10-25 16:26:12,664 [trainer.py] => dataset: hrrp9
2024-10-25 16:26:12,664 [trainer.py] => memory_size: 500
2024-10-25 16:26:12,664 [trainer.py] => memory_per_class: 20
2024-10-25 16:26:12,664 [trainer.py] => fixed_memory: False
2024-10-25 16:26:12,664 [trainer.py] => shuffle: True
2024-10-25 16:26:12,664 [trainer.py] => init_cls: 5
2024-10-25 16:26:12,664 [trainer.py] => increment: 2
2024-10-25 16:26:12,664 [trainer.py] => model_name: POD_foster
2024-10-25 16:26:12,664 [trainer.py] => convnet_type: resnet18
2024-10-25 16:26:12,664 [trainer.py] => init_train: False
2024-10-25 16:26:12,664 [trainer.py] => convnet_path1: checkpoints/init_train/resnet18_35172.pth
2024-10-25 16:26:12,664 [trainer.py] => fc_path1: checkpoints/init_train/fc_35172.pth
2024-10-25 16:26:12,664 [trainer.py] => convnet_path: checkpoints/init_train/resnet18_42503.pth
2024-10-25 16:26:12,664 [trainer.py] => fc_path: checkpoints/init_train/fc_42503.pth
2024-10-25 16:26:12,664 [trainer.py] => device: [device(type='cuda', index=3)]
2024-10-25 16:26:12,664 [trainer.py] => seed: 1993
2024-10-25 16:26:12,664 [trainer.py] => beta1: 0.96
2024-10-25 16:26:12,664 [trainer.py] => beta2: 0.97
2024-10-25 16:26:12,664 [trainer.py] => oofc: ft
2024-10-25 16:26:12,665 [trainer.py] => is_teacher_wa: True
2024-10-25 16:26:12,665 [trainer.py] => is_student_wa: False
2024-10-25 16:26:12,665 [trainer.py] => lambda_okd: 0
2024-10-25 16:26:12,665 [trainer.py] => wa_value: 1
2024-10-25 16:26:12,665 [trainer.py] => init_epochs: 0
2024-10-25 16:26:12,665 [trainer.py] => init_lr: 0.1
2024-10-25 16:26:12,665 [trainer.py] => init_weight_decay: 0.0005
2024-10-25 16:26:12,665 [trainer.py] => boosting_epochs: 150
2024-10-25 16:26:12,665 [trainer.py] => compression_epochs: 120
2024-10-25 16:26:12,665 [trainer.py] => lr: 0.1
2024-10-25 16:26:12,665 [trainer.py] => batch_size: 128
2024-10-25 16:26:12,665 [trainer.py] => weight_decay: 0.0005
2024-10-25 16:26:12,665 [trainer.py] => num_workers: 8
2024-10-25 16:26:12,665 [trainer.py] => momentum: 0.9
2024-10-25 16:26:12,665 [trainer.py] => T: 2
2024-10-25 16:26:12,665 [trainer.py] => lambda_c_base: 1.0
2024-10-25 16:26:12,665 [trainer.py] => lambda_f_base: 1.0
2024-10-25 16:26:12,665 [trainer.py] => POD: c
2024-10-25 16:26:13,585 [data_manager.py] => [4, 2, 5, 0, 3, 6, 7, 8, 1]
2024-10-25 16:26:13,654 [trainer.py] => All params: 0
2024-10-25 16:26:13,654 [trainer.py] => Trainable params: 0
2024-10-25 16:26:14,922 [pod_foster.py] => Learning on 0-5
2024-10-25 16:26:14,923 [pod_foster.py] => All params: 3849034
2024-10-25 16:26:14,923 [pod_foster.py] => Trainable params: 3849034
2024-10-25 16:26:14,987 [pod_foster.py] => Adaptive factor: 0
2024-10-25 16:26:15,288 [pod_foster.py] => init_train?---False
2024-10-25 16:26:16,689 [base.py] => Reducing exemplars...(100 per classes)
2024-10-25 16:26:16,689 [base.py] => Constructing exemplars...(100 per classes)
2024-10-25 16:26:23,698 [trainer.py] => All params: 3849034
2024-10-25 16:26:25,186 [pod_foster.py] => Exemplar size: 500
2024-10-25 16:26:25,187 [trainer.py] => CNN: {'total': 89.93, '00-04': 89.93, 'old': 0, 'new': 89.93}
2024-10-25 16:26:25,187 [trainer.py] => NME: {'total': 90.0, '00-04': 90.0, 'old': 0, 'new': 90.0}
2024-10-25 16:26:25,187 [trainer.py] => CNN top1 curve: [89.93]
2024-10-25 16:26:25,187 [trainer.py] => CNN top5 curve: [100.0]
2024-10-25 16:26:25,187 [trainer.py] => NME top1 curve: [90.0]
2024-10-25 16:26:25,187 [trainer.py] => NME top5 curve: [100.0]

2024-10-25 16:26:25,187 [trainer.py] => Average Accuracy (CNN): 89.93
2024-10-25 16:26:25,187 [trainer.py] => Average Accuracy (NME): 90.0
2024-10-25 16:26:25,188 [trainer.py] => All params: 3849034
2024-10-25 16:26:25,188 [trainer.py] => Trainable params: 3849034
2024-10-25 16:26:25,271 [pod_foster.py] => Learning on 5-7
2024-10-25 16:26:25,273 [pod_foster.py] => All params: 7701139
2024-10-25 16:26:25,274 [pod_foster.py] => Trainable params: 3854670
2024-10-25 16:26:25,326 [pod_foster.py] => Adaptive factor: 1.8708286933869707
2024-10-25 16:26:25,349 [pod_foster.py] => per cls weights : [1.00484344 1.00484344 1.00484344 1.00484344 1.00484344 0.98789141
 0.98789141]
2024-10-25 16:26:29,095 [pod_foster.py] => Task 1, Epoch 1/150 => Loss 1.863, Loss_clf 0.706, Loss_fe 0.650, Loss_pod 0.286, Loss_flat 0.222, Train_accy 83.84, Test_accy 46.36
2024-10-25 16:26:40,418 [pod_foster.py] => Task 1, Epoch 6/150 => Loss 0.428, Loss_clf 0.040, Loss_fe 0.073, Loss_pod 0.201, Loss_flat 0.113, Train_accy 99.02, Test_accy 65.90
2024-10-25 16:26:51,570 [pod_foster.py] => Task 1, Epoch 11/150 => Loss 0.176, Loss_clf 0.008, Loss_fe 0.008, Loss_pod 0.107, Loss_flat 0.053, Train_accy 100.00, Test_accy 69.38
2024-10-25 16:27:02,404 [pod_foster.py] => Task 1, Epoch 16/150 => Loss 0.143, Loss_clf 0.006, Loss_fe 0.006, Loss_pod 0.088, Loss_flat 0.042, Train_accy 100.00, Test_accy 69.60
2024-10-25 16:27:13,043 [pod_foster.py] => Task 1, Epoch 21/150 => Loss 0.138, Loss_clf 0.009, Loss_fe 0.008, Loss_pod 0.083, Loss_flat 0.038, Train_accy 100.00, Test_accy 57.10
2024-10-25 16:27:23,945 [pod_foster.py] => Task 1, Epoch 26/150 => Loss 0.370, Loss_clf 0.024, Loss_fe 0.051, Loss_pod 0.189, Loss_flat 0.107, Train_accy 99.53, Test_accy 73.10
2024-10-25 16:27:34,859 [pod_foster.py] => Task 1, Epoch 31/150 => Loss 0.178, Loss_clf 0.007, Loss_fe 0.007, Loss_pod 0.109, Loss_flat 0.054, Train_accy 100.00, Test_accy 69.12
2024-10-25 16:27:45,825 [pod_foster.py] => Task 1, Epoch 36/150 => Loss 0.139, Loss_clf 0.005, Loss_fe 0.005, Loss_pod 0.091, Loss_flat 0.037, Train_accy 100.00, Test_accy 67.67
2024-10-25 16:27:56,642 [pod_foster.py] => Task 1, Epoch 41/150 => Loss 0.120, Loss_clf 0.005, Loss_fe 0.005, Loss_pod 0.078, Loss_flat 0.033, Train_accy 100.00, Test_accy 67.50
2024-10-25 16:28:07,425 [pod_foster.py] => Task 1, Epoch 46/150 => Loss 0.115, Loss_clf 0.004, Loss_fe 0.004, Loss_pod 0.076, Loss_flat 0.030, Train_accy 100.00, Test_accy 67.43
2024-10-25 16:28:18,488 [pod_foster.py] => Task 1, Epoch 51/150 => Loss 0.113, Loss_clf 0.004, Loss_fe 0.004, Loss_pod 0.075, Loss_flat 0.029, Train_accy 100.00, Test_accy 67.29
2024-10-25 16:28:29,835 [pod_foster.py] => Task 1, Epoch 56/150 => Loss 0.103, Loss_clf 0.004, Loss_fe 0.004, Loss_pod 0.068, Loss_flat 0.027, Train_accy 100.00, Test_accy 68.64
2024-10-25 16:28:40,985 [pod_foster.py] => Task 1, Epoch 61/150 => Loss 0.108, Loss_clf 0.004, Loss_fe 0.004, Loss_pod 0.071, Loss_flat 0.029, Train_accy 100.00, Test_accy 67.19
2024-10-25 16:28:52,114 [pod_foster.py] => Task 1, Epoch 66/150 => Loss 0.394, Loss_clf 0.043, Loss_fe 0.065, Loss_pod 0.196, Loss_flat 0.090, Train_accy 98.78, Test_accy 66.07
2024-10-25 16:29:03,251 [pod_foster.py] => Task 1, Epoch 71/150 => Loss 0.119, Loss_clf 0.004, Loss_fe 0.004, Loss_pod 0.078, Loss_flat 0.032, Train_accy 100.00, Test_accy 68.00
2024-10-25 16:29:14,510 [pod_foster.py] => Task 1, Epoch 76/150 => Loss 0.102, Loss_clf 0.004, Loss_fe 0.004, Loss_pod 0.066, Loss_flat 0.028, Train_accy 100.00, Test_accy 68.12
2024-10-25 16:29:25,590 [pod_foster.py] => Task 1, Epoch 81/150 => Loss 0.095, Loss_clf 0.004, Loss_fe 0.004, Loss_pod 0.062, Loss_flat 0.026, Train_accy 100.00, Test_accy 67.24
2024-10-25 16:29:36,762 [pod_foster.py] => Task 1, Epoch 86/150 => Loss 0.096, Loss_clf 0.004, Loss_fe 0.004, Loss_pod 0.063, Loss_flat 0.026, Train_accy 100.00, Test_accy 67.29
2024-10-25 16:29:47,946 [pod_foster.py] => Task 1, Epoch 91/150 => Loss 0.090, Loss_clf 0.004, Loss_fe 0.004, Loss_pod 0.058, Loss_flat 0.024, Train_accy 100.00, Test_accy 67.83
2024-10-25 16:29:58,888 [pod_foster.py] => Task 1, Epoch 96/150 => Loss 0.094, Loss_clf 0.004, Loss_fe 0.005, Loss_pod 0.058, Loss_flat 0.028, Train_accy 100.00, Test_accy 67.21
2024-10-25 16:30:09,723 [pod_foster.py] => Task 1, Epoch 101/150 => Loss 0.081, Loss_clf 0.004, Loss_fe 0.004, Loss_pod 0.050, Loss_flat 0.024, Train_accy 100.00, Test_accy 67.05
2024-10-25 16:30:20,757 [pod_foster.py] => Task 1, Epoch 106/150 => Loss 0.081, Loss_clf 0.004, Loss_fe 0.004, Loss_pod 0.049, Loss_flat 0.024, Train_accy 100.00, Test_accy 66.86
2024-10-25 16:30:31,759 [pod_foster.py] => Task 1, Epoch 111/150 => Loss 0.079, Loss_clf 0.004, Loss_fe 0.004, Loss_pod 0.047, Loss_flat 0.024, Train_accy 100.00, Test_accy 66.74
2024-10-25 16:30:42,714 [pod_foster.py] => Task 1, Epoch 116/150 => Loss 0.075, Loss_clf 0.004, Loss_fe 0.004, Loss_pod 0.045, Loss_flat 0.022, Train_accy 100.00, Test_accy 67.74
2024-10-25 16:30:53,873 [pod_foster.py] => Task 1, Epoch 121/150 => Loss 0.071, Loss_clf 0.004, Loss_fe 0.004, Loss_pod 0.041, Loss_flat 0.022, Train_accy 100.00, Test_accy 66.79
2024-10-25 16:31:04,837 [pod_foster.py] => Task 1, Epoch 126/150 => Loss 0.071, Loss_clf 0.004, Loss_fe 0.004, Loss_pod 0.041, Loss_flat 0.023, Train_accy 100.00, Test_accy 66.52
2024-10-25 16:31:15,999 [pod_foster.py] => Task 1, Epoch 131/150 => Loss 0.069, Loss_clf 0.003, Loss_fe 0.004, Loss_pod 0.039, Loss_flat 0.023, Train_accy 100.00, Test_accy 66.71
2024-10-25 16:31:27,176 [pod_foster.py] => Task 1, Epoch 136/150 => Loss 0.066, Loss_clf 0.003, Loss_fe 0.004, Loss_pod 0.037, Loss_flat 0.022, Train_accy 100.00, Test_accy 66.86
2024-10-25 16:31:38,297 [pod_foster.py] => Task 1, Epoch 141/150 => Loss 0.066, Loss_clf 0.004, Loss_fe 0.004, Loss_pod 0.036, Loss_flat 0.022, Train_accy 100.00, Test_accy 67.05
2024-10-25 16:31:49,206 [pod_foster.py] => Task 1, Epoch 146/150 => Loss 0.068, Loss_clf 0.004, Loss_fe 0.004, Loss_pod 0.038, Loss_flat 0.022, Train_accy 100.00, Test_accy 67.88
2024-10-25 16:31:57,031 [pod_foster.py] => Task 1, Epoch 150/150 => Loss 0.066, Loss_clf 0.003, Loss_fe 0.004, Loss_pod 0.036, Loss_flat 0.023, Train_accy 100.00
2024-10-25 16:31:57,032 [inc_net.py] => align weights, gamma = 0.5076721906661987 
2024-10-25 16:31:57,033 [pod_foster.py] => per cls weights : [1.01377356 1.01377356 1.01377356 1.01377356 1.01377356 0.96556609
 0.96556609]
2024-10-25 16:31:59,622 [pod_foster.py] => SNet: Task 1, Epoch 1/120 => Loss 1.276,  Train_accy 68.67, Test_accy 66.74
2024-10-25 16:32:09,407 [pod_foster.py] => SNet: Task 1, Epoch 6/120 => Loss 0.994,  Train_accy 93.60, Test_accy 77.05
2024-10-25 16:32:19,138 [pod_foster.py] => SNet: Task 1, Epoch 11/120 => Loss 0.988,  Train_accy 94.78, Test_accy 77.21
2024-10-25 16:32:29,035 [pod_foster.py] => SNet: Task 1, Epoch 16/120 => Loss 0.980,  Train_accy 95.11, Test_accy 77.67
2024-10-25 16:32:38,680 [pod_foster.py] => SNet: Task 1, Epoch 21/120 => Loss 0.983,  Train_accy 95.20, Test_accy 78.14
2024-10-25 16:32:48,125 [pod_foster.py] => SNet: Task 1, Epoch 26/120 => Loss 0.979,  Train_accy 95.22, Test_accy 78.86
2024-10-25 16:32:57,880 [pod_foster.py] => SNet: Task 1, Epoch 31/120 => Loss 0.981,  Train_accy 95.27, Test_accy 78.29
2024-10-25 16:33:07,690 [pod_foster.py] => SNet: Task 1, Epoch 36/120 => Loss 0.980,  Train_accy 95.24, Test_accy 77.93
2024-10-25 16:33:17,524 [pod_foster.py] => SNet: Task 1, Epoch 41/120 => Loss 0.977,  Train_accy 95.42, Test_accy 78.64
2024-10-25 16:33:27,535 [pod_foster.py] => SNet: Task 1, Epoch 46/120 => Loss 0.975,  Train_accy 95.42, Test_accy 78.57
2024-10-25 16:33:37,166 [pod_foster.py] => SNet: Task 1, Epoch 51/120 => Loss 0.976,  Train_accy 95.71, Test_accy 78.21
2024-10-25 16:33:47,023 [pod_foster.py] => SNet: Task 1, Epoch 56/120 => Loss 0.974,  Train_accy 95.64, Test_accy 78.74
2024-10-25 16:33:56,855 [pod_foster.py] => SNet: Task 1, Epoch 61/120 => Loss 0.976,  Train_accy 95.49, Test_accy 78.29
2024-10-25 16:34:06,551 [pod_foster.py] => SNet: Task 1, Epoch 66/120 => Loss 0.976,  Train_accy 95.89, Test_accy 77.81
2024-10-25 16:34:16,311 [pod_foster.py] => SNet: Task 1, Epoch 71/120 => Loss 0.977,  Train_accy 95.49, Test_accy 79.19
2024-10-25 16:34:25,912 [pod_foster.py] => SNet: Task 1, Epoch 76/120 => Loss 0.976,  Train_accy 95.69, Test_accy 79.10
2024-10-25 16:34:35,704 [pod_foster.py] => SNet: Task 1, Epoch 81/120 => Loss 0.973,  Train_accy 95.42, Test_accy 79.29
2024-10-25 16:34:45,488 [pod_foster.py] => SNet: Task 1, Epoch 86/120 => Loss 0.975,  Train_accy 95.67, Test_accy 78.98
2024-10-25 16:34:55,057 [pod_foster.py] => SNet: Task 1, Epoch 91/120 => Loss 0.976,  Train_accy 95.82, Test_accy 79.00
2024-10-25 16:35:04,888 [pod_foster.py] => SNet: Task 1, Epoch 96/120 => Loss 0.974,  Train_accy 96.07, Test_accy 78.60
2024-10-25 16:35:14,681 [pod_foster.py] => SNet: Task 1, Epoch 101/120 => Loss 0.972,  Train_accy 95.69, Test_accy 78.83
2024-10-25 16:35:24,308 [pod_foster.py] => SNet: Task 1, Epoch 106/120 => Loss 0.974,  Train_accy 95.60, Test_accy 79.00
2024-10-25 16:35:33,748 [pod_foster.py] => SNet: Task 1, Epoch 111/120 => Loss 0.975,  Train_accy 95.82, Test_accy 79.76
2024-10-25 16:35:43,539 [pod_foster.py] => SNet: Task 1, Epoch 116/120 => Loss 0.974,  Train_accy 96.07, Test_accy 78.67
2024-10-25 16:35:50,583 [pod_foster.py] => SNet: Task 1, Epoch 120/120 => Loss 0.973,  Train_accy 95.89
2024-10-25 16:35:50,583 [pod_foster.py] => do not weight align student!
2024-10-25 16:35:51,309 [pod_foster.py] => darknet eval: 
2024-10-25 16:35:51,309 [pod_foster.py] => CNN top1 curve: 78.81
2024-10-25 16:35:51,309 [pod_foster.py] => CNN top5 curve: 98.69
2024-10-25 16:35:51,311 [pod_foster.py] => All params after compression: 3851086
2024-10-25 16:35:51,311 [base.py] => Reducing exemplars...(71 per classes)
2024-10-25 16:35:52,678 [base.py] => Constructing exemplars...(71 per classes)
2024-10-25 16:35:56,428 [trainer.py] => All params: 7701139
2024-10-25 16:35:58,625 [pod_foster.py] => Exemplar size: 497
2024-10-25 16:35:58,625 [trainer.py] => CNN: {'total': 80.4, '00-04': 78.67, '05-06': 84.75, 'old': 78.67, 'new': 84.75}
2024-10-25 16:35:58,625 [trainer.py] => NME: {'total': 73.12, '00-04': 78.07, '05-06': 60.75, 'old': 78.07, 'new': 60.75}
2024-10-25 16:35:58,626 [trainer.py] => CNN top1 curve: [89.93, 80.4]
2024-10-25 16:35:58,626 [trainer.py] => CNN top5 curve: [100.0, 98.81]
2024-10-25 16:35:58,626 [trainer.py] => NME top1 curve: [90.0, 73.12]
2024-10-25 16:35:58,626 [trainer.py] => NME top5 curve: [100.0, 99.0]

2024-10-25 16:35:58,626 [trainer.py] => Average Accuracy (CNN): 85.165
2024-10-25 16:35:58,626 [trainer.py] => Average Accuracy (NME): 81.56
2024-10-25 16:35:58,627 [trainer.py] => All params: 7701139
2024-10-25 16:35:58,628 [trainer.py] => Trainable params: 3854670
2024-10-25 16:35:58,673 [pod_foster.py] => Learning on 7-9
2024-10-25 16:35:58,675 [pod_foster.py] => All params: 7705241
2024-10-25 16:35:58,675 [pod_foster.py] => Trainable params: 3857746
2024-10-25 16:35:58,718 [pod_foster.py] => Adaptive factor: 2.1213203435596424
2024-10-25 16:35:58,735 [pod_foster.py] => per cls weights : [1.01239929 1.01239929 1.01239929 1.01239929 1.01239929 1.01239929
 1.01239929 0.95660248 0.95660248]
2024-10-25 16:36:01,839 [pod_foster.py] => Task 2, Epoch 1/150 => Loss 1.928, Loss_clf 0.695, Loss_fe 0.670, Loss_pod 0.339, Loss_flat 0.224, Train_accy 85.43, Test_accy 67.26
2024-10-25 16:36:13,251 [pod_foster.py] => Task 2, Epoch 6/150 => Loss 0.277, Loss_clf 0.012, Loss_fe 0.035, Loss_pod 0.153, Loss_flat 0.076, Train_accy 99.98, Test_accy 63.89
2024-10-25 16:36:24,681 [pod_foster.py] => Task 2, Epoch 11/150 => Loss 0.172, Loss_clf 0.007, Loss_fe 0.009, Loss_pod 0.111, Loss_flat 0.045, Train_accy 100.00, Test_accy 64.94
2024-10-25 16:36:35,748 [pod_foster.py] => Task 2, Epoch 16/150 => Loss 0.201, Loss_clf 0.007, Loss_fe 0.009, Loss_pod 0.131, Loss_flat 0.054, Train_accy 99.98, Test_accy 66.41
2024-10-25 16:36:47,117 [pod_foster.py] => Task 2, Epoch 21/150 => Loss 0.141, Loss_clf 0.005, Loss_fe 0.005, Loss_pod 0.098, Loss_flat 0.033, Train_accy 100.00, Test_accy 67.28
2024-10-25 16:36:58,251 [pod_foster.py] => Task 2, Epoch 26/150 => Loss 0.138, Loss_clf 0.005, Loss_fe 0.006, Loss_pod 0.094, Loss_flat 0.033, Train_accy 100.00, Test_accy 64.06
2024-10-25 16:37:09,259 [pod_foster.py] => Task 2, Epoch 31/150 => Loss 0.148, Loss_clf 0.005, Loss_fe 0.005, Loss_pod 0.102, Loss_flat 0.036, Train_accy 100.00, Test_accy 60.54
2024-10-25 16:37:20,368 [pod_foster.py] => Task 2, Epoch 36/150 => Loss 0.123, Loss_clf 0.004, Loss_fe 0.004, Loss_pod 0.087, Loss_flat 0.028, Train_accy 100.00, Test_accy 65.13
2024-10-25 16:37:31,604 [pod_foster.py] => Task 2, Epoch 41/150 => Loss 0.265, Loss_clf 0.011, Loss_fe 0.019, Loss_pod 0.162, Loss_flat 0.073, Train_accy 99.93, Test_accy 68.44
2024-10-25 16:37:42,888 [pod_foster.py] => Task 2, Epoch 46/150 => Loss 0.151, Loss_clf 0.005, Loss_fe 0.005, Loss_pod 0.103, Loss_flat 0.039, Train_accy 100.00, Test_accy 67.85
2024-10-25 16:37:54,109 [pod_foster.py] => Task 2, Epoch 51/150 => Loss 0.127, Loss_clf 0.005, Loss_fe 0.005, Loss_pod 0.087, Loss_flat 0.031, Train_accy 100.00, Test_accy 64.78
2024-10-25 16:38:05,427 [pod_foster.py] => Task 2, Epoch 56/150 => Loss 0.126, Loss_clf 0.005, Loss_fe 0.006, Loss_pod 0.086, Loss_flat 0.029, Train_accy 100.00, Test_accy 55.59
2024-10-25 16:38:16,657 [pod_foster.py] => Task 2, Epoch 61/150 => Loss 0.125, Loss_clf 0.004, Loss_fe 0.004, Loss_pod 0.086, Loss_flat 0.030, Train_accy 100.00, Test_accy 65.39
2024-10-25 16:38:27,950 [pod_foster.py] => Task 2, Epoch 66/150 => Loss 0.145, Loss_clf 0.005, Loss_fe 0.006, Loss_pod 0.095, Loss_flat 0.039, Train_accy 99.98, Test_accy 68.89
2024-10-25 16:38:39,253 [pod_foster.py] => Task 2, Epoch 71/150 => Loss 0.142, Loss_clf 0.007, Loss_fe 0.008, Loss_pod 0.090, Loss_flat 0.036, Train_accy 99.96, Test_accy 65.48
2024-10-25 16:38:50,551 [pod_foster.py] => Task 2, Epoch 76/150 => Loss 0.105, Loss_clf 0.004, Loss_fe 0.004, Loss_pod 0.071, Loss_flat 0.027, Train_accy 100.00, Test_accy 65.80
2024-10-25 16:39:01,635 [pod_foster.py] => Task 2, Epoch 81/150 => Loss 0.107, Loss_clf 0.004, Loss_fe 0.005, Loss_pod 0.070, Loss_flat 0.028, Train_accy 100.00, Test_accy 65.76
2024-10-25 16:39:12,866 [pod_foster.py] => Task 2, Epoch 86/150 => Loss 0.106, Loss_clf 0.004, Loss_fe 0.004, Loss_pod 0.074, Loss_flat 0.025, Train_accy 100.00, Test_accy 65.96
2024-10-25 16:39:24,304 [pod_foster.py] => Task 2, Epoch 91/150 => Loss 0.100, Loss_clf 0.004, Loss_fe 0.004, Loss_pod 0.068, Loss_flat 0.025, Train_accy 100.00, Test_accy 63.04
2024-10-25 16:39:35,571 [pod_foster.py] => Task 2, Epoch 96/150 => Loss 0.090, Loss_clf 0.003, Loss_fe 0.004, Loss_pod 0.059, Loss_flat 0.024, Train_accy 100.00, Test_accy 64.59
2024-10-25 16:39:47,155 [pod_foster.py] => Task 2, Epoch 101/150 => Loss 0.095, Loss_clf 0.004, Loss_fe 0.004, Loss_pod 0.063, Loss_flat 0.024, Train_accy 100.00, Test_accy 64.56
2024-10-25 16:39:58,425 [pod_foster.py] => Task 2, Epoch 106/150 => Loss 0.099, Loss_clf 0.004, Loss_fe 0.004, Loss_pod 0.063, Loss_flat 0.028, Train_accy 100.00, Test_accy 64.13
2024-10-25 16:40:09,907 [pod_foster.py] => Task 2, Epoch 111/150 => Loss 0.091, Loss_clf 0.004, Loss_fe 0.004, Loss_pod 0.058, Loss_flat 0.025, Train_accy 100.00, Test_accy 65.78
2024-10-25 16:40:21,058 [pod_foster.py] => Task 2, Epoch 116/150 => Loss 0.092, Loss_clf 0.005, Loss_fe 0.005, Loss_pod 0.057, Loss_flat 0.025, Train_accy 100.00, Test_accy 64.46
2024-10-25 16:40:32,273 [pod_foster.py] => Task 2, Epoch 121/150 => Loss 0.079, Loss_clf 0.003, Loss_fe 0.004, Loss_pod 0.050, Loss_flat 0.023, Train_accy 100.00, Test_accy 65.59
2024-10-25 16:40:43,710 [pod_foster.py] => Task 2, Epoch 126/150 => Loss 0.078, Loss_clf 0.003, Loss_fe 0.004, Loss_pod 0.049, Loss_flat 0.023, Train_accy 100.00, Test_accy 65.69
2024-10-25 16:40:55,230 [pod_foster.py] => Task 2, Epoch 131/150 => Loss 0.075, Loss_clf 0.003, Loss_fe 0.004, Loss_pod 0.044, Loss_flat 0.023, Train_accy 100.00, Test_accy 66.30
2024-10-25 16:41:06,737 [pod_foster.py] => Task 2, Epoch 136/150 => Loss 0.072, Loss_clf 0.003, Loss_fe 0.003, Loss_pod 0.043, Loss_flat 0.022, Train_accy 100.00, Test_accy 67.39
2024-10-25 16:41:18,122 [pod_foster.py] => Task 2, Epoch 141/150 => Loss 0.070, Loss_clf 0.003, Loss_fe 0.003, Loss_pod 0.041, Loss_flat 0.022, Train_accy 100.00, Test_accy 66.69
2024-10-25 16:41:29,247 [pod_foster.py] => Task 2, Epoch 146/150 => Loss 0.074, Loss_clf 0.004, Loss_fe 0.004, Loss_pod 0.043, Loss_flat 0.023, Train_accy 100.00, Test_accy 62.69
2024-10-25 16:41:37,535 [pod_foster.py] => Task 2, Epoch 150/150 => Loss 0.068, Loss_clf 0.003, Loss_fe 0.004, Loss_pod 0.039, Loss_flat 0.022, Train_accy 100.00
2024-10-25 16:41:37,537 [inc_net.py] => align weights, gamma = 0.5183292627334595 
2024-10-25 16:41:37,539 [pod_foster.py] => per cls weights : [1.02623168 1.02623168 1.02623168 1.02623168 1.02623168 1.02623168
 1.02623168 0.90818914 0.90818914]
2024-10-25 16:41:40,348 [pod_foster.py] => SNet: Task 2, Epoch 1/120 => Loss 1.554,  Train_accy 74.61, Test_accy 61.19
2024-10-25 16:41:50,173 [pod_foster.py] => SNet: Task 2, Epoch 6/120 => Loss 1.282,  Train_accy 97.31, Test_accy 72.39
2024-10-25 16:42:00,210 [pod_foster.py] => SNet: Task 2, Epoch 11/120 => Loss 1.284,  Train_accy 97.55, Test_accy 72.50
2024-10-25 16:42:10,142 [pod_foster.py] => SNet: Task 2, Epoch 16/120 => Loss 1.280,  Train_accy 98.00, Test_accy 74.28
2024-10-25 16:42:19,966 [pod_foster.py] => SNet: Task 2, Epoch 21/120 => Loss 1.281,  Train_accy 97.69, Test_accy 73.56
2024-10-25 16:42:29,556 [pod_foster.py] => SNet: Task 2, Epoch 26/120 => Loss 1.279,  Train_accy 98.29, Test_accy 75.46
2024-10-25 16:42:39,624 [pod_foster.py] => SNet: Task 2, Epoch 31/120 => Loss 1.276,  Train_accy 98.18, Test_accy 75.87
2024-10-25 16:42:49,552 [pod_foster.py] => SNet: Task 2, Epoch 36/120 => Loss 1.276,  Train_accy 97.84, Test_accy 76.67
2024-10-25 16:42:59,372 [pod_foster.py] => SNet: Task 2, Epoch 41/120 => Loss 1.275,  Train_accy 98.22, Test_accy 76.56
2024-10-25 16:43:09,338 [pod_foster.py] => SNet: Task 2, Epoch 46/120 => Loss 1.275,  Train_accy 98.44, Test_accy 76.19
2024-10-25 16:43:19,531 [pod_foster.py] => SNet: Task 2, Epoch 51/120 => Loss 1.277,  Train_accy 98.07, Test_accy 75.43
2024-10-25 16:43:29,437 [pod_foster.py] => SNet: Task 2, Epoch 56/120 => Loss 1.276,  Train_accy 98.33, Test_accy 76.74
2024-10-25 16:43:39,569 [pod_foster.py] => SNet: Task 2, Epoch 61/120 => Loss 1.276,  Train_accy 98.22, Test_accy 75.91
2024-10-25 16:43:49,234 [pod_foster.py] => SNet: Task 2, Epoch 66/120 => Loss 1.273,  Train_accy 98.51, Test_accy 76.83
2024-10-25 16:43:59,335 [pod_foster.py] => SNet: Task 2, Epoch 71/120 => Loss 1.275,  Train_accy 98.38, Test_accy 77.02
2024-10-25 16:44:09,086 [pod_foster.py] => SNet: Task 2, Epoch 76/120 => Loss 1.276,  Train_accy 98.35, Test_accy 76.74
2024-10-25 16:44:18,876 [pod_foster.py] => SNet: Task 2, Epoch 81/120 => Loss 1.277,  Train_accy 98.35, Test_accy 76.65
2024-10-25 16:44:28,806 [pod_foster.py] => SNet: Task 2, Epoch 86/120 => Loss 1.270,  Train_accy 98.42, Test_accy 76.15
2024-10-25 16:44:38,861 [pod_foster.py] => SNet: Task 2, Epoch 91/120 => Loss 1.273,  Train_accy 98.27, Test_accy 76.74
2024-10-25 16:44:48,492 [pod_foster.py] => SNet: Task 2, Epoch 96/120 => Loss 1.270,  Train_accy 98.53, Test_accy 76.78
2024-10-25 16:44:58,063 [pod_foster.py] => SNet: Task 2, Epoch 101/120 => Loss 1.271,  Train_accy 98.67, Test_accy 76.89
2024-10-25 16:45:07,512 [pod_foster.py] => SNet: Task 2, Epoch 106/120 => Loss 1.273,  Train_accy 98.53, Test_accy 77.15
2024-10-25 16:45:16,994 [pod_foster.py] => SNet: Task 2, Epoch 111/120 => Loss 1.274,  Train_accy 98.44, Test_accy 77.09
2024-10-25 16:45:26,089 [pod_foster.py] => SNet: Task 2, Epoch 116/120 => Loss 1.275,  Train_accy 98.53, Test_accy 76.30
2024-10-25 16:45:32,498 [pod_foster.py] => SNet: Task 2, Epoch 120/120 => Loss 1.272,  Train_accy 98.47
2024-10-25 16:45:32,498 [pod_foster.py] => do not weight align student!
2024-10-25 16:45:33,289 [pod_foster.py] => darknet eval: 
2024-10-25 16:45:33,290 [pod_foster.py] => CNN top1 curve: 77.52
2024-10-25 16:45:33,290 [pod_foster.py] => CNN top5 curve: 96.52
2024-10-25 16:45:33,291 [pod_foster.py] => All params after compression: 3853138
2024-10-25 16:45:33,291 [base.py] => Reducing exemplars...(55 per classes)
2024-10-25 16:45:34,751 [base.py] => Constructing exemplars...(55 per classes)
2024-10-25 16:45:37,919 [trainer.py] => All params: 7705241
2024-10-25 16:45:40,194 [pod_foster.py] => Exemplar size: 495
2024-10-25 16:45:40,194 [trainer.py] => CNN: {'total': 75.91, '00-04': 65.0, '05-06': 87.5, '07-08': 91.58, 'old': 71.43, 'new': 91.58}
2024-10-25 16:45:40,194 [trainer.py] => NME: {'total': 72.3, '00-04': 67.87, '05-06': 73.67, '07-08': 82.0, 'old': 69.52, 'new': 82.0}
2024-10-25 16:45:40,195 [trainer.py] => CNN top1 curve: [89.93, 80.4, 75.91]
2024-10-25 16:45:40,195 [trainer.py] => CNN top5 curve: [100.0, 98.81, 96.31]
2024-10-25 16:45:40,195 [trainer.py] => NME top1 curve: [90.0, 73.12, 72.3]
2024-10-25 16:45:40,195 [trainer.py] => NME top5 curve: [100.0, 99.0, 96.31]

2024-10-25 16:45:40,195 [trainer.py] => Average Accuracy (CNN): 82.08
2024-10-25 16:45:40,195 [trainer.py] => Average Accuracy (NME): 78.47333333333334
2024-10-25 16:45:40,196 [trainer.py] => Forgetting (CNN): 12.465000000000003
