2024-10-25 15:47:58,714 [trainer.py] => config: ./exps/POD_foster.json
2024-10-25 15:47:58,714 [trainer.py] => prefix: cil
2024-10-25 15:47:58,715 [trainer.py] => dataset: hrrp9
2024-10-25 15:47:58,715 [trainer.py] => memory_size: 500
2024-10-25 15:47:58,715 [trainer.py] => memory_per_class: 20
2024-10-25 15:47:58,716 [trainer.py] => fixed_memory: False
2024-10-25 15:47:58,716 [trainer.py] => shuffle: True
2024-10-25 15:47:58,716 [trainer.py] => init_cls: 5
2024-10-25 15:47:58,716 [trainer.py] => increment: 2
2024-10-25 15:47:58,716 [trainer.py] => model_name: POD_foster
2024-10-25 15:47:58,717 [trainer.py] => convnet_type: resnet18
2024-10-25 15:47:58,717 [trainer.py] => init_train: False
2024-10-25 15:47:58,717 [trainer.py] => convnet_path1: checkpoints/init_train/resnet18_35172.pth
2024-10-25 15:47:58,717 [trainer.py] => fc_path1: checkpoints/init_train/fc_35172.pth
2024-10-25 15:47:58,717 [trainer.py] => convnet_path: checkpoints/init_train/resnet18_42503.pth
2024-10-25 15:47:58,718 [trainer.py] => fc_path: checkpoints/init_train/fc_42503.pth
2024-10-25 15:47:58,718 [trainer.py] => device: [device(type='cuda', index=3)]
2024-10-25 15:47:58,718 [trainer.py] => seed: 1993
2024-10-25 15:47:58,718 [trainer.py] => beta1: 0.96
2024-10-25 15:47:58,718 [trainer.py] => beta2: 0.97
2024-10-25 15:47:58,719 [trainer.py] => oofc: ft
2024-10-25 15:47:58,719 [trainer.py] => is_teacher_wa: True
2024-10-25 15:47:58,719 [trainer.py] => is_student_wa: False
2024-10-25 15:47:58,719 [trainer.py] => lambda_okd: 0
2024-10-25 15:47:58,719 [trainer.py] => wa_value: 1
2024-10-25 15:47:58,720 [trainer.py] => init_epochs: 0
2024-10-25 15:47:58,720 [trainer.py] => init_lr: 0.1
2024-10-25 15:47:58,720 [trainer.py] => init_weight_decay: 0.0005
2024-10-25 15:47:58,720 [trainer.py] => boosting_epochs: 150
2024-10-25 15:47:58,721 [trainer.py] => compression_epochs: 120
2024-10-25 15:47:58,721 [trainer.py] => lr: 0.1
2024-10-25 15:47:58,721 [trainer.py] => batch_size: 128
2024-10-25 15:47:58,721 [trainer.py] => weight_decay: 0.0005
2024-10-25 15:47:58,721 [trainer.py] => num_workers: 8
2024-10-25 15:47:58,722 [trainer.py] => momentum: 0.9
2024-10-25 15:47:58,722 [trainer.py] => T: 2
2024-10-25 15:47:58,722 [trainer.py] => lambda_c_base: 0.6
2024-10-25 15:47:58,722 [trainer.py] => lambda_f_base: 1.0
2024-10-25 15:47:58,722 [trainer.py] => POD: c
2024-10-25 15:47:59,540 [data_manager.py] => [4, 2, 5, 0, 3, 6, 7, 8, 1]
2024-10-25 15:47:59,601 [trainer.py] => All params: 0
2024-10-25 15:47:59,601 [trainer.py] => Trainable params: 0
2024-10-25 15:48:00,899 [pod_foster.py] => Learning on 0-5
2024-10-25 15:48:00,900 [pod_foster.py] => All params: 3849034
2024-10-25 15:48:00,900 [pod_foster.py] => Trainable params: 3849034
2024-10-25 15:48:00,998 [pod_foster.py] => Adaptive factor: 0
2024-10-25 15:48:01,237 [pod_foster.py] => init_train?---False
2024-10-25 15:48:02,384 [base.py] => Reducing exemplars...(100 per classes)
2024-10-25 15:48:02,385 [base.py] => Constructing exemplars...(100 per classes)
2024-10-25 15:48:10,082 [trainer.py] => All params: 3849034
2024-10-25 15:48:11,522 [pod_foster.py] => Exemplar size: 500
2024-10-25 15:48:11,523 [trainer.py] => CNN: {'total': 89.93, '00-04': 89.93, 'old': 0, 'new': 89.93}
2024-10-25 15:48:11,523 [trainer.py] => NME: {'total': 90.0, '00-04': 90.0, 'old': 0, 'new': 90.0}
2024-10-25 15:48:11,523 [trainer.py] => CNN top1 curve: [89.93]
2024-10-25 15:48:11,523 [trainer.py] => CNN top5 curve: [100.0]
2024-10-25 15:48:11,523 [trainer.py] => NME top1 curve: [90.0]
2024-10-25 15:48:11,523 [trainer.py] => NME top5 curve: [100.0]

2024-10-25 15:48:11,523 [trainer.py] => Average Accuracy (CNN): 89.93
2024-10-25 15:48:11,523 [trainer.py] => Average Accuracy (NME): 90.0
2024-10-25 15:48:11,524 [trainer.py] => All params: 3849034
2024-10-25 15:48:11,524 [trainer.py] => Trainable params: 3849034
2024-10-25 15:48:11,572 [pod_foster.py] => Learning on 5-7
2024-10-25 15:48:11,573 [pod_foster.py] => All params: 7701139
2024-10-25 15:48:11,574 [pod_foster.py] => Trainable params: 3854670
2024-10-25 15:48:11,619 [pod_foster.py] => Adaptive factor: 1.8708286933869707
2024-10-25 15:48:11,631 [pod_foster.py] => per cls weights : [1.00484344 1.00484344 1.00484344 1.00484344 1.00484344 0.98789141
 0.98789141]
2024-10-25 15:48:15,316 [pod_foster.py] => Task 1, Epoch 1/150 => Loss 1.886, Loss_clf 0.701, Loss_fe 0.667, Loss_pod 0.287, Loss_flat 0.230, Train_accy 83.13, Test_accy 58.93
2024-10-25 15:48:26,458 [pod_foster.py] => Task 1, Epoch 6/150 => Loss 0.345, Loss_clf 0.021, Loss_fe 0.045, Loss_pod 0.194, Loss_flat 0.085, Train_accy 99.78, Test_accy 67.74
2024-10-25 15:48:39,063 [pod_foster.py] => Task 1, Epoch 11/150 => Loss 0.268, Loss_clf 0.017, Loss_fe 0.023, Loss_pod 0.165, Loss_flat 0.063, Train_accy 99.89, Test_accy 71.38
2024-10-25 15:48:49,832 [pod_foster.py] => Task 1, Epoch 16/150 => Loss 0.211, Loss_clf 0.009, Loss_fe 0.012, Loss_pod 0.143, Loss_flat 0.047, Train_accy 100.00, Test_accy 68.45
2024-10-25 15:49:00,337 [pod_foster.py] => Task 1, Epoch 21/150 => Loss 0.214, Loss_clf 0.012, Loss_fe 0.014, Loss_pod 0.141, Loss_flat 0.047, Train_accy 100.00, Test_accy 64.48
2024-10-25 15:49:11,000 [pod_foster.py] => Task 1, Epoch 26/150 => Loss 0.440, Loss_clf 0.023, Loss_fe 0.052, Loss_pod 0.255, Loss_flat 0.109, Train_accy 99.69, Test_accy 71.21
2024-10-25 15:49:21,639 [pod_foster.py] => Task 1, Epoch 31/150 => Loss 0.262, Loss_clf 0.011, Loss_fe 0.012, Loss_pod 0.180, Loss_flat 0.059, Train_accy 99.98, Test_accy 70.43
2024-10-25 15:49:32,235 [pod_foster.py] => Task 1, Epoch 36/150 => Loss 0.227, Loss_clf 0.008, Loss_fe 0.009, Loss_pod 0.167, Loss_flat 0.043, Train_accy 100.00, Test_accy 67.81
2024-10-25 15:49:43,061 [pod_foster.py] => Task 1, Epoch 41/150 => Loss 0.197, Loss_clf 0.007, Loss_fe 0.009, Loss_pod 0.142, Loss_flat 0.039, Train_accy 100.00, Test_accy 69.64
2024-10-25 15:49:53,464 [pod_foster.py] => Task 1, Epoch 46/150 => Loss 0.187, Loss_clf 0.007, Loss_fe 0.008, Loss_pod 0.137, Loss_flat 0.035, Train_accy 100.00, Test_accy 70.48
2024-10-25 15:50:03,661 [pod_foster.py] => Task 1, Epoch 51/150 => Loss 0.186, Loss_clf 0.007, Loss_fe 0.008, Loss_pod 0.138, Loss_flat 0.034, Train_accy 100.00, Test_accy 65.93
2024-10-25 15:50:14,054 [pod_foster.py] => Task 1, Epoch 56/150 => Loss 0.168, Loss_clf 0.007, Loss_fe 0.008, Loss_pod 0.121, Loss_flat 0.032, Train_accy 100.00, Test_accy 69.21
2024-10-25 15:50:24,525 [pod_foster.py] => Task 1, Epoch 61/150 => Loss 0.250, Loss_clf 0.021, Loss_fe 0.027, Loss_pod 0.147, Loss_flat 0.055, Train_accy 99.69, Test_accy 73.62
2024-10-25 15:50:35,092 [pod_foster.py] => Task 1, Epoch 66/150 => Loss 0.215, Loss_clf 0.010, Loss_fe 0.012, Loss_pod 0.147, Loss_flat 0.046, Train_accy 99.93, Test_accy 68.83
2024-10-25 15:50:45,846 [pod_foster.py] => Task 1, Epoch 71/150 => Loss 0.168, Loss_clf 0.006, Loss_fe 0.008, Loss_pod 0.121, Loss_flat 0.033, Train_accy 100.00, Test_accy 68.21
2024-10-25 15:50:56,375 [pod_foster.py] => Task 1, Epoch 76/150 => Loss 0.157, Loss_clf 0.006, Loss_fe 0.007, Loss_pod 0.112, Loss_flat 0.031, Train_accy 100.00, Test_accy 67.86
2024-10-25 15:51:06,662 [pod_foster.py] => Task 1, Epoch 81/150 => Loss 0.146, Loss_clf 0.006, Loss_fe 0.007, Loss_pod 0.103, Loss_flat 0.030, Train_accy 100.00, Test_accy 67.24
2024-10-25 15:51:16,976 [pod_foster.py] => Task 1, Epoch 86/150 => Loss 0.149, Loss_clf 0.006, Loss_fe 0.007, Loss_pod 0.106, Loss_flat 0.030, Train_accy 100.00, Test_accy 66.76
2024-10-25 15:51:27,656 [pod_foster.py] => Task 1, Epoch 91/150 => Loss 0.146, Loss_clf 0.006, Loss_fe 0.008, Loss_pod 0.103, Loss_flat 0.029, Train_accy 100.00, Test_accy 68.17
2024-10-25 15:51:38,474 [pod_foster.py] => Task 1, Epoch 96/150 => Loss 0.140, Loss_clf 0.007, Loss_fe 0.008, Loss_pod 0.094, Loss_flat 0.031, Train_accy 100.00, Test_accy 68.36
2024-10-25 15:51:49,149 [pod_foster.py] => Task 1, Epoch 101/150 => Loss 0.133, Loss_clf 0.006, Loss_fe 0.007, Loss_pod 0.091, Loss_flat 0.028, Train_accy 100.00, Test_accy 67.40
2024-10-25 15:51:59,444 [pod_foster.py] => Task 1, Epoch 106/150 => Loss 0.131, Loss_clf 0.006, Loss_fe 0.007, Loss_pod 0.089, Loss_flat 0.028, Train_accy 100.00, Test_accy 67.43
2024-10-25 15:52:09,856 [pod_foster.py] => Task 1, Epoch 111/150 => Loss 0.129, Loss_clf 0.006, Loss_fe 0.008, Loss_pod 0.086, Loss_flat 0.028, Train_accy 100.00, Test_accy 66.67
2024-10-25 15:52:20,133 [pod_foster.py] => Task 1, Epoch 116/150 => Loss 0.126, Loss_clf 0.007, Loss_fe 0.008, Loss_pod 0.085, Loss_flat 0.027, Train_accy 100.00, Test_accy 68.31
2024-10-25 15:52:30,765 [pod_foster.py] => Task 1, Epoch 121/150 => Loss 0.119, Loss_clf 0.006, Loss_fe 0.007, Loss_pod 0.079, Loss_flat 0.027, Train_accy 100.00, Test_accy 67.64
2024-10-25 15:52:41,371 [pod_foster.py] => Task 1, Epoch 126/150 => Loss 0.121, Loss_clf 0.006, Loss_fe 0.007, Loss_pod 0.081, Loss_flat 0.027, Train_accy 100.00, Test_accy 66.71
2024-10-25 15:52:51,863 [pod_foster.py] => Task 1, Epoch 131/150 => Loss 0.118, Loss_clf 0.006, Loss_fe 0.007, Loss_pod 0.078, Loss_flat 0.027, Train_accy 100.00, Test_accy 66.83
2024-10-25 15:53:02,316 [pod_foster.py] => Task 1, Epoch 136/150 => Loss 0.113, Loss_clf 0.006, Loss_fe 0.007, Loss_pod 0.073, Loss_flat 0.026, Train_accy 100.00, Test_accy 67.67
2024-10-25 15:53:12,673 [pod_foster.py] => Task 1, Epoch 141/150 => Loss 0.112, Loss_clf 0.006, Loss_fe 0.007, Loss_pod 0.072, Loss_flat 0.027, Train_accy 100.00, Test_accy 67.50
2024-10-25 15:53:22,938 [pod_foster.py] => Task 1, Epoch 146/150 => Loss 0.116, Loss_clf 0.006, Loss_fe 0.007, Loss_pod 0.076, Loss_flat 0.026, Train_accy 100.00, Test_accy 68.05
2024-10-25 15:53:30,498 [pod_foster.py] => Task 1, Epoch 150/150 => Loss 0.111, Loss_clf 0.006, Loss_fe 0.007, Loss_pod 0.071, Loss_flat 0.027, Train_accy 100.00
2024-10-25 15:53:30,499 [inc_net.py] => align weights, gamma = 0.4678342044353485 
2024-10-25 15:53:30,501 [pod_foster.py] => per cls weights : [1.01377356 1.01377356 1.01377356 1.01377356 1.01377356 0.96556609
 0.96556609]
2024-10-25 15:53:33,215 [pod_foster.py] => SNet: Task 1, Epoch 1/120 => Loss 1.381,  Train_accy 64.93, Test_accy 70.79
2024-10-25 15:53:43,133 [pod_foster.py] => SNet: Task 1, Epoch 6/120 => Loss 1.162,  Train_accy 91.31, Test_accy 78.17
2024-10-25 15:53:52,519 [pod_foster.py] => SNet: Task 1, Epoch 11/120 => Loss 1.157,  Train_accy 93.09, Test_accy 78.12
2024-10-25 15:54:01,953 [pod_foster.py] => SNet: Task 1, Epoch 16/120 => Loss 1.151,  Train_accy 92.80, Test_accy 78.52
2024-10-25 15:54:11,497 [pod_foster.py] => SNet: Task 1, Epoch 21/120 => Loss 1.154,  Train_accy 93.47, Test_accy 79.00
2024-10-25 15:54:21,089 [pod_foster.py] => SNet: Task 1, Epoch 26/120 => Loss 1.151,  Train_accy 93.51, Test_accy 79.60
2024-10-25 15:54:30,939 [pod_foster.py] => SNet: Task 1, Epoch 31/120 => Loss 1.152,  Train_accy 92.80, Test_accy 79.21
2024-10-25 15:54:40,650 [pod_foster.py] => SNet: Task 1, Epoch 36/120 => Loss 1.150,  Train_accy 93.22, Test_accy 79.26
2024-10-25 15:54:50,198 [pod_foster.py] => SNet: Task 1, Epoch 41/120 => Loss 1.148,  Train_accy 93.62, Test_accy 79.45
2024-10-25 15:54:59,830 [pod_foster.py] => SNet: Task 1, Epoch 46/120 => Loss 1.147,  Train_accy 93.76, Test_accy 78.95
2024-10-25 15:55:09,434 [pod_foster.py] => SNet: Task 1, Epoch 51/120 => Loss 1.147,  Train_accy 93.60, Test_accy 79.12
2024-10-25 15:55:18,914 [pod_foster.py] => SNet: Task 1, Epoch 56/120 => Loss 1.145,  Train_accy 93.62, Test_accy 79.62
2024-10-25 15:55:28,487 [pod_foster.py] => SNet: Task 1, Epoch 61/120 => Loss 1.147,  Train_accy 93.62, Test_accy 79.81
2024-10-25 15:55:38,341 [pod_foster.py] => SNet: Task 1, Epoch 66/120 => Loss 1.148,  Train_accy 93.89, Test_accy 79.24
2024-10-25 15:55:47,814 [pod_foster.py] => SNet: Task 1, Epoch 71/120 => Loss 1.149,  Train_accy 93.80, Test_accy 80.36
2024-10-25 15:55:57,211 [pod_foster.py] => SNet: Task 1, Epoch 76/120 => Loss 1.147,  Train_accy 93.96, Test_accy 80.29
2024-10-25 15:56:06,942 [pod_foster.py] => SNet: Task 1, Epoch 81/120 => Loss 1.146,  Train_accy 93.42, Test_accy 80.12
2024-10-25 15:56:16,978 [pod_foster.py] => SNet: Task 1, Epoch 86/120 => Loss 1.147,  Train_accy 93.73, Test_accy 80.17
2024-10-25 15:56:26,627 [pod_foster.py] => SNet: Task 1, Epoch 91/120 => Loss 1.148,  Train_accy 93.60, Test_accy 80.24
2024-10-25 15:56:36,332 [pod_foster.py] => SNet: Task 1, Epoch 96/120 => Loss 1.146,  Train_accy 94.09, Test_accy 80.02
2024-10-25 15:56:46,521 [pod_foster.py] => SNet: Task 1, Epoch 101/120 => Loss 1.144,  Train_accy 93.78, Test_accy 80.12
2024-10-25 15:56:56,477 [pod_foster.py] => SNet: Task 1, Epoch 106/120 => Loss 1.145,  Train_accy 93.98, Test_accy 80.19
2024-10-25 15:57:06,108 [pod_foster.py] => SNet: Task 1, Epoch 111/120 => Loss 1.147,  Train_accy 94.09, Test_accy 80.52
2024-10-25 15:57:15,620 [pod_foster.py] => SNet: Task 1, Epoch 116/120 => Loss 1.145,  Train_accy 94.04, Test_accy 80.07
2024-10-25 15:57:22,793 [pod_foster.py] => SNet: Task 1, Epoch 120/120 => Loss 1.144,  Train_accy 94.02
2024-10-25 15:57:22,793 [pod_foster.py] => do not weight align student!
2024-10-25 15:57:23,607 [pod_foster.py] => darknet eval: 
2024-10-25 15:57:23,607 [pod_foster.py] => CNN top1 curve: 80.38
2024-10-25 15:57:23,607 [pod_foster.py] => CNN top5 curve: 98.64
2024-10-25 15:57:23,608 [pod_foster.py] => All params after compression: 3851086
2024-10-25 15:57:23,609 [base.py] => Reducing exemplars...(71 per classes)
2024-10-25 15:57:25,079 [base.py] => Constructing exemplars...(71 per classes)
2024-10-25 15:57:28,996 [trainer.py] => All params: 7701139
2024-10-25 15:57:31,211 [pod_foster.py] => Exemplar size: 497
2024-10-25 15:57:31,211 [trainer.py] => CNN: {'total': 80.6, '00-04': 80.4, '05-06': 81.08, 'old': 80.4, 'new': 81.08}
2024-10-25 15:57:31,211 [trainer.py] => NME: {'total': 73.64, '00-04': 78.53, '05-06': 61.42, 'old': 78.53, 'new': 61.42}
2024-10-25 15:57:31,211 [trainer.py] => CNN top1 curve: [89.93, 80.6]
2024-10-25 15:57:31,211 [trainer.py] => CNN top5 curve: [100.0, 98.5]
2024-10-25 15:57:31,211 [trainer.py] => NME top1 curve: [90.0, 73.64]
2024-10-25 15:57:31,211 [trainer.py] => NME top5 curve: [100.0, 98.95]

2024-10-25 15:57:31,212 [trainer.py] => Average Accuracy (CNN): 85.265
2024-10-25 15:57:31,212 [trainer.py] => Average Accuracy (NME): 81.82
2024-10-25 15:57:31,213 [trainer.py] => All params: 7701139
2024-10-25 15:57:31,213 [trainer.py] => Trainable params: 3854670
2024-10-25 15:57:31,267 [pod_foster.py] => Learning on 7-9
2024-10-25 15:57:31,268 [pod_foster.py] => All params: 7705241
2024-10-25 15:57:31,269 [pod_foster.py] => Trainable params: 3857746
2024-10-25 15:57:31,302 [pod_foster.py] => Adaptive factor: 2.1213203435596424
2024-10-25 15:57:31,313 [pod_foster.py] => per cls weights : [1.01239929 1.01239929 1.01239929 1.01239929 1.01239929 1.01239929
 1.01239929 0.95660248 0.95660248]
2024-10-25 15:57:34,308 [pod_foster.py] => Task 2, Epoch 1/150 => Loss 1.931, Loss_clf 0.643, Loss_fe 0.672, Loss_pod 0.393, Loss_flat 0.223, Train_accy 85.46, Test_accy 56.04
2024-10-25 15:57:45,292 [pod_foster.py] => Task 2, Epoch 6/150 => Loss 0.353, Loss_clf 0.015, Loss_fe 0.056, Loss_pod 0.214, Loss_flat 0.068, Train_accy 99.91, Test_accy 67.11
2024-10-25 15:57:56,295 [pod_foster.py] => Task 2, Epoch 11/150 => Loss 0.242, Loss_clf 0.011, Loss_fe 0.018, Loss_pod 0.169, Loss_flat 0.044, Train_accy 100.00, Test_accy 68.50
2024-10-25 15:58:07,250 [pod_foster.py] => Task 2, Epoch 16/150 => Loss 0.222, Loss_clf 0.009, Loss_fe 0.013, Loss_pod 0.159, Loss_flat 0.041, Train_accy 100.00, Test_accy 65.09
2024-10-25 15:58:18,163 [pod_foster.py] => Task 2, Epoch 21/150 => Loss 0.200, Loss_clf 0.008, Loss_fe 0.011, Loss_pod 0.148, Loss_flat 0.034, Train_accy 100.00, Test_accy 66.89
2024-10-25 15:58:28,962 [pod_foster.py] => Task 2, Epoch 26/150 => Loss 0.601, Loss_clf 0.068, Loss_fe 0.138, Loss_pod 0.286, Loss_flat 0.109, Train_accy 98.31, Test_accy 11.11
2024-10-25 15:58:40,179 [pod_foster.py] => Task 2, Epoch 31/150 => Loss 0.438, Loss_clf 0.016, Loss_fe 0.034, Loss_pod 0.300, Loss_flat 0.088, Train_accy 99.91, Test_accy 67.94
2024-10-25 15:58:50,793 [pod_foster.py] => Task 2, Epoch 36/150 => Loss 0.267, Loss_clf 0.008, Loss_fe 0.009, Loss_pod 0.208, Loss_flat 0.042, Train_accy 100.00, Test_accy 67.00
2024-10-25 15:59:01,763 [pod_foster.py] => Task 2, Epoch 41/150 => Loss 0.262, Loss_clf 0.008, Loss_fe 0.010, Loss_pod 0.198, Loss_flat 0.046, Train_accy 100.00, Test_accy 67.26
2024-10-25 15:59:12,730 [pod_foster.py] => Task 2, Epoch 46/150 => Loss 0.232, Loss_clf 0.007, Loss_fe 0.008, Loss_pod 0.180, Loss_flat 0.036, Train_accy 100.00, Test_accy 67.06
2024-10-25 15:59:23,477 [pod_foster.py] => Task 2, Epoch 51/150 => Loss 0.215, Loss_clf 0.007, Loss_fe 0.009, Loss_pod 0.167, Loss_flat 0.032, Train_accy 100.00, Test_accy 64.26
2024-10-25 15:59:34,235 [pod_foster.py] => Task 2, Epoch 56/150 => Loss 0.207, Loss_clf 0.007, Loss_fe 0.009, Loss_pod 0.160, Loss_flat 0.030, Train_accy 100.00, Test_accy 64.17
2024-10-25 15:59:45,240 [pod_foster.py] => Task 2, Epoch 61/150 => Loss 0.203, Loss_clf 0.007, Loss_fe 0.008, Loss_pod 0.156, Loss_flat 0.032, Train_accy 100.00, Test_accy 62.94
2024-10-25 15:59:55,878 [pod_foster.py] => Task 2, Epoch 66/150 => Loss 0.219, Loss_clf 0.008, Loss_fe 0.011, Loss_pod 0.162, Loss_flat 0.039, Train_accy 100.00, Test_accy 70.72
2024-10-25 16:00:06,387 [pod_foster.py] => Task 2, Epoch 71/150 => Loss 0.241, Loss_clf 0.011, Loss_fe 0.014, Loss_pod 0.170, Loss_flat 0.046, Train_accy 99.96, Test_accy 66.54
2024-10-25 16:00:16,730 [pod_foster.py] => Task 2, Epoch 76/150 => Loss 0.186, Loss_clf 0.007, Loss_fe 0.008, Loss_pod 0.141, Loss_flat 0.030, Train_accy 100.00, Test_accy 65.24
2024-10-25 16:00:27,603 [pod_foster.py] => Task 2, Epoch 81/150 => Loss 0.176, Loss_clf 0.007, Loss_fe 0.008, Loss_pod 0.131, Loss_flat 0.030, Train_accy 100.00, Test_accy 63.80
2024-10-25 16:00:38,472 [pod_foster.py] => Task 2, Epoch 86/150 => Loss 0.172, Loss_clf 0.006, Loss_fe 0.007, Loss_pod 0.131, Loss_flat 0.027, Train_accy 100.00, Test_accy 63.81
2024-10-25 16:00:49,455 [pod_foster.py] => Task 2, Epoch 91/150 => Loss 0.164, Loss_clf 0.006, Loss_fe 0.007, Loss_pod 0.123, Loss_flat 0.027, Train_accy 100.00, Test_accy 64.24
2024-10-25 16:01:00,371 [pod_foster.py] => Task 2, Epoch 96/150 => Loss 0.157, Loss_clf 0.006, Loss_fe 0.007, Loss_pod 0.118, Loss_flat 0.026, Train_accy 100.00, Test_accy 63.74
2024-10-25 16:01:10,997 [pod_foster.py] => Task 2, Epoch 101/150 => Loss 0.157, Loss_clf 0.006, Loss_fe 0.008, Loss_pod 0.116, Loss_flat 0.027, Train_accy 100.00, Test_accy 62.67
2024-10-25 16:01:21,331 [pod_foster.py] => Task 2, Epoch 106/150 => Loss 0.188, Loss_clf 0.007, Loss_fe 0.009, Loss_pod 0.136, Loss_flat 0.036, Train_accy 100.00, Test_accy 66.00
2024-10-25 16:01:31,970 [pod_foster.py] => Task 2, Epoch 111/150 => Loss 0.159, Loss_clf 0.007, Loss_fe 0.008, Loss_pod 0.116, Loss_flat 0.028, Train_accy 100.00, Test_accy 64.93
2024-10-25 16:01:42,833 [pod_foster.py] => Task 2, Epoch 116/150 => Loss 0.158, Loss_clf 0.008, Loss_fe 0.009, Loss_pod 0.114, Loss_flat 0.028, Train_accy 100.00, Test_accy 63.26
2024-10-25 16:01:53,351 [pod_foster.py] => Task 2, Epoch 121/150 => Loss 0.142, Loss_clf 0.006, Loss_fe 0.007, Loss_pod 0.103, Loss_flat 0.026, Train_accy 100.00, Test_accy 63.65
2024-10-25 16:02:03,867 [pod_foster.py] => Task 2, Epoch 126/150 => Loss 0.141, Loss_clf 0.006, Loss_fe 0.007, Loss_pod 0.102, Loss_flat 0.026, Train_accy 100.00, Test_accy 64.63
2024-10-25 16:02:14,389 [pod_foster.py] => Task 2, Epoch 131/150 => Loss 0.137, Loss_clf 0.006, Loss_fe 0.007, Loss_pod 0.098, Loss_flat 0.027, Train_accy 100.00, Test_accy 64.30
2024-10-25 16:02:24,952 [pod_foster.py] => Task 2, Epoch 136/150 => Loss 0.132, Loss_clf 0.006, Loss_fe 0.007, Loss_pod 0.094, Loss_flat 0.025, Train_accy 100.00, Test_accy 66.00
2024-10-25 16:02:35,462 [pod_foster.py] => Task 2, Epoch 141/150 => Loss 0.128, Loss_clf 0.006, Loss_fe 0.007, Loss_pod 0.090, Loss_flat 0.025, Train_accy 100.00, Test_accy 65.24
2024-10-25 16:02:46,242 [pod_foster.py] => Task 2, Epoch 146/150 => Loss 0.135, Loss_clf 0.006, Loss_fe 0.008, Loss_pod 0.094, Loss_flat 0.026, Train_accy 100.00, Test_accy 61.78
2024-10-25 16:02:53,744 [pod_foster.py] => Task 2, Epoch 150/150 => Loss 0.127, Loss_clf 0.006, Loss_fe 0.007, Loss_pod 0.089, Loss_flat 0.025, Train_accy 100.00
2024-10-25 16:02:53,746 [inc_net.py] => align weights, gamma = 0.482624351978302 
2024-10-25 16:02:53,747 [pod_foster.py] => per cls weights : [1.02623168 1.02623168 1.02623168 1.02623168 1.02623168 1.02623168
 1.02623168 0.90818914 0.90818914]
2024-10-25 16:02:56,587 [pod_foster.py] => SNet: Task 2, Epoch 1/120 => Loss 1.651,  Train_accy 71.47, Test_accy 66.76
2024-10-25 16:03:06,289 [pod_foster.py] => SNet: Task 2, Epoch 6/120 => Loss 1.457,  Train_accy 93.97, Test_accy 74.65
2024-10-25 16:03:16,126 [pod_foster.py] => SNet: Task 2, Epoch 11/120 => Loss 1.459,  Train_accy 95.00, Test_accy 74.59
2024-10-25 16:03:25,647 [pod_foster.py] => SNet: Task 2, Epoch 16/120 => Loss 1.455,  Train_accy 95.37, Test_accy 75.09
2024-10-25 16:03:35,435 [pod_foster.py] => SNet: Task 2, Epoch 21/120 => Loss 1.456,  Train_accy 95.20, Test_accy 75.04
2024-10-25 16:03:45,208 [pod_foster.py] => SNet: Task 2, Epoch 26/120 => Loss 1.455,  Train_accy 95.80, Test_accy 76.69
2024-10-25 16:03:54,846 [pod_foster.py] => SNet: Task 2, Epoch 31/120 => Loss 1.451,  Train_accy 95.53, Test_accy 77.30
2024-10-25 16:04:04,584 [pod_foster.py] => SNet: Task 2, Epoch 36/120 => Loss 1.452,  Train_accy 95.55, Test_accy 77.72
2024-10-25 16:04:14,059 [pod_foster.py] => SNet: Task 2, Epoch 41/120 => Loss 1.450,  Train_accy 95.75, Test_accy 78.31
2024-10-25 16:04:23,548 [pod_foster.py] => SNet: Task 2, Epoch 46/120 => Loss 1.451,  Train_accy 96.18, Test_accy 77.02
2024-10-25 16:04:33,280 [pod_foster.py] => SNet: Task 2, Epoch 51/120 => Loss 1.452,  Train_accy 95.55, Test_accy 76.46
2024-10-25 16:04:43,233 [pod_foster.py] => SNet: Task 2, Epoch 56/120 => Loss 1.452,  Train_accy 95.55, Test_accy 77.28
2024-10-25 16:04:52,895 [pod_foster.py] => SNet: Task 2, Epoch 61/120 => Loss 1.452,  Train_accy 95.75, Test_accy 77.00
2024-10-25 16:05:02,599 [pod_foster.py] => SNet: Task 2, Epoch 66/120 => Loss 1.448,  Train_accy 96.09, Test_accy 77.93
2024-10-25 16:05:12,267 [pod_foster.py] => SNet: Task 2, Epoch 71/120 => Loss 1.452,  Train_accy 95.91, Test_accy 77.94
2024-10-25 16:05:21,771 [pod_foster.py] => SNet: Task 2, Epoch 76/120 => Loss 1.452,  Train_accy 95.64, Test_accy 77.39
2024-10-25 16:05:31,521 [pod_foster.py] => SNet: Task 2, Epoch 81/120 => Loss 1.453,  Train_accy 95.89, Test_accy 77.35
2024-10-25 16:05:41,308 [pod_foster.py] => SNet: Task 2, Epoch 86/120 => Loss 1.446,  Train_accy 95.95, Test_accy 77.20
2024-10-25 16:05:50,948 [pod_foster.py] => SNet: Task 2, Epoch 91/120 => Loss 1.449,  Train_accy 96.13, Test_accy 77.30
2024-10-25 16:06:00,633 [pod_foster.py] => SNet: Task 2, Epoch 96/120 => Loss 1.445,  Train_accy 96.06, Test_accy 77.74
2024-10-25 16:06:09,896 [pod_foster.py] => SNet: Task 2, Epoch 101/120 => Loss 1.447,  Train_accy 95.98, Test_accy 77.87
2024-10-25 16:06:19,245 [pod_foster.py] => SNet: Task 2, Epoch 106/120 => Loss 1.449,  Train_accy 95.77, Test_accy 78.02
2024-10-25 16:06:28,629 [pod_foster.py] => SNet: Task 2, Epoch 111/120 => Loss 1.449,  Train_accy 96.11, Test_accy 78.19
2024-10-25 16:06:37,965 [pod_foster.py] => SNet: Task 2, Epoch 116/120 => Loss 1.451,  Train_accy 96.06, Test_accy 77.33
2024-10-25 16:06:44,517 [pod_foster.py] => SNet: Task 2, Epoch 120/120 => Loss 1.449,  Train_accy 96.11
2024-10-25 16:06:44,517 [pod_foster.py] => do not weight align student!
2024-10-25 16:06:45,244 [pod_foster.py] => darknet eval: 
2024-10-25 16:06:45,245 [pod_foster.py] => CNN top1 curve: 78.24
2024-10-25 16:06:45,245 [pod_foster.py] => CNN top5 curve: 96.76
2024-10-25 16:06:45,246 [pod_foster.py] => All params after compression: 3853138
2024-10-25 16:06:45,247 [base.py] => Reducing exemplars...(55 per classes)
2024-10-25 16:06:46,906 [base.py] => Constructing exemplars...(55 per classes)
2024-10-25 16:06:49,814 [trainer.py] => All params: 7705241
2024-10-25 16:06:51,840 [pod_foster.py] => Exemplar size: 495
2024-10-25 16:06:51,841 [trainer.py] => CNN: {'total': 75.74, '00-04': 65.83, '05-06': 88.33, '07-08': 87.92, 'old': 72.26, 'new': 87.92}
2024-10-25 16:06:51,841 [trainer.py] => NME: {'total': 73.61, '00-04': 69.0, '05-06': 76.83, '07-08': 81.92, 'old': 71.24, 'new': 81.92}
2024-10-25 16:06:51,841 [trainer.py] => CNN top1 curve: [89.93, 80.6, 75.74]
2024-10-25 16:06:51,841 [trainer.py] => CNN top5 curve: [100.0, 98.5, 96.44]
2024-10-25 16:06:51,841 [trainer.py] => NME top1 curve: [90.0, 73.64, 73.61]
2024-10-25 16:06:51,841 [trainer.py] => NME top5 curve: [100.0, 98.95, 96.43]

2024-10-25 16:06:51,841 [trainer.py] => Average Accuracy (CNN): 82.08999999999999
2024-10-25 16:06:51,841 [trainer.py] => Average Accuracy (NME): 79.08333333333333
2024-10-25 16:06:51,842 [trainer.py] => Forgetting (CNN): 12.050000000000004
