2024-10-25 15:47:48,318 [trainer.py] => config: ./exps/POD_foster.json
2024-10-25 15:47:48,318 [trainer.py] => prefix: cil
2024-10-25 15:47:48,318 [trainer.py] => dataset: hrrp9
2024-10-25 15:47:48,318 [trainer.py] => memory_size: 500
2024-10-25 15:47:48,318 [trainer.py] => memory_per_class: 20
2024-10-25 15:47:48,318 [trainer.py] => fixed_memory: False
2024-10-25 15:47:48,318 [trainer.py] => shuffle: True
2024-10-25 15:47:48,318 [trainer.py] => init_cls: 5
2024-10-25 15:47:48,318 [trainer.py] => increment: 2
2024-10-25 15:47:48,318 [trainer.py] => model_name: POD_foster
2024-10-25 15:47:48,318 [trainer.py] => convnet_type: resnet18
2024-10-25 15:47:48,319 [trainer.py] => init_train: False
2024-10-25 15:47:48,319 [trainer.py] => convnet_path1: checkpoints/init_train/resnet18_35172.pth
2024-10-25 15:47:48,319 [trainer.py] => fc_path1: checkpoints/init_train/fc_35172.pth
2024-10-25 15:47:48,319 [trainer.py] => convnet_path: checkpoints/init_train/resnet18_42503.pth
2024-10-25 15:47:48,319 [trainer.py] => fc_path: checkpoints/init_train/fc_42503.pth
2024-10-25 15:47:48,319 [trainer.py] => device: [device(type='cuda', index=3)]
2024-10-25 15:47:48,319 [trainer.py] => seed: 1993
2024-10-25 15:47:48,319 [trainer.py] => beta1: 0.96
2024-10-25 15:47:48,319 [trainer.py] => beta2: 0.97
2024-10-25 15:47:48,319 [trainer.py] => oofc: ft
2024-10-25 15:47:48,319 [trainer.py] => is_teacher_wa: True
2024-10-25 15:47:48,319 [trainer.py] => is_student_wa: False
2024-10-25 15:47:48,319 [trainer.py] => lambda_okd: 0
2024-10-25 15:47:48,319 [trainer.py] => wa_value: 1
2024-10-25 15:47:48,319 [trainer.py] => init_epochs: 0
2024-10-25 15:47:48,320 [trainer.py] => init_lr: 0.1
2024-10-25 15:47:48,320 [trainer.py] => init_weight_decay: 0.0005
2024-10-25 15:47:48,320 [trainer.py] => boosting_epochs: 150
2024-10-25 15:47:48,320 [trainer.py] => compression_epochs: 120
2024-10-25 15:47:48,320 [trainer.py] => lr: 0.1
2024-10-25 15:47:48,320 [trainer.py] => batch_size: 128
2024-10-25 15:47:48,320 [trainer.py] => weight_decay: 0.0005
2024-10-25 15:47:48,320 [trainer.py] => num_workers: 8
2024-10-25 15:47:48,320 [trainer.py] => momentum: 0.9
2024-10-25 15:47:48,320 [trainer.py] => T: 2
2024-10-25 15:47:48,320 [trainer.py] => lambda_c_base: 0.7
2024-10-25 15:47:48,320 [trainer.py] => lambda_f_base: 1.0
2024-10-25 15:47:48,320 [trainer.py] => POD: c
2024-10-25 15:47:49,100 [data_manager.py] => [4, 2, 5, 0, 3, 6, 7, 8, 1]
2024-10-25 15:47:49,153 [trainer.py] => All params: 0
2024-10-25 15:47:49,153 [trainer.py] => Trainable params: 0
2024-10-25 15:47:50,502 [pod_foster.py] => Learning on 0-5
2024-10-25 15:47:50,503 [pod_foster.py] => All params: 3849034
2024-10-25 15:47:50,503 [pod_foster.py] => Trainable params: 3849034
2024-10-25 15:47:50,578 [pod_foster.py] => Adaptive factor: 0
2024-10-25 15:47:50,765 [pod_foster.py] => init_train?---False
2024-10-25 15:47:51,864 [base.py] => Reducing exemplars...(100 per classes)
2024-10-25 15:47:51,865 [base.py] => Constructing exemplars...(100 per classes)
2024-10-25 15:47:58,905 [trainer.py] => All params: 3849034
2024-10-25 15:48:00,233 [pod_foster.py] => Exemplar size: 500
2024-10-25 15:48:00,234 [trainer.py] => CNN: {'total': 89.93, '00-04': 89.93, 'old': 0, 'new': 89.93}
2024-10-25 15:48:00,234 [trainer.py] => NME: {'total': 90.0, '00-04': 90.0, 'old': 0, 'new': 90.0}
2024-10-25 15:48:00,235 [trainer.py] => CNN top1 curve: [89.93]
2024-10-25 15:48:00,235 [trainer.py] => CNN top5 curve: [100.0]
2024-10-25 15:48:00,235 [trainer.py] => NME top1 curve: [90.0]
2024-10-25 15:48:00,235 [trainer.py] => NME top5 curve: [100.0]

2024-10-25 15:48:00,236 [trainer.py] => Average Accuracy (CNN): 89.93
2024-10-25 15:48:00,236 [trainer.py] => Average Accuracy (NME): 90.0
2024-10-25 15:48:00,237 [trainer.py] => All params: 3849034
2024-10-25 15:48:00,238 [trainer.py] => Trainable params: 3849034
2024-10-25 15:48:00,280 [pod_foster.py] => Learning on 5-7
2024-10-25 15:48:00,282 [pod_foster.py] => All params: 7701139
2024-10-25 15:48:00,283 [pod_foster.py] => Trainable params: 3854670
2024-10-25 15:48:00,325 [pod_foster.py] => Adaptive factor: 1.8708286933869707
2024-10-25 15:48:00,335 [pod_foster.py] => per cls weights : [1.00484344 1.00484344 1.00484344 1.00484344 1.00484344 0.98789141
 0.98789141]
2024-10-25 15:48:03,747 [pod_foster.py] => Task 1, Epoch 1/150 => Loss 1.927, Loss_clf 0.701, Loss_fe 0.664, Loss_pod 0.338, Loss_flat 0.224, Train_accy 83.02, Test_accy 49.76
2024-10-25 15:48:14,340 [pod_foster.py] => Task 1, Epoch 6/150 => Loss 0.429, Loss_clf 0.029, Loss_fe 0.062, Loss_pod 0.245, Loss_flat 0.093, Train_accy 99.60, Test_accy 66.52
2024-10-25 15:48:24,961 [pod_foster.py] => Task 1, Epoch 11/150 => Loss 0.328, Loss_clf 0.022, Loss_fe 0.029, Loss_pod 0.210, Loss_flat 0.067, Train_accy 99.62, Test_accy 71.33
2024-10-25 15:48:36,167 [pod_foster.py] => Task 1, Epoch 16/150 => Loss 0.242, Loss_clf 0.009, Loss_fe 0.012, Loss_pod 0.174, Loss_flat 0.047, Train_accy 100.00, Test_accy 68.12
2024-10-25 15:48:47,133 [pod_foster.py] => Task 1, Epoch 21/150 => Loss 0.238, Loss_clf 0.013, Loss_fe 0.015, Loss_pod 0.163, Loss_flat 0.048, Train_accy 99.98, Test_accy 63.71
2024-10-25 15:48:57,407 [pod_foster.py] => Task 1, Epoch 26/150 => Loss 0.432, Loss_clf 0.023, Loss_fe 0.045, Loss_pod 0.266, Loss_flat 0.098, Train_accy 99.69, Test_accy 70.05
2024-10-25 15:49:07,394 [pod_foster.py] => Task 1, Epoch 31/150 => Loss 0.278, Loss_clf 0.012, Loss_fe 0.013, Loss_pod 0.195, Loss_flat 0.058, Train_accy 100.00, Test_accy 71.98
2024-10-25 15:49:17,518 [pod_foster.py] => Task 1, Epoch 36/150 => Loss 0.248, Loss_clf 0.008, Loss_fe 0.009, Loss_pod 0.187, Loss_flat 0.043, Train_accy 100.00, Test_accy 67.81
2024-10-25 15:49:27,491 [pod_foster.py] => Task 1, Epoch 41/150 => Loss 0.216, Loss_clf 0.007, Loss_fe 0.009, Loss_pod 0.162, Loss_flat 0.037, Train_accy 100.00, Test_accy 68.19
2024-10-25 15:49:37,520 [pod_foster.py] => Task 1, Epoch 46/150 => Loss 0.200, Loss_clf 0.007, Loss_fe 0.008, Loss_pod 0.150, Loss_flat 0.035, Train_accy 100.00, Test_accy 69.81
2024-10-25 15:49:47,690 [pod_foster.py] => Task 1, Epoch 51/150 => Loss 0.206, Loss_clf 0.007, Loss_fe 0.008, Loss_pod 0.156, Loss_flat 0.034, Train_accy 100.00, Test_accy 65.86
2024-10-25 15:49:57,468 [pod_foster.py] => Task 1, Epoch 56/150 => Loss 0.215, Loss_clf 0.009, Loss_fe 0.011, Loss_pod 0.156, Loss_flat 0.040, Train_accy 100.00, Test_accy 71.67
2024-10-25 15:50:07,309 [pod_foster.py] => Task 1, Epoch 61/150 => Loss 0.211, Loss_clf 0.009, Loss_fe 0.010, Loss_pod 0.150, Loss_flat 0.042, Train_accy 99.98, Test_accy 67.14
2024-10-25 15:50:17,346 [pod_foster.py] => Task 1, Epoch 66/150 => Loss 0.209, Loss_clf 0.008, Loss_fe 0.009, Loss_pod 0.153, Loss_flat 0.038, Train_accy 100.00, Test_accy 66.19
2024-10-25 15:50:27,717 [pod_foster.py] => Task 1, Epoch 71/150 => Loss 0.179, Loss_clf 0.007, Loss_fe 0.008, Loss_pod 0.133, Loss_flat 0.032, Train_accy 100.00, Test_accy 68.71
2024-10-25 15:50:38,188 [pod_foster.py] => Task 1, Epoch 76/150 => Loss 0.165, Loss_clf 0.006, Loss_fe 0.007, Loss_pod 0.121, Loss_flat 0.030, Train_accy 100.00, Test_accy 67.69
2024-10-25 15:50:48,143 [pod_foster.py] => Task 1, Epoch 81/150 => Loss 0.152, Loss_clf 0.006, Loss_fe 0.008, Loss_pod 0.108, Loss_flat 0.029, Train_accy 100.00, Test_accy 67.40
2024-10-25 15:50:58,027 [pod_foster.py] => Task 1, Epoch 86/150 => Loss 0.163, Loss_clf 0.006, Loss_fe 0.007, Loss_pod 0.119, Loss_flat 0.030, Train_accy 100.00, Test_accy 66.98
2024-10-25 15:51:07,717 [pod_foster.py] => Task 1, Epoch 91/150 => Loss 0.154, Loss_clf 0.007, Loss_fe 0.008, Loss_pod 0.111, Loss_flat 0.029, Train_accy 100.00, Test_accy 67.67
2024-10-25 15:51:17,917 [pod_foster.py] => Task 1, Epoch 96/150 => Loss 0.154, Loss_clf 0.008, Loss_fe 0.009, Loss_pod 0.105, Loss_flat 0.033, Train_accy 100.00, Test_accy 67.81
2024-10-25 15:51:28,152 [pod_foster.py] => Task 1, Epoch 101/150 => Loss 0.146, Loss_clf 0.006, Loss_fe 0.007, Loss_pod 0.103, Loss_flat 0.028, Train_accy 100.00, Test_accy 66.98
2024-10-25 15:51:38,123 [pod_foster.py] => Task 1, Epoch 106/150 => Loss 0.138, Loss_clf 0.006, Loss_fe 0.008, Loss_pod 0.096, Loss_flat 0.028, Train_accy 100.00, Test_accy 67.60
2024-10-25 15:51:48,503 [pod_foster.py] => Task 1, Epoch 111/150 => Loss 0.135, Loss_clf 0.007, Loss_fe 0.008, Loss_pod 0.093, Loss_flat 0.028, Train_accy 100.00, Test_accy 66.76
2024-10-25 15:51:58,502 [pod_foster.py] => Task 1, Epoch 116/150 => Loss 0.133, Loss_clf 0.007, Loss_fe 0.008, Loss_pod 0.092, Loss_flat 0.027, Train_accy 100.00, Test_accy 68.69
2024-10-25 15:52:08,334 [pod_foster.py] => Task 1, Epoch 121/150 => Loss 0.123, Loss_clf 0.006, Loss_fe 0.007, Loss_pod 0.083, Loss_flat 0.027, Train_accy 100.00, Test_accy 67.60
2024-10-25 15:52:18,268 [pod_foster.py] => Task 1, Epoch 126/150 => Loss 0.127, Loss_clf 0.006, Loss_fe 0.007, Loss_pod 0.087, Loss_flat 0.027, Train_accy 100.00, Test_accy 66.45
2024-10-25 15:52:28,241 [pod_foster.py] => Task 1, Epoch 131/150 => Loss 0.123, Loss_clf 0.006, Loss_fe 0.007, Loss_pod 0.082, Loss_flat 0.027, Train_accy 100.00, Test_accy 66.74
2024-10-25 15:52:38,294 [pod_foster.py] => Task 1, Epoch 136/150 => Loss 0.116, Loss_clf 0.006, Loss_fe 0.007, Loss_pod 0.076, Loss_flat 0.026, Train_accy 100.00, Test_accy 67.24
2024-10-25 15:52:48,385 [pod_foster.py] => Task 1, Epoch 141/150 => Loss 0.115, Loss_clf 0.007, Loss_fe 0.008, Loss_pod 0.074, Loss_flat 0.027, Train_accy 100.00, Test_accy 67.21
2024-10-25 15:52:58,240 [pod_foster.py] => Task 1, Epoch 146/150 => Loss 0.120, Loss_clf 0.006, Loss_fe 0.007, Loss_pod 0.080, Loss_flat 0.026, Train_accy 100.00, Test_accy 67.98
2024-10-25 15:53:05,514 [pod_foster.py] => Task 1, Epoch 150/150 => Loss 0.114, Loss_clf 0.006, Loss_fe 0.007, Loss_pod 0.074, Loss_flat 0.027, Train_accy 100.00
2024-10-25 15:53:05,515 [inc_net.py] => align weights, gamma = 0.46588262915611267 
2024-10-25 15:53:05,518 [pod_foster.py] => per cls weights : [1.01377356 1.01377356 1.01377356 1.01377356 1.01377356 0.96556609
 0.96556609]
2024-10-25 15:53:08,010 [pod_foster.py] => SNet: Task 1, Epoch 1/120 => Loss 1.382,  Train_accy 64.76, Test_accy 70.81
2024-10-25 15:53:17,157 [pod_foster.py] => SNet: Task 1, Epoch 6/120 => Loss 1.164,  Train_accy 91.04, Test_accy 77.95
2024-10-25 15:53:26,088 [pod_foster.py] => SNet: Task 1, Epoch 11/120 => Loss 1.159,  Train_accy 92.80, Test_accy 77.95
2024-10-25 15:53:35,192 [pod_foster.py] => SNet: Task 1, Epoch 16/120 => Loss 1.153,  Train_accy 92.84, Test_accy 78.36
2024-10-25 15:53:44,464 [pod_foster.py] => SNet: Task 1, Epoch 21/120 => Loss 1.155,  Train_accy 93.18, Test_accy 79.12
2024-10-25 15:53:53,750 [pod_foster.py] => SNet: Task 1, Epoch 26/120 => Loss 1.152,  Train_accy 93.31, Test_accy 79.55
2024-10-25 15:54:02,651 [pod_foster.py] => SNet: Task 1, Epoch 31/120 => Loss 1.154,  Train_accy 92.67, Test_accy 78.86
2024-10-25 15:54:11,849 [pod_foster.py] => SNet: Task 1, Epoch 36/120 => Loss 1.152,  Train_accy 92.82, Test_accy 78.71
2024-10-25 15:54:21,089 [pod_foster.py] => SNet: Task 1, Epoch 41/120 => Loss 1.150,  Train_accy 93.27, Test_accy 79.12
2024-10-25 15:54:30,371 [pod_foster.py] => SNet: Task 1, Epoch 46/120 => Loss 1.149,  Train_accy 93.49, Test_accy 78.79
2024-10-25 15:54:39,656 [pod_foster.py] => SNet: Task 1, Epoch 51/120 => Loss 1.149,  Train_accy 93.22, Test_accy 79.02
2024-10-25 15:54:49,027 [pod_foster.py] => SNet: Task 1, Epoch 56/120 => Loss 1.147,  Train_accy 93.49, Test_accy 79.38
2024-10-25 15:54:58,328 [pod_foster.py] => SNet: Task 1, Epoch 61/120 => Loss 1.149,  Train_accy 93.53, Test_accy 79.43
2024-10-25 15:55:07,430 [pod_foster.py] => SNet: Task 1, Epoch 66/120 => Loss 1.150,  Train_accy 93.80, Test_accy 78.93
2024-10-25 15:55:16,546 [pod_foster.py] => SNet: Task 1, Epoch 71/120 => Loss 1.151,  Train_accy 93.53, Test_accy 79.95
2024-10-25 15:55:25,817 [pod_foster.py] => SNet: Task 1, Epoch 76/120 => Loss 1.149,  Train_accy 93.60, Test_accy 79.74
2024-10-25 15:55:34,863 [pod_foster.py] => SNet: Task 1, Epoch 81/120 => Loss 1.148,  Train_accy 93.13, Test_accy 79.90
2024-10-25 15:55:44,191 [pod_foster.py] => SNet: Task 1, Epoch 86/120 => Loss 1.149,  Train_accy 93.62, Test_accy 79.83
2024-10-25 15:55:53,339 [pod_foster.py] => SNet: Task 1, Epoch 91/120 => Loss 1.150,  Train_accy 93.47, Test_accy 80.12
2024-10-25 15:56:02,322 [pod_foster.py] => SNet: Task 1, Epoch 96/120 => Loss 1.148,  Train_accy 93.71, Test_accy 79.90
2024-10-25 15:56:12,099 [pod_foster.py] => SNet: Task 1, Epoch 101/120 => Loss 1.145,  Train_accy 93.71, Test_accy 79.93
2024-10-25 15:56:21,432 [pod_foster.py] => SNet: Task 1, Epoch 106/120 => Loss 1.147,  Train_accy 93.80, Test_accy 80.02
2024-10-25 15:56:30,627 [pod_foster.py] => SNet: Task 1, Epoch 111/120 => Loss 1.149,  Train_accy 93.93, Test_accy 80.24
2024-10-25 15:56:40,406 [pod_foster.py] => SNet: Task 1, Epoch 116/120 => Loss 1.147,  Train_accy 93.69, Test_accy 79.83
2024-10-25 15:56:47,464 [pod_foster.py] => SNet: Task 1, Epoch 120/120 => Loss 1.146,  Train_accy 93.71
2024-10-25 15:56:47,465 [pod_foster.py] => do not weight align student!
2024-10-25 15:56:48,182 [pod_foster.py] => darknet eval: 
2024-10-25 15:56:48,182 [pod_foster.py] => CNN top1 curve: 79.79
2024-10-25 15:56:48,182 [pod_foster.py] => CNN top5 curve: 98.64
2024-10-25 15:56:48,183 [pod_foster.py] => All params after compression: 3851086
2024-10-25 15:56:48,184 [base.py] => Reducing exemplars...(71 per classes)
2024-10-25 15:56:49,605 [base.py] => Constructing exemplars...(71 per classes)
2024-10-25 15:56:54,862 [trainer.py] => All params: 7701139
2024-10-25 15:56:57,193 [pod_foster.py] => Exemplar size: 497
2024-10-25 15:56:57,194 [trainer.py] => CNN: {'total': 80.81, '00-04': 80.53, '05-06': 81.5, 'old': 80.53, 'new': 81.5}
2024-10-25 15:56:57,194 [trainer.py] => NME: {'total': 73.93, '00-04': 79.0, '05-06': 61.25, 'old': 79.0, 'new': 61.25}
2024-10-25 15:56:57,194 [trainer.py] => CNN top1 curve: [89.93, 80.81]
2024-10-25 15:56:57,194 [trainer.py] => CNN top5 curve: [100.0, 98.5]
2024-10-25 15:56:57,194 [trainer.py] => NME top1 curve: [90.0, 73.93]
2024-10-25 15:56:57,194 [trainer.py] => NME top5 curve: [100.0, 98.93]

2024-10-25 15:56:57,194 [trainer.py] => Average Accuracy (CNN): 85.37
2024-10-25 15:56:57,194 [trainer.py] => Average Accuracy (NME): 81.965
2024-10-25 15:56:57,195 [trainer.py] => All params: 7701139
2024-10-25 15:56:57,196 [trainer.py] => Trainable params: 3854670
2024-10-25 15:56:57,258 [pod_foster.py] => Learning on 7-9
2024-10-25 15:56:57,259 [pod_foster.py] => All params: 7705241
2024-10-25 15:56:57,260 [pod_foster.py] => Trainable params: 3857746
2024-10-25 15:56:57,295 [pod_foster.py] => Adaptive factor: 2.1213203435596424
2024-10-25 15:56:57,305 [pod_foster.py] => per cls weights : [1.01239929 1.01239929 1.01239929 1.01239929 1.01239929 1.01239929
 1.01239929 0.95660248 0.95660248]
2024-10-25 15:57:00,362 [pod_foster.py] => Task 2, Epoch 1/150 => Loss 1.964, Loss_clf 0.635, Loss_fe 0.660, Loss_pod 0.455, Loss_flat 0.215, Train_accy 85.28, Test_accy 65.83
2024-10-25 15:57:10,809 [pod_foster.py] => Task 2, Epoch 6/150 => Loss 0.359, Loss_clf 0.015, Loss_fe 0.049, Loss_pod 0.234, Loss_flat 0.061, Train_accy 99.98, Test_accy 62.39
2024-10-25 15:57:21,595 [pod_foster.py] => Task 2, Epoch 11/150 => Loss 0.274, Loss_clf 0.012, Loss_fe 0.019, Loss_pod 0.201, Loss_flat 0.042, Train_accy 100.00, Test_accy 65.35
2024-10-25 15:57:32,011 [pod_foster.py] => Task 2, Epoch 16/150 => Loss 0.260, Loss_clf 0.009, Loss_fe 0.013, Loss_pod 0.197, Loss_flat 0.040, Train_accy 99.98, Test_accy 65.72
2024-10-25 15:57:43,057 [pod_foster.py] => Task 2, Epoch 21/150 => Loss 0.230, Loss_clf 0.008, Loss_fe 0.011, Loss_pod 0.177, Loss_flat 0.033, Train_accy 100.00, Test_accy 68.09
2024-10-25 15:57:53,689 [pod_foster.py] => Task 2, Epoch 26/150 => Loss 0.290, Loss_clf 0.013, Loss_fe 0.019, Loss_pod 0.210, Loss_flat 0.049, Train_accy 99.91, Test_accy 61.56
2024-10-25 15:58:04,177 [pod_foster.py] => Task 2, Epoch 31/150 => Loss 0.245, Loss_clf 0.008, Loss_fe 0.011, Loss_pod 0.186, Loss_flat 0.040, Train_accy 100.00, Test_accy 67.52
2024-10-25 15:58:14,345 [pod_foster.py] => Task 2, Epoch 36/150 => Loss 0.228, Loss_clf 0.008, Loss_fe 0.010, Loss_pod 0.175, Loss_flat 0.035, Train_accy 100.00, Test_accy 61.26
2024-10-25 15:58:24,894 [pod_foster.py] => Task 2, Epoch 41/150 => Loss 0.519, Loss_clf 0.027, Loss_fe 0.069, Loss_pod 0.323, Loss_flat 0.099, Train_accy 99.56, Test_accy 67.22
2024-10-25 15:58:35,249 [pod_foster.py] => Task 2, Epoch 46/150 => Loss 0.277, Loss_clf 0.008, Loss_fe 0.010, Loss_pod 0.215, Loss_flat 0.044, Train_accy 100.00, Test_accy 68.41
2024-10-25 15:58:45,738 [pod_foster.py] => Task 2, Epoch 51/150 => Loss 0.258, Loss_clf 0.008, Loss_fe 0.009, Loss_pod 0.208, Loss_flat 0.034, Train_accy 100.00, Test_accy 62.78
2024-10-25 15:58:55,907 [pod_foster.py] => Task 2, Epoch 56/150 => Loss 0.229, Loss_clf 0.008, Loss_fe 0.009, Loss_pod 0.180, Loss_flat 0.031, Train_accy 100.00, Test_accy 65.39
2024-10-25 15:59:06,243 [pod_foster.py] => Task 2, Epoch 61/150 => Loss 0.226, Loss_clf 0.008, Loss_fe 0.009, Loss_pod 0.177, Loss_flat 0.033, Train_accy 100.00, Test_accy 65.06
2024-10-25 15:59:16,579 [pod_foster.py] => Task 2, Epoch 66/150 => Loss 0.238, Loss_clf 0.008, Loss_fe 0.010, Loss_pod 0.182, Loss_flat 0.038, Train_accy 100.00, Test_accy 69.87
2024-10-25 15:59:26,922 [pod_foster.py] => Task 2, Epoch 71/150 => Loss 0.273, Loss_clf 0.014, Loss_fe 0.018, Loss_pod 0.193, Loss_flat 0.047, Train_accy 99.71, Test_accy 67.43
2024-10-25 15:59:37,345 [pod_foster.py] => Task 2, Epoch 76/150 => Loss 0.197, Loss_clf 0.007, Loss_fe 0.008, Loss_pod 0.152, Loss_flat 0.030, Train_accy 100.00, Test_accy 63.76
2024-10-25 15:59:47,629 [pod_foster.py] => Task 2, Epoch 81/150 => Loss 0.193, Loss_clf 0.007, Loss_fe 0.008, Loss_pod 0.147, Loss_flat 0.031, Train_accy 100.00, Test_accy 62.69
2024-10-25 15:59:57,930 [pod_foster.py] => Task 2, Epoch 86/150 => Loss 0.183, Loss_clf 0.006, Loss_fe 0.008, Loss_pod 0.141, Loss_flat 0.027, Train_accy 100.00, Test_accy 63.56
2024-10-25 16:00:08,404 [pod_foster.py] => Task 2, Epoch 91/150 => Loss 0.179, Loss_clf 0.007, Loss_fe 0.008, Loss_pod 0.137, Loss_flat 0.027, Train_accy 100.00, Test_accy 62.74
2024-10-25 16:00:18,541 [pod_foster.py] => Task 2, Epoch 96/150 => Loss 0.169, Loss_clf 0.006, Loss_fe 0.007, Loss_pod 0.129, Loss_flat 0.026, Train_accy 100.00, Test_accy 63.78
2024-10-25 16:00:28,935 [pod_foster.py] => Task 2, Epoch 101/150 => Loss 0.168, Loss_clf 0.007, Loss_fe 0.008, Loss_pod 0.126, Loss_flat 0.027, Train_accy 100.00, Test_accy 62.50
2024-10-25 16:00:39,404 [pod_foster.py] => Task 2, Epoch 106/150 => Loss 0.193, Loss_clf 0.008, Loss_fe 0.009, Loss_pod 0.141, Loss_flat 0.035, Train_accy 100.00, Test_accy 62.24
2024-10-25 16:00:49,971 [pod_foster.py] => Task 2, Epoch 111/150 => Loss 0.173, Loss_clf 0.007, Loss_fe 0.008, Loss_pod 0.129, Loss_flat 0.029, Train_accy 100.00, Test_accy 64.35
2024-10-25 16:01:00,223 [pod_foster.py] => Task 2, Epoch 116/150 => Loss 0.164, Loss_clf 0.008, Loss_fe 0.009, Loss_pod 0.118, Loss_flat 0.028, Train_accy 100.00, Test_accy 64.13
2024-10-25 16:01:10,251 [pod_foster.py] => Task 2, Epoch 121/150 => Loss 0.148, Loss_clf 0.006, Loss_fe 0.007, Loss_pod 0.109, Loss_flat 0.026, Train_accy 100.00, Test_accy 64.04
2024-10-25 16:01:20,495 [pod_foster.py] => Task 2, Epoch 126/150 => Loss 0.147, Loss_clf 0.006, Loss_fe 0.007, Loss_pod 0.107, Loss_flat 0.026, Train_accy 100.00, Test_accy 64.02
2024-10-25 16:01:30,592 [pod_foster.py] => Task 2, Epoch 131/150 => Loss 0.141, Loss_clf 0.007, Loss_fe 0.008, Loss_pod 0.101, Loss_flat 0.026, Train_accy 100.00, Test_accy 64.61
2024-10-25 16:01:40,775 [pod_foster.py] => Task 2, Epoch 136/150 => Loss 0.133, Loss_clf 0.006, Loss_fe 0.007, Loss_pod 0.095, Loss_flat 0.025, Train_accy 100.00, Test_accy 65.69
2024-10-25 16:01:50,999 [pod_foster.py] => Task 2, Epoch 141/150 => Loss 0.129, Loss_clf 0.006, Loss_fe 0.007, Loss_pod 0.091, Loss_flat 0.025, Train_accy 100.00, Test_accy 65.30
2024-10-25 16:02:01,234 [pod_foster.py] => Task 2, Epoch 146/150 => Loss 0.138, Loss_clf 0.007, Loss_fe 0.008, Loss_pod 0.097, Loss_flat 0.026, Train_accy 100.00, Test_accy 62.13
2024-10-25 16:02:08,414 [pod_foster.py] => Task 2, Epoch 150/150 => Loss 0.128, Loss_clf 0.006, Loss_fe 0.007, Loss_pod 0.090, Loss_flat 0.025, Train_accy 100.00
2024-10-25 16:02:08,416 [inc_net.py] => align weights, gamma = 0.4825032651424408 
2024-10-25 16:02:08,417 [pod_foster.py] => per cls weights : [1.02623168 1.02623168 1.02623168 1.02623168 1.02623168 1.02623168
 1.02623168 0.90818914 0.90818914]
2024-10-25 16:02:10,949 [pod_foster.py] => SNet: Task 2, Epoch 1/120 => Loss 1.648,  Train_accy 71.25, Test_accy 67.35
2024-10-25 16:02:20,252 [pod_foster.py] => SNet: Task 2, Epoch 6/120 => Loss 1.457,  Train_accy 93.48, Test_accy 73.76
2024-10-25 16:02:29,641 [pod_foster.py] => SNet: Task 2, Epoch 11/120 => Loss 1.460,  Train_accy 94.37, Test_accy 74.28
2024-10-25 16:02:39,050 [pod_foster.py] => SNet: Task 2, Epoch 16/120 => Loss 1.454,  Train_accy 94.82, Test_accy 74.89
2024-10-25 16:02:48,129 [pod_foster.py] => SNet: Task 2, Epoch 21/120 => Loss 1.456,  Train_accy 94.73, Test_accy 74.33
2024-10-25 16:02:57,369 [pod_foster.py] => SNet: Task 2, Epoch 26/120 => Loss 1.455,  Train_accy 95.31, Test_accy 76.07
2024-10-25 16:03:06,514 [pod_foster.py] => SNet: Task 2, Epoch 31/120 => Loss 1.451,  Train_accy 94.86, Test_accy 76.54
2024-10-25 16:03:15,679 [pod_foster.py] => SNet: Task 2, Epoch 36/120 => Loss 1.452,  Train_accy 95.02, Test_accy 77.09
2024-10-25 16:03:24,714 [pod_foster.py] => SNet: Task 2, Epoch 41/120 => Loss 1.450,  Train_accy 95.13, Test_accy 77.37
2024-10-25 16:03:33,975 [pod_foster.py] => SNet: Task 2, Epoch 46/120 => Loss 1.451,  Train_accy 95.64, Test_accy 76.74
2024-10-25 16:03:43,598 [pod_foster.py] => SNet: Task 2, Epoch 51/120 => Loss 1.452,  Train_accy 94.84, Test_accy 76.26
2024-10-25 16:03:53,036 [pod_foster.py] => SNet: Task 2, Epoch 56/120 => Loss 1.452,  Train_accy 94.93, Test_accy 77.11
2024-10-25 16:04:02,450 [pod_foster.py] => SNet: Task 2, Epoch 61/120 => Loss 1.452,  Train_accy 95.22, Test_accy 76.80
2024-10-25 16:04:11,672 [pod_foster.py] => SNet: Task 2, Epoch 66/120 => Loss 1.448,  Train_accy 95.64, Test_accy 77.74
2024-10-25 16:04:20,787 [pod_foster.py] => SNet: Task 2, Epoch 71/120 => Loss 1.451,  Train_accy 95.53, Test_accy 77.35
2024-10-25 16:04:29,929 [pod_foster.py] => SNet: Task 2, Epoch 76/120 => Loss 1.452,  Train_accy 95.13, Test_accy 77.11
2024-10-25 16:04:39,484 [pod_foster.py] => SNet: Task 2, Epoch 81/120 => Loss 1.453,  Train_accy 95.40, Test_accy 77.17
2024-10-25 16:04:48,741 [pod_foster.py] => SNet: Task 2, Epoch 86/120 => Loss 1.446,  Train_accy 95.42, Test_accy 76.70
2024-10-25 16:04:58,216 [pod_foster.py] => SNet: Task 2, Epoch 91/120 => Loss 1.450,  Train_accy 95.53, Test_accy 77.28
2024-10-25 16:05:07,578 [pod_foster.py] => SNet: Task 2, Epoch 96/120 => Loss 1.445,  Train_accy 95.57, Test_accy 77.37
2024-10-25 16:05:16,798 [pod_foster.py] => SNet: Task 2, Epoch 101/120 => Loss 1.447,  Train_accy 95.44, Test_accy 77.28
2024-10-25 16:05:26,143 [pod_foster.py] => SNet: Task 2, Epoch 106/120 => Loss 1.449,  Train_accy 95.11, Test_accy 77.46
2024-10-25 16:05:35,465 [pod_foster.py] => SNet: Task 2, Epoch 111/120 => Loss 1.449,  Train_accy 95.80, Test_accy 77.61
2024-10-25 16:05:44,934 [pod_foster.py] => SNet: Task 2, Epoch 116/120 => Loss 1.451,  Train_accy 95.51, Test_accy 76.96
2024-10-25 16:05:51,640 [pod_foster.py] => SNet: Task 2, Epoch 120/120 => Loss 1.449,  Train_accy 95.53
2024-10-25 16:05:51,641 [pod_foster.py] => do not weight align student!
2024-10-25 16:05:52,468 [pod_foster.py] => darknet eval: 
2024-10-25 16:05:52,469 [pod_foster.py] => CNN top1 curve: 77.83
2024-10-25 16:05:52,469 [pod_foster.py] => CNN top5 curve: 96.59
2024-10-25 16:05:52,470 [pod_foster.py] => All params after compression: 3853138
2024-10-25 16:05:52,470 [base.py] => Reducing exemplars...(55 per classes)
2024-10-25 16:05:54,070 [base.py] => Constructing exemplars...(55 per classes)
2024-10-25 16:05:57,243 [trainer.py] => All params: 7705241
2024-10-25 16:05:59,676 [pod_foster.py] => Exemplar size: 495
2024-10-25 16:05:59,676 [trainer.py] => CNN: {'total': 76.22, '00-04': 66.67, '05-06': 88.33, '07-08': 88.0, 'old': 72.86, 'new': 88.0}
2024-10-25 16:05:59,676 [trainer.py] => NME: {'total': 73.22, '00-04': 68.97, '05-06': 75.67, '07-08': 81.42, 'old': 70.88, 'new': 81.42}
2024-10-25 16:05:59,676 [trainer.py] => CNN top1 curve: [89.93, 80.81, 76.22]
2024-10-25 16:05:59,676 [trainer.py] => CNN top5 curve: [100.0, 98.5, 96.5]
2024-10-25 16:05:59,676 [trainer.py] => NME top1 curve: [90.0, 73.93, 73.22]
2024-10-25 16:05:59,676 [trainer.py] => NME top5 curve: [100.0, 98.93, 96.5]

2024-10-25 16:05:59,676 [trainer.py] => Average Accuracy (CNN): 82.32000000000001
2024-10-25 16:05:59,677 [trainer.py] => Average Accuracy (NME): 79.05
2024-10-25 16:05:59,677 [trainer.py] => Forgetting (CNN): 11.630000000000003
