2024-10-25 17:34:39,169 [trainer.py] => config: ./exps/POD_foster.json
2024-10-25 17:34:39,170 [trainer.py] => prefix: cil
2024-10-25 17:34:39,170 [trainer.py] => dataset: hrrp9
2024-10-25 17:34:39,170 [trainer.py] => memory_size: 500
2024-10-25 17:34:39,170 [trainer.py] => memory_per_class: 20
2024-10-25 17:34:39,170 [trainer.py] => fixed_memory: False
2024-10-25 17:34:39,170 [trainer.py] => shuffle: True
2024-10-25 17:34:39,170 [trainer.py] => init_cls: 5
2024-10-25 17:34:39,170 [trainer.py] => increment: 2
2024-10-25 17:34:39,170 [trainer.py] => model_name: POD_foster
2024-10-25 17:34:39,170 [trainer.py] => convnet_type: resnet18
2024-10-25 17:34:39,170 [trainer.py] => init_train: False
2024-10-25 17:34:39,170 [trainer.py] => convnet_path1: checkpoints/init_train/resnet18_35172.pth
2024-10-25 17:34:39,170 [trainer.py] => fc_path1: checkpoints/init_train/fc_35172.pth
2024-10-25 17:34:39,171 [trainer.py] => convnet_path: checkpoints/init_train/resnet18_42503.pth
2024-10-25 17:34:39,171 [trainer.py] => fc_path: checkpoints/init_train/fc_42503.pth
2024-10-25 17:34:39,171 [trainer.py] => device: [device(type='cuda', index=4)]
2024-10-25 17:34:39,171 [trainer.py] => seed: 1993
2024-10-25 17:34:39,171 [trainer.py] => beta1: 0.96
2024-10-25 17:34:39,171 [trainer.py] => beta2: 0.97
2024-10-25 17:34:39,171 [trainer.py] => oofc: ft
2024-10-25 17:34:39,171 [trainer.py] => is_teacher_wa: True
2024-10-25 17:34:39,171 [trainer.py] => is_student_wa: False
2024-10-25 17:34:39,171 [trainer.py] => lambda_okd: 0
2024-10-25 17:34:39,171 [trainer.py] => wa_value: 1
2024-10-25 17:34:39,171 [trainer.py] => init_epochs: 0
2024-10-25 17:34:39,171 [trainer.py] => init_lr: 0.1
2024-10-25 17:34:39,171 [trainer.py] => init_weight_decay: 0.0005
2024-10-25 17:34:39,171 [trainer.py] => boosting_epochs: 150
2024-10-25 17:34:39,171 [trainer.py] => compression_epochs: 120
2024-10-25 17:34:39,172 [trainer.py] => lr: 0.1
2024-10-25 17:34:39,172 [trainer.py] => batch_size: 128
2024-10-25 17:34:39,172 [trainer.py] => weight_decay: 0.0005
2024-10-25 17:34:39,172 [trainer.py] => num_workers: 8
2024-10-25 17:34:39,172 [trainer.py] => momentum: 0.9
2024-10-25 17:34:39,172 [trainer.py] => T: 2
2024-10-25 17:34:39,172 [trainer.py] => lambda_c_base: 0
2024-10-25 17:34:39,172 [trainer.py] => lambda_f_base: 1.0
2024-10-25 17:34:39,172 [trainer.py] => POD: w
2024-10-25 17:34:39,990 [data_manager.py] => [4, 2, 5, 0, 3, 6, 7, 8, 1]
2024-10-25 17:34:40,040 [trainer.py] => All params: 0
2024-10-25 17:34:40,040 [trainer.py] => Trainable params: 0
2024-10-25 17:34:41,306 [pod_foster.py] => Learning on 0-5
2024-10-25 17:34:41,306 [pod_foster.py] => All params: 3849034
2024-10-25 17:34:41,307 [pod_foster.py] => Trainable params: 3849034
2024-10-25 17:34:41,365 [pod_foster.py] => Adaptive factor: 0
2024-10-25 17:34:41,592 [pod_foster.py] => init_train?---False
2024-10-25 17:34:42,649 [base.py] => Reducing exemplars...(100 per classes)
2024-10-25 17:34:42,650 [base.py] => Constructing exemplars...(100 per classes)
2024-10-25 17:34:48,560 [trainer.py] => All params: 3849034
2024-10-25 17:34:49,781 [pod_foster.py] => Exemplar size: 500
2024-10-25 17:34:49,781 [trainer.py] => CNN: {'total': 89.93, '00-04': 89.93, 'old': 0, 'new': 89.93}
2024-10-25 17:34:49,782 [trainer.py] => NME: {'total': 90.0, '00-04': 90.0, 'old': 0, 'new': 90.0}
2024-10-25 17:34:49,782 [trainer.py] => CNN top1 curve: [89.93]
2024-10-25 17:34:49,782 [trainer.py] => CNN top5 curve: [100.0]
2024-10-25 17:34:49,782 [trainer.py] => NME top1 curve: [90.0]
2024-10-25 17:34:49,782 [trainer.py] => NME top5 curve: [100.0]

2024-10-25 17:34:49,782 [trainer.py] => Average Accuracy (CNN): 89.93
2024-10-25 17:34:49,782 [trainer.py] => Average Accuracy (NME): 90.0
2024-10-25 17:34:49,782 [trainer.py] => All params: 3849034
2024-10-25 17:34:49,783 [trainer.py] => Trainable params: 3849034
2024-10-25 17:34:49,825 [pod_foster.py] => Learning on 5-7
2024-10-25 17:34:49,826 [pod_foster.py] => All params: 7701139
2024-10-25 17:34:49,827 [pod_foster.py] => Trainable params: 3854670
2024-10-25 17:34:49,850 [pod_foster.py] => Adaptive factor: 1.8708286933869707
2024-10-25 17:34:49,859 [pod_foster.py] => per cls weights : [1.00484344 1.00484344 1.00484344 1.00484344 1.00484344 0.98789141
 0.98789141]
2024-10-25 17:34:52,937 [pod_foster.py] => Task 1, Epoch 1/150 => Loss 1.685, Loss_clf 0.718, Loss_fe 0.708, Loss_pod 0.000, Loss_flat 0.259, Train_accy 82.44, Test_accy 43.07
2024-10-25 17:35:02,533 [pod_foster.py] => Task 1, Epoch 6/150 => Loss 0.303, Loss_clf 0.048, Loss_fe 0.121, Loss_pod 0.000, Loss_flat 0.134, Train_accy 98.87, Test_accy 69.50
2024-10-25 17:35:12,102 [pod_foster.py] => Task 1, Epoch 11/150 => Loss 0.125, Loss_clf 0.015, Loss_fe 0.022, Loss_pod 0.000, Loss_flat 0.088, Train_accy 99.82, Test_accy 67.76
2024-10-25 17:35:21,609 [pod_foster.py] => Task 1, Epoch 16/150 => Loss 0.062, Loss_clf 0.005, Loss_fe 0.006, Loss_pod 0.000, Loss_flat 0.050, Train_accy 100.00, Test_accy 70.10
2024-10-25 17:35:30,808 [pod_foster.py] => Task 1, Epoch 21/150 => Loss 0.061, Loss_clf 0.008, Loss_fe 0.009, Loss_pod 0.000, Loss_flat 0.044, Train_accy 99.96, Test_accy 57.17
2024-10-25 17:35:40,266 [pod_foster.py] => Task 1, Epoch 26/150 => Loss 0.321, Loss_clf 0.050, Loss_fe 0.120, Loss_pod 0.000, Loss_flat 0.150, Train_accy 98.67, Test_accy 67.02
2024-10-25 17:35:49,861 [pod_foster.py] => Task 1, Epoch 31/150 => Loss 0.119, Loss_clf 0.012, Loss_fe 0.016, Loss_pod 0.000, Loss_flat 0.091, Train_accy 99.87, Test_accy 69.17
2024-10-25 17:35:59,238 [pod_foster.py] => Task 1, Epoch 36/150 => Loss 0.062, Loss_clf 0.005, Loss_fe 0.005, Loss_pod 0.000, Loss_flat 0.052, Train_accy 100.00, Test_accy 69.33
2024-10-25 17:36:08,486 [pod_foster.py] => Task 1, Epoch 41/150 => Loss 0.051, Loss_clf 0.004, Loss_fe 0.005, Loss_pod 0.000, Loss_flat 0.042, Train_accy 100.00, Test_accy 68.79
2024-10-25 17:36:17,809 [pod_foster.py] => Task 1, Epoch 46/150 => Loss 0.044, Loss_clf 0.004, Loss_fe 0.004, Loss_pod 0.000, Loss_flat 0.035, Train_accy 100.00, Test_accy 68.93
2024-10-25 17:36:26,966 [pod_foster.py] => Task 1, Epoch 51/150 => Loss 0.041, Loss_clf 0.004, Loss_fe 0.004, Loss_pod 0.000, Loss_flat 0.033, Train_accy 100.00, Test_accy 69.38
2024-10-25 17:36:36,244 [pod_foster.py] => Task 1, Epoch 56/150 => Loss 0.038, Loss_clf 0.004, Loss_fe 0.004, Loss_pod 0.000, Loss_flat 0.030, Train_accy 100.00, Test_accy 69.64
2024-10-25 17:36:45,559 [pod_foster.py] => Task 1, Epoch 61/150 => Loss 0.039, Loss_clf 0.004, Loss_fe 0.004, Loss_pod 0.000, Loss_flat 0.031, Train_accy 100.00, Test_accy 69.57
2024-10-25 17:36:54,945 [pod_foster.py] => Task 1, Epoch 66/150 => Loss 0.039, Loss_clf 0.004, Loss_fe 0.005, Loss_pod 0.000, Loss_flat 0.030, Train_accy 100.00, Test_accy 67.10
2024-10-25 17:37:04,387 [pod_foster.py] => Task 1, Epoch 71/150 => Loss 0.033, Loss_clf 0.003, Loss_fe 0.004, Loss_pod 0.000, Loss_flat 0.026, Train_accy 100.00, Test_accy 69.74
2024-10-25 17:37:13,708 [pod_foster.py] => Task 1, Epoch 76/150 => Loss 0.032, Loss_clf 0.003, Loss_fe 0.004, Loss_pod 0.000, Loss_flat 0.025, Train_accy 100.00, Test_accy 68.71
2024-10-25 17:37:23,052 [pod_foster.py] => Task 1, Epoch 81/150 => Loss 0.031, Loss_clf 0.003, Loss_fe 0.004, Loss_pod 0.000, Loss_flat 0.024, Train_accy 100.00, Test_accy 69.05
2024-10-25 17:37:32,164 [pod_foster.py] => Task 1, Epoch 86/150 => Loss 0.031, Loss_clf 0.003, Loss_fe 0.004, Loss_pod 0.000, Loss_flat 0.024, Train_accy 100.00, Test_accy 68.00
2024-10-25 17:37:41,714 [pod_foster.py] => Task 1, Epoch 91/150 => Loss 0.030, Loss_clf 0.003, Loss_fe 0.004, Loss_pod 0.000, Loss_flat 0.023, Train_accy 100.00, Test_accy 68.57
2024-10-25 17:37:50,830 [pod_foster.py] => Task 1, Epoch 96/150 => Loss 0.042, Loss_clf 0.004, Loss_fe 0.005, Loss_pod 0.000, Loss_flat 0.032, Train_accy 100.00, Test_accy 68.93
2024-10-25 17:37:59,831 [pod_foster.py] => Task 1, Epoch 101/150 => Loss 0.031, Loss_clf 0.003, Loss_fe 0.004, Loss_pod 0.000, Loss_flat 0.023, Train_accy 100.00, Test_accy 68.52
2024-10-25 17:38:08,966 [pod_foster.py] => Task 1, Epoch 106/150 => Loss 0.030, Loss_clf 0.003, Loss_fe 0.004, Loss_pod 0.000, Loss_flat 0.022, Train_accy 100.00, Test_accy 68.14
2024-10-25 17:38:18,428 [pod_foster.py] => Task 1, Epoch 111/150 => Loss 0.030, Loss_clf 0.003, Loss_fe 0.004, Loss_pod 0.000, Loss_flat 0.023, Train_accy 100.00, Test_accy 67.81
2024-10-25 17:38:28,180 [pod_foster.py] => Task 1, Epoch 116/150 => Loss 0.029, Loss_clf 0.004, Loss_fe 0.004, Loss_pod 0.000, Loss_flat 0.021, Train_accy 100.00, Test_accy 69.24
2024-10-25 17:38:37,807 [pod_foster.py] => Task 1, Epoch 121/150 => Loss 0.028, Loss_clf 0.003, Loss_fe 0.004, Loss_pod 0.000, Loss_flat 0.021, Train_accy 100.00, Test_accy 68.19
2024-10-25 17:38:46,817 [pod_foster.py] => Task 1, Epoch 126/150 => Loss 0.028, Loss_clf 0.003, Loss_fe 0.004, Loss_pod 0.000, Loss_flat 0.021, Train_accy 100.00, Test_accy 67.79
2024-10-25 17:38:56,059 [pod_foster.py] => Task 1, Epoch 131/150 => Loss 0.028, Loss_clf 0.003, Loss_fe 0.003, Loss_pod 0.000, Loss_flat 0.021, Train_accy 100.00, Test_accy 68.02
2024-10-25 17:39:05,023 [pod_foster.py] => Task 1, Epoch 136/150 => Loss 0.027, Loss_clf 0.003, Loss_fe 0.004, Loss_pod 0.000, Loss_flat 0.021, Train_accy 100.00, Test_accy 68.38
2024-10-25 17:39:14,047 [pod_foster.py] => Task 1, Epoch 141/150 => Loss 0.028, Loss_clf 0.003, Loss_fe 0.004, Loss_pod 0.000, Loss_flat 0.021, Train_accy 100.00, Test_accy 68.26
2024-10-25 17:39:23,191 [pod_foster.py] => Task 1, Epoch 146/150 => Loss 0.028, Loss_clf 0.003, Loss_fe 0.004, Loss_pod 0.000, Loss_flat 0.021, Train_accy 100.00, Test_accy 68.76
2024-10-25 17:39:30,172 [pod_foster.py] => Task 1, Epoch 150/150 => Loss 0.028, Loss_clf 0.003, Loss_fe 0.004, Loss_pod 0.000, Loss_flat 0.021, Train_accy 100.00
2024-10-25 17:39:30,173 [inc_net.py] => align weights, gamma = 0.5326780080795288 
2024-10-25 17:39:30,174 [pod_foster.py] => per cls weights : [1.01377356 1.01377356 1.01377356 1.01377356 1.01377356 0.96556609
 0.96556609]
2024-10-25 17:39:32,438 [pod_foster.py] => SNet: Task 1, Epoch 1/120 => Loss 1.269,  Train_accy 70.27, Test_accy 63.98
2024-10-25 17:39:40,943 [pod_foster.py] => SNet: Task 1, Epoch 6/120 => Loss 0.966,  Train_accy 96.04, Test_accy 74.83
2024-10-25 17:39:48,730 [pod_foster.py] => SNet: Task 1, Epoch 11/120 => Loss 0.958,  Train_accy 96.76, Test_accy 74.88
2024-10-25 17:39:57,346 [pod_foster.py] => SNet: Task 1, Epoch 16/120 => Loss 0.951,  Train_accy 96.96, Test_accy 77.02
2024-10-25 17:40:05,800 [pod_foster.py] => SNet: Task 1, Epoch 21/120 => Loss 0.952,  Train_accy 97.24, Test_accy 77.14
2024-10-25 17:40:14,237 [pod_foster.py] => SNet: Task 1, Epoch 26/120 => Loss 0.949,  Train_accy 97.47, Test_accy 76.67
2024-10-25 17:40:22,598 [pod_foster.py] => SNet: Task 1, Epoch 31/120 => Loss 0.951,  Train_accy 97.44, Test_accy 76.86
2024-10-25 17:40:30,907 [pod_foster.py] => SNet: Task 1, Epoch 36/120 => Loss 0.950,  Train_accy 97.40, Test_accy 76.14
2024-10-25 17:40:39,482 [pod_foster.py] => SNet: Task 1, Epoch 41/120 => Loss 0.947,  Train_accy 97.76, Test_accy 76.88
2024-10-25 17:40:47,920 [pod_foster.py] => SNet: Task 1, Epoch 46/120 => Loss 0.945,  Train_accy 97.33, Test_accy 76.40
2024-10-25 17:40:56,291 [pod_foster.py] => SNet: Task 1, Epoch 51/120 => Loss 0.946,  Train_accy 97.87, Test_accy 76.55
2024-10-25 17:41:05,217 [pod_foster.py] => SNet: Task 1, Epoch 56/120 => Loss 0.945,  Train_accy 97.36, Test_accy 76.83
2024-10-25 17:41:14,022 [pod_foster.py] => SNet: Task 1, Epoch 61/120 => Loss 0.946,  Train_accy 97.67, Test_accy 77.07
2024-10-25 17:41:22,929 [pod_foster.py] => SNet: Task 1, Epoch 66/120 => Loss 0.946,  Train_accy 97.93, Test_accy 76.24
2024-10-25 17:41:31,225 [pod_foster.py] => SNet: Task 1, Epoch 71/120 => Loss 0.946,  Train_accy 97.67, Test_accy 78.02
2024-10-25 17:41:39,776 [pod_foster.py] => SNet: Task 1, Epoch 76/120 => Loss 0.945,  Train_accy 97.80, Test_accy 77.86
2024-10-25 17:41:48,556 [pod_foster.py] => SNet: Task 1, Epoch 81/120 => Loss 0.943,  Train_accy 97.56, Test_accy 77.60
2024-10-25 17:41:57,340 [pod_foster.py] => SNet: Task 1, Epoch 86/120 => Loss 0.944,  Train_accy 97.93, Test_accy 77.81
2024-10-25 17:42:06,124 [pod_foster.py] => SNet: Task 1, Epoch 91/120 => Loss 0.946,  Train_accy 98.11, Test_accy 77.86
2024-10-25 17:42:15,063 [pod_foster.py] => SNet: Task 1, Epoch 96/120 => Loss 0.943,  Train_accy 98.11, Test_accy 77.12
2024-10-25 17:42:23,462 [pod_foster.py] => SNet: Task 1, Epoch 101/120 => Loss 0.942,  Train_accy 97.96, Test_accy 77.64
2024-10-25 17:42:32,114 [pod_foster.py] => SNet: Task 1, Epoch 106/120 => Loss 0.944,  Train_accy 97.93, Test_accy 77.64
2024-10-25 17:42:40,481 [pod_foster.py] => SNet: Task 1, Epoch 111/120 => Loss 0.945,  Train_accy 97.91, Test_accy 78.48
2024-10-25 17:42:48,800 [pod_foster.py] => SNet: Task 1, Epoch 116/120 => Loss 0.943,  Train_accy 97.89, Test_accy 77.57
2024-10-25 17:42:54,834 [pod_foster.py] => SNet: Task 1, Epoch 120/120 => Loss 0.943,  Train_accy 97.87
2024-10-25 17:42:54,834 [pod_foster.py] => do not weight align student!
2024-10-25 17:42:55,495 [pod_foster.py] => darknet eval: 
2024-10-25 17:42:55,495 [pod_foster.py] => CNN top1 curve: 77.88
2024-10-25 17:42:55,495 [pod_foster.py] => CNN top5 curve: 98.4
2024-10-25 17:42:55,496 [pod_foster.py] => All params after compression: 3851086
2024-10-25 17:42:55,497 [base.py] => Reducing exemplars...(71 per classes)
2024-10-25 17:42:56,749 [base.py] => Constructing exemplars...(71 per classes)
2024-10-25 17:43:00,086 [trainer.py] => All params: 7701139
2024-10-25 17:43:01,886 [pod_foster.py] => Exemplar size: 497
2024-10-25 17:43:01,887 [trainer.py] => CNN: {'total': 80.05, '00-04': 77.4, '05-06': 86.67, 'old': 77.4, 'new': 86.67}
2024-10-25 17:43:01,887 [trainer.py] => NME: {'total': 72.79, '00-04': 75.57, '05-06': 65.83, 'old': 75.57, 'new': 65.83}
2024-10-25 17:43:01,887 [trainer.py] => CNN top1 curve: [89.93, 80.05]
2024-10-25 17:43:01,887 [trainer.py] => CNN top5 curve: [100.0, 98.45]
2024-10-25 17:43:01,887 [trainer.py] => NME top1 curve: [90.0, 72.79]
2024-10-25 17:43:01,887 [trainer.py] => NME top5 curve: [100.0, 98.69]

2024-10-25 17:43:01,887 [trainer.py] => Average Accuracy (CNN): 84.99000000000001
2024-10-25 17:43:01,887 [trainer.py] => Average Accuracy (NME): 81.39500000000001
2024-10-25 17:43:01,888 [trainer.py] => All params: 7701139
2024-10-25 17:43:01,889 [trainer.py] => Trainable params: 3854670
2024-10-25 17:43:01,946 [pod_foster.py] => Learning on 7-9
2024-10-25 17:43:01,947 [pod_foster.py] => All params: 7705241
2024-10-25 17:43:01,948 [pod_foster.py] => Trainable params: 3857746
2024-10-25 17:43:01,975 [pod_foster.py] => Adaptive factor: 2.1213203435596424
2024-10-25 17:43:01,985 [pod_foster.py] => per cls weights : [1.01239929 1.01239929 1.01239929 1.01239929 1.01239929 1.01239929
 1.01239929 0.95660248 0.95660248]
2024-10-25 17:43:05,601 [pod_foster.py] => Task 2, Epoch 1/150 => Loss 1.660, Loss_clf 0.698, Loss_fe 0.698, Loss_pod 0.000, Loss_flat 0.264, Train_accy 84.88, Test_accy 47.63
2024-10-25 17:43:15,100 [pod_foster.py] => Task 2, Epoch 6/150 => Loss 0.203, Loss_clf 0.016, Loss_fe 0.092, Loss_pod 0.000, Loss_flat 0.095, Train_accy 99.80, Test_accy 64.89
2024-10-25 17:43:24,775 [pod_foster.py] => Task 2, Epoch 11/150 => Loss 0.140, Loss_clf 0.016, Loss_fe 0.036, Loss_pod 0.000, Loss_flat 0.088, Train_accy 99.89, Test_accy 71.13
2024-10-25 17:43:34,448 [pod_foster.py] => Task 2, Epoch 16/150 => Loss 0.092, Loss_clf 0.006, Loss_fe 0.011, Loss_pod 0.000, Loss_flat 0.074, Train_accy 99.98, Test_accy 67.63
2024-10-25 17:43:44,002 [pod_foster.py] => Task 2, Epoch 21/150 => Loss 0.052, Loss_clf 0.004, Loss_fe 0.006, Loss_pod 0.000, Loss_flat 0.042, Train_accy 100.00, Test_accy 68.09
2024-10-25 17:43:53,705 [pod_foster.py] => Task 2, Epoch 26/150 => Loss 0.049, Loss_clf 0.004, Loss_fe 0.006, Loss_pod 0.000, Loss_flat 0.039, Train_accy 100.00, Test_accy 68.48
2024-10-25 17:44:03,251 [pod_foster.py] => Task 2, Epoch 31/150 => Loss 0.070, Loss_clf 0.006, Loss_fe 0.009, Loss_pod 0.000, Loss_flat 0.055, Train_accy 99.98, Test_accy 68.30
2024-10-25 17:44:12,981 [pod_foster.py] => Task 2, Epoch 36/150 => Loss 0.075, Loss_clf 0.009, Loss_fe 0.013, Loss_pod 0.000, Loss_flat 0.053, Train_accy 99.89, Test_accy 66.22
2024-10-25 17:44:22,418 [pod_foster.py] => Task 2, Epoch 41/150 => Loss 0.115, Loss_clf 0.010, Loss_fe 0.020, Loss_pod 0.000, Loss_flat 0.085, Train_accy 99.89, Test_accy 69.31
2024-10-25 17:44:31,961 [pod_foster.py] => Task 2, Epoch 46/150 => Loss 0.068, Loss_clf 0.005, Loss_fe 0.006, Loss_pod 0.000, Loss_flat 0.057, Train_accy 99.98, Test_accy 67.91
2024-10-25 17:44:41,537 [pod_foster.py] => Task 2, Epoch 51/150 => Loss 0.045, Loss_clf 0.004, Loss_fe 0.004, Loss_pod 0.000, Loss_flat 0.036, Train_accy 100.00, Test_accy 67.19
2024-10-25 17:44:51,066 [pod_foster.py] => Task 2, Epoch 56/150 => Loss 0.042, Loss_clf 0.005, Loss_fe 0.005, Loss_pod 0.000, Loss_flat 0.032, Train_accy 100.00, Test_accy 62.44
2024-10-25 17:45:00,587 [pod_foster.py] => Task 2, Epoch 61/150 => Loss 0.041, Loss_clf 0.004, Loss_fe 0.004, Loss_pod 0.000, Loss_flat 0.033, Train_accy 100.00, Test_accy 66.93
2024-10-25 17:45:10,071 [pod_foster.py] => Task 2, Epoch 66/150 => Loss 0.066, Loss_clf 0.006, Loss_fe 0.010, Loss_pod 0.000, Loss_flat 0.049, Train_accy 99.98, Test_accy 69.87
2024-10-25 17:45:19,810 [pod_foster.py] => Task 2, Epoch 71/150 => Loss 0.047, Loss_clf 0.004, Loss_fe 0.005, Loss_pod 0.000, Loss_flat 0.038, Train_accy 100.00, Test_accy 68.52
2024-10-25 17:45:29,177 [pod_foster.py] => Task 2, Epoch 76/150 => Loss 0.036, Loss_clf 0.003, Loss_fe 0.004, Loss_pod 0.000, Loss_flat 0.028, Train_accy 100.00, Test_accy 67.09
2024-10-25 17:45:38,770 [pod_foster.py] => Task 2, Epoch 81/150 => Loss 0.037, Loss_clf 0.003, Loss_fe 0.004, Loss_pod 0.000, Loss_flat 0.029, Train_accy 100.00, Test_accy 67.81
2024-10-25 17:45:48,356 [pod_foster.py] => Task 2, Epoch 86/150 => Loss 0.033, Loss_clf 0.004, Loss_fe 0.004, Loss_pod 0.000, Loss_flat 0.025, Train_accy 100.00, Test_accy 66.93
2024-10-25 17:45:57,875 [pod_foster.py] => Task 2, Epoch 91/150 => Loss 0.032, Loss_clf 0.004, Loss_fe 0.004, Loss_pod 0.000, Loss_flat 0.025, Train_accy 100.00, Test_accy 66.93
2024-10-25 17:46:07,441 [pod_foster.py] => Task 2, Epoch 96/150 => Loss 0.031, Loss_clf 0.003, Loss_fe 0.003, Loss_pod 0.000, Loss_flat 0.024, Train_accy 100.00, Test_accy 66.94
2024-10-25 17:46:17,316 [pod_foster.py] => Task 2, Epoch 101/150 => Loss 0.032, Loss_clf 0.003, Loss_fe 0.004, Loss_pod 0.000, Loss_flat 0.025, Train_accy 100.00, Test_accy 66.54
2024-10-25 17:46:26,838 [pod_foster.py] => Task 2, Epoch 106/150 => Loss 0.063, Loss_clf 0.005, Loss_fe 0.007, Loss_pod 0.000, Loss_flat 0.051, Train_accy 100.00, Test_accy 67.46
2024-10-25 17:46:36,442 [pod_foster.py] => Task 2, Epoch 111/150 => Loss 0.039, Loss_clf 0.004, Loss_fe 0.004, Loss_pod 0.000, Loss_flat 0.030, Train_accy 100.00, Test_accy 67.20
2024-10-25 17:46:46,123 [pod_foster.py] => Task 2, Epoch 116/150 => Loss 0.038, Loss_clf 0.005, Loss_fe 0.005, Loss_pod 0.000, Loss_flat 0.028, Train_accy 100.00, Test_accy 66.48
2024-10-25 17:46:55,570 [pod_foster.py] => Task 2, Epoch 121/150 => Loss 0.033, Loss_clf 0.003, Loss_fe 0.004, Loss_pod 0.000, Loss_flat 0.026, Train_accy 100.00, Test_accy 67.04
2024-10-25 17:47:05,868 [pod_foster.py] => Task 2, Epoch 126/150 => Loss 0.033, Loss_clf 0.003, Loss_fe 0.003, Loss_pod 0.000, Loss_flat 0.026, Train_accy 100.00, Test_accy 67.52
2024-10-25 17:47:15,675 [pod_foster.py] => Task 2, Epoch 131/150 => Loss 0.033, Loss_clf 0.003, Loss_fe 0.004, Loss_pod 0.000, Loss_flat 0.026, Train_accy 100.00, Test_accy 67.06
2024-10-25 17:47:25,637 [pod_foster.py] => Task 2, Epoch 136/150 => Loss 0.031, Loss_clf 0.003, Loss_fe 0.003, Loss_pod 0.000, Loss_flat 0.025, Train_accy 100.00, Test_accy 68.48
2024-10-25 17:47:35,492 [pod_foster.py] => Task 2, Epoch 141/150 => Loss 0.031, Loss_clf 0.003, Loss_fe 0.003, Loss_pod 0.000, Loss_flat 0.024, Train_accy 100.00, Test_accy 67.63
2024-10-25 17:47:45,682 [pod_foster.py] => Task 2, Epoch 146/150 => Loss 0.033, Loss_clf 0.003, Loss_fe 0.004, Loss_pod 0.000, Loss_flat 0.025, Train_accy 100.00, Test_accy 64.43
2024-10-25 17:47:52,954 [pod_foster.py] => Task 2, Epoch 150/150 => Loss 0.030, Loss_clf 0.003, Loss_fe 0.003, Loss_pod 0.000, Loss_flat 0.024, Train_accy 100.00
2024-10-25 17:47:52,955 [inc_net.py] => align weights, gamma = 0.5561203360557556 
2024-10-25 17:47:52,956 [pod_foster.py] => per cls weights : [1.02623168 1.02623168 1.02623168 1.02623168 1.02623168 1.02623168
 1.02623168 0.90818914 0.90818914]
2024-10-25 17:47:55,595 [pod_foster.py] => SNet: Task 2, Epoch 1/120 => Loss 1.508,  Train_accy 76.05, Test_accy 59.81
2024-10-25 17:48:04,763 [pod_foster.py] => SNet: Task 2, Epoch 6/120 => Loss 1.215,  Train_accy 98.24, Test_accy 71.59
2024-10-25 17:48:13,619 [pod_foster.py] => SNet: Task 2, Epoch 11/120 => Loss 1.214,  Train_accy 98.55, Test_accy 72.07
2024-10-25 17:48:22,633 [pod_foster.py] => SNet: Task 2, Epoch 16/120 => Loss 1.210,  Train_accy 99.04, Test_accy 73.28
2024-10-25 17:48:31,765 [pod_foster.py] => SNet: Task 2, Epoch 21/120 => Loss 1.211,  Train_accy 98.78, Test_accy 73.83
2024-10-25 17:48:40,846 [pod_foster.py] => SNet: Task 2, Epoch 26/120 => Loss 1.208,  Train_accy 98.87, Test_accy 75.46
2024-10-25 17:48:49,576 [pod_foster.py] => SNet: Task 2, Epoch 31/120 => Loss 1.205,  Train_accy 98.98, Test_accy 75.17
2024-10-25 17:48:58,592 [pod_foster.py] => SNet: Task 2, Epoch 36/120 => Loss 1.206,  Train_accy 98.98, Test_accy 75.70
2024-10-25 17:49:07,244 [pod_foster.py] => SNet: Task 2, Epoch 41/120 => Loss 1.203,  Train_accy 98.93, Test_accy 75.93
2024-10-25 17:49:16,212 [pod_foster.py] => SNet: Task 2, Epoch 46/120 => Loss 1.204,  Train_accy 99.13, Test_accy 75.63
2024-10-25 17:49:25,255 [pod_foster.py] => SNet: Task 2, Epoch 51/120 => Loss 1.205,  Train_accy 98.91, Test_accy 75.39
2024-10-25 17:49:34,421 [pod_foster.py] => SNet: Task 2, Epoch 56/120 => Loss 1.205,  Train_accy 99.09, Test_accy 76.09
2024-10-25 17:49:43,630 [pod_foster.py] => SNet: Task 2, Epoch 61/120 => Loss 1.205,  Train_accy 99.18, Test_accy 75.37
2024-10-25 17:49:52,750 [pod_foster.py] => SNet: Task 2, Epoch 66/120 => Loss 1.203,  Train_accy 99.33, Test_accy 76.31
2024-10-25 17:50:02,034 [pod_foster.py] => SNet: Task 2, Epoch 71/120 => Loss 1.204,  Train_accy 99.20, Test_accy 76.20
2024-10-25 17:50:11,130 [pod_foster.py] => SNet: Task 2, Epoch 76/120 => Loss 1.205,  Train_accy 99.29, Test_accy 76.09
2024-10-25 17:50:20,306 [pod_foster.py] => SNet: Task 2, Epoch 81/120 => Loss 1.206,  Train_accy 99.18, Test_accy 75.91
2024-10-25 17:50:29,344 [pod_foster.py] => SNet: Task 2, Epoch 86/120 => Loss 1.199,  Train_accy 99.15, Test_accy 75.56
2024-10-25 17:50:38,663 [pod_foster.py] => SNet: Task 2, Epoch 91/120 => Loss 1.202,  Train_accy 99.13, Test_accy 75.98
2024-10-25 17:50:47,662 [pod_foster.py] => SNet: Task 2, Epoch 96/120 => Loss 1.200,  Train_accy 99.36, Test_accy 76.22
2024-10-25 17:50:56,924 [pod_foster.py] => SNet: Task 2, Epoch 101/120 => Loss 1.201,  Train_accy 99.31, Test_accy 76.04
2024-10-25 17:51:06,163 [pod_foster.py] => SNet: Task 2, Epoch 106/120 => Loss 1.203,  Train_accy 99.29, Test_accy 76.11
2024-10-25 17:51:15,510 [pod_foster.py] => SNet: Task 2, Epoch 111/120 => Loss 1.203,  Train_accy 99.27, Test_accy 76.54
2024-10-25 17:51:24,233 [pod_foster.py] => SNet: Task 2, Epoch 116/120 => Loss 1.204,  Train_accy 99.27, Test_accy 75.50
2024-10-25 17:51:30,935 [pod_foster.py] => SNet: Task 2, Epoch 120/120 => Loss 1.202,  Train_accy 99.22
2024-10-25 17:51:30,935 [pod_foster.py] => do not weight align student!
2024-10-25 17:51:31,769 [pod_foster.py] => darknet eval: 
2024-10-25 17:51:31,769 [pod_foster.py] => CNN top1 curve: 76.93
2024-10-25 17:51:31,769 [pod_foster.py] => CNN top5 curve: 96.59
2024-10-25 17:51:31,771 [pod_foster.py] => All params after compression: 3853138
2024-10-25 17:51:31,771 [base.py] => Reducing exemplars...(55 per classes)
2024-10-25 17:51:33,572 [base.py] => Constructing exemplars...(55 per classes)
2024-10-25 17:51:36,814 [trainer.py] => All params: 7705241
2024-10-25 17:51:39,124 [pod_foster.py] => Exemplar size: 495
2024-10-25 17:51:39,125 [trainer.py] => CNN: {'total': 75.52, '00-04': 63.83, '05-06': 88.75, '07-08': 91.5, 'old': 70.95, 'new': 91.5}
2024-10-25 17:51:39,125 [trainer.py] => NME: {'total': 70.78, '00-04': 64.53, '05-06': 74.75, '07-08': 82.42, 'old': 67.45, 'new': 82.42}
2024-10-25 17:51:39,125 [trainer.py] => CNN top1 curve: [89.93, 80.05, 75.52]
2024-10-25 17:51:39,125 [trainer.py] => CNN top5 curve: [100.0, 98.45, 96.33]
2024-10-25 17:51:39,125 [trainer.py] => NME top1 curve: [90.0, 72.79, 70.78]
2024-10-25 17:51:39,125 [trainer.py] => NME top5 curve: [100.0, 98.69, 95.5]

2024-10-25 17:51:39,125 [trainer.py] => Average Accuracy (CNN): 81.83333333333333
2024-10-25 17:51:39,125 [trainer.py] => Average Accuracy (NME): 77.85666666666667
2024-10-25 17:51:39,126 [trainer.py] => Forgetting (CNN): 13.050000000000004
