2024-10-25 16:48:41,737 [trainer.py] => config: ./exps/POD_foster.json
2024-10-25 16:48:41,737 [trainer.py] => prefix: cil
2024-10-25 16:48:41,737 [trainer.py] => dataset: hrrp9
2024-10-25 16:48:41,737 [trainer.py] => memory_size: 500
2024-10-25 16:48:41,737 [trainer.py] => memory_per_class: 20
2024-10-25 16:48:41,737 [trainer.py] => fixed_memory: False
2024-10-25 16:48:41,737 [trainer.py] => shuffle: True
2024-10-25 16:48:41,737 [trainer.py] => init_cls: 5
2024-10-25 16:48:41,737 [trainer.py] => increment: 2
2024-10-25 16:48:41,737 [trainer.py] => model_name: POD_foster
2024-10-25 16:48:41,737 [trainer.py] => convnet_type: resnet18
2024-10-25 16:48:41,737 [trainer.py] => init_train: False
2024-10-25 16:48:41,737 [trainer.py] => convnet_path1: checkpoints/init_train/resnet18_35172.pth
2024-10-25 16:48:41,738 [trainer.py] => fc_path1: checkpoints/init_train/fc_35172.pth
2024-10-25 16:48:41,738 [trainer.py] => convnet_path: checkpoints/init_train/resnet18_42503.pth
2024-10-25 16:48:41,738 [trainer.py] => fc_path: checkpoints/init_train/fc_42503.pth
2024-10-25 16:48:41,738 [trainer.py] => device: [device(type='cuda', index=4)]
2024-10-25 16:48:41,738 [trainer.py] => seed: 1993
2024-10-25 16:48:41,738 [trainer.py] => beta1: 0.96
2024-10-25 16:48:41,738 [trainer.py] => beta2: 0.97
2024-10-25 16:48:41,738 [trainer.py] => oofc: ft
2024-10-25 16:48:41,738 [trainer.py] => is_teacher_wa: True
2024-10-25 16:48:41,738 [trainer.py] => is_student_wa: False
2024-10-25 16:48:41,738 [trainer.py] => lambda_okd: 0
2024-10-25 16:48:41,738 [trainer.py] => wa_value: 1
2024-10-25 16:48:41,738 [trainer.py] => init_epochs: 0
2024-10-25 16:48:41,738 [trainer.py] => init_lr: 0.1
2024-10-25 16:48:41,738 [trainer.py] => init_weight_decay: 0.0005
2024-10-25 16:48:41,738 [trainer.py] => boosting_epochs: 150
2024-10-25 16:48:41,738 [trainer.py] => compression_epochs: 120
2024-10-25 16:48:41,738 [trainer.py] => lr: 0.1
2024-10-25 16:48:41,738 [trainer.py] => batch_size: 128
2024-10-25 16:48:41,738 [trainer.py] => weight_decay: 0.0005
2024-10-25 16:48:41,739 [trainer.py] => num_workers: 8
2024-10-25 16:48:41,739 [trainer.py] => momentum: 0.9
2024-10-25 16:48:41,739 [trainer.py] => T: 2
2024-10-25 16:48:41,739 [trainer.py] => lambda_c_base: 0.8
2024-10-25 16:48:41,739 [trainer.py] => lambda_f_base: 1.0
2024-10-25 16:48:41,739 [trainer.py] => POD: c+w
2024-10-25 16:48:42,517 [data_manager.py] => [4, 2, 5, 0, 3, 6, 7, 8, 1]
2024-10-25 16:48:42,562 [trainer.py] => All params: 0
2024-10-25 16:48:42,562 [trainer.py] => Trainable params: 0
2024-10-25 16:48:43,758 [pod_foster.py] => Learning on 0-5
2024-10-25 16:48:43,761 [pod_foster.py] => All params: 3849034
2024-10-25 16:48:43,762 [pod_foster.py] => Trainable params: 3849034
2024-10-25 16:48:43,830 [pod_foster.py] => Adaptive factor: 0
2024-10-25 16:48:44,054 [pod_foster.py] => init_train?---False
2024-10-25 16:48:45,144 [base.py] => Reducing exemplars...(100 per classes)
2024-10-25 16:48:45,145 [base.py] => Constructing exemplars...(100 per classes)
2024-10-25 16:48:51,756 [trainer.py] => All params: 3849034
2024-10-25 16:48:53,198 [pod_foster.py] => Exemplar size: 500
2024-10-25 16:48:53,198 [trainer.py] => CNN: {'total': 89.93, '00-04': 89.93, 'old': 0, 'new': 89.93}
2024-10-25 16:48:53,198 [trainer.py] => NME: {'total': 90.0, '00-04': 90.0, 'old': 0, 'new': 90.0}
2024-10-25 16:48:53,198 [trainer.py] => CNN top1 curve: [89.93]
2024-10-25 16:48:53,198 [trainer.py] => CNN top5 curve: [100.0]
2024-10-25 16:48:53,198 [trainer.py] => NME top1 curve: [90.0]
2024-10-25 16:48:53,198 [trainer.py] => NME top5 curve: [100.0]

2024-10-25 16:48:53,199 [trainer.py] => Average Accuracy (CNN): 89.93
2024-10-25 16:48:53,199 [trainer.py] => Average Accuracy (NME): 90.0
2024-10-25 16:48:53,199 [trainer.py] => All params: 3849034
2024-10-25 16:48:53,200 [trainer.py] => Trainable params: 3849034
2024-10-25 16:48:53,244 [pod_foster.py] => Learning on 5-7
2024-10-25 16:48:53,245 [pod_foster.py] => All params: 7701139
2024-10-25 16:48:53,246 [pod_foster.py] => Trainable params: 3854670
2024-10-25 16:48:53,281 [pod_foster.py] => Adaptive factor: 1.8708286933869707
2024-10-25 16:48:53,291 [pod_foster.py] => per cls weights : [1.00484344 1.00484344 1.00484344 1.00484344 1.00484344 0.98789141
 0.98789141]
2024-10-25 16:48:56,781 [pod_foster.py] => Task 1, Epoch 1/150 => Loss 1.875, Loss_clf 0.705, Loss_fe 0.656, Loss_pod 0.290, Loss_flat 0.223, Train_accy 83.64, Test_accy 54.60
2024-10-25 16:49:07,315 [pod_foster.py] => Task 1, Epoch 6/150 => Loss 0.284, Loss_clf 0.019, Loss_fe 0.033, Loss_pod 0.150, Loss_flat 0.083, Train_accy 99.78, Test_accy 68.26
2024-10-25 16:49:17,798 [pod_foster.py] => Task 1, Epoch 11/150 => Loss 0.212, Loss_clf 0.013, Loss_fe 0.016, Loss_pod 0.126, Loss_flat 0.057, Train_accy 99.84, Test_accy 68.33
2024-10-25 16:49:28,100 [pod_foster.py] => Task 1, Epoch 16/150 => Loss 0.145, Loss_clf 0.006, Loss_fe 0.006, Loss_pod 0.095, Loss_flat 0.038, Train_accy 100.00, Test_accy 69.07
2024-10-25 16:49:38,378 [pod_foster.py] => Task 1, Epoch 21/150 => Loss 0.146, Loss_clf 0.009, Loss_fe 0.009, Loss_pod 0.092, Loss_flat 0.036, Train_accy 99.96, Test_accy 56.48
2024-10-25 16:49:48,550 [pod_foster.py] => Task 1, Epoch 26/150 => Loss 0.436, Loss_clf 0.029, Loss_fe 0.063, Loss_pod 0.223, Loss_flat 0.121, Train_accy 99.40, Test_accy 69.62
2024-10-25 16:49:59,067 [pod_foster.py] => Task 1, Epoch 31/150 => Loss 0.230, Loss_clf 0.009, Loss_fe 0.010, Loss_pod 0.146, Loss_flat 0.065, Train_accy 99.96, Test_accy 68.55
2024-10-25 16:50:09,358 [pod_foster.py] => Task 1, Epoch 36/150 => Loss 0.154, Loss_clf 0.005, Loss_fe 0.005, Loss_pod 0.105, Loss_flat 0.038, Train_accy 100.00, Test_accy 66.79
2024-10-25 16:50:19,497 [pod_foster.py] => Task 1, Epoch 41/150 => Loss 0.141, Loss_clf 0.005, Loss_fe 0.005, Loss_pod 0.096, Loss_flat 0.035, Train_accy 100.00, Test_accy 67.33
2024-10-25 16:50:29,607 [pod_foster.py] => Task 1, Epoch 46/150 => Loss 0.124, Loss_clf 0.004, Loss_fe 0.005, Loss_pod 0.086, Loss_flat 0.029, Train_accy 100.00, Test_accy 68.07
2024-10-25 16:50:39,873 [pod_foster.py] => Task 1, Epoch 51/150 => Loss 0.119, Loss_clf 0.004, Loss_fe 0.004, Loss_pod 0.083, Loss_flat 0.027, Train_accy 100.00, Test_accy 66.86
2024-10-25 16:50:50,151 [pod_foster.py] => Task 1, Epoch 56/150 => Loss 0.111, Loss_clf 0.004, Loss_fe 0.004, Loss_pod 0.077, Loss_flat 0.025, Train_accy 100.00, Test_accy 68.29
2024-10-25 16:51:00,427 [pod_foster.py] => Task 1, Epoch 61/150 => Loss 0.121, Loss_clf 0.005, Loss_fe 0.006, Loss_pod 0.082, Loss_flat 0.029, Train_accy 99.98, Test_accy 66.62
2024-10-25 16:51:10,817 [pod_foster.py] => Task 1, Epoch 66/150 => Loss 0.712, Loss_clf 0.099, Loss_fe 0.178, Loss_pod 0.293, Loss_flat 0.142, Train_accy 96.89, Test_accy 75.24
2024-10-25 16:51:21,293 [pod_foster.py] => Task 1, Epoch 71/150 => Loss 0.186, Loss_clf 0.006, Loss_fe 0.007, Loss_pod 0.126, Loss_flat 0.048, Train_accy 100.00, Test_accy 69.79
2024-10-25 16:51:31,634 [pod_foster.py] => Task 1, Epoch 76/150 => Loss 0.139, Loss_clf 0.005, Loss_fe 0.005, Loss_pod 0.096, Loss_flat 0.034, Train_accy 100.00, Test_accy 67.90
2024-10-25 16:51:41,962 [pod_foster.py] => Task 1, Epoch 81/150 => Loss 0.122, Loss_clf 0.005, Loss_fe 0.004, Loss_pod 0.084, Loss_flat 0.029, Train_accy 100.00, Test_accy 67.33
2024-10-25 16:51:52,060 [pod_foster.py] => Task 1, Epoch 86/150 => Loss 0.113, Loss_clf 0.004, Loss_fe 0.004, Loss_pod 0.077, Loss_flat 0.027, Train_accy 100.00, Test_accy 67.10
2024-10-25 16:52:02,357 [pod_foster.py] => Task 1, Epoch 91/150 => Loss 0.107, Loss_clf 0.004, Loss_fe 0.005, Loss_pod 0.073, Loss_flat 0.025, Train_accy 100.00, Test_accy 66.86
2024-10-25 16:52:12,642 [pod_foster.py] => Task 1, Epoch 96/150 => Loss 0.114, Loss_clf 0.005, Loss_fe 0.005, Loss_pod 0.075, Loss_flat 0.029, Train_accy 100.00, Test_accy 68.33
2024-10-25 16:52:23,016 [pod_foster.py] => Task 1, Epoch 101/150 => Loss 0.097, Loss_clf 0.004, Loss_fe 0.004, Loss_pod 0.065, Loss_flat 0.024, Train_accy 100.00, Test_accy 66.90
2024-10-25 16:52:33,494 [pod_foster.py] => Task 1, Epoch 106/150 => Loss 0.096, Loss_clf 0.004, Loss_fe 0.004, Loss_pod 0.064, Loss_flat 0.024, Train_accy 100.00, Test_accy 67.33
2024-10-25 16:52:44,168 [pod_foster.py] => Task 1, Epoch 111/150 => Loss 0.095, Loss_clf 0.004, Loss_fe 0.004, Loss_pod 0.063, Loss_flat 0.023, Train_accy 100.00, Test_accy 66.57
2024-10-25 16:52:54,370 [pod_foster.py] => Task 1, Epoch 116/150 => Loss 0.090, Loss_clf 0.004, Loss_fe 0.004, Loss_pod 0.060, Loss_flat 0.022, Train_accy 100.00, Test_accy 67.86
2024-10-25 16:53:04,863 [pod_foster.py] => Task 1, Epoch 121/150 => Loss 0.086, Loss_clf 0.004, Loss_fe 0.004, Loss_pod 0.056, Loss_flat 0.022, Train_accy 100.00, Test_accy 66.98
2024-10-25 16:53:15,296 [pod_foster.py] => Task 1, Epoch 126/150 => Loss 0.086, Loss_clf 0.004, Loss_fe 0.004, Loss_pod 0.056, Loss_flat 0.022, Train_accy 100.00, Test_accy 66.43
2024-10-25 16:53:25,498 [pod_foster.py] => Task 1, Epoch 131/150 => Loss 0.085, Loss_clf 0.004, Loss_fe 0.004, Loss_pod 0.055, Loss_flat 0.022, Train_accy 100.00, Test_accy 66.55
2024-10-25 16:53:35,983 [pod_foster.py] => Task 1, Epoch 136/150 => Loss 0.082, Loss_clf 0.004, Loss_fe 0.004, Loss_pod 0.053, Loss_flat 0.021, Train_accy 100.00, Test_accy 67.17
2024-10-25 16:53:46,446 [pod_foster.py] => Task 1, Epoch 141/150 => Loss 0.082, Loss_clf 0.004, Loss_fe 0.004, Loss_pod 0.052, Loss_flat 0.022, Train_accy 100.00, Test_accy 67.29
2024-10-25 16:53:56,874 [pod_foster.py] => Task 1, Epoch 146/150 => Loss 0.084, Loss_clf 0.004, Loss_fe 0.004, Loss_pod 0.054, Loss_flat 0.021, Train_accy 100.00, Test_accy 68.00
2024-10-25 16:54:04,329 [pod_foster.py] => Task 1, Epoch 150/150 => Loss 0.082, Loss_clf 0.004, Loss_fe 0.004, Loss_pod 0.053, Loss_flat 0.022, Train_accy 100.00
2024-10-25 16:54:04,330 [inc_net.py] => align weights, gamma = 0.5364635586738586 
2024-10-25 16:54:04,331 [pod_foster.py] => per cls weights : [1.01377356 1.01377356 1.01377356 1.01377356 1.01377356 0.96556609
 0.96556609]
2024-10-25 16:54:06,662 [pod_foster.py] => SNet: Task 1, Epoch 1/120 => Loss 1.244,  Train_accy 69.73, Test_accy 65.95
2024-10-25 16:54:15,672 [pod_foster.py] => SNet: Task 1, Epoch 6/120 => Loss 0.945,  Train_accy 93.98, Test_accy 76.43
2024-10-25 16:54:24,558 [pod_foster.py] => SNet: Task 1, Epoch 11/120 => Loss 0.938,  Train_accy 95.07, Test_accy 76.76
2024-10-25 16:54:33,629 [pod_foster.py] => SNet: Task 1, Epoch 16/120 => Loss 0.931,  Train_accy 95.16, Test_accy 77.67
2024-10-25 16:54:42,656 [pod_foster.py] => SNet: Task 1, Epoch 21/120 => Loss 0.933,  Train_accy 95.53, Test_accy 77.64
2024-10-25 16:54:51,723 [pod_foster.py] => SNet: Task 1, Epoch 26/120 => Loss 0.930,  Train_accy 95.49, Test_accy 78.38
2024-10-25 16:55:00,351 [pod_foster.py] => SNet: Task 1, Epoch 31/120 => Loss 0.932,  Train_accy 95.58, Test_accy 77.98
2024-10-25 16:55:09,179 [pod_foster.py] => SNet: Task 1, Epoch 36/120 => Loss 0.931,  Train_accy 95.58, Test_accy 77.48
2024-10-25 16:55:17,913 [pod_foster.py] => SNet: Task 1, Epoch 41/120 => Loss 0.928,  Train_accy 95.64, Test_accy 77.93
2024-10-25 16:55:26,928 [pod_foster.py] => SNet: Task 1, Epoch 46/120 => Loss 0.926,  Train_accy 95.58, Test_accy 78.19
2024-10-25 16:55:36,163 [pod_foster.py] => SNet: Task 1, Epoch 51/120 => Loss 0.927,  Train_accy 95.89, Test_accy 77.76
2024-10-25 16:55:46,441 [pod_foster.py] => SNet: Task 1, Epoch 56/120 => Loss 0.925,  Train_accy 95.76, Test_accy 78.40
2024-10-25 16:55:55,658 [pod_foster.py] => SNet: Task 1, Epoch 61/120 => Loss 0.926,  Train_accy 95.71, Test_accy 77.90
2024-10-25 16:56:04,895 [pod_foster.py] => SNet: Task 1, Epoch 66/120 => Loss 0.927,  Train_accy 96.11, Test_accy 77.50
2024-10-25 16:56:14,202 [pod_foster.py] => SNet: Task 1, Epoch 71/120 => Loss 0.927,  Train_accy 95.96, Test_accy 78.90
2024-10-25 16:56:23,435 [pod_foster.py] => SNet: Task 1, Epoch 76/120 => Loss 0.926,  Train_accy 95.98, Test_accy 78.98
2024-10-25 16:56:32,784 [pod_foster.py] => SNet: Task 1, Epoch 81/120 => Loss 0.923,  Train_accy 95.62, Test_accy 78.76
2024-10-25 16:56:42,400 [pod_foster.py] => SNet: Task 1, Epoch 86/120 => Loss 0.925,  Train_accy 96.00, Test_accy 78.45
2024-10-25 16:56:51,520 [pod_foster.py] => SNet: Task 1, Epoch 91/120 => Loss 0.926,  Train_accy 96.00, Test_accy 78.62
2024-10-25 16:57:00,652 [pod_foster.py] => SNet: Task 1, Epoch 96/120 => Loss 0.924,  Train_accy 96.40, Test_accy 77.93
2024-10-25 16:57:09,731 [pod_foster.py] => SNet: Task 1, Epoch 101/120 => Loss 0.922,  Train_accy 95.98, Test_accy 78.60
2024-10-25 16:57:19,033 [pod_foster.py] => SNet: Task 1, Epoch 106/120 => Loss 0.925,  Train_accy 95.78, Test_accy 78.64
2024-10-25 16:57:28,273 [pod_foster.py] => SNet: Task 1, Epoch 111/120 => Loss 0.926,  Train_accy 96.18, Test_accy 79.29
2024-10-25 16:57:37,768 [pod_foster.py] => SNet: Task 1, Epoch 116/120 => Loss 0.924,  Train_accy 96.16, Test_accy 78.33
2024-10-25 16:57:44,661 [pod_foster.py] => SNet: Task 1, Epoch 120/120 => Loss 0.923,  Train_accy 96.33
2024-10-25 16:57:44,661 [pod_foster.py] => do not weight align student!
2024-10-25 16:57:45,360 [pod_foster.py] => darknet eval: 
2024-10-25 16:57:45,360 [pod_foster.py] => CNN top1 curve: 78.45
2024-10-25 16:57:45,360 [pod_foster.py] => CNN top5 curve: 98.62
2024-10-25 16:57:45,361 [pod_foster.py] => All params after compression: 3851086
2024-10-25 16:57:45,362 [base.py] => Reducing exemplars...(71 per classes)
2024-10-25 16:57:46,704 [base.py] => Constructing exemplars...(71 per classes)
2024-10-25 16:57:50,229 [trainer.py] => All params: 7701139
2024-10-25 16:57:52,375 [pod_foster.py] => Exemplar size: 497
2024-10-25 16:57:52,375 [trainer.py] => CNN: {'total': 79.48, '00-04': 77.43, '05-06': 84.58, 'old': 77.43, 'new': 84.58}
2024-10-25 16:57:52,375 [trainer.py] => NME: {'total': 73.24, '00-04': 78.67, '05-06': 59.67, 'old': 78.67, 'new': 59.67}
2024-10-25 16:57:52,375 [trainer.py] => CNN top1 curve: [89.93, 79.48]
2024-10-25 16:57:52,375 [trainer.py] => CNN top5 curve: [100.0, 98.64]
2024-10-25 16:57:52,375 [trainer.py] => NME top1 curve: [90.0, 73.24]
2024-10-25 16:57:52,375 [trainer.py] => NME top5 curve: [100.0, 98.93]

2024-10-25 16:57:52,375 [trainer.py] => Average Accuracy (CNN): 84.70500000000001
2024-10-25 16:57:52,375 [trainer.py] => Average Accuracy (NME): 81.62
2024-10-25 16:57:52,376 [trainer.py] => All params: 7701139
2024-10-25 16:57:52,377 [trainer.py] => Trainable params: 3854670
2024-10-25 16:57:52,426 [pod_foster.py] => Learning on 7-9
2024-10-25 16:57:52,428 [pod_foster.py] => All params: 7705241
2024-10-25 16:57:52,429 [pod_foster.py] => Trainable params: 3857746
2024-10-25 16:57:52,466 [pod_foster.py] => Adaptive factor: 2.1213203435596424
2024-10-25 16:57:52,477 [pod_foster.py] => per cls weights : [1.01239929 1.01239929 1.01239929 1.01239929 1.01239929 1.01239929
 1.01239929 0.95660248 0.95660248]
2024-10-25 16:57:55,703 [pod_foster.py] => Task 2, Epoch 1/150 => Loss 1.939, Loss_clf 0.695, Loss_fe 0.663, Loss_pod 0.357, Loss_flat 0.225, Train_accy 85.55, Test_accy 60.93
2024-10-25 16:58:06,531 [pod_foster.py] => Task 2, Epoch 6/150 => Loss 0.255, Loss_clf 0.012, Loss_fe 0.029, Loss_pod 0.151, Loss_flat 0.064, Train_accy 99.96, Test_accy 64.02
2024-10-25 16:58:17,309 [pod_foster.py] => Task 2, Epoch 11/150 => Loss 0.163, Loss_clf 0.007, Loss_fe 0.010, Loss_pod 0.108, Loss_flat 0.037, Train_accy 100.00, Test_accy 65.83
2024-10-25 16:58:28,013 [pod_foster.py] => Task 2, Epoch 16/150 => Loss 0.420, Loss_clf 0.026, Loss_fe 0.059, Loss_pod 0.236, Loss_flat 0.099, Train_accy 99.60, Test_accy 68.17
2024-10-25 16:58:38,830 [pod_foster.py] => Task 2, Epoch 21/150 => Loss 0.187, Loss_clf 0.006, Loss_fe 0.006, Loss_pod 0.134, Loss_flat 0.041, Train_accy 100.00, Test_accy 68.26
2024-10-25 16:58:49,556 [pod_foster.py] => Task 2, Epoch 26/150 => Loss 0.187, Loss_clf 0.007, Loss_fe 0.008, Loss_pod 0.130, Loss_flat 0.042, Train_accy 100.00, Test_accy 65.65
2024-10-25 16:59:00,479 [pod_foster.py] => Task 2, Epoch 31/150 => Loss 0.467, Loss_clf 0.040, Loss_fe 0.084, Loss_pod 0.243, Loss_flat 0.101, Train_accy 98.64, Test_accy 61.89
2024-10-25 16:59:11,244 [pod_foster.py] => Task 2, Epoch 36/150 => Loss 0.168, Loss_clf 0.005, Loss_fe 0.005, Loss_pod 0.121, Loss_flat 0.038, Train_accy 100.00, Test_accy 67.78
2024-10-25 16:59:22,069 [pod_foster.py] => Task 2, Epoch 41/150 => Loss 0.144, Loss_clf 0.005, Loss_fe 0.005, Loss_pod 0.103, Loss_flat 0.032, Train_accy 100.00, Test_accy 66.48
2024-10-25 16:59:32,751 [pod_foster.py] => Task 2, Epoch 46/150 => Loss 0.139, Loss_clf 0.004, Loss_fe 0.004, Loss_pod 0.100, Loss_flat 0.030, Train_accy 100.00, Test_accy 68.69
2024-10-25 16:59:43,833 [pod_foster.py] => Task 2, Epoch 51/150 => Loss 0.130, Loss_clf 0.005, Loss_fe 0.005, Loss_pod 0.094, Loss_flat 0.026, Train_accy 100.00, Test_accy 67.19
2024-10-25 16:59:54,536 [pod_foster.py] => Task 2, Epoch 56/150 => Loss 0.128, Loss_clf 0.005, Loss_fe 0.006, Loss_pod 0.092, Loss_flat 0.025, Train_accy 100.00, Test_accy 52.15
2024-10-25 17:00:05,417 [pod_foster.py] => Task 2, Epoch 61/150 => Loss 0.123, Loss_clf 0.004, Loss_fe 0.004, Loss_pod 0.089, Loss_flat 0.026, Train_accy 100.00, Test_accy 64.93
2024-10-25 17:00:16,241 [pod_foster.py] => Task 2, Epoch 66/150 => Loss 0.142, Loss_clf 0.006, Loss_fe 0.008, Loss_pod 0.098, Loss_flat 0.031, Train_accy 100.00, Test_accy 72.61
2024-10-25 17:00:27,005 [pod_foster.py] => Task 2, Epoch 71/150 => Loss 0.136, Loss_clf 0.005, Loss_fe 0.006, Loss_pod 0.096, Loss_flat 0.029, Train_accy 99.98, Test_accy 68.37
2024-10-25 17:00:37,528 [pod_foster.py] => Task 2, Epoch 76/150 => Loss 0.116, Loss_clf 0.004, Loss_fe 0.005, Loss_pod 0.083, Loss_flat 0.024, Train_accy 100.00, Test_accy 67.54
2024-10-25 17:00:48,111 [pod_foster.py] => Task 2, Epoch 81/150 => Loss 0.146, Loss_clf 0.007, Loss_fe 0.009, Loss_pod 0.097, Loss_flat 0.033, Train_accy 99.93, Test_accy 62.81
2024-10-25 17:00:58,671 [pod_foster.py] => Task 2, Epoch 86/150 => Loss 0.112, Loss_clf 0.004, Loss_fe 0.004, Loss_pod 0.081, Loss_flat 0.022, Train_accy 100.00, Test_accy 65.33
2024-10-25 17:01:09,134 [pod_foster.py] => Task 2, Epoch 91/150 => Loss 0.108, Loss_clf 0.004, Loss_fe 0.004, Loss_pod 0.078, Loss_flat 0.022, Train_accy 100.00, Test_accy 64.94
2024-10-25 17:01:20,150 [pod_foster.py] => Task 2, Epoch 96/150 => Loss 0.102, Loss_clf 0.004, Loss_fe 0.004, Loss_pod 0.073, Loss_flat 0.021, Train_accy 100.00, Test_accy 65.72
2024-10-25 17:01:30,896 [pod_foster.py] => Task 2, Epoch 101/150 => Loss 0.107, Loss_clf 0.004, Loss_fe 0.004, Loss_pod 0.077, Loss_flat 0.022, Train_accy 100.00, Test_accy 65.02
2024-10-25 17:01:42,161 [pod_foster.py] => Task 2, Epoch 106/150 => Loss 0.139, Loss_clf 0.006, Loss_fe 0.006, Loss_pod 0.094, Loss_flat 0.033, Train_accy 100.00, Test_accy 65.24
2024-10-25 17:01:52,931 [pod_foster.py] => Task 2, Epoch 111/150 => Loss 0.109, Loss_clf 0.005, Loss_fe 0.005, Loss_pod 0.076, Loss_flat 0.024, Train_accy 100.00, Test_accy 67.41
2024-10-25 17:02:03,821 [pod_foster.py] => Task 2, Epoch 116/150 => Loss 0.107, Loss_clf 0.005, Loss_fe 0.005, Loss_pod 0.074, Loss_flat 0.023, Train_accy 100.00, Test_accy 65.63
2024-10-25 17:02:14,463 [pod_foster.py] => Task 2, Epoch 121/150 => Loss 0.095, Loss_clf 0.004, Loss_fe 0.004, Loss_pod 0.066, Loss_flat 0.021, Train_accy 100.00, Test_accy 65.15
2024-10-25 17:02:25,272 [pod_foster.py] => Task 2, Epoch 126/150 => Loss 0.097, Loss_clf 0.004, Loss_fe 0.004, Loss_pod 0.067, Loss_flat 0.022, Train_accy 100.00, Test_accy 66.35
2024-10-25 17:02:36,045 [pod_foster.py] => Task 2, Epoch 131/150 => Loss 0.092, Loss_clf 0.004, Loss_fe 0.004, Loss_pod 0.062, Loss_flat 0.022, Train_accy 100.00, Test_accy 65.83
2024-10-25 17:02:47,086 [pod_foster.py] => Task 2, Epoch 136/150 => Loss 0.088, Loss_clf 0.004, Loss_fe 0.004, Loss_pod 0.060, Loss_flat 0.021, Train_accy 100.00, Test_accy 66.89
2024-10-25 17:02:57,934 [pod_foster.py] => Task 2, Epoch 141/150 => Loss 0.087, Loss_clf 0.004, Loss_fe 0.004, Loss_pod 0.059, Loss_flat 0.020, Train_accy 100.00, Test_accy 66.50
2024-10-25 17:03:08,912 [pod_foster.py] => Task 2, Epoch 146/150 => Loss 0.091, Loss_clf 0.004, Loss_fe 0.005, Loss_pod 0.061, Loss_flat 0.021, Train_accy 100.00, Test_accy 63.44
2024-10-25 17:03:16,714 [pod_foster.py] => Task 2, Epoch 150/150 => Loss 0.085, Loss_clf 0.004, Loss_fe 0.004, Loss_pod 0.057, Loss_flat 0.020, Train_accy 100.00
2024-10-25 17:03:16,716 [inc_net.py] => align weights, gamma = 0.5128746628761292 
2024-10-25 17:03:16,718 [pod_foster.py] => per cls weights : [1.02623168 1.02623168 1.02623168 1.02623168 1.02623168 1.02623168
 1.02623168 0.90818914 0.90818914]
2024-10-25 17:03:19,329 [pod_foster.py] => SNet: Task 2, Epoch 1/120 => Loss 1.565,  Train_accy 73.58, Test_accy 61.69
2024-10-25 17:03:28,583 [pod_foster.py] => SNet: Task 2, Epoch 6/120 => Loss 1.298,  Train_accy 95.49, Test_accy 72.22
2024-10-25 17:03:38,100 [pod_foster.py] => SNet: Task 2, Epoch 11/120 => Loss 1.297,  Train_accy 96.33, Test_accy 72.83
2024-10-25 17:03:47,457 [pod_foster.py] => SNet: Task 2, Epoch 16/120 => Loss 1.292,  Train_accy 96.62, Test_accy 74.15
2024-10-25 17:03:56,605 [pod_foster.py] => SNet: Task 2, Epoch 21/120 => Loss 1.293,  Train_accy 96.31, Test_accy 73.94
2024-10-25 17:04:05,871 [pod_foster.py] => SNet: Task 2, Epoch 26/120 => Loss 1.292,  Train_accy 96.84, Test_accy 75.09
2024-10-25 17:04:15,241 [pod_foster.py] => SNet: Task 2, Epoch 31/120 => Loss 1.288,  Train_accy 96.78, Test_accy 75.63
2024-10-25 17:04:24,801 [pod_foster.py] => SNet: Task 2, Epoch 36/120 => Loss 1.289,  Train_accy 96.86, Test_accy 76.04
2024-10-25 17:04:34,300 [pod_foster.py] => SNet: Task 2, Epoch 41/120 => Loss 1.287,  Train_accy 96.78, Test_accy 77.15
2024-10-25 17:04:43,583 [pod_foster.py] => SNet: Task 2, Epoch 46/120 => Loss 1.288,  Train_accy 97.24, Test_accy 75.72
2024-10-25 17:04:52,761 [pod_foster.py] => SNet: Task 2, Epoch 51/120 => Loss 1.289,  Train_accy 96.89, Test_accy 75.15
2024-10-25 17:05:02,033 [pod_foster.py] => SNet: Task 2, Epoch 56/120 => Loss 1.288,  Train_accy 96.75, Test_accy 76.48
2024-10-25 17:05:11,155 [pod_foster.py] => SNet: Task 2, Epoch 61/120 => Loss 1.288,  Train_accy 97.04, Test_accy 76.11
2024-10-25 17:05:20,777 [pod_foster.py] => SNet: Task 2, Epoch 66/120 => Loss 1.285,  Train_accy 97.09, Test_accy 76.43
2024-10-25 17:05:30,041 [pod_foster.py] => SNet: Task 2, Epoch 71/120 => Loss 1.288,  Train_accy 97.33, Test_accy 76.30
2024-10-25 17:05:39,436 [pod_foster.py] => SNet: Task 2, Epoch 76/120 => Loss 1.288,  Train_accy 97.09, Test_accy 76.20
2024-10-25 17:05:48,642 [pod_foster.py] => SNet: Task 2, Epoch 81/120 => Loss 1.289,  Train_accy 97.13, Test_accy 76.15
2024-10-25 17:05:57,829 [pod_foster.py] => SNet: Task 2, Epoch 86/120 => Loss 1.282,  Train_accy 97.31, Test_accy 75.72
2024-10-25 17:06:07,057 [pod_foster.py] => SNet: Task 2, Epoch 91/120 => Loss 1.286,  Train_accy 97.31, Test_accy 76.57
2024-10-25 17:06:16,189 [pod_foster.py] => SNet: Task 2, Epoch 96/120 => Loss 1.281,  Train_accy 97.42, Test_accy 76.85
2024-10-25 17:06:25,726 [pod_foster.py] => SNet: Task 2, Epoch 101/120 => Loss 1.284,  Train_accy 97.20, Test_accy 76.44
2024-10-25 17:06:35,123 [pod_foster.py] => SNet: Task 2, Epoch 106/120 => Loss 1.285,  Train_accy 96.98, Test_accy 76.98
2024-10-25 17:06:44,478 [pod_foster.py] => SNet: Task 2, Epoch 111/120 => Loss 1.286,  Train_accy 97.06, Test_accy 76.74
2024-10-25 17:06:53,502 [pod_foster.py] => SNet: Task 2, Epoch 116/120 => Loss 1.288,  Train_accy 97.26, Test_accy 75.93
2024-10-25 17:06:59,892 [pod_foster.py] => SNet: Task 2, Epoch 120/120 => Loss 1.284,  Train_accy 97.24
2024-10-25 17:06:59,892 [pod_foster.py] => do not weight align student!
2024-10-25 17:07:00,649 [pod_foster.py] => darknet eval: 
2024-10-25 17:07:00,649 [pod_foster.py] => CNN top1 curve: 77.15
2024-10-25 17:07:00,649 [pod_foster.py] => CNN top5 curve: 96.59
2024-10-25 17:07:00,651 [pod_foster.py] => All params after compression: 3853138
2024-10-25 17:07:00,651 [base.py] => Reducing exemplars...(55 per classes)
2024-10-25 17:07:02,264 [base.py] => Constructing exemplars...(55 per classes)
2024-10-25 17:07:05,322 [trainer.py] => All params: 7705241
2024-10-25 17:07:07,492 [pod_foster.py] => Exemplar size: 495
2024-10-25 17:07:07,493 [trainer.py] => CNN: {'total': 76.13, '00-04': 65.73, '05-06': 87.33, '07-08': 90.92, 'old': 71.9, 'new': 90.92}
2024-10-25 17:07:07,493 [trainer.py] => NME: {'total': 72.13, '00-04': 68.23, '05-06': 73.17, '07-08': 80.83, 'old': 69.64, 'new': 80.83}
2024-10-25 17:07:07,493 [trainer.py] => CNN top1 curve: [89.93, 79.48, 76.13]
2024-10-25 17:07:07,493 [trainer.py] => CNN top5 curve: [100.0, 98.64, 96.19]
2024-10-25 17:07:07,493 [trainer.py] => NME top1 curve: [90.0, 73.24, 72.13]
2024-10-25 17:07:07,493 [trainer.py] => NME top5 curve: [100.0, 98.93, 96.35]

2024-10-25 17:07:07,493 [trainer.py] => Average Accuracy (CNN): 81.84666666666668
2024-10-25 17:07:07,493 [trainer.py] => Average Accuracy (NME): 78.45666666666666
2024-10-25 17:07:07,494 [trainer.py] => Forgetting (CNN): 12.100000000000001
