2024-10-25 15:23:11,583 [trainer.py] => config: ./exps/POD_foster.json
2024-10-25 15:23:11,583 [trainer.py] => prefix: cil
2024-10-25 15:23:11,583 [trainer.py] => dataset: hrrp9
2024-10-25 15:23:11,583 [trainer.py] => memory_size: 500
2024-10-25 15:23:11,583 [trainer.py] => memory_per_class: 20
2024-10-25 15:23:11,583 [trainer.py] => fixed_memory: False
2024-10-25 15:23:11,583 [trainer.py] => shuffle: True
2024-10-25 15:23:11,583 [trainer.py] => init_cls: 5
2024-10-25 15:23:11,583 [trainer.py] => increment: 2
2024-10-25 15:23:11,583 [trainer.py] => model_name: POD_foster
2024-10-25 15:23:11,583 [trainer.py] => convnet_type: resnet18
2024-10-25 15:23:11,583 [trainer.py] => init_train: False
2024-10-25 15:23:11,583 [trainer.py] => convnet_path1: checkpoints/init_train/resnet18_35172.pth
2024-10-25 15:23:11,583 [trainer.py] => fc_path1: checkpoints/init_train/fc_35172.pth
2024-10-25 15:23:11,583 [trainer.py] => convnet_path: checkpoints/init_train/resnet18_42503.pth
2024-10-25 15:23:11,583 [trainer.py] => fc_path: checkpoints/init_train/fc_42503.pth
2024-10-25 15:23:11,583 [trainer.py] => device: [device(type='cuda', index=4)]
2024-10-25 15:23:11,583 [trainer.py] => seed: 1993
2024-10-25 15:23:11,583 [trainer.py] => beta1: 0.96
2024-10-25 15:23:11,583 [trainer.py] => beta2: 0.97
2024-10-25 15:23:11,583 [trainer.py] => oofc: ft
2024-10-25 15:23:11,583 [trainer.py] => is_teacher_wa: True
2024-10-25 15:23:11,583 [trainer.py] => is_student_wa: False
2024-10-25 15:23:11,583 [trainer.py] => lambda_okd: 0
2024-10-25 15:23:11,583 [trainer.py] => wa_value: 1
2024-10-25 15:23:11,584 [trainer.py] => init_epochs: 0
2024-10-25 15:23:11,584 [trainer.py] => init_lr: 0.1
2024-10-25 15:23:11,584 [trainer.py] => init_weight_decay: 0.0005
2024-10-25 15:23:11,584 [trainer.py] => boosting_epochs: 150
2024-10-25 15:23:11,584 [trainer.py] => compression_epochs: 120
2024-10-25 15:23:11,584 [trainer.py] => lr: 0.1
2024-10-25 15:23:11,584 [trainer.py] => batch_size: 128
2024-10-25 15:23:11,584 [trainer.py] => weight_decay: 0.0005
2024-10-25 15:23:11,584 [trainer.py] => num_workers: 8
2024-10-25 15:23:11,584 [trainer.py] => momentum: 0.9
2024-10-25 15:23:11,584 [trainer.py] => T: 2
2024-10-25 15:23:11,584 [trainer.py] => lambda_c_base: 0.6
2024-10-25 15:23:11,584 [trainer.py] => lambda_f_base: 1.0
2024-10-25 15:23:11,584 [trainer.py] => POD: w
2024-10-25 15:23:12,295 [data_manager.py] => [4, 2, 5, 0, 3, 6, 7, 8, 1]
2024-10-25 15:23:12,356 [trainer.py] => All params: 0
2024-10-25 15:23:12,356 [trainer.py] => Trainable params: 0
2024-10-25 15:23:13,562 [pod_foster.py] => Learning on 0-5
2024-10-25 15:23:13,563 [pod_foster.py] => All params: 3849034
2024-10-25 15:23:13,563 [pod_foster.py] => Trainable params: 3849034
2024-10-25 15:23:14,308 [pod_foster.py] => Adaptive factor: 0
2024-10-25 15:23:14,557 [pod_foster.py] => init_train?---False
2024-10-25 15:23:15,587 [base.py] => Reducing exemplars...(100 per classes)
2024-10-25 15:23:15,588 [base.py] => Constructing exemplars...(100 per classes)
2024-10-25 15:23:22,561 [trainer.py] => All params: 3849034
2024-10-25 15:23:24,206 [pod_foster.py] => Exemplar size: 500
2024-10-25 15:23:24,206 [trainer.py] => CNN: {'total': 89.93, '00-04': 89.93, 'old': 0, 'new': 89.93}
2024-10-25 15:23:24,206 [trainer.py] => NME: {'total': 90.0, '00-04': 90.0, 'old': 0, 'new': 90.0}
2024-10-25 15:23:24,206 [trainer.py] => CNN top1 curve: [89.93]
2024-10-25 15:23:24,206 [trainer.py] => CNN top5 curve: [100.0]
2024-10-25 15:23:24,206 [trainer.py] => NME top1 curve: [90.0]
2024-10-25 15:23:24,207 [trainer.py] => NME top5 curve: [100.0]

2024-10-25 15:23:24,207 [trainer.py] => Average Accuracy (CNN): 89.93
2024-10-25 15:23:24,207 [trainer.py] => Average Accuracy (NME): 90.0
2024-10-25 15:23:24,207 [trainer.py] => All params: 3849034
2024-10-25 15:23:24,208 [trainer.py] => Trainable params: 3849034
2024-10-25 15:23:24,254 [pod_foster.py] => Learning on 5-7
2024-10-25 15:23:24,256 [pod_foster.py] => All params: 7701139
2024-10-25 15:23:24,256 [pod_foster.py] => Trainable params: 3854670
2024-10-25 15:23:24,298 [pod_foster.py] => Adaptive factor: 1.8708286933869707
2024-10-25 15:23:24,312 [pod_foster.py] => per cls weights : [1.00484344 1.00484344 1.00484344 1.00484344 1.00484344 0.98789141
 0.98789141]
2024-10-25 15:23:27,665 [pod_foster.py] => Task 1, Epoch 1/150 => Loss 1.907, Loss_clf 0.708, Loss_fe 0.671, Loss_pod 0.314, Loss_flat 0.214, Train_accy 82.82, Test_accy 61.45
2024-10-25 15:23:38,549 [pod_foster.py] => Task 1, Epoch 6/150 => Loss 0.294, Loss_clf 0.016, Loss_fe 0.037, Loss_pod 0.171, Loss_flat 0.070, Train_accy 99.89, Test_accy 71.26
2024-10-25 15:23:50,044 [pod_foster.py] => Task 1, Epoch 11/150 => Loss 0.194, Loss_clf 0.008, Loss_fe 0.012, Loss_pod 0.131, Loss_flat 0.043, Train_accy 100.00, Test_accy 69.71
2024-10-25 15:24:01,157 [pod_foster.py] => Task 1, Epoch 16/150 => Loss 0.163, Loss_clf 0.006, Loss_fe 0.008, Loss_pod 0.115, Loss_flat 0.033, Train_accy 99.98, Test_accy 69.60
2024-10-25 15:24:11,691 [pod_foster.py] => Task 1, Epoch 21/150 => Loss 0.175, Loss_clf 0.010, Loss_fe 0.012, Loss_pod 0.119, Loss_flat 0.034, Train_accy 99.96, Test_accy 69.76
2024-10-25 15:24:22,165 [pod_foster.py] => Task 1, Epoch 26/150 => Loss 0.374, Loss_clf 0.022, Loss_fe 0.038, Loss_pod 0.223, Loss_flat 0.091, Train_accy 99.51, Test_accy 72.00
2024-10-25 15:24:32,835 [pod_foster.py] => Task 1, Epoch 31/150 => Loss 0.233, Loss_clf 0.010, Loss_fe 0.014, Loss_pod 0.155, Loss_flat 0.053, Train_accy 99.89, Test_accy 70.05
2024-10-25 15:24:43,457 [pod_foster.py] => Task 1, Epoch 36/150 => Loss 0.157, Loss_clf 0.005, Loss_fe 0.006, Loss_pod 0.116, Loss_flat 0.029, Train_accy 100.00, Test_accy 68.64
2024-10-25 15:24:53,735 [pod_foster.py] => Task 1, Epoch 41/150 => Loss 0.138, Loss_clf 0.005, Loss_fe 0.006, Loss_pod 0.102, Loss_flat 0.025, Train_accy 100.00, Test_accy 68.57
2024-10-25 15:25:04,425 [pod_foster.py] => Task 1, Epoch 46/150 => Loss 0.132, Loss_clf 0.005, Loss_fe 0.006, Loss_pod 0.099, Loss_flat 0.023, Train_accy 100.00, Test_accy 69.21
2024-10-25 15:25:14,698 [pod_foster.py] => Task 1, Epoch 51/150 => Loss 0.130, Loss_clf 0.004, Loss_fe 0.006, Loss_pod 0.098, Loss_flat 0.022, Train_accy 100.00, Test_accy 67.74
2024-10-25 15:25:25,350 [pod_foster.py] => Task 1, Epoch 56/150 => Loss 0.120, Loss_clf 0.004, Loss_fe 0.005, Loss_pod 0.090, Loss_flat 0.021, Train_accy 100.00, Test_accy 68.10
2024-10-25 15:25:35,948 [pod_foster.py] => Task 1, Epoch 61/150 => Loss 0.337, Loss_clf 0.042, Loss_fe 0.061, Loss_pod 0.173, Loss_flat 0.061, Train_accy 98.89, Test_accy 56.57
2024-10-25 15:25:46,462 [pod_foster.py] => Task 1, Epoch 66/150 => Loss 0.161, Loss_clf 0.006, Loss_fe 0.006, Loss_pod 0.117, Loss_flat 0.031, Train_accy 100.00, Test_accy 70.05
2024-10-25 15:25:57,165 [pod_foster.py] => Task 1, Epoch 71/150 => Loss 0.130, Loss_clf 0.005, Loss_fe 0.005, Loss_pod 0.097, Loss_flat 0.023, Train_accy 100.00, Test_accy 68.93
2024-10-25 15:26:07,965 [pod_foster.py] => Task 1, Epoch 76/150 => Loss 0.118, Loss_clf 0.004, Loss_fe 0.005, Loss_pod 0.089, Loss_flat 0.021, Train_accy 100.00, Test_accy 68.38
2024-10-25 15:26:18,574 [pod_foster.py] => Task 1, Epoch 81/150 => Loss 0.116, Loss_clf 0.004, Loss_fe 0.005, Loss_pod 0.087, Loss_flat 0.020, Train_accy 100.00, Test_accy 69.60
2024-10-25 15:26:29,471 [pod_foster.py] => Task 1, Epoch 86/150 => Loss 0.113, Loss_clf 0.004, Loss_fe 0.005, Loss_pod 0.084, Loss_flat 0.020, Train_accy 100.00, Test_accy 68.45
2024-10-25 15:26:40,462 [pod_foster.py] => Task 1, Epoch 91/150 => Loss 0.108, Loss_clf 0.004, Loss_fe 0.005, Loss_pod 0.081, Loss_flat 0.019, Train_accy 100.00, Test_accy 68.57
2024-10-25 15:26:51,358 [pod_foster.py] => Task 1, Epoch 96/150 => Loss 0.114, Loss_clf 0.005, Loss_fe 0.006, Loss_pod 0.082, Loss_flat 0.021, Train_accy 100.00, Test_accy 70.71
2024-10-25 15:27:02,147 [pod_foster.py] => Task 1, Epoch 101/150 => Loss 0.102, Loss_clf 0.004, Loss_fe 0.005, Loss_pod 0.075, Loss_flat 0.018, Train_accy 100.00, Test_accy 67.57
2024-10-25 15:27:12,799 [pod_foster.py] => Task 1, Epoch 106/150 => Loss 0.101, Loss_clf 0.004, Loss_fe 0.005, Loss_pod 0.074, Loss_flat 0.018, Train_accy 100.00, Test_accy 69.10
2024-10-25 15:27:23,703 [pod_foster.py] => Task 1, Epoch 111/150 => Loss 0.101, Loss_clf 0.004, Loss_fe 0.005, Loss_pod 0.073, Loss_flat 0.018, Train_accy 100.00, Test_accy 68.48
2024-10-25 15:27:34,291 [pod_foster.py] => Task 1, Epoch 116/150 => Loss 0.098, Loss_clf 0.004, Loss_fe 0.005, Loss_pod 0.071, Loss_flat 0.017, Train_accy 100.00, Test_accy 69.93
2024-10-25 15:27:45,095 [pod_foster.py] => Task 1, Epoch 121/150 => Loss 0.093, Loss_clf 0.004, Loss_fe 0.005, Loss_pod 0.067, Loss_flat 0.017, Train_accy 100.00, Test_accy 68.74
2024-10-25 15:27:55,880 [pod_foster.py] => Task 1, Epoch 126/150 => Loss 0.093, Loss_clf 0.004, Loss_fe 0.005, Loss_pod 0.067, Loss_flat 0.017, Train_accy 100.00, Test_accy 67.95
2024-10-25 15:28:06,554 [pod_foster.py] => Task 1, Epoch 131/150 => Loss 0.093, Loss_clf 0.004, Loss_fe 0.005, Loss_pod 0.067, Loss_flat 0.017, Train_accy 100.00, Test_accy 68.14
2024-10-25 15:28:17,573 [pod_foster.py] => Task 1, Epoch 136/150 => Loss 0.088, Loss_clf 0.004, Loss_fe 0.005, Loss_pod 0.063, Loss_flat 0.017, Train_accy 100.00, Test_accy 69.07
2024-10-25 15:28:28,665 [pod_foster.py] => Task 1, Epoch 141/150 => Loss 0.089, Loss_clf 0.004, Loss_fe 0.005, Loss_pod 0.063, Loss_flat 0.017, Train_accy 100.00, Test_accy 68.74
2024-10-25 15:28:40,005 [pod_foster.py] => Task 1, Epoch 146/150 => Loss 0.091, Loss_clf 0.004, Loss_fe 0.005, Loss_pod 0.066, Loss_flat 0.017, Train_accy 100.00, Test_accy 69.62
2024-10-25 15:28:48,354 [pod_foster.py] => Task 1, Epoch 150/150 => Loss 0.090, Loss_clf 0.004, Loss_fe 0.005, Loss_pod 0.064, Loss_flat 0.017, Train_accy 100.00
2024-10-25 15:28:48,355 [inc_net.py] => align weights, gamma = 0.5155702233314514 
2024-10-25 15:28:48,357 [pod_foster.py] => per cls weights : [1.01377356 1.01377356 1.01377356 1.01377356 1.01377356 0.96556609
 0.96556609]
2024-10-25 15:28:51,074 [pod_foster.py] => SNet: Task 1, Epoch 1/120 => Loss 1.263,  Train_accy 68.56, Test_accy 65.98
2024-10-25 15:29:00,378 [pod_foster.py] => SNet: Task 1, Epoch 6/120 => Loss 0.983,  Train_accy 93.22, Test_accy 75.95
2024-10-25 15:29:10,004 [pod_foster.py] => SNet: Task 1, Epoch 11/120 => Loss 0.975,  Train_accy 93.89, Test_accy 76.05
2024-10-25 15:29:19,828 [pod_foster.py] => SNet: Task 1, Epoch 16/120 => Loss 0.969,  Train_accy 94.04, Test_accy 77.36
2024-10-25 15:29:29,456 [pod_foster.py] => SNet: Task 1, Epoch 21/120 => Loss 0.970,  Train_accy 94.62, Test_accy 77.74
2024-10-25 15:29:39,126 [pod_foster.py] => SNet: Task 1, Epoch 26/120 => Loss 0.966,  Train_accy 94.56, Test_accy 77.55
2024-10-25 15:29:48,736 [pod_foster.py] => SNet: Task 1, Epoch 31/120 => Loss 0.969,  Train_accy 94.29, Test_accy 77.86
2024-10-25 15:29:58,501 [pod_foster.py] => SNet: Task 1, Epoch 36/120 => Loss 0.967,  Train_accy 94.44, Test_accy 77.38
2024-10-25 15:30:08,343 [pod_foster.py] => SNet: Task 1, Epoch 41/120 => Loss 0.964,  Train_accy 94.51, Test_accy 78.12
2024-10-25 15:30:18,118 [pod_foster.py] => SNet: Task 1, Epoch 46/120 => Loss 0.963,  Train_accy 94.49, Test_accy 77.79
2024-10-25 15:30:27,935 [pod_foster.py] => SNet: Task 1, Epoch 51/120 => Loss 0.964,  Train_accy 94.78, Test_accy 77.69
2024-10-25 15:30:37,867 [pod_foster.py] => SNet: Task 1, Epoch 56/120 => Loss 0.963,  Train_accy 94.64, Test_accy 78.17
2024-10-25 15:30:47,807 [pod_foster.py] => SNet: Task 1, Epoch 61/120 => Loss 0.963,  Train_accy 94.64, Test_accy 78.29
2024-10-25 15:30:57,516 [pod_foster.py] => SNet: Task 1, Epoch 66/120 => Loss 0.963,  Train_accy 95.13, Test_accy 77.71
2024-10-25 15:31:07,365 [pod_foster.py] => SNet: Task 1, Epoch 71/120 => Loss 0.963,  Train_accy 94.64, Test_accy 79.38
2024-10-25 15:31:17,322 [pod_foster.py] => SNet: Task 1, Epoch 76/120 => Loss 0.963,  Train_accy 95.07, Test_accy 79.29
2024-10-25 15:31:27,104 [pod_foster.py] => SNet: Task 1, Epoch 81/120 => Loss 0.961,  Train_accy 94.78, Test_accy 78.95
2024-10-25 15:31:37,143 [pod_foster.py] => SNet: Task 1, Epoch 86/120 => Loss 0.962,  Train_accy 94.93, Test_accy 78.64
2024-10-25 15:31:47,188 [pod_foster.py] => SNet: Task 1, Epoch 91/120 => Loss 0.963,  Train_accy 95.07, Test_accy 79.02
2024-10-25 15:31:56,421 [pod_foster.py] => SNet: Task 1, Epoch 96/120 => Loss 0.960,  Train_accy 95.11, Test_accy 78.24
2024-10-25 15:32:06,307 [pod_foster.py] => SNet: Task 1, Epoch 101/120 => Loss 0.959,  Train_accy 95.00, Test_accy 78.74
2024-10-25 15:32:16,329 [pod_foster.py] => SNet: Task 1, Epoch 106/120 => Loss 0.961,  Train_accy 94.96, Test_accy 79.10
2024-10-25 15:32:26,067 [pod_foster.py] => SNet: Task 1, Epoch 111/120 => Loss 0.962,  Train_accy 95.09, Test_accy 79.90
2024-10-25 15:32:35,809 [pod_foster.py] => SNet: Task 1, Epoch 116/120 => Loss 0.960,  Train_accy 95.20, Test_accy 78.45
2024-10-25 15:32:42,712 [pod_foster.py] => SNet: Task 1, Epoch 120/120 => Loss 0.960,  Train_accy 95.13
2024-10-25 15:32:42,712 [pod_foster.py] => do not weight align student!
2024-10-25 15:32:43,439 [pod_foster.py] => darknet eval: 
2024-10-25 15:32:43,440 [pod_foster.py] => CNN top1 curve: 79.0
2024-10-25 15:32:43,440 [pod_foster.py] => CNN top5 curve: 98.5
2024-10-25 15:32:43,441 [pod_foster.py] => All params after compression: 3851086
2024-10-25 15:32:43,442 [base.py] => Reducing exemplars...(71 per classes)
2024-10-25 15:32:44,777 [base.py] => Constructing exemplars...(71 per classes)
2024-10-25 15:32:51,428 [trainer.py] => All params: 7701139
2024-10-25 15:32:53,636 [pod_foster.py] => Exemplar size: 497
2024-10-25 15:32:53,637 [trainer.py] => CNN: {'total': 80.36, '00-04': 79.7, '05-06': 82.0, 'old': 79.7, 'new': 82.0}
2024-10-25 15:32:53,637 [trainer.py] => NME: {'total': 73.43, '00-04': 78.47, '05-06': 60.83, 'old': 78.47, 'new': 60.83}
2024-10-25 15:32:53,637 [trainer.py] => CNN top1 curve: [89.93, 80.36]
2024-10-25 15:32:53,637 [trainer.py] => CNN top5 curve: [100.0, 98.5]
2024-10-25 15:32:53,637 [trainer.py] => NME top1 curve: [90.0, 73.43]
2024-10-25 15:32:53,637 [trainer.py] => NME top5 curve: [100.0, 98.88]

2024-10-25 15:32:53,637 [trainer.py] => Average Accuracy (CNN): 85.14500000000001
2024-10-25 15:32:53,637 [trainer.py] => Average Accuracy (NME): 81.715
2024-10-25 15:32:53,638 [trainer.py] => All params: 7701139
2024-10-25 15:32:53,638 [trainer.py] => Trainable params: 3854670
2024-10-25 15:32:53,681 [pod_foster.py] => Learning on 7-9
2024-10-25 15:32:53,682 [pod_foster.py] => All params: 7705241
2024-10-25 15:32:53,682 [pod_foster.py] => Trainable params: 3857746
2024-10-25 15:32:53,716 [pod_foster.py] => Adaptive factor: 2.1213203435596424
2024-10-25 15:32:53,737 [pod_foster.py] => per cls weights : [1.01239929 1.01239929 1.01239929 1.01239929 1.01239929 1.01239929
 1.01239929 0.95660248 0.95660248]
2024-10-25 15:32:56,965 [pod_foster.py] => Task 2, Epoch 1/150 => Loss 1.996, Loss_clf 0.685, Loss_fe 0.676, Loss_pod 0.412, Loss_flat 0.223, Train_accy 84.97, Test_accy 64.69
2024-10-25 15:33:08,216 [pod_foster.py] => Task 2, Epoch 6/150 => Loss 0.310, Loss_clf 0.011, Loss_fe 0.052, Loss_pod 0.189, Loss_flat 0.058, Train_accy 100.00, Test_accy 67.81
2024-10-25 15:33:19,203 [pod_foster.py] => Task 2, Epoch 11/150 => Loss 0.227, Loss_clf 0.008, Loss_fe 0.015, Loss_pod 0.160, Loss_flat 0.044, Train_accy 99.98, Test_accy 67.30
2024-10-25 15:33:30,570 [pod_foster.py] => Task 2, Epoch 16/150 => Loss 0.217, Loss_clf 0.007, Loss_fe 0.010, Loss_pod 0.162, Loss_flat 0.039, Train_accy 99.98, Test_accy 69.85
2024-10-25 15:33:41,846 [pod_foster.py] => Task 2, Epoch 21/150 => Loss 0.167, Loss_clf 0.005, Loss_fe 0.008, Loss_pod 0.128, Loss_flat 0.026, Train_accy 100.00, Test_accy 68.61
2024-10-25 15:33:52,782 [pod_foster.py] => Task 2, Epoch 26/150 => Loss 0.163, Loss_clf 0.006, Loss_fe 0.008, Loss_pod 0.124, Loss_flat 0.026, Train_accy 100.00, Test_accy 67.02
2024-10-25 15:34:03,916 [pod_foster.py] => Task 2, Epoch 31/150 => Loss 0.674, Loss_clf 0.064, Loss_fe 0.158, Loss_pod 0.328, Loss_flat 0.124, Train_accy 98.11, Test_accy 57.94
2024-10-25 15:34:15,185 [pod_foster.py] => Task 2, Epoch 36/150 => Loss 0.179, Loss_clf 0.005, Loss_fe 0.006, Loss_pod 0.138, Loss_flat 0.030, Train_accy 100.00, Test_accy 69.69
2024-10-25 15:34:26,375 [pod_foster.py] => Task 2, Epoch 41/150 => Loss 0.167, Loss_clf 0.005, Loss_fe 0.006, Loss_pod 0.127, Loss_flat 0.029, Train_accy 100.00, Test_accy 69.19
2024-10-25 15:34:37,904 [pod_foster.py] => Task 2, Epoch 46/150 => Loss 0.155, Loss_clf 0.005, Loss_fe 0.006, Loss_pod 0.120, Loss_flat 0.025, Train_accy 100.00, Test_accy 69.93
2024-10-25 15:34:49,500 [pod_foster.py] => Task 2, Epoch 51/150 => Loss 0.147, Loss_clf 0.005, Loss_fe 0.006, Loss_pod 0.114, Loss_flat 0.022, Train_accy 100.00, Test_accy 67.44
2024-10-25 15:35:00,666 [pod_foster.py] => Task 2, Epoch 56/150 => Loss 0.143, Loss_clf 0.005, Loss_fe 0.007, Loss_pod 0.109, Loss_flat 0.021, Train_accy 100.00, Test_accy 64.98
2024-10-25 15:35:11,882 [pod_foster.py] => Task 2, Epoch 61/150 => Loss 0.136, Loss_clf 0.005, Loss_fe 0.006, Loss_pod 0.105, Loss_flat 0.021, Train_accy 100.00, Test_accy 67.59
2024-10-25 15:35:23,233 [pod_foster.py] => Task 2, Epoch 66/150 => Loss 0.150, Loss_clf 0.005, Loss_fe 0.007, Loss_pod 0.114, Loss_flat 0.024, Train_accy 100.00, Test_accy 73.94
2024-10-25 15:35:34,344 [pod_foster.py] => Task 2, Epoch 71/150 => Loss 0.146, Loss_clf 0.006, Loss_fe 0.007, Loss_pod 0.111, Loss_flat 0.023, Train_accy 99.98, Test_accy 70.48
2024-10-25 15:35:45,601 [pod_foster.py] => Task 2, Epoch 76/150 => Loss 0.127, Loss_clf 0.004, Loss_fe 0.005, Loss_pod 0.098, Loss_flat 0.019, Train_accy 100.00, Test_accy 67.50
2024-10-25 15:35:56,645 [pod_foster.py] => Task 2, Epoch 81/150 => Loss 0.126, Loss_clf 0.004, Loss_fe 0.005, Loss_pod 0.097, Loss_flat 0.020, Train_accy 100.00, Test_accy 69.20
2024-10-25 15:36:07,936 [pod_foster.py] => Task 2, Epoch 86/150 => Loss 0.124, Loss_clf 0.004, Loss_fe 0.005, Loss_pod 0.097, Loss_flat 0.018, Train_accy 100.00, Test_accy 65.52
2024-10-25 15:36:19,098 [pod_foster.py] => Task 2, Epoch 91/150 => Loss 0.119, Loss_clf 0.004, Loss_fe 0.005, Loss_pod 0.091, Loss_flat 0.018, Train_accy 100.00, Test_accy 67.72
2024-10-25 15:36:30,406 [pod_foster.py] => Task 2, Epoch 96/150 => Loss 0.114, Loss_clf 0.004, Loss_fe 0.005, Loss_pod 0.087, Loss_flat 0.017, Train_accy 100.00, Test_accy 66.70
2024-10-25 15:36:41,663 [pod_foster.py] => Task 2, Epoch 101/150 => Loss 0.120, Loss_clf 0.004, Loss_fe 0.005, Loss_pod 0.093, Loss_flat 0.018, Train_accy 100.00, Test_accy 66.20
2024-10-25 15:36:53,070 [pod_foster.py] => Task 2, Epoch 106/150 => Loss 0.150, Loss_clf 0.006, Loss_fe 0.007, Loss_pod 0.111, Loss_flat 0.027, Train_accy 100.00, Test_accy 68.04
2024-10-25 15:37:04,487 [pod_foster.py] => Task 2, Epoch 111/150 => Loss 0.120, Loss_clf 0.005, Loss_fe 0.006, Loss_pod 0.091, Loss_flat 0.019, Train_accy 100.00, Test_accy 68.91
2024-10-25 15:37:15,875 [pod_foster.py] => Task 2, Epoch 116/150 => Loss 0.117, Loss_clf 0.005, Loss_fe 0.006, Loss_pod 0.087, Loss_flat 0.018, Train_accy 100.00, Test_accy 66.94
2024-10-25 15:37:27,167 [pod_foster.py] => Task 2, Epoch 121/150 => Loss 0.107, Loss_clf 0.004, Loss_fe 0.005, Loss_pod 0.081, Loss_flat 0.017, Train_accy 100.00, Test_accy 67.81
2024-10-25 15:37:38,481 [pod_foster.py] => Task 2, Epoch 126/150 => Loss 0.108, Loss_clf 0.004, Loss_fe 0.005, Loss_pod 0.082, Loss_flat 0.017, Train_accy 100.00, Test_accy 68.50
2024-10-25 15:37:49,912 [pod_foster.py] => Task 2, Epoch 131/150 => Loss 0.102, Loss_clf 0.004, Loss_fe 0.005, Loss_pod 0.076, Loss_flat 0.017, Train_accy 100.00, Test_accy 68.48
2024-10-25 15:38:01,229 [pod_foster.py] => Task 2, Epoch 136/150 => Loss 0.099, Loss_clf 0.004, Loss_fe 0.005, Loss_pod 0.074, Loss_flat 0.016, Train_accy 100.00, Test_accy 69.15
2024-10-25 15:38:12,622 [pod_foster.py] => Task 2, Epoch 141/150 => Loss 0.097, Loss_clf 0.004, Loss_fe 0.005, Loss_pod 0.072, Loss_flat 0.016, Train_accy 100.00, Test_accy 68.78
2024-10-25 15:38:23,949 [pod_foster.py] => Task 2, Epoch 146/150 => Loss 0.100, Loss_clf 0.004, Loss_fe 0.005, Loss_pod 0.073, Loss_flat 0.017, Train_accy 100.00, Test_accy 66.20
2024-10-25 15:38:31,744 [pod_foster.py] => Task 2, Epoch 150/150 => Loss 0.095, Loss_clf 0.004, Loss_fe 0.005, Loss_pod 0.070, Loss_flat 0.016, Train_accy 100.00
2024-10-25 15:38:31,745 [inc_net.py] => align weights, gamma = 0.5283130407333374 
2024-10-25 15:38:31,746 [pod_foster.py] => per cls weights : [1.02623168 1.02623168 1.02623168 1.02623168 1.02623168 1.02623168
 1.02623168 0.90818914 0.90818914]
2024-10-25 15:38:34,468 [pod_foster.py] => SNet: Task 2, Epoch 1/120 => Loss 1.541,  Train_accy 74.49, Test_accy 60.89
2024-10-25 15:38:44,138 [pod_foster.py] => SNet: Task 2, Epoch 6/120 => Loss 1.275,  Train_accy 96.40, Test_accy 72.43
2024-10-25 15:38:54,069 [pod_foster.py] => SNet: Task 2, Epoch 11/120 => Loss 1.275,  Train_accy 96.78, Test_accy 73.94
2024-10-25 15:39:03,830 [pod_foster.py] => SNet: Task 2, Epoch 16/120 => Loss 1.270,  Train_accy 97.18, Test_accy 74.24
2024-10-25 15:39:13,801 [pod_foster.py] => SNet: Task 2, Epoch 21/120 => Loss 1.271,  Train_accy 96.84, Test_accy 74.46
2024-10-25 15:39:23,665 [pod_foster.py] => SNet: Task 2, Epoch 26/120 => Loss 1.269,  Train_accy 97.55, Test_accy 76.48
2024-10-25 15:39:33,746 [pod_foster.py] => SNet: Task 2, Epoch 31/120 => Loss 1.265,  Train_accy 97.60, Test_accy 76.57
2024-10-25 15:39:43,426 [pod_foster.py] => SNet: Task 2, Epoch 36/120 => Loss 1.266,  Train_accy 97.51, Test_accy 77.43
2024-10-25 15:39:52,756 [pod_foster.py] => SNet: Task 2, Epoch 41/120 => Loss 1.263,  Train_accy 97.42, Test_accy 77.17
2024-10-25 15:40:02,581 [pod_foster.py] => SNet: Task 2, Epoch 46/120 => Loss 1.264,  Train_accy 97.71, Test_accy 76.72
2024-10-25 15:40:12,312 [pod_foster.py] => SNet: Task 2, Epoch 51/120 => Loss 1.265,  Train_accy 97.46, Test_accy 76.94
2024-10-25 15:40:22,211 [pod_foster.py] => SNet: Task 2, Epoch 56/120 => Loss 1.265,  Train_accy 97.64, Test_accy 77.26
2024-10-25 15:40:31,908 [pod_foster.py] => SNet: Task 2, Epoch 61/120 => Loss 1.266,  Train_accy 97.44, Test_accy 76.85
2024-10-25 15:40:41,703 [pod_foster.py] => SNet: Task 2, Epoch 66/120 => Loss 1.262,  Train_accy 97.80, Test_accy 77.52
2024-10-25 15:40:51,456 [pod_foster.py] => SNet: Task 2, Epoch 71/120 => Loss 1.264,  Train_accy 97.80, Test_accy 77.48
2024-10-25 15:41:01,265 [pod_foster.py] => SNet: Task 2, Epoch 76/120 => Loss 1.265,  Train_accy 97.71, Test_accy 77.44
2024-10-25 15:41:10,985 [pod_foster.py] => SNet: Task 2, Epoch 81/120 => Loss 1.266,  Train_accy 97.69, Test_accy 77.28
2024-10-25 15:41:20,981 [pod_foster.py] => SNet: Task 2, Epoch 86/120 => Loss 1.260,  Train_accy 97.75, Test_accy 76.81
2024-10-25 15:41:30,744 [pod_foster.py] => SNet: Task 2, Epoch 91/120 => Loss 1.263,  Train_accy 97.89, Test_accy 77.80
2024-10-25 15:41:40,777 [pod_foster.py] => SNet: Task 2, Epoch 96/120 => Loss 1.260,  Train_accy 97.87, Test_accy 77.30
2024-10-25 15:41:50,192 [pod_foster.py] => SNet: Task 2, Epoch 101/120 => Loss 1.261,  Train_accy 97.87, Test_accy 77.48
2024-10-25 15:41:59,627 [pod_foster.py] => SNet: Task 2, Epoch 106/120 => Loss 1.263,  Train_accy 97.78, Test_accy 77.54
2024-10-25 15:42:09,438 [pod_foster.py] => SNet: Task 2, Epoch 111/120 => Loss 1.263,  Train_accy 97.84, Test_accy 77.91
2024-10-25 15:42:19,806 [pod_foster.py] => SNet: Task 2, Epoch 116/120 => Loss 1.264,  Train_accy 97.78, Test_accy 77.24
2024-10-25 15:42:26,816 [pod_foster.py] => SNet: Task 2, Epoch 120/120 => Loss 1.262,  Train_accy 97.84
2024-10-25 15:42:26,816 [pod_foster.py] => do not weight align student!
2024-10-25 15:42:27,708 [pod_foster.py] => darknet eval: 
2024-10-25 15:42:27,708 [pod_foster.py] => CNN top1 curve: 78.15
2024-10-25 15:42:27,708 [pod_foster.py] => CNN top5 curve: 96.52
2024-10-25 15:42:27,710 [pod_foster.py] => All params after compression: 3853138
2024-10-25 15:42:27,710 [base.py] => Reducing exemplars...(55 per classes)
2024-10-25 15:42:29,267 [base.py] => Constructing exemplars...(55 per classes)
2024-10-25 15:42:32,559 [trainer.py] => All params: 7705241
2024-10-25 15:42:34,937 [pod_foster.py] => Exemplar size: 495
2024-10-25 15:42:34,937 [trainer.py] => CNN: {'total': 77.07, '00-04': 66.6, '05-06': 90.67, '07-08': 89.67, 'old': 73.48, 'new': 89.67}
2024-10-25 15:42:34,937 [trainer.py] => NME: {'total': 73.02, '00-04': 68.8, '05-06': 76.17, '07-08': 80.42, 'old': 70.9, 'new': 80.42}
2024-10-25 15:42:34,937 [trainer.py] => CNN top1 curve: [89.93, 80.36, 77.07]
2024-10-25 15:42:34,937 [trainer.py] => CNN top5 curve: [100.0, 98.5, 96.52]
2024-10-25 15:42:34,937 [trainer.py] => NME top1 curve: [90.0, 73.43, 73.02]
2024-10-25 15:42:34,938 [trainer.py] => NME top5 curve: [100.0, 98.88, 96.17]

2024-10-25 15:42:34,938 [trainer.py] => Average Accuracy (CNN): 82.45333333333333
2024-10-25 15:42:34,938 [trainer.py] => Average Accuracy (NME): 78.81666666666666
2024-10-25 15:42:34,938 [trainer.py] => Forgetting (CNN): 11.665000000000006
