2024-08-30 14:57:18,033 [trainer.py] => config: ./exps/icarl.json
2024-08-30 14:57:18,033 [trainer.py] => prefix: cil
2024-08-30 14:57:18,033 [trainer.py] => dataset: hrrp9
2024-08-30 14:57:18,033 [trainer.py] => memory_size: 500
2024-08-30 14:57:18,033 [trainer.py] => memory_per_class: 20
2024-08-30 14:57:18,033 [trainer.py] => fixed_memory: False
2024-08-30 14:57:18,033 [trainer.py] => shuffle: True
2024-08-30 14:57:18,033 [trainer.py] => init_cls: 5
2024-08-30 14:57:18,033 [trainer.py] => increment: 2
2024-08-30 14:57:18,033 [trainer.py] => model_name: icarl
2024-08-30 14:57:18,033 [trainer.py] => convnet_type: resnet18
2024-08-30 14:57:18,033 [trainer.py] => device: [device(type='cuda', index=4)]
2024-08-30 14:57:18,033 [trainer.py] => init_train: False
2024-08-30 14:57:18,033 [trainer.py] => convnet_path: checkpoints/init_train/resnet18_42503.pth
2024-08-30 14:57:18,033 [trainer.py] => fc_path: checkpoints/init_train/fc_42503.pth
2024-08-30 14:57:18,033 [trainer.py] => seed: 1993
2024-08-30 14:57:18,503 [data_manager.py] => [4, 2, 5, 0, 3, 6, 7, 8, 1]
2024-08-30 14:57:20,483 [trainer.py] => All params: 3843904
2024-08-30 14:57:20,483 [trainer.py] => Trainable params: 3843904
2024-08-30 14:57:20,485 [icarl.py] => Learning on 0-5
2024-08-30 14:57:22,062 [icarl.py] => init_train?---False
2024-08-30 14:57:25,284 [base.py] => Reducing exemplars...(100 per classes)
2024-08-30 14:57:25,284 [base.py] => Constructing exemplars...(100 per classes)
2024-08-30 14:57:34,455 [icarl.py] => Exemplar size: 500
2024-08-30 14:57:34,456 [trainer.py] => CNN: {'total': 89.93, '00-04': 89.93, 'old': 0, 'new': 89.93}
2024-08-30 14:57:34,456 [trainer.py] => NME: {'total': 90.0, '00-04': 90.0, 'old': 0, 'new': 90.0}
2024-08-30 14:57:34,456 [trainer.py] => CNN top1 curve: [89.93]
2024-08-30 14:57:34,456 [trainer.py] => CNN top5 curve: [100.0]
2024-08-30 14:57:34,456 [trainer.py] => NME top1 curve: [90.0]
2024-08-30 14:57:34,456 [trainer.py] => NME top5 curve: [100.0]

2024-08-30 14:57:34,456 [trainer.py] => Average Accuracy (CNN): 89.93
2024-08-30 14:57:34,456 [trainer.py] => Average Accuracy (NME): 90.0
2024-08-30 14:57:34,457 [trainer.py] => All params: 3846469
2024-08-30 14:57:34,457 [trainer.py] => Trainable params: 3846469
2024-08-30 14:57:34,458 [icarl.py] => Learning on 5-7
2024-08-30 14:57:37,539 [icarl.py] => Task 1, Epoch 1/100 => Loss 2.026, Train_accy 75.47, Test_accy 26.93
2024-08-30 14:57:45,778 [icarl.py] => Task 1, Epoch 6/100 => Loss 1.057, Train_accy 98.11, Test_accy 56.60
2024-08-30 14:57:54,741 [icarl.py] => Task 1, Epoch 11/100 => Loss 0.933, Train_accy 99.98, Test_accy 67.10
2024-08-30 14:58:03,189 [icarl.py] => Task 1, Epoch 16/100 => Loss 0.924, Train_accy 99.98, Test_accy 66.33
2024-08-30 14:58:11,624 [icarl.py] => Task 1, Epoch 21/100 => Loss 0.925, Train_accy 100.00, Test_accy 71.60
2024-08-30 14:58:20,418 [icarl.py] => Task 1, Epoch 26/100 => Loss 0.980, Train_accy 99.62, Test_accy 65.21
2024-08-30 14:58:29,112 [icarl.py] => Task 1, Epoch 31/100 => Loss 0.937, Train_accy 99.91, Test_accy 65.88
2024-08-30 14:58:37,381 [icarl.py] => Task 1, Epoch 36/100 => Loss 0.927, Train_accy 99.98, Test_accy 68.67
2024-08-30 14:58:45,480 [icarl.py] => Task 1, Epoch 41/100 => Loss 0.919, Train_accy 100.00, Test_accy 67.93
2024-08-30 14:58:53,468 [icarl.py] => Task 1, Epoch 46/100 => Loss 0.911, Train_accy 100.00, Test_accy 68.67
2024-08-30 14:59:01,757 [icarl.py] => Task 1, Epoch 51/100 => Loss 0.912, Train_accy 100.00, Test_accy 66.57
2024-08-30 14:59:10,074 [icarl.py] => Task 1, Epoch 56/100 => Loss 0.914, Train_accy 100.00, Test_accy 67.93
2024-08-30 14:59:18,509 [icarl.py] => Task 1, Epoch 61/100 => Loss 0.913, Train_accy 100.00, Test_accy 67.67
2024-08-30 14:59:26,422 [icarl.py] => Task 1, Epoch 66/100 => Loss 0.905, Train_accy 100.00, Test_accy 69.21
2024-08-30 14:59:34,511 [icarl.py] => Task 1, Epoch 71/100 => Loss 0.911, Train_accy 100.00, Test_accy 69.55
2024-08-30 14:59:42,251 [icarl.py] => Task 1, Epoch 76/100 => Loss 0.903, Train_accy 100.00, Test_accy 69.12
2024-08-30 14:59:50,410 [icarl.py] => Task 1, Epoch 81/100 => Loss 0.908, Train_accy 100.00, Test_accy 69.48
2024-08-30 14:59:58,971 [icarl.py] => Task 1, Epoch 86/100 => Loss 0.909, Train_accy 100.00, Test_accy 68.55
2024-08-30 15:00:07,160 [icarl.py] => Task 1, Epoch 91/100 => Loss 0.907, Train_accy 100.00, Test_accy 69.52
2024-08-30 15:00:15,089 [icarl.py] => Task 1, Epoch 96/100 => Loss 0.907, Train_accy 100.00, Test_accy 69.64
2024-08-30 15:00:20,762 [icarl.py] => Task 1, Epoch 100/100 => Loss 0.908, Train_accy 100.00
2024-08-30 15:00:20,763 [base.py] => Reducing exemplars...(71 per classes)
2024-08-30 15:00:23,025 [base.py] => Constructing exemplars...(71 per classes)
2024-08-30 15:00:27,561 [icarl.py] => Exemplar size: 497
2024-08-30 15:00:27,562 [trainer.py] => CNN: {'total': 69.79, '00-04': 58.97, '05-06': 96.83, 'old': 58.97, 'new': 96.83}
2024-08-30 15:00:27,562 [trainer.py] => NME: {'total': 77.5, '00-04': 71.43, '05-06': 92.67, 'old': 71.43, 'new': 92.67}
2024-08-30 15:00:27,562 [trainer.py] => CNN top1 curve: [89.93, 69.79]
2024-08-30 15:00:27,562 [trainer.py] => CNN top5 curve: [100.0, 98.64]
2024-08-30 15:00:27,562 [trainer.py] => NME top1 curve: [90.0, 77.5]
2024-08-30 15:00:27,562 [trainer.py] => NME top5 curve: [100.0, 98.71]

2024-08-30 15:00:27,562 [trainer.py] => Average Accuracy (CNN): 79.86000000000001
2024-08-30 15:00:27,562 [trainer.py] => Average Accuracy (NME): 83.75
2024-08-30 15:00:27,562 [trainer.py] => All params: 3847495
2024-08-30 15:00:27,563 [trainer.py] => Trainable params: 3847495
2024-08-30 15:00:27,563 [icarl.py] => Learning on 7-9
2024-08-30 15:00:30,056 [icarl.py] => Task 2, Epoch 1/100 => Loss 2.758, Train_accy 75.03, Test_accy 20.65
2024-08-30 15:00:37,941 [icarl.py] => Task 2, Epoch 6/100 => Loss 1.257, Train_accy 96.89, Test_accy 55.85
2024-08-30 15:00:45,846 [icarl.py] => Task 2, Epoch 11/100 => Loss 1.065, Train_accy 99.87, Test_accy 67.09
2024-08-30 15:00:53,907 [icarl.py] => Task 2, Epoch 16/100 => Loss 1.025, Train_accy 100.00, Test_accy 67.54
2024-08-30 15:01:02,224 [icarl.py] => Task 2, Epoch 21/100 => Loss 1.016, Train_accy 100.00, Test_accy 68.69
2024-08-30 15:01:10,320 [icarl.py] => Task 2, Epoch 26/100 => Loss 1.012, Train_accy 100.00, Test_accy 69.13
2024-08-30 15:01:18,208 [icarl.py] => Task 2, Epoch 31/100 => Loss 1.022, Train_accy 99.98, Test_accy 68.09
2024-08-30 15:01:26,318 [icarl.py] => Task 2, Epoch 36/100 => Loss 1.011, Train_accy 100.00, Test_accy 68.35
2024-08-30 15:01:34,446 [icarl.py] => Task 2, Epoch 41/100 => Loss 1.056, Train_accy 99.80, Test_accy 64.20
2024-08-30 15:01:42,221 [icarl.py] => Task 2, Epoch 46/100 => Loss 1.065, Train_accy 99.60, Test_accy 64.72
2024-08-30 15:01:50,223 [icarl.py] => Task 2, Epoch 51/100 => Loss 1.017, Train_accy 100.00, Test_accy 67.91
2024-08-30 15:01:58,277 [icarl.py] => Task 2, Epoch 56/100 => Loss 1.008, Train_accy 100.00, Test_accy 68.37
2024-08-30 15:02:06,278 [icarl.py] => Task 2, Epoch 61/100 => Loss 1.010, Train_accy 100.00, Test_accy 68.69
2024-08-30 15:02:14,182 [icarl.py] => Task 2, Epoch 66/100 => Loss 0.998, Train_accy 100.00, Test_accy 68.83
2024-08-30 15:02:22,062 [icarl.py] => Task 2, Epoch 71/100 => Loss 1.000, Train_accy 100.00, Test_accy 68.52
2024-08-30 15:02:30,461 [icarl.py] => Task 2, Epoch 76/100 => Loss 1.004, Train_accy 100.00, Test_accy 68.13
2024-08-30 15:02:38,110 [icarl.py] => Task 2, Epoch 81/100 => Loss 1.003, Train_accy 100.00, Test_accy 68.94
2024-08-30 15:02:45,793 [icarl.py] => Task 2, Epoch 86/100 => Loss 1.006, Train_accy 100.00, Test_accy 68.94
2024-08-30 15:02:53,912 [icarl.py] => Task 2, Epoch 91/100 => Loss 0.996, Train_accy 100.00, Test_accy 69.74
2024-08-30 15:03:02,118 [icarl.py] => Task 2, Epoch 96/100 => Loss 1.001, Train_accy 100.00, Test_accy 69.37
2024-08-30 15:03:07,600 [icarl.py] => Task 2, Epoch 100/100 => Loss 0.996, Train_accy 100.00
2024-08-30 15:03:07,601 [base.py] => Reducing exemplars...(55 per classes)
2024-08-30 15:03:10,637 [base.py] => Constructing exemplars...(55 per classes)
2024-08-30 15:03:15,476 [icarl.py] => Exemplar size: 495
2024-08-30 15:03:15,476 [trainer.py] => CNN: {'total': 69.07, '00-04': 56.27, '05-06': 74.67, '07-08': 95.5, 'old': 61.52, 'new': 95.5}
2024-08-30 15:03:15,476 [trainer.py] => NME: {'total': 74.61, '00-04': 66.2, '05-06': 78.92, '07-08': 91.33, 'old': 69.83, 'new': 91.33}
2024-08-30 15:03:15,476 [trainer.py] => CNN top1 curve: [89.93, 69.79, 69.07]
2024-08-30 15:03:15,476 [trainer.py] => CNN top5 curve: [100.0, 98.64, 96.2]
2024-08-30 15:03:15,476 [trainer.py] => NME top1 curve: [90.0, 77.5, 74.61]
2024-08-30 15:03:15,476 [trainer.py] => NME top5 curve: [100.0, 98.71, 96.87]

2024-08-30 15:03:15,476 [trainer.py] => Average Accuracy (CNN): 76.26333333333334
2024-08-30 15:03:15,476 [trainer.py] => Average Accuracy (NME): 80.70333333333333
2024-08-30 15:03:15,477 [trainer.py] => Forgetting (CNN): 27.91
