2025-04-08 21:29:37,629 [trainer.py] => config: ./exps/POD_foster.json
2025-04-08 21:29:37,629 [trainer.py] => prefix: cil
2025-04-08 21:29:37,629 [trainer.py] => dataset: hrrp9
2025-04-08 21:29:37,629 [trainer.py] => memory_size: 500
2025-04-08 21:29:37,629 [trainer.py] => memory_per_class: 20
2025-04-08 21:29:37,629 [trainer.py] => fixed_memory: False
2025-04-08 21:29:37,629 [trainer.py] => shuffle: True
2025-04-08 21:29:37,629 [trainer.py] => init_cls: 5
2025-04-08 21:29:37,629 [trainer.py] => increment: 2
2025-04-08 21:29:37,629 [trainer.py] => model_name: POD_foster
2025-04-08 21:29:37,629 [trainer.py] => convnet_type: resnet18
2025-04-08 21:29:37,629 [trainer.py] => init_train: False
2025-04-08 21:29:37,629 [trainer.py] => convnet_path1: checkpoints/init_train/resnet18_35172.pth
2025-04-08 21:29:37,629 [trainer.py] => fc_path1: checkpoints/init_train/fc_35172.pth
2025-04-08 21:29:37,630 [trainer.py] => convnet_path: checkpoints/init_train/resnet18_42503.pth
2025-04-08 21:29:37,630 [trainer.py] => fc_path: checkpoints/init_train/fc_42503.pth
2025-04-08 21:29:37,630 [trainer.py] => convnet_path2: checkpoints/init_train/resnet18_42871.pth
2025-04-08 21:29:37,630 [trainer.py] => fc_path2: checkpoints/init_train/fc_42871.pth
2025-04-08 21:29:37,630 [trainer.py] => device: [device(type='cuda', index=5)]
2025-04-08 21:29:37,630 [trainer.py] => seed: 1993
2025-04-08 21:29:37,630 [trainer.py] => beta1: 0.96
2025-04-08 21:29:37,630 [trainer.py] => beta2: 0.97
2025-04-08 21:29:37,630 [trainer.py] => oofc: ft
2025-04-08 21:29:37,630 [trainer.py] => is_teacher_wa: True
2025-04-08 21:29:37,630 [trainer.py] => is_student_wa: False
2025-04-08 21:29:37,630 [trainer.py] => is_teacher_la: True
2025-04-08 21:29:37,630 [trainer.py] => is_student_la: True
2025-04-08 21:29:37,630 [trainer.py] => lambda_okd: 0
2025-04-08 21:29:37,630 [trainer.py] => wa_value: 1
2025-04-08 21:29:37,630 [trainer.py] => init_epochs: 0
2025-04-08 21:29:37,630 [trainer.py] => init_lr: 0.1
2025-04-08 21:29:37,630 [trainer.py] => init_weight_decay: 0.0005
2025-04-08 21:29:37,630 [trainer.py] => boosting_epochs: 120
2025-04-08 21:29:37,630 [trainer.py] => compression_epochs: 100
2025-04-08 21:29:37,630 [trainer.py] => lr: 0.1
2025-04-08 21:29:37,630 [trainer.py] => batch_size: 128
2025-04-08 21:29:37,630 [trainer.py] => weight_decay: 0.0005
2025-04-08 21:29:37,630 [trainer.py] => num_workers: 8
2025-04-08 21:29:37,630 [trainer.py] => momentum: 0.9
2025-04-08 21:29:37,630 [trainer.py] => T: 2
2025-04-08 21:29:37,630 [trainer.py] => lambda_c_base: 0.8
2025-04-08 21:29:37,630 [trainer.py] => lambda_f_base: 1.0
2025-04-08 21:29:37,631 [trainer.py] => POD: w
2025-04-08 21:29:38,131 [data_manager.py] => [4, 2, 5, 0, 3, 6, 7, 8, 1]
2025-04-08 21:29:38,165 [trainer.py] => All params: 0
2025-04-08 21:29:38,165 [trainer.py] => Trainable params: 0
2025-04-08 21:29:41,285 [pod_foster.py] => Learning on 0-5
2025-04-08 21:29:41,289 [pod_foster.py] => All params: 3849034
2025-04-08 21:29:41,289 [pod_foster.py] => Trainable params: 3849034
2025-04-08 21:29:41,339 [pod_foster.py] => Adaptive factor: 0
2025-04-08 21:29:43,279 [pod_foster.py] => init_train?---False
2025-04-08 21:29:46,707 [base.py] => Reducing exemplars...(100 per classes)
2025-04-08 21:29:46,707 [base.py] => Constructing exemplars...(100 per classes)
2025-04-08 21:29:56,555 [trainer.py] => task:0 training time:18.39s
2025-04-08 21:29:56,556 [trainer.py] => All params: 3849034
2025-04-08 21:29:58,964 [pod_foster.py] => Exemplar size: 500
2025-04-08 21:29:58,964 [trainer.py] => CNN: {'total': 89.93, '00-04': 89.93, 'old': 0, 'new': 89.93}
2025-04-08 21:29:58,964 [trainer.py] => NME: {'total': 90.0, '00-04': 90.0, 'old': 0, 'new': 90.0}
2025-04-08 21:29:58,964 [trainer.py] => CNN top1 curve: [89.93]
2025-04-08 21:29:58,965 [trainer.py] => CNN top5 curve: [100.0]
2025-04-08 21:29:58,965 [trainer.py] => NME top1 curve: [90.0]
2025-04-08 21:29:58,965 [trainer.py] => NME top5 curve: [100.0]

2025-04-08 21:29:58,965 [trainer.py] => Average Accuracy (CNN): 89.93
2025-04-08 21:29:58,965 [trainer.py] => Average Accuracy (NME): 90.0
2025-04-08 21:29:58,965 [trainer.py] => All params: 3849034
2025-04-08 21:29:58,966 [trainer.py] => Trainable params: 3849034
2025-04-08 21:29:59,096 [pod_foster.py] => Learning on 5-7
2025-04-08 21:29:59,097 [pod_foster.py] => All params: 7701139
2025-04-08 21:29:59,097 [pod_foster.py] => Trainable params: 3854670
2025-04-08 21:29:59,112 [pod_foster.py] => Adaptive factor: 1.8708286933869707
2025-04-08 21:29:59,192 [pod_foster.py] => per cls weights : [1.00484344 1.00484344 1.00484344 1.00484344 1.00484344 0.98789141
 0.98789141]
2025-04-08 21:30:03,551 [pod_foster.py] => Task 1, Epoch 1/120 => Loss 1.174, Loss_clf 0.764, Loss_fe 0.000, Loss_pod 0.295, Loss_flat 0.114, Train_accy 81.80, Test_accy 65.31
2025-04-08 21:30:16,900 [pod_foster.py] => Task 1, Epoch 6/120 => Loss 0.210, Loss_clf 0.022, Loss_fe 0.000, Loss_pod 0.157, Loss_flat 0.032, Train_accy 99.96, Test_accy 68.74
2025-04-08 21:30:29,546 [pod_foster.py] => Task 1, Epoch 11/120 => Loss 0.205, Loss_clf 0.021, Loss_fe 0.000, Loss_pod 0.158, Loss_flat 0.026, Train_accy 99.71, Test_accy 68.90
2025-04-08 21:30:42,990 [pod_foster.py] => Task 1, Epoch 16/120 => Loss 0.166, Loss_clf 0.011, Loss_fe 0.000, Loss_pod 0.136, Loss_flat 0.020, Train_accy 100.00, Test_accy 67.55
2025-04-08 21:30:55,813 [pod_foster.py] => Task 1, Epoch 21/120 => Loss 0.167, Loss_clf 0.013, Loss_fe 0.000, Loss_pod 0.135, Loss_flat 0.019, Train_accy 99.98, Test_accy 70.10
2025-04-08 21:31:08,751 [pod_foster.py] => Task 1, Epoch 26/120 => Loss 0.285, Loss_clf 0.028, Loss_fe 0.000, Loss_pod 0.208, Loss_flat 0.049, Train_accy 99.80, Test_accy 69.00
2025-04-08 21:31:21,765 [pod_foster.py] => Task 1, Epoch 31/120 => Loss 0.183, Loss_clf 0.015, Loss_fe 0.000, Loss_pod 0.144, Loss_flat 0.024, Train_accy 99.91, Test_accy 70.50
2025-04-08 21:31:34,735 [pod_foster.py] => Task 1, Epoch 36/120 => Loss 0.152, Loss_clf 0.009, Loss_fe 0.000, Loss_pod 0.127, Loss_flat 0.017, Train_accy 100.00, Test_accy 67.26
2025-04-08 21:31:47,993 [pod_foster.py] => Task 1, Epoch 41/120 => Loss 0.139, Loss_clf 0.008, Loss_fe 0.000, Loss_pod 0.116, Loss_flat 0.015, Train_accy 100.00, Test_accy 67.21
2025-04-08 21:32:00,913 [pod_foster.py] => Task 1, Epoch 46/120 => Loss 0.139, Loss_clf 0.008, Loss_fe 0.000, Loss_pod 0.116, Loss_flat 0.014, Train_accy 100.00, Test_accy 67.26
2025-04-08 21:32:13,705 [pod_foster.py] => Task 1, Epoch 51/120 => Loss 0.138, Loss_clf 0.007, Loss_fe 0.000, Loss_pod 0.116, Loss_flat 0.014, Train_accy 100.00, Test_accy 65.50
2025-04-08 21:32:26,957 [pod_foster.py] => Task 1, Epoch 56/120 => Loss 0.128, Loss_clf 0.007, Loss_fe 0.000, Loss_pod 0.108, Loss_flat 0.013, Train_accy 100.00, Test_accy 66.74
2025-04-08 21:32:39,707 [pod_foster.py] => Task 1, Epoch 61/120 => Loss 0.138, Loss_clf 0.009, Loss_fe 0.000, Loss_pod 0.114, Loss_flat 0.016, Train_accy 99.98, Test_accy 67.62
2025-04-08 21:32:52,299 [pod_foster.py] => Task 1, Epoch 66/120 => Loss 0.130, Loss_clf 0.008, Loss_fe 0.000, Loss_pod 0.109, Loss_flat 0.013, Train_accy 100.00, Test_accy 67.57
2025-04-08 21:33:05,072 [pod_foster.py] => Task 1, Epoch 71/120 => Loss 0.124, Loss_clf 0.007, Loss_fe 0.000, Loss_pod 0.105, Loss_flat 0.012, Train_accy 100.00, Test_accy 67.33
2025-04-08 21:33:18,757 [pod_foster.py] => Task 1, Epoch 76/120 => Loss 0.116, Loss_clf 0.007, Loss_fe 0.000, Loss_pod 0.098, Loss_flat 0.012, Train_accy 100.00, Test_accy 67.50
2025-04-08 21:33:31,496 [pod_foster.py] => Task 1, Epoch 81/120 => Loss 0.110, Loss_clf 0.007, Loss_fe 0.000, Loss_pod 0.092, Loss_flat 0.011, Train_accy 100.00, Test_accy 68.81
2025-04-08 21:33:44,870 [pod_foster.py] => Task 1, Epoch 86/120 => Loss 0.110, Loss_clf 0.007, Loss_fe 0.000, Loss_pod 0.092, Loss_flat 0.012, Train_accy 100.00, Test_accy 67.19
2025-04-08 21:33:57,862 [pod_foster.py] => Task 1, Epoch 91/120 => Loss 0.103, Loss_clf 0.007, Loss_fe 0.000, Loss_pod 0.086, Loss_flat 0.011, Train_accy 100.00, Test_accy 66.55
2025-04-08 21:34:11,222 [pod_foster.py] => Task 1, Epoch 96/120 => Loss 0.100, Loss_clf 0.007, Loss_fe 0.000, Loss_pod 0.083, Loss_flat 0.011, Train_accy 100.00, Test_accy 67.38
2025-04-08 21:34:23,894 [pod_foster.py] => Task 1, Epoch 101/120 => Loss 0.096, Loss_clf 0.007, Loss_fe 0.000, Loss_pod 0.079, Loss_flat 0.010, Train_accy 100.00, Test_accy 66.90
2025-04-08 21:34:37,199 [pod_foster.py] => Task 1, Epoch 106/120 => Loss 0.092, Loss_clf 0.007, Loss_fe 0.000, Loss_pod 0.075, Loss_flat 0.010, Train_accy 100.00, Test_accy 67.48
2025-04-08 21:34:50,253 [pod_foster.py] => Task 1, Epoch 111/120 => Loss 0.094, Loss_clf 0.007, Loss_fe 0.000, Loss_pod 0.077, Loss_flat 0.010, Train_accy 100.00, Test_accy 66.48
2025-04-08 21:35:02,844 [pod_foster.py] => Task 1, Epoch 116/120 => Loss 0.090, Loss_clf 0.007, Loss_fe 0.000, Loss_pod 0.073, Loss_flat 0.010, Train_accy 100.00, Test_accy 67.69
2025-04-08 21:35:11,718 [pod_foster.py] => Task 1, time 2.22s, Epoch 120/120 => Loss 0.091, Loss_clf 0.007, Loss_fe 0.000, Loss_pod 0.074, Loss_flat 0.010, Train_accy 100.00
2025-04-08 21:35:11,718 [pod_foster.py] => 100 epoches training time:261.19s
2025-04-08 21:35:11,718 [pod_foster.py] => Average training time of single epoch:2.30s
2025-04-08 21:35:11,719 [inc_net.py] => align weights, gamma = 0.5075534582138062 
2025-04-08 21:35:11,720 [pod_foster.py] => per cls weights : [1.01377356 1.01377356 1.01377356 1.01377356 1.01377356 0.96556609
 0.96556609]
2025-04-08 21:35:15,518 [pod_foster.py] => SNet: Task 1, Epoch 1/100 => Loss 1.295,  Train_accy 71.13, Test_accy 59.31
2025-04-08 21:35:27,256 [pod_foster.py] => SNet: Task 1, Epoch 6/100 => Loss 0.999,  Train_accy 97.36, Test_accy 72.57
2025-04-08 21:35:39,867 [pod_foster.py] => SNet: Task 1, Epoch 11/100 => Loss 0.987,  Train_accy 97.84, Test_accy 76.02
2025-04-08 21:35:51,613 [pod_foster.py] => SNet: Task 1, Epoch 16/100 => Loss 0.984,  Train_accy 97.78, Test_accy 77.07
2025-04-08 21:36:03,709 [pod_foster.py] => SNet: Task 1, Epoch 21/100 => Loss 0.982,  Train_accy 98.24, Test_accy 75.88
2025-04-08 21:36:15,455 [pod_foster.py] => SNet: Task 1, Epoch 26/100 => Loss 0.981,  Train_accy 98.11, Test_accy 75.33
2025-04-08 21:36:26,955 [pod_foster.py] => SNet: Task 1, Epoch 31/100 => Loss 0.979,  Train_accy 98.09, Test_accy 75.33
2025-04-08 21:36:38,432 [pod_foster.py] => SNet: Task 1, Epoch 36/100 => Loss 0.978,  Train_accy 98.49, Test_accy 77.67
2025-04-08 21:36:50,241 [pod_foster.py] => SNet: Task 1, Epoch 41/100 => Loss 0.977,  Train_accy 98.51, Test_accy 77.17
2025-04-08 21:37:01,835 [pod_foster.py] => SNet: Task 1, Epoch 46/100 => Loss 0.976,  Train_accy 98.40, Test_accy 77.40
2025-04-08 21:37:13,804 [pod_foster.py] => SNet: Task 1, Epoch 51/100 => Loss 0.978,  Train_accy 98.49, Test_accy 77.07
2025-04-08 21:37:25,235 [pod_foster.py] => SNet: Task 1, Epoch 56/100 => Loss 0.975,  Train_accy 98.64, Test_accy 77.62
2025-04-08 21:37:37,011 [pod_foster.py] => SNet: Task 1, Epoch 61/100 => Loss 0.978,  Train_accy 98.42, Test_accy 77.38
2025-04-08 21:37:49,031 [pod_foster.py] => SNet: Task 1, Epoch 66/100 => Loss 0.979,  Train_accy 98.56, Test_accy 77.38
2025-04-08 21:38:00,779 [pod_foster.py] => SNet: Task 1, Epoch 71/100 => Loss 0.973,  Train_accy 98.71, Test_accy 76.38
2025-04-08 21:38:12,556 [pod_foster.py] => SNet: Task 1, Epoch 76/100 => Loss 0.977,  Train_accy 98.60, Test_accy 77.07
2025-04-08 21:38:24,666 [pod_foster.py] => SNet: Task 1, Epoch 81/100 => Loss 0.974,  Train_accy 98.62, Test_accy 76.57
2025-04-08 21:38:36,223 [pod_foster.py] => SNet: Task 1, Epoch 86/100 => Loss 0.973,  Train_accy 98.67, Test_accy 76.76
2025-04-08 21:38:48,044 [pod_foster.py] => SNet: Task 1, Epoch 91/100 => Loss 0.975,  Train_accy 98.56, Test_accy 76.79
2025-04-08 21:38:59,482 [pod_foster.py] => SNet: Task 1, Epoch 96/100 => Loss 0.976,  Train_accy 98.56, Test_accy 77.12
2025-04-08 21:39:07,847 [pod_foster.py] => SNet: Task 1, Epoch 100/100 => Loss 0.973,  Train_accy 98.58
2025-04-08 21:39:07,847 [pod_foster.py] => do not weight align student!
2025-04-08 21:39:09,017 [pod_foster.py] => darknet eval: 
2025-04-08 21:39:09,018 [pod_foster.py] => CNN top1 curve: 76.45
2025-04-08 21:39:09,018 [pod_foster.py] => CNN top5 curve: 98.52
2025-04-08 21:39:09,018 [pod_foster.py] => CNN: {'total': 76.45, '00-04': 70.4, '05-06': 91.58, 'old': 70.4, 'new': 91.58}
2025-04-08 21:39:09,019 [pod_foster.py] => All params after compression: 3851086
2025-04-08 21:39:09,019 [base.py] => Reducing exemplars...(71 per classes)
2025-04-08 21:39:11,848 [base.py] => Constructing exemplars...(71 per classes)
2025-04-08 21:39:16,002 [trainer.py] => task:1 training time:557.04s
2025-04-08 21:39:16,003 [trainer.py] => All params: 7701139
2025-04-08 21:39:18,802 [pod_foster.py] => Exemplar size: 497
2025-04-08 21:39:18,802 [trainer.py] => CNN: {'total': 80.05, '00-04': 77.37, '05-06': 86.75, 'old': 77.37, 'new': 86.75}
2025-04-08 21:39:18,802 [trainer.py] => NME: {'total': 74.38, '00-04': 76.13, '05-06': 70.0, 'old': 76.13, 'new': 70.0}
2025-04-08 21:39:18,802 [trainer.py] => CNN top1 curve: [89.93, 80.05]
2025-04-08 21:39:18,802 [trainer.py] => CNN top5 curve: [100.0, 98.88]
2025-04-08 21:39:18,802 [trainer.py] => NME top1 curve: [90.0, 74.38]
2025-04-08 21:39:18,802 [trainer.py] => NME top5 curve: [100.0, 99.14]

2025-04-08 21:39:18,803 [trainer.py] => Average Accuracy (CNN): 84.99000000000001
2025-04-08 21:39:18,803 [trainer.py] => Average Accuracy (NME): 82.19
2025-04-08 21:39:18,803 [trainer.py] => All params: 7701139
2025-04-08 21:39:18,804 [trainer.py] => Trainable params: 3854670
2025-04-08 21:39:18,979 [pod_foster.py] => Learning on 7-9
2025-04-08 21:39:18,980 [pod_foster.py] => All params: 7705241
2025-04-08 21:39:18,981 [pod_foster.py] => Trainable params: 3857746
2025-04-08 21:39:19,001 [pod_foster.py] => Adaptive factor: 2.1213203435596424
2025-04-08 21:39:19,058 [pod_foster.py] => per cls weights : [1.01239929 1.01239929 1.01239929 1.01239929 1.01239929 1.01239929
 1.01239929 0.95660248 0.95660248]
2025-04-08 21:39:23,317 [pod_foster.py] => Task 2, Epoch 1/120 => Loss 1.150, Loss_clf 0.610, Loss_fe 0.000, Loss_pod 0.400, Loss_flat 0.140, Train_accy 85.48, Test_accy 66.28
2025-04-08 21:39:37,039 [pod_foster.py] => Task 2, Epoch 6/120 => Loss 0.249, Loss_clf 0.018, Loss_fe 0.000, Loss_pod 0.200, Loss_flat 0.031, Train_accy 99.96, Test_accy 64.41
2025-04-08 21:39:51,503 [pod_foster.py] => Task 2, Epoch 11/120 => Loss 0.349, Loss_clf 0.044, Loss_fe 0.000, Loss_pod 0.253, Loss_flat 0.052, Train_accy 99.02, Test_accy 64.72
2025-04-08 21:40:05,402 [pod_foster.py] => Task 2, Epoch 16/120 => Loss 0.199, Loss_clf 0.010, Loss_fe 0.000, Loss_pod 0.167, Loss_flat 0.022, Train_accy 100.00, Test_accy 61.50
2025-04-08 21:40:19,236 [pod_foster.py] => Task 2, Epoch 21/120 => Loss 0.183, Loss_clf 0.008, Loss_fe 0.000, Loss_pod 0.155, Loss_flat 0.019, Train_accy 100.00, Test_accy 65.06
2025-04-08 21:40:33,719 [pod_foster.py] => Task 2, Epoch 26/120 => Loss 0.183, Loss_clf 0.015, Loss_fe 0.000, Loss_pod 0.151, Loss_flat 0.018, Train_accy 99.96, Test_accy 36.89
2025-04-08 21:40:48,212 [pod_foster.py] => Task 2, Epoch 31/120 => Loss 0.202, Loss_clf 0.009, Loss_fe 0.000, Loss_pod 0.167, Loss_flat 0.026, Train_accy 100.00, Test_accy 65.04
2025-04-08 21:41:01,507 [pod_foster.py] => Task 2, Epoch 36/120 => Loss 0.177, Loss_clf 0.011, Loss_fe 0.000, Loss_pod 0.148, Loss_flat 0.018, Train_accy 99.98, Test_accy 67.98
2025-04-08 21:41:16,347 [pod_foster.py] => Task 2, Epoch 41/120 => Loss 0.169, Loss_clf 0.012, Loss_fe 0.000, Loss_pod 0.140, Loss_flat 0.017, Train_accy 99.98, Test_accy 63.37
2025-04-08 21:41:29,930 [pod_foster.py] => Task 2, Epoch 46/120 => Loss 0.164, Loss_clf 0.008, Loss_fe 0.000, Loss_pod 0.140, Loss_flat 0.016, Train_accy 100.00, Test_accy 65.30
2025-04-08 21:41:43,775 [pod_foster.py] => Task 2, Epoch 51/120 => Loss 0.166, Loss_clf 0.007, Loss_fe 0.000, Loss_pod 0.143, Loss_flat 0.016, Train_accy 100.00, Test_accy 63.61
2025-04-08 21:41:57,004 [pod_foster.py] => Task 2, Epoch 56/120 => Loss 0.152, Loss_clf 0.007, Loss_fe 0.000, Loss_pod 0.130, Loss_flat 0.014, Train_accy 100.00, Test_accy 63.37
2025-04-08 21:42:10,545 [pod_foster.py] => Task 2, Epoch 61/120 => Loss 0.149, Loss_clf 0.008, Loss_fe 0.000, Loss_pod 0.127, Loss_flat 0.014, Train_accy 100.00, Test_accy 63.09
2025-04-08 21:42:24,870 [pod_foster.py] => Task 2, Epoch 66/120 => Loss 0.158, Loss_clf 0.007, Loss_fe 0.000, Loss_pod 0.136, Loss_flat 0.015, Train_accy 100.00, Test_accy 65.04
2025-04-08 21:42:38,579 [pod_foster.py] => Task 2, Epoch 71/120 => Loss 0.137, Loss_clf 0.007, Loss_fe 0.000, Loss_pod 0.117, Loss_flat 0.013, Train_accy 100.00, Test_accy 64.35
2025-04-08 21:42:52,960 [pod_foster.py] => Task 2, Epoch 76/120 => Loss 0.141, Loss_clf 0.008, Loss_fe 0.000, Loss_pod 0.121, Loss_flat 0.013, Train_accy 100.00, Test_accy 63.30
2025-04-08 21:43:07,667 [pod_foster.py] => Task 2, Epoch 81/120 => Loss 0.134, Loss_clf 0.007, Loss_fe 0.000, Loss_pod 0.115, Loss_flat 0.012, Train_accy 100.00, Test_accy 63.52
2025-04-08 21:43:22,493 [pod_foster.py] => Task 2, Epoch 86/120 => Loss 0.127, Loss_clf 0.007, Loss_fe 0.000, Loss_pod 0.109, Loss_flat 0.011, Train_accy 100.00, Test_accy 62.63
2025-04-08 21:43:37,088 [pod_foster.py] => Task 2, Epoch 91/120 => Loss 0.117, Loss_clf 0.007, Loss_fe 0.000, Loss_pod 0.098, Loss_flat 0.011, Train_accy 100.00, Test_accy 65.15
2025-04-08 21:43:50,897 [pod_foster.py] => Task 2, Epoch 96/120 => Loss 0.122, Loss_clf 0.007, Loss_fe 0.000, Loss_pod 0.104, Loss_flat 0.012, Train_accy 100.00, Test_accy 63.91
2025-04-08 21:44:05,108 [pod_foster.py] => Task 2, Epoch 101/120 => Loss 0.114, Loss_clf 0.007, Loss_fe 0.000, Loss_pod 0.096, Loss_flat 0.011, Train_accy 100.00, Test_accy 63.76
2025-04-08 21:44:19,370 [pod_foster.py] => Task 2, Epoch 106/120 => Loss 0.109, Loss_clf 0.008, Loss_fe 0.000, Loss_pod 0.091, Loss_flat 0.010, Train_accy 100.00, Test_accy 64.87
2025-04-08 21:44:32,932 [pod_foster.py] => Task 2, Epoch 111/120 => Loss 0.106, Loss_clf 0.007, Loss_fe 0.000, Loss_pod 0.088, Loss_flat 0.010, Train_accy 100.00, Test_accy 64.24
2025-04-08 21:44:46,937 [pod_foster.py] => Task 2, Epoch 116/120 => Loss 0.112, Loss_clf 0.007, Loss_fe 0.000, Loss_pod 0.094, Loss_flat 0.011, Train_accy 100.00, Test_accy 63.33
2025-04-08 21:44:56,988 [pod_foster.py] => Task 2, time 2.67s, Epoch 120/120 => Loss 0.105, Loss_clf 0.007, Loss_fe 0.000, Loss_pod 0.087, Loss_flat 0.011, Train_accy 100.00
2025-04-08 21:44:56,988 [pod_foster.py] => 100 epoches training time:282.15s
2025-04-08 21:44:56,988 [pod_foster.py] => Average training time of single epoch:2.49s
2025-04-08 21:44:56,989 [inc_net.py] => align weights, gamma = 0.5072044134140015 
2025-04-08 21:44:56,990 [pod_foster.py] => per cls weights : [1.02623168 1.02623168 1.02623168 1.02623168 1.02623168 1.02623168
 1.02623168 0.90818914 0.90818914]
2025-04-08 21:45:00,775 [pod_foster.py] => SNet: Task 2, Epoch 1/100 => Loss 1.624,  Train_accy 75.45, Test_accy 49.30
2025-04-08 21:45:12,487 [pod_foster.py] => SNet: Task 2, Epoch 6/100 => Loss 1.360,  Train_accy 98.04, Test_accy 73.33
2025-04-08 21:45:24,129 [pod_foster.py] => SNet: Task 2, Epoch 11/100 => Loss 1.353,  Train_accy 98.47, Test_accy 73.91
2025-04-08 21:45:35,855 [pod_foster.py] => SNet: Task 2, Epoch 16/100 => Loss 1.349,  Train_accy 98.53, Test_accy 76.22
2025-04-08 21:45:47,703 [pod_foster.py] => SNet: Task 2, Epoch 21/100 => Loss 1.348,  Train_accy 98.82, Test_accy 75.93
2025-04-08 21:45:59,367 [pod_foster.py] => SNet: Task 2, Epoch 26/100 => Loss 1.349,  Train_accy 98.62, Test_accy 76.17
2025-04-08 21:46:11,307 [pod_foster.py] => SNet: Task 2, Epoch 31/100 => Loss 1.347,  Train_accy 98.62, Test_accy 75.91
2025-04-08 21:46:23,423 [pod_foster.py] => SNet: Task 2, Epoch 36/100 => Loss 1.345,  Train_accy 98.89, Test_accy 76.76
2025-04-08 21:46:35,113 [pod_foster.py] => SNet: Task 2, Epoch 41/100 => Loss 1.346,  Train_accy 98.78, Test_accy 76.44
2025-04-08 21:46:47,091 [pod_foster.py] => SNet: Task 2, Epoch 46/100 => Loss 1.347,  Train_accy 98.87, Test_accy 76.11
2025-04-08 21:46:59,522 [pod_foster.py] => SNet: Task 2, Epoch 51/100 => Loss 1.346,  Train_accy 98.95, Test_accy 76.54
2025-04-08 21:47:11,767 [pod_foster.py] => SNet: Task 2, Epoch 56/100 => Loss 1.345,  Train_accy 98.87, Test_accy 76.76
2025-04-08 21:47:23,929 [pod_foster.py] => SNet: Task 2, Epoch 61/100 => Loss 1.347,  Train_accy 98.82, Test_accy 76.78
2025-04-08 21:47:35,563 [pod_foster.py] => SNet: Task 2, Epoch 66/100 => Loss 1.344,  Train_accy 98.75, Test_accy 76.78
2025-04-08 21:47:47,080 [pod_foster.py] => SNet: Task 2, Epoch 71/100 => Loss 1.344,  Train_accy 98.95, Test_accy 75.85
2025-04-08 21:47:58,528 [pod_foster.py] => SNet: Task 2, Epoch 76/100 => Loss 1.341,  Train_accy 98.93, Test_accy 75.56
2025-04-08 21:48:11,088 [pod_foster.py] => SNet: Task 2, Epoch 81/100 => Loss 1.345,  Train_accy 98.93, Test_accy 76.48
2025-04-08 21:48:23,681 [pod_foster.py] => SNet: Task 2, Epoch 86/100 => Loss 1.342,  Train_accy 98.78, Test_accy 75.43
2025-04-08 21:48:36,123 [pod_foster.py] => SNet: Task 2, Epoch 91/100 => Loss 1.343,  Train_accy 98.78, Test_accy 76.11
2025-04-08 21:48:48,129 [pod_foster.py] => SNet: Task 2, Epoch 96/100 => Loss 1.345,  Train_accy 98.84, Test_accy 75.72
2025-04-08 21:48:57,037 [pod_foster.py] => SNet: Task 2, Epoch 100/100 => Loss 1.347,  Train_accy 98.82
2025-04-08 21:48:57,038 [pod_foster.py] => do not weight align student!
2025-04-08 21:48:58,616 [pod_foster.py] => darknet eval: 
2025-04-08 21:48:58,616 [pod_foster.py] => CNN top1 curve: 77.06
2025-04-08 21:48:58,616 [pod_foster.py] => CNN top5 curve: 96.93
2025-04-08 21:48:58,616 [pod_foster.py] => CNN: {'total': 77.06, '00-04': 66.13, '05-06': 88.75, '07-08': 92.67, 'old': 72.6, 'new': 92.67}
2025-04-08 21:48:58,617 [pod_foster.py] => All params after compression: 3853138
2025-04-08 21:48:58,618 [base.py] => Reducing exemplars...(55 per classes)
2025-04-08 21:49:02,485 [base.py] => Constructing exemplars...(55 per classes)
2025-04-08 21:49:06,391 [trainer.py] => task:2 training time:587.59s
2025-04-08 21:49:06,392 [trainer.py] => All params: 7705241
2025-04-08 21:49:09,432 [pod_foster.py] => Exemplar size: 495
2025-04-08 21:49:09,432 [trainer.py] => CNN: {'total': 74.5, '00-04': 60.77, '05-06': 92.25, '07-08': 91.08, 'old': 69.76, 'new': 91.08}
2025-04-08 21:49:09,432 [trainer.py] => NME: {'total': 72.31, '00-04': 61.4, '05-06': 82.0, '07-08': 89.92, 'old': 67.29, 'new': 89.92}
2025-04-08 21:49:09,432 [trainer.py] => CNN top1 curve: [89.93, 80.05, 74.5]
2025-04-08 21:49:09,432 [trainer.py] => CNN top5 curve: [100.0, 98.88, 96.67]
2025-04-08 21:49:09,432 [trainer.py] => NME top1 curve: [90.0, 74.38, 72.31]
2025-04-08 21:49:09,432 [trainer.py] => NME top5 curve: [100.0, 99.14, 96.3]

2025-04-08 21:49:09,432 [trainer.py] => Average Accuracy (CNN): 81.49333333333334
2025-04-08 21:49:09,432 [trainer.py] => Average Accuracy (NME): 78.89666666666666
2025-04-08 21:49:09,433 [trainer.py] => Time consumed in all training process:1171.27s
2025-04-08 21:49:09,433 [trainer.py] => Average Time consumed in single task:387.67s
2025-04-08 21:49:09,433 [trainer.py] => Forgetting (CNN): 14.580000000000002
