2025-12-25 19:51:19,266 [trainer.py] => config: ./code/exps/dsal.json
2025-12-25 19:51:19,266 [trainer.py] => prefix: EFCIL
2025-12-25 19:51:19,267 [trainer.py] => dataset: hrrp9
2025-12-25 19:51:19,267 [trainer.py] => memory_size: 0
2025-12-25 19:51:19,267 [trainer.py] => memory_per_class: 0
2025-12-25 19:51:19,267 [trainer.py] => fixed_memory: False
2025-12-25 19:51:19,267 [trainer.py] => shuffle: True
2025-12-25 19:51:19,267 [trainer.py] => init_cls: 5
2025-12-25 19:51:19,267 [trainer.py] => increment: 1
2025-12-25 19:51:19,267 [trainer.py] => model_name: dsal
2025-12-25 19:51:19,267 [trainer.py] => convnet_type: resnet18
2025-12-25 19:51:19,268 [trainer.py] => device: [device(type='cuda', index=0)]
2025-12-25 19:51:19,280 [trainer.py] => init_train: False
2025-12-25 19:51:19,280 [trainer.py] => seed: 1993
2025-12-25 19:51:19,280 [trainer.py] => batch_size: 128
2025-12-25 19:51:19,280 [trainer.py] => num_workers: 8
2025-12-25 19:51:19,281 [trainer.py] => expansion_size: 8192
2025-12-25 19:51:19,281 [trainer.py] => gamma_main: 0.001
2025-12-25 19:51:19,281 [trainer.py] => gamma_comp: 0.001
2025-12-25 19:51:19,281 [trainer.py] => compensation_ratio: 1.0
2025-12-25 19:51:19,518 [data_manager.py] => [4, 2, 5, 0, 3, 6, 7, 8, 1]
2025-12-25 19:51:19,781 [trainer.py] => All params: 3843904
2025-12-25 19:51:19,783 [trainer.py] => Trainable params: 3843904
2025-12-25 19:51:19,783 [dsal.py] => Learning on 0-5
