2024-08-20 16:51:09,631 [trainer.py] => config: ./exps/lwf.json
2024-08-20 16:51:09,631 [trainer.py] => prefix: reproduce
2024-08-20 16:51:09,632 [trainer.py] => dataset: hrrp9
2024-08-20 16:51:09,632 [trainer.py] => memory_size: 500
2024-08-20 16:51:09,632 [trainer.py] => memory_per_class: 20
2024-08-20 16:51:09,632 [trainer.py] => fixed_memory: False
2024-08-20 16:51:09,632 [trainer.py] => shuffle: True
2024-08-20 16:51:09,632 [trainer.py] => init_cls: 5
2024-08-20 16:51:09,632 [trainer.py] => increment: 2
2024-08-20 16:51:09,632 [trainer.py] => model_name: lwf
2024-08-20 16:51:09,632 [trainer.py] => convnet_type: resnet18
2024-08-20 16:51:09,632 [trainer.py] => device: [device(type='cuda', index=0)]
2024-08-20 16:51:09,632 [trainer.py] => init_train: False
2024-08-20 16:51:09,632 [trainer.py] => convnet_path: checkpoints/init_train/resnet18_42503.pth
2024-08-20 16:51:09,632 [trainer.py] => fc_path: checkpoints/init_train/fc_42503.pth
2024-08-20 16:51:09,633 [trainer.py] => seed: 1993
2024-08-20 16:51:10,772 [data_manager.py] => [4, 2, 5, 0, 3, 6, 7, 8, 1]
2024-08-20 16:51:14,025 [trainer.py] => All params: 3843904
2024-08-20 16:51:14,025 [trainer.py] => Trainable params: 3843904
2024-08-20 16:51:14,029 [lwf.py] => Learning on 0-5
2024-08-20 16:51:14,465 [lwf.py] => init_train?---False
2024-08-20 16:51:23,101 [trainer.py] => No NME accuracy.
2024-08-20 16:51:23,101 [trainer.py] => CNN: {'total': 92.89, '00-04': 92.89, 'old': 0, 'new': 92.89}
2024-08-20 16:51:23,101 [trainer.py] => CNN top1 curve: [92.89]
2024-08-20 16:51:23,101 [trainer.py] => CNN top5 curve: [100.0]

2024-08-20 16:51:23,101 [trainer.py] => Average Accuracy (CNN): 92.89
2024-08-20 16:51:23,102 [trainer.py] => All params: 3846469
2024-08-20 16:51:23,102 [trainer.py] => Trainable params: 3846469
2024-08-20 16:51:23,105 [lwf.py] => Learning on 5-7
2024-08-20 16:59:32,585 [lwf.py] => Task 1, Epoch 150/150 => Loss 2.963, Train_accy 68.53
2024-08-20 16:59:35,213 [trainer.py] => No NME accuracy.
2024-08-20 16:59:35,213 [trainer.py] => CNN: {'total': 75.89, '00-04': 81.84, '05-06': 52.51, 'old': 81.84, 'new': 52.51}
2024-08-20 16:59:35,213 [trainer.py] => CNN top1 curve: [92.89, 75.89]
2024-08-20 16:59:35,213 [trainer.py] => CNN top5 curve: [100.0, 99.36]

2024-08-20 16:59:35,213 [trainer.py] => Average Accuracy (CNN): 84.39
2024-08-20 16:59:35,213 [trainer.py] => All params: 3847495
2024-08-20 16:59:35,214 [trainer.py] => Trainable params: 3847495
2024-08-20 16:59:35,215 [lwf.py] => Learning on 7-9
2024-08-20 17:06:59,225 [lwf.py] => Task 2, Epoch 150/150 => Loss 4.497, Train_accy 86.88
2024-08-20 17:07:01,955 [trainer.py] => No NME accuracy.
2024-08-20 17:07:01,956 [trainer.py] => CNN: {'total': 43.02, '00-04': 36.45, '05-06': 25.35, '07-08': 86.33, 'old': 34.2, 'new': 86.33}
2024-08-20 17:07:01,957 [trainer.py] => CNN top1 curve: [92.89, 75.89, 43.02]
2024-08-20 17:07:01,957 [trainer.py] => CNN top5 curve: [100.0, 99.36, 98.26]

2024-08-20 17:07:01,958 [trainer.py] => Average Accuracy (CNN): 70.60000000000001
2024-08-20 17:07:01,959 [trainer.py] => Forgetting (CNN): 41.8
