2024-09-11 21:22:50,929 [trainer.py] => config: ./exps/foster.json
2024-09-11 21:22:50,929 [trainer.py] => prefix: cil
2024-09-11 21:22:50,929 [trainer.py] => dataset: hrrp9
2024-09-11 21:22:50,929 [trainer.py] => memory_size: 500
2024-09-11 21:22:50,930 [trainer.py] => memory_per_class: 20
2024-09-11 21:22:50,930 [trainer.py] => fixed_memory: False
2024-09-11 21:22:50,930 [trainer.py] => shuffle: True
2024-09-11 21:22:50,930 [trainer.py] => init_cls: 5
2024-09-11 21:22:50,930 [trainer.py] => increment: 2
2024-09-11 21:22:50,930 [trainer.py] => model_name: foster
2024-09-11 21:22:50,930 [trainer.py] => convnet_type: resnet18
2024-09-11 21:22:50,930 [trainer.py] => init_train: False
2024-09-11 21:22:50,930 [trainer.py] => convnet_path: checkpoints/init_train/resnet18_42503.pth
2024-09-11 21:22:50,930 [trainer.py] => fc_path: checkpoints/init_train/fc_42503.pth
2024-09-11 21:22:50,930 [trainer.py] => device: [device(type='cuda', index=2)]
2024-09-11 21:22:50,930 [trainer.py] => seed: 1993
2024-09-11 21:22:50,930 [trainer.py] => beta1: 0.96
2024-09-11 21:22:50,930 [trainer.py] => beta2: 0.97
2024-09-11 21:22:50,930 [trainer.py] => oofc: ft
2024-09-11 21:22:50,930 [trainer.py] => is_teacher_wa: True
2024-09-11 21:22:50,930 [trainer.py] => is_student_wa: True
2024-09-11 21:22:50,930 [trainer.py] => lambda_okd: 0
2024-09-11 21:22:50,930 [trainer.py] => wa_value: 1
2024-09-11 21:22:50,931 [trainer.py] => init_epochs: 0
2024-09-11 21:22:50,931 [trainer.py] => init_lr: 0.1
2024-09-11 21:22:50,931 [trainer.py] => init_weight_decay: 0.0005
2024-09-11 21:22:50,931 [trainer.py] => boosting_epochs: 120
2024-09-11 21:22:50,931 [trainer.py] => compression_epochs: 80
2024-09-11 21:22:50,931 [trainer.py] => lr: 0.1
2024-09-11 21:22:50,931 [trainer.py] => batch_size: 128
2024-09-11 21:22:50,931 [trainer.py] => weight_decay: 0.0005
2024-09-11 21:22:50,931 [trainer.py] => num_workers: 8
2024-09-11 21:22:50,931 [trainer.py] => T: 2
2024-09-11 21:22:50,931 [trainer.py] => lambda_c_base: 0.8
2024-09-11 21:22:51,923 [data_manager.py] => [4, 2, 5, 0, 3, 6, 7, 8, 1]
2024-09-11 21:22:51,982 [trainer.py] => All params: 0
2024-09-11 21:22:51,982 [trainer.py] => Trainable params: 0
2024-09-11 21:22:55,500 [foster.py] => Learning on 0-5
2024-09-11 21:22:55,501 [foster.py] => All params: 3849034
2024-09-11 21:22:55,502 [foster.py] => Trainable params: 3849034
2024-09-11 21:22:55,571 [foster.py] => Adaptive factor: 0
2024-09-11 21:22:57,565 [foster.py] => init_train?---False
2024-09-11 21:23:02,895 [base.py] => Reducing exemplars...(100 per classes)
2024-09-11 21:23:02,895 [base.py] => Constructing exemplars...(100 per classes)
2024-09-11 21:23:14,732 [foster.py] => Exemplar size: 500
2024-09-11 21:23:14,733 [trainer.py] => CNN: {'total': 89.93, '00-04': 89.93, 'old': 0, 'new': 89.93}
2024-09-11 21:23:14,733 [trainer.py] => NME: {'total': 90.0, '00-04': 90.0, 'old': 0, 'new': 90.0}
2024-09-11 21:23:14,733 [trainer.py] => CNN top1 curve: [89.93]
2024-09-11 21:23:14,733 [trainer.py] => CNN top5 curve: [100.0]
2024-09-11 21:23:14,733 [trainer.py] => NME top1 curve: [90.0]
2024-09-11 21:23:14,733 [trainer.py] => NME top5 curve: [100.0]

2024-09-11 21:23:14,733 [trainer.py] => Average Accuracy (CNN): 89.93
2024-09-11 21:23:14,734 [trainer.py] => Average Accuracy (NME): 90.0
2024-09-11 21:23:14,734 [trainer.py] => All params: 3849034
2024-09-11 21:23:14,734 [trainer.py] => Trainable params: 3849034
2024-09-11 21:23:14,799 [foster.py] => Learning on 5-7
2024-09-11 21:23:14,800 [foster.py] => All params: 7701139
2024-09-11 21:23:14,800 [foster.py] => Trainable params: 3854670
2024-09-11 21:23:14,830 [foster.py] => Adaptive factor: 1.8708286933869707
2024-09-11 21:23:14,840 [foster.py] => per cls weights : [1.00484344 1.00484344 1.00484344 1.00484344 1.00484344 0.98789141
 0.98789141]
2024-09-11 21:23:19,681 [foster.py] => Task 1, Epoch 1/120 => Loss 1.856, Loss_clf 0.701, Loss_fe 0.661, Loss_pod 0.299, Loss_flat 0.195, Train_accy 83.64, Test_accy 49.26
2024-09-11 21:23:32,955 [foster.py] => Task 1, Epoch 6/120 => Loss 0.386, Loss_clf 0.031, Loss_fe 0.062, Loss_pod 0.199, Loss_flat 0.095, Train_accy 99.44, Test_accy 72.33
2024-09-11 21:23:45,505 [foster.py] => Task 1, Epoch 11/120 => Loss 0.180, Loss_clf 0.008, Loss_fe 0.008, Loss_pod 0.118, Loss_flat 0.047, Train_accy 100.00, Test_accy 68.76
2024-09-11 21:23:58,127 [foster.py] => Task 1, Epoch 16/120 => Loss 0.142, Loss_clf 0.006, Loss_fe 0.006, Loss_pod 0.095, Loss_flat 0.035, Train_accy 100.00, Test_accy 69.38
2024-09-11 21:24:11,041 [foster.py] => Task 1, Epoch 21/120 => Loss 0.141, Loss_clf 0.008, Loss_fe 0.008, Loss_pod 0.092, Loss_flat 0.032, Train_accy 100.00, Test_accy 58.24
2024-09-11 21:24:23,878 [foster.py] => Task 1, Epoch 26/120 => Loss 0.371, Loss_clf 0.024, Loss_fe 0.047, Loss_pod 0.206, Loss_flat 0.094, Train_accy 99.51, Test_accy 69.60
2024-09-11 21:24:36,971 [foster.py] => Task 1, Epoch 31/120 => Loss 0.194, Loss_clf 0.008, Loss_fe 0.008, Loss_pod 0.127, Loss_flat 0.051, Train_accy 100.00, Test_accy 68.45
2024-09-11 21:24:49,822 [foster.py] => Task 1, Epoch 36/120 => Loss 0.141, Loss_clf 0.005, Loss_fe 0.005, Loss_pod 0.098, Loss_flat 0.033, Train_accy 100.00, Test_accy 66.62
2024-09-11 21:25:02,774 [foster.py] => Task 1, Epoch 41/120 => Loss 0.125, Loss_clf 0.004, Loss_fe 0.004, Loss_pod 0.087, Loss_flat 0.029, Train_accy 100.00, Test_accy 66.52
2024-09-11 21:25:15,604 [foster.py] => Task 1, Epoch 46/120 => Loss 0.116, Loss_clf 0.004, Loss_fe 0.004, Loss_pod 0.082, Loss_flat 0.026, Train_accy 100.00, Test_accy 67.57
2024-09-11 21:25:28,515 [foster.py] => Task 1, Epoch 51/120 => Loss 0.111, Loss_clf 0.004, Loss_fe 0.004, Loss_pod 0.078, Loss_flat 0.024, Train_accy 100.00, Test_accy 66.29
2024-09-11 21:25:41,553 [foster.py] => Task 1, Epoch 56/120 => Loss 0.103, Loss_clf 0.004, Loss_fe 0.004, Loss_pod 0.072, Loss_flat 0.022, Train_accy 100.00, Test_accy 68.48
2024-09-11 21:25:54,143 [foster.py] => Task 1, Epoch 61/120 => Loss 0.103, Loss_clf 0.004, Loss_fe 0.004, Loss_pod 0.072, Loss_flat 0.023, Train_accy 100.00, Test_accy 67.81
2024-09-11 21:26:07,153 [foster.py] => Task 1, Epoch 66/120 => Loss 0.218, Loss_clf 0.014, Loss_fe 0.021, Loss_pod 0.133, Loss_flat 0.049, Train_accy 99.73, Test_accy 70.24
2024-09-11 21:26:19,658 [foster.py] => Task 1, Epoch 71/120 => Loss 0.108, Loss_clf 0.004, Loss_fe 0.004, Loss_pod 0.075, Loss_flat 0.024, Train_accy 100.00, Test_accy 68.38
2024-09-11 21:26:33,029 [foster.py] => Task 1, Epoch 76/120 => Loss 0.098, Loss_clf 0.004, Loss_fe 0.004, Loss_pod 0.068, Loss_flat 0.022, Train_accy 100.00, Test_accy 68.17
2024-09-11 21:26:45,955 [foster.py] => Task 1, Epoch 81/120 => Loss 0.091, Loss_clf 0.004, Loss_fe 0.004, Loss_pod 0.063, Loss_flat 0.021, Train_accy 100.00, Test_accy 67.79
2024-09-11 21:26:58,336 [foster.py] => Task 1, Epoch 86/120 => Loss 0.089, Loss_clf 0.004, Loss_fe 0.004, Loss_pod 0.061, Loss_flat 0.021, Train_accy 100.00, Test_accy 67.21
2024-09-11 21:27:11,015 [foster.py] => Task 1, Epoch 91/120 => Loss 0.086, Loss_clf 0.004, Loss_fe 0.004, Loss_pod 0.058, Loss_flat 0.020, Train_accy 100.00, Test_accy 66.83
2024-09-11 21:27:23,507 [foster.py] => Task 1, Epoch 96/120 => Loss 0.084, Loss_clf 0.004, Loss_fe 0.004, Loss_pod 0.056, Loss_flat 0.021, Train_accy 100.00, Test_accy 68.29
2024-09-11 21:27:36,498 [foster.py] => Task 1, Epoch 101/120 => Loss 0.080, Loss_clf 0.004, Loss_fe 0.004, Loss_pod 0.053, Loss_flat 0.019, Train_accy 100.00, Test_accy 67.12
2024-09-11 21:27:49,074 [foster.py] => Task 1, Epoch 106/120 => Loss 0.078, Loss_clf 0.004, Loss_fe 0.004, Loss_pod 0.051, Loss_flat 0.020, Train_accy 100.00, Test_accy 67.71
2024-09-11 21:28:01,580 [foster.py] => Task 1, Epoch 111/120 => Loss 0.080, Loss_clf 0.004, Loss_fe 0.004, Loss_pod 0.052, Loss_flat 0.020, Train_accy 100.00, Test_accy 67.00
2024-09-11 21:28:14,207 [foster.py] => Task 1, Epoch 116/120 => Loss 0.076, Loss_clf 0.004, Loss_fe 0.004, Loss_pod 0.049, Loss_flat 0.019, Train_accy 100.00, Test_accy 68.02
2024-09-11 21:28:23,572 [foster.py] => Task 1, Epoch 120/120 => Loss 0.077, Loss_clf 0.004, Loss_fe 0.004, Loss_pod 0.050, Loss_flat 0.020, Train_accy 100.00
2024-09-11 21:28:23,574 [inc_net.py] => align weights, gamma = 0.5613809823989868 
2024-09-11 21:28:23,575 [foster.py] => per cls weights : [1.01377356 1.01377356 1.01377356 1.01377356 1.01377356 0.96556609
 0.96556609]
2024-09-11 21:28:26,888 [foster.py] => SNet: Task 1, Epoch 1/80 => Loss 1.225,  Train_accy 71.84, Test_accy 63.62
2024-09-11 21:28:38,236 [foster.py] => SNet: Task 1, Epoch 6/80 => Loss 0.904,  Train_accy 96.73, Test_accy 73.95
2024-09-11 21:28:50,946 [foster.py] => SNet: Task 1, Epoch 11/80 => Loss 0.895,  Train_accy 97.24, Test_accy 75.79
2024-09-11 21:29:02,131 [foster.py] => SNet: Task 1, Epoch 16/80 => Loss 0.892,  Train_accy 97.24, Test_accy 76.07
2024-09-11 21:29:13,360 [foster.py] => SNet: Task 1, Epoch 21/80 => Loss 0.890,  Train_accy 97.84, Test_accy 76.10
2024-09-11 21:29:24,896 [foster.py] => SNet: Task 1, Epoch 26/80 => Loss 0.888,  Train_accy 97.78, Test_accy 76.17
2024-09-11 21:29:36,172 [foster.py] => SNet: Task 1, Epoch 31/80 => Loss 0.888,  Train_accy 97.71, Test_accy 75.95
2024-09-11 21:29:47,609 [foster.py] => SNet: Task 1, Epoch 36/80 => Loss 0.885,  Train_accy 97.98, Test_accy 77.10
2024-09-11 21:29:58,968 [foster.py] => SNet: Task 1, Epoch 41/80 => Loss 0.887,  Train_accy 97.98, Test_accy 76.81
2024-09-11 21:30:09,922 [foster.py] => SNet: Task 1, Epoch 46/80 => Loss 0.883,  Train_accy 98.00, Test_accy 76.88
2024-09-11 21:30:21,523 [foster.py] => SNet: Task 1, Epoch 51/80 => Loss 0.885,  Train_accy 98.24, Test_accy 76.86
2024-09-11 21:30:33,040 [foster.py] => SNet: Task 1, Epoch 56/80 => Loss 0.883,  Train_accy 98.18, Test_accy 77.48
2024-09-11 21:30:44,421 [foster.py] => SNet: Task 1, Epoch 61/80 => Loss 0.885,  Train_accy 98.20, Test_accy 77.45
2024-09-11 21:30:55,660 [foster.py] => SNet: Task 1, Epoch 66/80 => Loss 0.886,  Train_accy 98.07, Test_accy 77.74
2024-09-11 21:31:06,815 [foster.py] => SNet: Task 1, Epoch 71/80 => Loss 0.883,  Train_accy 98.31, Test_accy 77.02
2024-09-11 21:31:18,757 [foster.py] => SNet: Task 1, Epoch 76/80 => Loss 0.883,  Train_accy 98.11, Test_accy 77.48
2024-09-11 21:31:26,691 [foster.py] => SNet: Task 1, Epoch 80/80 => Loss 0.885,  Train_accy 98.13
2024-09-11 21:31:26,692 [inc_net.py] => align weights, gamma = 1.521734595298767 
2024-09-11 21:31:27,952 [foster.py] => darknet eval: 
2024-09-11 21:31:27,952 [foster.py] => CNN top1 curve: 67.12
2024-09-11 21:31:27,953 [foster.py] => CNN top5 curve: 98.67
2024-09-11 21:31:27,954 [base.py] => Reducing exemplars...(71 per classes)
2024-09-11 21:31:30,788 [base.py] => Constructing exemplars...(71 per classes)
2024-09-11 21:31:37,511 [foster.py] => Exemplar size: 497
2024-09-11 21:31:37,511 [trainer.py] => CNN: {'total': 79.76, '00-04': 76.27, '05-06': 88.5, 'old': 76.27, 'new': 88.5}
2024-09-11 21:31:37,511 [trainer.py] => NME: {'total': 73.33, '00-04': 78.17, '05-06': 61.25, 'old': 78.17, 'new': 61.25}
2024-09-11 21:31:37,511 [trainer.py] => CNN top1 curve: [89.93, 79.76]
2024-09-11 21:31:37,511 [trainer.py] => CNN top5 curve: [100.0, 98.6]
2024-09-11 21:31:37,511 [trainer.py] => NME top1 curve: [90.0, 73.33]
2024-09-11 21:31:37,511 [trainer.py] => NME top5 curve: [100.0, 98.93]

2024-09-11 21:31:37,512 [trainer.py] => Average Accuracy (CNN): 84.845
2024-09-11 21:31:37,512 [trainer.py] => Average Accuracy (NME): 81.66499999999999
2024-09-11 21:31:37,512 [trainer.py] => All params: 7701139
2024-09-11 21:31:37,513 [trainer.py] => Trainable params: 3854670
2024-09-11 21:31:37,570 [foster.py] => Learning on 7-9
2024-09-11 21:31:37,571 [foster.py] => All params: 7705241
2024-09-11 21:31:37,572 [foster.py] => Trainable params: 3857746
2024-09-11 21:31:37,608 [foster.py] => Adaptive factor: 2.1213203435596424
2024-09-11 21:31:37,621 [foster.py] => per cls weights : [1.01239929 1.01239929 1.01239929 1.01239929 1.01239929 1.01239929
 1.01239929 0.95660248 0.95660248]
2024-09-11 21:31:41,377 [foster.py] => Task 2, Epoch 1/120 => Loss 2.039, Loss_clf 0.771, Loss_fe 0.668, Loss_pod 0.382, Loss_flat 0.219, Train_accy 84.90, Test_accy 61.20
2024-09-11 21:31:54,467 [foster.py] => Task 2, Epoch 6/120 => Loss 0.249, Loss_clf 0.010, Loss_fe 0.033, Loss_pod 0.150, Loss_flat 0.057, Train_accy 99.98, Test_accy 67.04
2024-09-11 21:32:07,731 [foster.py] => Task 2, Epoch 11/120 => Loss 0.165, Loss_clf 0.006, Loss_fe 0.010, Loss_pod 0.113, Loss_flat 0.036, Train_accy 100.00, Test_accy 64.39
2024-09-11 21:32:20,991 [foster.py] => Task 2, Epoch 16/120 => Loss 0.518, Loss_clf 0.046, Loss_fe 0.114, Loss_pod 0.261, Loss_flat 0.097, Train_accy 98.67, Test_accy 67.54
2024-09-11 21:32:34,231 [foster.py] => Task 2, Epoch 21/120 => Loss 0.239, Loss_clf 0.007, Loss_fe 0.009, Loss_pod 0.171, Loss_flat 0.053, Train_accy 100.00, Test_accy 63.98
2024-09-11 21:32:46,800 [foster.py] => Task 2, Epoch 26/120 => Loss 0.163, Loss_clf 0.005, Loss_fe 0.005, Loss_pod 0.120, Loss_flat 0.033, Train_accy 100.00, Test_accy 66.83
2024-09-11 21:33:00,332 [foster.py] => Task 2, Epoch 31/120 => Loss 0.152, Loss_clf 0.006, Loss_fe 0.006, Loss_pod 0.107, Loss_flat 0.032, Train_accy 99.98, Test_accy 67.00
2024-09-11 21:33:13,093 [foster.py] => Task 2, Epoch 36/120 => Loss 0.133, Loss_clf 0.004, Loss_fe 0.005, Loss_pod 0.098, Loss_flat 0.026, Train_accy 100.00, Test_accy 64.70
2024-09-11 21:33:25,995 [foster.py] => Task 2, Epoch 41/120 => Loss 0.129, Loss_clf 0.004, Loss_fe 0.005, Loss_pod 0.095, Loss_flat 0.025, Train_accy 100.00, Test_accy 67.76
2024-09-11 21:33:38,546 [foster.py] => Task 2, Epoch 46/120 => Loss 0.128, Loss_clf 0.007, Loss_fe 0.008, Loss_pod 0.090, Loss_flat 0.023, Train_accy 100.00, Test_accy 40.72
2024-09-11 21:33:51,465 [foster.py] => Task 2, Epoch 51/120 => Loss 0.164, Loss_clf 0.005, Loss_fe 0.006, Loss_pod 0.116, Loss_flat 0.037, Train_accy 100.00, Test_accy 66.85
2024-09-11 21:34:04,353 [foster.py] => Task 2, Epoch 56/120 => Loss 0.125, Loss_clf 0.006, Loss_fe 0.005, Loss_pod 0.090, Loss_flat 0.025, Train_accy 100.00, Test_accy 70.63
2024-09-11 21:34:18,155 [foster.py] => Task 2, Epoch 61/120 => Loss 0.116, Loss_clf 0.004, Loss_fe 0.006, Loss_pod 0.083, Loss_flat 0.023, Train_accy 100.00, Test_accy 69.57
2024-09-11 21:34:31,878 [foster.py] => Task 2, Epoch 66/120 => Loss 0.108, Loss_clf 0.004, Loss_fe 0.004, Loss_pod 0.079, Loss_flat 0.021, Train_accy 100.00, Test_accy 66.33
2024-09-11 21:34:45,734 [foster.py] => Task 2, Epoch 71/120 => Loss 0.110, Loss_clf 0.004, Loss_fe 0.004, Loss_pod 0.081, Loss_flat 0.021, Train_accy 100.00, Test_accy 65.41
2024-09-11 21:34:59,546 [foster.py] => Task 2, Epoch 76/120 => Loss 0.103, Loss_clf 0.004, Loss_fe 0.004, Loss_pod 0.075, Loss_flat 0.020, Train_accy 100.00, Test_accy 65.43
2024-09-11 21:35:12,744 [foster.py] => Task 2, Epoch 81/120 => Loss 0.098, Loss_clf 0.004, Loss_fe 0.005, Loss_pod 0.070, Loss_flat 0.020, Train_accy 100.00, Test_accy 64.65
2024-09-11 21:35:26,577 [foster.py] => Task 2, Epoch 86/120 => Loss 0.102, Loss_clf 0.004, Loss_fe 0.004, Loss_pod 0.074, Loss_flat 0.021, Train_accy 100.00, Test_accy 64.11
2024-09-11 21:35:40,146 [foster.py] => Task 2, Epoch 91/120 => Loss 0.089, Loss_clf 0.004, Loss_fe 0.004, Loss_pod 0.063, Loss_flat 0.019, Train_accy 100.00, Test_accy 64.50
2024-09-11 21:35:53,583 [foster.py] => Task 2, Epoch 96/120 => Loss 0.091, Loss_clf 0.004, Loss_fe 0.004, Loss_pod 0.064, Loss_flat 0.019, Train_accy 100.00, Test_accy 65.65
2024-09-11 21:36:06,737 [foster.py] => Task 2, Epoch 101/120 => Loss 0.088, Loss_clf 0.003, Loss_fe 0.004, Loss_pod 0.062, Loss_flat 0.019, Train_accy 100.00, Test_accy 66.24
2024-09-11 21:36:20,320 [foster.py] => Task 2, Epoch 106/120 => Loss 0.086, Loss_clf 0.004, Loss_fe 0.004, Loss_pod 0.060, Loss_flat 0.018, Train_accy 100.00, Test_accy 64.87
2024-09-11 21:36:33,617 [foster.py] => Task 2, Epoch 111/120 => Loss 0.081, Loss_clf 0.004, Loss_fe 0.004, Loss_pod 0.055, Loss_flat 0.019, Train_accy 100.00, Test_accy 66.54
2024-09-11 21:36:47,427 [foster.py] => Task 2, Epoch 116/120 => Loss 0.086, Loss_clf 0.003, Loss_fe 0.004, Loss_pod 0.059, Loss_flat 0.019, Train_accy 100.00, Test_accy 64.98
2024-09-11 21:36:56,943 [foster.py] => Task 2, Epoch 120/120 => Loss 0.083, Loss_clf 0.004, Loss_fe 0.004, Loss_pod 0.057, Loss_flat 0.019, Train_accy 100.00
2024-09-11 21:36:56,944 [inc_net.py] => align weights, gamma = 0.5808383822441101 
2024-09-11 21:36:56,945 [foster.py] => per cls weights : [1.02623168 1.02623168 1.02623168 1.02623168 1.02623168 1.02623168
 1.02623168 0.90818914 0.90818914]
2024-09-11 21:37:00,466 [foster.py] => SNet: Task 2, Epoch 1/80 => Loss 1.559,  Train_accy 74.94, Test_accy 48.59
2024-09-11 21:37:12,609 [foster.py] => SNet: Task 2, Epoch 6/80 => Loss 1.171,  Train_accy 97.98, Test_accy 71.35
2024-09-11 21:37:24,693 [foster.py] => SNet: Task 2, Epoch 11/80 => Loss 1.169,  Train_accy 98.09, Test_accy 72.72
2024-09-11 21:37:37,114 [foster.py] => SNet: Task 2, Epoch 16/80 => Loss 1.165,  Train_accy 98.47, Test_accy 73.41
2024-09-11 21:37:49,326 [foster.py] => SNet: Task 2, Epoch 21/80 => Loss 1.163,  Train_accy 98.67, Test_accy 72.72
2024-09-11 21:38:01,271 [foster.py] => SNet: Task 2, Epoch 26/80 => Loss 1.157,  Train_accy 98.78, Test_accy 74.80
2024-09-11 21:38:13,379 [foster.py] => SNet: Task 2, Epoch 31/80 => Loss 1.157,  Train_accy 98.87, Test_accy 75.54
2024-09-11 21:38:25,627 [foster.py] => SNet: Task 2, Epoch 36/80 => Loss 1.157,  Train_accy 98.89, Test_accy 75.76
2024-09-11 21:38:37,616 [foster.py] => SNet: Task 2, Epoch 41/80 => Loss 1.156,  Train_accy 98.98, Test_accy 75.24
2024-09-11 21:38:49,583 [foster.py] => SNet: Task 2, Epoch 46/80 => Loss 1.157,  Train_accy 98.93, Test_accy 75.52
2024-09-11 21:39:01,804 [foster.py] => SNet: Task 2, Epoch 51/80 => Loss 1.156,  Train_accy 99.00, Test_accy 75.96
2024-09-11 21:39:14,266 [foster.py] => SNet: Task 2, Epoch 56/80 => Loss 1.155,  Train_accy 98.95, Test_accy 75.52
2024-09-11 21:39:26,464 [foster.py] => SNet: Task 2, Epoch 61/80 => Loss 1.157,  Train_accy 98.49, Test_accy 75.61
2024-09-11 21:39:39,485 [foster.py] => SNet: Task 2, Epoch 66/80 => Loss 1.156,  Train_accy 99.00, Test_accy 75.57
2024-09-11 21:39:51,491 [foster.py] => SNet: Task 2, Epoch 71/80 => Loss 1.158,  Train_accy 99.11, Test_accy 76.06
2024-09-11 21:40:03,609 [foster.py] => SNet: Task 2, Epoch 76/80 => Loss 1.153,  Train_accy 98.98, Test_accy 76.19
2024-09-11 21:40:12,479 [foster.py] => SNet: Task 2, Epoch 80/80 => Loss 1.155,  Train_accy 99.02
2024-09-11 21:40:12,479 [inc_net.py] => align weights, gamma = 1.373823642730713 
2024-09-11 21:40:13,721 [foster.py] => darknet eval: 
2024-09-11 21:40:13,721 [foster.py] => CNN top1 curve: 72.22
2024-09-11 21:40:13,721 [foster.py] => CNN top5 curve: 95.65
2024-09-11 21:40:13,722 [base.py] => Reducing exemplars...(55 per classes)
2024-09-11 21:40:17,731 [base.py] => Constructing exemplars...(55 per classes)
2024-09-11 21:40:24,612 [foster.py] => Exemplar size: 495
2024-09-11 21:40:24,612 [trainer.py] => CNN: {'total': 75.48, '00-04': 63.67, '05-06': 88.0, '07-08': 92.5, 'old': 70.62, 'new': 92.5}
2024-09-11 21:40:24,612 [trainer.py] => NME: {'total': 72.33, '00-04': 68.6, '05-06': 74.25, '07-08': 79.75, 'old': 70.21, 'new': 79.75}
2024-09-11 21:40:24,612 [trainer.py] => CNN top1 curve: [89.93, 79.76, 75.48]
2024-09-11 21:40:24,612 [trainer.py] => CNN top5 curve: [100.0, 98.6, 95.72]
2024-09-11 21:40:24,612 [trainer.py] => NME top1 curve: [90.0, 73.33, 72.33]
2024-09-11 21:40:24,612 [trainer.py] => NME top5 curve: [100.0, 98.93, 95.91]

2024-09-11 21:40:24,612 [trainer.py] => Average Accuracy (CNN): 81.72333333333334
2024-09-11 21:40:24,613 [trainer.py] => Average Accuracy (NME): 78.55333333333333
2024-09-11 21:40:24,613 [trainer.py] => Forgetting (CNN): 13.380000000000003
