2024-10-23 11:07:59,577 [trainer.py] => config: ./exps/foster.json
2024-10-23 11:07:59,577 [trainer.py] => prefix: cil
2024-10-23 11:07:59,577 [trainer.py] => dataset: hrrp9
2024-10-23 11:07:59,577 [trainer.py] => memory_size: 500
2024-10-23 11:07:59,577 [trainer.py] => memory_per_class: 20
2024-10-23 11:07:59,577 [trainer.py] => fixed_memory: False
2024-10-23 11:07:59,577 [trainer.py] => shuffle: True
2024-10-23 11:07:59,577 [trainer.py] => init_cls: 5
2024-10-23 11:07:59,577 [trainer.py] => increment: 2
2024-10-23 11:07:59,578 [trainer.py] => model_name: foster
2024-10-23 11:07:59,578 [trainer.py] => convnet_type: resnet18
2024-10-23 11:07:59,578 [trainer.py] => init_train: False
2024-10-23 11:07:59,578 [trainer.py] => convnet_path: checkpoints/init_train/resnet18_42503.pth
2024-10-23 11:07:59,578 [trainer.py] => fc_path: checkpoints/init_train/fc_42503.pth
2024-10-23 11:07:59,578 [trainer.py] => device: [device(type='cuda', index=2)]
2024-10-23 11:07:59,578 [trainer.py] => seed: 1993
2024-10-23 11:07:59,578 [trainer.py] => beta1: 0.96
2024-10-23 11:07:59,578 [trainer.py] => beta2: 0.97
2024-10-23 11:07:59,578 [trainer.py] => oofc: ft
2024-10-23 11:07:59,578 [trainer.py] => is_teacher_wa: True
2024-10-23 11:07:59,578 [trainer.py] => is_student_wa: True
2024-10-23 11:07:59,578 [trainer.py] => lambda_okd: 1
2024-10-23 11:07:59,578 [trainer.py] => wa_value: 1
2024-10-23 11:07:59,578 [trainer.py] => init_epochs: 0
2024-10-23 11:07:59,578 [trainer.py] => init_lr: 0.1
2024-10-23 11:07:59,578 [trainer.py] => init_weight_decay: 0.0005
2024-10-23 11:07:59,578 [trainer.py] => boosting_epochs: 120
2024-10-23 11:07:59,578 [trainer.py] => compression_epochs: 100
2024-10-23 11:07:59,578 [trainer.py] => lr: 0.1
2024-10-23 11:07:59,579 [trainer.py] => batch_size: 128
2024-10-23 11:07:59,579 [trainer.py] => weight_decay: 0.0005
2024-10-23 11:07:59,579 [trainer.py] => num_workers: 8
2024-10-23 11:07:59,579 [trainer.py] => T: 2
2024-10-23 11:08:00,309 [data_manager.py] => [4, 2, 5, 0, 3, 6, 7, 8, 1]
2024-10-23 11:08:00,356 [trainer.py] => All params: 0
2024-10-23 11:08:00,356 [trainer.py] => Trainable params: 0
2024-10-23 11:08:00,957 [foster.py] => Learning on 0-5
2024-10-23 11:08:00,958 [foster.py] => All params: 3849034
2024-10-23 11:08:00,958 [foster.py] => Trainable params: 3849034
2024-10-23 11:08:01,243 [foster.py] => init_train?---False
2024-10-23 11:08:02,404 [base.py] => Reducing exemplars...(100 per classes)
2024-10-23 11:08:02,405 [base.py] => Constructing exemplars...(100 per classes)
2024-10-23 11:08:08,730 [trainer.py] => All params: 3849034
2024-10-23 11:08:09,948 [foster.py] => Exemplar size: 500
2024-10-23 11:08:09,949 [trainer.py] => CNN: {'total': 89.93, '00-04': 89.93, 'old': 0, 'new': 89.93}
2024-10-23 11:08:09,949 [trainer.py] => NME: {'total': 90.0, '00-04': 90.0, 'old': 0, 'new': 90.0}
2024-10-23 11:08:09,949 [trainer.py] => CNN top1 curve: [89.93]
2024-10-23 11:08:09,949 [trainer.py] => CNN top5 curve: [100.0]
2024-10-23 11:08:09,949 [trainer.py] => NME top1 curve: [90.0]
2024-10-23 11:08:09,949 [trainer.py] => NME top5 curve: [100.0]

2024-10-23 11:08:09,949 [trainer.py] => Average Accuracy (CNN): 89.93
2024-10-23 11:08:09,949 [trainer.py] => Average Accuracy (NME): 90.0
2024-10-23 11:08:09,949 [trainer.py] => All params: 3849034
2024-10-23 11:08:09,950 [trainer.py] => Trainable params: 3849034
2024-10-23 11:08:10,045 [foster.py] => Learning on 5-7
2024-10-23 11:08:10,046 [foster.py] => All params: 7701139
2024-10-23 11:08:10,046 [foster.py] => Trainable params: 3854670
2024-10-23 11:08:10,078 [foster.py] => per cls weights : [1.00484344 1.00484344 1.00484344 1.00484344 1.00484344 0.98789141
 0.98789141]
2024-10-23 11:08:12,811 [foster.py] => Task 1, Epoch 1/120 => Loss 2.376, Loss_clf 0.663, Loss_fe 0.773, Loss_kd 0.672, Train_accy 81.33, Test_accy 32.19
2024-10-23 11:08:21,041 [foster.py] => Task 1, Epoch 6/120 => Loss 1.206, Loss_clf 0.072, Loss_fe 0.231, Loss_kd 0.645, Train_accy 97.64, Test_accy 64.36
2024-10-23 11:08:29,157 [foster.py] => Task 1, Epoch 11/120 => Loss 1.019, Loss_clf 0.031, Loss_fe 0.088, Loss_kd 0.642, Train_accy 99.31, Test_accy 66.40
2024-10-23 11:08:37,312 [foster.py] => Task 1, Epoch 16/120 => Loss 0.968, Loss_clf 0.021, Loss_fe 0.045, Loss_kd 0.644, Train_accy 99.40, Test_accy 71.57
2024-10-23 11:08:45,340 [foster.py] => Task 1, Epoch 21/120 => Loss 1.090, Loss_clf 0.065, Loss_fe 0.126, Loss_kd 0.642, Train_accy 98.20, Test_accy 64.83
2024-10-23 11:08:53,455 [foster.py] => Task 1, Epoch 26/120 => Loss 0.926, Loss_clf 0.007, Loss_fe 0.014, Loss_kd 0.646, Train_accy 100.00, Test_accy 72.98
2024-10-23 11:09:01,547 [foster.py] => Task 1, Epoch 31/120 => Loss 0.905, Loss_clf 0.002, Loss_fe 0.003, Loss_kd 0.643, Train_accy 100.00, Test_accy 73.24
2024-10-23 11:09:09,843 [foster.py] => Task 1, Epoch 36/120 => Loss 0.902, Loss_clf 0.001, Loss_fe 0.001, Loss_kd 0.642, Train_accy 100.00, Test_accy 72.86
2024-10-23 11:09:17,837 [foster.py] => Task 1, Epoch 41/120 => Loss 0.898, Loss_clf 0.001, Loss_fe 0.001, Loss_kd 0.639, Train_accy 100.00, Test_accy 71.90
2024-10-23 11:09:26,109 [foster.py] => Task 1, Epoch 46/120 => Loss 0.903, Loss_clf 0.001, Loss_fe 0.001, Loss_kd 0.643, Train_accy 100.00, Test_accy 73.45
2024-10-23 11:09:34,292 [foster.py] => Task 1, Epoch 51/120 => Loss 0.900, Loss_clf 0.001, Loss_fe 0.001, Loss_kd 0.641, Train_accy 100.00, Test_accy 73.07
2024-10-23 11:09:42,550 [foster.py] => Task 1, Epoch 56/120 => Loss 0.903, Loss_clf 0.001, Loss_fe 0.001, Loss_kd 0.644, Train_accy 100.00, Test_accy 74.19
2024-10-23 11:09:51,281 [foster.py] => Task 1, Epoch 61/120 => Loss 0.901, Loss_clf 0.001, Loss_fe 0.001, Loss_kd 0.642, Train_accy 100.00, Test_accy 73.50
2024-10-23 11:09:59,910 [foster.py] => Task 1, Epoch 66/120 => Loss 0.904, Loss_clf 0.001, Loss_fe 0.001, Loss_kd 0.644, Train_accy 100.00, Test_accy 71.62
2024-10-23 11:10:08,363 [foster.py] => Task 1, Epoch 71/120 => Loss 0.900, Loss_clf 0.001, Loss_fe 0.002, Loss_kd 0.641, Train_accy 100.00, Test_accy 71.86
2024-10-23 11:10:16,917 [foster.py] => Task 1, Epoch 76/120 => Loss 0.902, Loss_clf 0.001, Loss_fe 0.001, Loss_kd 0.643, Train_accy 100.00, Test_accy 72.81
2024-10-23 11:10:25,409 [foster.py] => Task 1, Epoch 81/120 => Loss 0.904, Loss_clf 0.001, Loss_fe 0.001, Loss_kd 0.644, Train_accy 100.00, Test_accy 72.55
2024-10-23 11:10:33,912 [foster.py] => Task 1, Epoch 86/120 => Loss 0.904, Loss_clf 0.001, Loss_fe 0.001, Loss_kd 0.645, Train_accy 100.00, Test_accy 72.48
2024-10-23 11:10:42,278 [foster.py] => Task 1, Epoch 91/120 => Loss 0.902, Loss_clf 0.001, Loss_fe 0.001, Loss_kd 0.642, Train_accy 100.00, Test_accy 72.79
2024-10-23 11:10:50,710 [foster.py] => Task 1, Epoch 96/120 => Loss 0.901, Loss_clf 0.001, Loss_fe 0.001, Loss_kd 0.642, Train_accy 100.00, Test_accy 73.07
2024-10-23 11:10:59,131 [foster.py] => Task 1, Epoch 101/120 => Loss 0.901, Loss_clf 0.001, Loss_fe 0.001, Loss_kd 0.642, Train_accy 100.00, Test_accy 73.00
2024-10-23 11:11:07,588 [foster.py] => Task 1, Epoch 106/120 => Loss 0.904, Loss_clf 0.001, Loss_fe 0.001, Loss_kd 0.644, Train_accy 100.00, Test_accy 73.50
2024-10-23 11:11:16,085 [foster.py] => Task 1, Epoch 111/120 => Loss 0.900, Loss_clf 0.001, Loss_fe 0.002, Loss_kd 0.641, Train_accy 100.00, Test_accy 71.69
2024-10-23 11:11:24,883 [foster.py] => Task 1, Epoch 116/120 => Loss 0.902, Loss_clf 0.001, Loss_fe 0.001, Loss_kd 0.643, Train_accy 100.00, Test_accy 73.45
2024-10-23 11:11:31,016 [foster.py] => Task 1, Epoch 120/120 => Loss 0.904, Loss_clf 0.001, Loss_fe 0.001, Loss_kd 0.644, Train_accy 100.00
2024-10-23 11:11:31,062 [inc_net.py] => align weights, gamma = 1.0263422727584839 
2024-10-23 11:11:31,064 [foster.py] => per cls weights : [1.01377356 1.01377356 1.01377356 1.01377356 1.01377356 0.96556609
 0.96556609]
2024-10-23 11:11:33,869 [foster.py] => SNet: Task 1, Epoch 1/100 => Loss 0.892,  Train_accy 71.78, Test_accy 31.90
2024-10-23 11:11:43,554 [foster.py] => SNet: Task 1, Epoch 6/100 => Loss 0.208,  Train_accy 99.89, Test_accy 68.74
2024-10-23 11:11:53,158 [foster.py] => SNet: Task 1, Epoch 11/100 => Loss 0.191,  Train_accy 100.00, Test_accy 68.98
2024-10-23 11:12:02,385 [foster.py] => SNet: Task 1, Epoch 16/100 => Loss 0.191,  Train_accy 100.00, Test_accy 72.07
2024-10-23 11:12:11,797 [foster.py] => SNet: Task 1, Epoch 21/100 => Loss 0.188,  Train_accy 100.00, Test_accy 70.86
2024-10-23 11:12:22,412 [foster.py] => SNet: Task 1, Epoch 26/100 => Loss 0.189,  Train_accy 100.00, Test_accy 71.74
2024-10-23 11:12:32,857 [foster.py] => SNet: Task 1, Epoch 31/100 => Loss 0.187,  Train_accy 100.00, Test_accy 70.64
2024-10-23 11:12:42,632 [foster.py] => SNet: Task 1, Epoch 36/100 => Loss 0.187,  Train_accy 100.00, Test_accy 71.38
2024-10-23 11:12:52,029 [foster.py] => SNet: Task 1, Epoch 41/100 => Loss 0.187,  Train_accy 100.00, Test_accy 72.60
2024-10-23 11:13:01,517 [foster.py] => SNet: Task 1, Epoch 46/100 => Loss 0.187,  Train_accy 100.00, Test_accy 71.64
2024-10-23 11:13:11,171 [foster.py] => SNet: Task 1, Epoch 51/100 => Loss 0.186,  Train_accy 100.00, Test_accy 71.62
2024-10-23 11:13:20,922 [foster.py] => SNet: Task 1, Epoch 56/100 => Loss 0.185,  Train_accy 100.00, Test_accy 71.40
2024-10-23 11:13:30,216 [foster.py] => SNet: Task 1, Epoch 61/100 => Loss 0.187,  Train_accy 100.00, Test_accy 71.62
2024-10-23 11:13:39,332 [foster.py] => SNet: Task 1, Epoch 66/100 => Loss 0.188,  Train_accy 100.00, Test_accy 70.26
2024-10-23 11:13:48,587 [foster.py] => SNet: Task 1, Epoch 71/100 => Loss 0.187,  Train_accy 100.00, Test_accy 70.19
2024-10-23 11:13:57,976 [foster.py] => SNet: Task 1, Epoch 76/100 => Loss 0.187,  Train_accy 100.00, Test_accy 70.90
2024-10-23 11:14:09,801 [foster.py] => SNet: Task 1, Epoch 81/100 => Loss 0.186,  Train_accy 100.00, Test_accy 70.71
2024-10-23 11:14:18,731 [foster.py] => SNet: Task 1, Epoch 86/100 => Loss 0.186,  Train_accy 100.00, Test_accy 70.14
2024-10-23 11:14:28,005 [foster.py] => SNet: Task 1, Epoch 91/100 => Loss 0.187,  Train_accy 100.00, Test_accy 70.79
2024-10-23 11:14:36,914 [foster.py] => SNet: Task 1, Epoch 96/100 => Loss 0.185,  Train_accy 100.00, Test_accy 70.45
2024-10-23 11:14:43,573 [foster.py] => SNet: Task 1, Epoch 100/100 => Loss 0.186,  Train_accy 100.00
2024-10-23 11:14:43,574 [inc_net.py] => align weights, gamma = 0.9937681555747986 
2024-10-23 11:14:44,193 [foster.py] => darknet eval: 
2024-10-23 11:14:44,193 [foster.py] => CNN top1 curve: 70.57
2024-10-23 11:14:44,193 [foster.py] => CNN top5 curve: 98.71
2024-10-23 11:14:44,194 [base.py] => Reducing exemplars...(71 per classes)
2024-10-23 11:14:45,351 [base.py] => Constructing exemplars...(71 per classes)
2024-10-23 11:14:48,538 [trainer.py] => All params: 7701139
2024-10-23 11:14:50,335 [foster.py] => Exemplar size: 497
2024-10-23 11:14:50,335 [trainer.py] => CNN: {'total': 71.95, '00-04': 62.07, '05-06': 96.67, 'old': 62.07, 'new': 96.67}
2024-10-23 11:14:50,335 [trainer.py] => NME: {'total': 75.33, '00-04': 67.73, '05-06': 94.33, 'old': 67.73, 'new': 94.33}
2024-10-23 11:14:50,336 [trainer.py] => CNN top1 curve: [89.93, 71.95]
2024-10-23 11:14:50,336 [trainer.py] => CNN top5 curve: [100.0, 99.07]
2024-10-23 11:14:50,336 [trainer.py] => NME top1 curve: [90.0, 75.33]
2024-10-23 11:14:50,336 [trainer.py] => NME top5 curve: [100.0, 99.24]

2024-10-23 11:14:50,336 [trainer.py] => Average Accuracy (CNN): 80.94
2024-10-23 11:14:50,336 [trainer.py] => Average Accuracy (NME): 82.66499999999999
2024-10-23 11:14:50,337 [trainer.py] => All params: 7701139
2024-10-23 11:14:50,337 [trainer.py] => Trainable params: 3854670
2024-10-23 11:14:50,430 [foster.py] => Learning on 7-9
2024-10-23 11:14:50,431 [foster.py] => All params: 7705241
2024-10-23 11:14:50,432 [foster.py] => Trainable params: 3857746
2024-10-23 11:14:50,468 [foster.py] => per cls weights : [1.01239929 1.01239929 1.01239929 1.01239929 1.01239929 1.01239929
 1.01239929 0.95660248 0.95660248]
2024-10-23 11:14:53,199 [foster.py] => Task 2, Epoch 1/120 => Loss 2.418, Loss_clf 0.592, Loss_fe 0.757, Loss_kd 0.831, Train_accy 84.26, Test_accy 45.72
2024-10-23 11:15:02,206 [foster.py] => Task 2, Epoch 6/120 => Loss 1.321, Loss_clf 0.038, Loss_fe 0.262, Loss_kd 0.794, Train_accy 98.93, Test_accy 62.19
2024-10-23 11:15:10,656 [foster.py] => Task 2, Epoch 11/120 => Loss 1.491, Loss_clf 0.096, Loss_fe 0.375, Loss_kd 0.794, Train_accy 96.78, Test_accy 36.54
2024-10-23 11:15:19,354 [foster.py] => Task 2, Epoch 16/120 => Loss 1.208, Loss_clf 0.026, Loss_fe 0.160, Loss_kd 0.794, Train_accy 99.29, Test_accy 64.63
2024-10-23 11:15:28,115 [foster.py] => Task 2, Epoch 21/120 => Loss 1.053, Loss_clf 0.004, Loss_fe 0.034, Loss_kd 0.790, Train_accy 99.98, Test_accy 66.39
2024-10-23 11:15:36,641 [foster.py] => Task 2, Epoch 26/120 => Loss 1.037, Loss_clf 0.007, Loss_fe 0.010, Loss_kd 0.793, Train_accy 99.98, Test_accy 37.00
2024-10-23 11:15:45,247 [foster.py] => Task 2, Epoch 31/120 => Loss 1.093, Loss_clf 0.010, Loss_fe 0.060, Loss_kd 0.796, Train_accy 99.84, Test_accy 67.70
2024-10-23 11:15:53,856 [foster.py] => Task 2, Epoch 36/120 => Loss 1.061, Loss_clf 0.011, Loss_fe 0.033, Loss_kd 0.790, Train_accy 99.87, Test_accy 65.93
2024-10-23 11:16:02,491 [foster.py] => Task 2, Epoch 41/120 => Loss 1.021, Loss_clf 0.001, Loss_fe 0.005, Loss_kd 0.789, Train_accy 100.00, Test_accy 66.67
2024-10-23 11:16:11,398 [foster.py] => Task 2, Epoch 46/120 => Loss 1.019, Loss_clf 0.002, Loss_fe 0.003, Loss_kd 0.789, Train_accy 100.00, Test_accy 66.09
2024-10-23 11:16:20,240 [foster.py] => Task 2, Epoch 51/120 => Loss 1.026, Loss_clf 0.001, Loss_fe 0.001, Loss_kd 0.796, Train_accy 100.00, Test_accy 66.76
2024-10-23 11:16:29,174 [foster.py] => Task 2, Epoch 56/120 => Loss 1.025, Loss_clf 0.001, Loss_fe 0.001, Loss_kd 0.795, Train_accy 100.00, Test_accy 66.50
2024-10-23 11:16:37,806 [foster.py] => Task 2, Epoch 61/120 => Loss 1.028, Loss_clf 0.004, Loss_fe 0.005, Loss_kd 0.792, Train_accy 99.98, Test_accy 63.56
2024-10-23 11:16:46,594 [foster.py] => Task 2, Epoch 66/120 => Loss 1.032, Loss_clf 0.003, Loss_fe 0.007, Loss_kd 0.794, Train_accy 99.98, Test_accy 64.28
2024-10-23 11:16:55,255 [foster.py] => Task 2, Epoch 71/120 => Loss 1.020, Loss_clf 0.001, Loss_fe 0.002, Loss_kd 0.790, Train_accy 100.00, Test_accy 63.89
2024-10-23 11:17:04,157 [foster.py] => Task 2, Epoch 76/120 => Loss 1.021, Loss_clf 0.002, Loss_fe 0.001, Loss_kd 0.792, Train_accy 100.00, Test_accy 65.65
2024-10-23 11:17:13,374 [foster.py] => Task 2, Epoch 81/120 => Loss 1.025, Loss_clf 0.001, Loss_fe 0.001, Loss_kd 0.796, Train_accy 100.00, Test_accy 65.93
2024-10-23 11:17:22,249 [foster.py] => Task 2, Epoch 86/120 => Loss 1.024, Loss_clf 0.001, Loss_fe 0.001, Loss_kd 0.795, Train_accy 100.00, Test_accy 65.65
2024-10-23 11:17:30,980 [foster.py] => Task 2, Epoch 91/120 => Loss 1.020, Loss_clf 0.002, Loss_fe 0.003, Loss_kd 0.790, Train_accy 100.00, Test_accy 65.74
2024-10-23 11:17:39,615 [foster.py] => Task 2, Epoch 96/120 => Loss 1.018, Loss_clf 0.001, Loss_fe 0.002, Loss_kd 0.790, Train_accy 100.00, Test_accy 65.39
2024-10-23 11:17:48,391 [foster.py] => Task 2, Epoch 101/120 => Loss 1.021, Loss_clf 0.001, Loss_fe 0.002, Loss_kd 0.792, Train_accy 100.00, Test_accy 65.19
2024-10-23 11:17:57,376 [foster.py] => Task 2, Epoch 106/120 => Loss 1.023, Loss_clf 0.002, Loss_fe 0.002, Loss_kd 0.793, Train_accy 100.00, Test_accy 65.69
2024-10-23 11:18:06,435 [foster.py] => Task 2, Epoch 111/120 => Loss 1.021, Loss_clf 0.001, Loss_fe 0.001, Loss_kd 0.792, Train_accy 100.00, Test_accy 64.85
2024-10-23 11:18:15,370 [foster.py] => Task 2, Epoch 116/120 => Loss 1.019, Loss_clf 0.001, Loss_fe 0.002, Loss_kd 0.790, Train_accy 100.00, Test_accy 65.33
2024-10-23 11:18:21,663 [foster.py] => Task 2, Epoch 120/120 => Loss 1.023, Loss_clf 0.001, Loss_fe 0.001, Loss_kd 0.794, Train_accy 100.00
2024-10-23 11:18:21,666 [inc_net.py] => align weights, gamma = 0.9787330031394958 
2024-10-23 11:18:21,668 [foster.py] => per cls weights : [1.02623168 1.02623168 1.02623168 1.02623168 1.02623168 1.02623168
 1.02623168 0.90818914 0.90818914]
2024-10-23 11:18:24,578 [foster.py] => SNet: Task 2, Epoch 1/100 => Loss 1.027,  Train_accy 72.80, Test_accy 14.20
2024-10-23 11:18:34,213 [foster.py] => SNet: Task 2, Epoch 6/100 => Loss 0.268,  Train_accy 99.91, Test_accy 64.46
2024-10-23 11:18:43,605 [foster.py] => SNet: Task 2, Epoch 11/100 => Loss 0.251,  Train_accy 100.00, Test_accy 70.31
2024-10-23 11:18:53,228 [foster.py] => SNet: Task 2, Epoch 16/100 => Loss 0.256,  Train_accy 99.89, Test_accy 68.46
2024-10-23 11:19:02,898 [foster.py] => SNet: Task 2, Epoch 21/100 => Loss 0.248,  Train_accy 99.98, Test_accy 71.22
2024-10-23 11:19:12,659 [foster.py] => SNet: Task 2, Epoch 26/100 => Loss 0.245,  Train_accy 100.00, Test_accy 69.72
2024-10-23 11:19:22,613 [foster.py] => SNet: Task 2, Epoch 31/100 => Loss 0.245,  Train_accy 99.98, Test_accy 72.31
2024-10-23 11:19:32,382 [foster.py] => SNet: Task 2, Epoch 36/100 => Loss 0.244,  Train_accy 100.00, Test_accy 69.52
2024-10-23 11:19:41,834 [foster.py] => SNet: Task 2, Epoch 41/100 => Loss 0.244,  Train_accy 100.00, Test_accy 68.93
2024-10-23 11:19:51,319 [foster.py] => SNet: Task 2, Epoch 46/100 => Loss 0.246,  Train_accy 100.00, Test_accy 70.13
2024-10-23 11:20:00,982 [foster.py] => SNet: Task 2, Epoch 51/100 => Loss 0.242,  Train_accy 100.00, Test_accy 71.87
2024-10-23 11:20:10,232 [foster.py] => SNet: Task 2, Epoch 56/100 => Loss 0.244,  Train_accy 100.00, Test_accy 70.11
2024-10-23 11:20:19,066 [foster.py] => SNet: Task 2, Epoch 61/100 => Loss 0.243,  Train_accy 100.00, Test_accy 72.06
2024-10-23 11:20:28,017 [foster.py] => SNet: Task 2, Epoch 66/100 => Loss 0.243,  Train_accy 100.00, Test_accy 70.96
2024-10-23 11:20:36,854 [foster.py] => SNet: Task 2, Epoch 71/100 => Loss 0.244,  Train_accy 100.00, Test_accy 69.76
2024-10-23 11:20:45,797 [foster.py] => SNet: Task 2, Epoch 76/100 => Loss 0.244,  Train_accy 100.00, Test_accy 67.98
2024-10-23 11:20:54,514 [foster.py] => SNet: Task 2, Epoch 81/100 => Loss 0.242,  Train_accy 100.00, Test_accy 70.61
2024-10-23 11:21:06,806 [foster.py] => SNet: Task 2, Epoch 86/100 => Loss 0.244,  Train_accy 100.00, Test_accy 68.96
2024-10-23 11:21:18,581 [foster.py] => SNet: Task 2, Epoch 91/100 => Loss 0.242,  Train_accy 100.00, Test_accy 69.81
2024-10-23 11:21:29,366 [foster.py] => SNet: Task 2, Epoch 96/100 => Loss 0.242,  Train_accy 100.00, Test_accy 69.57
2024-10-23 11:21:37,170 [foster.py] => SNet: Task 2, Epoch 100/100 => Loss 0.243,  Train_accy 100.00
2024-10-23 11:21:37,173 [inc_net.py] => align weights, gamma = 1.0308083295822144 
2024-10-23 11:21:38,249 [foster.py] => darknet eval: 
2024-10-23 11:21:38,249 [foster.py] => CNN top1 curve: 71.44
2024-10-23 11:21:38,249 [foster.py] => CNN top5 curve: 96.69
2024-10-23 11:21:38,250 [base.py] => Reducing exemplars...(55 per classes)
2024-10-23 11:21:39,743 [base.py] => Constructing exemplars...(55 per classes)
2024-10-23 11:21:42,751 [trainer.py] => All params: 7705241
2024-10-23 11:21:44,994 [foster.py] => Exemplar size: 495
2024-10-23 11:21:44,995 [trainer.py] => CNN: {'total': 66.06, '00-04': 47.7, '05-06': 82.5, '07-08': 95.5, 'old': 57.64, 'new': 95.5}
2024-10-23 11:21:44,995 [trainer.py] => NME: {'total': 70.3, '00-04': 57.23, '05-06': 82.08, '07-08': 91.17, 'old': 64.33, 'new': 91.17}
2024-10-23 11:21:44,995 [trainer.py] => CNN top1 curve: [89.93, 71.95, 66.06]
2024-10-23 11:21:44,995 [trainer.py] => CNN top5 curve: [100.0, 99.07, 96.63]
2024-10-23 11:21:44,995 [trainer.py] => NME top1 curve: [90.0, 75.33, 70.3]
2024-10-23 11:21:44,995 [trainer.py] => NME top5 curve: [100.0, 99.24, 96.89]

2024-10-23 11:21:44,995 [trainer.py] => Average Accuracy (CNN): 75.98
2024-10-23 11:21:44,995 [trainer.py] => Average Accuracy (NME): 78.54333333333334
2024-10-23 11:21:44,996 [trainer.py] => Forgetting (CNN): 28.200000000000003
