2024-08-21 15:47:30,716 [trainer.py] => config: ./exps/foster.json
2024-08-21 15:47:30,716 [trainer.py] => prefix: cil
2024-08-21 15:47:30,716 [trainer.py] => dataset: hrrp9
2024-08-21 15:47:30,716 [trainer.py] => memory_size: 500
2024-08-21 15:47:30,716 [trainer.py] => memory_per_class: 20
2024-08-21 15:47:30,716 [trainer.py] => fixed_memory: False
2024-08-21 15:47:30,716 [trainer.py] => shuffle: True
2024-08-21 15:47:30,716 [trainer.py] => init_cls: 5
2024-08-21 15:47:30,716 [trainer.py] => increment: 2
2024-08-21 15:47:30,716 [trainer.py] => model_name: foster
2024-08-21 15:47:30,716 [trainer.py] => convnet_type: resnet18
2024-08-21 15:47:30,716 [trainer.py] => init_train: False
2024-08-21 15:47:30,717 [trainer.py] => convnet_path: checkpoints/init_train/resnet18_42503.pth
2024-08-21 15:47:30,717 [trainer.py] => fc_path: checkpoints/init_train/fc_42503.pth
2024-08-21 15:47:30,717 [trainer.py] => device: [device(type='cuda', index=0)]
2024-08-21 15:47:30,717 [trainer.py] => seed: 1993
2024-08-21 15:47:30,717 [trainer.py] => beta1: 0.96
2024-08-21 15:47:30,717 [trainer.py] => beta2: 0.97
2024-08-21 15:47:30,717 [trainer.py] => oofc: ft
2024-08-21 15:47:30,717 [trainer.py] => is_teacher_wa: False
2024-08-21 15:47:30,717 [trainer.py] => is_student_wa: False
2024-08-21 15:47:30,717 [trainer.py] => lambda_okd: 1
2024-08-21 15:47:30,717 [trainer.py] => wa_value: 1
2024-08-21 15:47:30,717 [trainer.py] => init_epochs: 0
2024-08-21 15:47:30,717 [trainer.py] => init_lr: 0.1
2024-08-21 15:47:30,717 [trainer.py] => init_weight_decay: 0.0005
2024-08-21 15:47:30,717 [trainer.py] => boosting_epochs: 170
2024-08-21 15:47:30,717 [trainer.py] => compression_epochs: 130
2024-08-21 15:47:30,717 [trainer.py] => lr: 0.1
2024-08-21 15:47:30,717 [trainer.py] => batch_size: 128
2024-08-21 15:47:30,717 [trainer.py] => weight_decay: 0.0005
2024-08-21 15:47:30,717 [trainer.py] => num_workers: 8
2024-08-21 15:47:30,717 [trainer.py] => T: 2
2024-08-21 15:47:31,531 [data_manager.py] => [4, 2, 5, 0, 3, 6, 7, 8, 1]
2024-08-21 15:47:31,569 [trainer.py] => All params: 0
2024-08-21 15:47:31,569 [trainer.py] => Trainable params: 0
2024-08-21 15:47:33,814 [foster.py] => Learning on 0-5
2024-08-21 15:47:33,815 [foster.py] => All params: 3849034
2024-08-21 15:47:33,815 [foster.py] => Trainable params: 3849034
2024-08-21 15:47:34,821 [foster.py] => init_train?---False
2024-08-21 15:47:38,834 [base.py] => Reducing exemplars...(100 per classes)
2024-08-21 15:47:38,835 [base.py] => Constructing exemplars...(100 per classes)
2024-08-21 15:47:54,096 [foster.py] => Exemplar size: 500
2024-08-21 15:47:54,096 [trainer.py] => CNN: {'total': 92.89, '00-04': 92.89, 'old': 0, 'new': 92.89}
2024-08-21 15:47:54,096 [trainer.py] => NME: {'total': 92.95, '00-04': 92.95, 'old': 0, 'new': 92.95}
2024-08-21 15:47:54,096 [trainer.py] => CNN top1 curve: [92.89]
2024-08-21 15:47:54,096 [trainer.py] => CNN top5 curve: [100.0]
2024-08-21 15:47:54,096 [trainer.py] => NME top1 curve: [92.95]
2024-08-21 15:47:54,096 [trainer.py] => NME top5 curve: [100.0]

2024-08-21 15:47:54,097 [trainer.py] => Average Accuracy (CNN): 92.89
2024-08-21 15:47:54,097 [trainer.py] => Average Accuracy (NME): 92.95
2024-08-21 15:47:54,097 [trainer.py] => All params: 3849034
2024-08-21 15:47:54,097 [trainer.py] => Trainable params: 3849034
2024-08-21 15:47:54,129 [foster.py] => Learning on 5-7
2024-08-21 15:47:54,129 [foster.py] => All params: 7701139
2024-08-21 15:47:54,130 [foster.py] => Trainable params: 3854670
2024-08-21 15:47:54,963 [foster.py] => per cls weights : [1.00484344 1.00484344 1.00484344 1.00484344 1.00484344 0.98789141
 0.98789141]
2024-08-21 15:54:48,722 [foster.py] => Task 1, Epoch 170/170 => Loss 0.900, Loss_clf 0.001, Loss_fe 0.001, Loss_kd 0.641, Train_accy 100.00
2024-08-21 15:54:48,724 [foster.py] => do not weight align teacher!
2024-08-21 15:54:48,726 [foster.py] => per cls weights : [1.01377356 1.01377356 1.01377356 1.01377356 1.01377356 0.96556609
 0.96556609]
2024-08-21 16:00:00,830 [foster.py] => SNet: Task 1, Epoch 130/130 => Loss 0.200,  Train_accy 100.00
2024-08-21 16:00:00,831 [foster.py] => do not weight align student!
2024-08-21 16:00:02,598 [foster.py] => darknet eval: 
2024-08-21 16:00:02,598 [foster.py] => CNN top1 curve: 78.29
2024-08-21 16:00:02,598 [foster.py] => CNN top5 curve: 99.35
2024-08-21 16:00:02,599 [base.py] => Reducing exemplars...(71 per classes)
2024-08-21 16:00:06,102 [base.py] => Constructing exemplars...(71 per classes)
2024-08-21 16:00:16,720 [foster.py] => Exemplar size: 497
2024-08-21 16:00:16,720 [trainer.py] => CNN: {'total': 80.23, '00-04': 75.61, '05-06': 98.37, 'old': 75.61, 'new': 98.37}
2024-08-21 16:00:16,720 [trainer.py] => NME: {'total': 82.28, '00-04': 78.66, '05-06': 96.52, 'old': 78.66, 'new': 96.52}
2024-08-21 16:00:16,720 [trainer.py] => CNN top1 curve: [92.89, 80.23]
2024-08-21 16:00:16,720 [trainer.py] => CNN top5 curve: [100.0, 99.37]
2024-08-21 16:00:16,720 [trainer.py] => NME top1 curve: [92.95, 82.28]
2024-08-21 16:00:16,720 [trainer.py] => NME top5 curve: [100.0, 99.42]

2024-08-21 16:00:16,720 [trainer.py] => Average Accuracy (CNN): 86.56
2024-08-21 16:00:16,721 [trainer.py] => Average Accuracy (NME): 87.61500000000001
2024-08-21 16:00:16,721 [trainer.py] => All params: 7701139
2024-08-21 16:00:16,722 [trainer.py] => Trainable params: 3854670
2024-08-21 16:00:16,763 [foster.py] => Learning on 7-9
2024-08-21 16:00:16,764 [foster.py] => All params: 7705241
2024-08-21 16:00:16,764 [foster.py] => Trainable params: 3857746
2024-08-21 16:00:16,958 [foster.py] => per cls weights : [1.01239929 1.01239929 1.01239929 1.01239929 1.01239929 1.01239929
 1.01239929 0.95660248 0.95660248]
2024-08-21 16:07:31,443 [foster.py] => Task 2, Epoch 170/170 => Loss 0.967, Loss_clf 0.001, Loss_fe 0.001, Loss_kd 0.750, Train_accy 100.00
2024-08-21 16:07:31,444 [foster.py] => do not weight align teacher!
2024-08-21 16:07:31,445 [foster.py] => per cls weights : [1.02623168 1.02623168 1.02623168 1.02623168 1.02623168 1.02623168
 1.02623168 0.90818914 0.90818914]
2024-08-21 16:13:10,879 [foster.py] => SNet: Task 2, Epoch 130/130 => Loss 0.228,  Train_accy 100.00
2024-08-21 16:13:10,879 [foster.py] => do not weight align student!
2024-08-21 16:13:12,960 [foster.py] => darknet eval: 
2024-08-21 16:13:12,960 [foster.py] => CNN top1 curve: 66.25
2024-08-21 16:13:12,960 [foster.py] => CNN top5 curve: 97.12
2024-08-21 16:13:12,961 [base.py] => Reducing exemplars...(55 per classes)
2024-08-21 16:13:18,215 [base.py] => Constructing exemplars...(55 per classes)
2024-08-21 16:13:27,824 [foster.py] => Exemplar size: 495
2024-08-21 16:13:27,824 [trainer.py] => CNN: {'total': 63.39, '00-04': 48.43, '05-06': 87.11, '07-08': 98.31, 'old': 56.28, 'new': 98.31}
2024-08-21 16:13:27,824 [trainer.py] => NME: {'total': 68.68, '00-04': 58.27, '05-06': 81.04, '07-08': 97.08, 'old': 62.89, 'new': 97.08}
2024-08-21 16:13:27,825 [trainer.py] => CNN top1 curve: [92.89, 80.23, 63.39]
2024-08-21 16:13:27,825 [trainer.py] => CNN top5 curve: [100.0, 99.37, 96.89]
2024-08-21 16:13:27,825 [trainer.py] => NME top1 curve: [92.95, 82.28, 68.68]
2024-08-21 16:13:27,825 [trainer.py] => NME top5 curve: [100.0, 99.42, 97.86]

2024-08-21 16:13:27,825 [trainer.py] => Average Accuracy (CNN): 78.83666666666666
2024-08-21 16:13:27,825 [trainer.py] => Average Accuracy (NME): 81.30333333333334
2024-08-21 16:13:27,825 [trainer.py] => Forgetting (CNN): 27.860000000000003
