2025-04-08 11:18:20,972 [trainer.py] => config: ./exps/svm.json
2025-04-08 11:18:20,972 [trainer.py] => prefix: cil
2025-04-08 11:18:20,972 [trainer.py] => dataset: hrrp9
2025-04-08 11:18:20,972 [trainer.py] => memory_size: 500
2025-04-08 11:18:20,972 [trainer.py] => memory_per_class: 20
2025-04-08 11:18:20,972 [trainer.py] => fixed_memory: False
2025-04-08 11:18:20,972 [trainer.py] => shuffle: True
2025-04-08 11:18:20,973 [trainer.py] => init_cls: 5
2025-04-08 11:18:20,973 [trainer.py] => increment: 2
2025-04-08 11:18:20,973 [trainer.py] => model_name: svm
2025-04-08 11:18:20,973 [trainer.py] => batch_size: 128
2025-04-08 11:18:20,973 [trainer.py] => num_workers: 8
2025-04-08 11:18:20,973 [trainer.py] => device: [device(type='cuda', index=3)]
2025-04-08 11:18:20,973 [trainer.py] => init_train: False
2025-04-08 11:18:20,973 [trainer.py] => seed1: [1993]
2025-04-08 11:18:20,973 [trainer.py] => convnet_path1: checkpoints/init_train/resnet18_42503.pth
2025-04-08 11:18:20,973 [trainer.py] => fc_path1: checkpoints/init_train/fc_42503.pth
2025-04-08 11:18:20,973 [trainer.py] => seed2: [110]
2025-04-08 11:18:20,973 [trainer.py] => convnet_path2: checkpoints/init_train/resnet18_35172.pth
2025-04-08 11:18:20,973 [trainer.py] => fc_path2: checkpoints/init_train/fc_35172.pth
2025-04-08 11:18:20,973 [trainer.py] => seed: 2001
2025-04-08 11:18:21,467 [data_manager.py] => [3, 5, 1, 7, 2, 8, 6, 4, 0]
2025-04-08 11:18:21,765 [trainer.py] => All params: 0
2025-04-08 11:18:21,766 [trainer.py] => Trainable params: 0
2025-04-08 11:18:21,766 [SVM.py] => Learning on 0-5
2025-04-08 11:18:21,805 [SVM.py] => Processing training data...
2025-04-08 11:18:22,281 [SVM.py] => Training SVM...
2025-04-08 11:20:36,760 [SVM.py] => SVM training completed in 134.48 seconds
2025-04-08 11:20:52,866 [SVM.py] => Test accuracy: 70.13%
2025-04-08 11:20:52,899 [SVM.py] => Building rehearsal memory for SVM... (100 samples per class)
2025-04-08 11:20:52,899 [SVM.py] => Reducing exemplars... (100 per class)
2025-04-08 11:20:52,899 [SVM.py] => Constructing exemplars... (100 per class)
2025-04-08 11:21:45,210 [trainer.py] => task:0 training time:203.44s
2025-04-08 11:21:45,211 [trainer.py] => All params: 3757006
2025-04-08 11:22:01,708 [trainer.py] => No NME accuracy.
2025-04-08 11:22:01,709 [trainer.py] => CNN: {'total': 69.47, '00-04': 69.47, 'old': 0, 'new': 69.47}
2025-04-08 11:22:01,709 [trainer.py] => CNN top1 curve: [69.47]
2025-04-08 11:22:01,709 [trainer.py] => CNN top5 curve: [100.0]

2025-04-08 11:22:01,709 [trainer.py] => Average Accuracy (CNN): 69.47
2025-04-08 11:22:01,709 [trainer.py] => All params: 3757006
2025-04-08 11:22:01,709 [trainer.py] => Trainable params: 3757006
2025-04-08 11:22:01,709 [SVM.py] => Learning on 5-7
2025-04-08 11:22:01,733 [SVM.py] => Processing training data...
2025-04-08 11:22:02,046 [SVM.py] => Training SVM...
2025-04-08 11:22:27,558 [SVM.py] => SVM training completed in 25.51 seconds
2025-04-08 11:22:34,204 [SVM.py] => Test accuracy: 22.98%
2025-04-08 11:22:34,213 [SVM.py] => Building rehearsal memory for SVM... (71 samples per class)
2025-04-08 11:22:34,213 [SVM.py] => Reducing exemplars... (71 per class)
2025-04-08 11:22:35,026 [SVM.py] => Constructing exemplars... (71 per class)
2025-04-08 11:22:41,056 [trainer.py] => task:1 training time:39.35s
2025-04-08 11:22:41,057 [trainer.py] => All params: 1245811
2025-04-08 11:22:49,970 [trainer.py] => No NME accuracy.
2025-04-08 11:22:49,970 [trainer.py] => CNN: {'total': 24.69, '00-04': 3.17, '05-06': 78.5, 'old': 3.17, 'new': 78.5}
2025-04-08 11:22:49,970 [trainer.py] => CNN top1 curve: [69.47, 24.69]
2025-04-08 11:22:49,970 [trainer.py] => CNN top5 curve: [100.0, 60.62]

2025-04-08 11:22:49,970 [trainer.py] => Average Accuracy (CNN): 47.08
2025-04-08 11:22:49,971 [trainer.py] => All params: 1245811
2025-04-08 11:22:49,971 [trainer.py] => Trainable params: 1245811
2025-04-08 11:22:49,971 [SVM.py] => Learning on 7-9
2025-04-08 11:22:50,017 [SVM.py] => Processing training data...
2025-04-08 11:22:50,349 [SVM.py] => Training SVM...
2025-04-08 11:23:14,506 [SVM.py] => SVM training completed in 24.16 seconds
2025-04-08 11:23:21,267 [SVM.py] => Test accuracy: 17.37%
2025-04-08 11:23:21,277 [SVM.py] => Building rehearsal memory for SVM... (55 samples per class)
2025-04-08 11:23:21,277 [SVM.py] => Reducing exemplars... (55 per class)
2025-04-08 11:23:21,886 [SVM.py] => Constructing exemplars... (55 per class)
2025-04-08 11:23:26,476 [trainer.py] => task:2 training time:36.50s
2025-04-08 11:23:26,476 [trainer.py] => All params: 1018716
2025-04-08 11:23:32,953 [trainer.py] => No NME accuracy.
2025-04-08 11:23:32,954 [trainer.py] => CNN: {'total': 18.46, '00-04': 0.27, '05-06': 1.17, '07-08': 81.25, 'old': 0.52, 'new': 81.25}
2025-04-08 11:23:32,954 [trainer.py] => CNN top1 curve: [69.47, 24.69, 18.46]
2025-04-08 11:23:32,954 [trainer.py] => CNN top5 curve: [100.0, 60.62, 43.13]

2025-04-08 11:23:32,954 [trainer.py] => Average Accuracy (CNN): 37.54
2025-04-08 11:23:32,954 [trainer.py] => Time consumed in all training process:311.19s
2025-04-08 11:23:32,954 [trainer.py] => Average Time consumed in single task:93.10s
2025-04-08 11:23:32,955 [trainer.py] => Forgetting (CNN): 73.265
