2025-04-08 11:22:21,005 [trainer.py] => config: ./exps/svm.json
2025-04-08 11:22:21,005 [trainer.py] => prefix: cil
2025-04-08 11:22:21,005 [trainer.py] => dataset: hrrp9
2025-04-08 11:22:21,005 [trainer.py] => memory_size: 500
2025-04-08 11:22:21,005 [trainer.py] => memory_per_class: 20
2025-04-08 11:22:21,005 [trainer.py] => fixed_memory: False
2025-04-08 11:22:21,006 [trainer.py] => shuffle: True
2025-04-08 11:22:21,006 [trainer.py] => init_cls: 5
2025-04-08 11:22:21,006 [trainer.py] => increment: 2
2025-04-08 11:22:21,006 [trainer.py] => model_name: svm
2025-04-08 11:22:21,006 [trainer.py] => batch_size: 128
2025-04-08 11:22:21,006 [trainer.py] => num_workers: 8
2025-04-08 11:22:21,006 [trainer.py] => device: [device(type='cuda', index=3)]
2025-04-08 11:22:21,006 [trainer.py] => init_train: False
2025-04-08 11:22:21,006 [trainer.py] => seed: 1993
2025-04-08 11:22:21,006 [trainer.py] => convnet_path1: checkpoints/init_train/resnet18_42503.pth
2025-04-08 11:22:21,006 [trainer.py] => fc_path1: checkpoints/init_train/fc_42503.pth
2025-04-08 11:22:21,006 [trainer.py] => seed2: [110]
2025-04-08 11:22:21,006 [trainer.py] => convnet_path2: checkpoints/init_train/resnet18_35172.pth
2025-04-08 11:22:21,006 [trainer.py] => fc_path2: checkpoints/init_train/fc_35172.pth
2025-04-08 11:22:21,006 [trainer.py] => seed1: [2001]
2025-04-08 11:22:21,499 [data_manager.py] => [4, 2, 5, 0, 3, 6, 7, 8, 1]
2025-04-08 11:22:21,786 [trainer.py] => All params: 0
2025-04-08 11:22:21,786 [trainer.py] => Trainable params: 0
2025-04-08 11:22:21,786 [SVM.py] => Learning on 0-5
2025-04-08 11:22:21,825 [SVM.py] => Processing training data...
2025-04-08 11:22:22,255 [SVM.py] => Training SVM...
2025-04-08 11:24:29,561 [SVM.py] => SVM training completed in 127.30 seconds
2025-04-08 11:24:44,547 [SVM.py] => Test accuracy: 65.23%
2025-04-08 11:24:44,575 [SVM.py] => Building rehearsal memory for SVM... (100 samples per class)
2025-04-08 11:24:44,576 [SVM.py] => Reducing exemplars... (100 per class)
2025-04-08 11:24:44,576 [SVM.py] => Constructing exemplars... (100 per class)
2025-04-08 11:25:33,627 [trainer.py] => task:0 training time:191.84s
2025-04-08 11:25:33,628 [trainer.py] => All params: 3614074
2025-04-08 11:25:48,123 [trainer.py] => No NME accuracy.
2025-04-08 11:25:48,124 [trainer.py] => CNN: {'total': 65.93, '00-04': 65.93, 'old': 0, 'new': 65.93}
2025-04-08 11:25:48,124 [trainer.py] => CNN top1 curve: [65.93]
2025-04-08 11:25:48,124 [trainer.py] => CNN top5 curve: [100.0]

2025-04-08 11:25:48,124 [trainer.py] => Average Accuracy (CNN): 65.93
2025-04-08 11:25:48,124 [trainer.py] => All params: 3614074
2025-04-08 11:25:48,124 [trainer.py] => Trainable params: 3614074
2025-04-08 11:25:48,124 [SVM.py] => Learning on 5-7
2025-04-08 11:25:48,145 [SVM.py] => Processing training data...
2025-04-08 11:25:48,409 [SVM.py] => Training SVM...
2025-04-08 11:26:14,563 [SVM.py] => SVM training completed in 26.15 seconds
2025-04-08 11:26:21,603 [SVM.py] => Test accuracy: 25.26%
2025-04-08 11:26:21,610 [SVM.py] => Building rehearsal memory for SVM... (71 samples per class)
2025-04-08 11:26:21,611 [SVM.py] => Reducing exemplars... (71 per class)
2025-04-08 11:26:22,514 [SVM.py] => Constructing exemplars... (71 per class)
2025-04-08 11:26:28,858 [trainer.py] => task:1 training time:40.73s
2025-04-08 11:26:28,858 [trainer.py] => All params: 1342677
2025-04-08 11:26:35,775 [trainer.py] => No NME accuracy.
2025-04-08 11:26:35,776 [trainer.py] => CNN: {'total': 26.48, '00-04': 3.0, '05-06': 85.17, 'old': 3.0, 'new': 85.17}
2025-04-08 11:26:35,776 [trainer.py] => CNN top1 curve: [65.93, 26.48]
2025-04-08 11:26:35,776 [trainer.py] => CNN top5 curve: [100.0, 61.17]

2025-04-08 11:26:35,776 [trainer.py] => Average Accuracy (CNN): 46.205000000000005
2025-04-08 11:26:35,776 [trainer.py] => All params: 1342677
2025-04-08 11:26:35,776 [trainer.py] => Trainable params: 1342677
2025-04-08 11:26:35,776 [SVM.py] => Learning on 7-9
2025-04-08 11:26:35,801 [SVM.py] => Processing training data...
2025-04-08 11:26:36,066 [SVM.py] => Training SVM...
2025-04-08 11:27:00,971 [SVM.py] => SVM training completed in 24.90 seconds
2025-04-08 11:27:09,673 [SVM.py] => Test accuracy: 20.63%
2025-04-08 11:27:09,690 [SVM.py] => Building rehearsal memory for SVM... (55 samples per class)
2025-04-08 11:27:09,691 [SVM.py] => Reducing exemplars... (55 per class)
2025-04-08 11:27:10,390 [SVM.py] => Constructing exemplars... (55 per class)
2025-04-08 11:27:16,571 [trainer.py] => task:2 training time:40.79s
2025-04-08 11:27:16,571 [trainer.py] => All params: 1278196
2025-04-08 11:27:25,321 [trainer.py] => No NME accuracy.
2025-04-08 11:27:25,321 [trainer.py] => CNN: {'total': 22.39, '00-04': 2.5, '05-06': 4.08, '07-08': 90.42, 'old': 2.95, 'new': 90.42}
2025-04-08 11:27:25,321 [trainer.py] => CNN top1 curve: [65.93, 26.48, 22.39]
2025-04-08 11:27:25,321 [trainer.py] => CNN top5 curve: [100.0, 61.17, 53.35]

2025-04-08 11:27:25,321 [trainer.py] => Average Accuracy (CNN): 38.26666666666667
2025-04-08 11:27:25,321 [trainer.py] => Time consumed in all training process:303.54s
2025-04-08 11:27:25,321 [trainer.py] => Average Time consumed in single task:91.12s
2025-04-08 11:27:25,322 [trainer.py] => Forgetting (CNN): 72.26
