2025-04-08 20:52:50,563 [trainer.py] => config: ./exps/POD_foster.json
2025-04-08 20:52:50,563 [trainer.py] => prefix: cil
2025-04-08 20:52:50,563 [trainer.py] => dataset: hrrp9
2025-04-08 20:52:50,563 [trainer.py] => memory_size: 500
2025-04-08 20:52:50,563 [trainer.py] => memory_per_class: 20
2025-04-08 20:52:50,563 [trainer.py] => fixed_memory: False
2025-04-08 20:52:50,564 [trainer.py] => shuffle: True
2025-04-08 20:52:50,564 [trainer.py] => init_cls: 5
2025-04-08 20:52:50,564 [trainer.py] => increment: 2
2025-04-08 20:52:50,564 [trainer.py] => model_name: POD_foster
2025-04-08 20:52:50,564 [trainer.py] => convnet_type: resnet18
2025-04-08 20:52:50,564 [trainer.py] => init_train: False
2025-04-08 20:52:50,564 [trainer.py] => convnet_path1: checkpoints/init_train/resnet18_35172.pth
2025-04-08 20:52:50,564 [trainer.py] => fc_path1: checkpoints/init_train/fc_35172.pth
2025-04-08 20:52:50,564 [trainer.py] => convnet_path: checkpoints/init_train/resnet18_42503.pth
2025-04-08 20:52:50,564 [trainer.py] => fc_path: checkpoints/init_train/fc_42503.pth
2025-04-08 20:52:50,564 [trainer.py] => convnet_path2: checkpoints/init_train/resnet18_42871.pth
2025-04-08 20:52:50,564 [trainer.py] => fc_path2: checkpoints/init_train/fc_42871.pth
2025-04-08 20:52:50,564 [trainer.py] => device: [device(type='cuda', index=5)]
2025-04-08 20:52:50,564 [trainer.py] => seed: 1993
2025-04-08 20:52:50,564 [trainer.py] => beta1: 0.96
2025-04-08 20:52:50,564 [trainer.py] => beta2: 0.94
2025-04-08 20:52:50,564 [trainer.py] => oofc: ft
2025-04-08 20:52:50,564 [trainer.py] => is_teacher_wa: True
2025-04-08 20:52:50,564 [trainer.py] => is_student_wa: False
2025-04-08 20:52:50,565 [trainer.py] => is_teacher_la: True
2025-04-08 20:52:50,565 [trainer.py] => is_student_la: True
2025-04-08 20:52:50,565 [trainer.py] => lambda_okd: 0
2025-04-08 20:52:50,565 [trainer.py] => wa_value: 1
2025-04-08 20:52:50,565 [trainer.py] => init_epochs: 0
2025-04-08 20:52:50,565 [trainer.py] => init_lr: 0.1
2025-04-08 20:52:50,565 [trainer.py] => init_weight_decay: 0.0005
2025-04-08 20:52:50,565 [trainer.py] => boosting_epochs: 150
2025-04-08 20:52:50,565 [trainer.py] => compression_epochs: 120
2025-04-08 20:52:50,565 [trainer.py] => lr: 0.1
2025-04-08 20:52:50,565 [trainer.py] => batch_size: 128
2025-04-08 20:52:50,565 [trainer.py] => weight_decay: 0.0005
2025-04-08 20:52:50,565 [trainer.py] => num_workers: 8
2025-04-08 20:52:50,565 [trainer.py] => momentum: 0.9
2025-04-08 20:52:50,565 [trainer.py] => T: 2
2025-04-08 20:52:50,565 [trainer.py] => lambda_c_base: 0.8
2025-04-08 20:52:50,565 [trainer.py] => lambda_f_base: 1.0
2025-04-08 20:52:50,565 [trainer.py] => POD: w
2025-04-08 20:52:51,118 [data_manager.py] => [4, 2, 5, 0, 3, 6, 7, 8, 1]
2025-04-08 20:52:51,160 [trainer.py] => All params: 0
2025-04-08 20:52:51,160 [trainer.py] => Trainable params: 0
2025-04-08 20:52:54,329 [pod_foster.py] => Learning on 0-5
2025-04-08 20:52:54,329 [pod_foster.py] => All params: 3849034
2025-04-08 20:52:54,329 [pod_foster.py] => Trainable params: 3849034
2025-04-08 20:52:54,371 [pod_foster.py] => Adaptive factor: 0
2025-04-08 20:52:56,247 [pod_foster.py] => init_train?---False
2025-04-08 20:52:59,873 [base.py] => Reducing exemplars...(100 per classes)
2025-04-08 20:52:59,873 [base.py] => Constructing exemplars...(100 per classes)
2025-04-08 20:53:08,368 [trainer.py] => task:0 training time:17.21s
2025-04-08 20:53:08,369 [trainer.py] => All params: 3849034
2025-04-08 20:53:10,437 [pod_foster.py] => Exemplar size: 500
2025-04-08 20:53:10,438 [trainer.py] => CNN: {'total': 89.93, '00-04': 89.93, 'old': 0, 'new': 89.93}
2025-04-08 20:53:10,438 [trainer.py] => NME: {'total': 90.0, '00-04': 90.0, 'old': 0, 'new': 90.0}
2025-04-08 20:53:10,438 [trainer.py] => CNN top1 curve: [89.93]
2025-04-08 20:53:10,438 [trainer.py] => CNN top5 curve: [100.0]
2025-04-08 20:53:10,438 [trainer.py] => NME top1 curve: [90.0]
2025-04-08 20:53:10,438 [trainer.py] => NME top5 curve: [100.0]

2025-04-08 20:53:10,438 [trainer.py] => Average Accuracy (CNN): 89.93
2025-04-08 20:53:10,438 [trainer.py] => Average Accuracy (NME): 90.0
2025-04-08 20:53:10,438 [trainer.py] => All params: 3849034
2025-04-08 20:53:10,439 [trainer.py] => Trainable params: 3849034
2025-04-08 20:53:10,632 [pod_foster.py] => Learning on 5-7
2025-04-08 20:53:10,633 [pod_foster.py] => All params: 7701139
2025-04-08 20:53:10,633 [pod_foster.py] => Trainable params: 3854670
2025-04-08 20:53:10,655 [pod_foster.py] => Adaptive factor: 1.8708286933869707
2025-04-08 20:53:10,721 [pod_foster.py] => per cls weights : [1.00484344 1.00484344 1.00484344 1.00484344 1.00484344 0.98789141
 0.98789141]
2025-04-08 20:53:14,755 [pod_foster.py] => Task 1, Epoch 1/150 => Loss 1.174, Loss_clf 0.764, Loss_fe 0.000, Loss_pod 0.295, Loss_flat 0.114, Train_accy 81.80, Test_accy 65.31
2025-04-08 20:53:27,606 [pod_foster.py] => Task 1, Epoch 6/150 => Loss 0.210, Loss_clf 0.022, Loss_fe 0.000, Loss_pod 0.156, Loss_flat 0.032, Train_accy 99.96, Test_accy 68.55
2025-04-08 20:53:40,314 [pod_foster.py] => Task 1, Epoch 11/150 => Loss 0.213, Loss_clf 0.023, Loss_fe 0.000, Loss_pod 0.162, Loss_flat 0.027, Train_accy 99.67, Test_accy 70.90
2025-04-08 20:53:53,472 [pod_foster.py] => Task 1, Epoch 16/150 => Loss 0.165, Loss_clf 0.011, Loss_fe 0.000, Loss_pod 0.134, Loss_flat 0.019, Train_accy 100.00, Test_accy 68.17
2025-04-08 20:54:06,201 [pod_foster.py] => Task 1, Epoch 21/150 => Loss 0.168, Loss_clf 0.013, Loss_fe 0.000, Loss_pod 0.136, Loss_flat 0.019, Train_accy 100.00, Test_accy 68.71
2025-04-08 20:54:18,896 [pod_foster.py] => Task 1, Epoch 26/150 => Loss 0.235, Loss_clf 0.015, Loss_fe 0.000, Loss_pod 0.182, Loss_flat 0.038, Train_accy 99.98, Test_accy 69.33
2025-04-08 20:54:31,880 [pod_foster.py] => Task 1, Epoch 31/150 => Loss 0.188, Loss_clf 0.017, Loss_fe 0.000, Loss_pod 0.146, Loss_flat 0.025, Train_accy 99.80, Test_accy 70.05
2025-04-08 20:54:44,536 [pod_foster.py] => Task 1, Epoch 36/150 => Loss 0.149, Loss_clf 0.008, Loss_fe 0.000, Loss_pod 0.124, Loss_flat 0.016, Train_accy 100.00, Test_accy 67.07
2025-04-08 20:54:56,716 [pod_foster.py] => Task 1, Epoch 41/150 => Loss 0.139, Loss_clf 0.008, Loss_fe 0.000, Loss_pod 0.116, Loss_flat 0.014, Train_accy 100.00, Test_accy 66.71
2025-04-08 20:55:09,496 [pod_foster.py] => Task 1, Epoch 46/150 => Loss 0.140, Loss_clf 0.008, Loss_fe 0.000, Loss_pod 0.118, Loss_flat 0.014, Train_accy 100.00, Test_accy 68.12
2025-04-08 20:55:22,492 [pod_foster.py] => Task 1, Epoch 51/150 => Loss 0.142, Loss_clf 0.007, Loss_fe 0.000, Loss_pod 0.120, Loss_flat 0.014, Train_accy 100.00, Test_accy 65.60
2025-04-08 20:55:35,606 [pod_foster.py] => Task 1, Epoch 56/150 => Loss 0.132, Loss_clf 0.007, Loss_fe 0.000, Loss_pod 0.111, Loss_flat 0.014, Train_accy 100.00, Test_accy 66.14
2025-04-08 20:55:48,157 [pod_foster.py] => Task 1, Epoch 61/150 => Loss 0.152, Loss_clf 0.011, Loss_fe 0.000, Loss_pod 0.124, Loss_flat 0.018, Train_accy 99.93, Test_accy 65.52
2025-04-08 20:56:00,575 [pod_foster.py] => Task 1, Epoch 66/150 => Loss 0.142, Loss_clf 0.008, Loss_fe 0.000, Loss_pod 0.119, Loss_flat 0.015, Train_accy 100.00, Test_accy 67.67
2025-04-08 20:56:13,464 [pod_foster.py] => Task 1, Epoch 71/150 => Loss 0.134, Loss_clf 0.007, Loss_fe 0.000, Loss_pod 0.113, Loss_flat 0.014, Train_accy 100.00, Test_accy 66.69
2025-04-08 20:56:26,739 [pod_foster.py] => Task 1, Epoch 76/150 => Loss 0.125, Loss_clf 0.007, Loss_fe 0.000, Loss_pod 0.105, Loss_flat 0.013, Train_accy 100.00, Test_accy 66.00
2025-04-08 20:56:40,077 [pod_foster.py] => Task 1, Epoch 81/150 => Loss 0.121, Loss_clf 0.007, Loss_fe 0.000, Loss_pod 0.102, Loss_flat 0.012, Train_accy 100.00, Test_accy 68.86
2025-04-08 20:56:52,794 [pod_foster.py] => Task 1, Epoch 86/150 => Loss 0.122, Loss_clf 0.007, Loss_fe 0.000, Loss_pod 0.103, Loss_flat 0.013, Train_accy 100.00, Test_accy 65.12
2025-04-08 20:57:06,586 [pod_foster.py] => Task 1, Epoch 91/150 => Loss 0.114, Loss_clf 0.007, Loss_fe 0.000, Loss_pod 0.096, Loss_flat 0.012, Train_accy 100.00, Test_accy 66.07
2025-04-08 20:57:20,035 [pod_foster.py] => Task 1, Epoch 96/150 => Loss 0.111, Loss_clf 0.007, Loss_fe 0.000, Loss_pod 0.093, Loss_flat 0.012, Train_accy 100.00, Test_accy 67.17
2025-04-08 20:57:32,683 [pod_foster.py] => Task 1, Epoch 101/150 => Loss 0.106, Loss_clf 0.007, Loss_fe 0.000, Loss_pod 0.088, Loss_flat 0.011, Train_accy 100.00, Test_accy 67.26
2025-04-08 20:57:44,789 [pod_foster.py] => Task 1, Epoch 106/150 => Loss 0.105, Loss_clf 0.007, Loss_fe 0.000, Loss_pod 0.087, Loss_flat 0.011, Train_accy 100.00, Test_accy 67.50
2025-04-08 20:57:57,249 [pod_foster.py] => Task 1, Epoch 111/150 => Loss 0.104, Loss_clf 0.007, Loss_fe 0.000, Loss_pod 0.086, Loss_flat 0.011, Train_accy 100.00, Test_accy 66.14
2025-04-08 20:58:10,522 [pod_foster.py] => Task 1, Epoch 116/150 => Loss 0.100, Loss_clf 0.007, Loss_fe 0.000, Loss_pod 0.083, Loss_flat 0.010, Train_accy 100.00, Test_accy 67.48
2025-04-08 20:58:24,014 [pod_foster.py] => Task 1, Epoch 121/150 => Loss 0.094, Loss_clf 0.006, Loss_fe 0.000, Loss_pod 0.077, Loss_flat 0.010, Train_accy 100.00, Test_accy 66.21
2025-04-08 20:58:36,868 [pod_foster.py] => Task 1, Epoch 126/150 => Loss 0.094, Loss_clf 0.006, Loss_fe 0.000, Loss_pod 0.077, Loss_flat 0.010, Train_accy 100.00, Test_accy 66.19
2025-04-08 20:58:48,799 [pod_foster.py] => Task 1, Epoch 131/150 => Loss 0.092, Loss_clf 0.006, Loss_fe 0.000, Loss_pod 0.076, Loss_flat 0.010, Train_accy 100.00, Test_accy 65.17
2025-04-08 20:59:01,325 [pod_foster.py] => Task 1, Epoch 136/150 => Loss 0.086, Loss_clf 0.006, Loss_fe 0.000, Loss_pod 0.071, Loss_flat 0.009, Train_accy 100.00, Test_accy 67.05
2025-04-08 20:59:14,087 [pod_foster.py] => Task 1, Epoch 141/150 => Loss 0.086, Loss_clf 0.007, Loss_fe 0.000, Loss_pod 0.070, Loss_flat 0.010, Train_accy 100.00, Test_accy 66.33
2025-04-08 20:59:26,896 [pod_foster.py] => Task 1, Epoch 146/150 => Loss 0.090, Loss_clf 0.006, Loss_fe 0.000, Loss_pod 0.074, Loss_flat 0.009, Train_accy 100.00, Test_accy 67.33
2025-04-08 20:59:36,337 [pod_foster.py] => Task 1, time 2.23s, Epoch 150/150 => Loss 0.087, Loss_clf 0.006, Loss_fe 0.000, Loss_pod 0.071, Loss_flat 0.010, Train_accy 100.00
2025-04-08 20:59:36,337 [pod_foster.py] => 100 epoches training time:258.42s
2025-04-08 20:59:36,337 [pod_foster.py] => Average training time of single epoch:2.29s
2025-04-08 20:59:36,339 [inc_net.py] => align weights, gamma = 0.46779006719589233 
2025-04-08 20:59:36,340 [pod_foster.py] => per cls weights : [1.00058745 1.00058745 1.00058745 1.00058745 1.00058745 0.99853137
 0.99853137]
2025-04-08 20:59:39,841 [pod_foster.py] => SNet: Task 1, Epoch 1/120 => Loss 1.354,  Train_accy 70.20, Test_accy 62.64
2025-04-08 20:59:51,190 [pod_foster.py] => SNet: Task 1, Epoch 6/120 => Loss 1.083,  Train_accy 96.51, Test_accy 75.52
2025-04-08 21:00:02,504 [pod_foster.py] => SNet: Task 1, Epoch 11/120 => Loss 1.073,  Train_accy 97.27, Test_accy 74.79
2025-04-08 21:00:13,669 [pod_foster.py] => SNet: Task 1, Epoch 16/120 => Loss 1.068,  Train_accy 97.33, Test_accy 78.71
2025-04-08 21:00:25,600 [pod_foster.py] => SNet: Task 1, Epoch 21/120 => Loss 1.068,  Train_accy 97.49, Test_accy 78.79
2025-04-08 21:00:37,313 [pod_foster.py] => SNet: Task 1, Epoch 26/120 => Loss 1.064,  Train_accy 97.69, Test_accy 77.74
2025-04-08 21:00:48,730 [pod_foster.py] => SNet: Task 1, Epoch 31/120 => Loss 1.066,  Train_accy 97.58, Test_accy 78.83
2025-04-08 21:01:00,233 [pod_foster.py] => SNet: Task 1, Epoch 36/120 => Loss 1.066,  Train_accy 97.91, Test_accy 78.31
2025-04-08 21:01:12,010 [pod_foster.py] => SNet: Task 1, Epoch 41/120 => Loss 1.060,  Train_accy 97.80, Test_accy 78.00
2025-04-08 21:01:23,196 [pod_foster.py] => SNet: Task 1, Epoch 46/120 => Loss 1.063,  Train_accy 97.89, Test_accy 77.50
2025-04-08 21:01:34,325 [pod_foster.py] => SNet: Task 1, Epoch 51/120 => Loss 1.061,  Train_accy 97.96, Test_accy 78.55
2025-04-08 21:01:46,319 [pod_foster.py] => SNet: Task 1, Epoch 56/120 => Loss 1.060,  Train_accy 97.98, Test_accy 79.12
2025-04-08 21:01:58,113 [pod_foster.py] => SNet: Task 1, Epoch 61/120 => Loss 1.062,  Train_accy 97.60, Test_accy 77.88
2025-04-08 21:02:09,553 [pod_foster.py] => SNet: Task 1, Epoch 66/120 => Loss 1.062,  Train_accy 98.04, Test_accy 77.40
2025-04-08 21:02:20,999 [pod_foster.py] => SNet: Task 1, Epoch 71/120 => Loss 1.062,  Train_accy 97.87, Test_accy 79.00
2025-04-08 21:02:32,662 [pod_foster.py] => SNet: Task 1, Epoch 76/120 => Loss 1.061,  Train_accy 97.80, Test_accy 78.29
2025-04-08 21:02:44,069 [pod_foster.py] => SNet: Task 1, Epoch 81/120 => Loss 1.058,  Train_accy 98.07, Test_accy 78.02
2025-04-08 21:02:55,537 [pod_foster.py] => SNet: Task 1, Epoch 86/120 => Loss 1.061,  Train_accy 98.13, Test_accy 78.05
2025-04-08 21:03:07,516 [pod_foster.py] => SNet: Task 1, Epoch 91/120 => Loss 1.062,  Train_accy 98.27, Test_accy 78.62
2025-04-08 21:03:19,622 [pod_foster.py] => SNet: Task 1, Epoch 96/120 => Loss 1.059,  Train_accy 98.13, Test_accy 77.48
2025-04-08 21:03:31,064 [pod_foster.py] => SNet: Task 1, Epoch 101/120 => Loss 1.059,  Train_accy 97.96, Test_accy 78.48
2025-04-08 21:03:42,149 [pod_foster.py] => SNet: Task 1, Epoch 106/120 => Loss 1.060,  Train_accy 98.20, Test_accy 78.14
2025-04-08 21:03:53,495 [pod_foster.py] => SNet: Task 1, Epoch 111/120 => Loss 1.060,  Train_accy 98.29, Test_accy 78.90
2025-04-08 21:04:04,956 [pod_foster.py] => SNet: Task 1, Epoch 116/120 => Loss 1.060,  Train_accy 98.16, Test_accy 78.38
2025-04-08 21:04:13,092 [pod_foster.py] => SNet: Task 1, Epoch 120/120 => Loss 1.059,  Train_accy 98.11
2025-04-08 21:04:13,092 [pod_foster.py] => do not weight align student!
2025-04-08 21:04:14,436 [pod_foster.py] => darknet eval: 
2025-04-08 21:04:14,437 [pod_foster.py] => CNN top1 curve: 78.4
2025-04-08 21:04:14,437 [pod_foster.py] => CNN top5 curve: 98.74
2025-04-08 21:04:14,437 [pod_foster.py] => CNN: {'total': 78.4, '00-04': 73.87, '05-06': 89.75, 'old': 73.87, 'new': 89.75}
2025-04-08 21:04:14,438 [pod_foster.py] => All params after compression: 3851086
2025-04-08 21:04:14,438 [base.py] => Reducing exemplars...(71 per classes)
2025-04-08 21:04:16,807 [base.py] => Constructing exemplars...(71 per classes)
2025-04-08 21:04:21,212 [trainer.py] => task:1 training time:670.77s
2025-04-08 21:04:21,214 [trainer.py] => All params: 7701139
2025-04-08 21:04:24,131 [pod_foster.py] => Exemplar size: 497
2025-04-08 21:04:24,131 [trainer.py] => CNN: {'total': 79.74, '00-04': 78.0, '05-06': 84.08, 'old': 78.0, 'new': 84.08}
2025-04-08 21:04:24,132 [trainer.py] => NME: {'total': 74.0, '00-04': 75.1, '05-06': 71.25, 'old': 75.1, 'new': 71.25}
2025-04-08 21:04:24,132 [trainer.py] => CNN top1 curve: [89.93, 79.74]
2025-04-08 21:04:24,132 [trainer.py] => CNN top5 curve: [100.0, 98.9]
2025-04-08 21:04:24,132 [trainer.py] => NME top1 curve: [90.0, 74.0]
2025-04-08 21:04:24,132 [trainer.py] => NME top5 curve: [100.0, 99.07]

2025-04-08 21:04:24,132 [trainer.py] => Average Accuracy (CNN): 84.83500000000001
2025-04-08 21:04:24,132 [trainer.py] => Average Accuracy (NME): 82.0
2025-04-08 21:04:24,132 [trainer.py] => All params: 7701139
2025-04-08 21:04:24,133 [trainer.py] => Trainable params: 3854670
2025-04-08 21:04:24,330 [pod_foster.py] => Learning on 7-9
2025-04-08 21:04:24,332 [pod_foster.py] => All params: 7705241
2025-04-08 21:04:24,332 [pod_foster.py] => Trainable params: 3857746
2025-04-08 21:04:24,374 [pod_foster.py] => Adaptive factor: 2.1213203435596424
2025-04-08 21:04:24,506 [pod_foster.py] => per cls weights : [1.01239929 1.01239929 1.01239929 1.01239929 1.01239929 1.01239929
 1.01239929 0.95660248 0.95660248]
2025-04-08 21:04:28,334 [pod_foster.py] => Task 2, Epoch 1/150 => Loss 1.113, Loss_clf 0.597, Loss_fe 0.000, Loss_pod 0.383, Loss_flat 0.133, Train_accy 85.12, Test_accy 67.39
2025-04-08 21:04:41,717 [pod_foster.py] => Task 2, Epoch 6/150 => Loss 0.231, Loss_clf 0.017, Loss_fe 0.000, Loss_pod 0.187, Loss_flat 0.027, Train_accy 99.98, Test_accy 63.76
2025-04-08 21:04:54,866 [pod_foster.py] => Task 2, Epoch 11/150 => Loss 0.207, Loss_clf 0.013, Loss_fe 0.000, Loss_pod 0.172, Loss_flat 0.022, Train_accy 100.00, Test_accy 59.78
2025-04-08 21:05:08,432 [pod_foster.py] => Task 2, Epoch 16/150 => Loss 0.221, Loss_clf 0.012, Loss_fe 0.000, Loss_pod 0.183, Loss_flat 0.026, Train_accy 99.96, Test_accy 63.30
2025-04-08 21:05:20,738 [pod_foster.py] => Task 2, Epoch 21/150 => Loss 0.188, Loss_clf 0.008, Loss_fe 0.000, Loss_pod 0.162, Loss_flat 0.019, Train_accy 100.00, Test_accy 66.15
2025-04-08 21:05:33,807 [pod_foster.py] => Task 2, Epoch 26/150 => Loss 0.196, Loss_clf 0.011, Loss_fe 0.000, Loss_pod 0.164, Loss_flat 0.021, Train_accy 100.00, Test_accy 56.69
2025-04-08 21:05:46,127 [pod_foster.py] => Task 2, Epoch 31/150 => Loss 0.188, Loss_clf 0.008, Loss_fe 0.000, Loss_pod 0.161, Loss_flat 0.019, Train_accy 100.00, Test_accy 65.17
2025-04-08 21:05:59,805 [pod_foster.py] => Task 2, Epoch 36/150 => Loss 0.179, Loss_clf 0.008, Loss_fe 0.000, Loss_pod 0.154, Loss_flat 0.017, Train_accy 100.00, Test_accy 65.59
2025-04-08 21:06:13,360 [pod_foster.py] => Task 2, Epoch 41/150 => Loss 0.175, Loss_clf 0.009, Loss_fe 0.000, Loss_pod 0.147, Loss_flat 0.020, Train_accy 100.00, Test_accy 65.13
2025-04-08 21:06:26,037 [pod_foster.py] => Task 2, Epoch 46/150 => Loss 0.175, Loss_clf 0.007, Loss_fe 0.000, Loss_pod 0.151, Loss_flat 0.017, Train_accy 100.00, Test_accy 66.93
2025-04-08 21:06:38,895 [pod_foster.py] => Task 2, Epoch 51/150 => Loss 0.165, Loss_clf 0.008, Loss_fe 0.000, Loss_pod 0.142, Loss_flat 0.015, Train_accy 100.00, Test_accy 66.48
2025-04-08 21:06:51,975 [pod_foster.py] => Task 2, Epoch 56/150 => Loss 0.161, Loss_clf 0.008, Loss_fe 0.000, Loss_pod 0.138, Loss_flat 0.015, Train_accy 100.00, Test_accy 62.81
2025-04-08 21:07:05,211 [pod_foster.py] => Task 2, Epoch 61/150 => Loss 0.157, Loss_clf 0.008, Loss_fe 0.000, Loss_pod 0.134, Loss_flat 0.015, Train_accy 100.00, Test_accy 66.57
2025-04-08 21:07:18,626 [pod_foster.py] => Task 2, Epoch 66/150 => Loss 0.167, Loss_clf 0.009, Loss_fe 0.000, Loss_pod 0.142, Loss_flat 0.017, Train_accy 100.00, Test_accy 69.11
2025-04-08 21:07:32,061 [pod_foster.py] => Task 2, Epoch 71/150 => Loss 0.184, Loss_clf 0.012, Loss_fe 0.000, Loss_pod 0.152, Loss_flat 0.020, Train_accy 99.91, Test_accy 67.33
2025-04-08 21:07:45,439 [pod_foster.py] => Task 2, Epoch 76/150 => Loss 0.155, Loss_clf 0.008, Loss_fe 0.000, Loss_pod 0.131, Loss_flat 0.015, Train_accy 100.00, Test_accy 67.76
2025-04-08 21:07:58,060 [pod_foster.py] => Task 2, Epoch 81/150 => Loss 0.160, Loss_clf 0.010, Loss_fe 0.000, Loss_pod 0.132, Loss_flat 0.017, Train_accy 99.93, Test_accy 65.13
2025-04-08 21:08:10,619 [pod_foster.py] => Task 2, Epoch 86/150 => Loss 0.147, Loss_clf 0.008, Loss_fe 0.000, Loss_pod 0.126, Loss_flat 0.013, Train_accy 100.00, Test_accy 63.54
2025-04-08 21:08:23,676 [pod_foster.py] => Task 2, Epoch 91/150 => Loss 0.136, Loss_clf 0.007, Loss_fe 0.000, Loss_pod 0.116, Loss_flat 0.013, Train_accy 100.00, Test_accy 65.28
2025-04-08 21:08:36,769 [pod_foster.py] => Task 2, Epoch 96/150 => Loss 0.129, Loss_clf 0.007, Loss_fe 0.000, Loss_pod 0.111, Loss_flat 0.011, Train_accy 100.00, Test_accy 62.80
2025-04-08 21:08:49,324 [pod_foster.py] => Task 2, Epoch 101/150 => Loss 0.137, Loss_clf 0.007, Loss_fe 0.000, Loss_pod 0.117, Loss_flat 0.012, Train_accy 100.00, Test_accy 64.24
2025-04-08 21:09:02,241 [pod_foster.py] => Task 2, Epoch 106/150 => Loss 0.132, Loss_clf 0.008, Loss_fe 0.000, Loss_pod 0.111, Loss_flat 0.013, Train_accy 100.00, Test_accy 63.72
2025-04-08 21:09:15,431 [pod_foster.py] => Task 2, Epoch 111/150 => Loss 0.126, Loss_clf 0.007, Loss_fe 0.000, Loss_pod 0.107, Loss_flat 0.012, Train_accy 100.00, Test_accy 63.89
2025-04-08 21:09:28,243 [pod_foster.py] => Task 2, Epoch 116/150 => Loss 0.124, Loss_clf 0.009, Loss_fe 0.000, Loss_pod 0.104, Loss_flat 0.011, Train_accy 100.00, Test_accy 62.02
2025-04-08 21:09:41,345 [pod_foster.py] => Task 2, Epoch 121/150 => Loss 0.114, Loss_clf 0.007, Loss_fe 0.000, Loss_pod 0.096, Loss_flat 0.010, Train_accy 100.00, Test_accy 65.30
2025-04-08 21:09:54,047 [pod_foster.py] => Task 2, Epoch 126/150 => Loss 0.116, Loss_clf 0.007, Loss_fe 0.000, Loss_pod 0.098, Loss_flat 0.010, Train_accy 100.00, Test_accy 65.37
2025-04-08 21:10:07,047 [pod_foster.py] => Task 2, Epoch 131/150 => Loss 0.107, Loss_clf 0.007, Loss_fe 0.000, Loss_pod 0.090, Loss_flat 0.010, Train_accy 100.00, Test_accy 65.48
2025-04-08 21:10:20,308 [pod_foster.py] => Task 2, Epoch 136/150 => Loss 0.104, Loss_clf 0.007, Loss_fe 0.000, Loss_pod 0.088, Loss_flat 0.010, Train_accy 100.00, Test_accy 66.20
2025-04-08 21:10:33,664 [pod_foster.py] => Task 2, Epoch 141/150 => Loss 0.100, Loss_clf 0.007, Loss_fe 0.000, Loss_pod 0.084, Loss_flat 0.009, Train_accy 100.00, Test_accy 65.41
2025-04-08 21:10:45,993 [pod_foster.py] => Task 2, Epoch 146/150 => Loss 0.104, Loss_clf 0.007, Loss_fe 0.000, Loss_pod 0.087, Loss_flat 0.010, Train_accy 100.00, Test_accy 63.17
2025-04-08 21:10:55,333 [pod_foster.py] => Task 2, time 2.27s, Epoch 150/150 => Loss 0.097, Loss_clf 0.006, Loss_fe 0.000, Loss_pod 0.081, Loss_flat 0.009, Train_accy 100.00
2025-04-08 21:10:55,333 [pod_foster.py] => 100 epoches training time:260.95s
2025-04-08 21:10:55,334 [pod_foster.py] => Average training time of single epoch:2.29s
2025-04-08 21:10:55,334 [inc_net.py] => align weights, gamma = 0.4929381012916565 
2025-04-08 21:10:55,335 [pod_foster.py] => per cls weights : [1.00275461 1.00275461 1.00275461 1.00275461 1.00275461 1.00275461
 1.00275461 0.99035887 0.99035887]
2025-04-08 21:10:58,831 [pod_foster.py] => SNet: Task 2, Epoch 1/120 => Loss 1.608,  Train_accy 76.38, Test_accy 49.70
2025-04-08 21:11:10,035 [pod_foster.py] => SNet: Task 2, Epoch 6/120 => Loss 1.355,  Train_accy 98.02, Test_accy 70.70
2025-04-08 21:11:21,455 [pod_foster.py] => SNet: Task 2, Epoch 11/120 => Loss 1.347,  Train_accy 98.51, Test_accy 73.91
2025-04-08 21:11:33,686 [pod_foster.py] => SNet: Task 2, Epoch 16/120 => Loss 1.345,  Train_accy 98.47, Test_accy 73.59
2025-04-08 21:11:45,580 [pod_foster.py] => SNet: Task 2, Epoch 21/120 => Loss 1.345,  Train_accy 98.69, Test_accy 73.63
2025-04-08 21:11:56,852 [pod_foster.py] => SNet: Task 2, Epoch 26/120 => Loss 1.345,  Train_accy 98.89, Test_accy 74.89
2025-04-08 21:12:08,551 [pod_foster.py] => SNet: Task 2, Epoch 31/120 => Loss 1.340,  Train_accy 98.91, Test_accy 75.13
2025-04-08 21:12:20,269 [pod_foster.py] => SNet: Task 2, Epoch 36/120 => Loss 1.341,  Train_accy 99.00, Test_accy 76.44
2025-04-08 21:12:31,211 [pod_foster.py] => SNet: Task 2, Epoch 41/120 => Loss 1.339,  Train_accy 98.82, Test_accy 75.28
2025-04-08 21:12:42,948 [pod_foster.py] => SNet: Task 2, Epoch 46/120 => Loss 1.340,  Train_accy 99.04, Test_accy 74.89
2025-04-08 21:12:54,571 [pod_foster.py] => SNet: Task 2, Epoch 51/120 => Loss 1.341,  Train_accy 98.89, Test_accy 74.54
2025-04-08 21:13:06,402 [pod_foster.py] => SNet: Task 2, Epoch 56/120 => Loss 1.340,  Train_accy 99.02, Test_accy 75.17
2025-04-08 21:13:17,920 [pod_foster.py] => SNet: Task 2, Epoch 61/120 => Loss 1.340,  Train_accy 98.93, Test_accy 74.61
2025-04-08 21:13:29,464 [pod_foster.py] => SNet: Task 2, Epoch 66/120 => Loss 1.341,  Train_accy 99.20, Test_accy 75.06
2025-04-08 21:13:40,887 [pod_foster.py] => SNet: Task 2, Epoch 71/120 => Loss 1.342,  Train_accy 99.07, Test_accy 74.96
2025-04-08 21:13:52,178 [pod_foster.py] => SNet: Task 2, Epoch 76/120 => Loss 1.340,  Train_accy 99.00, Test_accy 74.93
2025-04-08 21:14:03,929 [pod_foster.py] => SNet: Task 2, Epoch 81/120 => Loss 1.341,  Train_accy 99.02, Test_accy 74.46
2025-04-08 21:14:15,406 [pod_foster.py] => SNet: Task 2, Epoch 86/120 => Loss 1.336,  Train_accy 99.09, Test_accy 74.44
2025-04-08 21:14:26,988 [pod_foster.py] => SNet: Task 2, Epoch 91/120 => Loss 1.338,  Train_accy 98.98, Test_accy 74.98
2025-04-08 21:14:38,555 [pod_foster.py] => SNet: Task 2, Epoch 96/120 => Loss 1.339,  Train_accy 99.00, Test_accy 74.19
2025-04-08 21:14:50,587 [pod_foster.py] => SNet: Task 2, Epoch 101/120 => Loss 1.338,  Train_accy 99.09, Test_accy 74.76
2025-04-08 21:15:02,675 [pod_foster.py] => SNet: Task 2, Epoch 106/120 => Loss 1.339,  Train_accy 98.87, Test_accy 74.69
2025-04-08 21:15:13,907 [pod_foster.py] => SNet: Task 2, Epoch 111/120 => Loss 1.339,  Train_accy 99.00, Test_accy 75.02
2025-04-08 21:15:24,664 [pod_foster.py] => SNet: Task 2, Epoch 116/120 => Loss 1.340,  Train_accy 99.00, Test_accy 74.69
2025-04-08 21:15:32,619 [pod_foster.py] => SNet: Task 2, Epoch 120/120 => Loss 1.338,  Train_accy 99.11
2025-04-08 21:15:32,619 [pod_foster.py] => do not weight align student!
2025-04-08 21:15:33,839 [pod_foster.py] => darknet eval: 
2025-04-08 21:15:33,839 [pod_foster.py] => CNN top1 curve: 75.39
2025-04-08 21:15:33,839 [pod_foster.py] => CNN top5 curve: 97.28
2025-04-08 21:15:33,839 [pod_foster.py] => CNN: {'total': 75.39, '00-04': 64.33, '05-06': 84.83, '07-08': 93.58, 'old': 70.19, 'new': 93.58}
2025-04-08 21:15:33,840 [pod_foster.py] => All params after compression: 3853138
2025-04-08 21:15:33,841 [base.py] => Reducing exemplars...(55 per classes)
2025-04-08 21:15:36,893 [base.py] => Constructing exemplars...(55 per classes)
2025-04-08 21:15:40,770 [trainer.py] => task:2 training time:676.64s
2025-04-08 21:15:40,771 [trainer.py] => All params: 7705241
2025-04-08 21:15:43,554 [pod_foster.py] => Exemplar size: 495
2025-04-08 21:15:43,555 [trainer.py] => CNN: {'total': 74.11, '00-04': 60.8, '05-06': 92.33, '07-08': 89.17, 'old': 69.81, 'new': 89.17}
2025-04-08 21:15:43,555 [trainer.py] => NME: {'total': 72.48, '00-04': 61.2, '05-06': 82.67, '07-08': 90.5, 'old': 67.33, 'new': 90.5}
2025-04-08 21:15:43,555 [trainer.py] => CNN top1 curve: [89.93, 79.74, 74.11]
2025-04-08 21:15:43,555 [trainer.py] => CNN top5 curve: [100.0, 98.9, 97.06]
2025-04-08 21:15:43,555 [trainer.py] => NME top1 curve: [90.0, 74.0, 72.48]
2025-04-08 21:15:43,555 [trainer.py] => NME top5 curve: [100.0, 99.07, 96.69]

2025-04-08 21:15:43,555 [trainer.py] => Average Accuracy (CNN): 81.26
2025-04-08 21:15:43,555 [trainer.py] => Average Accuracy (NME): 78.82666666666667
2025-04-08 21:15:43,555 [trainer.py] => Time consumed in all training process:1372.40s
2025-04-08 21:15:43,555 [trainer.py] => Average Time consumed in single task:454.87s
2025-04-08 21:15:43,556 [trainer.py] => Forgetting (CNN): 14.565000000000005
