2025-04-08 20:53:11,031 [trainer.py] => config: ./exps/POD_foster.json
2025-04-08 20:53:11,032 [trainer.py] => prefix: cil
2025-04-08 20:53:11,032 [trainer.py] => dataset: hrrp9
2025-04-08 20:53:11,032 [trainer.py] => memory_size: 500
2025-04-08 20:53:11,033 [trainer.py] => memory_per_class: 20
2025-04-08 20:53:11,033 [trainer.py] => fixed_memory: False
2025-04-08 20:53:11,033 [trainer.py] => shuffle: True
2025-04-08 20:53:11,033 [trainer.py] => init_cls: 5
2025-04-08 20:53:11,033 [trainer.py] => increment: 2
2025-04-08 20:53:11,034 [trainer.py] => model_name: POD_foster
2025-04-08 20:53:11,034 [trainer.py] => convnet_type: resnet18
2025-04-08 20:53:11,034 [trainer.py] => init_train: False
2025-04-08 20:53:11,034 [trainer.py] => convnet_path1: checkpoints/init_train/resnet18_35172.pth
2025-04-08 20:53:11,034 [trainer.py] => fc_path1: checkpoints/init_train/fc_35172.pth
2025-04-08 20:53:11,035 [trainer.py] => convnet_path: checkpoints/init_train/resnet18_42503.pth
2025-04-08 20:53:11,035 [trainer.py] => fc_path: checkpoints/init_train/fc_42503.pth
2025-04-08 20:53:11,035 [trainer.py] => convnet_path2: checkpoints/init_train/resnet18_42871.pth
2025-04-08 20:53:11,035 [trainer.py] => fc_path2: checkpoints/init_train/fc_42871.pth
2025-04-08 20:53:11,036 [trainer.py] => device: [device(type='cuda', index=4)]
2025-04-08 20:53:11,036 [trainer.py] => seed: 1993
2025-04-08 20:53:11,036 [trainer.py] => beta1: 0.96
2025-04-08 20:53:11,036 [trainer.py] => beta2: 0.92
2025-04-08 20:53:11,036 [trainer.py] => oofc: ft
2025-04-08 20:53:11,037 [trainer.py] => is_teacher_wa: True
2025-04-08 20:53:11,037 [trainer.py] => is_student_wa: False
2025-04-08 20:53:11,037 [trainer.py] => is_teacher_la: True
2025-04-08 20:53:11,037 [trainer.py] => is_student_la: True
2025-04-08 20:53:11,037 [trainer.py] => lambda_okd: 0
2025-04-08 20:53:11,037 [trainer.py] => wa_value: 1
2025-04-08 20:53:11,037 [trainer.py] => init_epochs: 0
2025-04-08 20:53:11,038 [trainer.py] => init_lr: 0.1
2025-04-08 20:53:11,038 [trainer.py] => init_weight_decay: 0.0005
2025-04-08 20:53:11,038 [trainer.py] => boosting_epochs: 150
2025-04-08 20:53:11,038 [trainer.py] => compression_epochs: 120
2025-04-08 20:53:11,038 [trainer.py] => lr: 0.1
2025-04-08 20:53:11,038 [trainer.py] => batch_size: 128
2025-04-08 20:53:11,038 [trainer.py] => weight_decay: 0.0005
2025-04-08 20:53:11,038 [trainer.py] => num_workers: 8
2025-04-08 20:53:11,038 [trainer.py] => momentum: 0.9
2025-04-08 20:53:11,038 [trainer.py] => T: 2
2025-04-08 20:53:11,038 [trainer.py] => lambda_c_base: 0.8
2025-04-08 20:53:11,038 [trainer.py] => lambda_f_base: 1.0
2025-04-08 20:53:11,038 [trainer.py] => POD: w
2025-04-08 20:53:11,609 [data_manager.py] => [4, 2, 5, 0, 3, 6, 7, 8, 1]
2025-04-08 20:53:11,670 [trainer.py] => All params: 0
2025-04-08 20:53:11,671 [trainer.py] => Trainable params: 0
2025-04-08 20:53:15,068 [pod_foster.py] => Learning on 0-5
2025-04-08 20:53:15,068 [pod_foster.py] => All params: 3849034
2025-04-08 20:53:15,069 [pod_foster.py] => Trainable params: 3849034
2025-04-08 20:53:15,135 [pod_foster.py] => Adaptive factor: 0
2025-04-08 20:53:17,108 [pod_foster.py] => init_train?---False
2025-04-08 20:53:20,779 [base.py] => Reducing exemplars...(100 per classes)
2025-04-08 20:53:20,782 [base.py] => Constructing exemplars...(100 per classes)
2025-04-08 20:53:29,914 [trainer.py] => task:0 training time:18.24s
2025-04-08 20:53:29,915 [trainer.py] => All params: 3849034
2025-04-08 20:53:32,028 [pod_foster.py] => Exemplar size: 500
2025-04-08 20:53:32,028 [trainer.py] => CNN: {'total': 89.93, '00-04': 89.93, 'old': 0, 'new': 89.93}
2025-04-08 20:53:32,028 [trainer.py] => NME: {'total': 90.0, '00-04': 90.0, 'old': 0, 'new': 90.0}
2025-04-08 20:53:32,028 [trainer.py] => CNN top1 curve: [89.93]
2025-04-08 20:53:32,029 [trainer.py] => CNN top5 curve: [100.0]
2025-04-08 20:53:32,029 [trainer.py] => NME top1 curve: [90.0]
2025-04-08 20:53:32,029 [trainer.py] => NME top5 curve: [100.0]

2025-04-08 20:53:32,029 [trainer.py] => Average Accuracy (CNN): 89.93
2025-04-08 20:53:32,029 [trainer.py] => Average Accuracy (NME): 90.0
2025-04-08 20:53:32,029 [trainer.py] => All params: 3849034
2025-04-08 20:53:32,029 [trainer.py] => Trainable params: 3849034
2025-04-08 20:53:32,219 [pod_foster.py] => Learning on 5-7
2025-04-08 20:53:32,220 [pod_foster.py] => All params: 7701139
2025-04-08 20:53:32,220 [pod_foster.py] => Trainable params: 3854670
2025-04-08 20:53:32,253 [pod_foster.py] => Adaptive factor: 1.8708286933869707
2025-04-08 20:53:32,339 [pod_foster.py] => per cls weights : [1.00484344 1.00484344 1.00484344 1.00484344 1.00484344 0.98789141
 0.98789141]
2025-04-08 20:53:36,275 [pod_foster.py] => Task 1, Epoch 1/150 => Loss 1.174, Loss_clf 0.764, Loss_fe 0.000, Loss_pod 0.295, Loss_flat 0.114, Train_accy 81.80, Test_accy 65.31
2025-04-08 20:53:48,706 [pod_foster.py] => Task 1, Epoch 6/150 => Loss 0.210, Loss_clf 0.022, Loss_fe 0.000, Loss_pod 0.156, Loss_flat 0.032, Train_accy 99.96, Test_accy 68.55
2025-04-08 20:54:00,918 [pod_foster.py] => Task 1, Epoch 11/150 => Loss 0.213, Loss_clf 0.023, Loss_fe 0.000, Loss_pod 0.162, Loss_flat 0.027, Train_accy 99.67, Test_accy 70.90
2025-04-08 20:54:13,588 [pod_foster.py] => Task 1, Epoch 16/150 => Loss 0.165, Loss_clf 0.011, Loss_fe 0.000, Loss_pod 0.134, Loss_flat 0.019, Train_accy 100.00, Test_accy 68.17
2025-04-08 20:54:25,935 [pod_foster.py] => Task 1, Epoch 21/150 => Loss 0.168, Loss_clf 0.013, Loss_fe 0.000, Loss_pod 0.136, Loss_flat 0.019, Train_accy 100.00, Test_accy 68.71
2025-04-08 20:54:37,899 [pod_foster.py] => Task 1, Epoch 26/150 => Loss 0.235, Loss_clf 0.015, Loss_fe 0.000, Loss_pod 0.182, Loss_flat 0.038, Train_accy 99.98, Test_accy 69.33
2025-04-08 20:54:50,580 [pod_foster.py] => Task 1, Epoch 31/150 => Loss 0.188, Loss_clf 0.017, Loss_fe 0.000, Loss_pod 0.146, Loss_flat 0.025, Train_accy 99.80, Test_accy 70.05
2025-04-08 20:55:02,759 [pod_foster.py] => Task 1, Epoch 36/150 => Loss 0.149, Loss_clf 0.008, Loss_fe 0.000, Loss_pod 0.124, Loss_flat 0.016, Train_accy 100.00, Test_accy 67.07
2025-04-08 20:55:14,790 [pod_foster.py] => Task 1, Epoch 41/150 => Loss 0.139, Loss_clf 0.008, Loss_fe 0.000, Loss_pod 0.116, Loss_flat 0.014, Train_accy 100.00, Test_accy 66.71
2025-04-08 20:55:27,566 [pod_foster.py] => Task 1, Epoch 46/150 => Loss 0.140, Loss_clf 0.008, Loss_fe 0.000, Loss_pod 0.118, Loss_flat 0.014, Train_accy 100.00, Test_accy 68.12
2025-04-08 20:55:40,526 [pod_foster.py] => Task 1, Epoch 51/150 => Loss 0.142, Loss_clf 0.007, Loss_fe 0.000, Loss_pod 0.120, Loss_flat 0.014, Train_accy 100.00, Test_accy 65.60
2025-04-08 20:55:53,802 [pod_foster.py] => Task 1, Epoch 56/150 => Loss 0.132, Loss_clf 0.007, Loss_fe 0.000, Loss_pod 0.111, Loss_flat 0.014, Train_accy 100.00, Test_accy 66.14
2025-04-08 20:56:07,249 [pod_foster.py] => Task 1, Epoch 61/150 => Loss 0.152, Loss_clf 0.011, Loss_fe 0.000, Loss_pod 0.124, Loss_flat 0.018, Train_accy 99.93, Test_accy 65.52
2025-04-08 20:56:20,609 [pod_foster.py] => Task 1, Epoch 66/150 => Loss 0.142, Loss_clf 0.008, Loss_fe 0.000, Loss_pod 0.119, Loss_flat 0.015, Train_accy 100.00, Test_accy 67.67
2025-04-08 20:56:33,790 [pod_foster.py] => Task 1, Epoch 71/150 => Loss 0.134, Loss_clf 0.007, Loss_fe 0.000, Loss_pod 0.113, Loss_flat 0.014, Train_accy 100.00, Test_accy 66.69
2025-04-08 20:56:47,189 [pod_foster.py] => Task 1, Epoch 76/150 => Loss 0.125, Loss_clf 0.007, Loss_fe 0.000, Loss_pod 0.105, Loss_flat 0.013, Train_accy 100.00, Test_accy 66.00
2025-04-08 20:57:00,709 [pod_foster.py] => Task 1, Epoch 81/150 => Loss 0.121, Loss_clf 0.007, Loss_fe 0.000, Loss_pod 0.102, Loss_flat 0.012, Train_accy 100.00, Test_accy 68.86
2025-04-08 20:57:14,501 [pod_foster.py] => Task 1, Epoch 86/150 => Loss 0.122, Loss_clf 0.007, Loss_fe 0.000, Loss_pod 0.103, Loss_flat 0.013, Train_accy 100.00, Test_accy 65.12
2025-04-08 20:57:27,152 [pod_foster.py] => Task 1, Epoch 91/150 => Loss 0.114, Loss_clf 0.007, Loss_fe 0.000, Loss_pod 0.096, Loss_flat 0.012, Train_accy 100.00, Test_accy 66.07
2025-04-08 20:57:40,412 [pod_foster.py] => Task 1, Epoch 96/150 => Loss 0.111, Loss_clf 0.007, Loss_fe 0.000, Loss_pod 0.093, Loss_flat 0.012, Train_accy 100.00, Test_accy 67.17
2025-04-08 20:57:53,778 [pod_foster.py] => Task 1, Epoch 101/150 => Loss 0.106, Loss_clf 0.007, Loss_fe 0.000, Loss_pod 0.088, Loss_flat 0.011, Train_accy 100.00, Test_accy 67.26
2025-04-08 20:58:06,863 [pod_foster.py] => Task 1, Epoch 106/150 => Loss 0.105, Loss_clf 0.007, Loss_fe 0.000, Loss_pod 0.087, Loss_flat 0.011, Train_accy 100.00, Test_accy 67.50
2025-04-08 20:58:20,212 [pod_foster.py] => Task 1, Epoch 111/150 => Loss 0.104, Loss_clf 0.007, Loss_fe 0.000, Loss_pod 0.086, Loss_flat 0.011, Train_accy 100.00, Test_accy 66.14
2025-04-08 20:58:32,946 [pod_foster.py] => Task 1, Epoch 116/150 => Loss 0.100, Loss_clf 0.007, Loss_fe 0.000, Loss_pod 0.083, Loss_flat 0.010, Train_accy 100.00, Test_accy 67.48
2025-04-08 20:58:45,252 [pod_foster.py] => Task 1, Epoch 121/150 => Loss 0.094, Loss_clf 0.006, Loss_fe 0.000, Loss_pod 0.077, Loss_flat 0.010, Train_accy 100.00, Test_accy 66.21
2025-04-08 20:58:57,613 [pod_foster.py] => Task 1, Epoch 126/150 => Loss 0.094, Loss_clf 0.006, Loss_fe 0.000, Loss_pod 0.077, Loss_flat 0.010, Train_accy 100.00, Test_accy 66.19
2025-04-08 20:59:10,233 [pod_foster.py] => Task 1, Epoch 131/150 => Loss 0.092, Loss_clf 0.006, Loss_fe 0.000, Loss_pod 0.076, Loss_flat 0.010, Train_accy 100.00, Test_accy 65.17
2025-04-08 20:59:22,711 [pod_foster.py] => Task 1, Epoch 136/150 => Loss 0.086, Loss_clf 0.006, Loss_fe 0.000, Loss_pod 0.071, Loss_flat 0.009, Train_accy 100.00, Test_accy 67.05
2025-04-08 20:59:36,147 [pod_foster.py] => Task 1, Epoch 141/150 => Loss 0.086, Loss_clf 0.007, Loss_fe 0.000, Loss_pod 0.070, Loss_flat 0.010, Train_accy 100.00, Test_accy 66.33
2025-04-08 20:59:49,364 [pod_foster.py] => Task 1, Epoch 146/150 => Loss 0.090, Loss_clf 0.006, Loss_fe 0.000, Loss_pod 0.074, Loss_flat 0.009, Train_accy 100.00, Test_accy 67.33
2025-04-08 20:59:58,681 [pod_foster.py] => Task 1, time 2.40s, Epoch 150/150 => Loss 0.087, Loss_clf 0.006, Loss_fe 0.000, Loss_pod 0.071, Loss_flat 0.010, Train_accy 100.00
2025-04-08 20:59:58,681 [pod_foster.py] => 100 epoches training time:257.66s
2025-04-08 20:59:58,681 [pod_foster.py] => Average training time of single epoch:2.30s
2025-04-08 20:59:58,683 [inc_net.py] => align weights, gamma = 0.46779006719589233 
2025-04-08 20:59:58,684 [pod_foster.py] => per cls weights : [1.00006835 1.00006835 1.00006835 1.00006835 1.00006835 0.99982912
 0.99982912]
2025-04-08 21:00:01,938 [pod_foster.py] => SNet: Task 1, Epoch 1/120 => Loss 1.354,  Train_accy 70.13, Test_accy 62.57
2025-04-08 21:00:13,005 [pod_foster.py] => SNet: Task 1, Epoch 6/120 => Loss 1.083,  Train_accy 96.49, Test_accy 75.60
2025-04-08 21:00:24,285 [pod_foster.py] => SNet: Task 1, Epoch 11/120 => Loss 1.073,  Train_accy 97.29, Test_accy 74.93
2025-04-08 21:00:35,747 [pod_foster.py] => SNet: Task 1, Epoch 16/120 => Loss 1.067,  Train_accy 97.40, Test_accy 78.60
2025-04-08 21:00:47,631 [pod_foster.py] => SNet: Task 1, Epoch 21/120 => Loss 1.068,  Train_accy 97.49, Test_accy 78.60
2025-04-08 21:01:00,061 [pod_foster.py] => SNet: Task 1, Epoch 26/120 => Loss 1.063,  Train_accy 97.58, Test_accy 77.98
2025-04-08 21:01:12,476 [pod_foster.py] => SNet: Task 1, Epoch 31/120 => Loss 1.066,  Train_accy 97.60, Test_accy 78.62
2025-04-08 21:01:24,405 [pod_foster.py] => SNet: Task 1, Epoch 36/120 => Loss 1.066,  Train_accy 97.84, Test_accy 78.19
2025-04-08 21:01:36,468 [pod_foster.py] => SNet: Task 1, Epoch 41/120 => Loss 1.060,  Train_accy 97.73, Test_accy 78.31
2025-04-08 21:01:48,787 [pod_foster.py] => SNet: Task 1, Epoch 46/120 => Loss 1.063,  Train_accy 97.93, Test_accy 77.69
2025-04-08 21:02:00,635 [pod_foster.py] => SNet: Task 1, Epoch 51/120 => Loss 1.061,  Train_accy 97.98, Test_accy 78.67
2025-04-08 21:02:12,776 [pod_foster.py] => SNet: Task 1, Epoch 56/120 => Loss 1.060,  Train_accy 98.02, Test_accy 79.05
2025-04-08 21:02:24,830 [pod_foster.py] => SNet: Task 1, Epoch 61/120 => Loss 1.061,  Train_accy 97.64, Test_accy 77.88
2025-04-08 21:02:36,879 [pod_foster.py] => SNet: Task 1, Epoch 66/120 => Loss 1.062,  Train_accy 98.02, Test_accy 77.60
2025-04-08 21:02:49,129 [pod_foster.py] => SNet: Task 1, Epoch 71/120 => Loss 1.062,  Train_accy 97.93, Test_accy 78.93
2025-04-08 21:03:01,075 [pod_foster.py] => SNet: Task 1, Epoch 76/120 => Loss 1.061,  Train_accy 97.84, Test_accy 78.36
2025-04-08 21:03:13,183 [pod_foster.py] => SNet: Task 1, Epoch 81/120 => Loss 1.058,  Train_accy 98.04, Test_accy 78.10
2025-04-08 21:03:25,413 [pod_foster.py] => SNet: Task 1, Epoch 86/120 => Loss 1.060,  Train_accy 98.16, Test_accy 78.29
2025-04-08 21:03:37,644 [pod_foster.py] => SNet: Task 1, Epoch 91/120 => Loss 1.061,  Train_accy 98.33, Test_accy 78.95
2025-04-08 21:03:49,905 [pod_foster.py] => SNet: Task 1, Epoch 96/120 => Loss 1.058,  Train_accy 98.13, Test_accy 77.74
2025-04-08 21:04:02,103 [pod_foster.py] => SNet: Task 1, Epoch 101/120 => Loss 1.059,  Train_accy 98.00, Test_accy 78.79
2025-04-08 21:04:14,492 [pod_foster.py] => SNet: Task 1, Epoch 106/120 => Loss 1.059,  Train_accy 98.13, Test_accy 78.55
2025-04-08 21:04:26,856 [pod_foster.py] => SNet: Task 1, Epoch 111/120 => Loss 1.060,  Train_accy 98.27, Test_accy 78.95
2025-04-08 21:04:38,860 [pod_foster.py] => SNet: Task 1, Epoch 116/120 => Loss 1.059,  Train_accy 98.16, Test_accy 78.55
2025-04-08 21:04:47,591 [pod_foster.py] => SNet: Task 1, Epoch 120/120 => Loss 1.059,  Train_accy 98.13
2025-04-08 21:04:47,591 [pod_foster.py] => do not weight align student!
2025-04-08 21:04:48,775 [pod_foster.py] => darknet eval: 
2025-04-08 21:04:48,775 [pod_foster.py] => CNN top1 curve: 78.57
2025-04-08 21:04:48,775 [pod_foster.py] => CNN top5 curve: 98.76
2025-04-08 21:04:48,776 [pod_foster.py] => CNN: {'total': 78.57, '00-04': 74.1, '05-06': 89.75, 'old': 74.1, 'new': 89.75}
2025-04-08 21:04:48,777 [pod_foster.py] => All params after compression: 3851086
2025-04-08 21:04:48,778 [base.py] => Reducing exemplars...(71 per classes)
2025-04-08 21:04:51,155 [base.py] => Constructing exemplars...(71 per classes)
2025-04-08 21:04:55,540 [trainer.py] => task:1 training time:683.51s
2025-04-08 21:04:55,541 [trainer.py] => All params: 7701139
2025-04-08 21:04:58,199 [pod_foster.py] => Exemplar size: 497
2025-04-08 21:04:58,199 [trainer.py] => CNN: {'total': 79.74, '00-04': 78.0, '05-06': 84.08, 'old': 78.0, 'new': 84.08}
2025-04-08 21:04:58,199 [trainer.py] => NME: {'total': 74.0, '00-04': 75.1, '05-06': 71.25, 'old': 75.1, 'new': 71.25}
2025-04-08 21:04:58,199 [trainer.py] => CNN top1 curve: [89.93, 79.74]
2025-04-08 21:04:58,199 [trainer.py] => CNN top5 curve: [100.0, 98.9]
2025-04-08 21:04:58,199 [trainer.py] => NME top1 curve: [90.0, 74.0]
2025-04-08 21:04:58,199 [trainer.py] => NME top5 curve: [100.0, 99.07]

2025-04-08 21:04:58,200 [trainer.py] => Average Accuracy (CNN): 84.83500000000001
2025-04-08 21:04:58,200 [trainer.py] => Average Accuracy (NME): 82.0
2025-04-08 21:04:58,200 [trainer.py] => All params: 7701139
2025-04-08 21:04:58,201 [trainer.py] => Trainable params: 3854670
2025-04-08 21:04:58,404 [pod_foster.py] => Learning on 7-9
2025-04-08 21:04:58,405 [pod_foster.py] => All params: 7705241
2025-04-08 21:04:58,405 [pod_foster.py] => Trainable params: 3857746
2025-04-08 21:04:58,422 [pod_foster.py] => Adaptive factor: 2.1213203435596424
2025-04-08 21:04:58,552 [pod_foster.py] => per cls weights : [1.01239929 1.01239929 1.01239929 1.01239929 1.01239929 1.01239929
 1.01239929 0.95660248 0.95660248]
2025-04-08 21:05:02,432 [pod_foster.py] => Task 2, Epoch 1/150 => Loss 1.110, Loss_clf 0.597, Loss_fe 0.000, Loss_pod 0.381, Loss_flat 0.132, Train_accy 85.15, Test_accy 66.78
2025-04-08 21:05:14,603 [pod_foster.py] => Task 2, Epoch 6/150 => Loss 0.230, Loss_clf 0.017, Loss_fe 0.000, Loss_pod 0.187, Loss_flat 0.027, Train_accy 99.98, Test_accy 62.81
2025-04-08 21:05:27,373 [pod_foster.py] => Task 2, Epoch 11/150 => Loss 0.209, Loss_clf 0.013, Loss_fe 0.000, Loss_pod 0.173, Loss_flat 0.022, Train_accy 100.00, Test_accy 57.19
2025-04-08 21:05:41,544 [pod_foster.py] => Task 2, Epoch 16/150 => Loss 0.211, Loss_clf 0.011, Loss_fe 0.000, Loss_pod 0.176, Loss_flat 0.024, Train_accy 100.00, Test_accy 63.19
2025-04-08 21:05:55,397 [pod_foster.py] => Task 2, Epoch 21/150 => Loss 0.188, Loss_clf 0.009, Loss_fe 0.000, Loss_pod 0.161, Loss_flat 0.019, Train_accy 100.00, Test_accy 66.11
2025-04-08 21:06:08,826 [pod_foster.py] => Task 2, Epoch 26/150 => Loss 0.189, Loss_clf 0.010, Loss_fe 0.000, Loss_pod 0.160, Loss_flat 0.019, Train_accy 100.00, Test_accy 60.91
2025-04-08 21:06:23,191 [pod_foster.py] => Task 2, Epoch 31/150 => Loss 0.190, Loss_clf 0.008, Loss_fe 0.000, Loss_pod 0.162, Loss_flat 0.019, Train_accy 100.00, Test_accy 65.30
2025-04-08 21:06:36,693 [pod_foster.py] => Task 2, Epoch 36/150 => Loss 0.182, Loss_clf 0.008, Loss_fe 0.000, Loss_pod 0.156, Loss_flat 0.018, Train_accy 100.00, Test_accy 65.31
2025-04-08 21:06:50,154 [pod_foster.py] => Task 2, Epoch 41/150 => Loss 0.174, Loss_clf 0.009, Loss_fe 0.000, Loss_pod 0.146, Loss_flat 0.019, Train_accy 99.98, Test_accy 62.15
2025-04-08 21:07:04,147 [pod_foster.py] => Task 2, Epoch 46/150 => Loss 0.176, Loss_clf 0.007, Loss_fe 0.000, Loss_pod 0.152, Loss_flat 0.017, Train_accy 100.00, Test_accy 66.00
2025-04-08 21:07:18,720 [pod_foster.py] => Task 2, Epoch 51/150 => Loss 0.165, Loss_clf 0.008, Loss_fe 0.000, Loss_pod 0.142, Loss_flat 0.015, Train_accy 100.00, Test_accy 65.59
2025-04-08 21:07:32,503 [pod_foster.py] => Task 2, Epoch 56/150 => Loss 0.161, Loss_clf 0.008, Loss_fe 0.000, Loss_pod 0.138, Loss_flat 0.015, Train_accy 100.00, Test_accy 63.19
2025-04-08 21:07:45,932 [pod_foster.py] => Task 2, Epoch 61/150 => Loss 0.157, Loss_clf 0.008, Loss_fe 0.000, Loss_pod 0.134, Loss_flat 0.015, Train_accy 100.00, Test_accy 65.30
2025-04-08 21:07:59,934 [pod_foster.py] => Task 2, Epoch 66/150 => Loss 0.168, Loss_clf 0.009, Loss_fe 0.000, Loss_pod 0.142, Loss_flat 0.017, Train_accy 100.00, Test_accy 68.94
2025-04-08 21:08:13,222 [pod_foster.py] => Task 2, Epoch 71/150 => Loss 0.200, Loss_clf 0.014, Loss_fe 0.000, Loss_pod 0.163, Loss_flat 0.023, Train_accy 99.87, Test_accy 67.46
2025-04-08 21:08:26,507 [pod_foster.py] => Task 2, Epoch 76/150 => Loss 0.149, Loss_clf 0.008, Loss_fe 0.000, Loss_pod 0.127, Loss_flat 0.014, Train_accy 100.00, Test_accy 65.98
2025-04-08 21:08:40,054 [pod_foster.py] => Task 2, Epoch 81/150 => Loss 0.164, Loss_clf 0.011, Loss_fe 0.000, Loss_pod 0.135, Loss_flat 0.018, Train_accy 99.91, Test_accy 64.61
2025-04-08 21:08:53,660 [pod_foster.py] => Task 2, Epoch 86/150 => Loss 0.147, Loss_clf 0.008, Loss_fe 0.000, Loss_pod 0.126, Loss_flat 0.013, Train_accy 100.00, Test_accy 63.43
2025-04-08 21:09:07,053 [pod_foster.py] => Task 2, Epoch 91/150 => Loss 0.136, Loss_clf 0.007, Loss_fe 0.000, Loss_pod 0.117, Loss_flat 0.013, Train_accy 100.00, Test_accy 65.48
2025-04-08 21:09:21,057 [pod_foster.py] => Task 2, Epoch 96/150 => Loss 0.130, Loss_clf 0.007, Loss_fe 0.000, Loss_pod 0.111, Loss_flat 0.011, Train_accy 100.00, Test_accy 62.85
2025-04-08 21:09:34,314 [pod_foster.py] => Task 2, Epoch 101/150 => Loss 0.138, Loss_clf 0.007, Loss_fe 0.000, Loss_pod 0.118, Loss_flat 0.012, Train_accy 100.00, Test_accy 63.67
2025-04-08 21:09:48,345 [pod_foster.py] => Task 2, Epoch 106/150 => Loss 0.131, Loss_clf 0.009, Loss_fe 0.000, Loss_pod 0.109, Loss_flat 0.013, Train_accy 100.00, Test_accy 63.41
2025-04-08 21:10:01,736 [pod_foster.py] => Task 2, Epoch 111/150 => Loss 0.125, Loss_clf 0.007, Loss_fe 0.000, Loss_pod 0.106, Loss_flat 0.011, Train_accy 100.00, Test_accy 64.17
2025-04-08 21:10:14,427 [pod_foster.py] => Task 2, Epoch 116/150 => Loss 0.124, Loss_clf 0.008, Loss_fe 0.000, Loss_pod 0.104, Loss_flat 0.011, Train_accy 100.00, Test_accy 61.81
2025-04-08 21:10:26,802 [pod_foster.py] => Task 2, Epoch 121/150 => Loss 0.114, Loss_clf 0.007, Loss_fe 0.000, Loss_pod 0.096, Loss_flat 0.010, Train_accy 100.00, Test_accy 64.94
2025-04-08 21:10:39,219 [pod_foster.py] => Task 2, Epoch 126/150 => Loss 0.115, Loss_clf 0.007, Loss_fe 0.000, Loss_pod 0.098, Loss_flat 0.010, Train_accy 100.00, Test_accy 65.11
2025-04-08 21:10:51,371 [pod_foster.py] => Task 2, Epoch 131/150 => Loss 0.107, Loss_clf 0.007, Loss_fe 0.000, Loss_pod 0.090, Loss_flat 0.010, Train_accy 100.00, Test_accy 65.20
2025-04-08 21:11:04,032 [pod_foster.py] => Task 2, Epoch 136/150 => Loss 0.104, Loss_clf 0.007, Loss_fe 0.000, Loss_pod 0.088, Loss_flat 0.010, Train_accy 100.00, Test_accy 66.22
2025-04-08 21:11:17,627 [pod_foster.py] => Task 2, Epoch 141/150 => Loss 0.099, Loss_clf 0.007, Loss_fe 0.000, Loss_pod 0.084, Loss_flat 0.009, Train_accy 100.00, Test_accy 65.33
2025-04-08 21:11:32,183 [pod_foster.py] => Task 2, Epoch 146/150 => Loss 0.103, Loss_clf 0.007, Loss_fe 0.000, Loss_pod 0.086, Loss_flat 0.010, Train_accy 100.00, Test_accy 63.35
2025-04-08 21:11:41,805 [pod_foster.py] => Task 2, time 2.41s, Epoch 150/150 => Loss 0.096, Loss_clf 0.006, Loss_fe 0.000, Loss_pod 0.081, Loss_flat 0.009, Train_accy 100.00
2025-04-08 21:11:41,806 [pod_foster.py] => 100 epoches training time:271.64s
2025-04-08 21:11:41,806 [pod_foster.py] => Average training time of single epoch:2.37s
2025-04-08 21:11:41,807 [inc_net.py] => align weights, gamma = 0.492764949798584 
2025-04-08 21:11:41,808 [pod_foster.py] => per cls weights : [1.00059701 1.00059701 1.00059701 1.00059701 1.00059701 1.00059701
 1.00059701 0.99791046 0.99791046]
2025-04-08 21:11:45,435 [pod_foster.py] => SNet: Task 2, Epoch 1/120 => Loss 1.608,  Train_accy 76.36, Test_accy 49.72
2025-04-08 21:11:56,750 [pod_foster.py] => SNet: Task 2, Epoch 6/120 => Loss 1.354,  Train_accy 98.35, Test_accy 70.98
2025-04-08 21:12:07,655 [pod_foster.py] => SNet: Task 2, Epoch 11/120 => Loss 1.347,  Train_accy 98.47, Test_accy 74.28
2025-04-08 21:12:19,492 [pod_foster.py] => SNet: Task 2, Epoch 16/120 => Loss 1.345,  Train_accy 98.53, Test_accy 73.57
2025-04-08 21:12:31,298 [pod_foster.py] => SNet: Task 2, Epoch 21/120 => Loss 1.344,  Train_accy 98.80, Test_accy 74.28
2025-04-08 21:12:43,301 [pod_foster.py] => SNet: Task 2, Epoch 26/120 => Loss 1.345,  Train_accy 98.91, Test_accy 75.35
2025-04-08 21:12:55,483 [pod_foster.py] => SNet: Task 2, Epoch 31/120 => Loss 1.340,  Train_accy 98.78, Test_accy 75.52
2025-04-08 21:13:07,301 [pod_foster.py] => SNet: Task 2, Epoch 36/120 => Loss 1.341,  Train_accy 99.13, Test_accy 77.02
2025-04-08 21:13:19,001 [pod_foster.py] => SNet: Task 2, Epoch 41/120 => Loss 1.339,  Train_accy 98.89, Test_accy 75.52
2025-04-08 21:13:30,479 [pod_foster.py] => SNet: Task 2, Epoch 46/120 => Loss 1.340,  Train_accy 99.13, Test_accy 75.17
2025-04-08 21:13:41,781 [pod_foster.py] => SNet: Task 2, Epoch 51/120 => Loss 1.340,  Train_accy 98.78, Test_accy 75.09
2025-04-08 21:13:53,704 [pod_foster.py] => SNet: Task 2, Epoch 56/120 => Loss 1.340,  Train_accy 98.95, Test_accy 75.35
2025-04-08 21:14:05,616 [pod_foster.py] => SNet: Task 2, Epoch 61/120 => Loss 1.340,  Train_accy 98.93, Test_accy 74.85
2025-04-08 21:14:17,024 [pod_foster.py] => SNet: Task 2, Epoch 66/120 => Loss 1.341,  Train_accy 99.18, Test_accy 75.00
2025-04-08 21:14:28,278 [pod_foster.py] => SNet: Task 2, Epoch 71/120 => Loss 1.342,  Train_accy 99.02, Test_accy 75.28
2025-04-08 21:14:40,161 [pod_foster.py] => SNet: Task 2, Epoch 76/120 => Loss 1.340,  Train_accy 99.04, Test_accy 75.35
2025-04-08 21:14:52,939 [pod_foster.py] => SNet: Task 2, Epoch 81/120 => Loss 1.340,  Train_accy 99.00, Test_accy 74.81
2025-04-08 21:15:04,744 [pod_foster.py] => SNet: Task 2, Epoch 86/120 => Loss 1.337,  Train_accy 99.15, Test_accy 74.83
2025-04-08 21:15:16,363 [pod_foster.py] => SNet: Task 2, Epoch 91/120 => Loss 1.338,  Train_accy 98.98, Test_accy 75.31
2025-04-08 21:15:28,326 [pod_foster.py] => SNet: Task 2, Epoch 96/120 => Loss 1.338,  Train_accy 99.02, Test_accy 74.56
2025-04-08 21:15:39,970 [pod_foster.py] => SNet: Task 2, Epoch 101/120 => Loss 1.337,  Train_accy 99.18, Test_accy 75.00
2025-04-08 21:15:51,495 [pod_foster.py] => SNet: Task 2, Epoch 106/120 => Loss 1.339,  Train_accy 98.98, Test_accy 75.02
2025-04-08 21:16:03,055 [pod_foster.py] => SNet: Task 2, Epoch 111/120 => Loss 1.339,  Train_accy 99.04, Test_accy 75.35
2025-04-08 21:16:14,678 [pod_foster.py] => SNet: Task 2, Epoch 116/120 => Loss 1.339,  Train_accy 98.95, Test_accy 75.07
2025-04-08 21:16:22,736 [pod_foster.py] => SNet: Task 2, Epoch 120/120 => Loss 1.338,  Train_accy 98.93
2025-04-08 21:16:22,736 [pod_foster.py] => do not weight align student!
2025-04-08 21:16:23,952 [pod_foster.py] => darknet eval: 
2025-04-08 21:16:23,952 [pod_foster.py] => CNN top1 curve: 75.61
2025-04-08 21:16:23,952 [pod_foster.py] => CNN top5 curve: 97.33
2025-04-08 21:16:23,952 [pod_foster.py] => CNN: {'total': 75.61, '00-04': 64.57, '05-06': 85.33, '07-08': 93.5, 'old': 70.5, 'new': 93.5}
2025-04-08 21:16:23,953 [pod_foster.py] => All params after compression: 3853138
2025-04-08 21:16:23,954 [base.py] => Reducing exemplars...(55 per classes)
2025-04-08 21:16:26,954 [base.py] => Constructing exemplars...(55 per classes)
2025-04-08 21:16:30,539 [trainer.py] => task:2 training time:692.34s
2025-04-08 21:16:30,541 [trainer.py] => All params: 7705241
2025-04-08 21:16:33,353 [pod_foster.py] => Exemplar size: 495
2025-04-08 21:16:33,353 [trainer.py] => CNN: {'total': 73.7, '00-04': 60.6, '05-06': 92.08, '07-08': 88.08, 'old': 69.6, 'new': 88.08}
2025-04-08 21:16:33,353 [trainer.py] => NME: {'total': 72.43, '00-04': 61.1, '05-06': 82.83, '07-08': 90.33, 'old': 67.31, 'new': 90.33}
2025-04-08 21:16:33,353 [trainer.py] => CNN top1 curve: [89.93, 79.74, 73.7]
2025-04-08 21:16:33,353 [trainer.py] => CNN top5 curve: [100.0, 98.9, 96.81]
2025-04-08 21:16:33,353 [trainer.py] => NME top1 curve: [90.0, 74.0, 72.43]
2025-04-08 21:16:33,353 [trainer.py] => NME top5 curve: [100.0, 99.07, 96.54]

2025-04-08 21:16:33,353 [trainer.py] => Average Accuracy (CNN): 81.12333333333333
2025-04-08 21:16:33,353 [trainer.py] => Average Accuracy (NME): 78.81
2025-04-08 21:16:33,354 [trainer.py] => Time consumed in all training process:1401.68s
2025-04-08 21:16:33,354 [trainer.py] => Average Time consumed in single task:464.70s
2025-04-08 21:16:33,354 [trainer.py] => Forgetting (CNN): 14.665000000000003
