2025-04-08 20:52:59,571 [trainer.py] => config: ./exps/POD_foster.json
2025-04-08 20:52:59,571 [trainer.py] => prefix: cil
2025-04-08 20:52:59,571 [trainer.py] => dataset: hrrp9
2025-04-08 20:52:59,571 [trainer.py] => memory_size: 500
2025-04-08 20:52:59,571 [trainer.py] => memory_per_class: 20
2025-04-08 20:52:59,571 [trainer.py] => fixed_memory: False
2025-04-08 20:52:59,571 [trainer.py] => shuffle: True
2025-04-08 20:52:59,571 [trainer.py] => init_cls: 5
2025-04-08 20:52:59,571 [trainer.py] => increment: 2
2025-04-08 20:52:59,571 [trainer.py] => model_name: POD_foster
2025-04-08 20:52:59,571 [trainer.py] => convnet_type: resnet18
2025-04-08 20:52:59,571 [trainer.py] => init_train: False
2025-04-08 20:52:59,571 [trainer.py] => convnet_path1: checkpoints/init_train/resnet18_35172.pth
2025-04-08 20:52:59,571 [trainer.py] => fc_path1: checkpoints/init_train/fc_35172.pth
2025-04-08 20:52:59,571 [trainer.py] => convnet_path: checkpoints/init_train/resnet18_42503.pth
2025-04-08 20:52:59,571 [trainer.py] => fc_path: checkpoints/init_train/fc_42503.pth
2025-04-08 20:52:59,571 [trainer.py] => convnet_path2: checkpoints/init_train/resnet18_42871.pth
2025-04-08 20:52:59,571 [trainer.py] => fc_path2: checkpoints/init_train/fc_42871.pth
2025-04-08 20:52:59,571 [trainer.py] => device: [device(type='cuda', index=5)]
2025-04-08 20:52:59,571 [trainer.py] => seed: 1993
2025-04-08 20:52:59,572 [trainer.py] => beta1: 0.96
2025-04-08 20:52:59,572 [trainer.py] => beta2: 0.93
2025-04-08 20:52:59,572 [trainer.py] => oofc: ft
2025-04-08 20:52:59,572 [trainer.py] => is_teacher_wa: True
2025-04-08 20:52:59,572 [trainer.py] => is_student_wa: False
2025-04-08 20:52:59,572 [trainer.py] => is_teacher_la: True
2025-04-08 20:52:59,572 [trainer.py] => is_student_la: True
2025-04-08 20:52:59,572 [trainer.py] => lambda_okd: 0
2025-04-08 20:52:59,572 [trainer.py] => wa_value: 1
2025-04-08 20:52:59,572 [trainer.py] => init_epochs: 0
2025-04-08 20:52:59,572 [trainer.py] => init_lr: 0.1
2025-04-08 20:52:59,572 [trainer.py] => init_weight_decay: 0.0005
2025-04-08 20:52:59,572 [trainer.py] => boosting_epochs: 150
2025-04-08 20:52:59,572 [trainer.py] => compression_epochs: 120
2025-04-08 20:52:59,572 [trainer.py] => lr: 0.1
2025-04-08 20:52:59,572 [trainer.py] => batch_size: 128
2025-04-08 20:52:59,572 [trainer.py] => weight_decay: 0.0005
2025-04-08 20:52:59,572 [trainer.py] => num_workers: 8
2025-04-08 20:52:59,572 [trainer.py] => momentum: 0.9
2025-04-08 20:52:59,572 [trainer.py] => T: 2
2025-04-08 20:52:59,572 [trainer.py] => lambda_c_base: 0.8
2025-04-08 20:52:59,572 [trainer.py] => lambda_f_base: 1.0
2025-04-08 20:52:59,572 [trainer.py] => POD: w
2025-04-08 20:53:00,152 [data_manager.py] => [4, 2, 5, 0, 3, 6, 7, 8, 1]
2025-04-08 20:53:00,187 [trainer.py] => All params: 0
2025-04-08 20:53:00,187 [trainer.py] => Trainable params: 0
2025-04-08 20:53:03,465 [pod_foster.py] => Learning on 0-5
2025-04-08 20:53:03,466 [pod_foster.py] => All params: 3849034
2025-04-08 20:53:03,466 [pod_foster.py] => Trainable params: 3849034
2025-04-08 20:53:03,530 [pod_foster.py] => Adaptive factor: 0
2025-04-08 20:53:05,513 [pod_foster.py] => init_train?---False
2025-04-08 20:53:09,092 [base.py] => Reducing exemplars...(100 per classes)
2025-04-08 20:53:09,093 [base.py] => Constructing exemplars...(100 per classes)
2025-04-08 20:53:17,773 [trainer.py] => task:0 training time:17.59s
2025-04-08 20:53:17,774 [trainer.py] => All params: 3849034
2025-04-08 20:53:19,864 [pod_foster.py] => Exemplar size: 500
2025-04-08 20:53:19,865 [trainer.py] => CNN: {'total': 89.93, '00-04': 89.93, 'old': 0, 'new': 89.93}
2025-04-08 20:53:19,865 [trainer.py] => NME: {'total': 90.0, '00-04': 90.0, 'old': 0, 'new': 90.0}
2025-04-08 20:53:19,865 [trainer.py] => CNN top1 curve: [89.93]
2025-04-08 20:53:19,865 [trainer.py] => CNN top5 curve: [100.0]
2025-04-08 20:53:19,865 [trainer.py] => NME top1 curve: [90.0]
2025-04-08 20:53:19,865 [trainer.py] => NME top5 curve: [100.0]

2025-04-08 20:53:19,865 [trainer.py] => Average Accuracy (CNN): 89.93
2025-04-08 20:53:19,865 [trainer.py] => Average Accuracy (NME): 90.0
2025-04-08 20:53:19,865 [trainer.py] => All params: 3849034
2025-04-08 20:53:19,866 [trainer.py] => Trainable params: 3849034
2025-04-08 20:53:20,054 [pod_foster.py] => Learning on 5-7
2025-04-08 20:53:20,055 [pod_foster.py] => All params: 7701139
2025-04-08 20:53:20,056 [pod_foster.py] => Trainable params: 3854670
2025-04-08 20:53:20,071 [pod_foster.py] => Adaptive factor: 1.8708286933869707
2025-04-08 20:53:20,186 [pod_foster.py] => per cls weights : [1.00484344 1.00484344 1.00484344 1.00484344 1.00484344 0.98789141
 0.98789141]
2025-04-08 20:53:24,410 [pod_foster.py] => Task 1, Epoch 1/150 => Loss 1.174, Loss_clf 0.764, Loss_fe 0.000, Loss_pod 0.295, Loss_flat 0.114, Train_accy 81.80, Test_accy 65.31
2025-04-08 20:53:36,708 [pod_foster.py] => Task 1, Epoch 6/150 => Loss 0.210, Loss_clf 0.022, Loss_fe 0.000, Loss_pod 0.156, Loss_flat 0.032, Train_accy 99.96, Test_accy 68.55
2025-04-08 20:53:49,352 [pod_foster.py] => Task 1, Epoch 11/150 => Loss 0.213, Loss_clf 0.023, Loss_fe 0.000, Loss_pod 0.162, Loss_flat 0.027, Train_accy 99.67, Test_accy 70.90
2025-04-08 20:54:01,754 [pod_foster.py] => Task 1, Epoch 16/150 => Loss 0.165, Loss_clf 0.011, Loss_fe 0.000, Loss_pod 0.134, Loss_flat 0.019, Train_accy 100.00, Test_accy 68.17
2025-04-08 20:54:13,865 [pod_foster.py] => Task 1, Epoch 21/150 => Loss 0.168, Loss_clf 0.013, Loss_fe 0.000, Loss_pod 0.136, Loss_flat 0.019, Train_accy 100.00, Test_accy 68.71
2025-04-08 20:54:25,604 [pod_foster.py] => Task 1, Epoch 26/150 => Loss 0.235, Loss_clf 0.015, Loss_fe 0.000, Loss_pod 0.182, Loss_flat 0.038, Train_accy 99.98, Test_accy 69.33
2025-04-08 20:54:37,988 [pod_foster.py] => Task 1, Epoch 31/150 => Loss 0.188, Loss_clf 0.017, Loss_fe 0.000, Loss_pod 0.146, Loss_flat 0.025, Train_accy 99.80, Test_accy 70.05
2025-04-08 20:54:50,099 [pod_foster.py] => Task 1, Epoch 36/150 => Loss 0.149, Loss_clf 0.008, Loss_fe 0.000, Loss_pod 0.124, Loss_flat 0.016, Train_accy 100.00, Test_accy 67.07
2025-04-08 20:55:01,935 [pod_foster.py] => Task 1, Epoch 41/150 => Loss 0.139, Loss_clf 0.008, Loss_fe 0.000, Loss_pod 0.116, Loss_flat 0.014, Train_accy 100.00, Test_accy 66.71
2025-04-08 20:55:13,898 [pod_foster.py] => Task 1, Epoch 46/150 => Loss 0.140, Loss_clf 0.008, Loss_fe 0.000, Loss_pod 0.118, Loss_flat 0.014, Train_accy 100.00, Test_accy 68.12
2025-04-08 20:55:26,670 [pod_foster.py] => Task 1, Epoch 51/150 => Loss 0.142, Loss_clf 0.007, Loss_fe 0.000, Loss_pod 0.120, Loss_flat 0.014, Train_accy 100.00, Test_accy 65.60
2025-04-08 20:55:39,352 [pod_foster.py] => Task 1, Epoch 56/150 => Loss 0.132, Loss_clf 0.007, Loss_fe 0.000, Loss_pod 0.111, Loss_flat 0.014, Train_accy 100.00, Test_accy 66.14
2025-04-08 20:55:51,746 [pod_foster.py] => Task 1, Epoch 61/150 => Loss 0.152, Loss_clf 0.011, Loss_fe 0.000, Loss_pod 0.124, Loss_flat 0.018, Train_accy 99.93, Test_accy 65.52
2025-04-08 20:56:04,231 [pod_foster.py] => Task 1, Epoch 66/150 => Loss 0.142, Loss_clf 0.008, Loss_fe 0.000, Loss_pod 0.119, Loss_flat 0.015, Train_accy 100.00, Test_accy 67.67
2025-04-08 20:56:15,750 [pod_foster.py] => Task 1, Epoch 71/150 => Loss 0.134, Loss_clf 0.007, Loss_fe 0.000, Loss_pod 0.113, Loss_flat 0.014, Train_accy 100.00, Test_accy 66.69
2025-04-08 20:56:28,439 [pod_foster.py] => Task 1, Epoch 76/150 => Loss 0.125, Loss_clf 0.007, Loss_fe 0.000, Loss_pod 0.105, Loss_flat 0.013, Train_accy 100.00, Test_accy 66.00
2025-04-08 20:56:41,653 [pod_foster.py] => Task 1, Epoch 81/150 => Loss 0.121, Loss_clf 0.007, Loss_fe 0.000, Loss_pod 0.102, Loss_flat 0.012, Train_accy 100.00, Test_accy 68.86
2025-04-08 20:56:53,341 [pod_foster.py] => Task 1, Epoch 86/150 => Loss 0.122, Loss_clf 0.007, Loss_fe 0.000, Loss_pod 0.103, Loss_flat 0.013, Train_accy 100.00, Test_accy 65.12
2025-04-08 20:57:06,436 [pod_foster.py] => Task 1, Epoch 91/150 => Loss 0.114, Loss_clf 0.007, Loss_fe 0.000, Loss_pod 0.096, Loss_flat 0.012, Train_accy 100.00, Test_accy 66.07
2025-04-08 20:57:19,680 [pod_foster.py] => Task 1, Epoch 96/150 => Loss 0.111, Loss_clf 0.007, Loss_fe 0.000, Loss_pod 0.093, Loss_flat 0.012, Train_accy 100.00, Test_accy 67.17
2025-04-08 20:57:31,913 [pod_foster.py] => Task 1, Epoch 101/150 => Loss 0.106, Loss_clf 0.007, Loss_fe 0.000, Loss_pod 0.088, Loss_flat 0.011, Train_accy 100.00, Test_accy 67.26
2025-04-08 20:57:43,948 [pod_foster.py] => Task 1, Epoch 106/150 => Loss 0.105, Loss_clf 0.007, Loss_fe 0.000, Loss_pod 0.087, Loss_flat 0.011, Train_accy 100.00, Test_accy 67.50
2025-04-08 20:57:56,311 [pod_foster.py] => Task 1, Epoch 111/150 => Loss 0.104, Loss_clf 0.007, Loss_fe 0.000, Loss_pod 0.086, Loss_flat 0.011, Train_accy 100.00, Test_accy 66.14
2025-04-08 20:58:08,342 [pod_foster.py] => Task 1, Epoch 116/150 => Loss 0.100, Loss_clf 0.007, Loss_fe 0.000, Loss_pod 0.083, Loss_flat 0.010, Train_accy 100.00, Test_accy 67.48
2025-04-08 20:58:21,561 [pod_foster.py] => Task 1, Epoch 121/150 => Loss 0.094, Loss_clf 0.006, Loss_fe 0.000, Loss_pod 0.077, Loss_flat 0.010, Train_accy 100.00, Test_accy 66.21
2025-04-08 20:58:33,850 [pod_foster.py] => Task 1, Epoch 126/150 => Loss 0.094, Loss_clf 0.006, Loss_fe 0.000, Loss_pod 0.077, Loss_flat 0.010, Train_accy 100.00, Test_accy 66.19
2025-04-08 20:58:46,036 [pod_foster.py] => Task 1, Epoch 131/150 => Loss 0.092, Loss_clf 0.006, Loss_fe 0.000, Loss_pod 0.076, Loss_flat 0.010, Train_accy 100.00, Test_accy 65.17
2025-04-08 20:58:57,568 [pod_foster.py] => Task 1, Epoch 136/150 => Loss 0.086, Loss_clf 0.006, Loss_fe 0.000, Loss_pod 0.071, Loss_flat 0.009, Train_accy 100.00, Test_accy 67.05
2025-04-08 20:59:10,279 [pod_foster.py] => Task 1, Epoch 141/150 => Loss 0.086, Loss_clf 0.007, Loss_fe 0.000, Loss_pod 0.070, Loss_flat 0.010, Train_accy 100.00, Test_accy 66.33
2025-04-08 20:59:22,566 [pod_foster.py] => Task 1, Epoch 146/150 => Loss 0.090, Loss_clf 0.006, Loss_fe 0.000, Loss_pod 0.074, Loss_flat 0.009, Train_accy 100.00, Test_accy 67.33
2025-04-08 20:59:31,774 [pod_foster.py] => Task 1, time 2.31s, Epoch 150/150 => Loss 0.087, Loss_clf 0.006, Loss_fe 0.000, Loss_pod 0.071, Loss_flat 0.010, Train_accy 100.00
2025-04-08 20:59:31,774 [pod_foster.py] => 100 epoches training time:248.45s
2025-04-08 20:59:31,774 [pod_foster.py] => Average training time of single epoch:2.21s
2025-04-08 20:59:31,775 [inc_net.py] => align weights, gamma = 0.46779006719589233 
2025-04-08 20:59:31,776 [pod_foster.py] => per cls weights : [1.00020152 1.00020152 1.00020152 1.00020152 1.00020152 0.9994962
 0.9994962 ]
2025-04-08 20:59:35,037 [pod_foster.py] => SNet: Task 1, Epoch 1/120 => Loss 1.354,  Train_accy 70.27, Test_accy 62.71
2025-04-08 20:59:45,727 [pod_foster.py] => SNet: Task 1, Epoch 6/120 => Loss 1.083,  Train_accy 96.49, Test_accy 75.52
2025-04-08 20:59:56,951 [pod_foster.py] => SNet: Task 1, Epoch 11/120 => Loss 1.073,  Train_accy 97.27, Test_accy 75.07
2025-04-08 21:00:07,913 [pod_foster.py] => SNet: Task 1, Epoch 16/120 => Loss 1.068,  Train_accy 97.31, Test_accy 78.76
2025-04-08 21:00:19,214 [pod_foster.py] => SNet: Task 1, Epoch 21/120 => Loss 1.068,  Train_accy 97.44, Test_accy 78.88
2025-04-08 21:00:30,092 [pod_foster.py] => SNet: Task 1, Epoch 26/120 => Loss 1.064,  Train_accy 97.58, Test_accy 77.88
2025-04-08 21:00:41,410 [pod_foster.py] => SNet: Task 1, Epoch 31/120 => Loss 1.066,  Train_accy 97.56, Test_accy 78.93
2025-04-08 21:00:52,815 [pod_foster.py] => SNet: Task 1, Epoch 36/120 => Loss 1.066,  Train_accy 97.93, Test_accy 78.62
2025-04-08 21:01:03,840 [pod_foster.py] => SNet: Task 1, Epoch 41/120 => Loss 1.060,  Train_accy 97.80, Test_accy 78.40
2025-04-08 21:01:15,458 [pod_foster.py] => SNet: Task 1, Epoch 46/120 => Loss 1.063,  Train_accy 97.89, Test_accy 78.17
2025-04-08 21:01:26,338 [pod_foster.py] => SNet: Task 1, Epoch 51/120 => Loss 1.061,  Train_accy 97.98, Test_accy 78.83
2025-04-08 21:01:36,899 [pod_foster.py] => SNet: Task 1, Epoch 56/120 => Loss 1.060,  Train_accy 98.02, Test_accy 79.21
2025-04-08 21:01:48,453 [pod_foster.py] => SNet: Task 1, Epoch 61/120 => Loss 1.061,  Train_accy 97.64, Test_accy 78.26
2025-04-08 21:01:59,907 [pod_foster.py] => SNet: Task 1, Epoch 66/120 => Loss 1.062,  Train_accy 98.00, Test_accy 77.93
2025-04-08 21:02:11,046 [pod_foster.py] => SNet: Task 1, Epoch 71/120 => Loss 1.062,  Train_accy 97.87, Test_accy 79.29
2025-04-08 21:02:22,701 [pod_foster.py] => SNet: Task 1, Epoch 76/120 => Loss 1.061,  Train_accy 97.80, Test_accy 78.62
2025-04-08 21:02:33,969 [pod_foster.py] => SNet: Task 1, Epoch 81/120 => Loss 1.058,  Train_accy 98.07, Test_accy 78.24
2025-04-08 21:02:44,735 [pod_foster.py] => SNet: Task 1, Epoch 86/120 => Loss 1.060,  Train_accy 98.13, Test_accy 78.26
2025-04-08 21:02:55,537 [pod_foster.py] => SNet: Task 1, Epoch 91/120 => Loss 1.061,  Train_accy 98.33, Test_accy 79.12
2025-04-08 21:03:07,390 [pod_foster.py] => SNet: Task 1, Epoch 96/120 => Loss 1.059,  Train_accy 98.13, Test_accy 78.02
2025-04-08 21:03:19,012 [pod_foster.py] => SNet: Task 1, Epoch 101/120 => Loss 1.059,  Train_accy 97.98, Test_accy 78.88
2025-04-08 21:03:30,449 [pod_foster.py] => SNet: Task 1, Epoch 106/120 => Loss 1.059,  Train_accy 98.20, Test_accy 78.62
2025-04-08 21:03:41,214 [pod_foster.py] => SNet: Task 1, Epoch 111/120 => Loss 1.060,  Train_accy 98.24, Test_accy 79.48
2025-04-08 21:03:51,843 [pod_foster.py] => SNet: Task 1, Epoch 116/120 => Loss 1.059,  Train_accy 98.16, Test_accy 78.79
2025-04-08 21:03:59,864 [pod_foster.py] => SNet: Task 1, Epoch 120/120 => Loss 1.059,  Train_accy 98.02
2025-04-08 21:03:59,864 [pod_foster.py] => do not weight align student!
2025-04-08 21:04:00,840 [pod_foster.py] => darknet eval: 
2025-04-08 21:04:00,840 [pod_foster.py] => CNN top1 curve: 78.74
2025-04-08 21:04:00,840 [pod_foster.py] => CNN top5 curve: 98.74
2025-04-08 21:04:00,840 [pod_foster.py] => CNN: {'total': 78.74, '00-04': 74.43, '05-06': 89.5, 'old': 74.43, 'new': 89.5}
2025-04-08 21:04:00,841 [pod_foster.py] => All params after compression: 3851086
2025-04-08 21:04:00,842 [base.py] => Reducing exemplars...(71 per classes)
2025-04-08 21:04:03,031 [base.py] => Constructing exemplars...(71 per classes)
2025-04-08 21:04:07,185 [trainer.py] => task:1 training time:647.32s
2025-04-08 21:04:07,187 [trainer.py] => All params: 7701139
2025-04-08 21:04:09,902 [pod_foster.py] => Exemplar size: 497
2025-04-08 21:04:09,903 [trainer.py] => CNN: {'total': 79.74, '00-04': 78.0, '05-06': 84.08, 'old': 78.0, 'new': 84.08}
2025-04-08 21:04:09,903 [trainer.py] => NME: {'total': 74.0, '00-04': 75.1, '05-06': 71.25, 'old': 75.1, 'new': 71.25}
2025-04-08 21:04:09,903 [trainer.py] => CNN top1 curve: [89.93, 79.74]
2025-04-08 21:04:09,903 [trainer.py] => CNN top5 curve: [100.0, 98.9]
2025-04-08 21:04:09,903 [trainer.py] => NME top1 curve: [90.0, 74.0]
2025-04-08 21:04:09,903 [trainer.py] => NME top5 curve: [100.0, 99.07]

2025-04-08 21:04:09,903 [trainer.py] => Average Accuracy (CNN): 84.83500000000001
2025-04-08 21:04:09,903 [trainer.py] => Average Accuracy (NME): 82.0
2025-04-08 21:04:09,903 [trainer.py] => All params: 7701139
2025-04-08 21:04:09,904 [trainer.py] => Trainable params: 3854670
2025-04-08 21:04:10,095 [pod_foster.py] => Learning on 7-9
2025-04-08 21:04:10,096 [pod_foster.py] => All params: 7705241
2025-04-08 21:04:10,097 [pod_foster.py] => Trainable params: 3857746
2025-04-08 21:04:10,119 [pod_foster.py] => Adaptive factor: 2.1213203435596424
2025-04-08 21:04:10,197 [pod_foster.py] => per cls weights : [1.01239929 1.01239929 1.01239929 1.01239929 1.01239929 1.01239929
 1.01239929 0.95660248 0.95660248]
2025-04-08 21:04:13,683 [pod_foster.py] => Task 2, Epoch 1/150 => Loss 1.115, Loss_clf 0.596, Loss_fe 0.000, Loss_pod 0.385, Loss_flat 0.134, Train_accy 85.19, Test_accy 67.02
2025-04-08 21:04:25,633 [pod_foster.py] => Task 2, Epoch 6/150 => Loss 0.232, Loss_clf 0.017, Loss_fe 0.000, Loss_pod 0.188, Loss_flat 0.027, Train_accy 99.98, Test_accy 63.28
2025-04-08 21:04:37,720 [pod_foster.py] => Task 2, Epoch 11/150 => Loss 0.207, Loss_clf 0.013, Loss_fe 0.000, Loss_pod 0.172, Loss_flat 0.022, Train_accy 100.00, Test_accy 61.24
2025-04-08 21:04:50,359 [pod_foster.py] => Task 2, Epoch 16/150 => Loss 0.221, Loss_clf 0.012, Loss_fe 0.000, Loss_pod 0.182, Loss_flat 0.026, Train_accy 99.91, Test_accy 62.44
2025-04-08 21:05:03,927 [pod_foster.py] => Task 2, Epoch 21/150 => Loss 0.188, Loss_clf 0.008, Loss_fe 0.000, Loss_pod 0.161, Loss_flat 0.019, Train_accy 100.00, Test_accy 66.00
2025-04-08 21:05:16,295 [pod_foster.py] => Task 2, Epoch 26/150 => Loss 0.189, Loss_clf 0.010, Loss_fe 0.000, Loss_pod 0.160, Loss_flat 0.019, Train_accy 100.00, Test_accy 61.81
2025-04-08 21:05:28,660 [pod_foster.py] => Task 2, Epoch 31/150 => Loss 0.192, Loss_clf 0.008, Loss_fe 0.000, Loss_pod 0.164, Loss_flat 0.020, Train_accy 100.00, Test_accy 65.89
2025-04-08 21:05:40,931 [pod_foster.py] => Task 2, Epoch 36/150 => Loss 0.183, Loss_clf 0.008, Loss_fe 0.000, Loss_pod 0.156, Loss_flat 0.018, Train_accy 100.00, Test_accy 66.39
2025-04-08 21:05:53,266 [pod_foster.py] => Task 2, Epoch 41/150 => Loss 0.178, Loss_clf 0.009, Loss_fe 0.000, Loss_pod 0.149, Loss_flat 0.020, Train_accy 100.00, Test_accy 64.04
2025-04-08 21:06:06,496 [pod_foster.py] => Task 2, Epoch 46/150 => Loss 0.182, Loss_clf 0.008, Loss_fe 0.000, Loss_pod 0.155, Loss_flat 0.019, Train_accy 100.00, Test_accy 67.04
2025-04-08 21:06:19,188 [pod_foster.py] => Task 2, Epoch 51/150 => Loss 0.167, Loss_clf 0.008, Loss_fe 0.000, Loss_pod 0.143, Loss_flat 0.016, Train_accy 100.00, Test_accy 65.13
2025-04-08 21:06:31,635 [pod_foster.py] => Task 2, Epoch 56/150 => Loss 0.162, Loss_clf 0.008, Loss_fe 0.000, Loss_pod 0.139, Loss_flat 0.015, Train_accy 100.00, Test_accy 62.54
2025-04-08 21:06:43,540 [pod_foster.py] => Task 2, Epoch 61/150 => Loss 0.156, Loss_clf 0.008, Loss_fe 0.000, Loss_pod 0.133, Loss_flat 0.015, Train_accy 100.00, Test_accy 65.83
2025-04-08 21:06:56,600 [pod_foster.py] => Task 2, Epoch 66/150 => Loss 0.168, Loss_clf 0.008, Loss_fe 0.000, Loss_pod 0.143, Loss_flat 0.017, Train_accy 100.00, Test_accy 67.02
2025-04-08 21:07:09,399 [pod_foster.py] => Task 2, Epoch 71/150 => Loss 0.193, Loss_clf 0.013, Loss_fe 0.000, Loss_pod 0.158, Loss_flat 0.022, Train_accy 99.89, Test_accy 68.24
2025-04-08 21:07:22,827 [pod_foster.py] => Task 2, Epoch 76/150 => Loss 0.153, Loss_clf 0.008, Loss_fe 0.000, Loss_pod 0.131, Loss_flat 0.015, Train_accy 100.00, Test_accy 66.28
2025-04-08 21:07:36,249 [pod_foster.py] => Task 2, Epoch 81/150 => Loss 0.157, Loss_clf 0.011, Loss_fe 0.000, Loss_pod 0.130, Loss_flat 0.016, Train_accy 99.96, Test_accy 64.93
2025-04-08 21:07:49,021 [pod_foster.py] => Task 2, Epoch 86/150 => Loss 0.147, Loss_clf 0.008, Loss_fe 0.000, Loss_pod 0.126, Loss_flat 0.013, Train_accy 100.00, Test_accy 63.30
2025-04-08 21:08:01,913 [pod_foster.py] => Task 2, Epoch 91/150 => Loss 0.137, Loss_clf 0.007, Loss_fe 0.000, Loss_pod 0.117, Loss_flat 0.013, Train_accy 100.00, Test_accy 65.11
2025-04-08 21:08:14,635 [pod_foster.py] => Task 2, Epoch 96/150 => Loss 0.130, Loss_clf 0.007, Loss_fe 0.000, Loss_pod 0.112, Loss_flat 0.012, Train_accy 100.00, Test_accy 62.81
2025-04-08 21:08:27,669 [pod_foster.py] => Task 2, Epoch 101/150 => Loss 0.138, Loss_clf 0.007, Loss_fe 0.000, Loss_pod 0.118, Loss_flat 0.012, Train_accy 100.00, Test_accy 64.02
2025-04-08 21:08:40,574 [pod_foster.py] => Task 2, Epoch 106/150 => Loss 0.133, Loss_clf 0.008, Loss_fe 0.000, Loss_pod 0.111, Loss_flat 0.013, Train_accy 100.00, Test_accy 64.02
2025-04-08 21:08:53,239 [pod_foster.py] => Task 2, Epoch 111/150 => Loss 0.127, Loss_clf 0.008, Loss_fe 0.000, Loss_pod 0.107, Loss_flat 0.012, Train_accy 100.00, Test_accy 64.28
2025-04-08 21:09:06,559 [pod_foster.py] => Task 2, Epoch 116/150 => Loss 0.125, Loss_clf 0.008, Loss_fe 0.000, Loss_pod 0.105, Loss_flat 0.011, Train_accy 100.00, Test_accy 62.35
2025-04-08 21:09:19,306 [pod_foster.py] => Task 2, Epoch 121/150 => Loss 0.114, Loss_clf 0.007, Loss_fe 0.000, Loss_pod 0.097, Loss_flat 0.011, Train_accy 100.00, Test_accy 65.43
2025-04-08 21:09:32,113 [pod_foster.py] => Task 2, Epoch 126/150 => Loss 0.116, Loss_clf 0.007, Loss_fe 0.000, Loss_pod 0.099, Loss_flat 0.011, Train_accy 100.00, Test_accy 65.65
2025-04-08 21:09:45,386 [pod_foster.py] => Task 2, Epoch 131/150 => Loss 0.108, Loss_clf 0.007, Loss_fe 0.000, Loss_pod 0.090, Loss_flat 0.010, Train_accy 100.00, Test_accy 65.33
2025-04-08 21:09:57,928 [pod_foster.py] => Task 2, Epoch 136/150 => Loss 0.104, Loss_clf 0.007, Loss_fe 0.000, Loss_pod 0.088, Loss_flat 0.010, Train_accy 100.00, Test_accy 66.48
2025-04-08 21:10:10,745 [pod_foster.py] => Task 2, Epoch 141/150 => Loss 0.100, Loss_clf 0.007, Loss_fe 0.000, Loss_pod 0.084, Loss_flat 0.009, Train_accy 100.00, Test_accy 65.61
2025-04-08 21:10:22,668 [pod_foster.py] => Task 2, Epoch 146/150 => Loss 0.104, Loss_clf 0.007, Loss_fe 0.000, Loss_pod 0.087, Loss_flat 0.010, Train_accy 100.00, Test_accy 63.52
2025-04-08 21:10:32,305 [pod_foster.py] => Task 2, time 2.38s, Epoch 150/150 => Loss 0.097, Loss_clf 0.006, Loss_fe 0.000, Loss_pod 0.081, Loss_flat 0.009, Train_accy 100.00
2025-04-08 21:10:32,305 [pod_foster.py] => 100 epoches training time:253.69s
2025-04-08 21:10:32,305 [pod_foster.py] => Average training time of single epoch:2.25s
2025-04-08 21:10:32,306 [inc_net.py] => align weights, gamma = 0.4928528070449829 
2025-04-08 21:10:32,307 [pod_foster.py] => per cls weights : [1.00128717 1.00128717 1.00128717 1.00128717 1.00128717 1.00128717
 1.00128717 0.99549491 0.99549491]
2025-04-08 21:10:35,516 [pod_foster.py] => SNet: Task 2, Epoch 1/120 => Loss 1.609,  Train_accy 76.52, Test_accy 49.17
2025-04-08 21:10:46,707 [pod_foster.py] => SNet: Task 2, Epoch 6/120 => Loss 1.356,  Train_accy 98.11, Test_accy 71.09
2025-04-08 21:10:57,731 [pod_foster.py] => SNet: Task 2, Epoch 11/120 => Loss 1.348,  Train_accy 98.58, Test_accy 74.57
2025-04-08 21:11:08,777 [pod_foster.py] => SNet: Task 2, Epoch 16/120 => Loss 1.347,  Train_accy 98.51, Test_accy 73.94
2025-04-08 21:11:19,780 [pod_foster.py] => SNet: Task 2, Epoch 21/120 => Loss 1.346,  Train_accy 98.75, Test_accy 74.17
2025-04-08 21:11:31,698 [pod_foster.py] => SNet: Task 2, Epoch 26/120 => Loss 1.346,  Train_accy 98.80, Test_accy 75.30
2025-04-08 21:11:43,366 [pod_foster.py] => SNet: Task 2, Epoch 31/120 => Loss 1.342,  Train_accy 98.73, Test_accy 75.63
2025-04-08 21:11:54,710 [pod_foster.py] => SNet: Task 2, Epoch 36/120 => Loss 1.343,  Train_accy 98.91, Test_accy 76.83
2025-04-08 21:12:05,875 [pod_foster.py] => SNet: Task 2, Epoch 41/120 => Loss 1.340,  Train_accy 98.82, Test_accy 75.57
2025-04-08 21:12:16,973 [pod_foster.py] => SNet: Task 2, Epoch 46/120 => Loss 1.341,  Train_accy 99.04, Test_accy 75.26
2025-04-08 21:12:28,392 [pod_foster.py] => SNet: Task 2, Epoch 51/120 => Loss 1.342,  Train_accy 98.75, Test_accy 75.13
2025-04-08 21:12:39,392 [pod_foster.py] => SNet: Task 2, Epoch 56/120 => Loss 1.341,  Train_accy 98.84, Test_accy 75.37
2025-04-08 21:12:50,760 [pod_foster.py] => SNet: Task 2, Epoch 61/120 => Loss 1.341,  Train_accy 98.78, Test_accy 74.80
2025-04-08 21:13:02,387 [pod_foster.py] => SNet: Task 2, Epoch 66/120 => Loss 1.342,  Train_accy 99.09, Test_accy 75.17
2025-04-08 21:13:13,315 [pod_foster.py] => SNet: Task 2, Epoch 71/120 => Loss 1.343,  Train_accy 98.93, Test_accy 75.15
2025-04-08 21:13:24,126 [pod_foster.py] => SNet: Task 2, Epoch 76/120 => Loss 1.341,  Train_accy 99.00, Test_accy 75.06
2025-04-08 21:13:35,383 [pod_foster.py] => SNet: Task 2, Epoch 81/120 => Loss 1.342,  Train_accy 98.87, Test_accy 74.89
2025-04-08 21:13:46,550 [pod_foster.py] => SNet: Task 2, Epoch 86/120 => Loss 1.338,  Train_accy 99.11, Test_accy 74.74
2025-04-08 21:13:57,978 [pod_foster.py] => SNet: Task 2, Epoch 91/120 => Loss 1.340,  Train_accy 98.80, Test_accy 75.30
2025-04-08 21:14:09,374 [pod_foster.py] => SNet: Task 2, Epoch 96/120 => Loss 1.340,  Train_accy 98.98, Test_accy 74.63
2025-04-08 21:14:20,633 [pod_foster.py] => SNet: Task 2, Epoch 101/120 => Loss 1.339,  Train_accy 98.98, Test_accy 75.33
2025-04-08 21:14:31,700 [pod_foster.py] => SNet: Task 2, Epoch 106/120 => Loss 1.340,  Train_accy 98.91, Test_accy 75.04
2025-04-08 21:14:42,527 [pod_foster.py] => SNet: Task 2, Epoch 111/120 => Loss 1.340,  Train_accy 98.98, Test_accy 75.39
2025-04-08 21:14:54,472 [pod_foster.py] => SNet: Task 2, Epoch 116/120 => Loss 1.341,  Train_accy 98.89, Test_accy 75.00
2025-04-08 21:15:03,132 [pod_foster.py] => SNet: Task 2, Epoch 120/120 => Loss 1.339,  Train_accy 98.91
2025-04-08 21:15:03,132 [pod_foster.py] => do not weight align student!
2025-04-08 21:15:04,478 [pod_foster.py] => darknet eval: 
2025-04-08 21:15:04,478 [pod_foster.py] => CNN top1 curve: 75.48
2025-04-08 21:15:04,478 [pod_foster.py] => CNN top5 curve: 97.3
2025-04-08 21:15:04,478 [pod_foster.py] => CNN: {'total': 75.48, '00-04': 64.67, '05-06': 84.75, '07-08': 93.25, 'old': 70.4, 'new': 93.25}
2025-04-08 21:15:04,480 [pod_foster.py] => All params after compression: 3853138
2025-04-08 21:15:04,480 [base.py] => Reducing exemplars...(55 per classes)
2025-04-08 21:15:07,487 [base.py] => Constructing exemplars...(55 per classes)
2025-04-08 21:15:11,310 [trainer.py] => task:2 training time:661.41s
2025-04-08 21:15:11,311 [trainer.py] => All params: 7705241
2025-04-08 21:15:14,148 [pod_foster.py] => Exemplar size: 495
2025-04-08 21:15:14,149 [trainer.py] => CNN: {'total': 74.07, '00-04': 61.4, '05-06': 91.67, '07-08': 88.17, 'old': 70.05, 'new': 88.17}
2025-04-08 21:15:14,149 [trainer.py] => NME: {'total': 72.59, '00-04': 61.4, '05-06': 82.67, '07-08': 90.5, 'old': 67.48, 'new': 90.5}
2025-04-08 21:15:14,149 [trainer.py] => CNN top1 curve: [89.93, 79.74, 74.07]
2025-04-08 21:15:14,149 [trainer.py] => CNN top5 curve: [100.0, 98.9, 96.91]
2025-04-08 21:15:14,149 [trainer.py] => NME top1 curve: [90.0, 74.0, 72.59]
2025-04-08 21:15:14,149 [trainer.py] => NME top5 curve: [100.0, 99.07, 96.76]

2025-04-08 21:15:14,149 [trainer.py] => Average Accuracy (CNN): 81.24666666666667
2025-04-08 21:15:14,149 [trainer.py] => Average Accuracy (NME): 78.86333333333333
2025-04-08 21:15:14,149 [trainer.py] => Time consumed in all training process:1333.96s
2025-04-08 21:15:14,149 [trainer.py] => Average Time consumed in single task:442.10s
2025-04-08 21:15:14,150 [trainer.py] => Forgetting (CNN): 14.265000000000004
