2025-04-08 11:11:08,504 [trainer.py] => config: ./exps/svm.json
2025-04-08 11:11:08,504 [trainer.py] => prefix: cil
2025-04-08 11:11:08,504 [trainer.py] => dataset: hrrp9
2025-04-08 11:11:08,504 [trainer.py] => memory_size: 500
2025-04-08 11:11:08,504 [trainer.py] => memory_per_class: 20
2025-04-08 11:11:08,504 [trainer.py] => fixed_memory: False
2025-04-08 11:11:08,504 [trainer.py] => shuffle: True
2025-04-08 11:11:08,504 [trainer.py] => init_cls: 5
2025-04-08 11:11:08,504 [trainer.py] => increment: 2
2025-04-08 11:11:08,504 [trainer.py] => model_name: svm
2025-04-08 11:11:08,504 [trainer.py] => batch_size: 128
2025-04-08 11:11:08,504 [trainer.py] => num_workers: 8
2025-04-08 11:11:08,504 [trainer.py] => device: [device(type='cuda', index=3)]
2025-04-08 11:11:08,504 [trainer.py] => init_train: False
2025-04-08 11:11:08,504 [trainer.py] => seed1: [1993]
2025-04-08 11:11:08,505 [trainer.py] => convnet_path1: checkpoints/init_train/resnet18_42503.pth
2025-04-08 11:11:08,505 [trainer.py] => fc_path1: checkpoints/init_train/fc_42503.pth
2025-04-08 11:11:08,505 [trainer.py] => seed: 110
2025-04-08 11:11:08,505 [trainer.py] => convnet_path: checkpoints/init_train/resnet18_35172.pth
2025-04-08 11:11:08,505 [trainer.py] => fc_path: checkpoints/init_train/fc_35172.pth
2025-04-08 11:11:09,082 [data_manager.py] => [4, 2, 8, 7, 1, 6, 5, 3, 0]
2025-04-08 11:11:09,566 [trainer.py] => All params: 0
2025-04-08 11:11:09,566 [trainer.py] => Trainable params: 0
2025-04-08 11:11:09,566 [SVM.py] => Learning on 0-5
2025-04-08 11:11:09,608 [SVM.py] => Processing training data...
2025-04-08 11:11:10,079 [SVM.py] => Training SVM...
2025-04-08 11:13:18,016 [SVM.py] => SVM training completed in 127.94 seconds
2025-04-08 11:13:33,545 [SVM.py] => Test accuracy: 80.43%
2025-04-08 11:13:33,600 [SVM.py] => Building rehearsal memory for SVM... (100 samples per class)
2025-04-08 11:13:33,600 [SVM.py] => Reducing exemplars... (100 per class)
2025-04-08 11:13:33,600 [SVM.py] => Constructing exemplars... (100 per class)
2025-04-08 11:14:24,448 [trainer.py] => task:0 training time:194.88s
2025-04-08 11:14:24,449 [trainer.py] => All params: 3462370
2025-04-08 11:14:40,349 [trainer.py] => No NME accuracy.
2025-04-08 11:14:40,349 [trainer.py] => CNN: {'total': 79.9, '00-04': 79.9, 'old': 0, 'new': 79.9}
2025-04-08 11:14:40,349 [trainer.py] => CNN top1 curve: [79.9]
2025-04-08 11:14:40,349 [trainer.py] => CNN top5 curve: [100.0]

2025-04-08 11:14:40,350 [trainer.py] => Average Accuracy (CNN): 79.9
2025-04-08 11:14:40,350 [trainer.py] => All params: 3462370
2025-04-08 11:14:40,350 [trainer.py] => Trainable params: 3462370
2025-04-08 11:14:40,350 [SVM.py] => Learning on 5-7
2025-04-08 11:14:40,375 [SVM.py] => Processing training data...
2025-04-08 11:14:40,660 [SVM.py] => Training SVM...
2025-04-08 11:15:11,313 [SVM.py] => SVM training completed in 30.65 seconds
2025-04-08 11:15:18,551 [SVM.py] => Test accuracy: 25.24%
2025-04-08 11:15:18,569 [SVM.py] => Building rehearsal memory for SVM... (71 samples per class)
2025-04-08 11:15:18,569 [SVM.py] => Reducing exemplars... (71 per class)
2025-04-08 11:15:19,417 [SVM.py] => Constructing exemplars... (71 per class)
2025-04-08 11:15:26,113 [trainer.py] => task:1 training time:45.76s
2025-04-08 11:15:26,113 [trainer.py] => All params: 1359771
2025-04-08 11:15:33,077 [trainer.py] => No NME accuracy.
2025-04-08 11:15:33,077 [trainer.py] => CNN: {'total': 25.69, '00-04': 3.13, '05-06': 82.08, 'old': 3.13, 'new': 82.08}
2025-04-08 11:15:33,077 [trainer.py] => CNN top1 curve: [79.9, 25.69]
2025-04-08 11:15:33,078 [trainer.py] => CNN top5 curve: [100.0, 50.43]

2025-04-08 11:15:33,078 [trainer.py] => Average Accuracy (CNN): 52.795
2025-04-08 11:15:33,078 [trainer.py] => All params: 1359771
2025-04-08 11:15:33,078 [trainer.py] => Trainable params: 1359771
2025-04-08 11:15:33,078 [SVM.py] => Learning on 7-9
2025-04-08 11:15:33,107 [SVM.py] => Processing training data...
2025-04-08 11:15:33,403 [SVM.py] => Training SVM...
2025-04-08 11:15:58,654 [SVM.py] => SVM training completed in 25.25 seconds
2025-04-08 11:16:07,229 [SVM.py] => Test accuracy: 16.81%
2025-04-08 11:16:07,243 [SVM.py] => Building rehearsal memory for SVM... (55 samples per class)
2025-04-08 11:16:07,244 [SVM.py] => Reducing exemplars... (55 per class)
2025-04-08 11:16:08,043 [SVM.py] => Constructing exemplars... (55 per class)
2025-04-08 11:16:13,874 [trainer.py] => task:2 training time:40.80s
2025-04-08 11:16:13,875 [trainer.py] => All params: 1214236
2025-04-08 11:16:21,452 [trainer.py] => No NME accuracy.
2025-04-08 11:16:21,452 [trainer.py] => CNN: {'total': 17.11, '00-04': 0.23, '05-06': 0.25, '07-08': 76.17, 'old': 0.24, 'new': 76.17}
2025-04-08 11:16:21,452 [trainer.py] => CNN top1 curve: [79.9, 25.69, 17.11]
2025-04-08 11:16:21,452 [trainer.py] => CNN top5 curve: [100.0, 50.43, 41.15]

2025-04-08 11:16:21,452 [trainer.py] => Average Accuracy (CNN): 40.9
2025-04-08 11:16:21,452 [trainer.py] => Time consumed in all training process:311.89s
2025-04-08 11:16:21,452 [trainer.py] => Average Time consumed in single task:93.81s
2025-04-08 11:16:21,453 [trainer.py] => Forgetting (CNN): 80.75
