2025-12-27 17:17:23,794 [trainer.py] => config: ./exps/ewc.json
2025-12-27 17:17:23,794 [trainer.py] => prefix: EFCIL
2025-12-27 17:17:23,794 [trainer.py] => dataset: hrrp9
2025-12-27 17:17:23,794 [trainer.py] => pretrain: True
2025-12-27 17:17:23,794 [trainer.py] => memory_size: 0
2025-12-27 17:17:23,795 [trainer.py] => memory_per_class: 20
2025-12-27 17:17:23,795 [trainer.py] => fixed_memory: False
2025-12-27 17:17:23,795 [trainer.py] => shuffle: True
2025-12-27 17:17:23,795 [trainer.py] => init_cls: 5
2025-12-27 17:17:23,795 [trainer.py] => increment: 2
2025-12-27 17:17:23,795 [trainer.py] => model_name: ewc
2025-12-27 17:17:23,795 [trainer.py] => convnet_type: resnet18
2025-12-27 17:17:23,795 [trainer.py] => device: [device(type='cuda', index=0)]
2025-12-27 17:17:23,795 [trainer.py] => init_train: False
2025-12-27 17:17:23,795 [trainer.py] => seed: 1993
2025-12-27 17:17:23,795 [trainer.py] => convnet_path: checkpoints/init_train/resnet18_42503.pth
2025-12-27 17:17:23,795 [trainer.py] => fc_path: checkpoints/init_train/fc_42503.pth
2025-12-27 17:17:23,795 [trainer.py] => convnet_path2: checkpoints/init_train/resnet18_35172.pth
2025-12-27 17:17:23,795 [trainer.py] => fc_path2: checkpoints/init_train/fc_35172.pth
2025-12-27 17:17:23,795 [trainer.py] => seed2: [2001]
2025-12-27 17:17:23,795 [trainer.py] => seed1: [110]
2025-12-27 17:17:23,795 [trainer.py] => convnet_path1: checkpoints/init_train/resnet18_42871.pth
2025-12-27 17:17:23,795 [trainer.py] => fc_path1: checkpoints/init_train/fc_42871.pth
2025-12-27 17:17:23,795 [trainer.py] => epochs: 150
2025-12-27 17:17:23,796 [trainer.py] => lrate: 0.1
2025-12-27 17:17:23,796 [trainer.py] => milestones: [50, 80, 120]
2025-12-27 17:17:23,796 [trainer.py] => lrate_decay: 0.1
2025-12-27 17:17:23,796 [trainer.py] => batch_size: 128
2025-12-27 17:17:23,796 [trainer.py] => momentum: 0
2025-12-27 17:17:23,796 [trainer.py] => weight_decay: 0.0002
2025-12-27 17:17:23,796 [trainer.py] => num_workers: 4
2025-12-27 17:17:23,796 [trainer.py] => T: 2
2025-12-27 17:17:23,796 [trainer.py] => lamda: 2
2025-12-27 17:17:23,796 [trainer.py] => fishermax: 0.001
