2024-10-26 16:29:35,578 [trainer.py] => config: ./exps/POD_foster.json
2024-10-26 16:29:35,578 [trainer.py] => prefix: cil
2024-10-26 16:29:35,579 [trainer.py] => dataset: hrrp9
2024-10-26 16:29:35,579 [trainer.py] => memory_size: 500
2024-10-26 16:29:35,579 [trainer.py] => memory_per_class: 20
2024-10-26 16:29:35,579 [trainer.py] => fixed_memory: False
2024-10-26 16:29:35,579 [trainer.py] => shuffle: True
2024-10-26 16:29:35,579 [trainer.py] => init_cls: 5
2024-10-26 16:29:35,579 [trainer.py] => increment: 2
2024-10-26 16:29:35,579 [trainer.py] => model_name: POD_foster
2024-10-26 16:29:35,579 [trainer.py] => convnet_type: resnet18
2024-10-26 16:29:35,579 [trainer.py] => init_train: False
2024-10-26 16:29:35,579 [trainer.py] => convnet_path1: checkpoints/init_train/resnet18_35172.pth
2024-10-26 16:29:35,579 [trainer.py] => fc_path1: checkpoints/init_train/fc_35172.pth
2024-10-26 16:29:35,579 [trainer.py] => convnet_path: checkpoints/init_train/resnet18_42503.pth
2024-10-26 16:29:35,579 [trainer.py] => fc_path: checkpoints/init_train/fc_42503.pth
2024-10-26 16:29:35,579 [trainer.py] => device: [device(type='cuda', index=3)]
2024-10-26 16:29:35,580 [trainer.py] => seed: 1993
2024-10-26 16:29:35,580 [trainer.py] => beta1: 0.96
2024-10-26 16:29:35,580 [trainer.py] => beta2: 0.97
2024-10-26 16:29:35,580 [trainer.py] => oofc: ft
2024-10-26 16:29:35,580 [trainer.py] => is_teacher_wa: True
2024-10-26 16:29:35,580 [trainer.py] => is_student_wa: False
2024-10-26 16:29:35,580 [trainer.py] => is_teacher_la: True
2024-10-26 16:29:35,580 [trainer.py] => is_student_la: False
2024-10-26 16:29:35,580 [trainer.py] => lambda_okd: 0
2024-10-26 16:29:35,580 [trainer.py] => wa_value: 1
2024-10-26 16:29:35,580 [trainer.py] => init_epochs: 0
2024-10-26 16:29:35,580 [trainer.py] => init_lr: 0.1
2024-10-26 16:29:35,580 [trainer.py] => init_weight_decay: 0.0005
2024-10-26 16:29:35,580 [trainer.py] => boosting_epochs: 150
2024-10-26 16:29:35,580 [trainer.py] => compression_epochs: 120
2024-10-26 16:29:35,580 [trainer.py] => lr: 0.1
2024-10-26 16:29:35,580 [trainer.py] => batch_size: 128
2024-10-26 16:29:35,581 [trainer.py] => weight_decay: 0.0005
2024-10-26 16:29:35,581 [trainer.py] => num_workers: 8
2024-10-26 16:29:35,581 [trainer.py] => momentum: 0.9
2024-10-26 16:29:35,581 [trainer.py] => T: 2
2024-10-26 16:29:35,581 [trainer.py] => lambda_c_base: 0.8
2024-10-26 16:29:35,581 [trainer.py] => lambda_f_base: 1.0
2024-10-26 16:29:35,581 [trainer.py] => POD: w
2024-10-26 16:29:36,271 [data_manager.py] => [4, 2, 5, 0, 3, 6, 7, 8, 1]
2024-10-26 16:29:36,317 [trainer.py] => All params: 0
2024-10-26 16:29:36,318 [trainer.py] => Trainable params: 0
2024-10-26 16:29:37,473 [pod_foster.py] => Learning on 0-5
2024-10-26 16:29:37,473 [pod_foster.py] => All params: 3849034
2024-10-26 16:29:37,474 [pod_foster.py] => Trainable params: 3849034
2024-10-26 16:29:37,550 [pod_foster.py] => Adaptive factor: 0
2024-10-26 16:29:37,815 [pod_foster.py] => init_train?---False
2024-10-26 16:29:38,903 [base.py] => Reducing exemplars...(100 per classes)
2024-10-26 16:29:38,903 [base.py] => Constructing exemplars...(100 per classes)
2024-10-26 16:29:45,369 [trainer.py] => All params: 3849034
2024-10-26 16:29:46,662 [pod_foster.py] => Exemplar size: 500
2024-10-26 16:29:46,663 [trainer.py] => CNN: {'total': 89.93, '00-04': 89.93, 'old': 0, 'new': 89.93}
2024-10-26 16:29:46,663 [trainer.py] => NME: {'total': 90.0, '00-04': 90.0, 'old': 0, 'new': 90.0}
2024-10-26 16:29:46,663 [trainer.py] => CNN top1 curve: [89.93]
2024-10-26 16:29:46,663 [trainer.py] => CNN top5 curve: [100.0]
2024-10-26 16:29:46,663 [trainer.py] => NME top1 curve: [90.0]
2024-10-26 16:29:46,663 [trainer.py] => NME top5 curve: [100.0]

2024-10-26 16:29:46,663 [trainer.py] => Average Accuracy (CNN): 89.93
2024-10-26 16:29:46,663 [trainer.py] => Average Accuracy (NME): 90.0
2024-10-26 16:29:46,664 [trainer.py] => All params: 3849034
2024-10-26 16:29:46,664 [trainer.py] => Trainable params: 3849034
2024-10-26 16:29:46,708 [pod_foster.py] => Learning on 5-7
2024-10-26 16:29:46,709 [pod_foster.py] => All params: 7701139
2024-10-26 16:29:46,710 [pod_foster.py] => Trainable params: 3854670
2024-10-26 16:29:46,749 [pod_foster.py] => Adaptive factor: 1.8708286933869707
2024-10-26 16:29:46,759 [pod_foster.py] => per cls weights : [1.00484344 1.00484344 1.00484344 1.00484344 1.00484344 0.98789141
 0.98789141]
2024-10-26 16:29:49,992 [pod_foster.py] => Task 1, Epoch 1/150 => Loss 1.969, Loss_clf 0.708, Loss_fe 0.661, Loss_pod 0.402, Loss_flat 0.198, Train_accy 83.13, Test_accy 54.45
2024-10-26 16:29:59,820 [pod_foster.py] => Task 1, Epoch 6/150 => Loss 0.355, Loss_clf 0.020, Loss_fe 0.042, Loss_pod 0.223, Loss_flat 0.071, Train_accy 99.82, Test_accy 71.38
2024-10-26 16:30:09,716 [pod_foster.py] => Task 1, Epoch 11/150 => Loss 0.228, Loss_clf 0.008, Loss_fe 0.012, Loss_pod 0.168, Loss_flat 0.040, Train_accy 100.00, Test_accy 70.69
2024-10-26 16:30:19,331 [pod_foster.py] => Task 1, Epoch 16/150 => Loss 0.197, Loss_clf 0.006, Loss_fe 0.009, Loss_pod 0.150, Loss_flat 0.032, Train_accy 100.00, Test_accy 70.24
2024-10-26 16:30:29,121 [pod_foster.py] => Task 1, Epoch 21/150 => Loss 0.195, Loss_clf 0.009, Loss_fe 0.010, Loss_pod 0.147, Loss_flat 0.030, Train_accy 100.00, Test_accy 64.57
2024-10-26 16:30:38,881 [pod_foster.py] => Task 1, Epoch 26/150 => Loss 0.407, Loss_clf 0.019, Loss_fe 0.034, Loss_pod 0.270, Loss_flat 0.083, Train_accy 99.76, Test_accy 69.74
2024-10-26 16:30:48,554 [pod_foster.py] => Task 1, Epoch 31/150 => Loss 0.228, Loss_clf 0.007, Loss_fe 0.009, Loss_pod 0.173, Loss_flat 0.038, Train_accy 100.00, Test_accy 69.62
2024-10-26 16:30:58,253 [pod_foster.py] => Task 1, Epoch 36/150 => Loss 0.189, Loss_clf 0.006, Loss_fe 0.007, Loss_pod 0.149, Loss_flat 0.028, Train_accy 100.00, Test_accy 67.98
2024-10-26 16:31:08,013 [pod_foster.py] => Task 1, Epoch 41/150 => Loss 0.170, Loss_clf 0.005, Loss_fe 0.006, Loss_pod 0.134, Loss_flat 0.025, Train_accy 100.00, Test_accy 68.62
2024-10-26 16:31:17,923 [pod_foster.py] => Task 1, Epoch 46/150 => Loss 0.163, Loss_clf 0.005, Loss_fe 0.006, Loss_pod 0.130, Loss_flat 0.023, Train_accy 100.00, Test_accy 68.95
2024-10-26 16:31:27,582 [pod_foster.py] => Task 1, Epoch 51/150 => Loss 0.161, Loss_clf 0.004, Loss_fe 0.006, Loss_pod 0.130, Loss_flat 0.021, Train_accy 100.00, Test_accy 67.29
2024-10-26 16:31:37,484 [pod_foster.py] => Task 1, Epoch 56/150 => Loss 0.146, Loss_clf 0.004, Loss_fe 0.005, Loss_pod 0.117, Loss_flat 0.020, Train_accy 100.00, Test_accy 68.21
2024-10-26 16:31:47,263 [pod_foster.py] => Task 1, Epoch 61/150 => Loss 0.164, Loss_clf 0.006, Loss_fe 0.007, Loss_pod 0.127, Loss_flat 0.024, Train_accy 100.00, Test_accy 66.57
2024-10-26 16:31:56,971 [pod_foster.py] => Task 1, Epoch 66/150 => Loss 0.163, Loss_clf 0.005, Loss_fe 0.007, Loss_pod 0.127, Loss_flat 0.023, Train_accy 100.00, Test_accy 68.19
2024-10-26 16:32:06,852 [pod_foster.py] => Task 1, Epoch 71/150 => Loss 0.148, Loss_clf 0.004, Loss_fe 0.006, Loss_pod 0.118, Loss_flat 0.020, Train_accy 100.00, Test_accy 67.88
2024-10-26 16:32:16,742 [pod_foster.py] => Task 1, Epoch 76/150 => Loss 0.138, Loss_clf 0.004, Loss_fe 0.005, Loss_pod 0.110, Loss_flat 0.019, Train_accy 100.00, Test_accy 66.76
2024-10-26 16:32:26,841 [pod_foster.py] => Task 1, Epoch 81/150 => Loss 0.136, Loss_clf 0.004, Loss_fe 0.005, Loss_pod 0.108, Loss_flat 0.018, Train_accy 100.00, Test_accy 68.67
2024-10-26 16:32:36,857 [pod_foster.py] => Task 1, Epoch 86/150 => Loss 0.136, Loss_clf 0.004, Loss_fe 0.005, Loss_pod 0.107, Loss_flat 0.019, Train_accy 100.00, Test_accy 67.79
2024-10-26 16:32:46,784 [pod_foster.py] => Task 1, Epoch 91/150 => Loss 0.129, Loss_clf 0.004, Loss_fe 0.005, Loss_pod 0.102, Loss_flat 0.018, Train_accy 100.00, Test_accy 67.17
2024-10-26 16:32:56,922 [pod_foster.py] => Task 1, Epoch 96/150 => Loss 0.144, Loss_clf 0.006, Loss_fe 0.008, Loss_pod 0.108, Loss_flat 0.022, Train_accy 100.00, Test_accy 69.88
2024-10-26 16:33:06,765 [pod_foster.py] => Task 1, Epoch 101/150 => Loss 0.122, Loss_clf 0.004, Loss_fe 0.005, Loss_pod 0.095, Loss_flat 0.018, Train_accy 100.00, Test_accy 67.95
2024-10-26 16:33:16,585 [pod_foster.py] => Task 1, Epoch 106/150 => Loss 0.120, Loss_clf 0.004, Loss_fe 0.005, Loss_pod 0.094, Loss_flat 0.018, Train_accy 100.00, Test_accy 68.71
2024-10-26 16:33:26,370 [pod_foster.py] => Task 1, Epoch 111/150 => Loss 0.120, Loss_clf 0.004, Loss_fe 0.005, Loss_pod 0.093, Loss_flat 0.018, Train_accy 100.00, Test_accy 67.79
2024-10-26 16:33:35,933 [pod_foster.py] => Task 1, Epoch 116/150 => Loss 0.116, Loss_clf 0.004, Loss_fe 0.005, Loss_pod 0.090, Loss_flat 0.016, Train_accy 100.00, Test_accy 68.88
2024-10-26 16:33:45,581 [pod_foster.py] => Task 1, Epoch 121/150 => Loss 0.110, Loss_clf 0.004, Loss_fe 0.005, Loss_pod 0.084, Loss_flat 0.016, Train_accy 100.00, Test_accy 67.60
2024-10-26 16:33:54,988 [pod_foster.py] => Task 1, Epoch 126/150 => Loss 0.110, Loss_clf 0.004, Loss_fe 0.005, Loss_pod 0.084, Loss_flat 0.017, Train_accy 100.00, Test_accy 67.21
2024-10-26 16:34:04,762 [pod_foster.py] => Task 1, Epoch 131/150 => Loss 0.109, Loss_clf 0.004, Loss_fe 0.005, Loss_pod 0.084, Loss_flat 0.017, Train_accy 100.00, Test_accy 67.21
2024-10-26 16:34:14,640 [pod_foster.py] => Task 1, Epoch 136/150 => Loss 0.103, Loss_clf 0.004, Loss_fe 0.005, Loss_pod 0.078, Loss_flat 0.016, Train_accy 100.00, Test_accy 68.21
2024-10-26 16:34:24,452 [pod_foster.py] => Task 1, Epoch 141/150 => Loss 0.103, Loss_clf 0.004, Loss_fe 0.005, Loss_pod 0.078, Loss_flat 0.016, Train_accy 100.00, Test_accy 68.05
2024-10-26 16:34:34,188 [pod_foster.py] => Task 1, Epoch 146/150 => Loss 0.107, Loss_clf 0.004, Loss_fe 0.005, Loss_pod 0.082, Loss_flat 0.016, Train_accy 100.00, Test_accy 68.83
2024-10-26 16:34:41,337 [pod_foster.py] => Task 1, Epoch 150/150 => Loss 0.105, Loss_clf 0.004, Loss_fe 0.005, Loss_pod 0.079, Loss_flat 0.017, Train_accy 100.00
2024-10-26 16:34:41,339 [inc_net.py] => align weights, gamma = 0.5025084614753723 
2024-10-26 16:34:41,344 [pod_foster.py] => per cls weights : tensor([1., 1., 1., 1., 1., 1., 1.])
2024-10-26 16:34:43,636 [pod_foster.py] => SNet: Task 1, Epoch 1/120 => Loss 1.278,  Train_accy 68.44, Test_accy 65.33
2024-10-26 16:34:52,542 [pod_foster.py] => SNet: Task 1, Epoch 6/120 => Loss 1.004,  Train_accy 93.53, Test_accy 75.95
2024-10-26 16:35:01,445 [pod_foster.py] => SNet: Task 1, Epoch 11/120 => Loss 0.996,  Train_accy 94.64, Test_accy 75.67
2024-10-26 16:35:10,419 [pod_foster.py] => SNet: Task 1, Epoch 16/120 => Loss 0.990,  Train_accy 94.80, Test_accy 77.45
2024-10-26 16:35:19,321 [pod_foster.py] => SNet: Task 1, Epoch 21/120 => Loss 0.991,  Train_accy 95.13, Test_accy 77.88
2024-10-26 16:35:28,075 [pod_foster.py] => SNet: Task 1, Epoch 26/120 => Loss 0.988,  Train_accy 94.91, Test_accy 78.02
2024-10-26 16:35:36,829 [pod_foster.py] => SNet: Task 1, Epoch 31/120 => Loss 0.990,  Train_accy 94.91, Test_accy 78.07
2024-10-26 16:35:45,398 [pod_foster.py] => SNet: Task 1, Epoch 36/120 => Loss 0.989,  Train_accy 95.22, Test_accy 77.69
2024-10-26 16:35:54,180 [pod_foster.py] => SNet: Task 1, Epoch 41/120 => Loss 0.985,  Train_accy 95.24, Test_accy 78.50
2024-10-26 16:36:02,835 [pod_foster.py] => SNet: Task 1, Epoch 46/120 => Loss 0.984,  Train_accy 95.09, Test_accy 77.67
2024-10-26 16:36:11,467 [pod_foster.py] => SNet: Task 1, Epoch 51/120 => Loss 0.985,  Train_accy 95.36, Test_accy 77.62
2024-10-26 16:36:20,294 [pod_foster.py] => SNet: Task 1, Epoch 56/120 => Loss 0.984,  Train_accy 95.24, Test_accy 78.38
2024-10-26 16:36:28,992 [pod_foster.py] => SNet: Task 1, Epoch 61/120 => Loss 0.984,  Train_accy 95.09, Test_accy 78.43
2024-10-26 16:36:37,630 [pod_foster.py] => SNet: Task 1, Epoch 66/120 => Loss 0.985,  Train_accy 95.76, Test_accy 77.74
2024-10-26 16:36:46,410 [pod_foster.py] => SNet: Task 1, Epoch 71/120 => Loss 0.985,  Train_accy 95.40, Test_accy 79.36
2024-10-26 16:36:54,986 [pod_foster.py] => SNet: Task 1, Epoch 76/120 => Loss 0.984,  Train_accy 95.64, Test_accy 79.31
2024-10-26 16:37:03,654 [pod_foster.py] => SNet: Task 1, Epoch 81/120 => Loss 0.982,  Train_accy 95.62, Test_accy 78.88
2024-10-26 16:37:12,516 [pod_foster.py] => SNet: Task 1, Epoch 86/120 => Loss 0.983,  Train_accy 95.56, Test_accy 78.90
2024-10-26 16:37:21,091 [pod_foster.py] => SNet: Task 1, Epoch 91/120 => Loss 0.984,  Train_accy 95.84, Test_accy 79.19
2024-10-26 16:37:29,632 [pod_foster.py] => SNet: Task 1, Epoch 96/120 => Loss 0.982,  Train_accy 95.91, Test_accy 78.62
2024-10-26 16:37:38,254 [pod_foster.py] => SNet: Task 1, Epoch 101/120 => Loss 0.981,  Train_accy 95.60, Test_accy 78.81
2024-10-26 16:37:46,936 [pod_foster.py] => SNet: Task 1, Epoch 106/120 => Loss 0.982,  Train_accy 95.60, Test_accy 78.98
2024-10-26 16:37:55,673 [pod_foster.py] => SNet: Task 1, Epoch 111/120 => Loss 0.983,  Train_accy 95.71, Test_accy 79.71
2024-10-26 16:38:04,228 [pod_foster.py] => SNet: Task 1, Epoch 116/120 => Loss 0.982,  Train_accy 95.62, Test_accy 78.76
2024-10-26 16:38:10,703 [pod_foster.py] => SNet: Task 1, Epoch 120/120 => Loss 0.981,  Train_accy 95.64
2024-10-26 16:38:10,703 [pod_foster.py] => do not weight align student!
2024-10-26 16:38:11,371 [pod_foster.py] => darknet eval: 
2024-10-26 16:38:11,372 [pod_foster.py] => CNN top1 curve: 79.0
2024-10-26 16:38:11,372 [pod_foster.py] => CNN top5 curve: 98.55
2024-10-26 16:38:11,372 [pod_foster.py] => CNN: {'total': 79.0, '00-04': 76.0, '05-06': 86.5, 'old': 76.0, 'new': 86.5}
2024-10-26 16:38:11,373 [pod_foster.py] => All params after compression: 3851086
2024-10-26 16:38:11,373 [base.py] => Reducing exemplars...(71 per classes)
2024-10-26 16:38:12,530 [base.py] => Constructing exemplars...(71 per classes)
2024-10-26 16:38:15,669 [trainer.py] => All params: 7701139
2024-10-26 16:38:17,471 [pod_foster.py] => Exemplar size: 497
2024-10-26 16:38:17,472 [trainer.py] => CNN: {'total': 81.12, '00-04': 80.0, '05-06': 83.92, 'old': 80.0, 'new': 83.92}
2024-10-26 16:38:17,472 [trainer.py] => NME: {'total': 73.45, '00-04': 77.93, '05-06': 62.25, 'old': 77.93, 'new': 62.25}
2024-10-26 16:38:17,472 [trainer.py] => CNN top1 curve: [89.93, 81.12]
2024-10-26 16:38:17,472 [trainer.py] => CNN top5 curve: [100.0, 98.57]
2024-10-26 16:38:17,472 [trainer.py] => NME top1 curve: [90.0, 73.45]
2024-10-26 16:38:17,472 [trainer.py] => NME top5 curve: [100.0, 99.05]

2024-10-26 16:38:17,472 [trainer.py] => Average Accuracy (CNN): 85.525
2024-10-26 16:38:17,472 [trainer.py] => Average Accuracy (NME): 81.725
2024-10-26 16:38:17,473 [trainer.py] => All params: 7701139
2024-10-26 16:38:17,474 [trainer.py] => Trainable params: 3854670
2024-10-26 16:38:17,737 [pod_foster.py] => Learning on 7-9
2024-10-26 16:38:17,738 [pod_foster.py] => All params: 7705241
2024-10-26 16:38:17,739 [pod_foster.py] => Trainable params: 3857746
2024-10-26 16:38:17,772 [pod_foster.py] => Adaptive factor: 2.1213203435596424
2024-10-26 16:38:17,782 [pod_foster.py] => per cls weights : [1.01239929 1.01239929 1.01239929 1.01239929 1.01239929 1.01239929
 1.01239929 0.95660248 0.95660248]
2024-10-26 16:38:20,610 [pod_foster.py] => Task 2, Epoch 1/150 => Loss 1.985, Loss_clf 0.654, Loss_fe 0.646, Loss_pod 0.483, Loss_flat 0.202, Train_accy 85.50, Test_accy 55.07
2024-10-26 16:38:30,820 [pod_foster.py] => Task 2, Epoch 6/150 => Loss 0.322, Loss_clf 0.010, Loss_fe 0.043, Loss_pod 0.220, Loss_flat 0.050, Train_accy 100.00, Test_accy 66.74
2024-10-26 16:38:40,808 [pod_foster.py] => Task 2, Epoch 11/150 => Loss 0.232, Loss_clf 0.008, Loss_fe 0.014, Loss_pod 0.178, Loss_flat 0.032, Train_accy 100.00, Test_accy 66.56
2024-10-26 16:38:50,927 [pod_foster.py] => Task 2, Epoch 16/150 => Loss 0.414, Loss_clf 0.016, Loss_fe 0.035, Loss_pod 0.295, Loss_flat 0.068, Train_accy 99.71, Test_accy 62.48
2024-10-26 16:39:00,933 [pod_foster.py] => Task 2, Epoch 21/150 => Loss 0.210, Loss_clf 0.005, Loss_fe 0.008, Loss_pod 0.170, Loss_flat 0.027, Train_accy 100.00, Test_accy 70.04
2024-10-26 16:39:11,044 [pod_foster.py] => Task 2, Epoch 26/150 => Loss 0.201, Loss_clf 0.006, Loss_fe 0.008, Loss_pod 0.162, Loss_flat 0.025, Train_accy 100.00, Test_accy 64.52
2024-10-26 16:39:20,892 [pod_foster.py] => Task 2, Epoch 31/150 => Loss 0.304, Loss_clf 0.015, Loss_fe 0.022, Loss_pod 0.222, Loss_flat 0.045, Train_accy 99.71, Test_accy 67.37
2024-10-26 16:39:31,021 [pod_foster.py] => Task 2, Epoch 36/150 => Loss 0.194, Loss_clf 0.005, Loss_fe 0.006, Loss_pod 0.160, Loss_flat 0.023, Train_accy 100.00, Test_accy 67.85
2024-10-26 16:39:41,105 [pod_foster.py] => Task 2, Epoch 41/150 => Loss 0.351, Loss_clf 0.010, Loss_fe 0.016, Loss_pod 0.269, Loss_flat 0.056, Train_accy 99.93, Test_accy 70.85
2024-10-26 16:39:51,353 [pod_foster.py] => Task 2, Epoch 46/150 => Loss 0.219, Loss_clf 0.005, Loss_fe 0.007, Loss_pod 0.178, Loss_flat 0.029, Train_accy 100.00, Test_accy 70.04
2024-10-26 16:40:01,395 [pod_foster.py] => Task 2, Epoch 51/150 => Loss 0.193, Loss_clf 0.005, Loss_fe 0.006, Loss_pod 0.158, Loss_flat 0.023, Train_accy 100.00, Test_accy 67.83
2024-10-26 16:40:11,512 [pod_foster.py] => Task 2, Epoch 56/150 => Loss 0.182, Loss_clf 0.005, Loss_fe 0.007, Loss_pod 0.149, Loss_flat 0.021, Train_accy 100.00, Test_accy 67.33
2024-10-26 16:40:21,801 [pod_foster.py] => Task 2, Epoch 61/150 => Loss 0.175, Loss_clf 0.005, Loss_fe 0.006, Loss_pod 0.143, Loss_flat 0.022, Train_accy 100.00, Test_accy 67.43
2024-10-26 16:40:31,787 [pod_foster.py] => Task 2, Epoch 66/150 => Loss 0.203, Loss_clf 0.006, Loss_fe 0.009, Loss_pod 0.162, Loss_flat 0.027, Train_accy 100.00, Test_accy 74.31
2024-10-26 16:40:41,924 [pod_foster.py] => Task 2, Epoch 71/150 => Loss 0.221, Loss_clf 0.009, Loss_fe 0.011, Loss_pod 0.171, Loss_flat 0.030, Train_accy 99.89, Test_accy 70.19
2024-10-26 16:40:52,185 [pod_foster.py] => Task 2, Epoch 76/150 => Loss 0.162, Loss_clf 0.004, Loss_fe 0.005, Loss_pod 0.132, Loss_flat 0.020, Train_accy 100.00, Test_accy 67.00
2024-10-26 16:41:02,583 [pod_foster.py] => Task 2, Epoch 81/150 => Loss 0.156, Loss_clf 0.004, Loss_fe 0.005, Loss_pod 0.128, Loss_flat 0.019, Train_accy 100.00, Test_accy 68.37
2024-10-26 16:41:12,701 [pod_foster.py] => Task 2, Epoch 86/150 => Loss 0.159, Loss_clf 0.004, Loss_fe 0.005, Loss_pod 0.131, Loss_flat 0.019, Train_accy 100.00, Test_accy 66.72
2024-10-26 16:41:22,830 [pod_foster.py] => Task 2, Epoch 91/150 => Loss 0.151, Loss_clf 0.004, Loss_fe 0.005, Loss_pod 0.123, Loss_flat 0.018, Train_accy 100.00, Test_accy 67.39
2024-10-26 16:41:32,931 [pod_foster.py] => Task 2, Epoch 96/150 => Loss 0.149, Loss_clf 0.004, Loss_fe 0.005, Loss_pod 0.121, Loss_flat 0.018, Train_accy 100.00, Test_accy 67.26
2024-10-26 16:41:42,918 [pod_foster.py] => Task 2, Epoch 101/150 => Loss 0.152, Loss_clf 0.004, Loss_fe 0.006, Loss_pod 0.124, Loss_flat 0.018, Train_accy 100.00, Test_accy 67.11
2024-10-26 16:41:52,768 [pod_foster.py] => Task 2, Epoch 106/150 => Loss 0.167, Loss_clf 0.006, Loss_fe 0.007, Loss_pod 0.131, Loss_flat 0.023, Train_accy 100.00, Test_accy 67.24
2024-10-26 16:42:02,913 [pod_foster.py] => Task 2, Epoch 111/150 => Loss 0.150, Loss_clf 0.005, Loss_fe 0.006, Loss_pod 0.120, Loss_flat 0.019, Train_accy 100.00, Test_accy 68.04
2024-10-26 16:42:13,059 [pod_foster.py] => Task 2, Epoch 116/150 => Loss 0.148, Loss_clf 0.005, Loss_fe 0.006, Loss_pod 0.118, Loss_flat 0.019, Train_accy 100.00, Test_accy 66.98
2024-10-26 16:42:23,051 [pod_foster.py] => Task 2, Epoch 121/150 => Loss 0.134, Loss_clf 0.004, Loss_fe 0.005, Loss_pod 0.108, Loss_flat 0.017, Train_accy 100.00, Test_accy 67.26
2024-10-26 16:42:33,249 [pod_foster.py] => Task 2, Epoch 126/150 => Loss 0.134, Loss_clf 0.004, Loss_fe 0.005, Loss_pod 0.107, Loss_flat 0.017, Train_accy 100.00, Test_accy 68.07
2024-10-26 16:42:43,568 [pod_foster.py] => Task 2, Epoch 131/150 => Loss 0.126, Loss_clf 0.004, Loss_fe 0.005, Loss_pod 0.100, Loss_flat 0.017, Train_accy 100.00, Test_accy 68.48
2024-10-26 16:42:53,777 [pod_foster.py] => Task 2, Epoch 136/150 => Loss 0.123, Loss_clf 0.004, Loss_fe 0.005, Loss_pod 0.098, Loss_flat 0.016, Train_accy 100.00, Test_accy 69.07
2024-10-26 16:43:03,550 [pod_foster.py] => Task 2, Epoch 141/150 => Loss 0.120, Loss_clf 0.004, Loss_fe 0.005, Loss_pod 0.095, Loss_flat 0.016, Train_accy 100.00, Test_accy 68.76
2024-10-26 16:43:13,612 [pod_foster.py] => Task 2, Epoch 146/150 => Loss 0.126, Loss_clf 0.005, Loss_fe 0.006, Loss_pod 0.098, Loss_flat 0.017, Train_accy 100.00, Test_accy 65.89
2024-10-26 16:43:20,743 [pod_foster.py] => Task 2, Epoch 150/150 => Loss 0.117, Loss_clf 0.004, Loss_fe 0.005, Loss_pod 0.093, Loss_flat 0.016, Train_accy 100.00
2024-10-26 16:43:20,744 [inc_net.py] => align weights, gamma = 0.5321972966194153 
2024-10-26 16:43:20,746 [pod_foster.py] => per cls weights : tensor([1., 1., 1., 1., 1., 1., 1., 1., 1.])
2024-10-26 16:43:23,215 [pod_foster.py] => SNet: Task 2, Epoch 1/120 => Loss 1.510,  Train_accy 75.58, Test_accy 58.85
2024-10-26 16:43:32,000 [pod_foster.py] => SNet: Task 2, Epoch 6/120 => Loss 1.231,  Train_accy 97.46, Test_accy 71.91
2024-10-26 16:43:40,784 [pod_foster.py] => SNet: Task 2, Epoch 11/120 => Loss 1.230,  Train_accy 97.95, Test_accy 73.56
2024-10-26 16:43:49,668 [pod_foster.py] => SNet: Task 2, Epoch 16/120 => Loss 1.226,  Train_accy 98.33, Test_accy 74.48
2024-10-26 16:43:58,260 [pod_foster.py] => SNet: Task 2, Epoch 21/120 => Loss 1.226,  Train_accy 97.87, Test_accy 75.07
2024-10-26 16:44:07,106 [pod_foster.py] => SNet: Task 2, Epoch 26/120 => Loss 1.224,  Train_accy 98.38, Test_accy 76.80
2024-10-26 16:44:15,925 [pod_foster.py] => SNet: Task 2, Epoch 31/120 => Loss 1.222,  Train_accy 98.40, Test_accy 76.24
2024-10-26 16:44:24,867 [pod_foster.py] => SNet: Task 2, Epoch 36/120 => Loss 1.222,  Train_accy 98.31, Test_accy 77.15
2024-10-26 16:44:33,810 [pod_foster.py] => SNet: Task 2, Epoch 41/120 => Loss 1.219,  Train_accy 98.27, Test_accy 77.13
2024-10-26 16:44:42,400 [pod_foster.py] => SNet: Task 2, Epoch 46/120 => Loss 1.220,  Train_accy 98.60, Test_accy 76.98
2024-10-26 16:44:50,983 [pod_foster.py] => SNet: Task 2, Epoch 51/120 => Loss 1.221,  Train_accy 98.44, Test_accy 76.56
2024-10-26 16:44:59,655 [pod_foster.py] => SNet: Task 2, Epoch 56/120 => Loss 1.221,  Train_accy 98.44, Test_accy 77.20
2024-10-26 16:45:08,251 [pod_foster.py] => SNet: Task 2, Epoch 61/120 => Loss 1.221,  Train_accy 98.58, Test_accy 76.76
2024-10-26 16:45:17,032 [pod_foster.py] => SNet: Task 2, Epoch 66/120 => Loss 1.219,  Train_accy 98.67, Test_accy 77.37
2024-10-26 16:45:25,950 [pod_foster.py] => SNet: Task 2, Epoch 71/120 => Loss 1.221,  Train_accy 98.58, Test_accy 77.74
2024-10-26 16:45:34,810 [pod_foster.py] => SNet: Task 2, Epoch 76/120 => Loss 1.220,  Train_accy 98.62, Test_accy 77.44
2024-10-26 16:45:43,850 [pod_foster.py] => SNet: Task 2, Epoch 81/120 => Loss 1.222,  Train_accy 98.64, Test_accy 76.93
2024-10-26 16:45:52,690 [pod_foster.py] => SNet: Task 2, Epoch 86/120 => Loss 1.215,  Train_accy 98.69, Test_accy 76.67
2024-10-26 16:46:01,448 [pod_foster.py] => SNet: Task 2, Epoch 91/120 => Loss 1.218,  Train_accy 98.62, Test_accy 77.15
2024-10-26 16:46:10,226 [pod_foster.py] => SNet: Task 2, Epoch 96/120 => Loss 1.216,  Train_accy 98.84, Test_accy 77.28
2024-10-26 16:46:19,120 [pod_foster.py] => SNet: Task 2, Epoch 101/120 => Loss 1.217,  Train_accy 98.75, Test_accy 77.43
2024-10-26 16:46:27,679 [pod_foster.py] => SNet: Task 2, Epoch 106/120 => Loss 1.219,  Train_accy 98.71, Test_accy 77.57
2024-10-26 16:46:35,990 [pod_foster.py] => SNet: Task 2, Epoch 111/120 => Loss 1.218,  Train_accy 98.58, Test_accy 77.74
2024-10-26 16:46:44,718 [pod_foster.py] => SNet: Task 2, Epoch 116/120 => Loss 1.220,  Train_accy 98.60, Test_accy 77.06
2024-10-26 16:46:50,995 [pod_foster.py] => SNet: Task 2, Epoch 120/120 => Loss 1.217,  Train_accy 98.73
2024-10-26 16:46:50,995 [pod_foster.py] => do not weight align student!
2024-10-26 16:46:51,710 [pod_foster.py] => darknet eval: 
2024-10-26 16:46:51,710 [pod_foster.py] => CNN top1 curve: 78.07
2024-10-26 16:46:51,710 [pod_foster.py] => CNN top5 curve: 96.8
2024-10-26 16:46:51,710 [pod_foster.py] => CNN: {'total': 78.07, '00-04': 69.03, '05-06': 86.08, '07-08': 92.67, 'old': 73.9, 'new': 92.67}
2024-10-26 16:46:51,712 [pod_foster.py] => All params after compression: 3853138
2024-10-26 16:46:51,713 [base.py] => Reducing exemplars...(55 per classes)
2024-10-26 16:46:53,210 [base.py] => Constructing exemplars...(55 per classes)
2024-10-26 16:46:56,066 [trainer.py] => All params: 7705241
2024-10-26 16:46:58,188 [pod_foster.py] => Exemplar size: 495
2024-10-26 16:46:58,188 [trainer.py] => CNN: {'total': 76.31, '00-04': 65.9, '05-06': 90.0, '07-08': 88.67, 'old': 72.79, 'new': 88.67}
2024-10-26 16:46:58,188 [trainer.py] => NME: {'total': 73.33, '00-04': 68.57, '05-06': 77.08, '07-08': 81.5, 'old': 71.0, 'new': 81.5}
2024-10-26 16:46:58,188 [trainer.py] => CNN top1 curve: [89.93, 81.12, 76.31]
2024-10-26 16:46:58,188 [trainer.py] => CNN top5 curve: [100.0, 98.57, 96.63]
2024-10-26 16:46:58,188 [trainer.py] => NME top1 curve: [90.0, 73.45, 73.33]
2024-10-26 16:46:58,188 [trainer.py] => NME top5 curve: [100.0, 99.05, 96.07]

2024-10-26 16:46:58,188 [trainer.py] => Average Accuracy (CNN): 82.45333333333333
2024-10-26 16:46:58,188 [trainer.py] => Average Accuracy (NME): 78.92666666666666
2024-10-26 16:46:58,189 [trainer.py] => Forgetting (CNN): 12.015
