2024-10-25 15:23:36,724 [trainer.py] => config: ./exps/POD_foster.json
2024-10-25 15:23:36,724 [trainer.py] => prefix: cil
2024-10-25 15:23:36,724 [trainer.py] => dataset: hrrp9
2024-10-25 15:23:36,725 [trainer.py] => memory_size: 500
2024-10-25 15:23:36,725 [trainer.py] => memory_per_class: 20
2024-10-25 15:23:36,725 [trainer.py] => fixed_memory: False
2024-10-25 15:23:36,725 [trainer.py] => shuffle: True
2024-10-25 15:23:36,725 [trainer.py] => init_cls: 5
2024-10-25 15:23:36,725 [trainer.py] => increment: 2
2024-10-25 15:23:36,725 [trainer.py] => model_name: POD_foster
2024-10-25 15:23:36,725 [trainer.py] => convnet_type: resnet18
2024-10-25 15:23:36,725 [trainer.py] => init_train: False
2024-10-25 15:23:36,725 [trainer.py] => convnet_path1: checkpoints/init_train/resnet18_35172.pth
2024-10-25 15:23:36,725 [trainer.py] => fc_path1: checkpoints/init_train/fc_35172.pth
2024-10-25 15:23:36,725 [trainer.py] => convnet_path: checkpoints/init_train/resnet18_42503.pth
2024-10-25 15:23:36,725 [trainer.py] => fc_path: checkpoints/init_train/fc_42503.pth
2024-10-25 15:23:36,725 [trainer.py] => device: [device(type='cuda', index=4)]
2024-10-25 15:23:36,725 [trainer.py] => seed: 1993
2024-10-25 15:23:36,725 [trainer.py] => beta1: 0.96
2024-10-25 15:23:36,725 [trainer.py] => beta2: 0.97
2024-10-25 15:23:36,725 [trainer.py] => oofc: ft
2024-10-25 15:23:36,725 [trainer.py] => is_teacher_wa: True
2024-10-25 15:23:36,725 [trainer.py] => is_student_wa: False
2024-10-25 15:23:36,726 [trainer.py] => lambda_okd: 0
2024-10-25 15:23:36,726 [trainer.py] => wa_value: 1
2024-10-25 15:23:36,726 [trainer.py] => init_epochs: 0
2024-10-25 15:23:36,726 [trainer.py] => init_lr: 0.1
2024-10-25 15:23:36,726 [trainer.py] => init_weight_decay: 0.0005
2024-10-25 15:23:36,726 [trainer.py] => boosting_epochs: 150
2024-10-25 15:23:36,726 [trainer.py] => compression_epochs: 120
2024-10-25 15:23:36,726 [trainer.py] => lr: 0.1
2024-10-25 15:23:36,726 [trainer.py] => batch_size: 128
2024-10-25 15:23:36,726 [trainer.py] => weight_decay: 0.0005
2024-10-25 15:23:36,726 [trainer.py] => num_workers: 8
2024-10-25 15:23:36,726 [trainer.py] => momentum: 0.9
2024-10-25 15:23:36,726 [trainer.py] => T: 2
2024-10-25 15:23:36,726 [trainer.py] => lambda_c_base: 0.4
2024-10-25 15:23:36,726 [trainer.py] => lambda_f_base: 1.0
2024-10-25 15:23:36,726 [trainer.py] => POD: w
2024-10-25 15:23:37,566 [data_manager.py] => [4, 2, 5, 0, 3, 6, 7, 8, 1]
2024-10-25 15:23:37,620 [trainer.py] => All params: 0
2024-10-25 15:23:37,620 [trainer.py] => Trainable params: 0
2024-10-25 15:23:38,957 [pod_foster.py] => Learning on 0-5
2024-10-25 15:23:38,958 [pod_foster.py] => All params: 3849034
2024-10-25 15:23:38,959 [pod_foster.py] => Trainable params: 3849034
2024-10-25 15:23:39,080 [pod_foster.py] => Adaptive factor: 0
2024-10-25 15:23:39,414 [pod_foster.py] => init_train?---False
2024-10-25 15:23:40,848 [base.py] => Reducing exemplars...(100 per classes)
2024-10-25 15:23:40,849 [base.py] => Constructing exemplars...(100 per classes)
2024-10-25 15:23:48,698 [trainer.py] => All params: 3849034
2024-10-25 15:23:51,379 [pod_foster.py] => Exemplar size: 500
2024-10-25 15:23:51,380 [trainer.py] => CNN: {'total': 89.93, '00-04': 89.93, 'old': 0, 'new': 89.93}
2024-10-25 15:23:51,380 [trainer.py] => NME: {'total': 90.0, '00-04': 90.0, 'old': 0, 'new': 90.0}
2024-10-25 15:23:51,380 [trainer.py] => CNN top1 curve: [89.93]
2024-10-25 15:23:51,380 [trainer.py] => CNN top5 curve: [100.0]
2024-10-25 15:23:51,380 [trainer.py] => NME top1 curve: [90.0]
2024-10-25 15:23:51,380 [trainer.py] => NME top5 curve: [100.0]

2024-10-25 15:23:51,380 [trainer.py] => Average Accuracy (CNN): 89.93
2024-10-25 15:23:51,380 [trainer.py] => Average Accuracy (NME): 90.0
2024-10-25 15:23:51,380 [trainer.py] => All params: 3849034
2024-10-25 15:23:51,381 [trainer.py] => Trainable params: 3849034
2024-10-25 15:23:51,429 [pod_foster.py] => Learning on 5-7
2024-10-25 15:23:51,431 [pod_foster.py] => All params: 7701139
2024-10-25 15:23:51,432 [pod_foster.py] => Trainable params: 3854670
2024-10-25 15:23:51,493 [pod_foster.py] => Adaptive factor: 1.8708286933869707
2024-10-25 15:23:51,503 [pod_foster.py] => per cls weights : [1.00484344 1.00484344 1.00484344 1.00484344 1.00484344 0.98789141
 0.98789141]
2024-10-25 15:23:55,213 [pod_foster.py] => Task 1, Epoch 1/150 => Loss 1.839, Loss_clf 0.707, Loss_fe 0.678, Loss_pod 0.227, Loss_flat 0.227, Train_accy 82.91, Test_accy 59.45
2024-10-25 15:24:06,268 [pod_foster.py] => Task 1, Epoch 6/150 => Loss 0.309, Loss_clf 0.023, Loss_fe 0.056, Loss_pod 0.143, Loss_flat 0.088, Train_accy 99.58, Test_accy 68.33
2024-10-25 15:24:17,069 [pod_foster.py] => Task 1, Epoch 11/150 => Loss 0.224, Loss_clf 0.019, Loss_fe 0.028, Loss_pod 0.117, Loss_flat 0.061, Train_accy 99.62, Test_accy 71.90
2024-10-25 15:24:28,182 [pod_foster.py] => Task 1, Epoch 16/150 => Loss 0.131, Loss_clf 0.006, Loss_fe 0.007, Loss_pod 0.082, Loss_flat 0.036, Train_accy 100.00, Test_accy 68.71
2024-10-25 15:24:38,973 [pod_foster.py] => Task 1, Epoch 21/150 => Loss 0.125, Loss_clf 0.007, Loss_fe 0.008, Loss_pod 0.078, Loss_flat 0.032, Train_accy 100.00, Test_accy 65.69
2024-10-25 15:24:49,530 [pod_foster.py] => Task 1, Epoch 26/150 => Loss 0.524, Loss_clf 0.049, Loss_fe 0.112, Loss_pod 0.233, Loss_flat 0.129, Train_accy 98.49, Test_accy 68.31
2024-10-25 15:25:00,031 [pod_foster.py] => Task 1, Epoch 31/150 => Loss 0.259, Loss_clf 0.013, Loss_fe 0.016, Loss_pod 0.165, Loss_flat 0.065, Train_accy 99.87, Test_accy 69.69
2024-10-25 15:25:10,365 [pod_foster.py] => Task 1, Epoch 36/150 => Loss 0.183, Loss_clf 0.005, Loss_fe 0.006, Loss_pod 0.134, Loss_flat 0.038, Train_accy 100.00, Test_accy 67.26
2024-10-25 15:25:21,180 [pod_foster.py] => Task 1, Epoch 41/150 => Loss 0.161, Loss_clf 0.005, Loss_fe 0.006, Loss_pod 0.118, Loss_flat 0.032, Train_accy 100.00, Test_accy 69.14
2024-10-25 15:25:31,605 [pod_foster.py] => Task 1, Epoch 46/150 => Loss 0.146, Loss_clf 0.005, Loss_fe 0.005, Loss_pod 0.110, Loss_flat 0.026, Train_accy 100.00, Test_accy 68.79
2024-10-25 15:25:42,258 [pod_foster.py] => Task 1, Epoch 51/150 => Loss 0.139, Loss_clf 0.004, Loss_fe 0.005, Loss_pod 0.106, Loss_flat 0.024, Train_accy 100.00, Test_accy 67.14
2024-10-25 15:25:52,777 [pod_foster.py] => Task 1, Epoch 56/150 => Loss 0.132, Loss_clf 0.004, Loss_fe 0.005, Loss_pod 0.101, Loss_flat 0.023, Train_accy 100.00, Test_accy 68.26
2024-10-25 15:26:03,292 [pod_foster.py] => Task 1, Epoch 61/150 => Loss 0.143, Loss_clf 0.005, Loss_fe 0.007, Loss_pod 0.105, Loss_flat 0.027, Train_accy 100.00, Test_accy 66.50
2024-10-25 15:26:14,148 [pod_foster.py] => Task 1, Epoch 66/150 => Loss 0.649, Loss_clf 0.093, Loss_fe 0.174, Loss_pod 0.253, Loss_flat 0.129, Train_accy 97.04, Test_accy 69.88
2024-10-25 15:26:25,378 [pod_foster.py] => Task 1, Epoch 71/150 => Loss 0.180, Loss_clf 0.005, Loss_fe 0.006, Loss_pod 0.130, Loss_flat 0.039, Train_accy 100.00, Test_accy 69.74
2024-10-25 15:26:36,557 [pod_foster.py] => Task 1, Epoch 76/150 => Loss 0.148, Loss_clf 0.005, Loss_fe 0.005, Loss_pod 0.111, Loss_flat 0.027, Train_accy 100.00, Test_accy 68.95
2024-10-25 15:26:47,435 [pod_foster.py] => Task 1, Epoch 81/150 => Loss 0.137, Loss_clf 0.004, Loss_fe 0.005, Loss_pod 0.104, Loss_flat 0.024, Train_accy 100.00, Test_accy 69.26
2024-10-25 15:26:58,200 [pod_foster.py] => Task 1, Epoch 86/150 => Loss 0.132, Loss_clf 0.004, Loss_fe 0.005, Loss_pod 0.100, Loss_flat 0.023, Train_accy 100.00, Test_accy 68.48
2024-10-25 15:27:09,122 [pod_foster.py] => Task 1, Epoch 91/150 => Loss 0.128, Loss_clf 0.004, Loss_fe 0.005, Loss_pod 0.098, Loss_flat 0.021, Train_accy 100.00, Test_accy 68.98
2024-10-25 15:27:19,993 [pod_foster.py] => Task 1, Epoch 96/150 => Loss 0.128, Loss_clf 0.004, Loss_fe 0.005, Loss_pod 0.097, Loss_flat 0.022, Train_accy 100.00, Test_accy 69.17
2024-10-25 15:27:30,898 [pod_foster.py] => Task 1, Epoch 101/150 => Loss 0.122, Loss_clf 0.004, Loss_fe 0.005, Loss_pod 0.093, Loss_flat 0.020, Train_accy 100.00, Test_accy 67.88
2024-10-25 15:27:41,637 [pod_foster.py] => Task 1, Epoch 106/150 => Loss 0.121, Loss_clf 0.004, Loss_fe 0.005, Loss_pod 0.092, Loss_flat 0.020, Train_accy 100.00, Test_accy 68.24
2024-10-25 15:27:52,559 [pod_foster.py] => Task 1, Epoch 111/150 => Loss 0.121, Loss_clf 0.004, Loss_fe 0.005, Loss_pod 0.092, Loss_flat 0.020, Train_accy 100.00, Test_accy 67.83
2024-10-25 15:28:03,523 [pod_foster.py] => Task 1, Epoch 116/150 => Loss 0.118, Loss_clf 0.004, Loss_fe 0.005, Loss_pod 0.091, Loss_flat 0.019, Train_accy 100.00, Test_accy 69.33
2024-10-25 15:28:14,513 [pod_foster.py] => Task 1, Epoch 121/150 => Loss 0.116, Loss_clf 0.004, Loss_fe 0.005, Loss_pod 0.089, Loss_flat 0.019, Train_accy 100.00, Test_accy 68.40
2024-10-25 15:28:25,623 [pod_foster.py] => Task 1, Epoch 126/150 => Loss 0.117, Loss_clf 0.004, Loss_fe 0.005, Loss_pod 0.089, Loss_flat 0.019, Train_accy 100.00, Test_accy 67.98
2024-10-25 15:28:36,673 [pod_foster.py] => Task 1, Epoch 131/150 => Loss 0.116, Loss_clf 0.004, Loss_fe 0.004, Loss_pod 0.089, Loss_flat 0.019, Train_accy 100.00, Test_accy 68.05
2024-10-25 15:28:47,825 [pod_foster.py] => Task 1, Epoch 136/150 => Loss 0.114, Loss_clf 0.004, Loss_fe 0.005, Loss_pod 0.088, Loss_flat 0.018, Train_accy 100.00, Test_accy 68.50
2024-10-25 15:28:58,688 [pod_foster.py] => Task 1, Epoch 141/150 => Loss 0.115, Loss_clf 0.004, Loss_fe 0.005, Loss_pod 0.088, Loss_flat 0.018, Train_accy 100.00, Test_accy 68.31
2024-10-25 15:29:09,584 [pod_foster.py] => Task 1, Epoch 146/150 => Loss 0.116, Loss_clf 0.004, Loss_fe 0.005, Loss_pod 0.089, Loss_flat 0.018, Train_accy 100.00, Test_accy 68.83
2024-10-25 15:29:17,497 [pod_foster.py] => Task 1, Epoch 150/150 => Loss 0.116, Loss_clf 0.004, Loss_fe 0.005, Loss_pod 0.089, Loss_flat 0.019, Train_accy 100.00
2024-10-25 15:29:17,498 [inc_net.py] => align weights, gamma = 0.5421420931816101 
2024-10-25 15:29:17,499 [pod_foster.py] => per cls weights : [1.01377356 1.01377356 1.01377356 1.01377356 1.01377356 0.96556609
 0.96556609]
2024-10-25 15:29:19,979 [pod_foster.py] => SNet: Task 1, Epoch 1/120 => Loss 1.235,  Train_accy 70.16, Test_accy 64.21
2024-10-25 15:29:29,591 [pod_foster.py] => SNet: Task 1, Epoch 6/120 => Loss 0.931,  Train_accy 94.62, Test_accy 75.38
2024-10-25 15:29:39,233 [pod_foster.py] => SNet: Task 1, Epoch 11/120 => Loss 0.924,  Train_accy 95.49, Test_accy 75.67
2024-10-25 15:29:48,951 [pod_foster.py] => SNet: Task 1, Epoch 16/120 => Loss 0.917,  Train_accy 95.38, Test_accy 76.86
2024-10-25 15:29:58,799 [pod_foster.py] => SNet: Task 1, Epoch 21/120 => Loss 0.918,  Train_accy 95.91, Test_accy 77.10
2024-10-25 15:30:08,452 [pod_foster.py] => SNet: Task 1, Epoch 26/120 => Loss 0.914,  Train_accy 95.49, Test_accy 77.10
2024-10-25 15:30:18,292 [pod_foster.py] => SNet: Task 1, Epoch 31/120 => Loss 0.917,  Train_accy 95.76, Test_accy 77.33
2024-10-25 15:30:28,147 [pod_foster.py] => SNet: Task 1, Epoch 36/120 => Loss 0.916,  Train_accy 95.98, Test_accy 76.81
2024-10-25 15:30:38,028 [pod_foster.py] => SNet: Task 1, Epoch 41/120 => Loss 0.912,  Train_accy 96.00, Test_accy 77.36
2024-10-25 15:30:48,018 [pod_foster.py] => SNet: Task 1, Epoch 46/120 => Loss 0.910,  Train_accy 95.87, Test_accy 77.12
2024-10-25 15:30:57,908 [pod_foster.py] => SNet: Task 1, Epoch 51/120 => Loss 0.912,  Train_accy 96.22, Test_accy 77.07
2024-10-25 15:31:07,685 [pod_foster.py] => SNet: Task 1, Epoch 56/120 => Loss 0.910,  Train_accy 95.80, Test_accy 77.90
2024-10-25 15:31:17,596 [pod_foster.py] => SNet: Task 1, Epoch 61/120 => Loss 0.911,  Train_accy 96.00, Test_accy 77.55
2024-10-25 15:31:27,381 [pod_foster.py] => SNet: Task 1, Epoch 66/120 => Loss 0.911,  Train_accy 96.40, Test_accy 77.12
2024-10-25 15:31:37,293 [pod_foster.py] => SNet: Task 1, Epoch 71/120 => Loss 0.911,  Train_accy 96.18, Test_accy 78.60
2024-10-25 15:31:47,188 [pod_foster.py] => SNet: Task 1, Epoch 76/120 => Loss 0.911,  Train_accy 96.04, Test_accy 78.60
2024-10-25 15:31:56,270 [pod_foster.py] => SNet: Task 1, Epoch 81/120 => Loss 0.908,  Train_accy 96.24, Test_accy 78.14
2024-10-25 15:32:06,173 [pod_foster.py] => SNet: Task 1, Epoch 86/120 => Loss 0.909,  Train_accy 96.29, Test_accy 77.90
2024-10-25 15:32:16,048 [pod_foster.py] => SNet: Task 1, Epoch 91/120 => Loss 0.911,  Train_accy 96.36, Test_accy 78.45
2024-10-25 15:32:26,004 [pod_foster.py] => SNet: Task 1, Epoch 96/120 => Loss 0.908,  Train_accy 96.67, Test_accy 77.52
2024-10-25 15:32:35,583 [pod_foster.py] => SNet: Task 1, Epoch 101/120 => Loss 0.907,  Train_accy 96.42, Test_accy 78.14
2024-10-25 15:32:45,284 [pod_foster.py] => SNet: Task 1, Epoch 106/120 => Loss 0.909,  Train_accy 96.40, Test_accy 78.31
2024-10-25 15:32:55,098 [pod_foster.py] => SNet: Task 1, Epoch 111/120 => Loss 0.910,  Train_accy 96.58, Test_accy 79.10
2024-10-25 15:33:04,713 [pod_foster.py] => SNet: Task 1, Epoch 116/120 => Loss 0.908,  Train_accy 96.42, Test_accy 77.93
2024-10-25 15:33:11,704 [pod_foster.py] => SNet: Task 1, Epoch 120/120 => Loss 0.908,  Train_accy 96.56
2024-10-25 15:33:11,704 [pod_foster.py] => do not weight align student!
2024-10-25 15:33:12,441 [pod_foster.py] => darknet eval: 
2024-10-25 15:33:12,441 [pod_foster.py] => CNN top1 curve: 78.29
2024-10-25 15:33:12,441 [pod_foster.py] => CNN top5 curve: 98.5
2024-10-25 15:33:12,443 [pod_foster.py] => All params after compression: 3851086
2024-10-25 15:33:12,443 [base.py] => Reducing exemplars...(71 per classes)
2024-10-25 15:33:13,784 [base.py] => Constructing exemplars...(71 per classes)
2024-10-25 15:33:18,927 [trainer.py] => All params: 7701139
2024-10-25 15:33:22,829 [pod_foster.py] => Exemplar size: 497
2024-10-25 15:33:22,829 [trainer.py] => CNN: {'total': 79.52, '00-04': 77.9, '05-06': 83.58, 'old': 77.9, 'new': 83.58}
2024-10-25 15:33:22,829 [trainer.py] => NME: {'total': 72.71, '00-04': 77.4, '05-06': 61.0, 'old': 77.4, 'new': 61.0}
2024-10-25 15:33:22,829 [trainer.py] => CNN top1 curve: [89.93, 79.52]
2024-10-25 15:33:22,829 [trainer.py] => CNN top5 curve: [100.0, 98.5]
2024-10-25 15:33:22,829 [trainer.py] => NME top1 curve: [90.0, 72.71]
2024-10-25 15:33:22,829 [trainer.py] => NME top5 curve: [100.0, 98.9]

2024-10-25 15:33:22,830 [trainer.py] => Average Accuracy (CNN): 84.725
2024-10-25 15:33:22,830 [trainer.py] => Average Accuracy (NME): 81.35499999999999
2024-10-25 15:33:22,831 [trainer.py] => All params: 7701139
2024-10-25 15:33:22,832 [trainer.py] => Trainable params: 3854670
2024-10-25 15:33:23,124 [pod_foster.py] => Learning on 7-9
2024-10-25 15:33:23,126 [pod_foster.py] => All params: 7705241
2024-10-25 15:33:23,127 [pod_foster.py] => Trainable params: 3857746
2024-10-25 15:33:23,165 [pod_foster.py] => Adaptive factor: 2.1213203435596424
2024-10-25 15:33:23,176 [pod_foster.py] => per cls weights : [1.01239929 1.01239929 1.01239929 1.01239929 1.01239929 1.01239929
 1.01239929 0.95660248 0.95660248]
2024-10-25 15:33:26,518 [pod_foster.py] => Task 2, Epoch 1/150 => Loss 1.868, Loss_clf 0.695, Loss_fe 0.664, Loss_pod 0.280, Loss_flat 0.229, Train_accy 85.68, Test_accy 58.93
2024-10-25 15:33:37,696 [pod_foster.py] => Task 2, Epoch 6/150 => Loss 0.274, Loss_clf 0.012, Loss_fe 0.055, Loss_pod 0.140, Loss_flat 0.067, Train_accy 99.93, Test_accy 65.04
2024-10-25 15:33:48,712 [pod_foster.py] => Task 2, Epoch 11/150 => Loss 0.181, Loss_clf 0.008, Loss_fe 0.015, Loss_pod 0.111, Loss_flat 0.046, Train_accy 99.98, Test_accy 68.57
2024-10-25 15:33:59,684 [pod_foster.py] => Task 2, Epoch 16/150 => Loss 0.155, Loss_clf 0.005, Loss_fe 0.008, Loss_pod 0.104, Loss_flat 0.038, Train_accy 100.00, Test_accy 67.61
2024-10-25 15:34:11,059 [pod_foster.py] => Task 2, Epoch 21/150 => Loss 0.122, Loss_clf 0.005, Loss_fe 0.007, Loss_pod 0.084, Loss_flat 0.026, Train_accy 100.00, Test_accy 68.61
2024-10-25 15:34:22,494 [pod_foster.py] => Task 2, Epoch 26/150 => Loss 0.147, Loss_clf 0.006, Loss_fe 0.012, Loss_pod 0.095, Loss_flat 0.033, Train_accy 100.00, Test_accy 67.19
2024-10-25 15:34:33,755 [pod_foster.py] => Task 2, Epoch 31/150 => Loss 0.601, Loss_clf 0.070, Loss_fe 0.154, Loss_pod 0.264, Loss_flat 0.113, Train_accy 97.84, Test_accy 47.69
2024-10-25 15:34:45,260 [pod_foster.py] => Task 2, Epoch 36/150 => Loss 0.163, Loss_clf 0.005, Loss_fe 0.006, Loss_pod 0.114, Loss_flat 0.038, Train_accy 100.00, Test_accy 69.30
2024-10-25 15:34:56,330 [pod_foster.py] => Task 2, Epoch 41/150 => Loss 0.167, Loss_clf 0.005, Loss_fe 0.006, Loss_pod 0.114, Loss_flat 0.042, Train_accy 100.00, Test_accy 68.91
2024-10-25 15:35:07,569 [pod_foster.py] => Task 2, Epoch 46/150 => Loss 0.125, Loss_clf 0.004, Loss_fe 0.005, Loss_pod 0.088, Loss_flat 0.027, Train_accy 100.00, Test_accy 69.28
2024-10-25 15:35:18,751 [pod_foster.py] => Task 2, Epoch 51/150 => Loss 0.114, Loss_clf 0.005, Loss_fe 0.005, Loss_pod 0.080, Loss_flat 0.024, Train_accy 100.00, Test_accy 66.57
2024-10-25 15:35:29,791 [pod_foster.py] => Task 2, Epoch 56/150 => Loss 0.114, Loss_clf 0.005, Loss_fe 0.006, Loss_pod 0.080, Loss_flat 0.024, Train_accy 100.00, Test_accy 66.81
2024-10-25 15:35:41,104 [pod_foster.py] => Task 2, Epoch 61/150 => Loss 0.106, Loss_clf 0.004, Loss_fe 0.005, Loss_pod 0.074, Loss_flat 0.023, Train_accy 100.00, Test_accy 66.98
2024-10-25 15:35:52,349 [pod_foster.py] => Task 2, Epoch 66/150 => Loss 0.130, Loss_clf 0.007, Loss_fe 0.009, Loss_pod 0.085, Loss_flat 0.029, Train_accy 99.96, Test_accy 74.33
2024-10-25 15:36:03,603 [pod_foster.py] => Task 2, Epoch 71/150 => Loss 0.121, Loss_clf 0.005, Loss_fe 0.006, Loss_pod 0.083, Loss_flat 0.027, Train_accy 99.98, Test_accy 69.11
2024-10-25 15:36:14,879 [pod_foster.py] => Task 2, Epoch 76/150 => Loss 0.102, Loss_clf 0.004, Loss_fe 0.005, Loss_pod 0.071, Loss_flat 0.022, Train_accy 100.00, Test_accy 66.33
2024-10-25 15:36:26,058 [pod_foster.py] => Task 2, Epoch 81/150 => Loss 0.100, Loss_clf 0.004, Loss_fe 0.005, Loss_pod 0.070, Loss_flat 0.021, Train_accy 100.00, Test_accy 67.87
2024-10-25 15:36:37,630 [pod_foster.py] => Task 2, Epoch 86/150 => Loss 0.098, Loss_clf 0.004, Loss_fe 0.005, Loss_pod 0.069, Loss_flat 0.020, Train_accy 100.00, Test_accy 65.54
2024-10-25 15:36:49,348 [pod_foster.py] => Task 2, Epoch 91/150 => Loss 0.093, Loss_clf 0.004, Loss_fe 0.005, Loss_pod 0.065, Loss_flat 0.019, Train_accy 100.00, Test_accy 67.11
2024-10-25 15:37:00,631 [pod_foster.py] => Task 2, Epoch 96/150 => Loss 0.099, Loss_clf 0.004, Loss_fe 0.006, Loss_pod 0.067, Loss_flat 0.021, Train_accy 100.00, Test_accy 66.15
2024-10-25 15:37:12,226 [pod_foster.py] => Task 2, Epoch 101/150 => Loss 0.093, Loss_clf 0.004, Loss_fe 0.005, Loss_pod 0.065, Loss_flat 0.019, Train_accy 100.00, Test_accy 65.70
2024-10-25 15:37:23,640 [pod_foster.py] => Task 2, Epoch 106/150 => Loss 0.116, Loss_clf 0.006, Loss_fe 0.006, Loss_pod 0.076, Loss_flat 0.028, Train_accy 100.00, Test_accy 67.24
2024-10-25 15:37:34,779 [pod_foster.py] => Task 2, Epoch 111/150 => Loss 0.096, Loss_clf 0.004, Loss_fe 0.005, Loss_pod 0.065, Loss_flat 0.021, Train_accy 100.00, Test_accy 67.81
2024-10-25 15:37:46,171 [pod_foster.py] => Task 2, Epoch 116/150 => Loss 0.095, Loss_clf 0.005, Loss_fe 0.006, Loss_pod 0.064, Loss_flat 0.020, Train_accy 100.00, Test_accy 66.63
2024-10-25 15:37:57,306 [pod_foster.py] => Task 2, Epoch 121/150 => Loss 0.086, Loss_clf 0.004, Loss_fe 0.005, Loss_pod 0.059, Loss_flat 0.019, Train_accy 100.00, Test_accy 67.19
2024-10-25 15:38:08,833 [pod_foster.py] => Task 2, Epoch 126/150 => Loss 0.086, Loss_clf 0.004, Loss_fe 0.005, Loss_pod 0.059, Loss_flat 0.019, Train_accy 100.00, Test_accy 68.22
2024-10-25 15:38:20,230 [pod_foster.py] => Task 2, Epoch 131/150 => Loss 0.083, Loss_clf 0.004, Loss_fe 0.005, Loss_pod 0.056, Loss_flat 0.019, Train_accy 100.00, Test_accy 67.56
2024-10-25 15:38:31,495 [pod_foster.py] => Task 2, Epoch 136/150 => Loss 0.080, Loss_clf 0.004, Loss_fe 0.004, Loss_pod 0.054, Loss_flat 0.018, Train_accy 100.00, Test_accy 68.43
2024-10-25 15:38:42,698 [pod_foster.py] => Task 2, Epoch 141/150 => Loss 0.079, Loss_clf 0.004, Loss_fe 0.004, Loss_pod 0.053, Loss_flat 0.018, Train_accy 100.00, Test_accy 68.26
2024-10-25 15:38:53,942 [pod_foster.py] => Task 2, Epoch 146/150 => Loss 0.082, Loss_clf 0.004, Loss_fe 0.005, Loss_pod 0.054, Loss_flat 0.018, Train_accy 100.00, Test_accy 65.31
2024-10-25 15:39:02,117 [pod_foster.py] => Task 2, Epoch 150/150 => Loss 0.077, Loss_clf 0.004, Loss_fe 0.004, Loss_pod 0.052, Loss_flat 0.017, Train_accy 100.00
2024-10-25 15:39:02,119 [inc_net.py] => align weights, gamma = 0.5385228991508484 
2024-10-25 15:39:02,120 [pod_foster.py] => per cls weights : [1.02623168 1.02623168 1.02623168 1.02623168 1.02623168 1.02623168
 1.02623168 0.90818914 0.90818914]
2024-10-25 15:39:04,840 [pod_foster.py] => SNet: Task 2, Epoch 1/120 => Loss 1.530,  Train_accy 74.76, Test_accy 59.30
2024-10-25 15:39:14,673 [pod_foster.py] => SNet: Task 2, Epoch 6/120 => Loss 1.248,  Train_accy 96.95, Test_accy 72.59
2024-10-25 15:39:24,794 [pod_foster.py] => SNet: Task 2, Epoch 11/120 => Loss 1.246,  Train_accy 97.38, Test_accy 73.30
2024-10-25 15:39:34,707 [pod_foster.py] => SNet: Task 2, Epoch 16/120 => Loss 1.243,  Train_accy 97.64, Test_accy 73.61
2024-10-25 15:39:44,493 [pod_foster.py] => SNet: Task 2, Epoch 21/120 => Loss 1.244,  Train_accy 97.31, Test_accy 74.07
2024-10-25 15:39:54,098 [pod_foster.py] => SNet: Task 2, Epoch 26/120 => Loss 1.242,  Train_accy 97.93, Test_accy 76.00
2024-10-25 15:40:04,031 [pod_foster.py] => SNet: Task 2, Epoch 31/120 => Loss 1.238,  Train_accy 97.78, Test_accy 75.65
2024-10-25 15:40:13,738 [pod_foster.py] => SNet: Task 2, Epoch 36/120 => Loss 1.239,  Train_accy 97.82, Test_accy 76.50
2024-10-25 15:40:23,386 [pod_foster.py] => SNet: Task 2, Epoch 41/120 => Loss 1.237,  Train_accy 97.82, Test_accy 77.09
2024-10-25 15:40:33,142 [pod_foster.py] => SNet: Task 2, Epoch 46/120 => Loss 1.237,  Train_accy 98.18, Test_accy 76.54
2024-10-25 15:40:42,832 [pod_foster.py] => SNet: Task 2, Epoch 51/120 => Loss 1.238,  Train_accy 97.95, Test_accy 76.15
2024-10-25 15:40:52,531 [pod_foster.py] => SNet: Task 2, Epoch 56/120 => Loss 1.238,  Train_accy 98.13, Test_accy 77.02
2024-10-25 15:41:02,543 [pod_foster.py] => SNet: Task 2, Epoch 61/120 => Loss 1.238,  Train_accy 98.07, Test_accy 76.85
2024-10-25 15:41:12,560 [pod_foster.py] => SNet: Task 2, Epoch 66/120 => Loss 1.235,  Train_accy 98.11, Test_accy 76.96
2024-10-25 15:41:22,503 [pod_foster.py] => SNet: Task 2, Epoch 71/120 => Loss 1.237,  Train_accy 98.27, Test_accy 77.06
2024-10-25 15:41:32,350 [pod_foster.py] => SNet: Task 2, Epoch 76/120 => Loss 1.237,  Train_accy 98.07, Test_accy 77.04
2024-10-25 15:41:42,184 [pod_foster.py] => SNet: Task 2, Epoch 81/120 => Loss 1.238,  Train_accy 98.11, Test_accy 76.59
2024-10-25 15:41:51,445 [pod_foster.py] => SNet: Task 2, Epoch 86/120 => Loss 1.232,  Train_accy 98.20, Test_accy 76.52
2024-10-25 15:42:01,070 [pod_foster.py] => SNet: Task 2, Epoch 91/120 => Loss 1.235,  Train_accy 98.24, Test_accy 77.37
2024-10-25 15:42:11,051 [pod_foster.py] => SNet: Task 2, Epoch 96/120 => Loss 1.232,  Train_accy 98.13, Test_accy 76.76
2024-10-25 15:42:21,495 [pod_foster.py] => SNet: Task 2, Epoch 101/120 => Loss 1.234,  Train_accy 98.33, Test_accy 76.94
2024-10-25 15:42:31,161 [pod_foster.py] => SNet: Task 2, Epoch 106/120 => Loss 1.235,  Train_accy 98.04, Test_accy 77.04
2024-10-25 15:42:40,266 [pod_foster.py] => SNet: Task 2, Epoch 111/120 => Loss 1.235,  Train_accy 98.15, Test_accy 77.44
2024-10-25 15:42:49,385 [pod_foster.py] => SNet: Task 2, Epoch 116/120 => Loss 1.237,  Train_accy 98.22, Test_accy 76.41
2024-10-25 15:42:55,708 [pod_foster.py] => SNet: Task 2, Epoch 120/120 => Loss 1.234,  Train_accy 98.22
2024-10-25 15:42:55,708 [pod_foster.py] => do not weight align student!
2024-10-25 15:42:56,478 [pod_foster.py] => darknet eval: 
2024-10-25 15:42:56,478 [pod_foster.py] => CNN top1 curve: 77.76
2024-10-25 15:42:56,478 [pod_foster.py] => CNN top5 curve: 96.33
2024-10-25 15:42:56,479 [pod_foster.py] => All params after compression: 3853138
2024-10-25 15:42:56,480 [base.py] => Reducing exemplars...(55 per classes)
2024-10-25 15:42:58,054 [base.py] => Constructing exemplars...(55 per classes)
2024-10-25 15:43:01,000 [trainer.py] => All params: 7705241
2024-10-25 15:43:03,074 [pod_foster.py] => Exemplar size: 495
2024-10-25 15:43:03,074 [trainer.py] => CNN: {'total': 76.56, '00-04': 66.57, '05-06': 88.33, '07-08': 89.75, 'old': 72.79, 'new': 89.75}
2024-10-25 15:43:03,074 [trainer.py] => NME: {'total': 72.8, '00-04': 68.53, '05-06': 75.42, '07-08': 80.83, 'old': 70.5, 'new': 80.83}
2024-10-25 15:43:03,074 [trainer.py] => CNN top1 curve: [89.93, 79.52, 76.56]
2024-10-25 15:43:03,074 [trainer.py] => CNN top5 curve: [100.0, 98.5, 96.37]
2024-10-25 15:43:03,074 [trainer.py] => NME top1 curve: [90.0, 72.71, 72.8]
2024-10-25 15:43:03,074 [trainer.py] => NME top5 curve: [100.0, 98.9, 96.26]

2024-10-25 15:43:03,074 [trainer.py] => Average Accuracy (CNN): 82.00333333333333
2024-10-25 15:43:03,074 [trainer.py] => Average Accuracy (NME): 78.50333333333333
2024-10-25 15:43:03,075 [trainer.py] => Forgetting (CNN): 11.680000000000007
