2024-10-25 16:26:20,991 [trainer.py] => config: ./exps/POD_foster.json
2024-10-25 16:26:20,991 [trainer.py] => prefix: cil
2024-10-25 16:26:20,991 [trainer.py] => dataset: hrrp9
2024-10-25 16:26:20,991 [trainer.py] => memory_size: 500
2024-10-25 16:26:20,992 [trainer.py] => memory_per_class: 20
2024-10-25 16:26:20,992 [trainer.py] => fixed_memory: False
2024-10-25 16:26:20,992 [trainer.py] => shuffle: True
2024-10-25 16:26:20,992 [trainer.py] => init_cls: 5
2024-10-25 16:26:20,992 [trainer.py] => increment: 2
2024-10-25 16:26:20,993 [trainer.py] => model_name: POD_foster
2024-10-25 16:26:20,993 [trainer.py] => convnet_type: resnet18
2024-10-25 16:26:20,993 [trainer.py] => init_train: False
2024-10-25 16:26:20,993 [trainer.py] => convnet_path1: checkpoints/init_train/resnet18_35172.pth
2024-10-25 16:26:20,993 [trainer.py] => fc_path1: checkpoints/init_train/fc_35172.pth
2024-10-25 16:26:20,994 [trainer.py] => convnet_path: checkpoints/init_train/resnet18_42503.pth
2024-10-25 16:26:20,994 [trainer.py] => fc_path: checkpoints/init_train/fc_42503.pth
2024-10-25 16:26:20,994 [trainer.py] => device: [device(type='cuda', index=3)]
2024-10-25 16:26:20,994 [trainer.py] => seed: 1993
2024-10-25 16:26:20,994 [trainer.py] => beta1: 0.96
2024-10-25 16:26:20,995 [trainer.py] => beta2: 0.97
2024-10-25 16:26:20,995 [trainer.py] => oofc: ft
2024-10-25 16:26:20,995 [trainer.py] => is_teacher_wa: True
2024-10-25 16:26:20,995 [trainer.py] => is_student_wa: False
2024-10-25 16:26:20,995 [trainer.py] => lambda_okd: 0
2024-10-25 16:26:20,996 [trainer.py] => wa_value: 1
2024-10-25 16:26:20,996 [trainer.py] => init_epochs: 0
2024-10-25 16:26:20,996 [trainer.py] => init_lr: 0.1
2024-10-25 16:26:20,996 [trainer.py] => init_weight_decay: 0.0005
2024-10-25 16:26:20,996 [trainer.py] => boosting_epochs: 150
2024-10-25 16:26:20,997 [trainer.py] => compression_epochs: 120
2024-10-25 16:26:20,997 [trainer.py] => lr: 0.1
2024-10-25 16:26:20,997 [trainer.py] => batch_size: 128
2024-10-25 16:26:20,997 [trainer.py] => weight_decay: 0.0005
2024-10-25 16:26:20,997 [trainer.py] => num_workers: 8
2024-10-25 16:26:20,997 [trainer.py] => momentum: 0.9
2024-10-25 16:26:20,998 [trainer.py] => T: 2
2024-10-25 16:26:20,998 [trainer.py] => lambda_c_base: 1.1
2024-10-25 16:26:20,998 [trainer.py] => lambda_f_base: 1.0
2024-10-25 16:26:20,998 [trainer.py] => POD: c
2024-10-25 16:26:21,817 [data_manager.py] => [4, 2, 5, 0, 3, 6, 7, 8, 1]
2024-10-25 16:26:21,867 [trainer.py] => All params: 0
2024-10-25 16:26:21,868 [trainer.py] => Trainable params: 0
2024-10-25 16:26:23,163 [pod_foster.py] => Learning on 0-5
2024-10-25 16:26:23,164 [pod_foster.py] => All params: 3849034
2024-10-25 16:26:23,164 [pod_foster.py] => Trainable params: 3849034
2024-10-25 16:26:23,236 [pod_foster.py] => Adaptive factor: 0
2024-10-25 16:26:23,610 [pod_foster.py] => init_train?---False
2024-10-25 16:26:25,086 [base.py] => Reducing exemplars...(100 per classes)
2024-10-25 16:26:25,087 [base.py] => Constructing exemplars...(100 per classes)
2024-10-25 16:26:32,903 [trainer.py] => All params: 3849034
2024-10-25 16:26:34,387 [pod_foster.py] => Exemplar size: 500
2024-10-25 16:26:34,387 [trainer.py] => CNN: {'total': 89.93, '00-04': 89.93, 'old': 0, 'new': 89.93}
2024-10-25 16:26:34,387 [trainer.py] => NME: {'total': 90.0, '00-04': 90.0, 'old': 0, 'new': 90.0}
2024-10-25 16:26:34,387 [trainer.py] => CNN top1 curve: [89.93]
2024-10-25 16:26:34,387 [trainer.py] => CNN top5 curve: [100.0]
2024-10-25 16:26:34,387 [trainer.py] => NME top1 curve: [90.0]
2024-10-25 16:26:34,387 [trainer.py] => NME top5 curve: [100.0]

2024-10-25 16:26:34,387 [trainer.py] => Average Accuracy (CNN): 89.93
2024-10-25 16:26:34,387 [trainer.py] => Average Accuracy (NME): 90.0
2024-10-25 16:26:34,388 [trainer.py] => All params: 3849034
2024-10-25 16:26:34,388 [trainer.py] => Trainable params: 3849034
2024-10-25 16:26:34,433 [pod_foster.py] => Learning on 5-7
2024-10-25 16:26:34,434 [pod_foster.py] => All params: 7701139
2024-10-25 16:26:34,435 [pod_foster.py] => Trainable params: 3854670
2024-10-25 16:26:34,470 [pod_foster.py] => Adaptive factor: 1.8708286933869707
2024-10-25 16:26:34,480 [pod_foster.py] => per cls weights : [1.00484344 1.00484344 1.00484344 1.00484344 1.00484344 0.98789141
 0.98789141]
2024-10-25 16:26:38,222 [pod_foster.py] => Task 1, Epoch 1/150 => Loss 1.881, Loss_clf 0.707, Loss_fe 0.647, Loss_pod 0.308, Loss_flat 0.219, Train_accy 83.82, Test_accy 52.31
2024-10-25 16:26:49,176 [pod_foster.py] => Task 1, Epoch 6/150 => Loss 0.336, Loss_clf 0.025, Loss_fe 0.042, Loss_pod 0.176, Loss_flat 0.093, Train_accy 99.51, Test_accy 65.50
2024-10-25 16:27:00,110 [pod_foster.py] => Task 1, Epoch 11/150 => Loss 0.199, Loss_clf 0.010, Loss_fe 0.010, Loss_pod 0.125, Loss_flat 0.054, Train_accy 99.84, Test_accy 67.86
2024-10-25 16:27:10,871 [pod_foster.py] => Task 1, Epoch 16/150 => Loss 0.150, Loss_clf 0.006, Loss_fe 0.006, Loss_pod 0.095, Loss_flat 0.042, Train_accy 100.00, Test_accy 70.14
2024-10-25 16:27:21,660 [pod_foster.py] => Task 1, Epoch 21/150 => Loss 0.147, Loss_clf 0.008, Loss_fe 0.008, Loss_pod 0.093, Loss_flat 0.039, Train_accy 100.00, Test_accy 62.93
2024-10-25 16:27:32,256 [pod_foster.py] => Task 1, Epoch 26/150 => Loss 0.398, Loss_clf 0.027, Loss_fe 0.053, Loss_pod 0.207, Loss_flat 0.111, Train_accy 99.36, Test_accy 75.55
2024-10-25 16:27:43,153 [pod_foster.py] => Task 1, Epoch 31/150 => Loss 0.244, Loss_clf 0.016, Loss_fe 0.017, Loss_pod 0.141, Loss_flat 0.070, Train_accy 99.64, Test_accy 70.14
2024-10-25 16:27:53,779 [pod_foster.py] => Task 1, Epoch 36/150 => Loss 0.151, Loss_clf 0.005, Loss_fe 0.005, Loss_pod 0.102, Loss_flat 0.039, Train_accy 100.00, Test_accy 67.43
2024-10-25 16:28:04,454 [pod_foster.py] => Task 1, Epoch 41/150 => Loss 0.134, Loss_clf 0.005, Loss_fe 0.005, Loss_pod 0.089, Loss_flat 0.035, Train_accy 100.00, Test_accy 67.83
2024-10-25 16:28:15,487 [pod_foster.py] => Task 1, Epoch 46/150 => Loss 0.123, Loss_clf 0.004, Loss_fe 0.004, Loss_pod 0.084, Loss_flat 0.030, Train_accy 100.00, Test_accy 67.88
2024-10-25 16:28:26,581 [pod_foster.py] => Task 1, Epoch 51/150 => Loss 0.118, Loss_clf 0.004, Loss_fe 0.004, Loss_pod 0.081, Loss_flat 0.028, Train_accy 100.00, Test_accy 67.93
2024-10-25 16:28:37,511 [pod_foster.py] => Task 1, Epoch 56/150 => Loss 0.110, Loss_clf 0.004, Loss_fe 0.004, Loss_pod 0.075, Loss_flat 0.027, Train_accy 100.00, Test_accy 68.55
2024-10-25 16:28:48,367 [pod_foster.py] => Task 1, Epoch 61/150 => Loss 0.113, Loss_clf 0.004, Loss_fe 0.004, Loss_pod 0.077, Loss_flat 0.027, Train_accy 100.00, Test_accy 67.57
2024-10-25 16:28:59,309 [pod_foster.py] => Task 1, Epoch 66/150 => Loss 0.241, Loss_clf 0.014, Loss_fe 0.020, Loss_pod 0.144, Loss_flat 0.063, Train_accy 99.76, Test_accy 69.43
2024-10-25 16:29:10,501 [pod_foster.py] => Task 1, Epoch 71/150 => Loss 0.114, Loss_clf 0.004, Loss_fe 0.004, Loss_pod 0.076, Loss_flat 0.029, Train_accy 100.00, Test_accy 67.69
2024-10-25 16:29:21,499 [pod_foster.py] => Task 1, Epoch 76/150 => Loss 0.105, Loss_clf 0.004, Loss_fe 0.004, Loss_pod 0.070, Loss_flat 0.027, Train_accy 100.00, Test_accy 68.00
2024-10-25 16:29:32,612 [pod_foster.py] => Task 1, Epoch 81/150 => Loss 0.099, Loss_clf 0.004, Loss_fe 0.004, Loss_pod 0.066, Loss_flat 0.025, Train_accy 100.00, Test_accy 67.67
2024-10-25 16:29:44,103 [pod_foster.py] => Task 1, Epoch 86/150 => Loss 0.101, Loss_clf 0.004, Loss_fe 0.004, Loss_pod 0.069, Loss_flat 0.025, Train_accy 100.00, Test_accy 66.67
2024-10-25 16:29:55,020 [pod_foster.py] => Task 1, Epoch 91/150 => Loss 0.094, Loss_clf 0.004, Loss_fe 0.004, Loss_pod 0.063, Loss_flat 0.024, Train_accy 100.00, Test_accy 67.76
2024-10-25 16:30:05,969 [pod_foster.py] => Task 1, Epoch 96/150 => Loss 0.099, Loss_clf 0.004, Loss_fe 0.005, Loss_pod 0.062, Loss_flat 0.028, Train_accy 100.00, Test_accy 67.52
2024-10-25 16:30:16,806 [pod_foster.py] => Task 1, Epoch 101/150 => Loss 0.085, Loss_clf 0.004, Loss_fe 0.004, Loss_pod 0.054, Loss_flat 0.024, Train_accy 100.00, Test_accy 66.64
2024-10-25 16:30:27,520 [pod_foster.py] => Task 1, Epoch 106/150 => Loss 0.084, Loss_clf 0.004, Loss_fe 0.004, Loss_pod 0.053, Loss_flat 0.024, Train_accy 100.00, Test_accy 66.62
2024-10-25 16:30:38,370 [pod_foster.py] => Task 1, Epoch 111/150 => Loss 0.082, Loss_clf 0.004, Loss_fe 0.004, Loss_pod 0.050, Loss_flat 0.024, Train_accy 100.00, Test_accy 66.26
2024-10-25 16:30:49,178 [pod_foster.py] => Task 1, Epoch 116/150 => Loss 0.079, Loss_clf 0.004, Loss_fe 0.004, Loss_pod 0.049, Loss_flat 0.022, Train_accy 100.00, Test_accy 67.98
2024-10-25 16:30:59,977 [pod_foster.py] => Task 1, Epoch 121/150 => Loss 0.074, Loss_clf 0.004, Loss_fe 0.004, Loss_pod 0.044, Loss_flat 0.022, Train_accy 100.00, Test_accy 66.81
2024-10-25 16:31:10,964 [pod_foster.py] => Task 1, Epoch 126/150 => Loss 0.074, Loss_clf 0.004, Loss_fe 0.004, Loss_pod 0.044, Loss_flat 0.022, Train_accy 100.00, Test_accy 66.38
2024-10-25 16:31:21,819 [pod_foster.py] => Task 1, Epoch 131/150 => Loss 0.071, Loss_clf 0.003, Loss_fe 0.004, Loss_pod 0.042, Loss_flat 0.023, Train_accy 100.00, Test_accy 67.02
2024-10-25 16:31:32,880 [pod_foster.py] => Task 1, Epoch 136/150 => Loss 0.068, Loss_clf 0.003, Loss_fe 0.004, Loss_pod 0.039, Loss_flat 0.022, Train_accy 100.00, Test_accy 67.10
2024-10-25 16:31:43,865 [pod_foster.py] => Task 1, Epoch 141/150 => Loss 0.068, Loss_clf 0.004, Loss_fe 0.004, Loss_pod 0.038, Loss_flat 0.022, Train_accy 100.00, Test_accy 67.31
2024-10-25 16:31:54,780 [pod_foster.py] => Task 1, Epoch 146/150 => Loss 0.070, Loss_clf 0.004, Loss_fe 0.004, Loss_pod 0.040, Loss_flat 0.022, Train_accy 100.00, Test_accy 67.93
2024-10-25 16:32:02,601 [pod_foster.py] => Task 1, Epoch 150/150 => Loss 0.068, Loss_clf 0.003, Loss_fe 0.004, Loss_pod 0.039, Loss_flat 0.023, Train_accy 100.00
2024-10-25 16:32:02,603 [inc_net.py] => align weights, gamma = 0.5045239329338074 
2024-10-25 16:32:02,604 [pod_foster.py] => per cls weights : [1.01377356 1.01377356 1.01377356 1.01377356 1.01377356 0.96556609
 0.96556609]
2024-10-25 16:32:05,381 [pod_foster.py] => SNet: Task 1, Epoch 1/120 => Loss 1.282,  Train_accy 68.58, Test_accy 66.86
2024-10-25 16:32:15,045 [pod_foster.py] => SNet: Task 1, Epoch 6/120 => Loss 1.003,  Train_accy 93.62, Test_accy 77.05
2024-10-25 16:32:24,686 [pod_foster.py] => SNet: Task 1, Epoch 11/120 => Loss 0.997,  Train_accy 94.96, Test_accy 76.88
2024-10-25 16:32:34,238 [pod_foster.py] => SNet: Task 1, Epoch 16/120 => Loss 0.989,  Train_accy 95.09, Test_accy 77.83
2024-10-25 16:32:43,988 [pod_foster.py] => SNet: Task 1, Epoch 21/120 => Loss 0.992,  Train_accy 95.27, Test_accy 78.17
2024-10-25 16:32:53,590 [pod_foster.py] => SNet: Task 1, Epoch 26/120 => Loss 0.989,  Train_accy 95.38, Test_accy 78.90
2024-10-25 16:33:03,287 [pod_foster.py] => SNet: Task 1, Epoch 31/120 => Loss 0.991,  Train_accy 95.47, Test_accy 78.48
2024-10-25 16:33:13,076 [pod_foster.py] => SNet: Task 1, Epoch 36/120 => Loss 0.989,  Train_accy 95.22, Test_accy 78.12
2024-10-25 16:33:22,801 [pod_foster.py] => SNet: Task 1, Epoch 41/120 => Loss 0.986,  Train_accy 95.64, Test_accy 78.50
2024-10-25 16:33:32,551 [pod_foster.py] => SNet: Task 1, Epoch 46/120 => Loss 0.984,  Train_accy 95.51, Test_accy 78.55
2024-10-25 16:33:42,428 [pod_foster.py] => SNet: Task 1, Epoch 51/120 => Loss 0.986,  Train_accy 95.84, Test_accy 78.14
2024-10-25 16:33:52,175 [pod_foster.py] => SNet: Task 1, Epoch 56/120 => Loss 0.984,  Train_accy 95.60, Test_accy 78.40
2024-10-25 16:34:01,980 [pod_foster.py] => SNet: Task 1, Epoch 61/120 => Loss 0.985,  Train_accy 95.56, Test_accy 78.19
2024-10-25 16:34:11,684 [pod_foster.py] => SNet: Task 1, Epoch 66/120 => Loss 0.985,  Train_accy 96.13, Test_accy 77.88
2024-10-25 16:34:21,568 [pod_foster.py] => SNet: Task 1, Epoch 71/120 => Loss 0.986,  Train_accy 95.69, Test_accy 79.26
2024-10-25 16:34:31,353 [pod_foster.py] => SNet: Task 1, Epoch 76/120 => Loss 0.985,  Train_accy 95.87, Test_accy 79.21
2024-10-25 16:34:41,052 [pod_foster.py] => SNet: Task 1, Epoch 81/120 => Loss 0.982,  Train_accy 95.64, Test_accy 79.45
2024-10-25 16:34:50,620 [pod_foster.py] => SNet: Task 1, Epoch 86/120 => Loss 0.984,  Train_accy 96.07, Test_accy 78.88
2024-10-25 16:35:00,218 [pod_foster.py] => SNet: Task 1, Epoch 91/120 => Loss 0.985,  Train_accy 96.00, Test_accy 79.29
2024-10-25 16:35:09,913 [pod_foster.py] => SNet: Task 1, Epoch 96/120 => Loss 0.983,  Train_accy 96.09, Test_accy 78.45
2024-10-25 16:35:19,588 [pod_foster.py] => SNet: Task 1, Epoch 101/120 => Loss 0.981,  Train_accy 96.00, Test_accy 78.86
2024-10-25 16:35:29,019 [pod_foster.py] => SNet: Task 1, Epoch 106/120 => Loss 0.983,  Train_accy 95.78, Test_accy 78.86
2024-10-25 16:35:38,457 [pod_foster.py] => SNet: Task 1, Epoch 111/120 => Loss 0.984,  Train_accy 95.84, Test_accy 79.60
2024-10-25 16:35:47,704 [pod_foster.py] => SNet: Task 1, Epoch 116/120 => Loss 0.983,  Train_accy 96.20, Test_accy 78.57
2024-10-25 16:35:54,656 [pod_foster.py] => SNet: Task 1, Epoch 120/120 => Loss 0.982,  Train_accy 96.18
2024-10-25 16:35:54,656 [pod_foster.py] => do not weight align student!
2024-10-25 16:35:55,300 [pod_foster.py] => darknet eval: 
2024-10-25 16:35:55,302 [pod_foster.py] => CNN top1 curve: 79.07
2024-10-25 16:35:55,302 [pod_foster.py] => CNN top5 curve: 98.69
2024-10-25 16:35:55,306 [pod_foster.py] => All params after compression: 3851086
2024-10-25 16:35:55,309 [base.py] => Reducing exemplars...(71 per classes)
2024-10-25 16:35:56,785 [base.py] => Constructing exemplars...(71 per classes)
2024-10-25 16:36:00,472 [trainer.py] => All params: 7701139
2024-10-25 16:36:02,522 [pod_foster.py] => Exemplar size: 497
2024-10-25 16:36:02,523 [trainer.py] => CNN: {'total': 80.76, '00-04': 79.0, '05-06': 85.17, 'old': 79.0, 'new': 85.17}
2024-10-25 16:36:02,523 [trainer.py] => NME: {'total': 73.33, '00-04': 77.93, '05-06': 61.83, 'old': 77.93, 'new': 61.83}
2024-10-25 16:36:02,523 [trainer.py] => CNN top1 curve: [89.93, 80.76]
2024-10-25 16:36:02,523 [trainer.py] => CNN top5 curve: [100.0, 98.86]
2024-10-25 16:36:02,523 [trainer.py] => NME top1 curve: [90.0, 73.33]
2024-10-25 16:36:02,523 [trainer.py] => NME top5 curve: [100.0, 98.95]

2024-10-25 16:36:02,523 [trainer.py] => Average Accuracy (CNN): 85.345
2024-10-25 16:36:02,523 [trainer.py] => Average Accuracy (NME): 81.66499999999999
2024-10-25 16:36:02,524 [trainer.py] => All params: 7701139
2024-10-25 16:36:02,525 [trainer.py] => Trainable params: 3854670
2024-10-25 16:36:02,578 [pod_foster.py] => Learning on 7-9
2024-10-25 16:36:02,580 [pod_foster.py] => All params: 7705241
2024-10-25 16:36:02,580 [pod_foster.py] => Trainable params: 3857746
2024-10-25 16:36:02,632 [pod_foster.py] => Adaptive factor: 2.1213203435596424
2024-10-25 16:36:02,642 [pod_foster.py] => per cls weights : [1.01239929 1.01239929 1.01239929 1.01239929 1.01239929 1.01239929
 1.01239929 0.95660248 0.95660248]
2024-10-25 16:36:05,931 [pod_foster.py] => Task 2, Epoch 1/150 => Loss 1.929, Loss_clf 0.685, Loss_fe 0.671, Loss_pod 0.353, Loss_flat 0.220, Train_accy 85.30, Test_accy 64.28
2024-10-25 16:36:17,659 [pod_foster.py] => Task 2, Epoch 6/150 => Loss 0.269, Loss_clf 0.013, Loss_fe 0.030, Loss_pod 0.157, Loss_flat 0.070, Train_accy 99.93, Test_accy 62.87
2024-10-25 16:36:29,385 [pod_foster.py] => Task 2, Epoch 11/150 => Loss 0.175, Loss_clf 0.007, Loss_fe 0.009, Loss_pod 0.116, Loss_flat 0.043, Train_accy 99.98, Test_accy 65.37
2024-10-25 16:36:40,675 [pod_foster.py] => Task 2, Epoch 16/150 => Loss 0.196, Loss_clf 0.007, Loss_fe 0.009, Loss_pod 0.130, Loss_flat 0.050, Train_accy 99.93, Test_accy 63.39
2024-10-25 16:36:51,960 [pod_foster.py] => Task 2, Epoch 21/150 => Loss 0.147, Loss_clf 0.004, Loss_fe 0.005, Loss_pod 0.105, Loss_flat 0.032, Train_accy 100.00, Test_accy 66.31
2024-10-25 16:37:03,162 [pod_foster.py] => Task 2, Epoch 26/150 => Loss 0.159, Loss_clf 0.006, Loss_fe 0.007, Loss_pod 0.111, Loss_flat 0.035, Train_accy 100.00, Test_accy 64.91
2024-10-25 16:37:14,523 [pod_foster.py] => Task 2, Epoch 31/150 => Loss 0.142, Loss_clf 0.004, Loss_fe 0.005, Loss_pod 0.103, Loss_flat 0.030, Train_accy 100.00, Test_accy 62.22
2024-10-25 16:37:25,687 [pod_foster.py] => Task 2, Epoch 36/150 => Loss 0.162, Loss_clf 0.005, Loss_fe 0.006, Loss_pod 0.113, Loss_flat 0.038, Train_accy 100.00, Test_accy 66.30
2024-10-25 16:37:37,012 [pod_foster.py] => Task 2, Epoch 41/150 => Loss 0.441, Loss_clf 0.036, Loss_fe 0.080, Loss_pod 0.226, Loss_flat 0.100, Train_accy 99.00, Test_accy 66.39
2024-10-25 16:37:48,277 [pod_foster.py] => Task 2, Epoch 46/150 => Loss 0.180, Loss_clf 0.005, Loss_fe 0.005, Loss_pod 0.125, Loss_flat 0.044, Train_accy 100.00, Test_accy 68.44
2024-10-25 16:37:59,707 [pod_foster.py] => Task 2, Epoch 51/150 => Loss 0.145, Loss_clf 0.005, Loss_fe 0.005, Loss_pod 0.102, Loss_flat 0.033, Train_accy 100.00, Test_accy 65.93
2024-10-25 16:38:10,935 [pod_foster.py] => Task 2, Epoch 56/150 => Loss 0.139, Loss_clf 0.005, Loss_fe 0.006, Loss_pod 0.098, Loss_flat 0.030, Train_accy 100.00, Test_accy 56.63
2024-10-25 16:38:22,331 [pod_foster.py] => Task 2, Epoch 61/150 => Loss 0.135, Loss_clf 0.004, Loss_fe 0.004, Loss_pod 0.096, Loss_flat 0.031, Train_accy 100.00, Test_accy 63.09
2024-10-25 16:38:33,575 [pod_foster.py] => Task 2, Epoch 66/150 => Loss 0.159, Loss_clf 0.006, Loss_fe 0.008, Loss_pod 0.106, Loss_flat 0.039, Train_accy 99.96, Test_accy 70.85
2024-10-25 16:38:44,944 [pod_foster.py] => Task 2, Epoch 71/150 => Loss 0.131, Loss_clf 0.005, Loss_fe 0.005, Loss_pod 0.089, Loss_flat 0.032, Train_accy 99.98, Test_accy 66.83
2024-10-25 16:38:56,117 [pod_foster.py] => Task 2, Epoch 76/150 => Loss 0.115, Loss_clf 0.004, Loss_fe 0.004, Loss_pod 0.079, Loss_flat 0.027, Train_accy 100.00, Test_accy 65.59
2024-10-25 16:39:07,233 [pod_foster.py] => Task 2, Epoch 81/150 => Loss 0.127, Loss_clf 0.005, Loss_fe 0.006, Loss_pod 0.084, Loss_flat 0.032, Train_accy 99.98, Test_accy 64.74
2024-10-25 16:39:18,449 [pod_foster.py] => Task 2, Epoch 86/150 => Loss 0.113, Loss_clf 0.004, Loss_fe 0.004, Loss_pod 0.080, Loss_flat 0.025, Train_accy 100.00, Test_accy 65.11
2024-10-25 16:39:29,595 [pod_foster.py] => Task 2, Epoch 91/150 => Loss 0.109, Loss_clf 0.004, Loss_fe 0.004, Loss_pod 0.076, Loss_flat 0.025, Train_accy 100.00, Test_accy 62.24
2024-10-25 16:39:41,200 [pod_foster.py] => Task 2, Epoch 96/150 => Loss 0.097, Loss_clf 0.004, Loss_fe 0.004, Loss_pod 0.065, Loss_flat 0.024, Train_accy 100.00, Test_accy 62.63
2024-10-25 16:39:52,545 [pod_foster.py] => Task 2, Epoch 101/150 => Loss 0.107, Loss_clf 0.004, Loss_fe 0.005, Loss_pod 0.072, Loss_flat 0.026, Train_accy 100.00, Test_accy 65.15
2024-10-25 16:40:04,053 [pod_foster.py] => Task 2, Epoch 106/150 => Loss 0.135, Loss_clf 0.005, Loss_fe 0.006, Loss_pod 0.088, Loss_flat 0.037, Train_accy 100.00, Test_accy 64.35
2024-10-25 16:40:15,378 [pod_foster.py] => Task 2, Epoch 111/150 => Loss 0.104, Loss_clf 0.004, Loss_fe 0.004, Loss_pod 0.069, Loss_flat 0.027, Train_accy 100.00, Test_accy 64.63
2024-10-25 16:40:26,664 [pod_foster.py] => Task 2, Epoch 116/150 => Loss 0.101, Loss_clf 0.005, Loss_fe 0.005, Loss_pod 0.065, Loss_flat 0.026, Train_accy 100.00, Test_accy 64.57
2024-10-25 16:40:37,959 [pod_foster.py] => Task 2, Epoch 121/150 => Loss 0.089, Loss_clf 0.003, Loss_fe 0.004, Loss_pod 0.058, Loss_flat 0.024, Train_accy 100.00, Test_accy 64.09
2024-10-25 16:40:49,300 [pod_foster.py] => Task 2, Epoch 126/150 => Loss 0.088, Loss_clf 0.003, Loss_fe 0.004, Loss_pod 0.057, Loss_flat 0.024, Train_accy 100.00, Test_accy 64.87
2024-10-25 16:41:00,673 [pod_foster.py] => Task 2, Epoch 131/150 => Loss 0.082, Loss_clf 0.003, Loss_fe 0.004, Loss_pod 0.051, Loss_flat 0.024, Train_accy 100.00, Test_accy 65.09
2024-10-25 16:41:12,080 [pod_foster.py] => Task 2, Epoch 136/150 => Loss 0.080, Loss_clf 0.003, Loss_fe 0.003, Loss_pod 0.050, Loss_flat 0.023, Train_accy 100.00, Test_accy 66.02
2024-10-25 16:41:23,276 [pod_foster.py] => Task 2, Epoch 141/150 => Loss 0.077, Loss_clf 0.003, Loss_fe 0.003, Loss_pod 0.047, Loss_flat 0.023, Train_accy 100.00, Test_accy 66.02
2024-10-25 16:41:34,493 [pod_foster.py] => Task 2, Epoch 146/150 => Loss 0.081, Loss_clf 0.004, Loss_fe 0.005, Loss_pod 0.049, Loss_flat 0.024, Train_accy 100.00, Test_accy 61.80
2024-10-25 16:41:42,578 [pod_foster.py] => Task 2, Epoch 150/150 => Loss 0.075, Loss_clf 0.003, Loss_fe 0.003, Loss_pod 0.046, Loss_flat 0.023, Train_accy 100.00
2024-10-25 16:41:42,579 [inc_net.py] => align weights, gamma = 0.520477831363678 
2024-10-25 16:41:42,581 [pod_foster.py] => per cls weights : [1.02623168 1.02623168 1.02623168 1.02623168 1.02623168 1.02623168
 1.02623168 0.90818914 0.90818914]
2024-10-25 16:41:45,372 [pod_foster.py] => SNet: Task 2, Epoch 1/120 => Loss 1.548,  Train_accy 74.78, Test_accy 60.19
2024-10-25 16:41:55,411 [pod_foster.py] => SNet: Task 2, Epoch 6/120 => Loss 1.274,  Train_accy 97.24, Test_accy 72.57
2024-10-25 16:42:05,205 [pod_foster.py] => SNet: Task 2, Epoch 11/120 => Loss 1.275,  Train_accy 97.60, Test_accy 72.93
2024-10-25 16:42:14,986 [pod_foster.py] => SNet: Task 2, Epoch 16/120 => Loss 1.270,  Train_accy 97.98, Test_accy 73.83
2024-10-25 16:42:24,870 [pod_foster.py] => SNet: Task 2, Epoch 21/120 => Loss 1.271,  Train_accy 97.78, Test_accy 73.54
2024-10-25 16:42:34,731 [pod_foster.py] => SNet: Task 2, Epoch 26/120 => Loss 1.269,  Train_accy 98.11, Test_accy 75.24
2024-10-25 16:42:44,971 [pod_foster.py] => SNet: Task 2, Epoch 31/120 => Loss 1.266,  Train_accy 98.11, Test_accy 75.89
2024-10-25 16:42:54,820 [pod_foster.py] => SNet: Task 2, Epoch 36/120 => Loss 1.267,  Train_accy 97.95, Test_accy 76.43
2024-10-25 16:43:04,759 [pod_foster.py] => SNet: Task 2, Epoch 41/120 => Loss 1.265,  Train_accy 98.15, Test_accy 76.76
2024-10-25 16:43:14,804 [pod_foster.py] => SNet: Task 2, Epoch 46/120 => Loss 1.266,  Train_accy 98.35, Test_accy 76.15
2024-10-25 16:43:24,956 [pod_foster.py] => SNet: Task 2, Epoch 51/120 => Loss 1.267,  Train_accy 98.15, Test_accy 75.26
2024-10-25 16:43:34,975 [pod_foster.py] => SNet: Task 2, Epoch 56/120 => Loss 1.266,  Train_accy 98.18, Test_accy 76.19
2024-10-25 16:43:45,316 [pod_foster.py] => SNet: Task 2, Epoch 61/120 => Loss 1.267,  Train_accy 98.35, Test_accy 76.26
2024-10-25 16:43:55,277 [pod_foster.py] => SNet: Task 2, Epoch 66/120 => Loss 1.263,  Train_accy 98.40, Test_accy 76.74
2024-10-25 16:44:05,196 [pod_foster.py] => SNet: Task 2, Epoch 71/120 => Loss 1.266,  Train_accy 98.47, Test_accy 76.57
2024-10-25 16:44:15,136 [pod_foster.py] => SNet: Task 2, Epoch 76/120 => Loss 1.266,  Train_accy 98.42, Test_accy 76.43
2024-10-25 16:44:25,187 [pod_foster.py] => SNet: Task 2, Epoch 81/120 => Loss 1.268,  Train_accy 98.42, Test_accy 76.28
2024-10-25 16:44:35,123 [pod_foster.py] => SNet: Task 2, Epoch 86/120 => Loss 1.261,  Train_accy 98.51, Test_accy 75.91
2024-10-25 16:44:44,846 [pod_foster.py] => SNet: Task 2, Epoch 91/120 => Loss 1.264,  Train_accy 98.42, Test_accy 76.76
2024-10-25 16:44:54,818 [pod_foster.py] => SNet: Task 2, Epoch 96/120 => Loss 1.260,  Train_accy 98.51, Test_accy 76.46
2024-10-25 16:45:04,217 [pod_foster.py] => SNet: Task 2, Epoch 101/120 => Loss 1.261,  Train_accy 98.58, Test_accy 76.69
2024-10-25 16:45:13,462 [pod_foster.py] => SNet: Task 2, Epoch 106/120 => Loss 1.264,  Train_accy 98.58, Test_accy 76.61
2024-10-25 16:45:22,679 [pod_foster.py] => SNet: Task 2, Epoch 111/120 => Loss 1.265,  Train_accy 98.44, Test_accy 76.96
2024-10-25 16:45:31,536 [pod_foster.py] => SNet: Task 2, Epoch 116/120 => Loss 1.266,  Train_accy 98.49, Test_accy 75.87
2024-10-25 16:45:37,821 [pod_foster.py] => SNet: Task 2, Epoch 120/120 => Loss 1.263,  Train_accy 98.51
2024-10-25 16:45:37,822 [pod_foster.py] => do not weight align student!
2024-10-25 16:45:38,636 [pod_foster.py] => darknet eval: 
2024-10-25 16:45:38,636 [pod_foster.py] => CNN top1 curve: 77.17
2024-10-25 16:45:38,636 [pod_foster.py] => CNN top5 curve: 96.63
2024-10-25 16:45:38,637 [pod_foster.py] => All params after compression: 3853138
2024-10-25 16:45:38,637 [base.py] => Reducing exemplars...(55 per classes)
2024-10-25 16:45:40,205 [base.py] => Constructing exemplars...(55 per classes)
2024-10-25 16:45:42,981 [trainer.py] => All params: 7705241
2024-10-25 16:45:44,977 [pod_foster.py] => Exemplar size: 495
2024-10-25 16:45:44,978 [trainer.py] => CNN: {'total': 75.7, '00-04': 64.83, '05-06': 87.67, '07-08': 90.92, 'old': 71.36, 'new': 90.92}
2024-10-25 16:45:44,978 [trainer.py] => NME: {'total': 71.89, '00-04': 67.3, '05-06': 73.42, '07-08': 81.83, 'old': 69.05, 'new': 81.83}
2024-10-25 16:45:44,978 [trainer.py] => CNN top1 curve: [89.93, 80.76, 75.7]
2024-10-25 16:45:44,978 [trainer.py] => CNN top5 curve: [100.0, 98.86, 96.31]
2024-10-25 16:45:44,978 [trainer.py] => NME top1 curve: [90.0, 73.33, 71.89]
2024-10-25 16:45:44,978 [trainer.py] => NME top5 curve: [100.0, 98.95, 96.31]

2024-10-25 16:45:44,978 [trainer.py] => Average Accuracy (CNN): 82.13
2024-10-25 16:45:44,978 [trainer.py] => Average Accuracy (NME): 78.40666666666665
2024-10-25 16:45:44,979 [trainer.py] => Forgetting (CNN): 12.550000000000004
