2024-10-25 16:48:57,016 [trainer.py] => config: ./exps/POD_foster.json
2024-10-25 16:48:57,016 [trainer.py] => prefix: cil
2024-10-25 16:48:57,016 [trainer.py] => dataset: hrrp9
2024-10-25 16:48:57,016 [trainer.py] => memory_size: 500
2024-10-25 16:48:57,016 [trainer.py] => memory_per_class: 20
2024-10-25 16:48:57,016 [trainer.py] => fixed_memory: False
2024-10-25 16:48:57,016 [trainer.py] => shuffle: True
2024-10-25 16:48:57,016 [trainer.py] => init_cls: 5
2024-10-25 16:48:57,016 [trainer.py] => increment: 2
2024-10-25 16:48:57,016 [trainer.py] => model_name: POD_foster
2024-10-25 16:48:57,016 [trainer.py] => convnet_type: resnet18
2024-10-25 16:48:57,016 [trainer.py] => init_train: False
2024-10-25 16:48:57,016 [trainer.py] => convnet_path1: checkpoints/init_train/resnet18_35172.pth
2024-10-25 16:48:57,016 [trainer.py] => fc_path1: checkpoints/init_train/fc_35172.pth
2024-10-25 16:48:57,016 [trainer.py] => convnet_path: checkpoints/init_train/resnet18_42503.pth
2024-10-25 16:48:57,017 [trainer.py] => fc_path: checkpoints/init_train/fc_42503.pth
2024-10-25 16:48:57,017 [trainer.py] => device: [device(type='cuda', index=4)]
2024-10-25 16:48:57,017 [trainer.py] => seed: 1993
2024-10-25 16:48:57,017 [trainer.py] => beta1: 0.96
2024-10-25 16:48:57,017 [trainer.py] => beta2: 0.97
2024-10-25 16:48:57,017 [trainer.py] => oofc: ft
2024-10-25 16:48:57,017 [trainer.py] => is_teacher_wa: True
2024-10-25 16:48:57,017 [trainer.py] => is_student_wa: False
2024-10-25 16:48:57,017 [trainer.py] => lambda_okd: 0
2024-10-25 16:48:57,017 [trainer.py] => wa_value: 1
2024-10-25 16:48:57,017 [trainer.py] => init_epochs: 0
2024-10-25 16:48:57,017 [trainer.py] => init_lr: 0.1
2024-10-25 16:48:57,017 [trainer.py] => init_weight_decay: 0.0005
2024-10-25 16:48:57,017 [trainer.py] => boosting_epochs: 150
2024-10-25 16:48:57,017 [trainer.py] => compression_epochs: 120
2024-10-25 16:48:57,017 [trainer.py] => lr: 0.1
2024-10-25 16:48:57,017 [trainer.py] => batch_size: 128
2024-10-25 16:48:57,017 [trainer.py] => weight_decay: 0.0005
2024-10-25 16:48:57,017 [trainer.py] => num_workers: 8
2024-10-25 16:48:57,017 [trainer.py] => momentum: 0.9
2024-10-25 16:48:57,018 [trainer.py] => T: 2
2024-10-25 16:48:57,018 [trainer.py] => lambda_c_base: 0.6
2024-10-25 16:48:57,018 [trainer.py] => lambda_f_base: 1.0
2024-10-25 16:48:57,018 [trainer.py] => POD: c+w
2024-10-25 16:48:57,794 [data_manager.py] => [4, 2, 5, 0, 3, 6, 7, 8, 1]
2024-10-25 16:48:57,862 [trainer.py] => All params: 0
2024-10-25 16:48:57,863 [trainer.py] => Trainable params: 0
2024-10-25 16:48:59,075 [pod_foster.py] => Learning on 0-5
2024-10-25 16:48:59,076 [pod_foster.py] => All params: 3849034
2024-10-25 16:48:59,077 [pod_foster.py] => Trainable params: 3849034
2024-10-25 16:48:59,156 [pod_foster.py] => Adaptive factor: 0
2024-10-25 16:48:59,463 [pod_foster.py] => init_train?---False
2024-10-25 16:49:00,613 [base.py] => Reducing exemplars...(100 per classes)
2024-10-25 16:49:00,614 [base.py] => Constructing exemplars...(100 per classes)
2024-10-25 16:49:07,322 [trainer.py] => All params: 3849034
2024-10-25 16:49:08,590 [pod_foster.py] => Exemplar size: 500
2024-10-25 16:49:08,590 [trainer.py] => CNN: {'total': 89.93, '00-04': 89.93, 'old': 0, 'new': 89.93}
2024-10-25 16:49:08,591 [trainer.py] => NME: {'total': 90.0, '00-04': 90.0, 'old': 0, 'new': 90.0}
2024-10-25 16:49:08,591 [trainer.py] => CNN top1 curve: [89.93]
2024-10-25 16:49:08,591 [trainer.py] => CNN top5 curve: [100.0]
2024-10-25 16:49:08,591 [trainer.py] => NME top1 curve: [90.0]
2024-10-25 16:49:08,591 [trainer.py] => NME top5 curve: [100.0]

2024-10-25 16:49:08,591 [trainer.py] => Average Accuracy (CNN): 89.93
2024-10-25 16:49:08,591 [trainer.py] => Average Accuracy (NME): 90.0
2024-10-25 16:49:08,591 [trainer.py] => All params: 3849034
2024-10-25 16:49:08,592 [trainer.py] => Trainable params: 3849034
2024-10-25 16:49:08,631 [pod_foster.py] => Learning on 5-7
2024-10-25 16:49:08,632 [pod_foster.py] => All params: 7701139
2024-10-25 16:49:08,632 [pod_foster.py] => Trainable params: 3854670
2024-10-25 16:49:08,671 [pod_foster.py] => Adaptive factor: 1.8708286933869707
2024-10-25 16:49:08,681 [pod_foster.py] => per cls weights : [1.00484344 1.00484344 1.00484344 1.00484344 1.00484344 0.98789141
 0.98789141]
2024-10-25 16:49:11,872 [pod_foster.py] => Task 1, Epoch 1/150 => Loss 1.835, Loss_clf 0.705, Loss_fe 0.665, Loss_pod 0.235, Loss_flat 0.231, Train_accy 83.38, Test_accy 56.60
2024-10-25 16:49:21,651 [pod_foster.py] => Task 1, Epoch 6/150 => Loss 0.359, Loss_clf 0.033, Loss_fe 0.064, Loss_pod 0.156, Loss_flat 0.106, Train_accy 99.20, Test_accy 68.57
2024-10-25 16:49:31,464 [pod_foster.py] => Task 1, Epoch 11/150 => Loss 0.159, Loss_clf 0.008, Loss_fe 0.008, Loss_pod 0.090, Loss_flat 0.053, Train_accy 99.98, Test_accy 70.12
2024-10-25 16:49:41,345 [pod_foster.py] => Task 1, Epoch 16/150 => Loss 0.125, Loss_clf 0.006, Loss_fe 0.006, Loss_pod 0.073, Loss_flat 0.039, Train_accy 100.00, Test_accy 69.71
2024-10-25 16:49:51,306 [pod_foster.py] => Task 1, Epoch 21/150 => Loss 0.124, Loss_clf 0.008, Loss_fe 0.008, Loss_pod 0.072, Loss_flat 0.037, Train_accy 100.00, Test_accy 61.90
2024-10-25 16:50:01,271 [pod_foster.py] => Task 1, Epoch 26/150 => Loss 0.421, Loss_clf 0.035, Loss_fe 0.074, Loss_pod 0.183, Loss_flat 0.128, Train_accy 99.27, Test_accy 72.33
2024-10-25 16:50:11,256 [pod_foster.py] => Task 1, Epoch 31/150 => Loss 0.182, Loss_clf 0.007, Loss_fe 0.008, Loss_pod 0.108, Loss_flat 0.060, Train_accy 100.00, Test_accy 68.69
2024-10-25 16:50:21,246 [pod_foster.py] => Task 1, Epoch 36/150 => Loss 0.133, Loss_clf 0.005, Loss_fe 0.005, Loss_pod 0.083, Loss_flat 0.039, Train_accy 100.00, Test_accy 66.19
2024-10-25 16:50:31,309 [pod_foster.py] => Task 1, Epoch 41/150 => Loss 0.125, Loss_clf 0.005, Loss_fe 0.006, Loss_pod 0.077, Loss_flat 0.037, Train_accy 100.00, Test_accy 67.00
2024-10-25 16:50:41,135 [pod_foster.py] => Task 1, Epoch 46/150 => Loss 0.104, Loss_clf 0.005, Loss_fe 0.005, Loss_pod 0.066, Loss_flat 0.029, Train_accy 100.00, Test_accy 67.05
2024-10-25 16:50:51,128 [pod_foster.py] => Task 1, Epoch 51/150 => Loss 0.100, Loss_clf 0.004, Loss_fe 0.005, Loss_pod 0.064, Loss_flat 0.027, Train_accy 100.00, Test_accy 67.45
2024-10-25 16:51:01,093 [pod_foster.py] => Task 1, Epoch 56/150 => Loss 0.092, Loss_clf 0.004, Loss_fe 0.004, Loss_pod 0.058, Loss_flat 0.025, Train_accy 100.00, Test_accy 68.26
2024-10-25 16:51:11,052 [pod_foster.py] => Task 1, Epoch 61/150 => Loss 0.096, Loss_clf 0.004, Loss_fe 0.005, Loss_pod 0.060, Loss_flat 0.027, Train_accy 100.00, Test_accy 68.21
2024-10-25 16:51:20,915 [pod_foster.py] => Task 1, Epoch 66/150 => Loss 0.450, Loss_clf 0.054, Loss_fe 0.095, Loss_pod 0.185, Loss_flat 0.116, Train_accy 98.51, Test_accy 67.48
2024-10-25 16:51:30,936 [pod_foster.py] => Task 1, Epoch 71/150 => Loss 0.124, Loss_clf 0.005, Loss_fe 0.005, Loss_pod 0.079, Loss_flat 0.035, Train_accy 100.00, Test_accy 68.81
2024-10-25 16:51:40,833 [pod_foster.py] => Task 1, Epoch 76/150 => Loss 0.102, Loss_clf 0.004, Loss_fe 0.004, Loss_pod 0.065, Loss_flat 0.029, Train_accy 100.00, Test_accy 68.26
2024-10-25 16:51:51,096 [pod_foster.py] => Task 1, Epoch 81/150 => Loss 0.093, Loss_clf 0.004, Loss_fe 0.004, Loss_pod 0.059, Loss_flat 0.026, Train_accy 100.00, Test_accy 68.29
2024-10-25 16:52:01,140 [pod_foster.py] => Task 1, Epoch 86/150 => Loss 0.088, Loss_clf 0.004, Loss_fe 0.004, Loss_pod 0.055, Loss_flat 0.025, Train_accy 100.00, Test_accy 67.69
2024-10-25 16:52:11,408 [pod_foster.py] => Task 1, Epoch 91/150 => Loss 0.084, Loss_clf 0.004, Loss_fe 0.004, Loss_pod 0.053, Loss_flat 0.023, Train_accy 100.00, Test_accy 66.93
2024-10-25 16:52:21,499 [pod_foster.py] => Task 1, Epoch 96/150 => Loss 0.092, Loss_clf 0.005, Loss_fe 0.005, Loss_pod 0.055, Loss_flat 0.027, Train_accy 100.00, Test_accy 69.10
2024-10-25 16:52:31,344 [pod_foster.py] => Task 1, Epoch 101/150 => Loss 0.078, Loss_clf 0.004, Loss_fe 0.004, Loss_pod 0.047, Loss_flat 0.023, Train_accy 100.00, Test_accy 67.21
2024-10-25 16:52:41,463 [pod_foster.py] => Task 1, Epoch 106/150 => Loss 0.077, Loss_clf 0.004, Loss_fe 0.004, Loss_pod 0.046, Loss_flat 0.022, Train_accy 100.00, Test_accy 67.74
2024-10-25 16:52:51,364 [pod_foster.py] => Task 1, Epoch 111/150 => Loss 0.077, Loss_clf 0.004, Loss_fe 0.004, Loss_pod 0.046, Loss_flat 0.023, Train_accy 100.00, Test_accy 66.86
2024-10-25 16:53:01,462 [pod_foster.py] => Task 1, Epoch 116/150 => Loss 0.074, Loss_clf 0.004, Loss_fe 0.004, Loss_pod 0.044, Loss_flat 0.021, Train_accy 100.00, Test_accy 68.26
2024-10-25 16:53:11,501 [pod_foster.py] => Task 1, Epoch 121/150 => Loss 0.070, Loss_clf 0.004, Loss_fe 0.004, Loss_pod 0.042, Loss_flat 0.021, Train_accy 100.00, Test_accy 67.02
2024-10-25 16:53:21,323 [pod_foster.py] => Task 1, Epoch 126/150 => Loss 0.070, Loss_clf 0.004, Loss_fe 0.004, Loss_pod 0.041, Loss_flat 0.021, Train_accy 100.00, Test_accy 66.76
2024-10-25 16:53:31,276 [pod_foster.py] => Task 1, Epoch 131/150 => Loss 0.070, Loss_clf 0.004, Loss_fe 0.004, Loss_pod 0.041, Loss_flat 0.021, Train_accy 100.00, Test_accy 66.90
2024-10-25 16:53:41,025 [pod_foster.py] => Task 1, Epoch 136/150 => Loss 0.067, Loss_clf 0.004, Loss_fe 0.004, Loss_pod 0.039, Loss_flat 0.021, Train_accy 100.00, Test_accy 67.12
2024-10-25 16:53:50,851 [pod_foster.py] => Task 1, Epoch 141/150 => Loss 0.067, Loss_clf 0.004, Loss_fe 0.004, Loss_pod 0.039, Loss_flat 0.021, Train_accy 100.00, Test_accy 67.12
2024-10-25 16:54:00,729 [pod_foster.py] => Task 1, Epoch 146/150 => Loss 0.069, Loss_clf 0.004, Loss_fe 0.004, Loss_pod 0.040, Loss_flat 0.021, Train_accy 100.00, Test_accy 68.43
2024-10-25 16:54:07,855 [pod_foster.py] => Task 1, Epoch 150/150 => Loss 0.068, Loss_clf 0.004, Loss_fe 0.004, Loss_pod 0.039, Loss_flat 0.021, Train_accy 100.00
2024-10-25 16:54:07,857 [inc_net.py] => align weights, gamma = 0.525378942489624 
2024-10-25 16:54:07,858 [pod_foster.py] => per cls weights : [1.01377356 1.01377356 1.01377356 1.01377356 1.01377356 0.96556609
 0.96556609]
2024-10-25 16:54:10,105 [pod_foster.py] => SNet: Task 1, Epoch 1/120 => Loss 1.256,  Train_accy 69.27, Test_accy 66.95
2024-10-25 16:54:18,790 [pod_foster.py] => SNet: Task 1, Epoch 6/120 => Loss 0.965,  Train_accy 93.64, Test_accy 76.69
2024-10-25 16:54:27,319 [pod_foster.py] => SNet: Task 1, Epoch 11/120 => Loss 0.959,  Train_accy 94.76, Test_accy 76.86
2024-10-25 16:54:36,100 [pod_foster.py] => SNet: Task 1, Epoch 16/120 => Loss 0.951,  Train_accy 94.89, Test_accy 77.45
2024-10-25 16:54:44,728 [pod_foster.py] => SNet: Task 1, Epoch 21/120 => Loss 0.954,  Train_accy 95.24, Test_accy 77.93
2024-10-25 16:54:53,541 [pod_foster.py] => SNet: Task 1, Epoch 26/120 => Loss 0.950,  Train_accy 95.16, Test_accy 78.29
2024-10-25 16:55:02,153 [pod_foster.py] => SNet: Task 1, Epoch 31/120 => Loss 0.952,  Train_accy 95.29, Test_accy 77.90
2024-10-25 16:55:10,847 [pod_foster.py] => SNet: Task 1, Epoch 36/120 => Loss 0.951,  Train_accy 95.09, Test_accy 77.43
2024-10-25 16:55:19,644 [pod_foster.py] => SNet: Task 1, Epoch 41/120 => Loss 0.948,  Train_accy 95.49, Test_accy 78.00
2024-10-25 16:55:28,594 [pod_foster.py] => SNet: Task 1, Epoch 46/120 => Loss 0.946,  Train_accy 95.56, Test_accy 78.36
2024-10-25 16:55:37,404 [pod_foster.py] => SNet: Task 1, Epoch 51/120 => Loss 0.948,  Train_accy 95.44, Test_accy 77.86
2024-10-25 16:55:46,789 [pod_foster.py] => SNet: Task 1, Epoch 56/120 => Loss 0.946,  Train_accy 95.49, Test_accy 78.21
2024-10-25 16:55:55,981 [pod_foster.py] => SNet: Task 1, Epoch 61/120 => Loss 0.946,  Train_accy 95.36, Test_accy 77.76
2024-10-25 16:56:04,754 [pod_foster.py] => SNet: Task 1, Epoch 66/120 => Loss 0.947,  Train_accy 95.93, Test_accy 77.45
2024-10-25 16:56:13,522 [pod_foster.py] => SNet: Task 1, Epoch 71/120 => Loss 0.947,  Train_accy 95.60, Test_accy 78.83
2024-10-25 16:56:22,359 [pod_foster.py] => SNet: Task 1, Epoch 76/120 => Loss 0.947,  Train_accy 95.69, Test_accy 79.12
2024-10-25 16:56:30,968 [pod_foster.py] => SNet: Task 1, Epoch 81/120 => Loss 0.944,  Train_accy 95.51, Test_accy 78.90
2024-10-25 16:56:39,912 [pod_foster.py] => SNet: Task 1, Epoch 86/120 => Loss 0.946,  Train_accy 95.82, Test_accy 78.79
2024-10-25 16:56:48,874 [pod_foster.py] => SNet: Task 1, Epoch 91/120 => Loss 0.947,  Train_accy 95.69, Test_accy 79.00
2024-10-25 16:56:57,626 [pod_foster.py] => SNet: Task 1, Epoch 96/120 => Loss 0.944,  Train_accy 96.18, Test_accy 78.10
2024-10-25 16:57:06,423 [pod_foster.py] => SNet: Task 1, Epoch 101/120 => Loss 0.943,  Train_accy 95.73, Test_accy 78.55
2024-10-25 16:57:15,057 [pod_foster.py] => SNet: Task 1, Epoch 106/120 => Loss 0.945,  Train_accy 95.58, Test_accy 78.98
2024-10-25 16:57:23,685 [pod_foster.py] => SNet: Task 1, Epoch 111/120 => Loss 0.946,  Train_accy 95.89, Test_accy 79.36
2024-10-25 16:57:32,252 [pod_foster.py] => SNet: Task 1, Epoch 116/120 => Loss 0.945,  Train_accy 95.89, Test_accy 78.36
2024-10-25 16:57:38,681 [pod_foster.py] => SNet: Task 1, Epoch 120/120 => Loss 0.944,  Train_accy 96.09
2024-10-25 16:57:38,682 [pod_foster.py] => do not weight align student!
2024-10-25 16:57:39,365 [pod_foster.py] => darknet eval: 
2024-10-25 16:57:39,366 [pod_foster.py] => CNN top1 curve: 78.67
2024-10-25 16:57:39,366 [pod_foster.py] => CNN top5 curve: 98.76
2024-10-25 16:57:39,367 [pod_foster.py] => All params after compression: 3851086
2024-10-25 16:57:39,367 [base.py] => Reducing exemplars...(71 per classes)
2024-10-25 16:57:40,689 [base.py] => Constructing exemplars...(71 per classes)
2024-10-25 16:57:44,091 [trainer.py] => All params: 7701139
2024-10-25 16:57:45,861 [pod_foster.py] => Exemplar size: 497
2024-10-25 16:57:45,862 [trainer.py] => CNN: {'total': 79.79, '00-04': 78.13, '05-06': 83.92, 'old': 78.13, 'new': 83.92}
2024-10-25 16:57:45,862 [trainer.py] => NME: {'total': 73.57, '00-04': 79.0, '05-06': 60.0, 'old': 79.0, 'new': 60.0}
2024-10-25 16:57:45,862 [trainer.py] => CNN top1 curve: [89.93, 79.79]
2024-10-25 16:57:45,862 [trainer.py] => CNN top5 curve: [100.0, 98.64]
2024-10-25 16:57:45,862 [trainer.py] => NME top1 curve: [90.0, 73.57]
2024-10-25 16:57:45,862 [trainer.py] => NME top5 curve: [100.0, 98.88]

2024-10-25 16:57:45,862 [trainer.py] => Average Accuracy (CNN): 84.86000000000001
2024-10-25 16:57:45,862 [trainer.py] => Average Accuracy (NME): 81.785
2024-10-25 16:57:45,863 [trainer.py] => All params: 7701139
2024-10-25 16:57:45,863 [trainer.py] => Trainable params: 3854670
2024-10-25 16:57:45,901 [pod_foster.py] => Learning on 7-9
2024-10-25 16:57:45,902 [pod_foster.py] => All params: 7705241
2024-10-25 16:57:45,903 [pod_foster.py] => Trainable params: 3857746
2024-10-25 16:57:45,950 [pod_foster.py] => Adaptive factor: 2.1213203435596424
2024-10-25 16:57:45,960 [pod_foster.py] => per cls weights : [1.01239929 1.01239929 1.01239929 1.01239929 1.01239929 1.01239929
 1.01239929 0.95660248 0.95660248]
2024-10-25 16:57:49,135 [pod_foster.py] => Task 2, Epoch 1/150 => Loss 1.877, Loss_clf 0.700, Loss_fe 0.663, Loss_pod 0.283, Loss_flat 0.230, Train_accy 85.72, Test_accy 65.63
2024-10-25 16:57:59,447 [pod_foster.py] => Task 2, Epoch 6/150 => Loss 0.242, Loss_clf 0.011, Loss_fe 0.038, Loss_pod 0.122, Loss_flat 0.071, Train_accy 99.98, Test_accy 62.65
2024-10-25 16:58:09,882 [pod_foster.py] => Task 2, Epoch 11/150 => Loss 0.137, Loss_clf 0.007, Loss_fe 0.010, Loss_pod 0.082, Loss_flat 0.037, Train_accy 100.00, Test_accy 64.94
2024-10-25 16:58:20,110 [pod_foster.py] => Task 2, Epoch 16/150 => Loss 0.271, Loss_clf 0.015, Loss_fe 0.030, Loss_pod 0.149, Loss_flat 0.077, Train_accy 99.76, Test_accy 65.13
2024-10-25 16:58:30,364 [pod_foster.py] => Task 2, Epoch 21/150 => Loss 0.132, Loss_clf 0.005, Loss_fe 0.006, Loss_pod 0.086, Loss_flat 0.035, Train_accy 100.00, Test_accy 67.06
2024-10-25 16:58:40,837 [pod_foster.py] => Task 2, Epoch 26/150 => Loss 0.129, Loss_clf 0.006, Loss_fe 0.006, Loss_pod 0.083, Loss_flat 0.034, Train_accy 100.00, Test_accy 65.30
2024-10-25 16:58:51,171 [pod_foster.py] => Task 2, Epoch 31/150 => Loss 0.114, Loss_clf 0.004, Loss_fe 0.005, Loss_pod 0.076, Loss_flat 0.029, Train_accy 100.00, Test_accy 67.26
2024-10-25 16:59:01,576 [pod_foster.py] => Task 2, Epoch 36/150 => Loss 0.104, Loss_clf 0.004, Loss_fe 0.005, Loss_pod 0.070, Loss_flat 0.025, Train_accy 100.00, Test_accy 65.59
2024-10-25 16:59:11,895 [pod_foster.py] => Task 2, Epoch 41/150 => Loss 0.266, Loss_clf 0.017, Loss_fe 0.029, Loss_pod 0.145, Loss_flat 0.075, Train_accy 99.71, Test_accy 69.19
2024-10-25 16:59:22,353 [pod_foster.py] => Task 2, Epoch 46/150 => Loss 0.123, Loss_clf 0.004, Loss_fe 0.004, Loss_pod 0.081, Loss_flat 0.033, Train_accy 100.00, Test_accy 67.94
2024-10-25 16:59:32,819 [pod_foster.py] => Task 2, Epoch 51/150 => Loss 0.109, Loss_clf 0.005, Loss_fe 0.005, Loss_pod 0.072, Loss_flat 0.028, Train_accy 100.00, Test_accy 64.93
2024-10-25 16:59:43,523 [pod_foster.py] => Task 2, Epoch 56/150 => Loss 0.102, Loss_clf 0.005, Loss_fe 0.005, Loss_pod 0.067, Loss_flat 0.025, Train_accy 100.00, Test_accy 60.57
2024-10-25 16:59:53,981 [pod_foster.py] => Task 2, Epoch 61/150 => Loss 0.098, Loss_clf 0.004, Loss_fe 0.005, Loss_pod 0.064, Loss_flat 0.025, Train_accy 100.00, Test_accy 65.33
2024-10-25 17:00:04,149 [pod_foster.py] => Task 2, Epoch 66/150 => Loss 0.118, Loss_clf 0.006, Loss_fe 0.007, Loss_pod 0.073, Loss_flat 0.032, Train_accy 99.98, Test_accy 71.04
2024-10-25 17:00:14,452 [pod_foster.py] => Task 2, Epoch 71/150 => Loss 0.124, Loss_clf 0.006, Loss_fe 0.007, Loss_pod 0.079, Loss_flat 0.032, Train_accy 99.91, Test_accy 65.87
2024-10-25 17:00:24,794 [pod_foster.py] => Task 2, Epoch 76/150 => Loss 0.091, Loss_clf 0.004, Loss_fe 0.004, Loss_pod 0.060, Loss_flat 0.024, Train_accy 100.00, Test_accy 66.17
2024-10-25 17:00:35,195 [pod_foster.py] => Task 2, Epoch 81/150 => Loss 0.094, Loss_clf 0.004, Loss_fe 0.005, Loss_pod 0.060, Loss_flat 0.025, Train_accy 100.00, Test_accy 65.06
2024-10-25 17:00:45,540 [pod_foster.py] => Task 2, Epoch 86/150 => Loss 0.089, Loss_clf 0.004, Loss_fe 0.004, Loss_pod 0.059, Loss_flat 0.022, Train_accy 100.00, Test_accy 64.81
2024-10-25 17:00:56,020 [pod_foster.py] => Task 2, Epoch 91/150 => Loss 0.084, Loss_clf 0.004, Loss_fe 0.004, Loss_pod 0.055, Loss_flat 0.021, Train_accy 100.00, Test_accy 64.83
2024-10-25 17:01:06,650 [pod_foster.py] => Task 2, Epoch 96/150 => Loss 0.085, Loss_clf 0.004, Loss_fe 0.004, Loss_pod 0.054, Loss_flat 0.022, Train_accy 100.00, Test_accy 65.44
2024-10-25 17:01:16,937 [pod_foster.py] => Task 2, Epoch 101/150 => Loss 0.084, Loss_clf 0.004, Loss_fe 0.004, Loss_pod 0.054, Loss_flat 0.021, Train_accy 100.00, Test_accy 64.85
2024-10-25 17:01:27,515 [pod_foster.py] => Task 2, Epoch 106/150 => Loss 0.090, Loss_clf 0.005, Loss_fe 0.005, Loss_pod 0.055, Loss_flat 0.025, Train_accy 100.00, Test_accy 63.63
2024-10-25 17:01:37,732 [pod_foster.py] => Task 2, Epoch 111/150 => Loss 0.082, Loss_clf 0.004, Loss_fe 0.004, Loss_pod 0.051, Loss_flat 0.022, Train_accy 100.00, Test_accy 65.83
2024-10-25 17:01:48,248 [pod_foster.py] => Task 2, Epoch 116/150 => Loss 0.082, Loss_clf 0.005, Loss_fe 0.005, Loss_pod 0.051, Loss_flat 0.022, Train_accy 100.00, Test_accy 64.57
2024-10-25 17:01:58,748 [pod_foster.py] => Task 2, Epoch 121/150 => Loss 0.073, Loss_clf 0.004, Loss_fe 0.004, Loss_pod 0.045, Loss_flat 0.020, Train_accy 100.00, Test_accy 64.87
2024-10-25 17:02:09,056 [pod_foster.py] => Task 2, Epoch 126/150 => Loss 0.074, Loss_clf 0.004, Loss_fe 0.004, Loss_pod 0.046, Loss_flat 0.020, Train_accy 100.00, Test_accy 66.09
2024-10-25 17:02:19,278 [pod_foster.py] => Task 2, Epoch 131/150 => Loss 0.070, Loss_clf 0.004, Loss_fe 0.004, Loss_pod 0.042, Loss_flat 0.020, Train_accy 100.00, Test_accy 65.80
2024-10-25 17:02:29,548 [pod_foster.py] => Task 2, Epoch 136/150 => Loss 0.068, Loss_clf 0.003, Loss_fe 0.004, Loss_pod 0.042, Loss_flat 0.020, Train_accy 100.00, Test_accy 66.65
2024-10-25 17:02:39,855 [pod_foster.py] => Task 2, Epoch 141/150 => Loss 0.067, Loss_clf 0.004, Loss_fe 0.004, Loss_pod 0.040, Loss_flat 0.019, Train_accy 100.00, Test_accy 66.56
2024-10-25 17:02:50,159 [pod_foster.py] => Task 2, Epoch 146/150 => Loss 0.071, Loss_clf 0.004, Loss_fe 0.004, Loss_pod 0.042, Loss_flat 0.021, Train_accy 100.00, Test_accy 62.83
2024-10-25 17:02:57,604 [pod_foster.py] => Task 2, Epoch 150/150 => Loss 0.065, Loss_clf 0.003, Loss_fe 0.004, Loss_pod 0.039, Loss_flat 0.019, Train_accy 100.00
2024-10-25 17:02:57,605 [inc_net.py] => align weights, gamma = 0.516867995262146 
2024-10-25 17:02:57,607 [pod_foster.py] => per cls weights : [1.02623168 1.02623168 1.02623168 1.02623168 1.02623168 1.02623168
 1.02623168 0.90818914 0.90818914]
2024-10-25 17:03:00,255 [pod_foster.py] => SNet: Task 2, Epoch 1/120 => Loss 1.559,  Train_accy 73.92, Test_accy 61.52
2024-10-25 17:03:09,179 [pod_foster.py] => SNet: Task 2, Epoch 6/120 => Loss 1.293,  Train_accy 96.06, Test_accy 72.65
2024-10-25 17:03:17,805 [pod_foster.py] => SNet: Task 2, Epoch 11/120 => Loss 1.294,  Train_accy 96.73, Test_accy 72.61
2024-10-25 17:03:26,819 [pod_foster.py] => SNet: Task 2, Epoch 16/120 => Loss 1.289,  Train_accy 96.86, Test_accy 73.50
2024-10-25 17:03:36,106 [pod_foster.py] => SNet: Task 2, Epoch 21/120 => Loss 1.291,  Train_accy 96.44, Test_accy 73.24
2024-10-25 17:03:45,181 [pod_foster.py] => SNet: Task 2, Epoch 26/120 => Loss 1.288,  Train_accy 97.33, Test_accy 74.85
2024-10-25 17:03:54,112 [pod_foster.py] => SNet: Task 2, Epoch 31/120 => Loss 1.285,  Train_accy 96.93, Test_accy 75.50
2024-10-25 17:04:03,007 [pod_foster.py] => SNet: Task 2, Epoch 36/120 => Loss 1.286,  Train_accy 97.11, Test_accy 76.31
2024-10-25 17:04:12,087 [pod_foster.py] => SNet: Task 2, Epoch 41/120 => Loss 1.284,  Train_accy 97.04, Test_accy 76.63
2024-10-25 17:04:21,073 [pod_foster.py] => SNet: Task 2, Epoch 46/120 => Loss 1.285,  Train_accy 97.55, Test_accy 75.52
2024-10-25 17:04:30,210 [pod_foster.py] => SNet: Task 2, Epoch 51/120 => Loss 1.286,  Train_accy 97.20, Test_accy 75.39
2024-10-25 17:04:39,308 [pod_foster.py] => SNet: Task 2, Epoch 56/120 => Loss 1.285,  Train_accy 97.06, Test_accy 75.98
2024-10-25 17:04:48,234 [pod_foster.py] => SNet: Task 2, Epoch 61/120 => Loss 1.286,  Train_accy 97.31, Test_accy 75.96
2024-10-25 17:04:57,354 [pod_foster.py] => SNet: Task 2, Epoch 66/120 => Loss 1.281,  Train_accy 97.38, Test_accy 76.43
2024-10-25 17:05:06,236 [pod_foster.py] => SNet: Task 2, Epoch 71/120 => Loss 1.284,  Train_accy 97.44, Test_accy 76.43
2024-10-25 17:05:15,199 [pod_foster.py] => SNet: Task 2, Epoch 76/120 => Loss 1.285,  Train_accy 97.31, Test_accy 76.20
2024-10-25 17:05:24,264 [pod_foster.py] => SNet: Task 2, Epoch 81/120 => Loss 1.287,  Train_accy 97.38, Test_accy 76.19
2024-10-25 17:05:33,222 [pod_foster.py] => SNet: Task 2, Epoch 86/120 => Loss 1.279,  Train_accy 97.55, Test_accy 75.91
2024-10-25 17:05:42,076 [pod_foster.py] => SNet: Task 2, Epoch 91/120 => Loss 1.283,  Train_accy 97.51, Test_accy 76.35
2024-10-25 17:05:51,206 [pod_foster.py] => SNet: Task 2, Epoch 96/120 => Loss 1.278,  Train_accy 97.53, Test_accy 76.67
2024-10-25 17:06:00,028 [pod_foster.py] => SNet: Task 2, Epoch 101/120 => Loss 1.281,  Train_accy 97.58, Test_accy 76.54
2024-10-25 17:06:09,149 [pod_foster.py] => SNet: Task 2, Epoch 106/120 => Loss 1.282,  Train_accy 97.44, Test_accy 76.87
2024-10-25 17:06:18,376 [pod_foster.py] => SNet: Task 2, Epoch 111/120 => Loss 1.283,  Train_accy 97.53, Test_accy 76.87
2024-10-25 17:06:27,416 [pod_foster.py] => SNet: Task 2, Epoch 116/120 => Loss 1.285,  Train_accy 97.53, Test_accy 75.74
2024-10-25 17:06:33,734 [pod_foster.py] => SNet: Task 2, Epoch 120/120 => Loss 1.282,  Train_accy 97.58
2024-10-25 17:06:33,734 [pod_foster.py] => do not weight align student!
2024-10-25 17:06:34,578 [pod_foster.py] => darknet eval: 
2024-10-25 17:06:34,578 [pod_foster.py] => CNN top1 curve: 76.98
2024-10-25 17:06:34,578 [pod_foster.py] => CNN top5 curve: 96.37
2024-10-25 17:06:34,580 [pod_foster.py] => All params after compression: 3853138
2024-10-25 17:06:34,580 [base.py] => Reducing exemplars...(55 per classes)
2024-10-25 17:06:36,261 [base.py] => Constructing exemplars...(55 per classes)
2024-10-25 17:06:39,346 [trainer.py] => All params: 7705241
2024-10-25 17:06:41,591 [pod_foster.py] => Exemplar size: 495
2024-10-25 17:06:41,591 [trainer.py] => CNN: {'total': 75.8, '00-04': 65.43, '05-06': 87.25, '07-08': 90.25, 'old': 71.67, 'new': 90.25}
2024-10-25 17:06:41,591 [trainer.py] => NME: {'total': 72.67, '00-04': 68.73, '05-06': 74.08, '07-08': 81.08, 'old': 70.26, 'new': 81.08}
2024-10-25 17:06:41,591 [trainer.py] => CNN top1 curve: [89.93, 79.79, 75.8]
2024-10-25 17:06:41,591 [trainer.py] => CNN top5 curve: [100.0, 98.64, 96.0]
2024-10-25 17:06:41,591 [trainer.py] => NME top1 curve: [90.0, 73.57, 72.67]
2024-10-25 17:06:41,591 [trainer.py] => NME top5 curve: [100.0, 98.88, 96.39]

2024-10-25 17:06:41,591 [trainer.py] => Average Accuracy (CNN): 81.84000000000002
2024-10-25 17:06:41,591 [trainer.py] => Average Accuracy (NME): 78.74666666666667
2024-10-25 17:06:41,592 [trainer.py] => Forgetting (CNN): 12.25
