2024-10-31 15:35:08,792 [trainer.py] => config: ./exps/POD_foster.json
2024-10-31 15:35:08,792 [trainer.py] => prefix: cil
2024-10-31 15:35:08,792 [trainer.py] => dataset: hrrp9
2024-10-31 15:35:08,792 [trainer.py] => memory_size: 500
2024-10-31 15:35:08,792 [trainer.py] => memory_per_class: 20
2024-10-31 15:35:08,792 [trainer.py] => fixed_memory: False
2024-10-31 15:35:08,792 [trainer.py] => shuffle: True
2024-10-31 15:35:08,792 [trainer.py] => init_cls: 5
2024-10-31 15:35:08,792 [trainer.py] => increment: 2
2024-10-31 15:35:08,792 [trainer.py] => model_name: POD_foster
2024-10-31 15:35:08,792 [trainer.py] => convnet_type: resnet18
2024-10-31 15:35:08,792 [trainer.py] => init_train: False
2024-10-31 15:35:08,792 [trainer.py] => convnet_path1: checkpoints/init_train/resnet18_35172.pth
2024-10-31 15:35:08,792 [trainer.py] => fc_path1: checkpoints/init_train/fc_35172.pth
2024-10-31 15:35:08,792 [trainer.py] => convnet_path: checkpoints/init_train/resnet18_42503.pth
2024-10-31 15:35:08,792 [trainer.py] => fc_path: checkpoints/init_train/fc_42503.pth
2024-10-31 15:35:08,792 [trainer.py] => convnet_path2: checkpoints/init_train/resnet18_42871.pth
2024-10-31 15:35:08,792 [trainer.py] => fc_path2: checkpoints/init_train/fc_42871.pth
2024-10-31 15:35:08,793 [trainer.py] => device: [device(type='cuda', index=2)]
2024-10-31 15:35:08,793 [trainer.py] => seed: 1993
2024-10-31 15:35:08,793 [trainer.py] => beta1: 0.96
2024-10-31 15:35:08,793 [trainer.py] => beta2: 0.97
2024-10-31 15:35:08,793 [trainer.py] => oofc: ft
2024-10-31 15:35:08,793 [trainer.py] => is_teacher_wa: True
2024-10-31 15:35:08,793 [trainer.py] => is_student_wa: False
2024-10-31 15:35:08,793 [trainer.py] => is_teacher_la: True
2024-10-31 15:35:08,793 [trainer.py] => is_student_la: True
2024-10-31 15:35:08,793 [trainer.py] => lambda_okd: 0
2024-10-31 15:35:08,793 [trainer.py] => wa_value: 1
2024-10-31 15:35:08,793 [trainer.py] => init_epochs: 0
2024-10-31 15:35:08,793 [trainer.py] => init_lr: 0.1
2024-10-31 15:35:08,793 [trainer.py] => init_weight_decay: 0.0005
2024-10-31 15:35:08,793 [trainer.py] => boosting_epochs: 150
2024-10-31 15:35:08,793 [trainer.py] => compression_epochs: 120
2024-10-31 15:35:08,793 [trainer.py] => lr: 0.1
2024-10-31 15:35:08,793 [trainer.py] => batch_size: 128
2024-10-31 15:35:08,793 [trainer.py] => weight_decay: 0.0005
2024-10-31 15:35:08,793 [trainer.py] => num_workers: 8
2024-10-31 15:35:08,793 [trainer.py] => momentum: 0.9
2024-10-31 15:35:08,793 [trainer.py] => T: 2
2024-10-31 15:35:08,793 [trainer.py] => lambda_c_base: 0.8
2024-10-31 15:35:08,794 [trainer.py] => lambda_f_base: 1.0
2024-10-31 15:35:08,794 [trainer.py] => POD: w
2024-10-31 15:35:09,431 [data_manager.py] => [4, 2, 5, 0, 3, 6, 7, 8, 1]
2024-10-31 15:35:09,470 [trainer.py] => All params: 0
2024-10-31 15:35:09,470 [trainer.py] => Trainable params: 0
2024-10-31 15:35:09,929 [pod_foster.py] => Learning on 0-5
2024-10-31 15:35:09,930 [pod_foster.py] => All params: 3849034
2024-10-31 15:35:09,930 [pod_foster.py] => Trainable params: 3849034
2024-10-31 15:35:09,976 [pod_foster.py] => Adaptive factor: 0
2024-10-31 15:35:10,150 [pod_foster.py] => init_train?---False
2024-10-31 15:35:11,152 [base.py] => Reducing exemplars...(100 per classes)
2024-10-31 15:35:11,152 [base.py] => Constructing exemplars...(100 per classes)
2024-10-31 15:35:16,527 [trainer.py] => All params: 3849034
2024-10-31 15:35:17,546 [pod_foster.py] => Exemplar size: 500
2024-10-31 15:35:17,547 [trainer.py] => CNN: {'total': 89.93, '00-04': 89.93, 'old': 0, 'new': 89.93}
2024-10-31 15:35:17,547 [trainer.py] => NME: {'total': 90.0, '00-04': 90.0, 'old': 0, 'new': 90.0}
2024-10-31 15:35:17,547 [trainer.py] => CNN top1 curve: [89.93]
2024-10-31 15:35:17,547 [trainer.py] => CNN top5 curve: [100.0]
2024-10-31 15:35:17,547 [trainer.py] => NME top1 curve: [90.0]
2024-10-31 15:35:17,547 [trainer.py] => NME top5 curve: [100.0]

2024-10-31 15:35:17,547 [trainer.py] => Average Accuracy (CNN): 89.93
2024-10-31 15:35:17,547 [trainer.py] => Average Accuracy (NME): 90.0
2024-10-31 15:35:17,547 [trainer.py] => All params: 3849034
2024-10-31 15:35:17,548 [trainer.py] => Trainable params: 3849034
2024-10-31 15:35:17,590 [pod_foster.py] => Learning on 5-7
2024-10-31 15:35:17,591 [pod_foster.py] => All params: 7701139
2024-10-31 15:35:17,592 [pod_foster.py] => Trainable params: 3854670
2024-10-31 15:35:17,602 [pod_foster.py] => Adaptive factor: 1.8708286933869707
2024-10-31 15:35:17,611 [pod_foster.py] => per cls weights : [1.00484344 1.00484344 1.00484344 1.00484344 1.00484344 0.98789141
 0.98789141]
2024-10-31 15:35:20,473 [pod_foster.py] => Task 1, Epoch 1/150 => Loss 1.171, Loss_clf 0.763, Loss_fe 0.000, Loss_pod 0.293, Loss_flat 0.114, Train_accy 81.62, Test_accy 68.86
2024-10-31 15:35:29,487 [pod_foster.py] => Task 1, Epoch 6/150 => Loss 0.210, Loss_clf 0.022, Loss_fe 0.000, Loss_pod 0.156, Loss_flat 0.032, Train_accy 99.96, Test_accy 68.71
2024-10-31 15:35:38,213 [pod_foster.py] => Task 1, Epoch 11/150 => Loss 0.208, Loss_clf 0.021, Loss_fe 0.000, Loss_pod 0.159, Loss_flat 0.027, Train_accy 99.69, Test_accy 70.48
2024-10-31 15:35:46,858 [pod_foster.py] => Task 1, Epoch 16/150 => Loss 0.170, Loss_clf 0.011, Loss_fe 0.000, Loss_pod 0.139, Loss_flat 0.020, Train_accy 99.98, Test_accy 68.14
2024-10-31 15:35:55,612 [pod_foster.py] => Task 1, Epoch 21/150 => Loss 0.169, Loss_clf 0.013, Loss_fe 0.000, Loss_pod 0.136, Loss_flat 0.019, Train_accy 99.98, Test_accy 69.10
2024-10-31 15:36:04,209 [pod_foster.py] => Task 1, Epoch 26/150 => Loss 0.268, Loss_clf 0.026, Loss_fe 0.000, Loss_pod 0.198, Loss_flat 0.044, Train_accy 99.64, Test_accy 70.50
2024-10-31 15:36:12,851 [pod_foster.py] => Task 1, Epoch 31/150 => Loss 0.168, Loss_clf 0.011, Loss_fe 0.000, Loss_pod 0.136, Loss_flat 0.021, Train_accy 100.00, Test_accy 68.81
2024-10-31 15:36:21,493 [pod_foster.py] => Task 1, Epoch 36/150 => Loss 0.151, Loss_clf 0.008, Loss_fe 0.000, Loss_pod 0.126, Loss_flat 0.017, Train_accy 100.00, Test_accy 65.50
2024-10-31 15:36:30,303 [pod_foster.py] => Task 1, Epoch 41/150 => Loss 0.138, Loss_clf 0.008, Loss_fe 0.000, Loss_pod 0.116, Loss_flat 0.014, Train_accy 100.00, Test_accy 66.02
2024-10-31 15:36:38,990 [pod_foster.py] => Task 1, Epoch 46/150 => Loss 0.140, Loss_clf 0.008, Loss_fe 0.000, Loss_pod 0.118, Loss_flat 0.014, Train_accy 100.00, Test_accy 67.14
2024-10-31 15:36:47,580 [pod_foster.py] => Task 1, Epoch 51/150 => Loss 0.143, Loss_clf 0.007, Loss_fe 0.000, Loss_pod 0.121, Loss_flat 0.014, Train_accy 100.00, Test_accy 65.69
2024-10-31 15:36:56,433 [pod_foster.py] => Task 1, Epoch 56/150 => Loss 0.130, Loss_clf 0.007, Loss_fe 0.000, Loss_pod 0.110, Loss_flat 0.013, Train_accy 100.00, Test_accy 67.14
2024-10-31 15:37:05,074 [pod_foster.py] => Task 1, Epoch 61/150 => Loss 0.209, Loss_clf 0.026, Loss_fe 0.000, Loss_pod 0.154, Loss_flat 0.028, Train_accy 99.36, Test_accy 66.52
2024-10-31 15:37:13,685 [pod_foster.py] => Task 1, Epoch 66/150 => Loss 0.144, Loss_clf 0.009, Loss_fe 0.000, Loss_pod 0.120, Loss_flat 0.016, Train_accy 100.00, Test_accy 65.64
2024-10-31 15:37:22,574 [pod_foster.py] => Task 1, Epoch 71/150 => Loss 0.134, Loss_clf 0.007, Loss_fe 0.000, Loss_pod 0.113, Loss_flat 0.014, Train_accy 100.00, Test_accy 66.79
2024-10-31 15:37:31,176 [pod_foster.py] => Task 1, Epoch 76/150 => Loss 0.124, Loss_clf 0.007, Loss_fe 0.000, Loss_pod 0.105, Loss_flat 0.013, Train_accy 100.00, Test_accy 65.40
2024-10-31 15:37:39,540 [pod_foster.py] => Task 1, Epoch 81/150 => Loss 0.121, Loss_clf 0.007, Loss_fe 0.000, Loss_pod 0.102, Loss_flat 0.012, Train_accy 100.00, Test_accy 69.21
2024-10-31 15:37:48,319 [pod_foster.py] => Task 1, Epoch 86/150 => Loss 0.122, Loss_clf 0.007, Loss_fe 0.000, Loss_pod 0.102, Loss_flat 0.013, Train_accy 100.00, Test_accy 65.31
2024-10-31 15:37:57,025 [pod_foster.py] => Task 1, Epoch 91/150 => Loss 0.115, Loss_clf 0.007, Loss_fe 0.000, Loss_pod 0.097, Loss_flat 0.012, Train_accy 100.00, Test_accy 66.29
2024-10-31 15:38:05,840 [pod_foster.py] => Task 1, Epoch 96/150 => Loss 0.111, Loss_clf 0.007, Loss_fe 0.000, Loss_pod 0.093, Loss_flat 0.012, Train_accy 100.00, Test_accy 68.00
2024-10-31 15:38:14,570 [pod_foster.py] => Task 1, Epoch 101/150 => Loss 0.107, Loss_clf 0.007, Loss_fe 0.000, Loss_pod 0.089, Loss_flat 0.011, Train_accy 100.00, Test_accy 66.60
2024-10-31 15:38:23,100 [pod_foster.py] => Task 1, Epoch 106/150 => Loss 0.105, Loss_clf 0.007, Loss_fe 0.000, Loss_pod 0.087, Loss_flat 0.011, Train_accy 100.00, Test_accy 67.71
2024-10-31 15:38:31,957 [pod_foster.py] => Task 1, Epoch 111/150 => Loss 0.104, Loss_clf 0.007, Loss_fe 0.000, Loss_pod 0.086, Loss_flat 0.011, Train_accy 100.00, Test_accy 65.86
2024-10-31 15:38:40,711 [pod_foster.py] => Task 1, Epoch 116/150 => Loss 0.101, Loss_clf 0.007, Loss_fe 0.000, Loss_pod 0.084, Loss_flat 0.010, Train_accy 100.00, Test_accy 67.57
2024-10-31 15:38:49,357 [pod_foster.py] => Task 1, Epoch 121/150 => Loss 0.095, Loss_clf 0.006, Loss_fe 0.000, Loss_pod 0.078, Loss_flat 0.010, Train_accy 100.00, Test_accy 66.69
2024-10-31 15:38:58,044 [pod_foster.py] => Task 1, Epoch 126/150 => Loss 0.094, Loss_clf 0.007, Loss_fe 0.000, Loss_pod 0.078, Loss_flat 0.010, Train_accy 100.00, Test_accy 66.02
2024-10-31 15:39:06,885 [pod_foster.py] => Task 1, Epoch 131/150 => Loss 0.093, Loss_clf 0.006, Loss_fe 0.000, Loss_pod 0.077, Loss_flat 0.010, Train_accy 100.00, Test_accy 65.64
2024-10-31 15:39:15,532 [pod_foster.py] => Task 1, Epoch 136/150 => Loss 0.086, Loss_clf 0.006, Loss_fe 0.000, Loss_pod 0.071, Loss_flat 0.009, Train_accy 100.00, Test_accy 67.36
2024-10-31 15:39:24,124 [pod_foster.py] => Task 1, Epoch 141/150 => Loss 0.087, Loss_clf 0.007, Loss_fe 0.000, Loss_pod 0.071, Loss_flat 0.010, Train_accy 100.00, Test_accy 66.48
2024-10-31 15:39:32,669 [pod_foster.py] => Task 1, Epoch 146/150 => Loss 0.090, Loss_clf 0.006, Loss_fe 0.000, Loss_pod 0.075, Loss_flat 0.009, Train_accy 100.00, Test_accy 67.43
2024-10-31 15:39:39,097 [pod_foster.py] => Task 1, Epoch 150/150 => Loss 0.088, Loss_clf 0.007, Loss_fe 0.000, Loss_pod 0.072, Loss_flat 0.010, Train_accy 100.00
2024-10-31 15:39:39,098 [inc_net.py] => align weights, gamma = 0.46931546926498413 
2024-10-31 15:39:39,099 [pod_foster.py] => per cls weights : [1.01377356 1.01377356 1.01377356 1.01377356 1.01377356 0.96556609
 0.96556609]
2024-10-31 15:39:41,060 [pod_foster.py] => SNet: Task 1, Epoch 1/120 => Loss 1.357,  Train_accy 69.78, Test_accy 62.10
2024-10-31 15:39:48,535 [pod_foster.py] => SNet: Task 1, Epoch 6/120 => Loss 1.089,  Train_accy 96.02, Test_accy 75.79
2024-10-31 15:39:56,539 [pod_foster.py] => SNet: Task 1, Epoch 11/120 => Loss 1.079,  Train_accy 97.02, Test_accy 75.76
2024-10-31 15:40:04,120 [pod_foster.py] => SNet: Task 1, Epoch 16/120 => Loss 1.074,  Train_accy 97.02, Test_accy 79.02
2024-10-31 15:40:11,708 [pod_foster.py] => SNet: Task 1, Epoch 21/120 => Loss 1.074,  Train_accy 97.22, Test_accy 78.88
2024-10-31 15:40:19,420 [pod_foster.py] => SNet: Task 1, Epoch 26/120 => Loss 1.070,  Train_accy 97.22, Test_accy 77.79
2024-10-31 15:40:27,158 [pod_foster.py] => SNet: Task 1, Epoch 31/120 => Loss 1.073,  Train_accy 97.29, Test_accy 79.12
2024-10-31 15:40:34,887 [pod_foster.py] => SNet: Task 1, Epoch 36/120 => Loss 1.073,  Train_accy 97.44, Test_accy 78.86
2024-10-31 15:40:42,381 [pod_foster.py] => SNet: Task 1, Epoch 41/120 => Loss 1.068,  Train_accy 97.51, Test_accy 78.14
2024-10-31 15:40:50,167 [pod_foster.py] => SNet: Task 1, Epoch 46/120 => Loss 1.068,  Train_accy 97.40, Test_accy 78.17
2024-10-31 15:40:57,810 [pod_foster.py] => SNet: Task 1, Epoch 51/120 => Loss 1.067,  Train_accy 97.56, Test_accy 79.29
2024-10-31 15:41:05,424 [pod_foster.py] => SNet: Task 1, Epoch 56/120 => Loss 1.067,  Train_accy 97.67, Test_accy 79.10
2024-10-31 15:41:13,029 [pod_foster.py] => SNet: Task 1, Epoch 61/120 => Loss 1.068,  Train_accy 97.33, Test_accy 78.29
2024-10-31 15:41:20,744 [pod_foster.py] => SNet: Task 1, Epoch 66/120 => Loss 1.068,  Train_accy 97.67, Test_accy 77.74
2024-10-31 15:41:28,468 [pod_foster.py] => SNet: Task 1, Epoch 71/120 => Loss 1.069,  Train_accy 97.60, Test_accy 79.33
2024-10-31 15:41:36,167 [pod_foster.py] => SNet: Task 1, Epoch 76/120 => Loss 1.068,  Train_accy 97.67, Test_accy 78.55
2024-10-31 15:41:43,853 [pod_foster.py] => SNet: Task 1, Epoch 81/120 => Loss 1.065,  Train_accy 97.62, Test_accy 78.36
2024-10-31 15:41:51,481 [pod_foster.py] => SNet: Task 1, Epoch 86/120 => Loss 1.067,  Train_accy 97.80, Test_accy 78.29
2024-10-31 15:41:59,195 [pod_foster.py] => SNet: Task 1, Epoch 91/120 => Loss 1.068,  Train_accy 97.89, Test_accy 78.76
2024-10-31 15:42:07,116 [pod_foster.py] => SNet: Task 1, Epoch 96/120 => Loss 1.065,  Train_accy 97.80, Test_accy 78.05
2024-10-31 15:42:14,800 [pod_foster.py] => SNet: Task 1, Epoch 101/120 => Loss 1.065,  Train_accy 97.76, Test_accy 78.95
2024-10-31 15:42:22,516 [pod_foster.py] => SNet: Task 1, Epoch 106/120 => Loss 1.066,  Train_accy 97.80, Test_accy 78.45
2024-10-31 15:42:30,284 [pod_foster.py] => SNet: Task 1, Epoch 111/120 => Loss 1.067,  Train_accy 98.00, Test_accy 79.10
2024-10-31 15:42:38,004 [pod_foster.py] => SNet: Task 1, Epoch 116/120 => Loss 1.066,  Train_accy 97.82, Test_accy 78.67
2024-10-31 15:42:43,818 [pod_foster.py] => SNet: Task 1, Epoch 120/120 => Loss 1.065,  Train_accy 97.69
2024-10-31 15:42:43,818 [pod_foster.py] => do not weight align student!
2024-10-31 15:42:44,301 [pod_foster.py] => darknet eval: 
2024-10-31 15:42:44,301 [pod_foster.py] => CNN top1 curve: 78.64
2024-10-31 15:42:44,301 [pod_foster.py] => CNN top5 curve: 98.79
2024-10-31 15:42:44,301 [pod_foster.py] => CNN: {'total': 78.64, '00-04': 74.6, '05-06': 88.75, 'old': 74.6, 'new': 88.75}
2024-10-31 15:42:44,303 [pod_foster.py] => All params after compression: 3851086
2024-10-31 15:42:44,303 [base.py] => Reducing exemplars...(71 per classes)
2024-10-31 15:42:45,400 [base.py] => Constructing exemplars...(71 per classes)
2024-10-31 15:42:48,141 [trainer.py] => All params: 7701139
2024-10-31 15:42:49,735 [pod_foster.py] => Exemplar size: 497
2024-10-31 15:42:49,736 [trainer.py] => CNN: {'total': 80.45, '00-04': 78.57, '05-06': 85.17, 'old': 78.57, 'new': 85.17}
2024-10-31 15:42:49,736 [trainer.py] => NME: {'total': 74.62, '00-04': 75.67, '05-06': 72.0, 'old': 75.67, 'new': 72.0}
2024-10-31 15:42:49,736 [trainer.py] => CNN top1 curve: [89.93, 80.45]
2024-10-31 15:42:49,736 [trainer.py] => CNN top5 curve: [100.0, 98.86]
2024-10-31 15:42:49,736 [trainer.py] => NME top1 curve: [90.0, 74.62]
2024-10-31 15:42:49,736 [trainer.py] => NME top5 curve: [100.0, 99.14]

2024-10-31 15:42:49,736 [trainer.py] => Average Accuracy (CNN): 85.19
2024-10-31 15:42:49,736 [trainer.py] => Average Accuracy (NME): 82.31
2024-10-31 15:42:49,737 [trainer.py] => All params: 7701139
2024-10-31 15:42:49,737 [trainer.py] => Trainable params: 3854670
2024-10-31 15:42:49,786 [pod_foster.py] => Learning on 7-9
2024-10-31 15:42:49,787 [pod_foster.py] => All params: 7705241
2024-10-31 15:42:49,787 [pod_foster.py] => Trainable params: 3857746
2024-10-31 15:42:49,798 [pod_foster.py] => Adaptive factor: 2.1213203435596424
2024-10-31 15:42:49,806 [pod_foster.py] => per cls weights : [1.01239929 1.01239929 1.01239929 1.01239929 1.01239929 1.01239929
 1.01239929 0.95660248 0.95660248]
2024-10-31 15:42:52,286 [pod_foster.py] => Task 2, Epoch 1/150 => Loss 1.125, Loss_clf 0.604, Loss_fe 0.000, Loss_pod 0.385, Loss_flat 0.136, Train_accy 85.21, Test_accy 67.26
2024-10-31 15:43:01,028 [pod_foster.py] => Task 2, Epoch 6/150 => Loss 0.241, Loss_clf 0.017, Loss_fe 0.000, Loss_pod 0.195, Loss_flat 0.029, Train_accy 99.96, Test_accy 64.30
2024-10-31 15:43:09,776 [pod_foster.py] => Task 2, Epoch 11/150 => Loss 0.209, Loss_clf 0.013, Loss_fe 0.000, Loss_pod 0.173, Loss_flat 0.023, Train_accy 100.00, Test_accy 62.46
2024-10-31 15:43:18,615 [pod_foster.py] => Task 2, Epoch 16/150 => Loss 0.209, Loss_clf 0.010, Loss_fe 0.000, Loss_pod 0.175, Loss_flat 0.023, Train_accy 99.98, Test_accy 64.09
2024-10-31 15:43:27,679 [pod_foster.py] => Task 2, Epoch 21/150 => Loss 0.187, Loss_clf 0.008, Loss_fe 0.000, Loss_pod 0.160, Loss_flat 0.019, Train_accy 100.00, Test_accy 66.87
2024-10-31 15:43:36,452 [pod_foster.py] => Task 2, Epoch 26/150 => Loss 0.186, Loss_clf 0.011, Loss_fe 0.000, Loss_pod 0.157, Loss_flat 0.018, Train_accy 100.00, Test_accy 53.54
2024-10-31 15:43:45,435 [pod_foster.py] => Task 2, Epoch 31/150 => Loss 0.226, Loss_clf 0.012, Loss_fe 0.000, Loss_pod 0.185, Loss_flat 0.029, Train_accy 99.93, Test_accy 66.50
2024-10-31 15:43:54,030 [pod_foster.py] => Task 2, Epoch 36/150 => Loss 0.182, Loss_clf 0.008, Loss_fe 0.000, Loss_pod 0.157, Loss_flat 0.018, Train_accy 100.00, Test_accy 65.35
2024-10-31 15:44:02,732 [pod_foster.py] => Task 2, Epoch 41/150 => Loss 0.171, Loss_clf 0.008, Loss_fe 0.000, Loss_pod 0.144, Loss_flat 0.018, Train_accy 100.00, Test_accy 65.41
2024-10-31 15:44:11,581 [pod_foster.py] => Task 2, Epoch 46/150 => Loss 0.174, Loss_clf 0.007, Loss_fe 0.000, Loss_pod 0.150, Loss_flat 0.017, Train_accy 100.00, Test_accy 64.46
2024-10-31 15:44:20,202 [pod_foster.py] => Task 2, Epoch 51/150 => Loss 0.166, Loss_clf 0.008, Loss_fe 0.000, Loss_pod 0.143, Loss_flat 0.015, Train_accy 100.00, Test_accy 64.20
2024-10-31 15:44:29,259 [pod_foster.py] => Task 2, Epoch 56/150 => Loss 0.164, Loss_clf 0.008, Loss_fe 0.000, Loss_pod 0.140, Loss_flat 0.015, Train_accy 100.00, Test_accy 63.76
2024-10-31 15:44:38,009 [pod_foster.py] => Task 2, Epoch 61/150 => Loss 0.156, Loss_clf 0.008, Loss_fe 0.000, Loss_pod 0.133, Loss_flat 0.015, Train_accy 100.00, Test_accy 66.74
2024-10-31 15:44:46,778 [pod_foster.py] => Task 2, Epoch 66/150 => Loss 0.168, Loss_clf 0.009, Loss_fe 0.000, Loss_pod 0.143, Loss_flat 0.017, Train_accy 100.00, Test_accy 71.98
2024-10-31 15:44:55,514 [pod_foster.py] => Task 2, Epoch 71/150 => Loss 0.180, Loss_clf 0.011, Loss_fe 0.000, Loss_pod 0.149, Loss_flat 0.020, Train_accy 99.93, Test_accy 68.19
2024-10-31 15:45:04,220 [pod_foster.py] => Task 2, Epoch 76/150 => Loss 0.174, Loss_clf 0.009, Loss_fe 0.000, Loss_pod 0.146, Loss_flat 0.019, Train_accy 100.00, Test_accy 64.39
2024-10-31 15:45:13,292 [pod_foster.py] => Task 2, Epoch 81/150 => Loss 0.161, Loss_clf 0.009, Loss_fe 0.000, Loss_pod 0.135, Loss_flat 0.017, Train_accy 99.98, Test_accy 65.61
2024-10-31 15:45:22,115 [pod_foster.py] => Task 2, Epoch 86/150 => Loss 0.148, Loss_clf 0.007, Loss_fe 0.000, Loss_pod 0.127, Loss_flat 0.013, Train_accy 100.00, Test_accy 63.83
2024-10-31 15:45:31,066 [pod_foster.py] => Task 2, Epoch 91/150 => Loss 0.139, Loss_clf 0.007, Loss_fe 0.000, Loss_pod 0.119, Loss_flat 0.013, Train_accy 100.00, Test_accy 65.67
2024-10-31 15:45:39,807 [pod_foster.py] => Task 2, Epoch 96/150 => Loss 0.132, Loss_clf 0.007, Loss_fe 0.000, Loss_pod 0.113, Loss_flat 0.012, Train_accy 100.00, Test_accy 63.17
2024-10-31 15:45:48,441 [pod_foster.py] => Task 2, Epoch 101/150 => Loss 0.137, Loss_clf 0.007, Loss_fe 0.000, Loss_pod 0.117, Loss_flat 0.012, Train_accy 100.00, Test_accy 63.09
2024-10-31 15:45:57,333 [pod_foster.py] => Task 2, Epoch 106/150 => Loss 0.131, Loss_clf 0.008, Loss_fe 0.000, Loss_pod 0.110, Loss_flat 0.013, Train_accy 100.00, Test_accy 64.11
2024-10-31 15:46:06,276 [pod_foster.py] => Task 2, Epoch 111/150 => Loss 0.126, Loss_clf 0.008, Loss_fe 0.000, Loss_pod 0.107, Loss_flat 0.012, Train_accy 100.00, Test_accy 64.06
2024-10-31 15:46:15,234 [pod_foster.py] => Task 2, Epoch 116/150 => Loss 0.128, Loss_clf 0.009, Loss_fe 0.000, Loss_pod 0.108, Loss_flat 0.012, Train_accy 100.00, Test_accy 61.91
2024-10-31 15:46:24,192 [pod_foster.py] => Task 2, Epoch 121/150 => Loss 0.117, Loss_clf 0.007, Loss_fe 0.000, Loss_pod 0.100, Loss_flat 0.011, Train_accy 100.00, Test_accy 64.31
2024-10-31 15:46:33,029 [pod_foster.py] => Task 2, Epoch 126/150 => Loss 0.117, Loss_clf 0.007, Loss_fe 0.000, Loss_pod 0.099, Loss_flat 0.011, Train_accy 100.00, Test_accy 64.93
2024-10-31 15:46:41,749 [pod_foster.py] => Task 2, Epoch 131/150 => Loss 0.109, Loss_clf 0.007, Loss_fe 0.000, Loss_pod 0.091, Loss_flat 0.011, Train_accy 100.00, Test_accy 64.78
2024-10-31 15:46:50,525 [pod_foster.py] => Task 2, Epoch 136/150 => Loss 0.105, Loss_clf 0.007, Loss_fe 0.000, Loss_pod 0.089, Loss_flat 0.010, Train_accy 100.00, Test_accy 65.57
2024-10-31 15:46:59,496 [pod_foster.py] => Task 2, Epoch 141/150 => Loss 0.102, Loss_clf 0.007, Loss_fe 0.000, Loss_pod 0.085, Loss_flat 0.010, Train_accy 100.00, Test_accy 65.09
2024-10-31 15:47:08,415 [pod_foster.py] => Task 2, Epoch 146/150 => Loss 0.105, Loss_clf 0.007, Loss_fe 0.000, Loss_pod 0.087, Loss_flat 0.010, Train_accy 100.00, Test_accy 62.98
2024-10-31 15:47:14,791 [pod_foster.py] => Task 2, Epoch 150/150 => Loss 0.098, Loss_clf 0.007, Loss_fe 0.000, Loss_pod 0.082, Loss_flat 0.009, Train_accy 100.00
2024-10-31 15:47:14,792 [inc_net.py] => align weights, gamma = 0.4898304045200348 
2024-10-31 15:47:14,794 [pod_foster.py] => per cls weights : [1.02623168 1.02623168 1.02623168 1.02623168 1.02623168 1.02623168
 1.02623168 0.90818914 0.90818914]
2024-10-31 15:47:16,853 [pod_foster.py] => SNet: Task 2, Epoch 1/120 => Loss 1.632,  Train_accy 75.54, Test_accy 54.67
2024-10-31 15:47:24,894 [pod_foster.py] => SNet: Task 2, Epoch 6/120 => Loss 1.393,  Train_accy 97.13, Test_accy 71.89
2024-10-31 15:47:32,651 [pod_foster.py] => SNet: Task 2, Epoch 11/120 => Loss 1.386,  Train_accy 97.84, Test_accy 74.85
2024-10-31 15:47:40,322 [pod_foster.py] => SNet: Task 2, Epoch 16/120 => Loss 1.384,  Train_accy 97.84, Test_accy 74.17
2024-10-31 15:47:48,098 [pod_foster.py] => SNet: Task 2, Epoch 21/120 => Loss 1.383,  Train_accy 98.07, Test_accy 75.19
2024-10-31 15:47:55,746 [pod_foster.py] => SNet: Task 2, Epoch 26/120 => Loss 1.384,  Train_accy 98.11, Test_accy 76.04
2024-10-31 15:48:03,507 [pod_foster.py] => SNet: Task 2, Epoch 31/120 => Loss 1.380,  Train_accy 98.02, Test_accy 75.54
2024-10-31 15:48:11,339 [pod_foster.py] => SNet: Task 2, Epoch 36/120 => Loss 1.380,  Train_accy 98.20, Test_accy 77.07
2024-10-31 15:48:19,199 [pod_foster.py] => SNet: Task 2, Epoch 41/120 => Loss 1.379,  Train_accy 98.11, Test_accy 76.11
2024-10-31 15:48:27,146 [pod_foster.py] => SNet: Task 2, Epoch 46/120 => Loss 1.380,  Train_accy 98.64, Test_accy 75.70
2024-10-31 15:48:34,920 [pod_foster.py] => SNet: Task 2, Epoch 51/120 => Loss 1.379,  Train_accy 98.20, Test_accy 75.43
2024-10-31 15:48:42,696 [pod_foster.py] => SNet: Task 2, Epoch 56/120 => Loss 1.379,  Train_accy 98.31, Test_accy 75.65
2024-10-31 15:48:50,503 [pod_foster.py] => SNet: Task 2, Epoch 61/120 => Loss 1.379,  Train_accy 98.22, Test_accy 75.31
2024-10-31 15:48:58,427 [pod_foster.py] => SNet: Task 2, Epoch 66/120 => Loss 1.379,  Train_accy 98.60, Test_accy 75.44
2024-10-31 15:49:06,113 [pod_foster.py] => SNet: Task 2, Epoch 71/120 => Loss 1.380,  Train_accy 98.47, Test_accy 75.98
2024-10-31 15:49:13,753 [pod_foster.py] => SNet: Task 2, Epoch 76/120 => Loss 1.379,  Train_accy 98.49, Test_accy 75.93
2024-10-31 15:49:21,504 [pod_foster.py] => SNet: Task 2, Epoch 81/120 => Loss 1.380,  Train_accy 98.27, Test_accy 75.13
2024-10-31 15:49:29,598 [pod_foster.py] => SNet: Task 2, Epoch 86/120 => Loss 1.374,  Train_accy 98.49, Test_accy 75.28
2024-10-31 15:49:37,452 [pod_foster.py] => SNet: Task 2, Epoch 91/120 => Loss 1.379,  Train_accy 98.35, Test_accy 75.61
2024-10-31 15:49:45,414 [pod_foster.py] => SNet: Task 2, Epoch 96/120 => Loss 1.378,  Train_accy 98.60, Test_accy 75.07
2024-10-31 15:49:53,256 [pod_foster.py] => SNet: Task 2, Epoch 101/120 => Loss 1.377,  Train_accy 98.49, Test_accy 75.43
2024-10-31 15:50:01,147 [pod_foster.py] => SNet: Task 2, Epoch 106/120 => Loss 1.378,  Train_accy 98.47, Test_accy 75.37
2024-10-31 15:50:08,984 [pod_foster.py] => SNet: Task 2, Epoch 111/120 => Loss 1.377,  Train_accy 98.47, Test_accy 75.89
2024-10-31 15:50:16,718 [pod_foster.py] => SNet: Task 2, Epoch 116/120 => Loss 1.379,  Train_accy 98.33, Test_accy 75.07
2024-10-31 15:50:22,475 [pod_foster.py] => SNet: Task 2, Epoch 120/120 => Loss 1.377,  Train_accy 98.35
2024-10-31 15:50:22,476 [pod_foster.py] => do not weight align student!
2024-10-31 15:50:23,149 [pod_foster.py] => darknet eval: 
2024-10-31 15:50:23,149 [pod_foster.py] => CNN top1 curve: 76.28
2024-10-31 15:50:23,150 [pod_foster.py] => CNN top5 curve: 97.63
2024-10-31 15:50:23,150 [pod_foster.py] => CNN: {'total': 76.28, '00-04': 65.67, '05-06': 86.42, '07-08': 92.67, 'old': 71.6, 'new': 92.67}
2024-10-31 15:50:23,151 [pod_foster.py] => All params after compression: 3853138
2024-10-31 15:50:23,151 [base.py] => Reducing exemplars...(55 per classes)
2024-10-31 15:50:24,583 [base.py] => Constructing exemplars...(55 per classes)
2024-10-31 15:50:27,164 [trainer.py] => All params: 7705241
2024-10-31 15:50:28,952 [pod_foster.py] => Exemplar size: 495
2024-10-31 15:50:28,953 [trainer.py] => CNN: {'total': 73.89, '00-04': 60.2, '05-06': 92.75, '07-08': 89.25, 'old': 69.5, 'new': 89.25}
2024-10-31 15:50:28,953 [trainer.py] => NME: {'total': 72.69, '00-04': 61.33, '05-06': 82.92, '07-08': 90.83, 'old': 67.5, 'new': 90.83}
2024-10-31 15:50:28,953 [trainer.py] => CNN top1 curve: [89.93, 80.45, 73.89]
2024-10-31 15:50:28,953 [trainer.py] => CNN top5 curve: [100.0, 98.86, 97.3]
2024-10-31 15:50:28,953 [trainer.py] => NME top1 curve: [90.0, 74.62, 72.69]
2024-10-31 15:50:28,953 [trainer.py] => NME top5 curve: [100.0, 99.14, 96.98]

2024-10-31 15:50:28,953 [trainer.py] => Average Accuracy (CNN): 81.42333333333333
2024-10-31 15:50:28,953 [trainer.py] => Average Accuracy (NME): 79.10333333333334
2024-10-31 15:50:28,954 [trainer.py] => Forgetting (CNN): 14.865000000000002
