2024-10-30 14:52:58,808 [trainer.py] => config: ./exps/POD_foster.json
2024-10-30 14:52:58,808 [trainer.py] => prefix: cil
2024-10-30 14:52:58,809 [trainer.py] => dataset: hrrp9
2024-10-30 14:52:58,809 [trainer.py] => memory_size: 500
2024-10-30 14:52:58,809 [trainer.py] => memory_per_class: 20
2024-10-30 14:52:58,809 [trainer.py] => fixed_memory: False
2024-10-30 14:52:58,810 [trainer.py] => shuffle: True
2024-10-30 14:52:58,810 [trainer.py] => init_cls: 5
2024-10-30 14:52:58,810 [trainer.py] => increment: 2
2024-10-30 14:52:58,810 [trainer.py] => model_name: POD_foster
2024-10-30 14:52:58,811 [trainer.py] => convnet_type: resnet18
2024-10-30 14:52:58,811 [trainer.py] => init_train: False
2024-10-30 14:52:58,811 [trainer.py] => convnet_path1: checkpoints/init_train/resnet18_35172.pth
2024-10-30 14:52:58,812 [trainer.py] => fc_path1: checkpoints/init_train/fc_35172.pth
2024-10-30 14:52:58,812 [trainer.py] => convnet_path: checkpoints/init_train/resnet18_42503.pth
2024-10-30 14:52:58,812 [trainer.py] => fc_path: checkpoints/init_train/fc_42503.pth
2024-10-30 14:52:58,813 [trainer.py] => convnet_path2: checkpoints/init_train/resnet18_42871.pth
2024-10-30 14:52:58,813 [trainer.py] => fc_path2: checkpoints/init_train/fc_42871.pth
2024-10-30 14:52:58,814 [trainer.py] => device: [device(type='cuda', index=2)]
2024-10-30 14:52:58,814 [trainer.py] => seed: 1993
2024-10-30 14:52:58,814 [trainer.py] => beta1: 0.96
2024-10-30 14:52:58,815 [trainer.py] => beta2: 0.97
2024-10-30 14:52:58,815 [trainer.py] => oofc: ft
2024-10-30 14:52:58,815 [trainer.py] => is_teacher_wa: True
2024-10-30 14:52:58,816 [trainer.py] => is_student_wa: False
2024-10-30 14:52:58,816 [trainer.py] => is_teacher_la: True
2024-10-30 14:52:58,816 [trainer.py] => is_student_la: True
2024-10-30 14:52:58,817 [trainer.py] => lambda_okd: 0
2024-10-30 14:52:58,817 [trainer.py] => wa_value: 1
2024-10-30 14:52:58,817 [trainer.py] => init_epochs: 0
2024-10-30 14:52:58,819 [trainer.py] => init_lr: 0.1
2024-10-30 14:52:58,819 [trainer.py] => init_weight_decay: 0.0005
2024-10-30 14:52:58,820 [trainer.py] => boosting_epochs: 150
2024-10-30 14:52:58,820 [trainer.py] => compression_epochs: 120
2024-10-30 14:52:58,820 [trainer.py] => lr: 0.1
2024-10-30 14:52:58,821 [trainer.py] => batch_size: 128
2024-10-30 14:52:58,821 [trainer.py] => weight_decay: 0.0005
2024-10-30 14:52:58,821 [trainer.py] => num_workers: 8
2024-10-30 14:52:58,822 [trainer.py] => momentum: 0.9
2024-10-30 14:52:58,822 [trainer.py] => T: 2
2024-10-30 14:52:58,822 [trainer.py] => lambda_c_base: 1.0
2024-10-30 14:52:58,822 [trainer.py] => lambda_f_base: 1.0
2024-10-30 14:52:58,823 [trainer.py] => POD: no
2024-10-30 14:52:59,645 [data_manager.py] => [4, 2, 5, 0, 3, 6, 7, 8, 1]
2024-10-30 14:52:59,702 [trainer.py] => All params: 0
2024-10-30 14:52:59,703 [trainer.py] => Trainable params: 0
2024-10-30 14:53:00,335 [pod_foster.py] => Learning on 0-5
2024-10-30 14:53:00,336 [pod_foster.py] => All params: 3849034
2024-10-30 14:53:00,337 [pod_foster.py] => Trainable params: 3849034
2024-10-30 14:53:00,485 [pod_foster.py] => Adaptive factor: 0
2024-10-30 14:53:00,868 [pod_foster.py] => init_train?---False
2024-10-30 14:53:02,514 [base.py] => Reducing exemplars...(100 per classes)
2024-10-30 14:53:02,514 [base.py] => Constructing exemplars...(100 per classes)
2024-10-30 14:53:13,758 [trainer.py] => All params: 3849034
2024-10-30 14:53:15,965 [pod_foster.py] => Exemplar size: 500
2024-10-30 14:53:15,979 [trainer.py] => CNN: {'total': 89.93, '00-04': 89.93, 'old': 0, 'new': 89.93}
2024-10-30 14:53:15,980 [trainer.py] => NME: {'total': 90.0, '00-04': 90.0, 'old': 0, 'new': 90.0}
2024-10-30 14:53:15,980 [trainer.py] => CNN top1 curve: [89.93]
2024-10-30 14:53:15,981 [trainer.py] => CNN top5 curve: [100.0]
2024-10-30 14:53:15,981 [trainer.py] => NME top1 curve: [90.0]
2024-10-30 14:53:15,981 [trainer.py] => NME top5 curve: [100.0]

2024-10-30 14:53:15,981 [trainer.py] => Average Accuracy (CNN): 89.93
2024-10-30 14:53:15,982 [trainer.py] => Average Accuracy (NME): 90.0
2024-10-30 14:53:15,982 [trainer.py] => All params: 3849034
2024-10-30 14:53:15,983 [trainer.py] => Trainable params: 3849034
2024-10-30 14:53:16,082 [pod_foster.py] => Learning on 5-7
2024-10-30 14:53:16,093 [pod_foster.py] => All params: 7701139
2024-10-30 14:53:16,094 [pod_foster.py] => Trainable params: 3854670
2024-10-30 14:53:16,223 [pod_foster.py] => Adaptive factor: 1.8708286933869707
2024-10-30 14:53:16,234 [pod_foster.py] => per cls weights : [1.00484344 1.00484344 1.00484344 1.00484344 1.00484344 0.98789141
 0.98789141]
2024-10-30 14:53:22,830 [pod_foster.py] => Task 1, Epoch 1/150 => Loss 1.693, Loss_clf 0.704, Loss_fe 0.686, Loss_pod 0.050, Loss_flat 0.253, Train_accy 82.87, Test_accy 61.69
2024-10-30 14:53:40,739 [pod_foster.py] => Task 1, Epoch 6/150 => Loss 0.299, Loss_clf 0.038, Loss_fe 0.091, Loss_pod 0.050, Loss_flat 0.120, Train_accy 99.04, Test_accy 67.29
2024-10-30 14:53:59,548 [pod_foster.py] => Task 1, Epoch 11/150 => Loss 0.119, Loss_clf 0.009, Loss_fe 0.013, Loss_pod 0.032, Loss_flat 0.066, Train_accy 99.89, Test_accy 70.33
2024-10-30 14:54:17,496 [pod_foster.py] => Task 1, Epoch 16/150 => Loss 0.080, Loss_clf 0.005, Loss_fe 0.007, Loss_pod 0.023, Loss_flat 0.045, Train_accy 100.00, Test_accy 69.64
2024-10-30 14:54:35,942 [pod_foster.py] => Task 1, Epoch 21/150 => Loss 0.076, Loss_clf 0.008, Loss_fe 0.009, Loss_pod 0.020, Loss_flat 0.039, Train_accy 99.98, Test_accy 57.81
2024-10-30 14:54:52,949 [pod_foster.py] => Task 1, Epoch 26/150 => Loss 0.346, Loss_clf 0.041, Loss_fe 0.099, Loss_pod 0.064, Loss_flat 0.142, Train_accy 99.02, Test_accy 69.45
2024-10-30 14:55:07,951 [pod_foster.py] => Task 1, Epoch 31/150 => Loss 0.125, Loss_clf 0.007, Loss_fe 0.008, Loss_pod 0.044, Loss_flat 0.067, Train_accy 100.00, Test_accy 70.05
2024-10-30 14:55:21,739 [pod_foster.py] => Task 1, Epoch 36/150 => Loss 0.090, Loss_clf 0.005, Loss_fe 0.005, Loss_pod 0.035, Loss_flat 0.045, Train_accy 100.00, Test_accy 69.33
2024-10-30 14:55:38,778 [pod_foster.py] => Task 1, Epoch 41/150 => Loss 0.084, Loss_clf 0.005, Loss_fe 0.006, Loss_pod 0.032, Loss_flat 0.042, Train_accy 100.00, Test_accy 69.14
2024-10-30 14:55:55,393 [pod_foster.py] => Task 1, Epoch 46/150 => Loss 0.068, Loss_clf 0.004, Loss_fe 0.005, Loss_pod 0.027, Loss_flat 0.032, Train_accy 100.00, Test_accy 69.24
2024-10-30 14:56:09,782 [pod_foster.py] => Task 1, Epoch 51/150 => Loss 0.064, Loss_clf 0.004, Loss_fe 0.005, Loss_pod 0.025, Loss_flat 0.030, Train_accy 100.00, Test_accy 69.76
2024-10-30 14:56:26,138 [pod_foster.py] => Task 1, Epoch 56/150 => Loss 0.059, Loss_clf 0.004, Loss_fe 0.004, Loss_pod 0.023, Loss_flat 0.028, Train_accy 100.00, Test_accy 69.10
2024-10-30 14:56:42,989 [pod_foster.py] => Task 1, Epoch 61/150 => Loss 0.064, Loss_clf 0.004, Loss_fe 0.005, Loss_pod 0.023, Loss_flat 0.031, Train_accy 99.98, Test_accy 68.81
2024-10-30 14:56:57,547 [pod_foster.py] => Task 1, Epoch 66/150 => Loss 0.549, Loss_clf 0.102, Loss_fe 0.211, Loss_pod 0.078, Loss_flat 0.158, Train_accy 96.62, Test_accy 67.10
2024-10-30 14:57:09,321 [pod_foster.py] => Task 1, Epoch 71/150 => Loss 0.117, Loss_clf 0.006, Loss_fe 0.008, Loss_pod 0.043, Loss_flat 0.060, Train_accy 100.00, Test_accy 70.88
2024-10-30 14:57:21,195 [pod_foster.py] => Task 1, Epoch 76/150 => Loss 0.082, Loss_clf 0.004, Loss_fe 0.005, Loss_pod 0.034, Loss_flat 0.039, Train_accy 100.00, Test_accy 69.69
2024-10-30 14:57:33,042 [pod_foster.py] => Task 1, Epoch 81/150 => Loss 0.070, Loss_clf 0.004, Loss_fe 0.004, Loss_pod 0.030, Loss_flat 0.032, Train_accy 100.00, Test_accy 70.17
2024-10-30 14:57:45,055 [pod_foster.py] => Task 1, Epoch 86/150 => Loss 0.066, Loss_clf 0.004, Loss_fe 0.004, Loss_pod 0.027, Loss_flat 0.030, Train_accy 100.00, Test_accy 69.33
2024-10-30 14:57:59,736 [pod_foster.py] => Task 1, Epoch 91/150 => Loss 0.061, Loss_clf 0.004, Loss_fe 0.004, Loss_pod 0.026, Loss_flat 0.027, Train_accy 100.00, Test_accy 69.19
2024-10-30 14:58:15,411 [pod_foster.py] => Task 1, Epoch 96/150 => Loss 0.068, Loss_clf 0.004, Loss_fe 0.005, Loss_pod 0.026, Loss_flat 0.033, Train_accy 100.00, Test_accy 68.43
2024-10-30 14:58:30,569 [pod_foster.py] => Task 1, Epoch 101/150 => Loss 0.058, Loss_clf 0.004, Loss_fe 0.004, Loss_pod 0.024, Loss_flat 0.026, Train_accy 100.00, Test_accy 68.76
2024-10-30 14:58:45,574 [pod_foster.py] => Task 1, Epoch 106/150 => Loss 0.056, Loss_clf 0.004, Loss_fe 0.004, Loss_pod 0.023, Loss_flat 0.025, Train_accy 100.00, Test_accy 69.14
2024-10-30 14:59:00,742 [pod_foster.py] => Task 1, Epoch 111/150 => Loss 0.056, Loss_clf 0.004, Loss_fe 0.004, Loss_pod 0.023, Loss_flat 0.025, Train_accy 100.00, Test_accy 68.55
2024-10-30 14:59:14,668 [pod_foster.py] => Task 1, Epoch 116/150 => Loss 0.054, Loss_clf 0.004, Loss_fe 0.004, Loss_pod 0.022, Loss_flat 0.023, Train_accy 100.00, Test_accy 69.12
2024-10-30 14:59:27,340 [pod_foster.py] => Task 1, Epoch 121/150 => Loss 0.052, Loss_clf 0.004, Loss_fe 0.004, Loss_pod 0.022, Loss_flat 0.023, Train_accy 100.00, Test_accy 68.67
2024-10-30 14:59:38,979 [pod_foster.py] => Task 1, Epoch 126/150 => Loss 0.052, Loss_clf 0.004, Loss_fe 0.004, Loss_pod 0.022, Loss_flat 0.023, Train_accy 100.00, Test_accy 68.50
2024-10-30 14:59:50,702 [pod_foster.py] => Task 1, Epoch 131/150 => Loss 0.052, Loss_clf 0.003, Loss_fe 0.004, Loss_pod 0.021, Loss_flat 0.023, Train_accy 100.00, Test_accy 68.79
2024-10-30 15:00:02,474 [pod_foster.py] => Task 1, Epoch 136/150 => Loss 0.051, Loss_clf 0.003, Loss_fe 0.004, Loss_pod 0.021, Loss_flat 0.023, Train_accy 100.00, Test_accy 68.71
2024-10-30 15:00:14,286 [pod_foster.py] => Task 1, Epoch 141/150 => Loss 0.052, Loss_clf 0.004, Loss_fe 0.004, Loss_pod 0.021, Loss_flat 0.023, Train_accy 100.00, Test_accy 68.88
2024-10-30 15:00:27,670 [pod_foster.py] => Task 1, Epoch 146/150 => Loss 0.052, Loss_clf 0.004, Loss_fe 0.004, Loss_pod 0.021, Loss_flat 0.023, Train_accy 100.00, Test_accy 69.10
2024-10-30 15:00:37,745 [pod_foster.py] => Task 1, Epoch 150/150 => Loss 0.052, Loss_clf 0.004, Loss_fe 0.004, Loss_pod 0.021, Loss_flat 0.023, Train_accy 100.00
2024-10-30 15:00:37,747 [inc_net.py] => align weights, gamma = 0.5619744062423706 
2024-10-30 15:00:37,748 [pod_foster.py] => per cls weights : [1.01377356 1.01377356 1.01377356 1.01377356 1.01377356 0.96556609
 0.96556609]
2024-10-30 15:00:41,262 [pod_foster.py] => SNet: Task 1, Epoch 1/120 => Loss 1.231,  Train_accy 71.29, Test_accy 63.14
2024-10-30 15:00:54,754 [pod_foster.py] => SNet: Task 1, Epoch 6/120 => Loss 0.902,  Train_accy 96.49, Test_accy 74.95
2024-10-30 15:01:09,620 [pod_foster.py] => SNet: Task 1, Epoch 11/120 => Loss 0.896,  Train_accy 96.87, Test_accy 74.95
2024-10-30 15:01:22,901 [pod_foster.py] => SNet: Task 1, Epoch 16/120 => Loss 0.889,  Train_accy 97.31, Test_accy 76.60
2024-10-30 15:01:37,225 [pod_foster.py] => SNet: Task 1, Epoch 21/120 => Loss 0.890,  Train_accy 97.58, Test_accy 76.90
2024-10-30 15:01:49,936 [pod_foster.py] => SNet: Task 1, Epoch 26/120 => Loss 0.886,  Train_accy 97.82, Test_accy 76.64
2024-10-30 15:02:01,295 [pod_foster.py] => SNet: Task 1, Epoch 31/120 => Loss 0.889,  Train_accy 97.82, Test_accy 77.00
2024-10-30 15:02:11,396 [pod_foster.py] => SNet: Task 1, Epoch 36/120 => Loss 0.888,  Train_accy 97.73, Test_accy 76.00
2024-10-30 15:02:21,921 [pod_foster.py] => SNet: Task 1, Epoch 41/120 => Loss 0.884,  Train_accy 98.02, Test_accy 76.76
2024-10-30 15:02:32,543 [pod_foster.py] => SNet: Task 1, Epoch 46/120 => Loss 0.882,  Train_accy 97.82, Test_accy 76.64
2024-10-30 15:02:43,279 [pod_foster.py] => SNet: Task 1, Epoch 51/120 => Loss 0.884,  Train_accy 98.11, Test_accy 77.05
2024-10-30 15:02:54,773 [pod_foster.py] => SNet: Task 1, Epoch 56/120 => Loss 0.883,  Train_accy 97.62, Test_accy 77.12
2024-10-30 15:03:07,129 [pod_foster.py] => SNet: Task 1, Epoch 61/120 => Loss 0.884,  Train_accy 97.89, Test_accy 76.57
2024-10-30 15:03:21,303 [pod_foster.py] => SNet: Task 1, Epoch 66/120 => Loss 0.884,  Train_accy 98.18, Test_accy 76.57
2024-10-30 15:03:33,650 [pod_foster.py] => SNet: Task 1, Epoch 71/120 => Loss 0.884,  Train_accy 98.02, Test_accy 78.38
2024-10-30 15:03:45,725 [pod_foster.py] => SNet: Task 1, Epoch 76/120 => Loss 0.883,  Train_accy 97.98, Test_accy 78.07
2024-10-30 15:04:00,137 [pod_foster.py] => SNet: Task 1, Epoch 81/120 => Loss 0.881,  Train_accy 98.02, Test_accy 77.71
2024-10-30 15:04:14,309 [pod_foster.py] => SNet: Task 1, Epoch 86/120 => Loss 0.882,  Train_accy 98.33, Test_accy 77.76
2024-10-30 15:04:27,291 [pod_foster.py] => SNet: Task 1, Epoch 91/120 => Loss 0.884,  Train_accy 98.44, Test_accy 78.12
2024-10-30 15:04:37,053 [pod_foster.py] => SNet: Task 1, Epoch 96/120 => Loss 0.881,  Train_accy 98.36, Test_accy 77.36
2024-10-30 15:04:47,838 [pod_foster.py] => SNet: Task 1, Epoch 101/120 => Loss 0.880,  Train_accy 98.31, Test_accy 77.98
2024-10-30 15:04:58,192 [pod_foster.py] => SNet: Task 1, Epoch 106/120 => Loss 0.882,  Train_accy 98.18, Test_accy 77.62
2024-10-30 15:05:08,513 [pod_foster.py] => SNet: Task 1, Epoch 111/120 => Loss 0.883,  Train_accy 98.16, Test_accy 78.67
2024-10-30 15:05:21,242 [pod_foster.py] => SNet: Task 1, Epoch 116/120 => Loss 0.882,  Train_accy 98.33, Test_accy 77.74
2024-10-30 15:05:31,852 [pod_foster.py] => SNet: Task 1, Epoch 120/120 => Loss 0.881,  Train_accy 98.24
2024-10-30 15:05:31,853 [pod_foster.py] => do not weight align student!
2024-10-30 15:05:32,765 [pod_foster.py] => darknet eval: 
2024-10-30 15:05:32,766 [pod_foster.py] => CNN top1 curve: 77.67
2024-10-30 15:05:32,767 [pod_foster.py] => CNN top5 curve: 98.55
2024-10-30 15:05:32,767 [pod_foster.py] => CNN: {'total': 77.67, '00-04': 73.47, '05-06': 88.17, 'old': 73.47, 'new': 88.17}
2024-10-30 15:05:32,769 [pod_foster.py] => All params after compression: 3851086
2024-10-30 15:05:32,769 [base.py] => Reducing exemplars...(71 per classes)
2024-10-30 15:05:35,487 [base.py] => Constructing exemplars...(71 per classes)
2024-10-30 15:05:42,008 [trainer.py] => All params: 7701139
2024-10-30 15:05:45,213 [pod_foster.py] => Exemplar size: 497
2024-10-30 15:05:45,214 [trainer.py] => CNN: {'total': 80.14, '00-04': 77.4, '05-06': 87.0, 'old': 77.4, 'new': 87.0}
2024-10-30 15:05:45,215 [trainer.py] => NME: {'total': 73.5, '00-04': 77.9, '05-06': 62.5, 'old': 77.9, 'new': 62.5}
2024-10-30 15:05:45,215 [trainer.py] => CNN top1 curve: [89.93, 80.14]
2024-10-30 15:05:45,215 [trainer.py] => CNN top5 curve: [100.0, 98.43]
2024-10-30 15:05:45,216 [trainer.py] => NME top1 curve: [90.0, 73.5]
2024-10-30 15:05:45,216 [trainer.py] => NME top5 curve: [100.0, 98.67]

2024-10-30 15:05:45,216 [trainer.py] => Average Accuracy (CNN): 85.035
2024-10-30 15:05:45,217 [trainer.py] => Average Accuracy (NME): 81.75
2024-10-30 15:05:45,218 [trainer.py] => All params: 7701139
2024-10-30 15:05:45,221 [trainer.py] => Trainable params: 3854670
2024-10-30 15:05:45,295 [pod_foster.py] => Learning on 7-9
2024-10-30 15:05:45,297 [pod_foster.py] => All params: 7705241
2024-10-30 15:05:45,298 [pod_foster.py] => Trainable params: 3857746
2024-10-30 15:05:45,398 [pod_foster.py] => Adaptive factor: 2.1213203435596424
2024-10-30 15:05:45,411 [pod_foster.py] => per cls weights : [1.01239929 1.01239929 1.01239929 1.01239929 1.01239929 1.01239929
 1.01239929 0.95660248 0.95660248]
2024-10-30 15:05:49,367 [pod_foster.py] => Task 2, Epoch 1/150 => Loss 1.719, Loss_clf 0.699, Loss_fe 0.690, Loss_pod 0.073, Loss_flat 0.256, Train_accy 84.88, Test_accy 45.39
2024-10-30 15:06:04,011 [pod_foster.py] => Task 2, Epoch 6/150 => Loss 0.268, Loss_clf 0.017, Loss_fe 0.095, Loss_pod 0.057, Loss_flat 0.099, Train_accy 99.80, Test_accy 66.98
2024-10-30 15:06:19,410 [pod_foster.py] => Task 2, Epoch 11/150 => Loss 0.116, Loss_clf 0.010, Loss_fe 0.016, Loss_pod 0.038, Loss_flat 0.052, Train_accy 99.96, Test_accy 68.15
2024-10-30 15:06:34,691 [pod_foster.py] => Task 2, Epoch 16/150 => Loss 0.139, Loss_clf 0.008, Loss_fe 0.013, Loss_pod 0.055, Loss_flat 0.063, Train_accy 99.98, Test_accy 67.59
2024-10-30 15:06:48,639 [pod_foster.py] => Task 2, Epoch 21/150 => Loss 0.087, Loss_clf 0.004, Loss_fe 0.006, Loss_pod 0.039, Loss_flat 0.038, Train_accy 100.00, Test_accy 67.50
2024-10-30 15:07:00,437 [pod_foster.py] => Task 2, Epoch 26/150 => Loss 0.129, Loss_clf 0.010, Loss_fe 0.019, Loss_pod 0.044, Loss_flat 0.056, Train_accy 99.84, Test_accy 69.04
2024-10-30 15:07:12,653 [pod_foster.py] => Task 2, Epoch 31/150 => Loss 0.139, Loss_clf 0.009, Loss_fe 0.017, Loss_pod 0.048, Loss_flat 0.065, Train_accy 99.93, Test_accy 66.02
2024-10-30 15:07:24,980 [pod_foster.py] => Task 2, Epoch 36/150 => Loss 0.069, Loss_clf 0.004, Loss_fe 0.004, Loss_pod 0.030, Loss_flat 0.031, Train_accy 100.00, Test_accy 67.61
2024-10-30 15:07:37,473 [pod_foster.py] => Task 2, Epoch 41/150 => Loss 0.356, Loss_clf 0.035, Loss_fe 0.102, Loss_pod 0.091, Loss_flat 0.128, Train_accy 99.18, Test_accy 69.37
2024-10-30 15:07:52,538 [pod_foster.py] => Task 2, Epoch 46/150 => Loss 0.140, Loss_clf 0.005, Loss_fe 0.007, Loss_pod 0.064, Loss_flat 0.063, Train_accy 100.00, Test_accy 68.41
2024-10-30 15:08:10,566 [pod_foster.py] => Task 2, Epoch 51/150 => Loss 0.099, Loss_clf 0.005, Loss_fe 0.005, Loss_pod 0.050, Loss_flat 0.039, Train_accy 100.00, Test_accy 67.61
2024-10-30 15:08:27,990 [pod_foster.py] => Task 2, Epoch 56/150 => Loss 0.091, Loss_clf 0.005, Loss_fe 0.005, Loss_pod 0.044, Loss_flat 0.036, Train_accy 100.00, Test_accy 64.44
2024-10-30 15:08:44,346 [pod_foster.py] => Task 2, Epoch 61/150 => Loss 0.092, Loss_clf 0.005, Loss_fe 0.006, Loss_pod 0.042, Loss_flat 0.039, Train_accy 99.98, Test_accy 67.59
2024-10-30 15:09:01,917 [pod_foster.py] => Task 2, Epoch 66/150 => Loss 0.104, Loss_clf 0.006, Loss_fe 0.009, Loss_pod 0.042, Loss_flat 0.047, Train_accy 100.00, Test_accy 72.13
2024-10-30 15:09:18,409 [pod_foster.py] => Task 2, Epoch 71/150 => Loss 0.109, Loss_clf 0.009, Loss_fe 0.011, Loss_pod 0.043, Loss_flat 0.046, Train_accy 99.84, Test_accy 70.57
2024-10-30 15:09:31,215 [pod_foster.py] => Task 2, Epoch 76/150 => Loss 0.069, Loss_clf 0.004, Loss_fe 0.004, Loss_pod 0.033, Loss_flat 0.027, Train_accy 100.00, Test_accy 67.91
2024-10-30 15:09:43,500 [pod_foster.py] => Task 2, Epoch 81/150 => Loss 0.105, Loss_clf 0.007, Loss_fe 0.010, Loss_pod 0.043, Loss_flat 0.045, Train_accy 99.91, Test_accy 67.96
2024-10-30 15:09:56,123 [pod_foster.py] => Task 2, Epoch 86/150 => Loss 0.067, Loss_clf 0.004, Loss_fe 0.004, Loss_pod 0.033, Loss_flat 0.026, Train_accy 100.00, Test_accy 69.02
2024-10-30 15:10:08,745 [pod_foster.py] => Task 2, Epoch 91/150 => Loss 0.063, Loss_clf 0.004, Loss_fe 0.004, Loss_pod 0.031, Loss_flat 0.025, Train_accy 100.00, Test_accy 67.50
2024-10-30 15:10:23,907 [pod_foster.py] => Task 2, Epoch 96/150 => Loss 0.061, Loss_clf 0.004, Loss_fe 0.004, Loss_pod 0.029, Loss_flat 0.024, Train_accy 100.00, Test_accy 68.61
2024-10-30 15:10:41,648 [pod_foster.py] => Task 2, Epoch 101/150 => Loss 0.061, Loss_clf 0.004, Loss_fe 0.004, Loss_pod 0.029, Loss_flat 0.024, Train_accy 100.00, Test_accy 67.22
2024-10-30 15:11:00,431 [pod_foster.py] => Task 2, Epoch 106/150 => Loss 0.082, Loss_clf 0.005, Loss_fe 0.006, Loss_pod 0.035, Loss_flat 0.036, Train_accy 100.00, Test_accy 66.65
2024-10-30 15:11:20,002 [pod_foster.py] => Task 2, Epoch 111/150 => Loss 0.064, Loss_clf 0.004, Loss_fe 0.004, Loss_pod 0.030, Loss_flat 0.026, Train_accy 100.00, Test_accy 68.43
2024-10-30 15:11:39,970 [pod_foster.py] => Task 2, Epoch 116/150 => Loss 0.064, Loss_clf 0.005, Loss_fe 0.005, Loss_pod 0.028, Loss_flat 0.025, Train_accy 100.00, Test_accy 67.74
2024-10-30 15:11:56,716 [pod_foster.py] => Task 2, Epoch 121/150 => Loss 0.058, Loss_clf 0.004, Loss_fe 0.004, Loss_pod 0.028, Loss_flat 0.024, Train_accy 100.00, Test_accy 67.96
2024-10-30 15:12:12,125 [pod_foster.py] => Task 2, Epoch 126/150 => Loss 0.058, Loss_clf 0.003, Loss_fe 0.004, Loss_pod 0.027, Loss_flat 0.023, Train_accy 100.00, Test_accy 68.91
2024-10-30 15:12:25,954 [pod_foster.py] => Task 2, Epoch 131/150 => Loss 0.058, Loss_clf 0.004, Loss_fe 0.004, Loss_pod 0.027, Loss_flat 0.023, Train_accy 100.00, Test_accy 68.31
2024-10-30 15:12:39,548 [pod_foster.py] => Task 2, Epoch 136/150 => Loss 0.056, Loss_clf 0.003, Loss_fe 0.003, Loss_pod 0.027, Loss_flat 0.023, Train_accy 100.00, Test_accy 69.28
2024-10-30 15:12:53,033 [pod_foster.py] => Task 2, Epoch 141/150 => Loss 0.056, Loss_clf 0.003, Loss_fe 0.004, Loss_pod 0.027, Loss_flat 0.023, Train_accy 100.00, Test_accy 68.50
2024-10-30 15:13:06,836 [pod_foster.py] => Task 2, Epoch 146/150 => Loss 0.059, Loss_clf 0.004, Loss_fe 0.004, Loss_pod 0.027, Loss_flat 0.023, Train_accy 100.00, Test_accy 65.70
2024-10-30 15:13:16,582 [pod_foster.py] => Task 2, Epoch 150/150 => Loss 0.056, Loss_clf 0.003, Loss_fe 0.004, Loss_pod 0.027, Loss_flat 0.022, Train_accy 100.00
2024-10-30 15:13:16,585 [inc_net.py] => align weights, gamma = 0.5600722432136536 
2024-10-30 15:13:16,588 [pod_foster.py] => per cls weights : [1.02623168 1.02623168 1.02623168 1.02623168 1.02623168 1.02623168
 1.02623168 0.90818914 0.90818914]
2024-10-30 15:13:20,012 [pod_foster.py] => SNet: Task 2, Epoch 1/120 => Loss 1.507,  Train_accy 75.49, Test_accy 57.30
2024-10-30 15:13:34,900 [pod_foster.py] => SNet: Task 2, Epoch 6/120 => Loss 1.201,  Train_accy 98.15, Test_accy 72.31
2024-10-30 15:13:51,639 [pod_foster.py] => SNet: Task 2, Epoch 11/120 => Loss 1.199,  Train_accy 98.44, Test_accy 72.83
2024-10-30 15:14:07,738 [pod_foster.py] => SNet: Task 2, Epoch 16/120 => Loss 1.196,  Train_accy 98.91, Test_accy 73.39
2024-10-30 15:14:26,523 [pod_foster.py] => SNet: Task 2, Epoch 21/120 => Loss 1.196,  Train_accy 98.71, Test_accy 74.07
2024-10-30 15:14:44,319 [pod_foster.py] => SNet: Task 2, Epoch 26/120 => Loss 1.194,  Train_accy 98.95, Test_accy 75.00
2024-10-30 15:15:03,279 [pod_foster.py] => SNet: Task 2, Epoch 31/120 => Loss 1.191,  Train_accy 99.04, Test_accy 75.00
2024-10-30 15:15:20,252 [pod_foster.py] => SNet: Task 2, Epoch 36/120 => Loss 1.192,  Train_accy 99.07, Test_accy 76.13
2024-10-30 15:15:32,076 [pod_foster.py] => SNet: Task 2, Epoch 41/120 => Loss 1.190,  Train_accy 98.93, Test_accy 76.00
2024-10-30 15:15:44,282 [pod_foster.py] => SNet: Task 2, Epoch 46/120 => Loss 1.190,  Train_accy 99.00, Test_accy 75.87
2024-10-30 15:15:56,096 [pod_foster.py] => SNet: Task 2, Epoch 51/120 => Loss 1.191,  Train_accy 98.98, Test_accy 75.15
2024-10-30 15:16:08,119 [pod_foster.py] => SNet: Task 2, Epoch 56/120 => Loss 1.190,  Train_accy 99.22, Test_accy 75.80
2024-10-30 15:16:20,170 [pod_foster.py] => SNet: Task 2, Epoch 61/120 => Loss 1.191,  Train_accy 99.09, Test_accy 75.65
2024-10-30 15:16:32,005 [pod_foster.py] => SNet: Task 2, Epoch 66/120 => Loss 1.188,  Train_accy 99.33, Test_accy 76.24
2024-10-30 15:16:48,580 [pod_foster.py] => SNet: Task 2, Epoch 71/120 => Loss 1.190,  Train_accy 99.36, Test_accy 76.26
2024-10-30 15:17:05,265 [pod_foster.py] => SNet: Task 2, Epoch 76/120 => Loss 1.190,  Train_accy 99.18, Test_accy 75.96
2024-10-30 15:17:23,496 [pod_foster.py] => SNet: Task 2, Epoch 81/120 => Loss 1.192,  Train_accy 99.20, Test_accy 76.22
2024-10-30 15:17:39,513 [pod_foster.py] => SNet: Task 2, Epoch 86/120 => Loss 1.185,  Train_accy 99.22, Test_accy 75.44
2024-10-30 15:17:55,090 [pod_foster.py] => SNet: Task 2, Epoch 91/120 => Loss 1.188,  Train_accy 99.18, Test_accy 76.07
2024-10-30 15:18:09,881 [pod_foster.py] => SNet: Task 2, Epoch 96/120 => Loss 1.187,  Train_accy 99.38, Test_accy 76.20
2024-10-30 15:18:25,995 [pod_foster.py] => SNet: Task 2, Epoch 101/120 => Loss 1.186,  Train_accy 99.31, Test_accy 76.13
2024-10-30 15:18:37,939 [pod_foster.py] => SNet: Task 2, Epoch 106/120 => Loss 1.188,  Train_accy 99.29, Test_accy 76.31
2024-10-30 15:18:50,220 [pod_foster.py] => SNet: Task 2, Epoch 111/120 => Loss 1.188,  Train_accy 99.07, Test_accy 76.31
2024-10-30 15:19:01,829 [pod_foster.py] => SNet: Task 2, Epoch 116/120 => Loss 1.190,  Train_accy 99.27, Test_accy 75.70
2024-10-30 15:19:10,062 [pod_foster.py] => SNet: Task 2, Epoch 120/120 => Loss 1.188,  Train_accy 99.24
2024-10-30 15:19:10,062 [pod_foster.py] => do not weight align student!
2024-10-30 15:19:11,017 [pod_foster.py] => darknet eval: 
2024-10-30 15:19:11,018 [pod_foster.py] => CNN top1 curve: 76.67
2024-10-30 15:19:11,019 [pod_foster.py] => CNN top5 curve: 96.63
2024-10-30 15:19:11,019 [pod_foster.py] => CNN: {'total': 76.67, '00-04': 66.2, '05-06': 85.58, '07-08': 93.92, 'old': 71.74, 'new': 93.92}
2024-10-30 15:19:11,021 [pod_foster.py] => All params after compression: 3853138
2024-10-30 15:19:11,021 [base.py] => Reducing exemplars...(55 per classes)
2024-10-30 15:19:13,038 [base.py] => Constructing exemplars...(55 per classes)
2024-10-30 15:19:16,597 [trainer.py] => All params: 7705241
2024-10-30 15:19:19,236 [pod_foster.py] => Exemplar size: 495
2024-10-30 15:19:19,237 [trainer.py] => CNN: {'total': 76.3, '00-04': 64.67, '05-06': 89.25, '07-08': 92.42, 'old': 71.69, 'new': 92.42}
2024-10-30 15:19:19,237 [trainer.py] => NME: {'total': 72.37, '00-04': 66.57, '05-06': 76.0, '07-08': 83.25, 'old': 69.26, 'new': 83.25}
2024-10-30 15:19:19,237 [trainer.py] => CNN top1 curve: [89.93, 80.14, 76.3]
2024-10-30 15:19:19,237 [trainer.py] => CNN top5 curve: [100.0, 98.43, 96.44]
2024-10-30 15:19:19,237 [trainer.py] => NME top1 curve: [90.0, 73.5, 72.37]
2024-10-30 15:19:19,237 [trainer.py] => NME top5 curve: [100.0, 98.67, 95.83]

2024-10-30 15:19:19,237 [trainer.py] => Average Accuracy (CNN): 82.12333333333333
2024-10-30 15:19:19,237 [trainer.py] => Average Accuracy (NME): 78.62333333333333
2024-10-30 15:19:19,238 [trainer.py] => Forgetting (CNN): 12.630000000000003
