2024-10-25 16:25:20,948 [trainer.py] => config: ./exps/POD_foster.json
2024-10-25 16:25:20,948 [trainer.py] => prefix: cil
2024-10-25 16:25:20,948 [trainer.py] => dataset: hrrp9
2024-10-25 16:25:20,948 [trainer.py] => memory_size: 500
2024-10-25 16:25:20,948 [trainer.py] => memory_per_class: 20
2024-10-25 16:25:20,948 [trainer.py] => fixed_memory: False
2024-10-25 16:25:20,948 [trainer.py] => shuffle: True
2024-10-25 16:25:20,948 [trainer.py] => init_cls: 5
2024-10-25 16:25:20,948 [trainer.py] => increment: 2
2024-10-25 16:25:20,948 [trainer.py] => model_name: POD_foster
2024-10-25 16:25:20,948 [trainer.py] => convnet_type: resnet18
2024-10-25 16:25:20,948 [trainer.py] => init_train: False
2024-10-25 16:25:20,948 [trainer.py] => convnet_path1: checkpoints/init_train/resnet18_35172.pth
2024-10-25 16:25:20,948 [trainer.py] => fc_path1: checkpoints/init_train/fc_35172.pth
2024-10-25 16:25:20,948 [trainer.py] => convnet_path: checkpoints/init_train/resnet18_42503.pth
2024-10-25 16:25:20,949 [trainer.py] => fc_path: checkpoints/init_train/fc_42503.pth
2024-10-25 16:25:20,949 [trainer.py] => device: [device(type='cuda', index=2)]
2024-10-25 16:25:20,949 [trainer.py] => seed: 1993
2024-10-25 16:25:20,949 [trainer.py] => beta1: 0.96
2024-10-25 16:25:20,949 [trainer.py] => beta2: 0.97
2024-10-25 16:25:20,949 [trainer.py] => oofc: ft
2024-10-25 16:25:20,949 [trainer.py] => is_teacher_wa: True
2024-10-25 16:25:20,949 [trainer.py] => is_student_wa: False
2024-10-25 16:25:20,949 [trainer.py] => lambda_okd: 0
2024-10-25 16:25:20,949 [trainer.py] => wa_value: 1
2024-10-25 16:25:20,949 [trainer.py] => init_epochs: 0
2024-10-25 16:25:20,949 [trainer.py] => init_lr: 0.1
2024-10-25 16:25:20,949 [trainer.py] => init_weight_decay: 0.0005
2024-10-25 16:25:20,949 [trainer.py] => boosting_epochs: 150
2024-10-25 16:25:20,949 [trainer.py] => compression_epochs: 120
2024-10-25 16:25:20,949 [trainer.py] => lr: 0.1
2024-10-25 16:25:20,949 [trainer.py] => batch_size: 128
2024-10-25 16:25:20,949 [trainer.py] => weight_decay: 0.0005
2024-10-25 16:25:20,949 [trainer.py] => num_workers: 8
2024-10-25 16:25:20,949 [trainer.py] => momentum: 0.9
2024-10-25 16:25:20,950 [trainer.py] => T: 2
2024-10-25 16:25:20,950 [trainer.py] => lambda_c_base: 0.4
2024-10-25 16:25:20,950 [trainer.py] => lambda_f_base: 1.0
2024-10-25 16:25:20,950 [trainer.py] => POD: c
2024-10-25 16:25:21,669 [data_manager.py] => [4, 2, 5, 0, 3, 6, 7, 8, 1]
2024-10-25 16:25:21,728 [trainer.py] => All params: 0
2024-10-25 16:25:21,728 [trainer.py] => Trainable params: 0
2024-10-25 16:25:22,910 [pod_foster.py] => Learning on 0-5
2024-10-25 16:25:22,910 [pod_foster.py] => All params: 3849034
2024-10-25 16:25:22,911 [pod_foster.py] => Trainable params: 3849034
2024-10-25 16:25:22,968 [pod_foster.py] => Adaptive factor: 0
2024-10-25 16:25:23,168 [pod_foster.py] => init_train?---False
2024-10-25 16:25:24,188 [base.py] => Reducing exemplars...(100 per classes)
2024-10-25 16:25:24,188 [base.py] => Constructing exemplars...(100 per classes)
2024-10-25 16:25:30,269 [trainer.py] => All params: 3849034
2024-10-25 16:25:31,416 [pod_foster.py] => Exemplar size: 500
2024-10-25 16:25:31,417 [trainer.py] => CNN: {'total': 89.93, '00-04': 89.93, 'old': 0, 'new': 89.93}
2024-10-25 16:25:31,417 [trainer.py] => NME: {'total': 90.0, '00-04': 90.0, 'old': 0, 'new': 90.0}
2024-10-25 16:25:31,417 [trainer.py] => CNN top1 curve: [89.93]
2024-10-25 16:25:31,417 [trainer.py] => CNN top5 curve: [100.0]
2024-10-25 16:25:31,417 [trainer.py] => NME top1 curve: [90.0]
2024-10-25 16:25:31,417 [trainer.py] => NME top5 curve: [100.0]

2024-10-25 16:25:31,418 [trainer.py] => Average Accuracy (CNN): 89.93
2024-10-25 16:25:31,418 [trainer.py] => Average Accuracy (NME): 90.0
2024-10-25 16:25:31,418 [trainer.py] => All params: 3849034
2024-10-25 16:25:31,419 [trainer.py] => Trainable params: 3849034
2024-10-25 16:25:31,450 [pod_foster.py] => Learning on 5-7
2024-10-25 16:25:31,451 [pod_foster.py] => All params: 7701139
2024-10-25 16:25:31,452 [pod_foster.py] => Trainable params: 3854670
2024-10-25 16:25:31,479 [pod_foster.py] => Adaptive factor: 1.8708286933869707
2024-10-25 16:25:31,488 [pod_foster.py] => per cls weights : [1.00484344 1.00484344 1.00484344 1.00484344 1.00484344 0.98789141
 0.98789141]
2024-10-25 16:25:34,543 [pod_foster.py] => Task 1, Epoch 1/150 => Loss 1.760, Loss_clf 0.703, Loss_fe 0.673, Loss_pod 0.142, Loss_flat 0.242, Train_accy 82.89, Test_accy 59.07
2024-10-25 16:25:44,599 [pod_foster.py] => Task 1, Epoch 6/150 => Loss 0.317, Loss_clf 0.034, Loss_fe 0.075, Loss_pod 0.095, Loss_flat 0.113, Train_accy 99.31, Test_accy 73.12
2024-10-25 16:25:55,211 [pod_foster.py] => Task 1, Epoch 11/150 => Loss 0.126, Loss_clf 0.008, Loss_fe 0.008, Loss_pod 0.053, Loss_flat 0.057, Train_accy 100.00, Test_accy 70.33
2024-10-25 16:26:06,269 [pod_foster.py] => Task 1, Epoch 16/150 => Loss 0.095, Loss_clf 0.006, Loss_fe 0.006, Loss_pod 0.041, Loss_flat 0.042, Train_accy 100.00, Test_accy 70.48
2024-10-25 16:26:17,260 [pod_foster.py] => Task 1, Epoch 21/150 => Loss 0.092, Loss_clf 0.007, Loss_fe 0.007, Loss_pod 0.039, Loss_flat 0.038, Train_accy 100.00, Test_accy 63.19
2024-10-25 16:26:27,937 [pod_foster.py] => Task 1, Epoch 26/150 => Loss 0.329, Loss_clf 0.033, Loss_fe 0.069, Loss_pod 0.103, Loss_flat 0.124, Train_accy 99.22, Test_accy 70.02
2024-10-25 16:26:38,479 [pod_foster.py] => Task 1, Epoch 31/150 => Loss 0.148, Loss_clf 0.008, Loss_fe 0.008, Loss_pod 0.065, Loss_flat 0.067, Train_accy 99.98, Test_accy 67.88
2024-10-25 16:26:49,115 [pod_foster.py] => Task 1, Epoch 36/150 => Loss 0.097, Loss_clf 0.005, Loss_fe 0.005, Loss_pod 0.046, Loss_flat 0.041, Train_accy 100.00, Test_accy 67.24
2024-10-25 16:26:59,558 [pod_foster.py] => Task 1, Epoch 41/150 => Loss 0.086, Loss_clf 0.005, Loss_fe 0.005, Loss_pod 0.041, Loss_flat 0.036, Train_accy 100.00, Test_accy 66.79
2024-10-25 16:27:09,953 [pod_foster.py] => Task 1, Epoch 46/150 => Loss 0.076, Loss_clf 0.004, Loss_fe 0.004, Loss_pod 0.037, Loss_flat 0.031, Train_accy 100.00, Test_accy 67.43
2024-10-25 16:27:20,585 [pod_foster.py] => Task 1, Epoch 51/150 => Loss 0.070, Loss_clf 0.004, Loss_fe 0.004, Loss_pod 0.033, Loss_flat 0.028, Train_accy 100.00, Test_accy 67.05
2024-10-25 16:27:31,466 [pod_foster.py] => Task 1, Epoch 56/150 => Loss 0.066, Loss_clf 0.004, Loss_fe 0.004, Loss_pod 0.031, Loss_flat 0.027, Train_accy 100.00, Test_accy 69.10
2024-10-25 16:27:42,336 [pod_foster.py] => Task 1, Epoch 61/150 => Loss 0.097, Loss_clf 0.008, Loss_fe 0.009, Loss_pod 0.041, Loss_flat 0.039, Train_accy 99.87, Test_accy 73.45
2024-10-25 16:27:53,132 [pod_foster.py] => Task 1, Epoch 66/150 => Loss 0.286, Loss_clf 0.029, Loss_fe 0.049, Loss_pod 0.100, Loss_flat 0.109, Train_accy 99.29, Test_accy 67.81
2024-10-25 16:28:04,203 [pod_foster.py] => Task 1, Epoch 71/150 => Loss 0.100, Loss_clf 0.005, Loss_fe 0.005, Loss_pod 0.049, Loss_flat 0.041, Train_accy 100.00, Test_accy 68.64
2024-10-25 16:28:15,011 [pod_foster.py] => Task 1, Epoch 76/150 => Loss 0.081, Loss_clf 0.004, Loss_fe 0.004, Loss_pod 0.039, Loss_flat 0.033, Train_accy 100.00, Test_accy 67.79
2024-10-25 16:28:25,770 [pod_foster.py] => Task 1, Epoch 81/150 => Loss 0.070, Loss_clf 0.004, Loss_fe 0.004, Loss_pod 0.034, Loss_flat 0.029, Train_accy 100.00, Test_accy 68.17
2024-10-25 16:28:36,379 [pod_foster.py] => Task 1, Epoch 86/150 => Loss 0.067, Loss_clf 0.004, Loss_fe 0.004, Loss_pod 0.032, Loss_flat 0.028, Train_accy 100.00, Test_accy 67.67
2024-10-25 16:28:47,384 [pod_foster.py] => Task 1, Epoch 91/150 => Loss 0.063, Loss_clf 0.004, Loss_fe 0.004, Loss_pod 0.029, Loss_flat 0.026, Train_accy 100.00, Test_accy 67.29
2024-10-25 16:28:58,405 [pod_foster.py] => Task 1, Epoch 96/150 => Loss 0.066, Loss_clf 0.004, Loss_fe 0.004, Loss_pod 0.029, Loss_flat 0.028, Train_accy 100.00, Test_accy 67.88
2024-10-25 16:29:09,324 [pod_foster.py] => Task 1, Epoch 101/150 => Loss 0.059, Loss_clf 0.004, Loss_fe 0.004, Loss_pod 0.026, Loss_flat 0.025, Train_accy 100.00, Test_accy 67.10
2024-10-25 16:29:20,291 [pod_foster.py] => Task 1, Epoch 106/150 => Loss 0.057, Loss_clf 0.004, Loss_fe 0.004, Loss_pod 0.025, Loss_flat 0.025, Train_accy 100.00, Test_accy 67.50
2024-10-25 16:29:31,213 [pod_foster.py] => Task 1, Epoch 111/150 => Loss 0.057, Loss_clf 0.004, Loss_fe 0.004, Loss_pod 0.024, Loss_flat 0.025, Train_accy 100.00, Test_accy 66.83
2024-10-25 16:29:42,435 [pod_foster.py] => Task 1, Epoch 116/150 => Loss 0.054, Loss_clf 0.004, Loss_fe 0.004, Loss_pod 0.023, Loss_flat 0.023, Train_accy 100.00, Test_accy 68.19
2024-10-25 16:29:53,613 [pod_foster.py] => Task 1, Epoch 121/150 => Loss 0.052, Loss_clf 0.004, Loss_fe 0.004, Loss_pod 0.022, Loss_flat 0.023, Train_accy 100.00, Test_accy 67.00
2024-10-25 16:30:04,362 [pod_foster.py] => Task 1, Epoch 126/150 => Loss 0.052, Loss_clf 0.004, Loss_fe 0.004, Loss_pod 0.022, Loss_flat 0.023, Train_accy 100.00, Test_accy 67.19
2024-10-25 16:30:15,112 [pod_foster.py] => Task 1, Epoch 131/150 => Loss 0.052, Loss_clf 0.003, Loss_fe 0.003, Loss_pod 0.021, Loss_flat 0.023, Train_accy 100.00, Test_accy 67.26
2024-10-25 16:30:25,921 [pod_foster.py] => Task 1, Epoch 136/150 => Loss 0.050, Loss_clf 0.004, Loss_fe 0.004, Loss_pod 0.020, Loss_flat 0.023, Train_accy 100.00, Test_accy 67.26
2024-10-25 16:30:36,859 [pod_foster.py] => Task 1, Epoch 141/150 => Loss 0.051, Loss_clf 0.004, Loss_fe 0.004, Loss_pod 0.020, Loss_flat 0.023, Train_accy 100.00, Test_accy 67.43
2024-10-25 16:30:47,805 [pod_foster.py] => Task 1, Epoch 146/150 => Loss 0.051, Loss_clf 0.004, Loss_fe 0.004, Loss_pod 0.021, Loss_flat 0.023, Train_accy 100.00, Test_accy 68.21
2024-10-25 16:30:55,667 [pod_foster.py] => Task 1, Epoch 150/150 => Loss 0.051, Loss_clf 0.003, Loss_fe 0.004, Loss_pod 0.020, Loss_flat 0.023, Train_accy 100.00
2024-10-25 16:30:55,668 [inc_net.py] => align weights, gamma = 0.5372835993766785 
2024-10-25 16:30:55,670 [pod_foster.py] => per cls weights : [1.01377356 1.01377356 1.01377356 1.01377356 1.01377356 0.96556609
 0.96556609]
2024-10-25 16:30:58,194 [pod_foster.py] => SNet: Task 1, Epoch 1/120 => Loss 1.249,  Train_accy 70.20, Test_accy 64.93
2024-10-25 16:31:07,580 [pod_foster.py] => SNet: Task 1, Epoch 6/120 => Loss 0.946,  Train_accy 94.76, Test_accy 76.38
2024-10-25 16:31:17,172 [pod_foster.py] => SNet: Task 1, Epoch 11/120 => Loss 0.938,  Train_accy 95.60, Test_accy 76.55
2024-10-25 16:31:26,386 [pod_foster.py] => SNet: Task 1, Epoch 16/120 => Loss 0.931,  Train_accy 95.89, Test_accy 77.24
2024-10-25 16:31:36,098 [pod_foster.py] => SNet: Task 1, Epoch 21/120 => Loss 0.934,  Train_accy 96.33, Test_accy 78.07
2024-10-25 16:31:45,926 [pod_foster.py] => SNet: Task 1, Epoch 26/120 => Loss 0.930,  Train_accy 96.31, Test_accy 78.19
2024-10-25 16:31:55,830 [pod_foster.py] => SNet: Task 1, Epoch 31/120 => Loss 0.932,  Train_accy 96.64, Test_accy 77.83
2024-10-25 16:32:05,362 [pod_foster.py] => SNet: Task 1, Epoch 36/120 => Loss 0.931,  Train_accy 96.22, Test_accy 77.19
2024-10-25 16:32:15,112 [pod_foster.py] => SNet: Task 1, Epoch 41/120 => Loss 0.928,  Train_accy 96.47, Test_accy 77.86
2024-10-25 16:32:24,485 [pod_foster.py] => SNet: Task 1, Epoch 46/120 => Loss 0.926,  Train_accy 96.29, Test_accy 77.98
2024-10-25 16:32:33,676 [pod_foster.py] => SNet: Task 1, Epoch 51/120 => Loss 0.928,  Train_accy 96.69, Test_accy 77.95
2024-10-25 16:32:43,134 [pod_foster.py] => SNet: Task 1, Epoch 56/120 => Loss 0.926,  Train_accy 96.24, Test_accy 78.02
2024-10-25 16:32:52,356 [pod_foster.py] => SNet: Task 1, Epoch 61/120 => Loss 0.927,  Train_accy 96.27, Test_accy 77.55
2024-10-25 16:33:01,695 [pod_foster.py] => SNet: Task 1, Epoch 66/120 => Loss 0.927,  Train_accy 96.78, Test_accy 77.31
2024-10-25 16:33:11,117 [pod_foster.py] => SNet: Task 1, Epoch 71/120 => Loss 0.928,  Train_accy 96.73, Test_accy 78.64
2024-10-25 16:33:20,591 [pod_foster.py] => SNet: Task 1, Epoch 76/120 => Loss 0.927,  Train_accy 96.67, Test_accy 78.90
2024-10-25 16:33:30,263 [pod_foster.py] => SNet: Task 1, Epoch 81/120 => Loss 0.924,  Train_accy 96.49, Test_accy 78.52
2024-10-25 16:33:39,840 [pod_foster.py] => SNet: Task 1, Epoch 86/120 => Loss 0.926,  Train_accy 97.02, Test_accy 78.40
2024-10-25 16:33:49,147 [pod_foster.py] => SNet: Task 1, Epoch 91/120 => Loss 0.927,  Train_accy 96.87, Test_accy 78.36
2024-10-25 16:33:58,571 [pod_foster.py] => SNet: Task 1, Epoch 96/120 => Loss 0.924,  Train_accy 96.89, Test_accy 78.17
2024-10-25 16:34:07,846 [pod_foster.py] => SNet: Task 1, Epoch 101/120 => Loss 0.923,  Train_accy 96.93, Test_accy 78.43
2024-10-25 16:34:17,100 [pod_foster.py] => SNet: Task 1, Epoch 106/120 => Loss 0.925,  Train_accy 96.80, Test_accy 78.38
2024-10-25 16:34:26,649 [pod_foster.py] => SNet: Task 1, Epoch 111/120 => Loss 0.926,  Train_accy 96.87, Test_accy 79.05
2024-10-25 16:34:36,676 [pod_foster.py] => SNet: Task 1, Epoch 116/120 => Loss 0.925,  Train_accy 96.89, Test_accy 78.02
2024-10-25 16:34:43,943 [pod_foster.py] => SNet: Task 1, Epoch 120/120 => Loss 0.924,  Train_accy 96.93
2024-10-25 16:34:43,944 [pod_foster.py] => do not weight align student!
2024-10-25 16:34:44,706 [pod_foster.py] => darknet eval: 
2024-10-25 16:34:44,706 [pod_foster.py] => CNN top1 curve: 78.5
2024-10-25 16:34:44,706 [pod_foster.py] => CNN top5 curve: 98.52
2024-10-25 16:34:44,707 [pod_foster.py] => All params after compression: 3851086
2024-10-25 16:34:44,707 [base.py] => Reducing exemplars...(71 per classes)
2024-10-25 16:34:46,035 [base.py] => Constructing exemplars...(71 per classes)
2024-10-25 16:34:49,627 [trainer.py] => All params: 7701139
2024-10-25 16:34:51,579 [pod_foster.py] => Exemplar size: 497
2024-10-25 16:34:51,579 [trainer.py] => CNN: {'total': 79.64, '00-04': 77.5, '05-06': 85.0, 'old': 77.5, 'new': 85.0}
2024-10-25 16:34:51,579 [trainer.py] => NME: {'total': 72.93, '00-04': 77.7, '05-06': 61.0, 'old': 77.7, 'new': 61.0}
2024-10-25 16:34:51,579 [trainer.py] => CNN top1 curve: [89.93, 79.64]
2024-10-25 16:34:51,580 [trainer.py] => CNN top5 curve: [100.0, 98.67]
2024-10-25 16:34:51,580 [trainer.py] => NME top1 curve: [90.0, 72.93]
2024-10-25 16:34:51,580 [trainer.py] => NME top5 curve: [100.0, 98.95]

2024-10-25 16:34:51,580 [trainer.py] => Average Accuracy (CNN): 84.785
2024-10-25 16:34:51,580 [trainer.py] => Average Accuracy (NME): 81.465
2024-10-25 16:34:51,581 [trainer.py] => All params: 7701139
2024-10-25 16:34:51,581 [trainer.py] => Trainable params: 3854670
2024-10-25 16:34:51,643 [pod_foster.py] => Learning on 7-9
2024-10-25 16:34:51,645 [pod_foster.py] => All params: 7705241
2024-10-25 16:34:51,645 [pod_foster.py] => Trainable params: 3857746
2024-10-25 16:34:51,694 [pod_foster.py] => Adaptive factor: 2.1213203435596424
2024-10-25 16:34:51,712 [pod_foster.py] => per cls weights : [1.01239929 1.01239929 1.01239929 1.01239929 1.01239929 1.01239929
 1.01239929 0.95660248 0.95660248]
2024-10-25 16:34:54,931 [pod_foster.py] => Task 2, Epoch 1/150 => Loss 1.828, Loss_clf 0.711, Loss_fe 0.692, Loss_pod 0.175, Loss_flat 0.250, Train_accy 85.08, Test_accy 69.15
2024-10-25 16:35:06,307 [pod_foster.py] => Task 2, Epoch 6/150 => Loss 0.220, Loss_clf 0.013, Loss_fe 0.047, Loss_pod 0.080, Loss_flat 0.081, Train_accy 99.91, Test_accy 64.22
2024-10-25 16:35:17,205 [pod_foster.py] => Task 2, Epoch 11/150 => Loss 0.120, Loss_clf 0.010, Loss_fe 0.012, Loss_pod 0.051, Loss_flat 0.047, Train_accy 99.96, Test_accy 60.89
2024-10-25 16:35:28,305 [pod_foster.py] => Task 2, Epoch 16/150 => Loss 0.129, Loss_clf 0.006, Loss_fe 0.008, Loss_pod 0.061, Loss_flat 0.054, Train_accy 100.00, Test_accy 67.98
2024-10-25 16:35:39,323 [pod_foster.py] => Task 2, Epoch 21/150 => Loss 0.092, Loss_clf 0.005, Loss_fe 0.005, Loss_pod 0.046, Loss_flat 0.036, Train_accy 100.00, Test_accy 68.30
2024-10-25 16:35:50,406 [pod_foster.py] => Task 2, Epoch 26/150 => Loss 0.091, Loss_clf 0.005, Loss_fe 0.006, Loss_pod 0.045, Loss_flat 0.035, Train_accy 100.00, Test_accy 66.50
2024-10-25 16:36:01,576 [pod_foster.py] => Task 2, Epoch 31/150 => Loss 0.210, Loss_clf 0.020, Loss_fe 0.034, Loss_pod 0.084, Loss_flat 0.072, Train_accy 99.44, Test_accy 53.26
2024-10-25 16:36:12,795 [pod_foster.py] => Task 2, Epoch 36/150 => Loss 0.145, Loss_clf 0.007, Loss_fe 0.012, Loss_pod 0.069, Loss_flat 0.057, Train_accy 99.98, Test_accy 66.85
2024-10-25 16:36:24,000 [pod_foster.py] => Task 2, Epoch 41/150 => Loss 0.102, Loss_clf 0.004, Loss_fe 0.005, Loss_pod 0.050, Loss_flat 0.042, Train_accy 100.00, Test_accy 67.33
2024-10-25 16:36:34,921 [pod_foster.py] => Task 2, Epoch 46/150 => Loss 0.078, Loss_clf 0.004, Loss_fe 0.004, Loss_pod 0.040, Loss_flat 0.031, Train_accy 100.00, Test_accy 68.15
2024-10-25 16:36:46,153 [pod_foster.py] => Task 2, Epoch 51/150 => Loss 0.070, Loss_clf 0.004, Loss_fe 0.004, Loss_pod 0.035, Loss_flat 0.027, Train_accy 100.00, Test_accy 66.07
2024-10-25 16:36:57,278 [pod_foster.py] => Task 2, Epoch 56/150 => Loss 0.070, Loss_clf 0.004, Loss_fe 0.005, Loss_pod 0.035, Loss_flat 0.026, Train_accy 100.00, Test_accy 58.22
2024-10-25 16:37:08,527 [pod_foster.py] => Task 2, Epoch 61/150 => Loss 0.075, Loss_clf 0.004, Loss_fe 0.005, Loss_pod 0.037, Loss_flat 0.029, Train_accy 100.00, Test_accy 67.26
2024-10-25 16:37:19,776 [pod_foster.py] => Task 2, Epoch 66/150 => Loss 0.095, Loss_clf 0.006, Loss_fe 0.008, Loss_pod 0.043, Loss_flat 0.039, Train_accy 100.00, Test_accy 72.04
2024-10-25 16:37:31,442 [pod_foster.py] => Task 2, Epoch 71/150 => Loss 0.110, Loss_clf 0.008, Loss_fe 0.009, Loss_pod 0.051, Loss_flat 0.041, Train_accy 99.91, Test_accy 67.56
2024-10-25 16:37:42,885 [pod_foster.py] => Task 2, Epoch 76/150 => Loss 0.062, Loss_clf 0.004, Loss_fe 0.004, Loss_pod 0.029, Loss_flat 0.025, Train_accy 100.00, Test_accy 67.07
2024-10-25 16:37:54,098 [pod_foster.py] => Task 2, Epoch 81/150 => Loss 0.071, Loss_clf 0.004, Loss_fe 0.005, Loss_pod 0.032, Loss_flat 0.030, Train_accy 100.00, Test_accy 66.81
2024-10-25 16:38:05,044 [pod_foster.py] => Task 2, Epoch 86/150 => Loss 0.060, Loss_clf 0.004, Loss_fe 0.004, Loss_pod 0.030, Loss_flat 0.023, Train_accy 100.00, Test_accy 66.13
2024-10-25 16:38:16,167 [pod_foster.py] => Task 2, Epoch 91/150 => Loss 0.058, Loss_clf 0.004, Loss_fe 0.004, Loss_pod 0.027, Loss_flat 0.023, Train_accy 100.00, Test_accy 65.56
2024-10-25 16:38:27,343 [pod_foster.py] => Task 2, Epoch 96/150 => Loss 0.054, Loss_clf 0.003, Loss_fe 0.004, Loss_pod 0.024, Loss_flat 0.022, Train_accy 100.00, Test_accy 66.37
2024-10-25 16:38:38,308 [pod_foster.py] => Task 2, Epoch 101/150 => Loss 0.055, Loss_clf 0.004, Loss_fe 0.004, Loss_pod 0.026, Loss_flat 0.022, Train_accy 100.00, Test_accy 65.43
2024-10-25 16:38:49,346 [pod_foster.py] => Task 2, Epoch 106/150 => Loss 0.083, Loss_clf 0.005, Loss_fe 0.006, Loss_pod 0.037, Loss_flat 0.035, Train_accy 100.00, Test_accy 62.52
2024-10-25 16:39:00,412 [pod_foster.py] => Task 2, Epoch 111/150 => Loss 0.062, Loss_clf 0.004, Loss_fe 0.004, Loss_pod 0.027, Loss_flat 0.025, Train_accy 100.00, Test_accy 66.72
2024-10-25 16:39:11,569 [pod_foster.py] => Task 2, Epoch 116/150 => Loss 0.059, Loss_clf 0.005, Loss_fe 0.005, Loss_pod 0.025, Loss_flat 0.024, Train_accy 100.00, Test_accy 65.11
2024-10-25 16:39:22,621 [pod_foster.py] => Task 2, Epoch 121/150 => Loss 0.051, Loss_clf 0.003, Loss_fe 0.004, Loss_pod 0.022, Loss_flat 0.022, Train_accy 100.00, Test_accy 65.57
2024-10-25 16:39:33,681 [pod_foster.py] => Task 2, Epoch 126/150 => Loss 0.052, Loss_clf 0.003, Loss_fe 0.004, Loss_pod 0.022, Loss_flat 0.023, Train_accy 100.00, Test_accy 66.56
2024-10-25 16:39:44,778 [pod_foster.py] => Task 2, Epoch 131/150 => Loss 0.051, Loss_clf 0.003, Loss_fe 0.004, Loss_pod 0.021, Loss_flat 0.023, Train_accy 100.00, Test_accy 66.50
2024-10-25 16:39:55,731 [pod_foster.py] => Task 2, Epoch 136/150 => Loss 0.048, Loss_clf 0.003, Loss_fe 0.003, Loss_pod 0.020, Loss_flat 0.022, Train_accy 100.00, Test_accy 67.35
2024-10-25 16:40:07,246 [pod_foster.py] => Task 2, Epoch 141/150 => Loss 0.047, Loss_clf 0.003, Loss_fe 0.003, Loss_pod 0.019, Loss_flat 0.022, Train_accy 100.00, Test_accy 67.41
2024-10-25 16:40:18,500 [pod_foster.py] => Task 2, Epoch 146/150 => Loss 0.050, Loss_clf 0.004, Loss_fe 0.004, Loss_pod 0.020, Loss_flat 0.023, Train_accy 100.00, Test_accy 63.37
2024-10-25 16:40:26,260 [pod_foster.py] => Task 2, Epoch 150/150 => Loss 0.047, Loss_clf 0.003, Loss_fe 0.003, Loss_pod 0.019, Loss_flat 0.021, Train_accy 100.00
2024-10-25 16:40:26,263 [inc_net.py] => align weights, gamma = 0.5188325047492981 
2024-10-25 16:40:26,265 [pod_foster.py] => per cls weights : [1.02623168 1.02623168 1.02623168 1.02623168 1.02623168 1.02623168
 1.02623168 0.90818914 0.90818914]
2024-10-25 16:40:28,927 [pod_foster.py] => SNet: Task 2, Epoch 1/120 => Loss 1.559,  Train_accy 74.29, Test_accy 61.43
2024-10-25 16:40:38,750 [pod_foster.py] => SNet: Task 2, Epoch 6/120 => Loss 1.282,  Train_accy 96.95, Test_accy 72.78
2024-10-25 16:40:48,242 [pod_foster.py] => SNet: Task 2, Epoch 11/120 => Loss 1.284,  Train_accy 97.33, Test_accy 73.57
2024-10-25 16:40:57,623 [pod_foster.py] => SNet: Task 2, Epoch 16/120 => Loss 1.279,  Train_accy 97.91, Test_accy 74.43
2024-10-25 16:41:07,095 [pod_foster.py] => SNet: Task 2, Epoch 21/120 => Loss 1.280,  Train_accy 97.64, Test_accy 74.65
2024-10-25 16:41:16,732 [pod_foster.py] => SNet: Task 2, Epoch 26/120 => Loss 1.278,  Train_accy 98.02, Test_accy 75.78
2024-10-25 16:41:26,193 [pod_foster.py] => SNet: Task 2, Epoch 31/120 => Loss 1.275,  Train_accy 97.91, Test_accy 76.30
2024-10-25 16:41:35,734 [pod_foster.py] => SNet: Task 2, Epoch 36/120 => Loss 1.277,  Train_accy 97.78, Test_accy 76.72
2024-10-25 16:41:45,409 [pod_foster.py] => SNet: Task 2, Epoch 41/120 => Loss 1.274,  Train_accy 97.73, Test_accy 77.22
2024-10-25 16:41:55,172 [pod_foster.py] => SNet: Task 2, Epoch 46/120 => Loss 1.275,  Train_accy 98.22, Test_accy 76.31
2024-10-25 16:42:05,099 [pod_foster.py] => SNet: Task 2, Epoch 51/120 => Loss 1.275,  Train_accy 97.93, Test_accy 75.91
2024-10-25 16:42:14,995 [pod_foster.py] => SNet: Task 2, Epoch 56/120 => Loss 1.275,  Train_accy 97.93, Test_accy 76.81
2024-10-25 16:42:24,452 [pod_foster.py] => SNet: Task 2, Epoch 61/120 => Loss 1.275,  Train_accy 97.95, Test_accy 76.39
2024-10-25 16:42:33,965 [pod_foster.py] => SNet: Task 2, Epoch 66/120 => Loss 1.272,  Train_accy 98.18, Test_accy 76.85
2024-10-25 16:42:43,865 [pod_foster.py] => SNet: Task 2, Epoch 71/120 => Loss 1.274,  Train_accy 98.04, Test_accy 77.11
2024-10-25 16:42:53,706 [pod_foster.py] => SNet: Task 2, Epoch 76/120 => Loss 1.275,  Train_accy 98.18, Test_accy 76.61
2024-10-25 16:43:03,340 [pod_foster.py] => SNet: Task 2, Epoch 81/120 => Loss 1.276,  Train_accy 98.15, Test_accy 76.54
2024-10-25 16:43:12,842 [pod_foster.py] => SNet: Task 2, Epoch 86/120 => Loss 1.269,  Train_accy 98.40, Test_accy 76.61
2024-10-25 16:43:22,415 [pod_foster.py] => SNet: Task 2, Epoch 91/120 => Loss 1.273,  Train_accy 98.31, Test_accy 76.85
2024-10-25 16:43:32,410 [pod_foster.py] => SNet: Task 2, Epoch 96/120 => Loss 1.268,  Train_accy 98.31, Test_accy 77.22
2024-10-25 16:43:42,349 [pod_foster.py] => SNet: Task 2, Epoch 101/120 => Loss 1.271,  Train_accy 98.27, Test_accy 76.94
2024-10-25 16:43:51,935 [pod_foster.py] => SNet: Task 2, Epoch 106/120 => Loss 1.272,  Train_accy 98.42, Test_accy 77.09
2024-10-25 16:44:01,697 [pod_foster.py] => SNet: Task 2, Epoch 111/120 => Loss 1.273,  Train_accy 98.00, Test_accy 77.33
2024-10-25 16:44:11,129 [pod_foster.py] => SNet: Task 2, Epoch 116/120 => Loss 1.275,  Train_accy 98.31, Test_accy 76.70
2024-10-25 16:44:18,312 [pod_foster.py] => SNet: Task 2, Epoch 120/120 => Loss 1.272,  Train_accy 98.22
2024-10-25 16:44:18,312 [pod_foster.py] => do not weight align student!
2024-10-25 16:44:19,221 [pod_foster.py] => darknet eval: 
2024-10-25 16:44:19,221 [pod_foster.py] => CNN top1 curve: 77.61
2024-10-25 16:44:19,221 [pod_foster.py] => CNN top5 curve: 96.28
2024-10-25 16:44:19,223 [pod_foster.py] => All params after compression: 3853138
2024-10-25 16:44:19,224 [base.py] => Reducing exemplars...(55 per classes)
2024-10-25 16:44:20,920 [base.py] => Constructing exemplars...(55 per classes)
2024-10-25 16:44:24,083 [trainer.py] => All params: 7705241
2024-10-25 16:44:26,766 [pod_foster.py] => Exemplar size: 495
2024-10-25 16:44:26,767 [trainer.py] => CNN: {'total': 76.35, '00-04': 65.6, '05-06': 88.0, '07-08': 91.58, 'old': 72.0, 'new': 91.58}
2024-10-25 16:44:26,767 [trainer.py] => NME: {'total': 72.28, '00-04': 67.07, '05-06': 75.33, '07-08': 82.25, 'old': 69.43, 'new': 82.25}
2024-10-25 16:44:26,767 [trainer.py] => CNN top1 curve: [89.93, 79.64, 76.35]
2024-10-25 16:44:26,767 [trainer.py] => CNN top5 curve: [100.0, 98.67, 96.17]
2024-10-25 16:44:26,767 [trainer.py] => NME top1 curve: [90.0, 72.93, 72.28]
2024-10-25 16:44:26,767 [trainer.py] => NME top5 curve: [100.0, 98.95, 96.33]

2024-10-25 16:44:26,767 [trainer.py] => Average Accuracy (CNN): 81.97333333333333
2024-10-25 16:44:26,768 [trainer.py] => Average Accuracy (NME): 78.40333333333334
2024-10-25 16:44:26,768 [trainer.py] => Forgetting (CNN): 12.165000000000006
