2024-10-25 15:48:26,218 [trainer.py] => config: ./exps/POD_foster.json
2024-10-25 15:48:26,218 [trainer.py] => prefix: cil
2024-10-25 15:48:26,218 [trainer.py] => dataset: hrrp9
2024-10-25 15:48:26,218 [trainer.py] => memory_size: 500
2024-10-25 15:48:26,218 [trainer.py] => memory_per_class: 20
2024-10-25 15:48:26,218 [trainer.py] => fixed_memory: False
2024-10-25 15:48:26,219 [trainer.py] => shuffle: True
2024-10-25 15:48:26,219 [trainer.py] => init_cls: 5
2024-10-25 15:48:26,219 [trainer.py] => increment: 2
2024-10-25 15:48:26,219 [trainer.py] => model_name: POD_foster
2024-10-25 15:48:26,219 [trainer.py] => convnet_type: resnet18
2024-10-25 15:48:26,219 [trainer.py] => init_train: False
2024-10-25 15:48:26,219 [trainer.py] => convnet_path1: checkpoints/init_train/resnet18_35172.pth
2024-10-25 15:48:26,219 [trainer.py] => fc_path1: checkpoints/init_train/fc_35172.pth
2024-10-25 15:48:26,219 [trainer.py] => convnet_path: checkpoints/init_train/resnet18_42503.pth
2024-10-25 15:48:26,219 [trainer.py] => fc_path: checkpoints/init_train/fc_42503.pth
2024-10-25 15:48:26,219 [trainer.py] => device: [device(type='cuda', index=2)]
2024-10-25 15:48:26,219 [trainer.py] => seed: 1993
2024-10-25 15:48:26,219 [trainer.py] => beta1: 0.96
2024-10-25 15:48:26,219 [trainer.py] => beta2: 0.97
2024-10-25 15:48:26,219 [trainer.py] => oofc: ft
2024-10-25 15:48:26,219 [trainer.py] => is_teacher_wa: True
2024-10-25 15:48:26,219 [trainer.py] => is_student_wa: False
2024-10-25 15:48:26,219 [trainer.py] => lambda_okd: 0
2024-10-25 15:48:26,220 [trainer.py] => wa_value: 1
2024-10-25 15:48:26,220 [trainer.py] => init_epochs: 0
2024-10-25 15:48:26,220 [trainer.py] => init_lr: 0.1
2024-10-25 15:48:26,220 [trainer.py] => init_weight_decay: 0.0005
2024-10-25 15:48:26,220 [trainer.py] => boosting_epochs: 150
2024-10-25 15:48:26,220 [trainer.py] => compression_epochs: 120
2024-10-25 15:48:26,220 [trainer.py] => lr: 0.1
2024-10-25 15:48:26,220 [trainer.py] => batch_size: 128
2024-10-25 15:48:26,220 [trainer.py] => weight_decay: 0.0005
2024-10-25 15:48:26,220 [trainer.py] => num_workers: 8
2024-10-25 15:48:26,220 [trainer.py] => momentum: 0.9
2024-10-25 15:48:26,220 [trainer.py] => T: 2
2024-10-25 15:48:26,220 [trainer.py] => lambda_c_base: 0.4
2024-10-25 15:48:26,220 [trainer.py] => lambda_f_base: 1.0
2024-10-25 15:48:26,220 [trainer.py] => POD: c
2024-10-25 15:48:27,067 [data_manager.py] => [4, 2, 5, 0, 3, 6, 7, 8, 1]
2024-10-25 15:48:27,125 [trainer.py] => All params: 0
2024-10-25 15:48:27,126 [trainer.py] => Trainable params: 0
2024-10-25 15:48:28,446 [pod_foster.py] => Learning on 0-5
2024-10-25 15:48:28,446 [pod_foster.py] => All params: 3849034
2024-10-25 15:48:28,447 [pod_foster.py] => Trainable params: 3849034
2024-10-25 15:48:28,540 [pod_foster.py] => Adaptive factor: 0
2024-10-25 15:48:28,821 [pod_foster.py] => init_train?---False
2024-10-25 15:48:30,025 [base.py] => Reducing exemplars...(100 per classes)
2024-10-25 15:48:30,025 [base.py] => Constructing exemplars...(100 per classes)
2024-10-25 15:48:37,657 [trainer.py] => All params: 3849034
2024-10-25 15:48:39,207 [pod_foster.py] => Exemplar size: 500
2024-10-25 15:48:39,209 [trainer.py] => CNN: {'total': 89.93, '00-04': 89.93, 'old': 0, 'new': 89.93}
2024-10-25 15:48:39,210 [trainer.py] => NME: {'total': 90.0, '00-04': 90.0, 'old': 0, 'new': 90.0}
2024-10-25 15:48:39,211 [trainer.py] => CNN top1 curve: [89.93]
2024-10-25 15:48:39,211 [trainer.py] => CNN top5 curve: [100.0]
2024-10-25 15:48:39,211 [trainer.py] => NME top1 curve: [90.0]
2024-10-25 15:48:39,211 [trainer.py] => NME top5 curve: [100.0]

2024-10-25 15:48:39,212 [trainer.py] => Average Accuracy (CNN): 89.93
2024-10-25 15:48:39,212 [trainer.py] => Average Accuracy (NME): 90.0
2024-10-25 15:48:39,213 [trainer.py] => All params: 3849034
2024-10-25 15:48:39,213 [trainer.py] => Trainable params: 3849034
2024-10-25 15:48:39,262 [pod_foster.py] => Learning on 5-7
2024-10-25 15:48:39,264 [pod_foster.py] => All params: 7701139
2024-10-25 15:48:39,265 [pod_foster.py] => Trainable params: 3854670
2024-10-25 15:48:39,321 [pod_foster.py] => Adaptive factor: 1.8708286933869707
2024-10-25 15:48:39,334 [pod_foster.py] => per cls weights : [1.00484344 1.00484344 1.00484344 1.00484344 1.00484344 0.98789141
 0.98789141]
2024-10-25 15:48:42,963 [pod_foster.py] => Task 1, Epoch 1/150 => Loss 1.813, Loss_clf 0.701, Loss_fe 0.672, Loss_pod 0.201, Loss_flat 0.238, Train_accy 82.91, Test_accy 56.48
2024-10-25 15:48:52,860 [pod_foster.py] => Task 1, Epoch 6/150 => Loss 0.298, Loss_clf 0.020, Loss_fe 0.046, Loss_pod 0.142, Loss_flat 0.091, Train_accy 99.80, Test_accy 69.86
2024-10-25 15:49:02,811 [pod_foster.py] => Task 1, Epoch 11/150 => Loss 0.189, Loss_clf 0.010, Loss_fe 0.014, Loss_pod 0.108, Loss_flat 0.057, Train_accy 100.00, Test_accy 69.69
2024-10-25 15:49:12,764 [pod_foster.py] => Task 1, Epoch 16/150 => Loss 0.162, Loss_clf 0.008, Loss_fe 0.011, Loss_pod 0.095, Loss_flat 0.047, Train_accy 100.00, Test_accy 68.95
2024-10-25 15:49:22,477 [pod_foster.py] => Task 1, Epoch 21/150 => Loss 0.195, Loss_clf 0.018, Loss_fe 0.020, Loss_pod 0.102, Loss_flat 0.055, Train_accy 99.82, Test_accy 62.29
2024-10-25 15:49:32,367 [pod_foster.py] => Task 1, Epoch 26/150 => Loss 0.422, Loss_clf 0.034, Loss_fe 0.072, Loss_pod 0.192, Loss_flat 0.122, Train_accy 99.27, Test_accy 69.02
2024-10-25 15:49:42,476 [pod_foster.py] => Task 1, Epoch 31/150 => Loss 0.211, Loss_clf 0.010, Loss_fe 0.011, Loss_pod 0.125, Loss_flat 0.065, Train_accy 100.00, Test_accy 68.69
2024-10-25 15:49:52,201 [pod_foster.py] => Task 1, Epoch 36/150 => Loss 0.178, Loss_clf 0.008, Loss_fe 0.009, Loss_pod 0.114, Loss_flat 0.047, Train_accy 100.00, Test_accy 68.88
2024-10-25 15:50:01,943 [pod_foster.py] => Task 1, Epoch 41/150 => Loss 0.151, Loss_clf 0.007, Loss_fe 0.008, Loss_pod 0.096, Loss_flat 0.041, Train_accy 100.00, Test_accy 68.43
2024-10-25 15:50:11,787 [pod_foster.py] => Task 1, Epoch 46/150 => Loss 0.145, Loss_clf 0.007, Loss_fe 0.008, Loss_pod 0.093, Loss_flat 0.037, Train_accy 100.00, Test_accy 69.83
2024-10-25 15:50:21,596 [pod_foster.py] => Task 1, Epoch 51/150 => Loss 0.143, Loss_clf 0.007, Loss_fe 0.008, Loss_pod 0.092, Loss_flat 0.037, Train_accy 100.00, Test_accy 67.62
2024-10-25 15:50:31,617 [pod_foster.py] => Task 1, Epoch 56/150 => Loss 0.131, Loss_clf 0.006, Loss_fe 0.007, Loss_pod 0.083, Loss_flat 0.034, Train_accy 100.00, Test_accy 70.50
2024-10-25 15:50:41,413 [pod_foster.py] => Task 1, Epoch 61/150 => Loss 0.218, Loss_clf 0.022, Loss_fe 0.030, Loss_pod 0.107, Loss_flat 0.059, Train_accy 99.60, Test_accy 74.62
2024-10-25 15:50:51,088 [pod_foster.py] => Task 1, Epoch 66/150 => Loss 0.338, Loss_clf 0.025, Loss_fe 0.041, Loss_pod 0.173, Loss_flat 0.099, Train_accy 99.40, Test_accy 69.45
2024-10-25 15:51:00,589 [pod_foster.py] => Task 1, Epoch 71/150 => Loss 0.160, Loss_clf 0.007, Loss_fe 0.008, Loss_pod 0.102, Loss_flat 0.043, Train_accy 100.00, Test_accy 69.67
2024-10-25 15:51:10,179 [pod_foster.py] => Task 1, Epoch 76/150 => Loss 0.139, Loss_clf 0.006, Loss_fe 0.007, Loss_pod 0.089, Loss_flat 0.037, Train_accy 100.00, Test_accy 68.62
2024-10-25 15:51:19,859 [pod_foster.py] => Task 1, Epoch 81/150 => Loss 0.129, Loss_clf 0.006, Loss_fe 0.007, Loss_pod 0.082, Loss_flat 0.033, Train_accy 100.00, Test_accy 69.60
2024-10-25 15:51:29,784 [pod_foster.py] => Task 1, Epoch 86/150 => Loss 0.123, Loss_clf 0.006, Loss_fe 0.007, Loss_pod 0.077, Loss_flat 0.033, Train_accy 100.00, Test_accy 67.88
2024-10-25 15:51:39,817 [pod_foster.py] => Task 1, Epoch 91/150 => Loss 0.120, Loss_clf 0.006, Loss_fe 0.007, Loss_pod 0.076, Loss_flat 0.031, Train_accy 100.00, Test_accy 68.10
2024-10-25 15:51:49,845 [pod_foster.py] => Task 1, Epoch 96/150 => Loss 0.116, Loss_clf 0.006, Loss_fe 0.007, Loss_pod 0.070, Loss_flat 0.032, Train_accy 100.00, Test_accy 68.48
2024-10-25 15:51:59,412 [pod_foster.py] => Task 1, Epoch 101/150 => Loss 0.111, Loss_clf 0.006, Loss_fe 0.007, Loss_pod 0.068, Loss_flat 0.030, Train_accy 100.00, Test_accy 67.60
2024-10-25 15:52:09,454 [pod_foster.py] => Task 1, Epoch 106/150 => Loss 0.109, Loss_clf 0.006, Loss_fe 0.007, Loss_pod 0.066, Loss_flat 0.029, Train_accy 100.00, Test_accy 67.43
2024-10-25 15:52:19,262 [pod_foster.py] => Task 1, Epoch 111/150 => Loss 0.108, Loss_clf 0.006, Loss_fe 0.007, Loss_pod 0.065, Loss_flat 0.030, Train_accy 100.00, Test_accy 66.95
2024-10-25 15:52:28,988 [pod_foster.py] => Task 1, Epoch 116/150 => Loss 0.104, Loss_clf 0.006, Loss_fe 0.007, Loss_pod 0.062, Loss_flat 0.028, Train_accy 100.00, Test_accy 68.71
2024-10-25 15:52:39,034 [pod_foster.py] => Task 1, Epoch 121/150 => Loss 0.100, Loss_clf 0.006, Loss_fe 0.007, Loss_pod 0.060, Loss_flat 0.028, Train_accy 100.00, Test_accy 67.81
2024-10-25 15:52:48,657 [pod_foster.py] => Task 1, Epoch 126/150 => Loss 0.101, Loss_clf 0.006, Loss_fe 0.007, Loss_pod 0.060, Loss_flat 0.028, Train_accy 100.00, Test_accy 67.33
2024-10-25 15:52:58,411 [pod_foster.py] => Task 1, Epoch 131/150 => Loss 0.100, Loss_clf 0.006, Loss_fe 0.006, Loss_pod 0.060, Loss_flat 0.028, Train_accy 100.00, Test_accy 67.50
2024-10-25 15:53:08,221 [pod_foster.py] => Task 1, Epoch 136/150 => Loss 0.096, Loss_clf 0.006, Loss_fe 0.007, Loss_pod 0.056, Loss_flat 0.027, Train_accy 100.00, Test_accy 68.29
2024-10-25 15:53:17,743 [pod_foster.py] => Task 1, Epoch 141/150 => Loss 0.096, Loss_clf 0.006, Loss_fe 0.007, Loss_pod 0.056, Loss_flat 0.028, Train_accy 100.00, Test_accy 68.02
2024-10-25 15:53:27,432 [pod_foster.py] => Task 1, Epoch 146/150 => Loss 0.099, Loss_clf 0.006, Loss_fe 0.007, Loss_pod 0.058, Loss_flat 0.027, Train_accy 100.00, Test_accy 68.76
2024-10-25 15:53:34,471 [pod_foster.py] => Task 1, Epoch 150/150 => Loss 0.096, Loss_clf 0.006, Loss_fe 0.007, Loss_pod 0.056, Loss_flat 0.028, Train_accy 100.00
2024-10-25 15:53:34,473 [inc_net.py] => align weights, gamma = 0.49229174852371216 
2024-10-25 15:53:34,475 [pod_foster.py] => per cls weights : [1.01377356 1.01377356 1.01377356 1.01377356 1.01377356 0.96556609
 0.96556609]
2024-10-25 15:53:36,973 [pod_foster.py] => SNet: Task 1, Epoch 1/120 => Loss 1.348,  Train_accy 66.40, Test_accy 68.67
2024-10-25 15:53:46,169 [pod_foster.py] => SNet: Task 1, Epoch 6/120 => Loss 1.108,  Train_accy 92.58, Test_accy 77.76
2024-10-25 15:53:55,059 [pod_foster.py] => SNet: Task 1, Epoch 11/120 => Loss 1.103,  Train_accy 93.91, Test_accy 77.55
2024-10-25 15:54:03,852 [pod_foster.py] => SNet: Task 1, Epoch 16/120 => Loss 1.096,  Train_accy 93.89, Test_accy 78.29
2024-10-25 15:54:12,945 [pod_foster.py] => SNet: Task 1, Epoch 21/120 => Loss 1.099,  Train_accy 94.56, Test_accy 78.88
2024-10-25 15:54:21,810 [pod_foster.py] => SNet: Task 1, Epoch 26/120 => Loss 1.096,  Train_accy 94.56, Test_accy 79.33
2024-10-25 15:54:30,885 [pod_foster.py] => SNet: Task 1, Epoch 31/120 => Loss 1.097,  Train_accy 94.29, Test_accy 79.38
2024-10-25 15:54:40,207 [pod_foster.py] => SNet: Task 1, Epoch 36/120 => Loss 1.096,  Train_accy 94.64, Test_accy 78.62
2024-10-25 15:54:48,992 [pod_foster.py] => SNet: Task 1, Epoch 41/120 => Loss 1.094,  Train_accy 94.64, Test_accy 79.19
2024-10-25 15:54:58,018 [pod_foster.py] => SNet: Task 1, Epoch 46/120 => Loss 1.092,  Train_accy 94.71, Test_accy 78.93
2024-10-25 15:55:06,879 [pod_foster.py] => SNet: Task 1, Epoch 51/120 => Loss 1.093,  Train_accy 94.51, Test_accy 79.00
2024-10-25 15:55:15,850 [pod_foster.py] => SNet: Task 1, Epoch 56/120 => Loss 1.091,  Train_accy 94.76, Test_accy 79.33
2024-10-25 15:55:24,845 [pod_foster.py] => SNet: Task 1, Epoch 61/120 => Loss 1.092,  Train_accy 94.53, Test_accy 79.48
2024-10-25 15:55:33,753 [pod_foster.py] => SNet: Task 1, Epoch 66/120 => Loss 1.093,  Train_accy 94.96, Test_accy 78.83
2024-10-25 15:55:43,114 [pod_foster.py] => SNet: Task 1, Epoch 71/120 => Loss 1.094,  Train_accy 94.69, Test_accy 80.19
2024-10-25 15:55:52,149 [pod_foster.py] => SNet: Task 1, Epoch 76/120 => Loss 1.092,  Train_accy 94.82, Test_accy 80.14
2024-10-25 15:56:01,111 [pod_foster.py] => SNet: Task 1, Epoch 81/120 => Loss 1.091,  Train_accy 94.49, Test_accy 80.00
2024-10-25 15:56:10,561 [pod_foster.py] => SNet: Task 1, Epoch 86/120 => Loss 1.092,  Train_accy 94.84, Test_accy 79.62
2024-10-25 15:56:19,529 [pod_foster.py] => SNet: Task 1, Epoch 91/120 => Loss 1.093,  Train_accy 94.96, Test_accy 80.10
2024-10-25 15:56:28,627 [pod_foster.py] => SNet: Task 1, Epoch 96/120 => Loss 1.091,  Train_accy 95.18, Test_accy 79.52
2024-10-25 15:56:38,146 [pod_foster.py] => SNet: Task 1, Epoch 101/120 => Loss 1.089,  Train_accy 94.84, Test_accy 79.95
2024-10-25 15:56:47,727 [pod_foster.py] => SNet: Task 1, Epoch 106/120 => Loss 1.091,  Train_accy 94.89, Test_accy 80.10
2024-10-25 15:56:56,790 [pod_foster.py] => SNet: Task 1, Epoch 111/120 => Loss 1.092,  Train_accy 95.07, Test_accy 80.33
2024-10-25 15:57:05,963 [pod_foster.py] => SNet: Task 1, Epoch 116/120 => Loss 1.090,  Train_accy 94.98, Test_accy 79.62
2024-10-25 15:57:12,596 [pod_foster.py] => SNet: Task 1, Epoch 120/120 => Loss 1.089,  Train_accy 95.02
2024-10-25 15:57:12,597 [pod_foster.py] => do not weight align student!
2024-10-25 15:57:13,332 [pod_foster.py] => darknet eval: 
2024-10-25 15:57:13,332 [pod_foster.py] => CNN top1 curve: 79.67
2024-10-25 15:57:13,332 [pod_foster.py] => CNN top5 curve: 98.67
2024-10-25 15:57:13,334 [pod_foster.py] => All params after compression: 3851086
2024-10-25 15:57:13,334 [base.py] => Reducing exemplars...(71 per classes)
2024-10-25 15:57:14,618 [base.py] => Constructing exemplars...(71 per classes)
2024-10-25 15:57:22,450 [trainer.py] => All params: 7701139
2024-10-25 15:57:26,305 [pod_foster.py] => Exemplar size: 497
2024-10-25 15:57:26,306 [trainer.py] => CNN: {'total': 81.21, '00-04': 80.4, '05-06': 83.25, 'old': 80.4, 'new': 83.25}
2024-10-25 15:57:26,306 [trainer.py] => NME: {'total': 73.93, '00-04': 78.5, '05-06': 62.5, 'old': 78.5, 'new': 62.5}
2024-10-25 15:57:26,306 [trainer.py] => CNN top1 curve: [89.93, 81.21]
2024-10-25 15:57:26,306 [trainer.py] => CNN top5 curve: [100.0, 98.45]
2024-10-25 15:57:26,306 [trainer.py] => NME top1 curve: [90.0, 73.93]
2024-10-25 15:57:26,306 [trainer.py] => NME top5 curve: [100.0, 98.86]

2024-10-25 15:57:26,306 [trainer.py] => Average Accuracy (CNN): 85.57
2024-10-25 15:57:26,306 [trainer.py] => Average Accuracy (NME): 81.965
2024-10-25 15:57:26,307 [trainer.py] => All params: 7701139
2024-10-25 15:57:26,307 [trainer.py] => Trainable params: 3854670
2024-10-25 15:57:26,365 [pod_foster.py] => Learning on 7-9
2024-10-25 15:57:26,366 [pod_foster.py] => All params: 7705241
2024-10-25 15:57:26,367 [pod_foster.py] => Trainable params: 3857746
2024-10-25 15:57:26,422 [pod_foster.py] => Adaptive factor: 2.1213203435596424
2024-10-25 15:57:26,432 [pod_foster.py] => per cls weights : [1.01239929 1.01239929 1.01239929 1.01239929 1.01239929 1.01239929
 1.01239929 0.95660248 0.95660248]
2024-10-25 15:57:29,516 [pod_foster.py] => Task 2, Epoch 1/150 => Loss 1.837, Loss_clf 0.647, Loss_fe 0.670, Loss_pod 0.287, Loss_flat 0.232, Train_accy 85.21, Test_accy 62.69
2024-10-25 15:57:40,180 [pod_foster.py] => Task 2, Epoch 6/150 => Loss 0.317, Loss_clf 0.017, Loss_fe 0.063, Loss_pod 0.161, Loss_flat 0.076, Train_accy 99.93, Test_accy 62.72
2024-10-25 15:57:50,784 [pod_foster.py] => Task 2, Epoch 11/150 => Loss 0.183, Loss_clf 0.010, Loss_fe 0.017, Loss_pod 0.111, Loss_flat 0.045, Train_accy 100.00, Test_accy 67.56
2024-10-25 15:58:01,098 [pod_foster.py] => Task 2, Epoch 16/150 => Loss 0.212, Loss_clf 0.011, Loss_fe 0.016, Loss_pod 0.130, Loss_flat 0.055, Train_accy 99.96, Test_accy 65.07
2024-10-25 15:58:11,147 [pod_foster.py] => Task 2, Epoch 21/150 => Loss 0.150, Loss_clf 0.007, Loss_fe 0.010, Loss_pod 0.099, Loss_flat 0.035, Train_accy 100.00, Test_accy 68.35
2024-10-25 15:58:21,343 [pod_foster.py] => Task 2, Epoch 26/150 => Loss 0.155, Loss_clf 0.008, Loss_fe 0.011, Loss_pod 0.099, Loss_flat 0.037, Train_accy 100.00, Test_accy 66.48
2024-10-25 15:58:31,588 [pod_foster.py] => Task 2, Epoch 31/150 => Loss 0.244, Loss_clf 0.014, Loss_fe 0.027, Loss_pod 0.141, Loss_flat 0.062, Train_accy 99.91, Test_accy 61.89
2024-10-25 15:58:41,925 [pod_foster.py] => Task 2, Epoch 36/150 => Loss 0.145, Loss_clf 0.006, Loss_fe 0.008, Loss_pod 0.098, Loss_flat 0.032, Train_accy 100.00, Test_accy 66.56
2024-10-25 15:58:52,312 [pod_foster.py] => Task 2, Epoch 41/150 => Loss 0.419, Loss_clf 0.032, Loss_fe 0.072, Loss_pod 0.211, Loss_flat 0.104, Train_accy 99.38, Test_accy 59.22
2024-10-25 15:59:02,390 [pod_foster.py] => Task 2, Epoch 46/150 => Loss 0.205, Loss_clf 0.007, Loss_fe 0.009, Loss_pod 0.143, Loss_flat 0.046, Train_accy 100.00, Test_accy 70.35
2024-10-25 15:59:12,340 [pod_foster.py] => Task 2, Epoch 51/150 => Loss 0.174, Loss_clf 0.007, Loss_fe 0.008, Loss_pod 0.122, Loss_flat 0.036, Train_accy 100.00, Test_accy 67.19
2024-10-25 15:59:22,445 [pod_foster.py] => Task 2, Epoch 56/150 => Loss 0.162, Loss_clf 0.007, Loss_fe 0.008, Loss_pod 0.114, Loss_flat 0.033, Train_accy 100.00, Test_accy 63.52
2024-10-25 15:59:32,698 [pod_foster.py] => Task 2, Epoch 61/150 => Loss 0.160, Loss_clf 0.007, Loss_fe 0.008, Loss_pod 0.110, Loss_flat 0.035, Train_accy 100.00, Test_accy 65.07
2024-10-25 15:59:43,123 [pod_foster.py] => Task 2, Epoch 66/150 => Loss 0.191, Loss_clf 0.009, Loss_fe 0.013, Loss_pod 0.121, Loss_flat 0.048, Train_accy 100.00, Test_accy 73.52
2024-10-25 15:59:53,437 [pod_foster.py] => Task 2, Epoch 71/150 => Loss 0.162, Loss_clf 0.008, Loss_fe 0.009, Loss_pod 0.106, Loss_flat 0.038, Train_accy 99.96, Test_accy 67.35
2024-10-25 16:00:03,318 [pod_foster.py] => Task 2, Epoch 76/150 => Loss 0.135, Loss_clf 0.006, Loss_fe 0.007, Loss_pod 0.092, Loss_flat 0.030, Train_accy 100.00, Test_accy 66.17
2024-10-25 16:00:13,398 [pod_foster.py] => Task 2, Epoch 81/150 => Loss 0.159, Loss_clf 0.009, Loss_fe 0.011, Loss_pod 0.098, Loss_flat 0.041, Train_accy 99.98, Test_accy 63.20
2024-10-25 16:00:23,790 [pod_foster.py] => Task 2, Epoch 86/150 => Loss 0.129, Loss_clf 0.006, Loss_fe 0.007, Loss_pod 0.087, Loss_flat 0.029, Train_accy 100.00, Test_accy 65.15
2024-10-25 16:00:34,066 [pod_foster.py] => Task 2, Epoch 91/150 => Loss 0.128, Loss_clf 0.006, Loss_fe 0.007, Loss_pod 0.087, Loss_flat 0.028, Train_accy 100.00, Test_accy 64.98
2024-10-25 16:00:44,846 [pod_foster.py] => Task 2, Epoch 96/150 => Loss 0.115, Loss_clf 0.006, Loss_fe 0.007, Loss_pod 0.076, Loss_flat 0.027, Train_accy 100.00, Test_accy 65.26
2024-10-25 16:00:54,980 [pod_foster.py] => Task 2, Epoch 101/150 => Loss 0.123, Loss_clf 0.006, Loss_fe 0.007, Loss_pod 0.083, Loss_flat 0.027, Train_accy 100.00, Test_accy 65.07
2024-10-25 16:01:05,268 [pod_foster.py] => Task 2, Epoch 106/150 => Loss 0.155, Loss_clf 0.008, Loss_fe 0.009, Loss_pod 0.097, Loss_flat 0.041, Train_accy 100.00, Test_accy 64.15
2024-10-25 16:01:15,337 [pod_foster.py] => Task 2, Epoch 111/150 => Loss 0.126, Loss_clf 0.006, Loss_fe 0.007, Loss_pod 0.082, Loss_flat 0.030, Train_accy 100.00, Test_accy 66.43
2024-10-25 16:01:25,655 [pod_foster.py] => Task 2, Epoch 116/150 => Loss 0.123, Loss_clf 0.007, Loss_fe 0.008, Loss_pod 0.078, Loss_flat 0.029, Train_accy 100.00, Test_accy 66.00
2024-10-25 16:01:35,886 [pod_foster.py] => Task 2, Epoch 121/150 => Loss 0.109, Loss_clf 0.006, Loss_fe 0.006, Loss_pod 0.070, Loss_flat 0.027, Train_accy 100.00, Test_accy 66.11
2024-10-25 16:01:46,680 [pod_foster.py] => Task 2, Epoch 126/150 => Loss 0.110, Loss_clf 0.006, Loss_fe 0.006, Loss_pod 0.071, Loss_flat 0.027, Train_accy 100.00, Test_accy 66.56
2024-10-25 16:01:57,285 [pod_foster.py] => Task 2, Epoch 131/150 => Loss 0.107, Loss_clf 0.006, Loss_fe 0.006, Loss_pod 0.068, Loss_flat 0.027, Train_accy 100.00, Test_accy 66.30
2024-10-25 16:02:07,750 [pod_foster.py] => Task 2, Epoch 136/150 => Loss 0.103, Loss_clf 0.005, Loss_fe 0.006, Loss_pod 0.066, Loss_flat 0.026, Train_accy 100.00, Test_accy 68.00
2024-10-25 16:02:18,543 [pod_foster.py] => Task 2, Epoch 141/150 => Loss 0.101, Loss_clf 0.006, Loss_fe 0.006, Loss_pod 0.063, Loss_flat 0.026, Train_accy 100.00, Test_accy 67.24
2024-10-25 16:02:28,924 [pod_foster.py] => Task 2, Epoch 146/150 => Loss 0.106, Loss_clf 0.006, Loss_fe 0.007, Loss_pod 0.066, Loss_flat 0.027, Train_accy 100.00, Test_accy 64.20
2024-10-25 16:02:36,247 [pod_foster.py] => Task 2, Epoch 150/150 => Loss 0.100, Loss_clf 0.005, Loss_fe 0.006, Loss_pod 0.063, Loss_flat 0.026, Train_accy 100.00
2024-10-25 16:02:36,249 [inc_net.py] => align weights, gamma = 0.49586722254753113 
2024-10-25 16:02:36,250 [pod_foster.py] => per cls weights : [1.02623168 1.02623168 1.02623168 1.02623168 1.02623168 1.02623168
 1.02623168 0.90818914 0.90818914]
2024-10-25 16:02:39,022 [pod_foster.py] => SNet: Task 2, Epoch 1/120 => Loss 1.631,  Train_accy 72.34, Test_accy 65.72
2024-10-25 16:02:48,372 [pod_foster.py] => SNet: Task 2, Epoch 6/120 => Loss 1.423,  Train_accy 95.04, Test_accy 74.13
2024-10-25 16:02:57,877 [pod_foster.py] => SNet: Task 2, Epoch 11/120 => Loss 1.425,  Train_accy 95.80, Test_accy 74.87
2024-10-25 16:03:07,031 [pod_foster.py] => SNet: Task 2, Epoch 16/120 => Loss 1.420,  Train_accy 95.82, Test_accy 75.20
2024-10-25 16:03:16,395 [pod_foster.py] => SNet: Task 2, Epoch 21/120 => Loss 1.422,  Train_accy 95.91, Test_accy 75.04
2024-10-25 16:03:25,917 [pod_foster.py] => SNet: Task 2, Epoch 26/120 => Loss 1.420,  Train_accy 96.42, Test_accy 77.02
2024-10-25 16:03:35,584 [pod_foster.py] => SNet: Task 2, Epoch 31/120 => Loss 1.416,  Train_accy 96.18, Test_accy 76.83
2024-10-25 16:03:45,151 [pod_foster.py] => SNet: Task 2, Epoch 36/120 => Loss 1.417,  Train_accy 96.06, Test_accy 77.44
2024-10-25 16:03:54,980 [pod_foster.py] => SNet: Task 2, Epoch 41/120 => Loss 1.416,  Train_accy 96.09, Test_accy 77.87
2024-10-25 16:04:04,687 [pod_foster.py] => SNet: Task 2, Epoch 46/120 => Loss 1.417,  Train_accy 96.62, Test_accy 77.31
2024-10-25 16:04:14,394 [pod_foster.py] => SNet: Task 2, Epoch 51/120 => Loss 1.417,  Train_accy 96.22, Test_accy 76.91
2024-10-25 16:04:24,157 [pod_foster.py] => SNet: Task 2, Epoch 56/120 => Loss 1.417,  Train_accy 96.06, Test_accy 77.54
2024-10-25 16:04:33,733 [pod_foster.py] => SNet: Task 2, Epoch 61/120 => Loss 1.417,  Train_accy 96.24, Test_accy 77.07
2024-10-25 16:04:43,723 [pod_foster.py] => SNet: Task 2, Epoch 66/120 => Loss 1.413,  Train_accy 96.60, Test_accy 77.61
2024-10-25 16:04:53,479 [pod_foster.py] => SNet: Task 2, Epoch 71/120 => Loss 1.417,  Train_accy 96.31, Test_accy 77.78
2024-10-25 16:05:02,975 [pod_foster.py] => SNet: Task 2, Epoch 76/120 => Loss 1.417,  Train_accy 96.09, Test_accy 77.35
2024-10-25 16:05:12,522 [pod_foster.py] => SNet: Task 2, Epoch 81/120 => Loss 1.419,  Train_accy 96.38, Test_accy 77.30
2024-10-25 16:05:22,105 [pod_foster.py] => SNet: Task 2, Epoch 86/120 => Loss 1.412,  Train_accy 96.69, Test_accy 76.98
2024-10-25 16:05:31,418 [pod_foster.py] => SNet: Task 2, Epoch 91/120 => Loss 1.415,  Train_accy 96.62, Test_accy 77.76
2024-10-25 16:05:40,636 [pod_foster.py] => SNet: Task 2, Epoch 96/120 => Loss 1.411,  Train_accy 96.44, Test_accy 77.96
2024-10-25 16:05:49,948 [pod_foster.py] => SNet: Task 2, Epoch 101/120 => Loss 1.413,  Train_accy 96.46, Test_accy 78.00
2024-10-25 16:05:59,290 [pod_foster.py] => SNet: Task 2, Epoch 106/120 => Loss 1.415,  Train_accy 96.20, Test_accy 78.07
2024-10-25 16:06:08,568 [pod_foster.py] => SNet: Task 2, Epoch 111/120 => Loss 1.416,  Train_accy 96.58, Test_accy 77.96
2024-10-25 16:06:17,921 [pod_foster.py] => SNet: Task 2, Epoch 116/120 => Loss 1.416,  Train_accy 96.46, Test_accy 77.02
2024-10-25 16:06:24,334 [pod_foster.py] => SNet: Task 2, Epoch 120/120 => Loss 1.415,  Train_accy 96.82
2024-10-25 16:06:24,335 [pod_foster.py] => do not weight align student!
2024-10-25 16:06:25,100 [pod_foster.py] => darknet eval: 
2024-10-25 16:06:25,100 [pod_foster.py] => CNN top1 curve: 78.35
2024-10-25 16:06:25,100 [pod_foster.py] => CNN top5 curve: 96.67
2024-10-25 16:06:25,102 [pod_foster.py] => All params after compression: 3853138
2024-10-25 16:06:25,102 [base.py] => Reducing exemplars...(55 per classes)
2024-10-25 16:06:26,915 [base.py] => Constructing exemplars...(55 per classes)
2024-10-25 16:06:30,415 [trainer.py] => All params: 7705241
2024-10-25 16:06:32,674 [pod_foster.py] => Exemplar size: 495
2024-10-25 16:06:32,675 [trainer.py] => CNN: {'total': 76.7, '00-04': 66.47, '05-06': 89.42, '07-08': 89.58, 'old': 73.02, 'new': 89.58}
2024-10-25 16:06:32,675 [trainer.py] => NME: {'total': 73.43, '00-04': 68.63, '05-06': 76.17, '07-08': 82.67, 'old': 70.79, 'new': 82.67}
2024-10-25 16:06:32,675 [trainer.py] => CNN top1 curve: [89.93, 81.21, 76.7]
2024-10-25 16:06:32,675 [trainer.py] => CNN top5 curve: [100.0, 98.45, 96.48]
2024-10-25 16:06:32,675 [trainer.py] => NME top1 curve: [90.0, 73.93, 73.43]
2024-10-25 16:06:32,675 [trainer.py] => NME top5 curve: [100.0, 98.86, 96.41]

2024-10-25 16:06:32,676 [trainer.py] => Average Accuracy (CNN): 82.61333333333333
2024-10-25 16:06:32,676 [trainer.py] => Average Accuracy (NME): 79.12
2024-10-25 16:06:32,677 [trainer.py] => Forgetting (CNN): 11.730000000000004
