2024-10-25 16:25:29,380 [trainer.py] => config: ./exps/POD_foster.json
2024-10-25 16:25:29,380 [trainer.py] => prefix: cil
2024-10-25 16:25:29,380 [trainer.py] => dataset: hrrp9
2024-10-25 16:25:29,381 [trainer.py] => memory_size: 500
2024-10-25 16:25:29,381 [trainer.py] => memory_per_class: 20
2024-10-25 16:25:29,381 [trainer.py] => fixed_memory: False
2024-10-25 16:25:29,381 [trainer.py] => shuffle: True
2024-10-25 16:25:29,381 [trainer.py] => init_cls: 5
2024-10-25 16:25:29,381 [trainer.py] => increment: 2
2024-10-25 16:25:29,381 [trainer.py] => model_name: POD_foster
2024-10-25 16:25:29,381 [trainer.py] => convnet_type: resnet18
2024-10-25 16:25:29,381 [trainer.py] => init_train: False
2024-10-25 16:25:29,381 [trainer.py] => convnet_path1: checkpoints/init_train/resnet18_35172.pth
2024-10-25 16:25:29,381 [trainer.py] => fc_path1: checkpoints/init_train/fc_35172.pth
2024-10-25 16:25:29,381 [trainer.py] => convnet_path: checkpoints/init_train/resnet18_42503.pth
2024-10-25 16:25:29,381 [trainer.py] => fc_path: checkpoints/init_train/fc_42503.pth
2024-10-25 16:25:29,381 [trainer.py] => device: [device(type='cuda', index=2)]
2024-10-25 16:25:29,382 [trainer.py] => seed: 1993
2024-10-25 16:25:29,382 [trainer.py] => beta1: 0.96
2024-10-25 16:25:29,382 [trainer.py] => beta2: 0.97
2024-10-25 16:25:29,382 [trainer.py] => oofc: ft
2024-10-25 16:25:29,382 [trainer.py] => is_teacher_wa: True
2024-10-25 16:25:29,382 [trainer.py] => is_student_wa: False
2024-10-25 16:25:29,382 [trainer.py] => lambda_okd: 0
2024-10-25 16:25:29,382 [trainer.py] => wa_value: 1
2024-10-25 16:25:29,382 [trainer.py] => init_epochs: 0
2024-10-25 16:25:29,382 [trainer.py] => init_lr: 0.1
2024-10-25 16:25:29,382 [trainer.py] => init_weight_decay: 0.0005
2024-10-25 16:25:29,382 [trainer.py] => boosting_epochs: 150
2024-10-25 16:25:29,382 [trainer.py] => compression_epochs: 120
2024-10-25 16:25:29,382 [trainer.py] => lr: 0.1
2024-10-25 16:25:29,382 [trainer.py] => batch_size: 128
2024-10-25 16:25:29,383 [trainer.py] => weight_decay: 0.0005
2024-10-25 16:25:29,383 [trainer.py] => num_workers: 8
2024-10-25 16:25:29,383 [trainer.py] => momentum: 0.9
2024-10-25 16:25:29,383 [trainer.py] => T: 2
2024-10-25 16:25:29,383 [trainer.py] => lambda_c_base: 0.5
2024-10-25 16:25:29,383 [trainer.py] => lambda_f_base: 1.0
2024-10-25 16:25:29,383 [trainer.py] => POD: c
2024-10-25 16:25:30,069 [data_manager.py] => [4, 2, 5, 0, 3, 6, 7, 8, 1]
2024-10-25 16:25:30,125 [trainer.py] => All params: 0
2024-10-25 16:25:30,125 [trainer.py] => Trainable params: 0
2024-10-25 16:25:31,345 [pod_foster.py] => Learning on 0-5
2024-10-25 16:25:31,346 [pod_foster.py] => All params: 3849034
2024-10-25 16:25:31,347 [pod_foster.py] => Trainable params: 3849034
2024-10-25 16:25:31,422 [pod_foster.py] => Adaptive factor: 0
2024-10-25 16:25:31,640 [pod_foster.py] => init_train?---False
2024-10-25 16:25:32,794 [base.py] => Reducing exemplars...(100 per classes)
2024-10-25 16:25:32,795 [base.py] => Constructing exemplars...(100 per classes)
2024-10-25 16:25:39,765 [trainer.py] => All params: 3849034
2024-10-25 16:25:41,055 [pod_foster.py] => Exemplar size: 500
2024-10-25 16:25:41,055 [trainer.py] => CNN: {'total': 89.93, '00-04': 89.93, 'old': 0, 'new': 89.93}
2024-10-25 16:25:41,055 [trainer.py] => NME: {'total': 90.0, '00-04': 90.0, 'old': 0, 'new': 90.0}
2024-10-25 16:25:41,055 [trainer.py] => CNN top1 curve: [89.93]
2024-10-25 16:25:41,055 [trainer.py] => CNN top5 curve: [100.0]
2024-10-25 16:25:41,055 [trainer.py] => NME top1 curve: [90.0]
2024-10-25 16:25:41,055 [trainer.py] => NME top5 curve: [100.0]

2024-10-25 16:25:41,056 [trainer.py] => Average Accuracy (CNN): 89.93
2024-10-25 16:25:41,056 [trainer.py] => Average Accuracy (NME): 90.0
2024-10-25 16:25:41,056 [trainer.py] => All params: 3849034
2024-10-25 16:25:41,057 [trainer.py] => Trainable params: 3849034
2024-10-25 16:25:41,101 [pod_foster.py] => Learning on 5-7
2024-10-25 16:25:41,102 [pod_foster.py] => All params: 7701139
2024-10-25 16:25:41,103 [pod_foster.py] => Trainable params: 3854670
2024-10-25 16:25:41,142 [pod_foster.py] => Adaptive factor: 1.8708286933869707
2024-10-25 16:25:41,153 [pod_foster.py] => per cls weights : [1.00484344 1.00484344 1.00484344 1.00484344 1.00484344 0.98789141
 0.98789141]
2024-10-25 16:25:44,594 [pod_foster.py] => Task 1, Epoch 1/150 => Loss 1.780, Loss_clf 0.703, Loss_fe 0.670, Loss_pod 0.169, Loss_flat 0.238, Train_accy 83.09, Test_accy 55.83
2024-10-25 16:25:54,990 [pod_foster.py] => Task 1, Epoch 6/150 => Loss 0.283, Loss_clf 0.027, Loss_fe 0.054, Loss_pod 0.102, Loss_flat 0.101, Train_accy 99.44, Test_accy 68.07
2024-10-25 16:26:06,058 [pod_foster.py] => Task 1, Epoch 11/150 => Loss 0.152, Loss_clf 0.012, Loss_fe 0.012, Loss_pod 0.067, Loss_flat 0.060, Train_accy 99.89, Test_accy 70.62
2024-10-25 16:26:17,840 [pod_foster.py] => Task 1, Epoch 16/150 => Loss 0.101, Loss_clf 0.006, Loss_fe 0.006, Loss_pod 0.048, Loss_flat 0.041, Train_accy 100.00, Test_accy 69.81
2024-10-25 16:26:30,081 [pod_foster.py] => Task 1, Epoch 21/150 => Loss 0.098, Loss_clf 0.008, Loss_fe 0.008, Loss_pod 0.045, Loss_flat 0.037, Train_accy 99.98, Test_accy 53.10
2024-10-25 16:26:41,523 [pod_foster.py] => Task 1, Epoch 26/150 => Loss 0.434, Loss_clf 0.042, Loss_fe 0.108, Loss_pod 0.137, Loss_flat 0.147, Train_accy 99.02, Test_accy 73.10
2024-10-25 16:26:52,349 [pod_foster.py] => Task 1, Epoch 31/150 => Loss 0.170, Loss_clf 0.007, Loss_fe 0.008, Loss_pod 0.084, Loss_flat 0.071, Train_accy 100.00, Test_accy 69.93
2024-10-25 16:27:03,205 [pod_foster.py] => Task 1, Epoch 36/150 => Loss 0.118, Loss_clf 0.005, Loss_fe 0.005, Loss_pod 0.062, Loss_flat 0.046, Train_accy 100.00, Test_accy 68.62
2024-10-25 16:27:13,973 [pod_foster.py] => Task 1, Epoch 41/150 => Loss 0.103, Loss_clf 0.005, Loss_fe 0.005, Loss_pod 0.054, Loss_flat 0.039, Train_accy 100.00, Test_accy 67.93
2024-10-25 16:27:24,521 [pod_foster.py] => Task 1, Epoch 46/150 => Loss 0.088, Loss_clf 0.004, Loss_fe 0.004, Loss_pod 0.047, Loss_flat 0.033, Train_accy 100.00, Test_accy 69.10
2024-10-25 16:27:35,276 [pod_foster.py] => Task 1, Epoch 51/150 => Loss 0.082, Loss_clf 0.004, Loss_fe 0.004, Loss_pod 0.044, Loss_flat 0.030, Train_accy 100.00, Test_accy 68.83
2024-10-25 16:27:46,366 [pod_foster.py] => Task 1, Epoch 56/150 => Loss 0.077, Loss_clf 0.004, Loss_fe 0.004, Loss_pod 0.040, Loss_flat 0.029, Train_accy 100.00, Test_accy 69.57
2024-10-25 16:27:57,260 [pod_foster.py] => Task 1, Epoch 61/150 => Loss 0.110, Loss_clf 0.009, Loss_fe 0.011, Loss_pod 0.050, Loss_flat 0.039, Train_accy 99.82, Test_accy 74.57
2024-10-25 16:28:08,139 [pod_foster.py] => Task 1, Epoch 66/150 => Loss 0.298, Loss_clf 0.027, Loss_fe 0.044, Loss_pod 0.117, Loss_flat 0.110, Train_accy 99.29, Test_accy 65.36
2024-10-25 16:28:18,760 [pod_foster.py] => Task 1, Epoch 71/150 => Loss 0.113, Loss_clf 0.005, Loss_fe 0.005, Loss_pod 0.060, Loss_flat 0.043, Train_accy 100.00, Test_accy 69.64
2024-10-25 16:28:29,595 [pod_foster.py] => Task 1, Epoch 76/150 => Loss 0.091, Loss_clf 0.004, Loss_fe 0.004, Loss_pod 0.048, Loss_flat 0.034, Train_accy 100.00, Test_accy 69.10
2024-10-25 16:28:40,599 [pod_foster.py] => Task 1, Epoch 81/150 => Loss 0.080, Loss_clf 0.004, Loss_fe 0.004, Loss_pod 0.042, Loss_flat 0.030, Train_accy 100.00, Test_accy 68.88
2024-10-25 16:28:51,514 [pod_foster.py] => Task 1, Epoch 86/150 => Loss 0.076, Loss_clf 0.004, Loss_fe 0.004, Loss_pod 0.039, Loss_flat 0.029, Train_accy 100.00, Test_accy 68.40
2024-10-25 16:29:02,565 [pod_foster.py] => Task 1, Epoch 91/150 => Loss 0.071, Loss_clf 0.004, Loss_fe 0.004, Loss_pod 0.036, Loss_flat 0.027, Train_accy 100.00, Test_accy 67.95
2024-10-25 16:29:13,432 [pod_foster.py] => Task 1, Epoch 96/150 => Loss 0.075, Loss_clf 0.004, Loss_fe 0.004, Loss_pod 0.037, Loss_flat 0.030, Train_accy 100.00, Test_accy 68.26
2024-10-25 16:29:24,331 [pod_foster.py] => Task 1, Epoch 101/150 => Loss 0.065, Loss_clf 0.004, Loss_fe 0.004, Loss_pod 0.032, Loss_flat 0.026, Train_accy 100.00, Test_accy 67.60
2024-10-25 16:29:35,301 [pod_foster.py] => Task 1, Epoch 106/150 => Loss 0.064, Loss_clf 0.004, Loss_fe 0.004, Loss_pod 0.031, Loss_flat 0.025, Train_accy 100.00, Test_accy 67.86
2024-10-25 16:29:46,372 [pod_foster.py] => Task 1, Epoch 111/150 => Loss 0.063, Loss_clf 0.004, Loss_fe 0.004, Loss_pod 0.030, Loss_flat 0.025, Train_accy 100.00, Test_accy 67.10
2024-10-25 16:29:57,250 [pod_foster.py] => Task 1, Epoch 116/150 => Loss 0.060, Loss_clf 0.004, Loss_fe 0.004, Loss_pod 0.029, Loss_flat 0.024, Train_accy 100.00, Test_accy 68.43
2024-10-25 16:30:08,157 [pod_foster.py] => Task 1, Epoch 121/150 => Loss 0.058, Loss_clf 0.004, Loss_fe 0.004, Loss_pod 0.027, Loss_flat 0.024, Train_accy 100.00, Test_accy 67.83
2024-10-25 16:30:18,867 [pod_foster.py] => Task 1, Epoch 126/150 => Loss 0.058, Loss_clf 0.004, Loss_fe 0.004, Loss_pod 0.027, Loss_flat 0.024, Train_accy 100.00, Test_accy 67.60
2024-10-25 16:30:29,685 [pod_foster.py] => Task 1, Epoch 131/150 => Loss 0.057, Loss_clf 0.003, Loss_fe 0.004, Loss_pod 0.026, Loss_flat 0.024, Train_accy 100.00, Test_accy 67.67
2024-10-25 16:30:40,922 [pod_foster.py] => Task 1, Epoch 136/150 => Loss 0.055, Loss_clf 0.003, Loss_fe 0.004, Loss_pod 0.025, Loss_flat 0.023, Train_accy 100.00, Test_accy 68.07
2024-10-25 16:30:51,730 [pod_foster.py] => Task 1, Epoch 141/150 => Loss 0.056, Loss_clf 0.004, Loss_fe 0.004, Loss_pod 0.025, Loss_flat 0.023, Train_accy 100.00, Test_accy 68.17
2024-10-25 16:31:02,490 [pod_foster.py] => Task 1, Epoch 146/150 => Loss 0.056, Loss_clf 0.004, Loss_fe 0.004, Loss_pod 0.026, Loss_flat 0.023, Train_accy 100.00, Test_accy 68.69
2024-10-25 16:31:10,460 [pod_foster.py] => Task 1, Epoch 150/150 => Loss 0.056, Loss_clf 0.003, Loss_fe 0.004, Loss_pod 0.025, Loss_flat 0.024, Train_accy 100.00
2024-10-25 16:31:10,462 [inc_net.py] => align weights, gamma = 0.5426245927810669 
2024-10-25 16:31:10,463 [pod_foster.py] => per cls weights : [1.01377356 1.01377356 1.01377356 1.01377356 1.01377356 0.96556609
 0.96556609]
2024-10-25 16:31:13,100 [pod_foster.py] => SNet: Task 1, Epoch 1/120 => Loss 1.240,  Train_accy 70.38, Test_accy 65.14
2024-10-25 16:31:22,611 [pod_foster.py] => SNet: Task 1, Epoch 6/120 => Loss 0.932,  Train_accy 95.24, Test_accy 76.21
2024-10-25 16:31:32,139 [pod_foster.py] => SNet: Task 1, Epoch 11/120 => Loss 0.926,  Train_accy 95.89, Test_accy 75.83
2024-10-25 16:31:41,938 [pod_foster.py] => SNet: Task 1, Epoch 16/120 => Loss 0.918,  Train_accy 96.22, Test_accy 77.38
2024-10-25 16:31:51,541 [pod_foster.py] => SNet: Task 1, Epoch 21/120 => Loss 0.921,  Train_accy 96.64, Test_accy 77.43
2024-10-25 16:32:01,258 [pod_foster.py] => SNet: Task 1, Epoch 26/120 => Loss 0.916,  Train_accy 96.56, Test_accy 77.69
2024-10-25 16:32:10,990 [pod_foster.py] => SNet: Task 1, Epoch 31/120 => Loss 0.919,  Train_accy 96.93, Test_accy 77.71
2024-10-25 16:32:20,583 [pod_foster.py] => SNet: Task 1, Epoch 36/120 => Loss 0.918,  Train_accy 96.58, Test_accy 76.79
2024-10-25 16:32:30,558 [pod_foster.py] => SNet: Task 1, Epoch 41/120 => Loss 0.914,  Train_accy 96.67, Test_accy 77.55
2024-10-25 16:32:40,176 [pod_foster.py] => SNet: Task 1, Epoch 46/120 => Loss 0.913,  Train_accy 96.62, Test_accy 77.69
2024-10-25 16:32:49,725 [pod_foster.py] => SNet: Task 1, Epoch 51/120 => Loss 0.914,  Train_accy 97.00, Test_accy 77.50
2024-10-25 16:32:59,175 [pod_foster.py] => SNet: Task 1, Epoch 56/120 => Loss 0.912,  Train_accy 96.67, Test_accy 77.71
2024-10-25 16:33:08,942 [pod_foster.py] => SNet: Task 1, Epoch 61/120 => Loss 0.913,  Train_accy 96.69, Test_accy 77.29
2024-10-25 16:33:18,628 [pod_foster.py] => SNet: Task 1, Epoch 66/120 => Loss 0.914,  Train_accy 97.31, Test_accy 77.24
2024-10-25 16:33:28,195 [pod_foster.py] => SNet: Task 1, Epoch 71/120 => Loss 0.914,  Train_accy 97.07, Test_accy 78.60
2024-10-25 16:33:37,694 [pod_foster.py] => SNet: Task 1, Epoch 76/120 => Loss 0.913,  Train_accy 97.02, Test_accy 78.60
2024-10-25 16:33:46,846 [pod_foster.py] => SNet: Task 1, Epoch 81/120 => Loss 0.910,  Train_accy 96.93, Test_accy 78.71
2024-10-25 16:33:55,995 [pod_foster.py] => SNet: Task 1, Epoch 86/120 => Loss 0.912,  Train_accy 97.20, Test_accy 78.21
2024-10-25 16:34:05,544 [pod_foster.py] => SNet: Task 1, Epoch 91/120 => Loss 0.914,  Train_accy 97.31, Test_accy 78.50
2024-10-25 16:34:15,013 [pod_foster.py] => SNet: Task 1, Epoch 96/120 => Loss 0.911,  Train_accy 97.36, Test_accy 77.88
2024-10-25 16:34:24,770 [pod_foster.py] => SNet: Task 1, Epoch 101/120 => Loss 0.910,  Train_accy 97.20, Test_accy 78.36
2024-10-25 16:34:34,303 [pod_foster.py] => SNet: Task 1, Epoch 106/120 => Loss 0.911,  Train_accy 97.04, Test_accy 78.36
2024-10-25 16:34:43,943 [pod_foster.py] => SNet: Task 1, Epoch 111/120 => Loss 0.912,  Train_accy 97.16, Test_accy 78.67
2024-10-25 16:34:53,486 [pod_foster.py] => SNet: Task 1, Epoch 116/120 => Loss 0.911,  Train_accy 97.04, Test_accy 78.12
2024-10-25 16:35:00,623 [pod_foster.py] => SNet: Task 1, Epoch 120/120 => Loss 0.910,  Train_accy 97.20
2024-10-25 16:35:00,623 [pod_foster.py] => do not weight align student!
2024-10-25 16:35:01,334 [pod_foster.py] => darknet eval: 
2024-10-25 16:35:01,334 [pod_foster.py] => CNN top1 curve: 78.5
2024-10-25 16:35:01,334 [pod_foster.py] => CNN top5 curve: 98.64
2024-10-25 16:35:01,335 [pod_foster.py] => All params after compression: 3851086
2024-10-25 16:35:01,336 [base.py] => Reducing exemplars...(71 per classes)
2024-10-25 16:35:02,756 [base.py] => Constructing exemplars...(71 per classes)
2024-10-25 16:35:06,610 [trainer.py] => All params: 7701139
2024-10-25 16:35:08,547 [pod_foster.py] => Exemplar size: 497
2024-10-25 16:35:08,548 [trainer.py] => CNN: {'total': 80.26, '00-04': 78.13, '05-06': 85.58, 'old': 78.13, 'new': 85.58}
2024-10-25 16:35:08,548 [trainer.py] => NME: {'total': 73.19, '00-04': 78.03, '05-06': 61.08, 'old': 78.03, 'new': 61.08}
2024-10-25 16:35:08,548 [trainer.py] => CNN top1 curve: [89.93, 80.26]
2024-10-25 16:35:08,549 [trainer.py] => CNN top5 curve: [100.0, 98.62]
2024-10-25 16:35:08,549 [trainer.py] => NME top1 curve: [90.0, 73.19]
2024-10-25 16:35:08,549 [trainer.py] => NME top5 curve: [100.0, 98.83]

2024-10-25 16:35:08,549 [trainer.py] => Average Accuracy (CNN): 85.095
2024-10-25 16:35:08,549 [trainer.py] => Average Accuracy (NME): 81.595
2024-10-25 16:35:08,550 [trainer.py] => All params: 7701139
2024-10-25 16:35:08,551 [trainer.py] => Trainable params: 3854670
2024-10-25 16:35:08,611 [pod_foster.py] => Learning on 7-9
2024-10-25 16:35:08,612 [pod_foster.py] => All params: 7705241
2024-10-25 16:35:08,613 [pod_foster.py] => Trainable params: 3857746
2024-10-25 16:35:08,657 [pod_foster.py] => Adaptive factor: 2.1213203435596424
2024-10-25 16:35:08,667 [pod_foster.py] => per cls weights : [1.01239929 1.01239929 1.01239929 1.01239929 1.01239929 1.01239929
 1.01239929 0.95660248 0.95660248]
2024-10-25 16:35:11,954 [pod_foster.py] => Task 2, Epoch 1/150 => Loss 1.894, Loss_clf 0.732, Loss_fe 0.698, Loss_pod 0.209, Loss_flat 0.255, Train_accy 84.86, Test_accy 40.54
2024-10-25 16:35:23,096 [pod_foster.py] => Task 2, Epoch 6/150 => Loss 0.258, Loss_clf 0.015, Loss_fe 0.057, Loss_pod 0.101, Loss_flat 0.086, Train_accy 99.87, Test_accy 66.06
2024-10-25 16:35:34,660 [pod_foster.py] => Task 2, Epoch 11/150 => Loss 0.118, Loss_clf 0.007, Loss_fe 0.010, Loss_pod 0.059, Loss_flat 0.042, Train_accy 100.00, Test_accy 66.61
2024-10-25 16:35:45,651 [pod_foster.py] => Task 2, Epoch 16/150 => Loss 0.176, Loss_clf 0.009, Loss_fe 0.016, Loss_pod 0.085, Loss_flat 0.067, Train_accy 99.91, Test_accy 65.83
2024-10-25 16:35:56,643 [pod_foster.py] => Task 2, Epoch 21/150 => Loss 0.095, Loss_clf 0.004, Loss_fe 0.005, Loss_pod 0.052, Loss_flat 0.033, Train_accy 100.00, Test_accy 66.93
2024-10-25 16:36:07,882 [pod_foster.py] => Task 2, Epoch 26/150 => Loss 0.100, Loss_clf 0.005, Loss_fe 0.006, Loss_pod 0.054, Loss_flat 0.036, Train_accy 100.00, Test_accy 64.81
2024-10-25 16:36:19,191 [pod_foster.py] => Task 2, Epoch 31/150 => Loss 0.140, Loss_clf 0.007, Loss_fe 0.011, Loss_pod 0.072, Loss_flat 0.050, Train_accy 100.00, Test_accy 59.65
2024-10-25 16:36:30,503 [pod_foster.py] => Task 2, Epoch 36/150 => Loss 0.081, Loss_clf 0.004, Loss_fe 0.004, Loss_pod 0.045, Loss_flat 0.028, Train_accy 100.00, Test_accy 65.85
2024-10-25 16:36:41,974 [pod_foster.py] => Task 2, Epoch 41/150 => Loss 0.311, Loss_clf 0.020, Loss_fe 0.058, Loss_pod 0.128, Loss_flat 0.105, Train_accy 99.51, Test_accy 67.17
2024-10-25 16:36:53,017 [pod_foster.py] => Task 2, Epoch 46/150 => Loss 0.123, Loss_clf 0.005, Loss_fe 0.005, Loss_pod 0.069, Loss_flat 0.044, Train_accy 100.00, Test_accy 66.94
2024-10-25 16:37:04,357 [pod_foster.py] => Task 2, Epoch 51/150 => Loss 0.097, Loss_clf 0.005, Loss_fe 0.005, Loss_pod 0.054, Loss_flat 0.033, Train_accy 100.00, Test_accy 66.20
2024-10-25 16:37:15,854 [pod_foster.py] => Task 2, Epoch 56/150 => Loss 0.090, Loss_clf 0.005, Loss_fe 0.005, Loss_pod 0.049, Loss_flat 0.031, Train_accy 100.00, Test_accy 59.85
2024-10-25 16:37:26,939 [pod_foster.py] => Task 2, Epoch 61/150 => Loss 0.084, Loss_clf 0.004, Loss_fe 0.004, Loss_pod 0.047, Loss_flat 0.029, Train_accy 100.00, Test_accy 65.72
2024-10-25 16:37:38,218 [pod_foster.py] => Task 2, Epoch 66/150 => Loss 0.156, Loss_clf 0.010, Loss_fe 0.017, Loss_pod 0.074, Loss_flat 0.055, Train_accy 99.93, Test_accy 70.61
2024-10-25 16:37:49,329 [pod_foster.py] => Task 2, Epoch 71/150 => Loss 0.091, Loss_clf 0.005, Loss_fe 0.005, Loss_pod 0.048, Loss_flat 0.033, Train_accy 99.96, Test_accy 68.44
2024-10-25 16:38:00,408 [pod_foster.py] => Task 2, Epoch 76/150 => Loss 0.076, Loss_clf 0.004, Loss_fe 0.004, Loss_pod 0.041, Loss_flat 0.027, Train_accy 100.00, Test_accy 66.33
2024-10-25 16:38:11,655 [pod_foster.py] => Task 2, Epoch 81/150 => Loss 0.096, Loss_clf 0.006, Loss_fe 0.008, Loss_pod 0.048, Loss_flat 0.035, Train_accy 99.98, Test_accy 65.56
2024-10-25 16:38:22,782 [pod_foster.py] => Task 2, Epoch 86/150 => Loss 0.071, Loss_clf 0.004, Loss_fe 0.004, Loss_pod 0.039, Loss_flat 0.025, Train_accy 100.00, Test_accy 65.33
2024-10-25 16:38:34,047 [pod_foster.py] => Task 2, Epoch 91/150 => Loss 0.068, Loss_clf 0.004, Loss_fe 0.004, Loss_pod 0.036, Loss_flat 0.024, Train_accy 100.00, Test_accy 65.00
2024-10-25 16:38:45,703 [pod_foster.py] => Task 2, Epoch 96/150 => Loss 0.064, Loss_clf 0.004, Loss_fe 0.004, Loss_pod 0.033, Loss_flat 0.023, Train_accy 100.00, Test_accy 65.54
2024-10-25 16:38:56,912 [pod_foster.py] => Task 2, Epoch 101/150 => Loss 0.067, Loss_clf 0.004, Loss_fe 0.004, Loss_pod 0.035, Loss_flat 0.024, Train_accy 100.00, Test_accy 64.26
2024-10-25 16:39:08,240 [pod_foster.py] => Task 2, Epoch 106/150 => Loss 0.086, Loss_clf 0.005, Loss_fe 0.006, Loss_pod 0.043, Loss_flat 0.033, Train_accy 100.00, Test_accy 64.00
2024-10-25 16:39:19,570 [pod_foster.py] => Task 2, Epoch 111/150 => Loss 0.067, Loss_clf 0.004, Loss_fe 0.004, Loss_pod 0.033, Loss_flat 0.025, Train_accy 100.00, Test_accy 67.52
2024-10-25 16:39:30,820 [pod_foster.py] => Task 2, Epoch 116/150 => Loss 0.067, Loss_clf 0.005, Loss_fe 0.005, Loss_pod 0.032, Loss_flat 0.025, Train_accy 100.00, Test_accy 65.44
2024-10-25 16:39:42,573 [pod_foster.py] => Task 2, Epoch 121/150 => Loss 0.059, Loss_clf 0.003, Loss_fe 0.004, Loss_pod 0.029, Loss_flat 0.023, Train_accy 100.00, Test_accy 65.31
2024-10-25 16:39:53,744 [pod_foster.py] => Task 2, Epoch 126/150 => Loss 0.059, Loss_clf 0.003, Loss_fe 0.004, Loss_pod 0.029, Loss_flat 0.023, Train_accy 100.00, Test_accy 66.50
2024-10-25 16:40:05,164 [pod_foster.py] => Task 2, Epoch 131/150 => Loss 0.058, Loss_clf 0.003, Loss_fe 0.004, Loss_pod 0.027, Loss_flat 0.024, Train_accy 100.00, Test_accy 66.11
2024-10-25 16:40:16,902 [pod_foster.py] => Task 2, Epoch 136/150 => Loss 0.055, Loss_clf 0.003, Loss_fe 0.003, Loss_pod 0.026, Loss_flat 0.022, Train_accy 100.00, Test_accy 67.37
2024-10-25 16:40:28,327 [pod_foster.py] => Task 2, Epoch 141/150 => Loss 0.054, Loss_clf 0.003, Loss_fe 0.004, Loss_pod 0.025, Loss_flat 0.022, Train_accy 100.00, Test_accy 67.33
2024-10-25 16:40:39,401 [pod_foster.py] => Task 2, Epoch 146/150 => Loss 0.058, Loss_clf 0.004, Loss_fe 0.004, Loss_pod 0.026, Loss_flat 0.024, Train_accy 100.00, Test_accy 62.72
2024-10-25 16:40:47,408 [pod_foster.py] => Task 2, Epoch 150/150 => Loss 0.053, Loss_clf 0.003, Loss_fe 0.003, Loss_pod 0.024, Loss_flat 0.022, Train_accy 100.00
2024-10-25 16:40:47,410 [inc_net.py] => align weights, gamma = 0.5343291759490967 
2024-10-25 16:40:47,411 [pod_foster.py] => per cls weights : [1.02623168 1.02623168 1.02623168 1.02623168 1.02623168 1.02623168
 1.02623168 0.90818914 0.90818914]
2024-10-25 16:40:50,105 [pod_foster.py] => SNet: Task 2, Epoch 1/120 => Loss 1.536,  Train_accy 74.85, Test_accy 59.41
2024-10-25 16:40:59,815 [pod_foster.py] => SNet: Task 2, Epoch 6/120 => Loss 1.248,  Train_accy 97.44, Test_accy 72.67
2024-10-25 16:41:09,371 [pod_foster.py] => SNet: Task 2, Epoch 11/120 => Loss 1.248,  Train_accy 97.93, Test_accy 72.74
2024-10-25 16:41:19,325 [pod_foster.py] => SNet: Task 2, Epoch 16/120 => Loss 1.243,  Train_accy 98.27, Test_accy 73.39
2024-10-25 16:41:29,124 [pod_foster.py] => SNet: Task 2, Epoch 21/120 => Loss 1.244,  Train_accy 97.80, Test_accy 73.69
2024-10-25 16:41:39,339 [pod_foster.py] => SNet: Task 2, Epoch 26/120 => Loss 1.242,  Train_accy 98.31, Test_accy 74.57
2024-10-25 16:41:49,181 [pod_foster.py] => SNet: Task 2, Epoch 31/120 => Loss 1.239,  Train_accy 98.20, Test_accy 75.04
2024-10-25 16:41:59,320 [pod_foster.py] => SNet: Task 2, Epoch 36/120 => Loss 1.240,  Train_accy 98.20, Test_accy 75.70
2024-10-25 16:42:09,089 [pod_foster.py] => SNet: Task 2, Epoch 41/120 => Loss 1.238,  Train_accy 98.15, Test_accy 76.41
2024-10-25 16:42:19,184 [pod_foster.py] => SNet: Task 2, Epoch 46/120 => Loss 1.238,  Train_accy 98.51, Test_accy 75.50
2024-10-25 16:42:29,032 [pod_foster.py] => SNet: Task 2, Epoch 51/120 => Loss 1.240,  Train_accy 98.47, Test_accy 74.89
2024-10-25 16:42:39,172 [pod_foster.py] => SNet: Task 2, Epoch 56/120 => Loss 1.239,  Train_accy 98.35, Test_accy 76.07
2024-10-25 16:42:49,047 [pod_foster.py] => SNet: Task 2, Epoch 61/120 => Loss 1.239,  Train_accy 98.47, Test_accy 75.83
2024-10-25 16:42:59,312 [pod_foster.py] => SNet: Task 2, Epoch 66/120 => Loss 1.236,  Train_accy 98.47, Test_accy 76.17
2024-10-25 16:43:09,220 [pod_foster.py] => SNet: Task 2, Epoch 71/120 => Loss 1.238,  Train_accy 98.51, Test_accy 76.56
2024-10-25 16:43:19,155 [pod_foster.py] => SNet: Task 2, Epoch 76/120 => Loss 1.239,  Train_accy 98.60, Test_accy 76.22
2024-10-25 16:43:29,030 [pod_foster.py] => SNet: Task 2, Epoch 81/120 => Loss 1.240,  Train_accy 98.71, Test_accy 75.89
2024-10-25 16:43:39,313 [pod_foster.py] => SNet: Task 2, Epoch 86/120 => Loss 1.233,  Train_accy 98.49, Test_accy 75.69
2024-10-25 16:43:49,088 [pod_foster.py] => SNet: Task 2, Epoch 91/120 => Loss 1.237,  Train_accy 98.51, Test_accy 76.07
2024-10-25 16:43:59,014 [pod_foster.py] => SNet: Task 2, Epoch 96/120 => Loss 1.234,  Train_accy 98.67, Test_accy 76.48
2024-10-25 16:44:08,769 [pod_foster.py] => SNet: Task 2, Epoch 101/120 => Loss 1.235,  Train_accy 98.67, Test_accy 76.28
2024-10-25 16:44:18,864 [pod_foster.py] => SNet: Task 2, Epoch 106/120 => Loss 1.236,  Train_accy 98.67, Test_accy 76.22
2024-10-25 16:44:28,565 [pod_foster.py] => SNet: Task 2, Epoch 111/120 => Loss 1.237,  Train_accy 98.60, Test_accy 76.43
2024-10-25 16:44:38,558 [pod_foster.py] => SNet: Task 2, Epoch 116/120 => Loss 1.239,  Train_accy 98.67, Test_accy 75.59
2024-10-25 16:44:45,490 [pod_foster.py] => SNet: Task 2, Epoch 120/120 => Loss 1.235,  Train_accy 98.64
2024-10-25 16:44:45,491 [pod_foster.py] => do not weight align student!
2024-10-25 16:44:46,368 [pod_foster.py] => darknet eval: 
2024-10-25 16:44:46,369 [pod_foster.py] => CNN top1 curve: 76.76
2024-10-25 16:44:46,369 [pod_foster.py] => CNN top5 curve: 96.63
2024-10-25 16:44:46,370 [pod_foster.py] => All params after compression: 3853138
2024-10-25 16:44:46,370 [base.py] => Reducing exemplars...(55 per classes)
2024-10-25 16:44:48,073 [base.py] => Constructing exemplars...(55 per classes)
2024-10-25 16:44:51,217 [trainer.py] => All params: 7705241
2024-10-25 16:44:53,466 [pod_foster.py] => Exemplar size: 495
2024-10-25 16:44:53,467 [trainer.py] => CNN: {'total': 76.2, '00-04': 65.43, '05-06': 87.42, '07-08': 91.92, 'old': 71.71, 'new': 91.92}
2024-10-25 16:44:53,467 [trainer.py] => NME: {'total': 72.0, '00-04': 68.53, '05-06': 71.92, '07-08': 80.75, 'old': 69.5, 'new': 80.75}
2024-10-25 16:44:53,467 [trainer.py] => CNN top1 curve: [89.93, 80.26, 76.2]
2024-10-25 16:44:53,467 [trainer.py] => CNN top5 curve: [100.0, 98.62, 96.56]
2024-10-25 16:44:53,467 [trainer.py] => NME top1 curve: [90.0, 73.19, 72.0]
2024-10-25 16:44:53,467 [trainer.py] => NME top5 curve: [100.0, 98.83, 96.54]

2024-10-25 16:44:53,468 [trainer.py] => Average Accuracy (CNN): 82.13
2024-10-25 16:44:53,468 [trainer.py] => Average Accuracy (NME): 78.39666666666666
2024-10-25 16:44:53,468 [trainer.py] => Forgetting (CNN): 12.25
