2025-03-30 15:37:43,902 [trainer.py] => config: ./exps/POD_foster.json
2025-03-30 15:37:43,902 [trainer.py] => prefix: cil
2025-03-30 15:37:43,902 [trainer.py] => dataset: hrrp9
2025-03-30 15:37:43,902 [trainer.py] => memory_size: 500
2025-03-30 15:37:43,902 [trainer.py] => memory_per_class: 20
2025-03-30 15:37:43,902 [trainer.py] => fixed_memory: False
2025-03-30 15:37:43,902 [trainer.py] => shuffle: True
2025-03-30 15:37:43,902 [trainer.py] => init_cls: 5
2025-03-30 15:37:43,902 [trainer.py] => increment: 2
2025-03-30 15:37:43,903 [trainer.py] => model_name: POD_foster
2025-03-30 15:37:43,903 [trainer.py] => convnet_type: resnet18
2025-03-30 15:37:43,903 [trainer.py] => init_train: False
2025-03-30 15:37:43,903 [trainer.py] => convnet_path1: checkpoints/init_train/resnet18_35172.pth
2025-03-30 15:37:43,903 [trainer.py] => fc_path1: checkpoints/init_train/fc_35172.pth
2025-03-30 15:37:43,903 [trainer.py] => convnet_path: checkpoints/init_train/resnet18_42503.pth
2025-03-30 15:37:43,903 [trainer.py] => fc_path: checkpoints/init_train/fc_42503.pth
2025-03-30 15:37:43,903 [trainer.py] => convnet_path2: checkpoints/init_train/resnet18_42871.pth
2025-03-30 15:37:43,903 [trainer.py] => fc_path2: checkpoints/init_train/fc_42871.pth
2025-03-30 15:37:43,903 [trainer.py] => device: [device(type='cuda', index=2)]
2025-03-30 15:37:43,903 [trainer.py] => seed: 1993
2025-03-30 15:37:43,903 [trainer.py] => beta1: 0.96
2025-03-30 15:37:43,903 [trainer.py] => beta2: 0.97
2025-03-30 15:37:43,903 [trainer.py] => oofc: ft
2025-03-30 15:37:43,903 [trainer.py] => is_teacher_wa: True
2025-03-30 15:37:43,903 [trainer.py] => is_student_wa: False
2025-03-30 15:37:43,903 [trainer.py] => is_teacher_la: True
2025-03-30 15:37:43,903 [trainer.py] => is_student_la: True
2025-03-30 15:37:43,903 [trainer.py] => lambda_okd: 0
2025-03-30 15:37:43,903 [trainer.py] => wa_value: 1
2025-03-30 15:37:43,903 [trainer.py] => init_epochs: 0
2025-03-30 15:37:43,903 [trainer.py] => init_lr: 0.1
2025-03-30 15:37:43,903 [trainer.py] => init_weight_decay: 0.0005
2025-03-30 15:37:43,903 [trainer.py] => boosting_epochs: 150
2025-03-30 15:37:43,904 [trainer.py] => compression_epochs: 120
2025-03-30 15:37:43,904 [trainer.py] => lr: 0.1
2025-03-30 15:37:43,904 [trainer.py] => batch_size: 128
2025-03-30 15:37:43,904 [trainer.py] => weight_decay: 0.0005
2025-03-30 15:37:43,904 [trainer.py] => num_workers: 8
2025-03-30 15:37:43,904 [trainer.py] => momentum: 0.9
2025-03-30 15:37:43,904 [trainer.py] => T: 2
2025-03-30 15:37:43,904 [trainer.py] => lambda_c_base: 0.8
2025-03-30 15:37:43,904 [trainer.py] => lambda_f_base: 1.0
2025-03-30 15:37:43,904 [trainer.py] => POD: w
2025-03-30 15:37:44,512 [data_manager.py] => [4, 2, 5, 0, 3, 6, 7, 8, 1]
2025-03-30 15:37:44,557 [trainer.py] => All params: 0
2025-03-30 15:37:44,557 [trainer.py] => Trainable params: 0
2025-03-30 15:37:45,005 [pod_foster.py] => Learning on 0-5
2025-03-30 15:37:45,005 [pod_foster.py] => All params: 3849034
2025-03-30 15:37:45,005 [pod_foster.py] => Trainable params: 3849034
2025-03-30 15:37:45,034 [pod_foster.py] => Adaptive factor: 0
2025-03-30 15:37:45,217 [pod_foster.py] => init_train?---False
2025-03-30 15:37:45,901 [base.py] => Reducing exemplars...(100 per classes)
2025-03-30 15:37:45,902 [base.py] => Constructing exemplars...(100 per classes)
2025-03-30 15:37:49,877 [trainer.py] => task:0 training time:5.32s
2025-03-30 15:37:49,879 [trainer.py] => All params: 3849034
2025-03-30 15:37:50,741 [pod_foster.py] => Exemplar size: 500
2025-03-30 15:37:50,741 [trainer.py] => CNN: {'total': 89.93, '00-04': 89.93, 'old': 0, 'new': 89.93}
2025-03-30 15:37:50,741 [trainer.py] => NME: {'total': 90.0, '00-04': 90.0, 'old': 0, 'new': 90.0}
2025-03-30 15:37:50,741 [trainer.py] => CNN top1 curve: [89.93]
2025-03-30 15:37:50,741 [trainer.py] => CNN top5 curve: [100.0]
2025-03-30 15:37:50,741 [trainer.py] => NME top1 curve: [90.0]
2025-03-30 15:37:50,741 [trainer.py] => NME top5 curve: [100.0]

2025-03-30 15:37:50,741 [trainer.py] => Average Accuracy (CNN): 89.93
2025-03-30 15:37:50,741 [trainer.py] => Average Accuracy (NME): 90.0
2025-03-30 15:37:50,741 [trainer.py] => All params: 3849034
2025-03-30 15:37:50,742 [trainer.py] => Trainable params: 3849034
2025-03-30 15:37:50,774 [pod_foster.py] => Learning on 5-7
2025-03-30 15:37:50,775 [pod_foster.py] => All params: 7701139
2025-03-30 15:37:50,775 [pod_foster.py] => Trainable params: 3854670
2025-03-30 15:37:50,794 [pod_foster.py] => Adaptive factor: 1.8708286933869707
2025-03-30 15:37:50,803 [pod_foster.py] => per cls weights : [1.00484344 1.00484344 1.00484344 1.00484344 1.00484344 0.98789141
 0.98789141]
2025-03-30 15:37:53,242 [pod_foster.py] => Task 1, Epoch 1/150 => Loss 1.171, Loss_clf 0.763, Loss_fe 0.000, Loss_pod 0.293, Loss_flat 0.114, Train_accy 81.62, Test_accy 68.86
2025-03-30 15:38:01,220 [pod_foster.py] => Task 1, Epoch 6/150 => Loss 0.210, Loss_clf 0.022, Loss_fe 0.000, Loss_pod 0.156, Loss_flat 0.032, Train_accy 99.96, Test_accy 68.71
2025-03-30 15:38:09,155 [pod_foster.py] => Task 1, Epoch 11/150 => Loss 0.208, Loss_clf 0.021, Loss_fe 0.000, Loss_pod 0.159, Loss_flat 0.027, Train_accy 99.69, Test_accy 70.48
2025-03-30 15:38:17,077 [pod_foster.py] => Task 1, Epoch 16/150 => Loss 0.170, Loss_clf 0.011, Loss_fe 0.000, Loss_pod 0.139, Loss_flat 0.020, Train_accy 99.98, Test_accy 68.14
2025-03-30 15:38:24,923 [pod_foster.py] => Task 1, Epoch 21/150 => Loss 0.169, Loss_clf 0.013, Loss_fe 0.000, Loss_pod 0.136, Loss_flat 0.019, Train_accy 99.98, Test_accy 69.10
2025-03-30 15:38:32,747 [pod_foster.py] => Task 1, Epoch 26/150 => Loss 0.268, Loss_clf 0.026, Loss_fe 0.000, Loss_pod 0.198, Loss_flat 0.044, Train_accy 99.64, Test_accy 70.50
2025-03-30 15:38:40,667 [pod_foster.py] => Task 1, Epoch 31/150 => Loss 0.168, Loss_clf 0.011, Loss_fe 0.000, Loss_pod 0.136, Loss_flat 0.021, Train_accy 100.00, Test_accy 68.81
2025-03-30 15:38:48,537 [pod_foster.py] => Task 1, Epoch 36/150 => Loss 0.151, Loss_clf 0.008, Loss_fe 0.000, Loss_pod 0.126, Loss_flat 0.017, Train_accy 100.00, Test_accy 65.50
2025-03-30 15:38:56,402 [pod_foster.py] => Task 1, Epoch 41/150 => Loss 0.138, Loss_clf 0.008, Loss_fe 0.000, Loss_pod 0.116, Loss_flat 0.014, Train_accy 100.00, Test_accy 66.02
2025-03-30 15:39:04,337 [pod_foster.py] => Task 1, Epoch 46/150 => Loss 0.140, Loss_clf 0.008, Loss_fe 0.000, Loss_pod 0.118, Loss_flat 0.014, Train_accy 100.00, Test_accy 67.14
2025-03-30 15:39:12,389 [pod_foster.py] => Task 1, Epoch 51/150 => Loss 0.143, Loss_clf 0.007, Loss_fe 0.000, Loss_pod 0.121, Loss_flat 0.014, Train_accy 100.00, Test_accy 65.69
2025-03-30 15:39:20,310 [pod_foster.py] => Task 1, Epoch 56/150 => Loss 0.130, Loss_clf 0.007, Loss_fe 0.000, Loss_pod 0.110, Loss_flat 0.013, Train_accy 100.00, Test_accy 67.14
2025-03-30 15:39:28,108 [pod_foster.py] => Task 1, Epoch 61/150 => Loss 0.209, Loss_clf 0.026, Loss_fe 0.000, Loss_pod 0.154, Loss_flat 0.028, Train_accy 99.36, Test_accy 66.52
2025-03-30 15:39:36,091 [pod_foster.py] => Task 1, Epoch 66/150 => Loss 0.144, Loss_clf 0.009, Loss_fe 0.000, Loss_pod 0.120, Loss_flat 0.016, Train_accy 100.00, Test_accy 65.64
2025-03-30 15:39:43,984 [pod_foster.py] => Task 1, Epoch 71/150 => Loss 0.134, Loss_clf 0.007, Loss_fe 0.000, Loss_pod 0.113, Loss_flat 0.014, Train_accy 100.00, Test_accy 66.79
2025-03-30 15:39:51,943 [pod_foster.py] => Task 1, Epoch 76/150 => Loss 0.124, Loss_clf 0.007, Loss_fe 0.000, Loss_pod 0.105, Loss_flat 0.013, Train_accy 100.00, Test_accy 65.40
2025-03-30 15:39:59,848 [pod_foster.py] => Task 1, Epoch 81/150 => Loss 0.121, Loss_clf 0.007, Loss_fe 0.000, Loss_pod 0.102, Loss_flat 0.012, Train_accy 100.00, Test_accy 69.21
2025-03-30 15:40:07,799 [pod_foster.py] => Task 1, Epoch 86/150 => Loss 0.122, Loss_clf 0.007, Loss_fe 0.000, Loss_pod 0.102, Loss_flat 0.013, Train_accy 100.00, Test_accy 65.31
2025-03-30 15:40:15,855 [pod_foster.py] => Task 1, Epoch 91/150 => Loss 0.115, Loss_clf 0.007, Loss_fe 0.000, Loss_pod 0.097, Loss_flat 0.012, Train_accy 100.00, Test_accy 66.29
2025-03-30 15:40:23,934 [pod_foster.py] => Task 1, Epoch 96/150 => Loss 0.111, Loss_clf 0.007, Loss_fe 0.000, Loss_pod 0.093, Loss_flat 0.012, Train_accy 100.00, Test_accy 68.00
2025-03-30 15:40:31,779 [pod_foster.py] => Task 1, Epoch 101/150 => Loss 0.107, Loss_clf 0.007, Loss_fe 0.000, Loss_pod 0.089, Loss_flat 0.011, Train_accy 100.00, Test_accy 66.60
2025-03-30 15:40:39,934 [pod_foster.py] => Task 1, Epoch 106/150 => Loss 0.105, Loss_clf 0.007, Loss_fe 0.000, Loss_pod 0.087, Loss_flat 0.011, Train_accy 100.00, Test_accy 67.71
2025-03-30 15:40:47,865 [pod_foster.py] => Task 1, Epoch 111/150 => Loss 0.104, Loss_clf 0.007, Loss_fe 0.000, Loss_pod 0.086, Loss_flat 0.011, Train_accy 100.00, Test_accy 65.86
2025-03-30 15:40:55,708 [pod_foster.py] => Task 1, Epoch 116/150 => Loss 0.101, Loss_clf 0.007, Loss_fe 0.000, Loss_pod 0.084, Loss_flat 0.010, Train_accy 100.00, Test_accy 67.57
2025-03-30 15:41:03,531 [pod_foster.py] => Task 1, Epoch 121/150 => Loss 0.095, Loss_clf 0.006, Loss_fe 0.000, Loss_pod 0.078, Loss_flat 0.010, Train_accy 100.00, Test_accy 66.69
2025-03-30 15:41:11,354 [pod_foster.py] => Task 1, Epoch 126/150 => Loss 0.094, Loss_clf 0.007, Loss_fe 0.000, Loss_pod 0.078, Loss_flat 0.010, Train_accy 100.00, Test_accy 66.02
2025-03-30 15:41:19,297 [pod_foster.py] => Task 1, Epoch 131/150 => Loss 0.093, Loss_clf 0.006, Loss_fe 0.000, Loss_pod 0.077, Loss_flat 0.010, Train_accy 100.00, Test_accy 65.64
2025-03-30 15:41:27,146 [pod_foster.py] => Task 1, Epoch 136/150 => Loss 0.086, Loss_clf 0.006, Loss_fe 0.000, Loss_pod 0.071, Loss_flat 0.009, Train_accy 100.00, Test_accy 67.36
2025-03-30 15:41:35,105 [pod_foster.py] => Task 1, Epoch 141/150 => Loss 0.087, Loss_clf 0.007, Loss_fe 0.000, Loss_pod 0.071, Loss_flat 0.010, Train_accy 100.00, Test_accy 66.48
2025-03-30 15:41:43,280 [pod_foster.py] => Task 1, Epoch 146/150 => Loss 0.090, Loss_clf 0.006, Loss_fe 0.000, Loss_pod 0.075, Loss_flat 0.009, Train_accy 100.00, Test_accy 67.43
2025-03-30 15:41:49,323 [pod_foster.py] => Task 1, time 1.50s, Epoch 150/150 => Loss 0.088, Loss_clf 0.007, Loss_fe 0.000, Loss_pod 0.072, Loss_flat 0.010, Train_accy 100.00
2025-03-30 15:41:49,323 [pod_foster.py] => 100 epoches training time:158.87s
2025-03-30 15:41:49,323 [pod_foster.py] => Average training time of single epoch:1.46s
2025-03-30 15:41:49,324 [inc_net.py] => align weights, gamma = 0.46931546926498413 
2025-03-30 15:41:49,325 [pod_foster.py] => per cls weights : [1.01377356 1.01377356 1.01377356 1.01377356 1.01377356 0.96556609
 0.96556609]
2025-03-30 15:41:51,178 [pod_foster.py] => SNet: Task 1, Epoch 1/120 => Loss 1.357,  Train_accy 69.78, Test_accy 62.10
2025-03-30 15:41:58,427 [pod_foster.py] => SNet: Task 1, Epoch 6/120 => Loss 1.089,  Train_accy 96.02, Test_accy 75.79
2025-03-30 15:42:06,060 [pod_foster.py] => SNet: Task 1, Epoch 11/120 => Loss 1.079,  Train_accy 97.02, Test_accy 75.76
2025-03-30 15:42:15,353 [pod_foster.py] => SNet: Task 1, Epoch 16/120 => Loss 1.074,  Train_accy 97.02, Test_accy 79.02
2025-03-30 15:42:24,689 [pod_foster.py] => SNet: Task 1, Epoch 21/120 => Loss 1.074,  Train_accy 97.22, Test_accy 78.88
2025-03-30 15:42:34,088 [pod_foster.py] => SNet: Task 1, Epoch 26/120 => Loss 1.070,  Train_accy 97.22, Test_accy 77.79
2025-03-30 15:42:43,538 [pod_foster.py] => SNet: Task 1, Epoch 31/120 => Loss 1.073,  Train_accy 97.29, Test_accy 79.12
2025-03-30 15:42:52,904 [pod_foster.py] => SNet: Task 1, Epoch 36/120 => Loss 1.073,  Train_accy 97.44, Test_accy 78.86
2025-03-30 15:43:02,083 [pod_foster.py] => SNet: Task 1, Epoch 41/120 => Loss 1.068,  Train_accy 97.51, Test_accy 78.14
2025-03-30 15:43:11,478 [pod_foster.py] => SNet: Task 1, Epoch 46/120 => Loss 1.068,  Train_accy 97.40, Test_accy 78.17
2025-03-30 15:43:20,125 [pod_foster.py] => SNet: Task 1, Epoch 51/120 => Loss 1.067,  Train_accy 97.56, Test_accy 79.29
2025-03-30 15:43:27,270 [pod_foster.py] => SNet: Task 1, Epoch 56/120 => Loss 1.067,  Train_accy 97.67, Test_accy 79.10
2025-03-30 15:43:34,322 [pod_foster.py] => SNet: Task 1, Epoch 61/120 => Loss 1.068,  Train_accy 97.33, Test_accy 78.29
2025-03-30 15:43:41,402 [pod_foster.py] => SNet: Task 1, Epoch 66/120 => Loss 1.068,  Train_accy 97.67, Test_accy 77.74
2025-03-30 15:43:48,713 [pod_foster.py] => SNet: Task 1, Epoch 71/120 => Loss 1.069,  Train_accy 97.60, Test_accy 79.33
2025-03-30 15:43:55,754 [pod_foster.py] => SNet: Task 1, Epoch 76/120 => Loss 1.068,  Train_accy 97.67, Test_accy 78.55
2025-03-30 15:44:02,822 [pod_foster.py] => SNet: Task 1, Epoch 81/120 => Loss 1.065,  Train_accy 97.62, Test_accy 78.36
2025-03-30 15:44:10,195 [pod_foster.py] => SNet: Task 1, Epoch 86/120 => Loss 1.067,  Train_accy 97.80, Test_accy 78.29
2025-03-30 15:44:17,321 [pod_foster.py] => SNet: Task 1, Epoch 91/120 => Loss 1.068,  Train_accy 97.89, Test_accy 78.76
2025-03-30 15:44:24,621 [pod_foster.py] => SNet: Task 1, Epoch 96/120 => Loss 1.065,  Train_accy 97.80, Test_accy 78.05
2025-03-30 15:44:31,727 [pod_foster.py] => SNet: Task 1, Epoch 101/120 => Loss 1.065,  Train_accy 97.76, Test_accy 78.95
2025-03-30 15:44:38,751 [pod_foster.py] => SNet: Task 1, Epoch 106/120 => Loss 1.066,  Train_accy 97.80, Test_accy 78.45
2025-03-30 15:44:45,795 [pod_foster.py] => SNet: Task 1, Epoch 111/120 => Loss 1.067,  Train_accy 98.00, Test_accy 79.10
2025-03-30 15:44:52,713 [pod_foster.py] => SNet: Task 1, Epoch 116/120 => Loss 1.066,  Train_accy 97.82, Test_accy 78.67
2025-03-30 15:44:58,025 [pod_foster.py] => SNet: Task 1, Epoch 120/120 => Loss 1.065,  Train_accy 97.69
2025-03-30 15:44:58,025 [pod_foster.py] => do not weight align student!
2025-03-30 15:44:58,502 [pod_foster.py] => darknet eval: 
2025-03-30 15:44:58,502 [pod_foster.py] => CNN top1 curve: 78.64
2025-03-30 15:44:58,503 [pod_foster.py] => CNN top5 curve: 98.79
2025-03-30 15:44:58,503 [pod_foster.py] => CNN: {'total': 78.64, '00-04': 74.6, '05-06': 88.75, 'old': 74.6, 'new': 88.75}
2025-03-30 15:44:58,504 [pod_foster.py] => All params after compression: 3851086
2025-03-30 15:44:58,505 [base.py] => Reducing exemplars...(71 per classes)
2025-03-30 15:44:59,354 [base.py] => Constructing exemplars...(71 per classes)
2025-03-30 15:45:01,430 [trainer.py] => task:1 training time:430.69s
2025-03-30 15:45:01,431 [trainer.py] => All params: 7701139
2025-03-30 15:45:02,684 [pod_foster.py] => Exemplar size: 497
2025-03-30 15:45:02,684 [trainer.py] => CNN: {'total': 80.45, '00-04': 78.57, '05-06': 85.17, 'old': 78.57, 'new': 85.17}
2025-03-30 15:45:02,684 [trainer.py] => NME: {'total': 74.62, '00-04': 75.67, '05-06': 72.0, 'old': 75.67, 'new': 72.0}
2025-03-30 15:45:02,684 [trainer.py] => CNN top1 curve: [89.93, 80.45]
2025-03-30 15:45:02,685 [trainer.py] => CNN top5 curve: [100.0, 98.86]
2025-03-30 15:45:02,685 [trainer.py] => NME top1 curve: [90.0, 74.62]
2025-03-30 15:45:02,685 [trainer.py] => NME top5 curve: [100.0, 99.14]

2025-03-30 15:45:02,685 [trainer.py] => Average Accuracy (CNN): 85.19
2025-03-30 15:45:02,685 [trainer.py] => Average Accuracy (NME): 82.31
2025-03-30 15:45:02,685 [trainer.py] => All params: 7701139
2025-03-30 15:45:02,686 [trainer.py] => Trainable params: 3854670
2025-03-30 15:45:02,721 [pod_foster.py] => Learning on 7-9
2025-03-30 15:45:02,722 [pod_foster.py] => All params: 7705241
2025-03-30 15:45:02,723 [pod_foster.py] => Trainable params: 3857746
2025-03-30 15:45:02,734 [pod_foster.py] => Adaptive factor: 2.1213203435596424
2025-03-30 15:45:02,742 [pod_foster.py] => per cls weights : [1.01239929 1.01239929 1.01239929 1.01239929 1.01239929 1.01239929
 1.01239929 0.95660248 0.95660248]
2025-03-30 15:45:05,052 [pod_foster.py] => Task 2, Epoch 1/150 => Loss 1.125, Loss_clf 0.604, Loss_fe 0.000, Loss_pod 0.385, Loss_flat 0.136, Train_accy 85.21, Test_accy 67.26
2025-03-30 15:45:13,578 [pod_foster.py] => Task 2, Epoch 6/150 => Loss 0.241, Loss_clf 0.017, Loss_fe 0.000, Loss_pod 0.195, Loss_flat 0.029, Train_accy 99.96, Test_accy 64.30
2025-03-30 15:45:22,348 [pod_foster.py] => Task 2, Epoch 11/150 => Loss 0.209, Loss_clf 0.013, Loss_fe 0.000, Loss_pod 0.173, Loss_flat 0.023, Train_accy 100.00, Test_accy 62.46
2025-03-30 15:45:30,899 [pod_foster.py] => Task 2, Epoch 16/150 => Loss 0.209, Loss_clf 0.010, Loss_fe 0.000, Loss_pod 0.175, Loss_flat 0.023, Train_accy 99.98, Test_accy 64.09
2025-03-30 15:45:39,280 [pod_foster.py] => Task 2, Epoch 21/150 => Loss 0.187, Loss_clf 0.008, Loss_fe 0.000, Loss_pod 0.160, Loss_flat 0.019, Train_accy 100.00, Test_accy 66.87
2025-03-30 15:45:47,574 [pod_foster.py] => Task 2, Epoch 26/150 => Loss 0.186, Loss_clf 0.011, Loss_fe 0.000, Loss_pod 0.157, Loss_flat 0.018, Train_accy 100.00, Test_accy 53.54
2025-03-30 15:45:55,722 [pod_foster.py] => Task 2, Epoch 31/150 => Loss 0.226, Loss_clf 0.012, Loss_fe 0.000, Loss_pod 0.185, Loss_flat 0.029, Train_accy 99.93, Test_accy 66.50
2025-03-30 15:46:03,891 [pod_foster.py] => Task 2, Epoch 36/150 => Loss 0.182, Loss_clf 0.008, Loss_fe 0.000, Loss_pod 0.157, Loss_flat 0.018, Train_accy 100.00, Test_accy 65.35
2025-03-30 15:46:12,048 [pod_foster.py] => Task 2, Epoch 41/150 => Loss 0.171, Loss_clf 0.008, Loss_fe 0.000, Loss_pod 0.144, Loss_flat 0.018, Train_accy 100.00, Test_accy 65.41
2025-03-30 15:46:20,152 [pod_foster.py] => Task 2, Epoch 46/150 => Loss 0.174, Loss_clf 0.007, Loss_fe 0.000, Loss_pod 0.150, Loss_flat 0.017, Train_accy 100.00, Test_accy 64.46
2025-03-30 15:46:28,261 [pod_foster.py] => Task 2, Epoch 51/150 => Loss 0.166, Loss_clf 0.008, Loss_fe 0.000, Loss_pod 0.143, Loss_flat 0.015, Train_accy 100.00, Test_accy 64.20
2025-03-30 15:46:36,327 [pod_foster.py] => Task 2, Epoch 56/150 => Loss 0.164, Loss_clf 0.008, Loss_fe 0.000, Loss_pod 0.140, Loss_flat 0.015, Train_accy 100.00, Test_accy 63.76
2025-03-30 15:46:44,792 [pod_foster.py] => Task 2, Epoch 61/150 => Loss 0.156, Loss_clf 0.008, Loss_fe 0.000, Loss_pod 0.133, Loss_flat 0.015, Train_accy 100.00, Test_accy 66.74
2025-03-30 15:46:53,453 [pod_foster.py] => Task 2, Epoch 66/150 => Loss 0.168, Loss_clf 0.009, Loss_fe 0.000, Loss_pod 0.143, Loss_flat 0.017, Train_accy 100.00, Test_accy 71.98
2025-03-30 15:47:01,817 [pod_foster.py] => Task 2, Epoch 71/150 => Loss 0.180, Loss_clf 0.011, Loss_fe 0.000, Loss_pod 0.149, Loss_flat 0.020, Train_accy 99.93, Test_accy 68.19
2025-03-30 15:47:10,477 [pod_foster.py] => Task 2, Epoch 76/150 => Loss 0.174, Loss_clf 0.009, Loss_fe 0.000, Loss_pod 0.146, Loss_flat 0.019, Train_accy 100.00, Test_accy 64.39
2025-03-30 15:47:19,101 [pod_foster.py] => Task 2, Epoch 81/150 => Loss 0.161, Loss_clf 0.009, Loss_fe 0.000, Loss_pod 0.135, Loss_flat 0.017, Train_accy 99.98, Test_accy 65.61
2025-03-30 15:47:27,498 [pod_foster.py] => Task 2, Epoch 86/150 => Loss 0.148, Loss_clf 0.007, Loss_fe 0.000, Loss_pod 0.127, Loss_flat 0.013, Train_accy 100.00, Test_accy 63.83
2025-03-30 15:47:35,682 [pod_foster.py] => Task 2, Epoch 91/150 => Loss 0.139, Loss_clf 0.007, Loss_fe 0.000, Loss_pod 0.119, Loss_flat 0.013, Train_accy 100.00, Test_accy 65.67
2025-03-30 15:47:43,919 [pod_foster.py] => Task 2, Epoch 96/150 => Loss 0.132, Loss_clf 0.007, Loss_fe 0.000, Loss_pod 0.113, Loss_flat 0.012, Train_accy 100.00, Test_accy 63.17
2025-03-30 15:47:52,091 [pod_foster.py] => Task 2, Epoch 101/150 => Loss 0.137, Loss_clf 0.007, Loss_fe 0.000, Loss_pod 0.117, Loss_flat 0.012, Train_accy 100.00, Test_accy 63.09
2025-03-30 15:48:00,233 [pod_foster.py] => Task 2, Epoch 106/150 => Loss 0.131, Loss_clf 0.008, Loss_fe 0.000, Loss_pod 0.110, Loss_flat 0.013, Train_accy 100.00, Test_accy 64.11
2025-03-30 15:48:08,443 [pod_foster.py] => Task 2, Epoch 111/150 => Loss 0.126, Loss_clf 0.008, Loss_fe 0.000, Loss_pod 0.107, Loss_flat 0.012, Train_accy 100.00, Test_accy 64.06
2025-03-30 15:48:16,733 [pod_foster.py] => Task 2, Epoch 116/150 => Loss 0.128, Loss_clf 0.009, Loss_fe 0.000, Loss_pod 0.108, Loss_flat 0.012, Train_accy 100.00, Test_accy 61.91
2025-03-30 15:48:24,819 [pod_foster.py] => Task 2, Epoch 121/150 => Loss 0.117, Loss_clf 0.007, Loss_fe 0.000, Loss_pod 0.100, Loss_flat 0.011, Train_accy 100.00, Test_accy 64.31
2025-03-30 15:48:33,102 [pod_foster.py] => Task 2, Epoch 126/150 => Loss 0.117, Loss_clf 0.007, Loss_fe 0.000, Loss_pod 0.099, Loss_flat 0.011, Train_accy 100.00, Test_accy 64.93
2025-03-30 15:48:41,349 [pod_foster.py] => Task 2, Epoch 131/150 => Loss 0.109, Loss_clf 0.007, Loss_fe 0.000, Loss_pod 0.091, Loss_flat 0.011, Train_accy 100.00, Test_accy 64.78
2025-03-30 15:48:49,602 [pod_foster.py] => Task 2, Epoch 136/150 => Loss 0.105, Loss_clf 0.007, Loss_fe 0.000, Loss_pod 0.089, Loss_flat 0.010, Train_accy 100.00, Test_accy 65.57
2025-03-30 15:48:57,910 [pod_foster.py] => Task 2, Epoch 141/150 => Loss 0.102, Loss_clf 0.007, Loss_fe 0.000, Loss_pod 0.085, Loss_flat 0.010, Train_accy 100.00, Test_accy 65.09
2025-03-30 15:49:06,141 [pod_foster.py] => Task 2, Epoch 146/150 => Loss 0.105, Loss_clf 0.007, Loss_fe 0.000, Loss_pod 0.087, Loss_flat 0.010, Train_accy 100.00, Test_accy 62.98
2025-03-30 15:49:12,047 [pod_foster.py] => Task 2, time 1.45s, Epoch 150/150 => Loss 0.098, Loss_clf 0.007, Loss_fe 0.000, Loss_pod 0.082, Loss_flat 0.009, Train_accy 100.00
2025-03-30 15:49:12,047 [pod_foster.py] => 100 epoches training time:167.08s
2025-03-30 15:49:12,047 [pod_foster.py] => Average training time of single epoch:1.50s
2025-03-30 15:49:12,048 [inc_net.py] => align weights, gamma = 0.4898304045200348 
2025-03-30 15:49:12,049 [pod_foster.py] => per cls weights : [1.02623168 1.02623168 1.02623168 1.02623168 1.02623168 1.02623168
 1.02623168 0.90818914 0.90818914]
2025-03-30 15:49:13,971 [pod_foster.py] => SNet: Task 2, Epoch 1/120 => Loss 1.632,  Train_accy 75.54, Test_accy 54.67
2025-03-30 15:49:21,374 [pod_foster.py] => SNet: Task 2, Epoch 6/120 => Loss 1.393,  Train_accy 97.13, Test_accy 71.89
2025-03-30 15:49:28,742 [pod_foster.py] => SNet: Task 2, Epoch 11/120 => Loss 1.386,  Train_accy 97.84, Test_accy 74.85
2025-03-30 15:49:35,951 [pod_foster.py] => SNet: Task 2, Epoch 16/120 => Loss 1.384,  Train_accy 97.84, Test_accy 74.17
2025-03-30 15:49:43,293 [pod_foster.py] => SNet: Task 2, Epoch 21/120 => Loss 1.383,  Train_accy 98.07, Test_accy 75.19
2025-03-30 15:49:50,817 [pod_foster.py] => SNet: Task 2, Epoch 26/120 => Loss 1.384,  Train_accy 98.11, Test_accy 76.04
2025-03-30 15:49:58,103 [pod_foster.py] => SNet: Task 2, Epoch 31/120 => Loss 1.380,  Train_accy 98.02, Test_accy 75.54
2025-03-30 15:50:05,224 [pod_foster.py] => SNet: Task 2, Epoch 36/120 => Loss 1.380,  Train_accy 98.20, Test_accy 77.07
2025-03-30 15:50:12,628 [pod_foster.py] => SNet: Task 2, Epoch 41/120 => Loss 1.379,  Train_accy 98.11, Test_accy 76.11
2025-03-30 15:50:19,862 [pod_foster.py] => SNet: Task 2, Epoch 46/120 => Loss 1.380,  Train_accy 98.64, Test_accy 75.70
2025-03-30 15:50:27,033 [pod_foster.py] => SNet: Task 2, Epoch 51/120 => Loss 1.379,  Train_accy 98.20, Test_accy 75.43
2025-03-30 15:50:34,164 [pod_foster.py] => SNet: Task 2, Epoch 56/120 => Loss 1.379,  Train_accy 98.31, Test_accy 75.65
2025-03-30 15:50:41,300 [pod_foster.py] => SNet: Task 2, Epoch 61/120 => Loss 1.379,  Train_accy 98.22, Test_accy 75.31
2025-03-30 15:50:48,755 [pod_foster.py] => SNet: Task 2, Epoch 66/120 => Loss 1.379,  Train_accy 98.60, Test_accy 75.44
2025-03-30 15:50:56,250 [pod_foster.py] => SNet: Task 2, Epoch 71/120 => Loss 1.380,  Train_accy 98.47, Test_accy 75.98
2025-03-30 15:51:03,516 [pod_foster.py] => SNet: Task 2, Epoch 76/120 => Loss 1.379,  Train_accy 98.49, Test_accy 75.93
2025-03-30 15:51:10,852 [pod_foster.py] => SNet: Task 2, Epoch 81/120 => Loss 1.380,  Train_accy 98.27, Test_accy 75.13
2025-03-30 15:51:17,954 [pod_foster.py] => SNet: Task 2, Epoch 86/120 => Loss 1.374,  Train_accy 98.49, Test_accy 75.28
2025-03-30 15:51:24,973 [pod_foster.py] => SNet: Task 2, Epoch 91/120 => Loss 1.379,  Train_accy 98.35, Test_accy 75.61
2025-03-30 15:51:32,133 [pod_foster.py] => SNet: Task 2, Epoch 96/120 => Loss 1.378,  Train_accy 98.60, Test_accy 75.07
2025-03-30 15:51:39,287 [pod_foster.py] => SNet: Task 2, Epoch 101/120 => Loss 1.377,  Train_accy 98.49, Test_accy 75.43
2025-03-30 15:51:46,785 [pod_foster.py] => SNet: Task 2, Epoch 106/120 => Loss 1.378,  Train_accy 98.47, Test_accy 75.37
2025-03-30 15:51:54,054 [pod_foster.py] => SNet: Task 2, Epoch 111/120 => Loss 1.377,  Train_accy 98.47, Test_accy 75.89
2025-03-30 15:52:01,128 [pod_foster.py] => SNet: Task 2, Epoch 116/120 => Loss 1.379,  Train_accy 98.33, Test_accy 75.07
2025-03-30 15:52:06,356 [pod_foster.py] => SNet: Task 2, Epoch 120/120 => Loss 1.377,  Train_accy 98.35
2025-03-30 15:52:06,357 [pod_foster.py] => do not weight align student!
2025-03-30 15:52:06,920 [pod_foster.py] => darknet eval: 
2025-03-30 15:52:06,920 [pod_foster.py] => CNN top1 curve: 76.28
2025-03-30 15:52:06,920 [pod_foster.py] => CNN top5 curve: 97.63
2025-03-30 15:52:06,920 [pod_foster.py] => CNN: {'total': 76.28, '00-04': 65.67, '05-06': 86.42, '07-08': 92.67, 'old': 71.6, 'new': 92.67}
2025-03-30 15:52:06,921 [pod_foster.py] => All params after compression: 3853138
2025-03-30 15:52:06,922 [base.py] => Reducing exemplars...(55 per classes)
2025-03-30 15:52:08,050 [base.py] => Constructing exemplars...(55 per classes)
2025-03-30 15:52:09,992 [trainer.py] => task:2 training time:427.31s
2025-03-30 15:52:09,993 [trainer.py] => All params: 7705241
2025-03-30 15:52:11,506 [pod_foster.py] => Exemplar size: 495
2025-03-30 15:52:11,506 [trainer.py] => CNN: {'total': 73.89, '00-04': 60.2, '05-06': 92.75, '07-08': 89.25, 'old': 69.5, 'new': 89.25}
2025-03-30 15:52:11,507 [trainer.py] => NME: {'total': 72.69, '00-04': 61.33, '05-06': 82.92, '07-08': 90.83, 'old': 67.5, 'new': 90.83}
2025-03-30 15:52:11,507 [trainer.py] => CNN top1 curve: [89.93, 80.45, 73.89]
2025-03-30 15:52:11,507 [trainer.py] => CNN top5 curve: [100.0, 98.86, 97.3]
2025-03-30 15:52:11,507 [trainer.py] => NME top1 curve: [90.0, 74.62, 72.69]
2025-03-30 15:52:11,507 [trainer.py] => NME top5 curve: [100.0, 99.14, 96.98]

2025-03-30 15:52:11,507 [trainer.py] => Average Accuracy (CNN): 81.42333333333333
2025-03-30 15:52:11,507 [trainer.py] => Average Accuracy (NME): 79.10333333333334
2025-03-30 15:52:11,507 [trainer.py] => Time consumed in all training process:866.95s
2025-03-30 15:52:11,507 [trainer.py] => Average Time consumed in single task:287.77s
2025-03-30 15:52:11,573 [trainer.py] => Model state dict saved successfully at: saved_pth/hrrp9/POD_foster/time_2025_03_30_15_37_43_cil_1993_M=500.pth
2025-03-30 15:52:11,574 [trainer.py] => Forgetting (CNN): 14.865000000000002
