2025-12-25 14:49:28,945 [trainer.py] => config: ./code/exps/fetril.json
2025-12-25 14:49:28,945 [trainer.py] => prefix: EFCIL
2025-12-25 14:49:28,945 [trainer.py] => dataset: hrrp9
2025-12-25 14:49:28,945 [trainer.py] => memory_size: 0
2025-12-25 14:49:28,945 [trainer.py] => shuffle: True
2025-12-25 14:49:28,945 [trainer.py] => init_cls: 5
2025-12-25 14:49:28,945 [trainer.py] => increment: 1
2025-12-25 14:49:28,945 [trainer.py] => model_name: fetril
2025-12-25 14:49:28,945 [trainer.py] => convnet_type: resnet18
2025-12-25 14:49:28,945 [trainer.py] => device: [device(type='cuda', index=0)]
2025-12-25 14:49:28,945 [trainer.py] => init_train: False
2025-12-25 14:49:28,945 [trainer.py] => seed: 1993
2025-12-25 14:49:28,958 [trainer.py] => convnet_path: checkpoints/init_train/resnet18_42503.pth
2025-12-25 14:49:28,960 [trainer.py] => fc_path: checkpoints/init_train/fc_42503.pth
2025-12-25 14:49:28,960 [trainer.py] => init_epochs: 200
2025-12-25 14:49:28,960 [trainer.py] => init_lr: 0.1
2025-12-25 14:49:28,960 [trainer.py] => init_weight_decay: 0.0005
2025-12-25 14:49:28,960 [trainer.py] => epochs: 50
2025-12-25 14:49:28,960 [trainer.py] => lr: 0.05
2025-12-25 14:49:28,960 [trainer.py] => batch_size: 128
2025-12-25 14:49:28,960 [trainer.py] => weight_decay: 0.0005
2025-12-25 14:49:28,960 [trainer.py] => num_workers: 8
2025-12-25 14:49:28,960 [trainer.py] => T: 2
2025-12-25 14:49:29,196 [data_manager.py] => [4, 2, 5, 0, 3, 6, 7, 8, 1]
2025-12-25 14:49:29,661 [trainer.py] => All params: 3843904
2025-12-25 14:49:29,663 [trainer.py] => Trainable params: 3843904
2025-12-25 14:49:29,666 [fetril.py] => Learning on 0-5
2025-12-25 14:49:29,666 [fetril.py] => All params: 3846469
2025-12-25 14:49:29,666 [fetril.py] => Trainable params: 3846469
2025-12-25 14:50:12,317 [fetril.py] => svm train: acc: 100.0
2025-12-25 14:50:12,321 [fetril.py] => svm evaluation: acc_list: [90.03]
2025-12-25 14:50:12,322 [trainer.py] => task:0 training time:42.66s
2025-12-25 14:50:12,323 [trainer.py] => All params: 3846469
2025-12-25 14:50:29,604 [trainer.py] => No NME accuracy.
2025-12-25 14:50:29,604 [trainer.py] => CNN: {'total': 89.93, '00-04': 89.93, 'old': 0, 'new': 89.93}
2025-12-25 14:50:29,604 [trainer.py] => CNN top1 curve: [89.93]
2025-12-25 14:50:29,604 [trainer.py] => CNN top5 curve: [100.0]

2025-12-25 14:50:29,604 [trainer.py] => Average Accuracy (CNN): 89.93
2025-12-25 14:50:29,605 [trainer.py] => All params: 3846469
2025-12-25 14:50:29,605 [trainer.py] => Trainable params: 3846469
2025-12-25 14:50:29,608 [fetril.py] => Learning on 5-6
2025-12-25 14:50:29,608 [fetril.py] => All params: 3846982
2025-12-25 14:50:29,609 [fetril.py] => Trainable params: 3078
2025-12-25 14:51:12,807 [fetril.py] => Task 1, Epoch 1/50 => Loss 0.234, Train_accy 91.92, Test_accy 78.69
2025-12-25 14:51:16,582 [fetril.py] => Task 1, Epoch 2/50 => Loss 0.175, Train_accy 94.36
2025-12-25 14:51:20,418 [fetril.py] => Task 1, Epoch 3/50 => Loss 0.161, Train_accy 94.85
2025-12-25 14:51:24,160 [fetril.py] => Task 1, Epoch 4/50 => Loss 0.150, Train_accy 95.42
2025-12-25 14:51:28,135 [fetril.py] => Task 1, Epoch 5/50 => Loss 0.142, Train_accy 95.58
2025-12-25 14:51:49,370 [fetril.py] => Task 1, Epoch 6/50 => Loss 0.136, Train_accy 95.78, Test_accy 77.58
2025-12-25 14:51:53,053 [fetril.py] => Task 1, Epoch 7/50 => Loss 0.131, Train_accy 95.92
2025-12-25 14:51:56,762 [fetril.py] => Task 1, Epoch 8/50 => Loss 0.126, Train_accy 96.16
2025-12-25 14:52:00,636 [fetril.py] => Task 1, Epoch 9/50 => Loss 0.122, Train_accy 96.32
2025-12-25 14:52:04,628 [fetril.py] => Task 1, Epoch 10/50 => Loss 0.118, Train_accy 96.53
2025-12-25 14:52:26,165 [fetril.py] => Task 1, Epoch 11/50 => Loss 0.116, Train_accy 96.66, Test_accy 78.22
2025-12-25 14:52:29,882 [fetril.py] => Task 1, Epoch 12/50 => Loss 0.114, Train_accy 96.75
2025-12-25 14:52:33,725 [fetril.py] => Task 1, Epoch 13/50 => Loss 0.111, Train_accy 96.84
2025-12-25 14:52:37,602 [fetril.py] => Task 1, Epoch 14/50 => Loss 0.109, Train_accy 97.03
2025-12-25 14:52:41,668 [fetril.py] => Task 1, Epoch 15/50 => Loss 0.107, Train_accy 97.16
2025-12-25 14:53:03,138 [fetril.py] => Task 1, Epoch 16/50 => Loss 0.106, Train_accy 97.19, Test_accy 78.47
2025-12-25 14:53:06,864 [fetril.py] => Task 1, Epoch 17/50 => Loss 0.104, Train_accy 97.15
2025-12-25 14:53:10,582 [fetril.py] => Task 1, Epoch 18/50 => Loss 0.103, Train_accy 97.25
2025-12-25 14:53:14,423 [fetril.py] => Task 1, Epoch 19/50 => Loss 0.102, Train_accy 97.33
2025-12-25 14:53:18,336 [fetril.py] => Task 1, Epoch 20/50 => Loss 0.101, Train_accy 97.41
2025-12-25 14:53:39,520 [fetril.py] => Task 1, Epoch 21/50 => Loss 0.100, Train_accy 97.42, Test_accy 77.53
2025-12-25 14:53:43,287 [fetril.py] => Task 1, Epoch 22/50 => Loss 0.099, Train_accy 97.54
2025-12-25 14:53:47,089 [fetril.py] => Task 1, Epoch 23/50 => Loss 0.098, Train_accy 97.46
2025-12-25 14:53:50,851 [fetril.py] => Task 1, Epoch 24/50 => Loss 0.097, Train_accy 97.46
2025-12-25 14:53:54,750 [fetril.py] => Task 1, Epoch 25/50 => Loss 0.097, Train_accy 97.61
2025-12-25 14:54:16,219 [fetril.py] => Task 1, Epoch 26/50 => Loss 0.096, Train_accy 97.55, Test_accy 77.89
2025-12-25 14:54:20,050 [fetril.py] => Task 1, Epoch 27/50 => Loss 0.096, Train_accy 97.57
2025-12-25 14:54:23,805 [fetril.py] => Task 1, Epoch 28/50 => Loss 0.095, Train_accy 97.61
2025-12-25 14:54:27,621 [fetril.py] => Task 1, Epoch 29/50 => Loss 0.094, Train_accy 97.61
2025-12-25 14:54:31,628 [fetril.py] => Task 1, Epoch 30/50 => Loss 0.094, Train_accy 97.64
2025-12-25 14:54:53,026 [fetril.py] => Task 1, Epoch 31/50 => Loss 0.094, Train_accy 97.62, Test_accy 77.72
2025-12-25 14:54:56,806 [fetril.py] => Task 1, Epoch 32/50 => Loss 0.093, Train_accy 97.66
2025-12-25 14:55:00,604 [fetril.py] => Task 1, Epoch 33/50 => Loss 0.093, Train_accy 97.67
2025-12-25 14:55:04,433 [fetril.py] => Task 1, Epoch 34/50 => Loss 0.093, Train_accy 97.67
2025-12-25 14:55:08,355 [fetril.py] => Task 1, Epoch 35/50 => Loss 0.093, Train_accy 97.76
2025-12-25 14:55:29,880 [fetril.py] => Task 1, Epoch 36/50 => Loss 0.093, Train_accy 97.72, Test_accy 77.56
2025-12-25 14:55:33,618 [fetril.py] => Task 1, Epoch 37/50 => Loss 0.092, Train_accy 97.74
2025-12-25 14:55:37,414 [fetril.py] => Task 1, Epoch 38/50 => Loss 0.092, Train_accy 97.75
2025-12-25 14:55:41,179 [fetril.py] => Task 1, Epoch 39/50 => Loss 0.092, Train_accy 97.77
2025-12-25 14:55:45,093 [fetril.py] => Task 1, Epoch 40/50 => Loss 0.092, Train_accy 97.78
2025-12-25 14:56:19,926 [fetril.py] => Task 1, Epoch 41/50 => Loss 0.092, Train_accy 97.78, Test_accy 77.69
2025-12-25 14:56:27,736 [fetril.py] => Task 1, Epoch 42/50 => Loss 0.092, Train_accy 97.75
2025-12-25 14:56:35,455 [fetril.py] => Task 1, Epoch 43/50 => Loss 0.092, Train_accy 97.74
2025-12-25 14:56:43,058 [fetril.py] => Task 1, Epoch 44/50 => Loss 0.092, Train_accy 97.78
2025-12-25 14:56:50,647 [fetril.py] => Task 1, Epoch 45/50 => Loss 0.092, Train_accy 97.77
2025-12-25 14:57:32,520 [fetril.py] => Task 1, Epoch 46/50 => Loss 0.092, Train_accy 97.78, Test_accy 77.72
2025-12-25 14:57:39,943 [fetril.py] => Task 1, Epoch 47/50 => Loss 0.092, Train_accy 97.78
2025-12-25 14:57:43,804 [fetril.py] => Task 1, Epoch 48/50 => Loss 0.092, Train_accy 97.78
2025-12-25 14:57:48,178 [fetril.py] => Task 1, Epoch 49/50 => Loss 0.092, Train_accy 97.78
2025-12-25 14:57:52,687 [fetril.py] => Task 1, Epoch 50/50 => Loss 0.091, Train_accy 97.78
2025-12-25 14:57:53,386 [fetril.py] => svm train: acc: 98.35
2025-12-25 14:57:53,391 [fetril.py] => svm evaluation: acc_list: [90.03, 78.06]
2025-12-25 14:57:53,393 [trainer.py] => task:1 training time:443.79s
2025-12-25 14:57:53,393 [trainer.py] => All params: 3846982
2025-12-25 14:58:11,247 [trainer.py] => No NME accuracy.
2025-12-25 14:58:11,247 [trainer.py] => CNN: {'total': 77.75, '00-04': 76.97, '05-05': 81.67, 'old': 76.97, 'new': 81.67}
2025-12-25 14:58:11,247 [trainer.py] => CNN top1 curve: [89.93, 77.75]
2025-12-25 14:58:11,247 [trainer.py] => CNN top5 curve: [100.0, 99.64]

2025-12-25 14:58:11,247 [trainer.py] => Average Accuracy (CNN): 83.84
2025-12-25 14:58:11,248 [trainer.py] => All params: 3846982
2025-12-25 14:58:11,248 [trainer.py] => Trainable params: 3078
2025-12-25 14:58:11,251 [fetril.py] => Learning on 6-7
2025-12-25 14:58:11,251 [fetril.py] => All params: 3847495
2025-12-25 14:58:11,251 [fetril.py] => Trainable params: 3591
2025-12-25 14:59:25,587 [fetril.py] => Task 2, Epoch 1/50 => Loss 0.492, Train_accy 82.26, Test_accy 70.67
2025-12-25 14:59:33,556 [fetril.py] => Task 2, Epoch 2/50 => Loss 0.399, Train_accy 84.19
2025-12-25 14:59:41,129 [fetril.py] => Task 2, Epoch 3/50 => Loss 0.383, Train_accy 85.06
2025-12-25 14:59:48,701 [fetril.py] => Task 2, Epoch 4/50 => Loss 0.373, Train_accy 85.58
2025-12-25 14:59:56,367 [fetril.py] => Task 2, Epoch 5/50 => Loss 0.367, Train_accy 86.26
2025-12-25 15:00:42,091 [fetril.py] => Task 2, Epoch 6/50 => Loss 0.359, Train_accy 86.33, Test_accy 72.48
2025-12-25 15:00:49,809 [fetril.py] => Task 2, Epoch 7/50 => Loss 0.357, Train_accy 86.66
2025-12-25 15:00:57,593 [fetril.py] => Task 2, Epoch 8/50 => Loss 0.350, Train_accy 87.01
2025-12-25 15:01:05,173 [fetril.py] => Task 2, Epoch 9/50 => Loss 0.345, Train_accy 87.04
2025-12-25 15:01:12,429 [fetril.py] => Task 2, Epoch 10/50 => Loss 0.342, Train_accy 87.48
2025-12-25 15:01:34,470 [fetril.py] => Task 2, Epoch 11/50 => Loss 0.338, Train_accy 87.71, Test_accy 73.19
2025-12-25 15:01:38,818 [fetril.py] => Task 2, Epoch 12/50 => Loss 0.334, Train_accy 87.91
2025-12-25 15:01:42,764 [fetril.py] => Task 2, Epoch 13/50 => Loss 0.334, Train_accy 87.66
2025-12-25 15:01:46,922 [fetril.py] => Task 2, Epoch 14/50 => Loss 0.330, Train_accy 88.26
2025-12-25 15:01:51,338 [fetril.py] => Task 2, Epoch 15/50 => Loss 0.328, Train_accy 88.01
2025-12-25 15:02:14,634 [fetril.py] => Task 2, Epoch 16/50 => Loss 0.325, Train_accy 88.50, Test_accy 72.02
2025-12-25 15:02:19,403 [fetril.py] => Task 2, Epoch 17/50 => Loss 0.323, Train_accy 88.64
2025-12-25 15:02:24,302 [fetril.py] => Task 2, Epoch 18/50 => Loss 0.321, Train_accy 88.66
2025-12-25 15:02:29,539 [fetril.py] => Task 2, Epoch 19/50 => Loss 0.319, Train_accy 88.71
2025-12-25 15:02:34,881 [fetril.py] => Task 2, Epoch 20/50 => Loss 0.317, Train_accy 88.92
2025-12-25 15:02:59,022 [fetril.py] => Task 2, Epoch 21/50 => Loss 0.317, Train_accy 88.89, Test_accy 73.38
2025-12-25 15:03:03,589 [fetril.py] => Task 2, Epoch 22/50 => Loss 0.315, Train_accy 88.97
2025-12-25 15:03:08,097 [fetril.py] => Task 2, Epoch 23/50 => Loss 0.313, Train_accy 89.16
2025-12-25 15:03:12,906 [fetril.py] => Task 2, Epoch 24/50 => Loss 0.312, Train_accy 89.11
2025-12-25 15:03:18,059 [fetril.py] => Task 2, Epoch 25/50 => Loss 0.312, Train_accy 89.21
2025-12-25 15:03:41,777 [fetril.py] => Task 2, Epoch 26/50 => Loss 0.310, Train_accy 89.04, Test_accy 73.43
2025-12-25 15:03:46,396 [fetril.py] => Task 2, Epoch 27/50 => Loss 0.310, Train_accy 89.29
2025-12-25 15:03:51,002 [fetril.py] => Task 2, Epoch 28/50 => Loss 0.309, Train_accy 89.36
2025-12-25 15:03:55,473 [fetril.py] => Task 2, Epoch 29/50 => Loss 0.309, Train_accy 89.42
2025-12-25 15:04:00,105 [fetril.py] => Task 2, Epoch 30/50 => Loss 0.308, Train_accy 89.46
2025-12-25 15:04:23,116 [fetril.py] => Task 2, Epoch 31/50 => Loss 0.308, Train_accy 89.38, Test_accy 73.31
2025-12-25 15:04:27,735 [fetril.py] => Task 2, Epoch 32/50 => Loss 0.306, Train_accy 89.36
2025-12-25 15:04:32,465 [fetril.py] => Task 2, Epoch 33/50 => Loss 0.305, Train_accy 89.54
2025-12-25 15:04:37,397 [fetril.py] => Task 2, Epoch 34/50 => Loss 0.306, Train_accy 89.36
2025-12-25 15:04:42,544 [fetril.py] => Task 2, Epoch 35/50 => Loss 0.305, Train_accy 89.64
2025-12-25 15:05:06,729 [fetril.py] => Task 2, Epoch 36/50 => Loss 0.304, Train_accy 89.46, Test_accy 72.57
2025-12-25 15:05:11,089 [fetril.py] => Task 2, Epoch 37/50 => Loss 0.304, Train_accy 89.61
2025-12-25 15:05:15,656 [fetril.py] => Task 2, Epoch 38/50 => Loss 0.304, Train_accy 89.59
2025-12-25 15:05:20,247 [fetril.py] => Task 2, Epoch 39/50 => Loss 0.304, Train_accy 89.56
2025-12-25 15:05:25,079 [fetril.py] => Task 2, Epoch 40/50 => Loss 0.304, Train_accy 89.54
2025-12-25 15:05:47,746 [fetril.py] => Task 2, Epoch 41/50 => Loss 0.303, Train_accy 89.59, Test_accy 72.74
2025-12-25 15:05:52,233 [fetril.py] => Task 2, Epoch 42/50 => Loss 0.303, Train_accy 89.64
2025-12-25 15:05:56,433 [fetril.py] => Task 2, Epoch 43/50 => Loss 0.303, Train_accy 89.54
2025-12-25 15:06:00,360 [fetril.py] => Task 2, Epoch 44/50 => Loss 0.303, Train_accy 89.65
2025-12-25 15:06:04,529 [fetril.py] => Task 2, Epoch 45/50 => Loss 0.303, Train_accy 89.68
2025-12-25 15:06:26,093 [fetril.py] => Task 2, Epoch 46/50 => Loss 0.303, Train_accy 89.66, Test_accy 72.90
2025-12-25 15:06:29,869 [fetril.py] => Task 2, Epoch 47/50 => Loss 0.303, Train_accy 89.68
2025-12-25 15:06:33,692 [fetril.py] => Task 2, Epoch 48/50 => Loss 0.303, Train_accy 89.70
2025-12-25 15:06:37,596 [fetril.py] => Task 2, Epoch 49/50 => Loss 0.303, Train_accy 89.71
2025-12-25 15:06:41,647 [fetril.py] => Task 2, Epoch 50/50 => Loss 0.302, Train_accy 89.71
2025-12-25 15:06:43,007 [fetril.py] => svm train: acc: 93.99
2025-12-25 15:06:43,013 [fetril.py] => svm evaluation: acc_list: [90.03, 78.06, 73.55]
2025-12-25 15:06:43,014 [trainer.py] => task:2 training time:511.77s
2025-12-25 15:06:43,015 [trainer.py] => All params: 3847495
2025-12-25 15:07:00,682 [trainer.py] => No NME accuracy.
2025-12-25 15:07:00,682 [trainer.py] => CNN: {'total': 72.88, '00-04': 72.33, '05-05': 78.33, '06-06': 70.17, 'old': 73.33, 'new': 70.17}
2025-12-25 15:07:00,682 [trainer.py] => CNN top1 curve: [89.93, 77.75, 72.88]
2025-12-25 15:07:00,682 [trainer.py] => CNN top5 curve: [100.0, 99.64, 97.83]

2025-12-25 15:07:00,682 [trainer.py] => Average Accuracy (CNN): 80.18666666666667
2025-12-25 15:07:00,682 [trainer.py] => All params: 3847495
2025-12-25 15:07:00,683 [trainer.py] => Trainable params: 3591
2025-12-25 15:07:00,685 [fetril.py] => Learning on 7-8
2025-12-25 15:07:00,685 [fetril.py] => All params: 3848008
2025-12-25 15:07:00,685 [fetril.py] => Trainable params: 4104
2025-12-25 15:07:49,709 [fetril.py] => Task 3, Epoch 1/50 => Loss 0.618, Train_accy 77.98, Test_accy 63.58
2025-12-25 15:07:53,528 [fetril.py] => Task 3, Epoch 2/50 => Loss 0.522, Train_accy 81.62
2025-12-25 15:07:57,351 [fetril.py] => Task 3, Epoch 3/50 => Loss 0.492, Train_accy 82.84
2025-12-25 15:08:01,303 [fetril.py] => Task 3, Epoch 4/50 => Loss 0.473, Train_accy 83.76
2025-12-25 15:08:05,271 [fetril.py] => Task 3, Epoch 5/50 => Loss 0.459, Train_accy 84.76
2025-12-25 15:08:26,847 [fetril.py] => Task 3, Epoch 6/50 => Loss 0.449, Train_accy 85.16, Test_accy 64.62
2025-12-25 15:08:30,586 [fetril.py] => Task 3, Epoch 7/50 => Loss 0.438, Train_accy 85.76
2025-12-25 15:08:34,456 [fetril.py] => Task 3, Epoch 8/50 => Loss 0.431, Train_accy 85.92
2025-12-25 15:08:38,303 [fetril.py] => Task 3, Epoch 9/50 => Loss 0.425, Train_accy 86.13
2025-12-25 15:08:42,332 [fetril.py] => Task 3, Epoch 10/50 => Loss 0.419, Train_accy 86.47
2025-12-25 15:09:03,917 [fetril.py] => Task 3, Epoch 11/50 => Loss 0.414, Train_accy 86.66, Test_accy 64.40
2025-12-25 15:09:07,676 [fetril.py] => Task 3, Epoch 12/50 => Loss 0.409, Train_accy 87.12
2025-12-25 15:09:11,570 [fetril.py] => Task 3, Epoch 13/50 => Loss 0.404, Train_accy 87.32
2025-12-25 15:09:15,640 [fetril.py] => Task 3, Epoch 14/50 => Loss 0.400, Train_accy 87.39
2025-12-25 15:09:19,667 [fetril.py] => Task 3, Epoch 15/50 => Loss 0.398, Train_accy 87.69
2025-12-25 15:09:41,741 [fetril.py] => Task 3, Epoch 16/50 => Loss 0.396, Train_accy 87.65, Test_accy 64.92
2025-12-25 15:09:46,027 [fetril.py] => Task 3, Epoch 17/50 => Loss 0.392, Train_accy 87.96
2025-12-25 15:09:50,222 [fetril.py] => Task 3, Epoch 18/50 => Loss 0.390, Train_accy 88.19
2025-12-25 15:09:54,466 [fetril.py] => Task 3, Epoch 19/50 => Loss 0.388, Train_accy 88.21
2025-12-25 15:09:58,748 [fetril.py] => Task 3, Epoch 20/50 => Loss 0.386, Train_accy 88.36
2025-12-25 15:10:20,499 [fetril.py] => Task 3, Epoch 21/50 => Loss 0.384, Train_accy 88.46, Test_accy 65.17
2025-12-25 15:10:24,422 [fetril.py] => Task 3, Epoch 22/50 => Loss 0.382, Train_accy 88.62
2025-12-25 15:10:28,303 [fetril.py] => Task 3, Epoch 23/50 => Loss 0.381, Train_accy 88.58
2025-12-25 15:10:32,361 [fetril.py] => Task 3, Epoch 24/50 => Loss 0.380, Train_accy 88.64
2025-12-25 15:10:36,420 [fetril.py] => Task 3, Epoch 25/50 => Loss 0.379, Train_accy 88.59
2025-12-25 15:10:58,201 [fetril.py] => Task 3, Epoch 26/50 => Loss 0.378, Train_accy 88.78, Test_accy 65.65
2025-12-25 15:11:02,092 [fetril.py] => Task 3, Epoch 27/50 => Loss 0.377, Train_accy 88.70
2025-12-25 15:11:06,609 [fetril.py] => Task 3, Epoch 28/50 => Loss 0.375, Train_accy 89.08
2025-12-25 15:11:11,301 [fetril.py] => Task 3, Epoch 29/50 => Loss 0.375, Train_accy 88.91
2025-12-25 15:11:16,013 [fetril.py] => Task 3, Epoch 30/50 => Loss 0.374, Train_accy 89.08
2025-12-25 15:11:40,680 [fetril.py] => Task 3, Epoch 31/50 => Loss 0.373, Train_accy 88.89, Test_accy 65.62
2025-12-25 15:11:45,416 [fetril.py] => Task 3, Epoch 32/50 => Loss 0.372, Train_accy 89.08
2025-12-25 15:11:49,487 [fetril.py] => Task 3, Epoch 33/50 => Loss 0.372, Train_accy 89.11
2025-12-25 15:11:53,989 [fetril.py] => Task 3, Epoch 34/50 => Loss 0.371, Train_accy 89.29
2025-12-25 15:11:58,327 [fetril.py] => Task 3, Epoch 35/50 => Loss 0.371, Train_accy 89.15
2025-12-25 15:12:21,022 [fetril.py] => Task 3, Epoch 36/50 => Loss 0.370, Train_accy 89.18, Test_accy 65.81
2025-12-25 15:12:25,144 [fetril.py] => Task 3, Epoch 37/50 => Loss 0.370, Train_accy 89.23
2025-12-25 15:12:29,476 [fetril.py] => Task 3, Epoch 38/50 => Loss 0.370, Train_accy 89.26
2025-12-25 15:12:33,872 [fetril.py] => Task 3, Epoch 39/50 => Loss 0.369, Train_accy 89.38
2025-12-25 15:12:38,011 [fetril.py] => Task 3, Epoch 40/50 => Loss 0.369, Train_accy 89.30
2025-12-25 15:13:00,244 [fetril.py] => Task 3, Epoch 41/50 => Loss 0.369, Train_accy 89.26, Test_accy 65.67
2025-12-25 15:13:04,873 [fetril.py] => Task 3, Epoch 42/50 => Loss 0.369, Train_accy 89.34
2025-12-25 15:13:09,502 [fetril.py] => Task 3, Epoch 43/50 => Loss 0.369, Train_accy 89.34
2025-12-25 15:13:14,069 [fetril.py] => Task 3, Epoch 44/50 => Loss 0.369, Train_accy 89.38
2025-12-25 15:13:18,872 [fetril.py] => Task 3, Epoch 45/50 => Loss 0.368, Train_accy 89.38
2025-12-25 15:13:42,370 [fetril.py] => Task 3, Epoch 46/50 => Loss 0.368, Train_accy 89.36, Test_accy 65.69
2025-12-25 15:13:46,450 [fetril.py] => Task 3, Epoch 47/50 => Loss 0.368, Train_accy 89.41
2025-12-25 15:13:50,606 [fetril.py] => Task 3, Epoch 48/50 => Loss 0.368, Train_accy 89.41
2025-12-25 15:13:54,686 [fetril.py] => Task 3, Epoch 49/50 => Loss 0.368, Train_accy 89.37
2025-12-25 15:13:58,814 [fetril.py] => Task 3, Epoch 50/50 => Loss 0.368, Train_accy 89.39
2025-12-25 15:14:00,868 [fetril.py] => svm train: acc: 95.33
2025-12-25 15:14:00,873 [fetril.py] => svm evaluation: acc_list: [90.03, 78.06, 73.55, 69.48]
2025-12-25 15:14:00,875 [trainer.py] => task:3 training time:420.19s
2025-12-25 15:14:00,875 [trainer.py] => All params: 3848008
2025-12-25 15:14:18,741 [trainer.py] => No NME accuracy.
2025-12-25 15:14:18,741 [trainer.py] => CNN: {'total': 65.71, '00-04': 72.53, '05-05': 50.83, '06-06': 58.17, '07-07': 54.0, 'old': 67.38, 'new': 54.0}
2025-12-25 15:14:18,741 [trainer.py] => CNN top1 curve: [89.93, 77.75, 72.88, 65.71]
2025-12-25 15:14:18,741 [trainer.py] => CNN top5 curve: [100.0, 99.64, 97.83, 97.88]

2025-12-25 15:14:18,741 [trainer.py] => Average Accuracy (CNN): 76.5675
2025-12-25 15:14:18,741 [trainer.py] => All params: 3848008
2025-12-25 15:14:18,742 [trainer.py] => Trainable params: 4104
2025-12-25 15:14:18,745 [fetril.py] => Learning on 8-9
2025-12-25 15:14:18,745 [fetril.py] => All params: 3848521
2025-12-25 15:14:18,745 [fetril.py] => Trainable params: 4617
2025-12-25 15:15:10,782 [fetril.py] => Task 4, Epoch 1/50 => Loss 0.440, Train_accy 87.34, Test_accy 63.63
2025-12-25 15:15:14,633 [fetril.py] => Task 4, Epoch 2/50 => Loss 0.351, Train_accy 89.68
2025-12-25 15:15:18,533 [fetril.py] => Task 4, Epoch 3/50 => Loss 0.328, Train_accy 90.40
2025-12-25 15:15:22,604 [fetril.py] => Task 4, Epoch 4/50 => Loss 0.313, Train_accy 90.72
2025-12-25 15:15:26,649 [fetril.py] => Task 4, Epoch 5/50 => Loss 0.302, Train_accy 90.97
2025-12-25 15:15:48,358 [fetril.py] => Task 4, Epoch 6/50 => Loss 0.295, Train_accy 91.42, Test_accy 62.59
2025-12-25 15:15:52,349 [fetril.py] => Task 4, Epoch 7/50 => Loss 0.289, Train_accy 91.56
2025-12-25 15:15:56,341 [fetril.py] => Task 4, Epoch 8/50 => Loss 0.284, Train_accy 91.82
2025-12-25 15:16:00,486 [fetril.py] => Task 4, Epoch 9/50 => Loss 0.279, Train_accy 92.09
2025-12-25 15:16:04,527 [fetril.py] => Task 4, Epoch 10/50 => Loss 0.276, Train_accy 92.28
2025-12-25 15:16:26,351 [fetril.py] => Task 4, Epoch 11/50 => Loss 0.273, Train_accy 92.33, Test_accy 61.19
2025-12-25 15:16:30,193 [fetril.py] => Task 4, Epoch 12/50 => Loss 0.270, Train_accy 92.54
2025-12-25 15:16:34,117 [fetril.py] => Task 4, Epoch 13/50 => Loss 0.268, Train_accy 92.64
2025-12-25 15:16:38,209 [fetril.py] => Task 4, Epoch 14/50 => Loss 0.266, Train_accy 92.63
2025-12-25 15:16:42,280 [fetril.py] => Task 4, Epoch 15/50 => Loss 0.264, Train_accy 92.87
2025-12-25 15:17:03,683 [fetril.py] => Task 4, Epoch 16/50 => Loss 0.262, Train_accy 93.01, Test_accy 61.33
2025-12-25 15:17:07,698 [fetril.py] => Task 4, Epoch 17/50 => Loss 0.261, Train_accy 92.96
2025-12-25 15:17:11,741 [fetril.py] => Task 4, Epoch 18/50 => Loss 0.260, Train_accy 93.12
2025-12-25 15:17:16,428 [fetril.py] => Task 4, Epoch 19/50 => Loss 0.258, Train_accy 93.09
2025-12-25 15:17:20,839 [fetril.py] => Task 4, Epoch 20/50 => Loss 0.257, Train_accy 93.13
2025-12-25 15:17:42,887 [fetril.py] => Task 4, Epoch 21/50 => Loss 0.257, Train_accy 93.25, Test_accy 61.35
2025-12-25 15:17:46,805 [fetril.py] => Task 4, Epoch 22/50 => Loss 0.255, Train_accy 93.25
2025-12-25 15:17:51,313 [fetril.py] => Task 4, Epoch 23/50 => Loss 0.255, Train_accy 93.29
2025-12-25 15:17:55,543 [fetril.py] => Task 4, Epoch 24/50 => Loss 0.254, Train_accy 93.38
2025-12-25 15:17:59,759 [fetril.py] => Task 4, Epoch 25/50 => Loss 0.254, Train_accy 93.43
2025-12-25 15:18:21,705 [fetril.py] => Task 4, Epoch 26/50 => Loss 0.253, Train_accy 93.39, Test_accy 60.89
2025-12-25 15:18:25,624 [fetril.py] => Task 4, Epoch 27/50 => Loss 0.252, Train_accy 93.44
2025-12-25 15:18:29,441 [fetril.py] => Task 4, Epoch 28/50 => Loss 0.252, Train_accy 93.51
2025-12-25 15:18:34,184 [fetril.py] => Task 4, Epoch 29/50 => Loss 0.251, Train_accy 93.42
2025-12-25 15:18:40,032 [fetril.py] => Task 4, Epoch 30/50 => Loss 0.251, Train_accy 93.54
2025-12-25 15:19:01,867 [fetril.py] => Task 4, Epoch 31/50 => Loss 0.251, Train_accy 93.57, Test_accy 61.02
2025-12-25 15:19:05,748 [fetril.py] => Task 4, Epoch 32/50 => Loss 0.250, Train_accy 93.53
2025-12-25 15:19:09,746 [fetril.py] => Task 4, Epoch 33/50 => Loss 0.250, Train_accy 93.57
2025-12-25 15:19:13,805 [fetril.py] => Task 4, Epoch 34/50 => Loss 0.250, Train_accy 93.49
2025-12-25 15:19:17,876 [fetril.py] => Task 4, Epoch 35/50 => Loss 0.249, Train_accy 93.63
2025-12-25 15:19:39,703 [fetril.py] => Task 4, Epoch 36/50 => Loss 0.249, Train_accy 93.61, Test_accy 61.00
2025-12-25 15:19:43,657 [fetril.py] => Task 4, Epoch 37/50 => Loss 0.249, Train_accy 93.65
2025-12-25 15:19:47,654 [fetril.py] => Task 4, Epoch 38/50 => Loss 0.249, Train_accy 93.67
2025-12-25 15:19:51,716 [fetril.py] => Task 4, Epoch 39/50 => Loss 0.249, Train_accy 93.65
2025-12-25 15:19:55,756 [fetril.py] => Task 4, Epoch 40/50 => Loss 0.249, Train_accy 93.70
2025-12-25 15:20:17,446 [fetril.py] => Task 4, Epoch 41/50 => Loss 0.249, Train_accy 93.74, Test_accy 61.09
2025-12-25 15:20:21,275 [fetril.py] => Task 4, Epoch 42/50 => Loss 0.249, Train_accy 93.70
2025-12-25 15:20:25,246 [fetril.py] => Task 4, Epoch 43/50 => Loss 0.248, Train_accy 93.65
2025-12-25 15:20:29,893 [fetril.py] => Task 4, Epoch 44/50 => Loss 0.248, Train_accy 93.72
2025-12-25 15:20:35,704 [fetril.py] => Task 4, Epoch 45/50 => Loss 0.248, Train_accy 93.72
2025-12-25 15:21:05,242 [fetril.py] => Task 4, Epoch 46/50 => Loss 0.248, Train_accy 93.72, Test_accy 60.96
2025-12-25 15:21:09,172 [fetril.py] => Task 4, Epoch 47/50 => Loss 0.248, Train_accy 93.73
2025-12-25 15:21:13,006 [fetril.py] => Task 4, Epoch 48/50 => Loss 0.248, Train_accy 93.71
2025-12-25 15:21:16,911 [fetril.py] => Task 4, Epoch 49/50 => Loss 0.248, Train_accy 93.71
2025-12-25 15:21:21,026 [fetril.py] => Task 4, Epoch 50/50 => Loss 0.248, Train_accy 93.70
2025-12-25 15:21:23,055 [fetril.py] => svm train: acc: 97.47
2025-12-25 15:21:23,063 [fetril.py] => svm evaluation: acc_list: [90.03, 78.06, 73.55, 69.48, 64.96]
2025-12-25 15:21:23,065 [trainer.py] => task:4 training time:424.32s
2025-12-25 15:21:23,066 [trainer.py] => All params: 3848521
2025-12-25 15:21:41,236 [trainer.py] => No NME accuracy.
2025-12-25 15:21:41,237 [trainer.py] => CNN: {'total': 60.93, '00-04': 64.43, '05-05': 40.17, '06-06': 59.0, '07-07': 42.0, '08-08': 85.0, 'old': 57.92, 'new': 85.0}
2025-12-25 15:21:41,237 [trainer.py] => CNN top1 curve: [89.93, 77.75, 72.88, 65.71, 60.93]
2025-12-25 15:21:41,237 [trainer.py] => CNN top5 curve: [100.0, 99.64, 97.83, 97.88, 96.2]

2025-12-25 15:21:41,237 [trainer.py] => Average Accuracy (CNN): 73.44
2025-12-25 15:21:41,237 [trainer.py] => Time consumed in all training process:1931.58s
2025-12-25 15:21:41,237 [trainer.py] => Average Time consumed in single task:368.55s
2025-12-25 15:21:41,240 [trainer.py] => Forgetting (CNN): 22.5425
