2024-10-21 17:06:13,295 [trainer.py] => config: ./exps/finetune.json
2024-10-21 17:06:13,296 [trainer.py] => prefix: cil
2024-10-21 17:06:13,296 [trainer.py] => dataset: hrrp9
2024-10-21 17:06:13,296 [trainer.py] => memory_size: 500
2024-10-21 17:06:13,297 [trainer.py] => memory_per_class: 20
2024-10-21 17:06:13,297 [trainer.py] => fixed_memory: False
2024-10-21 17:06:13,297 [trainer.py] => shuffle: True
2024-10-21 17:06:13,297 [trainer.py] => init_cls: 5
2024-10-21 17:06:13,297 [trainer.py] => increment: 2
2024-10-21 17:06:13,298 [trainer.py] => model_name: finetune
2024-10-21 17:06:13,298 [trainer.py] => convnet_type: resnet18
2024-10-21 17:06:13,298 [trainer.py] => init_train: False
2024-10-21 17:06:13,298 [trainer.py] => convnet_path: checkpoints/init_train/resnet18_35172.pth
2024-10-21 17:06:13,299 [trainer.py] => fc_path: checkpoints/init_train/fc_35172.pth
2024-10-21 17:06:13,299 [trainer.py] => device: [device(type='cuda', index=3)]
2024-10-21 17:06:13,299 [trainer.py] => seed: 2001
2024-10-21 17:06:13,299 [trainer.py] => epochs: 50
2024-10-21 17:06:13,299 [trainer.py] => lrate: 0.01
2024-10-21 17:06:13,300 [trainer.py] => milestones: [20, 35]
2024-10-21 17:06:13,300 [trainer.py] => lrate_decay: 0.1
2024-10-21 17:06:13,300 [trainer.py] => momentum: 0.9
2024-10-21 17:06:13,300 [trainer.py] => batch_size: 128
2024-10-21 17:06:13,301 [trainer.py] => weight_decay: 0.0002
2024-10-21 17:06:13,301 [trainer.py] => num_workers: 8
2024-10-21 17:06:13,993 [data_manager.py] => [3, 5, 1, 7, 2, 8, 6, 4, 0]
2024-10-21 17:06:14,623 [trainer.py] => All params: 3843904
2024-10-21 17:06:14,624 [trainer.py] => Trainable params: 3843904
2024-10-21 17:06:14,649 [finetune.py] => Learning on 0-5
2024-10-21 17:06:14,693 [finetune.py] => init_train?---False
2024-10-21 17:06:15,615 [trainer.py] => All params: 3846469
2024-10-21 17:06:16,085 [trainer.py] => No NME accuracy.
2024-10-21 17:06:16,085 [trainer.py] => CNN: {'total': 90.13, '00-04': 90.13, 'old': 0, 'new': 90.13}
2024-10-21 17:06:16,086 [trainer.py] => CNN top1 curve: [90.13]
2024-10-21 17:06:16,086 [trainer.py] => CNN top5 curve: [100.0]

2024-10-21 17:06:16,086 [trainer.py] => Average Accuracy (CNN): 90.13
2024-10-21 17:06:16,086 [trainer.py] => All params: 3846469
2024-10-21 17:06:16,087 [trainer.py] => Trainable params: 3846469
2024-10-21 17:06:16,088 [finetune.py] => Learning on 5-7
2024-10-21 17:06:17,876 [finetune.py] => Task 1, Epoch 1/50 => Loss 0.481, Train_accy 0.02, Test_accy 61.81
2024-10-21 17:06:22,883 [finetune.py] => Task 1, Epoch 6/50 => Loss 0.006, Train_accy 40.88, Test_accy 63.00
2024-10-21 17:06:27,670 [finetune.py] => Task 1, Epoch 11/50 => Loss 0.003, Train_accy 56.62, Test_accy 64.95
2024-10-21 17:06:32,522 [finetune.py] => Task 1, Epoch 16/50 => Loss 0.001, Train_accy 64.95, Test_accy 65.43
2024-10-21 17:06:37,236 [finetune.py] => Task 1, Epoch 21/50 => Loss 0.001, Train_accy 69.05, Test_accy 65.95
2024-10-21 17:06:42,199 [finetune.py] => Task 1, Epoch 26/50 => Loss 0.001, Train_accy 69.72, Test_accy 65.74
2024-10-21 17:06:47,453 [finetune.py] => Task 1, Epoch 31/50 => Loss 0.001, Train_accy 69.90, Test_accy 66.02
2024-10-21 17:06:52,881 [finetune.py] => Task 1, Epoch 36/50 => Loss 0.001, Train_accy 70.55, Test_accy 66.26
2024-10-21 17:06:58,042 [finetune.py] => Task 1, Epoch 41/50 => Loss 0.001, Train_accy 70.38, Test_accy 66.07
2024-10-21 17:07:03,321 [finetune.py] => Task 1, Epoch 46/50 => Loss 0.001, Train_accy 70.60, Test_accy 65.86
2024-10-21 17:07:06,802 [finetune.py] => Task 1, Epoch 50/50 => Loss 0.001, Train_accy 70.30
2024-10-21 17:07:06,807 [trainer.py] => All params: 3847495
2024-10-21 17:07:07,362 [trainer.py] => No NME accuracy.
2024-10-21 17:07:07,362 [trainer.py] => CNN: {'total': 66.5, '00-04': 72.87, '05-06': 50.58, 'old': 72.87, 'new': 50.58}
2024-10-21 17:07:07,362 [trainer.py] => CNN top1 curve: [90.13, 66.5]
2024-10-21 17:07:07,362 [trainer.py] => CNN top5 curve: [100.0, 97.81]

2024-10-21 17:07:07,363 [trainer.py] => Average Accuracy (CNN): 78.315
2024-10-21 17:07:07,363 [trainer.py] => All params: 3847495
2024-10-21 17:07:07,364 [trainer.py] => Trainable params: 3847495
2024-10-21 17:07:07,366 [finetune.py] => Learning on 7-9
2024-10-21 17:07:08,858 [finetune.py] => Task 2, Epoch 1/50 => Loss 0.391, Train_accy 0.38, Test_accy 46.20
2024-10-21 17:07:14,820 [finetune.py] => Task 2, Epoch 6/50 => Loss 0.011, Train_accy 49.32, Test_accy 44.69
2024-10-21 17:07:21,148 [finetune.py] => Task 2, Epoch 11/50 => Loss 0.003, Train_accy 73.62, Test_accy 43.78
2024-10-21 17:07:27,043 [finetune.py] => Task 2, Epoch 16/50 => Loss 0.002, Train_accy 80.55, Test_accy 41.78
2024-10-21 17:07:33,656 [finetune.py] => Task 2, Epoch 21/50 => Loss 0.001, Train_accy 83.52, Test_accy 40.74
2024-10-21 17:07:39,690 [finetune.py] => Task 2, Epoch 26/50 => Loss 0.001, Train_accy 83.75, Test_accy 40.98
2024-10-21 17:07:45,662 [finetune.py] => Task 2, Epoch 31/50 => Loss 0.001, Train_accy 84.00, Test_accy 40.76
2024-10-21 17:07:51,747 [finetune.py] => Task 2, Epoch 36/50 => Loss 0.001, Train_accy 84.52, Test_accy 40.89
2024-10-21 17:07:57,627 [finetune.py] => Task 2, Epoch 41/50 => Loss 0.001, Train_accy 84.45, Test_accy 40.70
2024-10-21 17:08:03,788 [finetune.py] => Task 2, Epoch 46/50 => Loss 0.001, Train_accy 84.30, Test_accy 40.81
2024-10-21 17:08:07,974 [finetune.py] => Task 2, Epoch 50/50 => Loss 0.001, Train_accy 84.50
2024-10-21 17:08:07,975 [trainer.py] => All params: 3848521
2024-10-21 17:08:08,876 [trainer.py] => No NME accuracy.
2024-10-21 17:08:08,877 [trainer.py] => CNN: {'total': 40.28, '00-04': 49.17, '05-06': 2.25, '07-08': 56.08, 'old': 35.76, 'new': 56.08}
2024-10-21 17:08:08,877 [trainer.py] => CNN top1 curve: [90.13, 66.5, 40.28]
2024-10-21 17:08:08,877 [trainer.py] => CNN top5 curve: [100.0, 97.81, 86.43]

2024-10-21 17:08:08,877 [trainer.py] => Average Accuracy (CNN): 65.63666666666667
2024-10-21 17:08:08,878 [trainer.py] => Forgetting (CNN): 44.644999999999996
