2024-08-20 20:25:28,206 [trainer.py] => config: ./exps/finetune.json
2024-08-20 20:25:28,206 [trainer.py] => prefix: reproduce
2024-08-20 20:25:28,206 [trainer.py] => dataset: hrrp9
2024-08-20 20:25:28,206 [trainer.py] => memory_size: 500
2024-08-20 20:25:28,206 [trainer.py] => memory_per_class: 20
2024-08-20 20:25:28,206 [trainer.py] => fixed_memory: False
2024-08-20 20:25:28,206 [trainer.py] => shuffle: True
2024-08-20 20:25:28,206 [trainer.py] => init_cls: 5
2024-08-20 20:25:28,206 [trainer.py] => increment: 2
2024-08-20 20:25:28,206 [trainer.py] => model_name: finetune
2024-08-20 20:25:28,206 [trainer.py] => convnet_type: resnet18
2024-08-20 20:25:28,206 [trainer.py] => init_train: False
2024-08-20 20:25:28,206 [trainer.py] => convnet_path: checkpoints/init_train/resnet18_42503.pth
2024-08-20 20:25:28,207 [trainer.py] => fc_path: checkpoints/init_train/fc_42503.pth
2024-08-20 20:25:28,207 [trainer.py] => device: [device(type='cuda', index=5)]
2024-08-20 20:25:28,207 [trainer.py] => seed: 1993
2024-08-20 20:25:29,060 [data_manager.py] => [4, 2, 5, 0, 3, 6, 7, 8, 1]
2024-08-20 20:25:31,715 [trainer.py] => All params: 3843904
2024-08-20 20:25:31,716 [trainer.py] => Trainable params: 3843904
2024-08-20 20:25:31,718 [finetune.py] => Learning on 0-5
2024-08-20 20:25:34,001 [finetune.py] => init_train?---False
2024-08-20 20:25:40,144 [trainer.py] => No NME accuracy.
2024-08-20 20:25:40,145 [trainer.py] => CNN: {'total': 92.89, '00-04': 92.89, 'old': 0, 'new': 92.89}
2024-08-20 20:25:40,145 [trainer.py] => CNN top1 curve: [92.89]
2024-08-20 20:25:40,145 [trainer.py] => CNN top5 curve: [100.0]

2024-08-20 20:25:40,145 [trainer.py] => Average Accuracy (CNN): 92.89
2024-08-20 20:25:40,145 [trainer.py] => All params: 3846469
2024-08-20 20:25:40,146 [trainer.py] => Trainable params: 3846469
2024-08-20 20:25:40,147 [finetune.py] => Learning on 5-7
2024-08-20 20:27:34,042 [finetune.py] => Task 1, Epoch 50/50 => Loss 0.000, Train_accy 99.82
2024-08-20 20:27:36,015 [trainer.py] => No NME accuracy.
2024-08-20 20:27:36,015 [trainer.py] => CNN: {'total': 48.22, '00-04': 35.94, '05-06': 96.42, 'old': 35.94, 'new': 96.42}
2024-08-20 20:27:36,016 [trainer.py] => CNN top1 curve: [92.89, 48.22]
2024-08-20 20:27:36,016 [trainer.py] => CNN top5 curve: [100.0, 97.93]

2024-08-20 20:27:36,016 [trainer.py] => Average Accuracy (CNN): 70.555
2024-08-20 20:27:36,017 [trainer.py] => All params: 3847495
2024-08-20 20:27:36,017 [trainer.py] => Trainable params: 3847495
2024-08-20 20:27:36,018 [finetune.py] => Learning on 7-9
2024-08-20 20:29:39,329 [finetune.py] => Task 2, Epoch 50/50 => Loss 0.000, Train_accy 98.62
2024-08-20 20:29:41,484 [trainer.py] => No NME accuracy.
2024-08-20 20:29:41,484 [trainer.py] => CNN: {'total': 18.73, '00-04': 1.92, '05-06': 5.03, '07-08': 98.16, 'old': 2.55, 'new': 98.16}
2024-08-20 20:29:41,485 [trainer.py] => CNN top1 curve: [92.89, 48.22, 18.73]
2024-08-20 20:29:41,485 [trainer.py] => CNN top5 curve: [100.0, 97.93, 87.02]

2024-08-20 20:29:41,485 [trainer.py] => Average Accuracy (CNN): 53.28
2024-08-20 20:29:41,486 [trainer.py] => Forgetting (CNN): 91.18
