2024-10-30 10:05:32,110 [trainer.py] => config: ./exps/POD_foster.json
2024-10-30 10:05:32,110 [trainer.py] => prefix: cil
2024-10-30 10:05:32,111 [trainer.py] => dataset: hrrp9
2024-10-30 10:05:32,111 [trainer.py] => memory_size: 500
2024-10-30 10:05:32,111 [trainer.py] => memory_per_class: 20
2024-10-30 10:05:32,111 [trainer.py] => fixed_memory: False
2024-10-30 10:05:32,111 [trainer.py] => shuffle: True
2024-10-30 10:05:32,111 [trainer.py] => init_cls: 5
2024-10-30 10:05:32,111 [trainer.py] => increment: 2
2024-10-30 10:05:32,111 [trainer.py] => model_name: POD_foster
2024-10-30 10:05:32,111 [trainer.py] => convnet_type: resnet18
2024-10-30 10:05:32,111 [trainer.py] => init_train: False
2024-10-30 10:05:32,112 [trainer.py] => convnet_path: checkpoints/init_train/resnet18_35172.pth
2024-10-30 10:05:32,112 [trainer.py] => fc_path: checkpoints/init_train/fc_35172.pth
2024-10-30 10:05:32,112 [trainer.py] => convnet_path2: checkpoints/init_train/resnet18_42503.pth
2024-10-30 10:05:32,112 [trainer.py] => fc_path2: checkpoints/init_train/fc_42503.pth
2024-10-30 10:05:32,112 [trainer.py] => convnet_path1: checkpoints/init_train/resnet18_42871.pth
2024-10-30 10:05:32,112 [trainer.py] => fc_path1: checkpoints/init_train/fc_42871.pth
2024-10-30 10:05:32,112 [trainer.py] => device: [device(type='cuda', index=3)]
2024-10-30 10:05:32,112 [trainer.py] => seed: 2001
2024-10-30 10:05:32,112 [trainer.py] => beta1: 0.96
2024-10-30 10:05:32,112 [trainer.py] => beta2: 0.97
2024-10-30 10:05:32,112 [trainer.py] => oofc: ft
2024-10-30 10:05:32,112 [trainer.py] => is_teacher_wa: True
2024-10-30 10:05:32,113 [trainer.py] => is_student_wa: False
2024-10-30 10:05:32,113 [trainer.py] => is_teacher_la: True
2024-10-30 10:05:32,113 [trainer.py] => is_student_la: True
2024-10-30 10:05:32,113 [trainer.py] => lambda_okd: 0
2024-10-30 10:05:32,113 [trainer.py] => wa_value: 1
2024-10-30 10:05:32,113 [trainer.py] => init_epochs: 0
2024-10-30 10:05:32,113 [trainer.py] => init_lr: 0.1
2024-10-30 10:05:32,113 [trainer.py] => init_weight_decay: 0.0005
2024-10-30 10:05:32,113 [trainer.py] => boosting_epochs: 150
2024-10-30 10:05:32,113 [trainer.py] => compression_epochs: 120
2024-10-30 10:05:32,113 [trainer.py] => lr: 0.1
2024-10-30 10:05:32,113 [trainer.py] => batch_size: 128
2024-10-30 10:05:32,114 [trainer.py] => weight_decay: 0.0005
2024-10-30 10:05:32,114 [trainer.py] => num_workers: 8
2024-10-30 10:05:32,114 [trainer.py] => momentum: 0.9
2024-10-30 10:05:32,114 [trainer.py] => T: 2
2024-10-30 10:05:32,114 [trainer.py] => lambda_c_base: 0.7
2024-10-30 10:05:32,114 [trainer.py] => lambda_f_base: 1.0
2024-10-30 10:05:32,114 [trainer.py] => POD: w
2024-10-30 10:05:33,065 [data_manager.py] => [3, 5, 1, 7, 2, 8, 6, 4, 0]
2024-10-30 10:05:33,110 [trainer.py] => All params: 0
2024-10-30 10:05:33,110 [trainer.py] => Trainable params: 0
2024-10-30 10:05:33,752 [pod_foster.py] => Learning on 0-5
2024-10-30 10:05:33,753 [pod_foster.py] => All params: 3849034
2024-10-30 10:05:33,753 [pod_foster.py] => Trainable params: 3849034
2024-10-30 10:05:33,882 [pod_foster.py] => Adaptive factor: 0
2024-10-30 10:05:33,909 [pod_foster.py] => init_train?---False
2024-10-30 10:05:35,317 [base.py] => Reducing exemplars...(100 per classes)
2024-10-30 10:05:35,318 [base.py] => Constructing exemplars...(100 per classes)
2024-10-30 10:05:43,604 [trainer.py] => All params: 3849034
2024-10-30 10:05:45,334 [pod_foster.py] => Exemplar size: 500
2024-10-30 10:05:45,334 [trainer.py] => CNN: {'total': 90.13, '00-04': 90.13, 'old': 0, 'new': 90.13}
2024-10-30 10:05:45,334 [trainer.py] => NME: {'total': 89.53, '00-04': 89.53, 'old': 0, 'new': 89.53}
2024-10-30 10:05:45,334 [trainer.py] => CNN top1 curve: [90.13]
2024-10-30 10:05:45,335 [trainer.py] => CNN top5 curve: [100.0]
2024-10-30 10:05:45,335 [trainer.py] => NME top1 curve: [89.53]
2024-10-30 10:05:45,336 [trainer.py] => NME top5 curve: [100.0]

2024-10-30 10:05:45,336 [trainer.py] => Average Accuracy (CNN): 90.13
2024-10-30 10:05:45,337 [trainer.py] => Average Accuracy (NME): 89.53
2024-10-30 10:05:45,337 [trainer.py] => All params: 3849034
2024-10-30 10:05:45,338 [trainer.py] => Trainable params: 3849034
2024-10-30 10:05:45,452 [pod_foster.py] => Learning on 5-7
2024-10-30 10:05:45,454 [pod_foster.py] => All params: 7701139
2024-10-30 10:05:45,459 [pod_foster.py] => Trainable params: 3854670
2024-10-30 10:05:45,543 [pod_foster.py] => Adaptive factor: 1.8708286933869707
2024-10-30 10:05:45,553 [pod_foster.py] => per cls weights : [1.00484344 1.00484344 1.00484344 1.00484344 1.00484344 0.98789141
 0.98789141]
2024-10-30 10:05:49,277 [pod_foster.py] => Task 1, Epoch 1/150 => Loss 2.041, Loss_clf 0.625, Loss_fe 0.683, Loss_pod 0.481, Loss_flat 0.251, Train_accy 81.18, Test_accy 65.21
2024-10-30 10:06:00,777 [pod_foster.py] => Task 1, Epoch 6/150 => Loss 0.341, Loss_clf 0.011, Loss_fe 0.024, Loss_pod 0.233, Loss_flat 0.073, Train_accy 99.98, Test_accy 79.86
2024-10-30 10:06:12,712 [pod_foster.py] => Task 1, Epoch 11/150 => Loss 0.232, Loss_clf 0.007, Loss_fe 0.010, Loss_pod 0.172, Loss_flat 0.043, Train_accy 100.00, Test_accy 76.31
2024-10-30 10:06:25,839 [pod_foster.py] => Task 1, Epoch 16/150 => Loss 0.202, Loss_clf 0.006, Loss_fe 0.008, Loss_pod 0.153, Loss_flat 0.035, Train_accy 100.00, Test_accy 75.12
2024-10-30 10:06:37,830 [pod_foster.py] => Task 1, Epoch 21/150 => Loss 1.426, Loss_clf 0.124, Loss_fe 0.408, Loss_pod 0.614, Loss_flat 0.280, Train_accy 96.07, Test_accy 53.38
2024-10-30 10:06:49,873 [pod_foster.py] => Task 1, Epoch 26/150 => Loss 0.699, Loss_clf 0.024, Loss_fe 0.101, Loss_pod 0.409, Loss_flat 0.165, Train_accy 99.62, Test_accy 68.31
2024-10-30 10:07:03,724 [pod_foster.py] => Task 1, Epoch 31/150 => Loss 0.528, Loss_clf 0.021, Loss_fe 0.043, Loss_pod 0.345, Loss_flat 0.120, Train_accy 99.62, Test_accy 73.86
2024-10-30 10:07:17,133 [pod_foster.py] => Task 1, Epoch 36/150 => Loss 0.361, Loss_clf 0.007, Loss_fe 0.010, Loss_pod 0.272, Loss_flat 0.073, Train_accy 100.00, Test_accy 77.50
2024-10-30 10:07:31,980 [pod_foster.py] => Task 1, Epoch 41/150 => Loss 0.274, Loss_clf 0.005, Loss_fe 0.006, Loss_pod 0.217, Loss_flat 0.045, Train_accy 100.00, Test_accy 77.86
2024-10-30 10:07:46,833 [pod_foster.py] => Task 1, Epoch 46/150 => Loss 0.547, Loss_clf 0.019, Loss_fe 0.058, Loss_pod 0.349, Loss_flat 0.120, Train_accy 99.60, Test_accy 79.50
2024-10-30 10:08:00,127 [pod_foster.py] => Task 1, Epoch 51/150 => Loss 0.269, Loss_clf 0.005, Loss_fe 0.007, Loss_pod 0.211, Loss_flat 0.045, Train_accy 100.00, Test_accy 79.36
2024-10-30 10:08:13,336 [pod_foster.py] => Task 1, Epoch 56/150 => Loss 0.229, Loss_clf 0.005, Loss_fe 0.006, Loss_pod 0.184, Loss_flat 0.035, Train_accy 100.00, Test_accy 79.76
2024-10-30 10:08:26,069 [pod_foster.py] => Task 1, Epoch 61/150 => Loss 0.218, Loss_clf 0.005, Loss_fe 0.006, Loss_pod 0.175, Loss_flat 0.032, Train_accy 100.00, Test_accy 80.64
2024-10-30 10:08:39,286 [pod_foster.py] => Task 1, Epoch 66/150 => Loss 0.195, Loss_clf 0.005, Loss_fe 0.006, Loss_pod 0.156, Loss_flat 0.029, Train_accy 100.00, Test_accy 77.69
2024-10-30 10:08:52,392 [pod_foster.py] => Task 1, Epoch 71/150 => Loss 0.192, Loss_clf 0.004, Loss_fe 0.006, Loss_pod 0.154, Loss_flat 0.028, Train_accy 100.00, Test_accy 76.67
2024-10-30 10:09:05,657 [pod_foster.py] => Task 1, Epoch 76/150 => Loss 0.176, Loss_clf 0.004, Loss_fe 0.005, Loss_pod 0.141, Loss_flat 0.026, Train_accy 100.00, Test_accy 78.86
2024-10-30 10:09:18,266 [pod_foster.py] => Task 1, Epoch 81/150 => Loss 0.173, Loss_clf 0.004, Loss_fe 0.005, Loss_pod 0.138, Loss_flat 0.025, Train_accy 100.00, Test_accy 79.60
2024-10-30 10:09:31,527 [pod_foster.py] => Task 1, Epoch 86/150 => Loss 0.172, Loss_clf 0.004, Loss_fe 0.005, Loss_pod 0.138, Loss_flat 0.025, Train_accy 100.00, Test_accy 78.00
2024-10-30 10:09:46,166 [pod_foster.py] => Task 1, Epoch 91/150 => Loss 0.161, Loss_clf 0.004, Loss_fe 0.005, Loss_pod 0.129, Loss_flat 0.023, Train_accy 100.00, Test_accy 79.52
2024-10-30 10:10:00,474 [pod_foster.py] => Task 1, Epoch 96/150 => Loss 0.182, Loss_clf 0.005, Loss_fe 0.006, Loss_pod 0.141, Loss_flat 0.030, Train_accy 100.00, Test_accy 78.29
2024-10-30 10:10:14,522 [pod_foster.py] => Task 1, Epoch 101/150 => Loss 0.157, Loss_clf 0.004, Loss_fe 0.005, Loss_pod 0.125, Loss_flat 0.023, Train_accy 100.00, Test_accy 79.05
2024-10-30 10:10:29,629 [pod_foster.py] => Task 1, Epoch 106/150 => Loss 0.148, Loss_clf 0.004, Loss_fe 0.005, Loss_pod 0.117, Loss_flat 0.022, Train_accy 100.00, Test_accy 79.21
2024-10-30 10:10:43,406 [pod_foster.py] => Task 1, Epoch 111/150 => Loss 0.143, Loss_clf 0.004, Loss_fe 0.005, Loss_pod 0.112, Loss_flat 0.021, Train_accy 100.00, Test_accy 79.57
2024-10-30 10:10:54,125 [pod_foster.py] => Task 1, Epoch 116/150 => Loss 0.139, Loss_clf 0.005, Loss_fe 0.006, Loss_pod 0.108, Loss_flat 0.021, Train_accy 100.00, Test_accy 78.83
2024-10-30 10:11:04,982 [pod_foster.py] => Task 1, Epoch 121/150 => Loss 0.138, Loss_clf 0.004, Loss_fe 0.005, Loss_pod 0.109, Loss_flat 0.021, Train_accy 100.00, Test_accy 78.74
2024-10-30 10:11:15,816 [pod_foster.py] => Task 1, Epoch 126/150 => Loss 0.134, Loss_clf 0.004, Loss_fe 0.005, Loss_pod 0.105, Loss_flat 0.020, Train_accy 100.00, Test_accy 79.05
2024-10-30 10:11:26,581 [pod_foster.py] => Task 1, Epoch 131/150 => Loss 0.133, Loss_clf 0.004, Loss_fe 0.005, Loss_pod 0.104, Loss_flat 0.021, Train_accy 100.00, Test_accy 78.48
2024-10-30 10:11:37,147 [pod_foster.py] => Task 1, Epoch 136/150 => Loss 0.127, Loss_clf 0.004, Loss_fe 0.005, Loss_pod 0.099, Loss_flat 0.020, Train_accy 100.00, Test_accy 79.10
2024-10-30 10:11:47,726 [pod_foster.py] => Task 1, Epoch 141/150 => Loss 0.128, Loss_clf 0.004, Loss_fe 0.005, Loss_pod 0.099, Loss_flat 0.020, Train_accy 100.00, Test_accy 79.19
2024-10-30 10:11:58,248 [pod_foster.py] => Task 1, Epoch 146/150 => Loss 0.130, Loss_clf 0.004, Loss_fe 0.005, Loss_pod 0.101, Loss_flat 0.020, Train_accy 100.00, Test_accy 79.00
2024-10-30 10:12:05,834 [pod_foster.py] => Task 1, Epoch 150/150 => Loss 0.127, Loss_clf 0.004, Loss_fe 0.005, Loss_pod 0.098, Loss_flat 0.020, Train_accy 100.00
2024-10-30 10:12:05,836 [inc_net.py] => align weights, gamma = 0.5036351680755615 
2024-10-30 10:12:05,838 [pod_foster.py] => per cls weights : [1.01377356 1.01377356 1.01377356 1.01377356 1.01377356 0.96556609
 0.96556609]
2024-10-30 10:12:08,279 [pod_foster.py] => SNet: Task 1, Epoch 1/120 => Loss 1.308,  Train_accy 70.47, Test_accy 68.55
2024-10-30 10:12:17,643 [pod_foster.py] => SNet: Task 1, Epoch 6/120 => Loss 1.024,  Train_accy 95.42, Test_accy 80.07
2024-10-30 10:12:26,811 [pod_foster.py] => SNet: Task 1, Epoch 11/120 => Loss 1.019,  Train_accy 96.07, Test_accy 80.40
2024-10-30 10:12:35,806 [pod_foster.py] => SNet: Task 1, Epoch 16/120 => Loss 1.014,  Train_accy 96.02, Test_accy 82.00
2024-10-30 10:12:45,107 [pod_foster.py] => SNet: Task 1, Epoch 21/120 => Loss 1.016,  Train_accy 95.84, Test_accy 82.12
2024-10-30 10:12:54,422 [pod_foster.py] => SNet: Task 1, Epoch 26/120 => Loss 1.011,  Train_accy 95.93, Test_accy 82.29
2024-10-30 10:13:03,895 [pod_foster.py] => SNet: Task 1, Epoch 31/120 => Loss 1.012,  Train_accy 96.53, Test_accy 82.38
2024-10-30 10:13:13,406 [pod_foster.py] => SNet: Task 1, Epoch 36/120 => Loss 1.011,  Train_accy 95.80, Test_accy 83.07
2024-10-30 10:13:22,871 [pod_foster.py] => SNet: Task 1, Epoch 41/120 => Loss 1.010,  Train_accy 96.49, Test_accy 82.69
2024-10-30 10:13:32,191 [pod_foster.py] => SNet: Task 1, Epoch 46/120 => Loss 1.008,  Train_accy 96.51, Test_accy 83.14
2024-10-30 10:13:41,628 [pod_foster.py] => SNet: Task 1, Epoch 51/120 => Loss 1.008,  Train_accy 96.67, Test_accy 83.48
2024-10-30 10:13:51,001 [pod_foster.py] => SNet: Task 1, Epoch 56/120 => Loss 1.006,  Train_accy 96.51, Test_accy 82.79
2024-10-30 10:14:00,318 [pod_foster.py] => SNet: Task 1, Epoch 61/120 => Loss 1.006,  Train_accy 96.47, Test_accy 83.19
2024-10-30 10:14:09,912 [pod_foster.py] => SNet: Task 1, Epoch 66/120 => Loss 1.009,  Train_accy 96.76, Test_accy 83.07
2024-10-30 10:14:19,265 [pod_foster.py] => SNet: Task 1, Epoch 71/120 => Loss 1.009,  Train_accy 96.42, Test_accy 83.57
2024-10-30 10:14:28,432 [pod_foster.py] => SNet: Task 1, Epoch 76/120 => Loss 1.006,  Train_accy 96.73, Test_accy 83.79
2024-10-30 10:14:37,557 [pod_foster.py] => SNet: Task 1, Epoch 81/120 => Loss 1.007,  Train_accy 96.44, Test_accy 83.43
2024-10-30 10:14:46,876 [pod_foster.py] => SNet: Task 1, Epoch 86/120 => Loss 1.006,  Train_accy 96.47, Test_accy 83.69
2024-10-30 10:14:56,293 [pod_foster.py] => SNet: Task 1, Epoch 91/120 => Loss 1.007,  Train_accy 96.87, Test_accy 83.88
2024-10-30 10:15:05,739 [pod_foster.py] => SNet: Task 1, Epoch 96/120 => Loss 1.006,  Train_accy 96.73, Test_accy 83.79
2024-10-30 10:15:15,424 [pod_foster.py] => SNet: Task 1, Epoch 101/120 => Loss 1.004,  Train_accy 96.71, Test_accy 83.64
2024-10-30 10:15:27,187 [pod_foster.py] => SNet: Task 1, Epoch 106/120 => Loss 1.006,  Train_accy 97.00, Test_accy 83.79
2024-10-30 10:15:38,829 [pod_foster.py] => SNet: Task 1, Epoch 111/120 => Loss 1.008,  Train_accy 96.80, Test_accy 84.00
2024-10-30 10:15:49,546 [pod_foster.py] => SNet: Task 1, Epoch 116/120 => Loss 1.005,  Train_accy 96.60, Test_accy 84.02
2024-10-30 10:15:57,742 [pod_foster.py] => SNet: Task 1, Epoch 120/120 => Loss 1.005,  Train_accy 96.76
2024-10-30 10:15:57,742 [pod_foster.py] => do not weight align student!
2024-10-30 10:15:58,702 [pod_foster.py] => darknet eval: 
2024-10-30 10:15:58,703 [pod_foster.py] => CNN top1 curve: 83.81
2024-10-30 10:15:58,703 [pod_foster.py] => CNN top5 curve: 99.45
2024-10-30 10:15:58,704 [pod_foster.py] => CNN: {'total': 83.81, '00-04': 82.1, '05-06': 88.08, 'old': 82.1, 'new': 88.08}
2024-10-30 10:15:58,705 [pod_foster.py] => All params after compression: 3851086
2024-10-30 10:15:58,706 [base.py] => Reducing exemplars...(71 per classes)
2024-10-30 10:16:00,597 [base.py] => Constructing exemplars...(71 per classes)
2024-10-30 10:16:05,196 [trainer.py] => All params: 7701139
2024-10-30 10:16:07,603 [pod_foster.py] => Exemplar size: 497
2024-10-30 10:16:07,603 [trainer.py] => CNN: {'total': 85.05, '00-04': 86.07, '05-06': 82.5, 'old': 86.07, 'new': 82.5}
2024-10-30 10:16:07,604 [trainer.py] => NME: {'total': 76.24, '00-04': 83.67, '05-06': 57.67, 'old': 83.67, 'new': 57.67}
2024-10-30 10:16:07,604 [trainer.py] => CNN top1 curve: [90.13, 85.05]
2024-10-30 10:16:07,604 [trainer.py] => CNN top5 curve: [100.0, 99.62]
2024-10-30 10:16:07,604 [trainer.py] => NME top1 curve: [89.53, 76.24]
2024-10-30 10:16:07,604 [trainer.py] => NME top5 curve: [100.0, 99.62]

2024-10-30 10:16:07,604 [trainer.py] => Average Accuracy (CNN): 87.59
2024-10-30 10:16:07,604 [trainer.py] => Average Accuracy (NME): 82.88499999999999
2024-10-30 10:16:07,605 [trainer.py] => All params: 7701139
2024-10-30 10:16:07,606 [trainer.py] => Trainable params: 3854670
2024-10-30 10:16:07,700 [pod_foster.py] => Learning on 7-9
2024-10-30 10:16:07,702 [pod_foster.py] => All params: 7705241
2024-10-30 10:16:07,703 [pod_foster.py] => Trainable params: 3857746
2024-10-30 10:16:07,804 [pod_foster.py] => Adaptive factor: 2.1213203435596424
2024-10-30 10:16:07,812 [pod_foster.py] => per cls weights : [1.01239929 1.01239929 1.01239929 1.01239929 1.01239929 1.01239929
 1.01239929 0.95660248 0.95660248]
2024-10-30 10:16:11,787 [pod_foster.py] => Task 2, Epoch 1/150 => Loss 2.218, Loss_clf 0.747, Loss_fe 0.754, Loss_pod 0.492, Loss_flat 0.226, Train_accy 81.61, Test_accy 51.41
2024-10-30 10:16:25,202 [pod_foster.py] => Task 2, Epoch 6/150 => Loss 0.422, Loss_clf 0.016, Loss_fe 0.042, Loss_pod 0.281, Loss_flat 0.083, Train_accy 99.84, Test_accy 59.83
2024-10-30 10:16:39,293 [pod_foster.py] => Task 2, Epoch 11/150 => Loss 0.270, Loss_clf 0.008, Loss_fe 0.013, Loss_pod 0.201, Loss_flat 0.048, Train_accy 100.00, Test_accy 63.13
2024-10-30 10:16:52,406 [pod_foster.py] => Task 2, Epoch 16/150 => Loss 1.120, Loss_clf 0.143, Loss_fe 0.284, Loss_pod 0.520, Loss_flat 0.173, Train_accy 95.04, Test_accy 69.61
2024-10-30 10:17:06,724 [pod_foster.py] => Task 2, Epoch 21/150 => Loss 0.307, Loss_clf 0.007, Loss_fe 0.009, Loss_pod 0.236, Loss_flat 0.054, Train_accy 100.00, Test_accy 64.31
2024-10-30 10:17:20,143 [pod_foster.py] => Task 2, Epoch 26/150 => Loss 0.263, Loss_clf 0.006, Loss_fe 0.008, Loss_pod 0.205, Loss_flat 0.043, Train_accy 100.00, Test_accy 66.50
2024-10-30 10:17:34,271 [pod_foster.py] => Task 2, Epoch 31/150 => Loss 0.228, Loss_clf 0.005, Loss_fe 0.007, Loss_pod 0.184, Loss_flat 0.033, Train_accy 100.00, Test_accy 63.52
2024-10-30 10:17:47,954 [pod_foster.py] => Task 2, Epoch 36/150 => Loss 0.215, Loss_clf 0.005, Loss_fe 0.007, Loss_pod 0.172, Loss_flat 0.031, Train_accy 100.00, Test_accy 66.11
2024-10-30 10:18:00,635 [pod_foster.py] => Task 2, Epoch 41/150 => Loss 0.353, Loss_clf 0.009, Loss_fe 0.011, Loss_pod 0.265, Loss_flat 0.068, Train_accy 100.00, Test_accy 67.74
2024-10-30 10:18:14,886 [pod_foster.py] => Task 2, Epoch 46/150 => Loss 0.220, Loss_clf 0.005, Loss_fe 0.006, Loss_pod 0.176, Loss_flat 0.033, Train_accy 100.00, Test_accy 65.67
2024-10-30 10:18:29,437 [pod_foster.py] => Task 2, Epoch 51/150 => Loss 0.200, Loss_clf 0.005, Loss_fe 0.006, Loss_pod 0.161, Loss_flat 0.028, Train_accy 100.00, Test_accy 63.76
2024-10-30 10:18:43,548 [pod_foster.py] => Task 2, Epoch 56/150 => Loss 0.190, Loss_clf 0.005, Loss_fe 0.006, Loss_pod 0.153, Loss_flat 0.026, Train_accy 100.00, Test_accy 64.26
2024-10-30 10:18:57,042 [pod_foster.py] => Task 2, Epoch 61/150 => Loss 0.208, Loss_clf 0.005, Loss_fe 0.007, Loss_pod 0.165, Loss_flat 0.030, Train_accy 100.00, Test_accy 66.67
2024-10-30 10:19:10,789 [pod_foster.py] => Task 2, Epoch 66/150 => Loss 0.264, Loss_clf 0.009, Loss_fe 0.013, Loss_pod 0.198, Loss_flat 0.043, Train_accy 99.91, Test_accy 68.07
2024-10-30 10:19:24,209 [pod_foster.py] => Task 2, Epoch 71/150 => Loss 0.189, Loss_clf 0.004, Loss_fe 0.005, Loss_pod 0.153, Loss_flat 0.027, Train_accy 100.00, Test_accy 65.50
2024-10-30 10:19:37,600 [pod_foster.py] => Task 2, Epoch 76/150 => Loss 0.174, Loss_clf 0.004, Loss_fe 0.005, Loss_pod 0.140, Loss_flat 0.024, Train_accy 100.00, Test_accy 64.50
2024-10-30 10:19:48,349 [pod_foster.py] => Task 2, Epoch 81/150 => Loss 0.180, Loss_clf 0.005, Loss_fe 0.006, Loss_pod 0.144, Loss_flat 0.026, Train_accy 100.00, Test_accy 64.52
2024-10-30 10:19:59,125 [pod_foster.py] => Task 2, Epoch 86/150 => Loss 0.169, Loss_clf 0.004, Loss_fe 0.005, Loss_pod 0.136, Loss_flat 0.023, Train_accy 100.00, Test_accy 65.72
2024-10-30 10:20:10,079 [pod_foster.py] => Task 2, Epoch 91/150 => Loss 0.176, Loss_clf 0.005, Loss_fe 0.006, Loss_pod 0.141, Loss_flat 0.025, Train_accy 100.00, Test_accy 64.26
2024-10-30 10:20:20,945 [pod_foster.py] => Task 2, Epoch 96/150 => Loss 0.160, Loss_clf 0.004, Loss_fe 0.005, Loss_pod 0.129, Loss_flat 0.022, Train_accy 100.00, Test_accy 64.07
2024-10-30 10:20:32,065 [pod_foster.py] => Task 2, Epoch 101/150 => Loss 0.157, Loss_clf 0.004, Loss_fe 0.005, Loss_pod 0.127, Loss_flat 0.021, Train_accy 100.00, Test_accy 63.74
2024-10-30 10:20:42,793 [pod_foster.py] => Task 2, Epoch 106/150 => Loss 0.158, Loss_clf 0.005, Loss_fe 0.006, Loss_pod 0.127, Loss_flat 0.021, Train_accy 100.00, Test_accy 64.26
2024-10-30 10:20:53,823 [pod_foster.py] => Task 2, Epoch 111/150 => Loss 0.147, Loss_clf 0.005, Loss_fe 0.006, Loss_pod 0.116, Loss_flat 0.020, Train_accy 100.00, Test_accy 66.04
2024-10-30 10:21:04,945 [pod_foster.py] => Task 2, Epoch 116/150 => Loss 0.147, Loss_clf 0.005, Loss_fe 0.005, Loss_pod 0.117, Loss_flat 0.020, Train_accy 100.00, Test_accy 65.26
2024-10-30 10:21:15,737 [pod_foster.py] => Task 2, Epoch 121/150 => Loss 0.143, Loss_clf 0.004, Loss_fe 0.005, Loss_pod 0.114, Loss_flat 0.020, Train_accy 100.00, Test_accy 64.98
2024-10-30 10:21:26,678 [pod_foster.py] => Task 2, Epoch 126/150 => Loss 0.137, Loss_clf 0.004, Loss_fe 0.005, Loss_pod 0.109, Loss_flat 0.019, Train_accy 100.00, Test_accy 65.65
2024-10-30 10:21:37,497 [pod_foster.py] => Task 2, Epoch 131/150 => Loss 0.142, Loss_clf 0.004, Loss_fe 0.005, Loss_pod 0.113, Loss_flat 0.020, Train_accy 100.00, Test_accy 64.65
2024-10-30 10:21:48,741 [pod_foster.py] => Task 2, Epoch 136/150 => Loss 0.137, Loss_clf 0.004, Loss_fe 0.005, Loss_pod 0.109, Loss_flat 0.019, Train_accy 100.00, Test_accy 66.35
2024-10-30 10:21:59,663 [pod_foster.py] => Task 2, Epoch 141/150 => Loss 0.131, Loss_clf 0.004, Loss_fe 0.005, Loss_pod 0.104, Loss_flat 0.019, Train_accy 100.00, Test_accy 65.87
2024-10-30 10:22:10,713 [pod_foster.py] => Task 2, Epoch 146/150 => Loss 0.133, Loss_clf 0.004, Loss_fe 0.005, Loss_pod 0.105, Loss_flat 0.019, Train_accy 100.00, Test_accy 64.11
2024-10-30 10:22:18,694 [pod_foster.py] => Task 2, Epoch 150/150 => Loss 0.135, Loss_clf 0.004, Loss_fe 0.005, Loss_pod 0.106, Loss_flat 0.020, Train_accy 100.00
2024-10-30 10:22:18,695 [inc_net.py] => align weights, gamma = 0.47471827268600464 
2024-10-30 10:22:18,697 [pod_foster.py] => per cls weights : [1.02623168 1.02623168 1.02623168 1.02623168 1.02623168 1.02623168
 1.02623168 0.90818914 0.90818914]
2024-10-30 10:22:21,325 [pod_foster.py] => SNet: Task 2, Epoch 1/120 => Loss 1.610,  Train_accy 70.82, Test_accy 64.80
2024-10-30 10:22:34,103 [pod_foster.py] => SNet: Task 2, Epoch 6/120 => Loss 1.376,  Train_accy 95.06, Test_accy 73.93
2024-10-30 10:22:46,670 [pod_foster.py] => SNet: Task 2, Epoch 11/120 => Loss 1.379,  Train_accy 95.73, Test_accy 75.91
2024-10-30 10:22:58,513 [pod_foster.py] => SNet: Task 2, Epoch 16/120 => Loss 1.370,  Train_accy 96.42, Test_accy 77.09
2024-10-30 10:23:11,174 [pod_foster.py] => SNet: Task 2, Epoch 21/120 => Loss 1.368,  Train_accy 96.09, Test_accy 76.98
2024-10-30 10:23:23,713 [pod_foster.py] => SNet: Task 2, Epoch 26/120 => Loss 1.369,  Train_accy 96.51, Test_accy 77.33
2024-10-30 10:23:36,211 [pod_foster.py] => SNet: Task 2, Epoch 31/120 => Loss 1.367,  Train_accy 96.26, Test_accy 77.43
2024-10-30 10:23:47,953 [pod_foster.py] => SNet: Task 2, Epoch 36/120 => Loss 1.368,  Train_accy 96.51, Test_accy 77.65
2024-10-30 10:23:59,542 [pod_foster.py] => SNet: Task 2, Epoch 41/120 => Loss 1.364,  Train_accy 96.55, Test_accy 77.04
2024-10-30 10:24:12,476 [pod_foster.py] => SNet: Task 2, Epoch 46/120 => Loss 1.364,  Train_accy 96.49, Test_accy 77.33
2024-10-30 10:24:24,676 [pod_foster.py] => SNet: Task 2, Epoch 51/120 => Loss 1.365,  Train_accy 96.20, Test_accy 78.09
2024-10-30 10:24:37,024 [pod_foster.py] => SNet: Task 2, Epoch 56/120 => Loss 1.367,  Train_accy 96.78, Test_accy 78.17
2024-10-30 10:24:48,466 [pod_foster.py] => SNet: Task 2, Epoch 61/120 => Loss 1.367,  Train_accy 97.02, Test_accy 78.07
2024-10-30 10:25:00,723 [pod_foster.py] => SNet: Task 2, Epoch 66/120 => Loss 1.363,  Train_accy 96.64, Test_accy 77.85
2024-10-30 10:25:13,341 [pod_foster.py] => SNet: Task 2, Epoch 71/120 => Loss 1.364,  Train_accy 96.80, Test_accy 78.07
2024-10-30 10:25:25,821 [pod_foster.py] => SNet: Task 2, Epoch 76/120 => Loss 1.364,  Train_accy 96.73, Test_accy 78.13
2024-10-30 10:25:38,274 [pod_foster.py] => SNet: Task 2, Epoch 81/120 => Loss 1.366,  Train_accy 96.78, Test_accy 78.31
2024-10-30 10:25:50,420 [pod_foster.py] => SNet: Task 2, Epoch 86/120 => Loss 1.359,  Train_accy 96.95, Test_accy 77.70
2024-10-30 10:26:03,062 [pod_foster.py] => SNet: Task 2, Epoch 91/120 => Loss 1.363,  Train_accy 96.91, Test_accy 78.31
2024-10-30 10:26:15,459 [pod_foster.py] => SNet: Task 2, Epoch 96/120 => Loss 1.360,  Train_accy 97.06, Test_accy 77.98
2024-10-30 10:26:28,279 [pod_foster.py] => SNet: Task 2, Epoch 101/120 => Loss 1.359,  Train_accy 96.95, Test_accy 78.15
2024-10-30 10:26:39,185 [pod_foster.py] => SNet: Task 2, Epoch 106/120 => Loss 1.364,  Train_accy 96.82, Test_accy 78.13
2024-10-30 10:26:48,400 [pod_foster.py] => SNet: Task 2, Epoch 111/120 => Loss 1.363,  Train_accy 96.91, Test_accy 77.94
2024-10-30 10:26:57,648 [pod_foster.py] => SNet: Task 2, Epoch 116/120 => Loss 1.364,  Train_accy 96.91, Test_accy 78.22
2024-10-30 10:27:04,422 [pod_foster.py] => SNet: Task 2, Epoch 120/120 => Loss 1.363,  Train_accy 96.93
2024-10-30 10:27:04,423 [pod_foster.py] => do not weight align student!
2024-10-30 10:27:05,259 [pod_foster.py] => darknet eval: 
2024-10-30 10:27:05,259 [pod_foster.py] => CNN top1 curve: 78.17
2024-10-30 10:27:05,259 [pod_foster.py] => CNN top5 curve: 97.48
2024-10-30 10:27:05,259 [pod_foster.py] => CNN: {'total': 78.17, '00-04': 76.47, '05-06': 78.42, '07-08': 82.17, 'old': 77.02, 'new': 82.17}
2024-10-30 10:27:05,260 [pod_foster.py] => All params after compression: 3853138
2024-10-30 10:27:05,261 [base.py] => Reducing exemplars...(55 per classes)
2024-10-30 10:27:06,813 [base.py] => Constructing exemplars...(55 per classes)
2024-10-30 10:27:09,992 [trainer.py] => All params: 7705241
2024-10-30 10:27:12,277 [pod_foster.py] => Exemplar size: 495
2024-10-30 10:27:12,277 [trainer.py] => CNN: {'total': 79.39, '00-04': 76.87, '05-06': 84.08, '07-08': 81.0, 'old': 78.93, 'new': 81.0}
2024-10-30 10:27:12,277 [trainer.py] => NME: {'total': 68.91, '00-04': 75.57, '05-06': 67.42, '07-08': 53.75, 'old': 73.24, 'new': 53.75}
2024-10-30 10:27:12,278 [trainer.py] => CNN top1 curve: [90.13, 85.05, 79.39]
2024-10-30 10:27:12,278 [trainer.py] => CNN top5 curve: [100.0, 99.62, 97.52]
2024-10-30 10:27:12,278 [trainer.py] => NME top1 curve: [89.53, 76.24, 68.91]
2024-10-30 10:27:12,278 [trainer.py] => NME top5 curve: [100.0, 99.62, 97.13]

2024-10-30 10:27:12,278 [trainer.py] => Average Accuracy (CNN): 84.85666666666667
2024-10-30 10:27:12,278 [trainer.py] => Average Accuracy (NME): 78.22666666666666
2024-10-30 10:27:12,279 [trainer.py] => Forgetting (CNN): 6.6299999999999955
