2024-09-02 19:49:41,268 [trainer.py] => config: ./exps/foster.json
2024-09-02 19:49:41,268 [trainer.py] => prefix: cil
2024-09-02 19:49:41,268 [trainer.py] => dataset: hrrp9
2024-09-02 19:49:41,268 [trainer.py] => memory_size: 500
2024-09-02 19:49:41,268 [trainer.py] => memory_per_class: 20
2024-09-02 19:49:41,268 [trainer.py] => fixed_memory: False
2024-09-02 19:49:41,268 [trainer.py] => shuffle: True
2024-09-02 19:49:41,268 [trainer.py] => init_cls: 5
2024-09-02 19:49:41,268 [trainer.py] => increment: 2
2024-09-02 19:49:41,268 [trainer.py] => model_name: foster
2024-09-02 19:49:41,268 [trainer.py] => convnet_type: resnet18
2024-09-02 19:49:41,268 [trainer.py] => init_train: False
2024-09-02 19:49:41,268 [trainer.py] => convnet_path: checkpoints/init_train/resnet18_42503.pth
2024-09-02 19:49:41,268 [trainer.py] => fc_path: checkpoints/init_train/fc_42503.pth
2024-09-02 19:49:41,268 [trainer.py] => device: [device(type='cuda', index=2)]
2024-09-02 19:49:41,268 [trainer.py] => seed: 1993
2024-09-02 19:49:41,268 [trainer.py] => beta1: 0.96
2024-09-02 19:49:41,269 [trainer.py] => beta2: 0.97
2024-09-02 19:49:41,269 [trainer.py] => oofc: ft
2024-09-02 19:49:41,269 [trainer.py] => is_teacher_wa: True
2024-09-02 19:49:41,269 [trainer.py] => is_student_wa: True
2024-09-02 19:49:41,269 [trainer.py] => lambda_okd: 0
2024-09-02 19:49:41,269 [trainer.py] => wa_value: 1
2024-09-02 19:49:41,269 [trainer.py] => init_epochs: 0
2024-09-02 19:49:41,269 [trainer.py] => init_lr: 0.1
2024-09-02 19:49:41,269 [trainer.py] => init_weight_decay: 0.0005
2024-09-02 19:49:41,269 [trainer.py] => boosting_epochs: 120
2024-09-02 19:49:41,269 [trainer.py] => compression_epochs: 80
2024-09-02 19:49:41,269 [trainer.py] => lr: 0.1
2024-09-02 19:49:41,269 [trainer.py] => batch_size: 128
2024-09-02 19:49:41,269 [trainer.py] => weight_decay: 0.0005
2024-09-02 19:49:41,269 [trainer.py] => num_workers: 8
2024-09-02 19:49:41,269 [trainer.py] => T: 2
2024-09-02 19:49:41,269 [trainer.py] => lambda_c_base: 0.8
2024-09-02 19:49:41,724 [data_manager.py] => [4, 2, 5, 0, 3, 6, 7, 8, 1]
2024-09-02 19:49:41,773 [trainer.py] => All params: 0
2024-09-02 19:49:41,773 [trainer.py] => Trainable params: 0
2024-09-02 19:49:43,627 [foster.py] => Learning on 0-5
2024-09-02 19:49:43,627 [foster.py] => All params: 3849034
2024-09-02 19:49:43,627 [foster.py] => Trainable params: 3849034
2024-09-02 19:49:43,662 [foster.py] => Adaptive factor: 0
2024-09-02 19:49:45,138 [foster.py] => init_train?---False
2024-09-02 19:49:48,302 [base.py] => Reducing exemplars...(100 per classes)
2024-09-02 19:49:48,302 [base.py] => Constructing exemplars...(100 per classes)
2024-09-02 19:50:00,368 [foster.py] => Exemplar size: 500
2024-09-02 19:50:00,369 [trainer.py] => CNN: {'total': 89.93, '00-04': 89.93, 'old': 0, 'new': 89.93}
2024-09-02 19:50:00,369 [trainer.py] => NME: {'total': 90.0, '00-04': 90.0, 'old': 0, 'new': 90.0}
2024-09-02 19:50:00,369 [trainer.py] => CNN top1 curve: [89.93]
2024-09-02 19:50:00,369 [trainer.py] => CNN top5 curve: [100.0]
2024-09-02 19:50:00,369 [trainer.py] => NME top1 curve: [90.0]
2024-09-02 19:50:00,369 [trainer.py] => NME top5 curve: [100.0]

2024-09-02 19:50:00,369 [trainer.py] => Average Accuracy (CNN): 89.93
2024-09-02 19:50:00,369 [trainer.py] => Average Accuracy (NME): 90.0
2024-09-02 19:50:00,370 [trainer.py] => All params: 3849034
2024-09-02 19:50:00,370 [trainer.py] => Trainable params: 3849034
2024-09-02 19:50:00,405 [foster.py] => Learning on 5-7
2024-09-02 19:50:00,406 [foster.py] => All params: 7701139
2024-09-02 19:50:00,407 [foster.py] => Trainable params: 3854670
2024-09-02 19:50:00,421 [foster.py] => Adaptive factor: 1.8708286933869707
2024-09-02 19:50:00,430 [foster.py] => per cls weights : [1.00484344 1.00484344 1.00484344 1.00484344 1.00484344 0.98789141
 0.98789141]
2024-09-02 19:50:05,236 [foster.py] => Task 1, Epoch 1/120 => Loss 1.940, Loss_clf 0.700, Loss_fe 0.660, Loss_pod 0.408, Loss_flat 0.171, Train_accy 83.40, Test_accy 54.76
2024-09-02 19:50:22,399 [foster.py] => Task 1, Epoch 6/120 => Loss 0.324, Loss_clf 0.015, Loss_fe 0.034, Loss_pod 0.217, Loss_flat 0.058, Train_accy 99.91, Test_accy 70.14
2024-09-02 19:50:39,409 [foster.py] => Task 1, Epoch 11/120 => Loss 0.231, Loss_clf 0.008, Loss_fe 0.013, Loss_pod 0.174, Loss_flat 0.036, Train_accy 100.00, Test_accy 69.64
2024-09-02 19:50:56,592 [foster.py] => Task 1, Epoch 16/120 => Loss 0.199, Loss_clf 0.006, Loss_fe 0.009, Loss_pod 0.154, Loss_flat 0.030, Train_accy 99.98, Test_accy 68.71
2024-09-02 19:51:13,732 [foster.py] => Task 1, Epoch 21/120 => Loss 0.190, Loss_clf 0.008, Loss_fe 0.009, Loss_pod 0.146, Loss_flat 0.026, Train_accy 100.00, Test_accy 64.14
2024-09-02 19:51:30,155 [foster.py] => Task 1, Epoch 26/120 => Loss 0.457, Loss_clf 0.022, Loss_fe 0.046, Loss_pod 0.311, Loss_flat 0.078, Train_accy 99.60, Test_accy 71.79
2024-09-02 19:51:46,931 [foster.py] => Task 1, Epoch 31/120 => Loss 0.245, Loss_clf 0.009, Loss_fe 0.011, Loss_pod 0.187, Loss_flat 0.038, Train_accy 99.98, Test_accy 68.45
2024-09-02 19:52:04,084 [foster.py] => Task 1, Epoch 36/120 => Loss 0.188, Loss_clf 0.005, Loss_fe 0.006, Loss_pod 0.152, Loss_flat 0.025, Train_accy 100.00, Test_accy 67.83
2024-09-02 19:52:20,070 [foster.py] => Task 1, Epoch 41/120 => Loss 0.167, Loss_clf 0.005, Loss_fe 0.006, Loss_pod 0.134, Loss_flat 0.022, Train_accy 100.00, Test_accy 69.00
2024-09-02 19:52:37,084 [foster.py] => Task 1, Epoch 46/120 => Loss 0.159, Loss_clf 0.005, Loss_fe 0.006, Loss_pod 0.129, Loss_flat 0.020, Train_accy 100.00, Test_accy 68.90
2024-09-02 19:52:53,560 [foster.py] => Task 1, Epoch 51/120 => Loss 0.156, Loss_clf 0.004, Loss_fe 0.006, Loss_pod 0.127, Loss_flat 0.019, Train_accy 100.00, Test_accy 67.31
2024-09-02 19:53:08,659 [foster.py] => Task 1, Epoch 56/120 => Loss 0.144, Loss_clf 0.004, Loss_fe 0.005, Loss_pod 0.117, Loss_flat 0.018, Train_accy 100.00, Test_accy 68.38
2024-09-02 19:53:25,286 [foster.py] => Task 1, Epoch 61/120 => Loss 0.153, Loss_clf 0.005, Loss_fe 0.006, Loss_pod 0.122, Loss_flat 0.020, Train_accy 100.00, Test_accy 67.26
2024-09-02 19:53:42,354 [foster.py] => Task 1, Epoch 66/120 => Loss 0.276, Loss_clf 0.018, Loss_fe 0.026, Loss_pod 0.192, Loss_flat 0.040, Train_accy 99.64, Test_accy 67.90
2024-09-02 19:53:59,399 [foster.py] => Task 1, Epoch 71/120 => Loss 0.156, Loss_clf 0.005, Loss_fe 0.005, Loss_pod 0.126, Loss_flat 0.020, Train_accy 100.00, Test_accy 69.69
2024-09-02 19:54:16,460 [foster.py] => Task 1, Epoch 76/120 => Loss 0.141, Loss_clf 0.004, Loss_fe 0.005, Loss_pod 0.114, Loss_flat 0.018, Train_accy 100.00, Test_accy 68.57
2024-09-02 19:54:33,821 [foster.py] => Task 1, Epoch 81/120 => Loss 0.132, Loss_clf 0.004, Loss_fe 0.005, Loss_pod 0.106, Loss_flat 0.017, Train_accy 100.00, Test_accy 69.43
2024-09-02 19:54:50,999 [foster.py] => Task 1, Epoch 86/120 => Loss 0.129, Loss_clf 0.004, Loss_fe 0.005, Loss_pod 0.103, Loss_flat 0.017, Train_accy 100.00, Test_accy 67.90
2024-09-02 19:55:08,286 [foster.py] => Task 1, Epoch 91/120 => Loss 0.123, Loss_clf 0.004, Loss_fe 0.005, Loss_pod 0.099, Loss_flat 0.016, Train_accy 100.00, Test_accy 68.40
2024-09-02 19:55:25,380 [foster.py] => Task 1, Epoch 96/120 => Loss 0.122, Loss_clf 0.004, Loss_fe 0.005, Loss_pod 0.096, Loss_flat 0.016, Train_accy 100.00, Test_accy 69.86
2024-09-02 19:55:42,535 [foster.py] => Task 1, Epoch 101/120 => Loss 0.116, Loss_clf 0.004, Loss_fe 0.005, Loss_pod 0.092, Loss_flat 0.015, Train_accy 100.00, Test_accy 68.21
2024-09-02 19:55:59,619 [foster.py] => Task 1, Epoch 106/120 => Loss 0.113, Loss_clf 0.004, Loss_fe 0.005, Loss_pod 0.089, Loss_flat 0.016, Train_accy 100.00, Test_accy 68.74
2024-09-02 19:56:16,576 [foster.py] => Task 1, Epoch 111/120 => Loss 0.116, Loss_clf 0.004, Loss_fe 0.005, Loss_pod 0.091, Loss_flat 0.016, Train_accy 100.00, Test_accy 68.31
2024-09-02 19:56:33,287 [foster.py] => Task 1, Epoch 116/120 => Loss 0.112, Loss_clf 0.004, Loss_fe 0.005, Loss_pod 0.087, Loss_flat 0.015, Train_accy 100.00, Test_accy 69.64
2024-09-02 19:56:45,675 [foster.py] => Task 1, Epoch 120/120 => Loss 0.112, Loss_clf 0.004, Loss_fe 0.005, Loss_pod 0.088, Loss_flat 0.016, Train_accy 100.00
2024-09-02 19:56:45,677 [inc_net.py] => align weights, gamma = 0.5628697872161865 
2024-09-02 19:56:45,679 [foster.py] => per cls weights : [1.01377356 1.01377356 1.01377356 1.01377356 1.01377356 0.96556609
 0.96556609]
2024-09-02 19:56:49,439 [foster.py] => SNet: Task 1, Epoch 1/80 => Loss 1.209,  Train_accy 72.51, Test_accy 61.36
2024-09-02 19:57:02,817 [foster.py] => SNet: Task 1, Epoch 6/80 => Loss 0.885,  Train_accy 96.67, Test_accy 72.71
2024-09-02 19:57:16,109 [foster.py] => SNet: Task 1, Epoch 11/80 => Loss 0.876,  Train_accy 97.22, Test_accy 75.07
2024-09-02 19:57:29,272 [foster.py] => SNet: Task 1, Epoch 16/80 => Loss 0.873,  Train_accy 97.38, Test_accy 75.26
2024-09-02 19:57:42,422 [foster.py] => SNet: Task 1, Epoch 21/80 => Loss 0.871,  Train_accy 97.80, Test_accy 74.81
2024-09-02 19:57:55,650 [foster.py] => SNet: Task 1, Epoch 26/80 => Loss 0.869,  Train_accy 97.73, Test_accy 75.50
2024-09-02 19:58:08,802 [foster.py] => SNet: Task 1, Epoch 31/80 => Loss 0.868,  Train_accy 97.78, Test_accy 74.86
2024-09-02 19:58:22,268 [foster.py] => SNet: Task 1, Epoch 36/80 => Loss 0.867,  Train_accy 97.80, Test_accy 76.64
2024-09-02 19:58:35,466 [foster.py] => SNet: Task 1, Epoch 41/80 => Loss 0.867,  Train_accy 97.82, Test_accy 76.45
2024-09-02 19:58:48,799 [foster.py] => SNet: Task 1, Epoch 46/80 => Loss 0.864,  Train_accy 97.82, Test_accy 75.81
2024-09-02 19:59:01,985 [foster.py] => SNet: Task 1, Epoch 51/80 => Loss 0.866,  Train_accy 98.07, Test_accy 76.57
2024-09-02 19:59:15,123 [foster.py] => SNet: Task 1, Epoch 56/80 => Loss 0.863,  Train_accy 98.09, Test_accy 77.02
2024-09-02 19:59:28,430 [foster.py] => SNet: Task 1, Epoch 61/80 => Loss 0.865,  Train_accy 98.20, Test_accy 77.26
2024-09-02 19:59:41,503 [foster.py] => SNet: Task 1, Epoch 66/80 => Loss 0.866,  Train_accy 98.11, Test_accy 77.17
2024-09-02 19:59:54,683 [foster.py] => SNet: Task 1, Epoch 71/80 => Loss 0.863,  Train_accy 98.24, Test_accy 76.40
2024-09-02 20:00:07,679 [foster.py] => SNet: Task 1, Epoch 76/80 => Loss 0.864,  Train_accy 98.18, Test_accy 76.86
2024-09-02 20:00:17,076 [foster.py] => SNet: Task 1, Epoch 80/80 => Loss 0.865,  Train_accy 98.16
2024-09-02 20:00:17,078 [inc_net.py] => align weights, gamma = 1.5286839008331299 
2024-09-02 20:00:18,461 [foster.py] => darknet eval: 
2024-09-02 20:00:18,461 [foster.py] => CNN top1 curve: 67.26
2024-09-02 20:00:18,461 [foster.py] => CNN top5 curve: 98.6
2024-09-02 20:00:18,462 [base.py] => Reducing exemplars...(71 per classes)
2024-09-02 20:00:21,891 [base.py] => Constructing exemplars...(71 per classes)
2024-09-02 20:00:29,306 [foster.py] => Exemplar size: 497
2024-09-02 20:00:29,306 [trainer.py] => CNN: {'total': 80.33, '00-04': 77.43, '05-06': 87.58, 'old': 77.43, 'new': 87.58}
2024-09-02 20:00:29,306 [trainer.py] => NME: {'total': 73.31, '00-04': 77.7, '05-06': 62.33, 'old': 77.7, 'new': 62.33}
2024-09-02 20:00:29,306 [trainer.py] => CNN top1 curve: [89.93, 80.33]
2024-09-02 20:00:29,306 [trainer.py] => CNN top5 curve: [100.0, 98.57]
2024-09-02 20:00:29,306 [trainer.py] => NME top1 curve: [90.0, 73.31]
2024-09-02 20:00:29,306 [trainer.py] => NME top5 curve: [100.0, 98.88]

2024-09-02 20:00:29,306 [trainer.py] => Average Accuracy (CNN): 85.13
2024-09-02 20:00:29,307 [trainer.py] => Average Accuracy (NME): 81.655
2024-09-02 20:00:29,307 [trainer.py] => All params: 7701139
2024-09-02 20:00:29,308 [trainer.py] => Trainable params: 3854670
2024-09-02 20:00:29,365 [foster.py] => Learning on 7-9
2024-09-02 20:00:29,366 [foster.py] => All params: 7705241
2024-09-02 20:00:29,366 [foster.py] => Trainable params: 3857746
2024-09-02 20:00:29,390 [foster.py] => Adaptive factor: 2.1213203435596424
2024-09-02 20:00:29,400 [foster.py] => per cls weights : [1.01239929 1.01239929 1.01239929 1.01239929 1.01239929 1.01239929
 1.01239929 0.95660248 0.95660248]
2024-09-02 20:00:34,404 [foster.py] => Task 2, Epoch 1/120 => Loss 2.210, Loss_clf 0.765, Loss_fe 0.685, Loss_pod 0.561, Loss_flat 0.198, Train_accy 84.83, Test_accy 68.37
2024-09-02 20:00:51,392 [foster.py] => Task 2, Epoch 6/120 => Loss 0.358, Loss_clf 0.010, Loss_fe 0.053, Loss_pod 0.247, Loss_flat 0.048, Train_accy 99.96, Test_accy 69.50
2024-09-02 20:01:08,467 [foster.py] => Task 2, Epoch 11/120 => Loss 0.244, Loss_clf 0.006, Loss_fe 0.015, Loss_pod 0.195, Loss_flat 0.029, Train_accy 100.00, Test_accy 68.13
2024-09-02 20:01:25,785 [foster.py] => Task 2, Epoch 16/120 => Loss 0.444, Loss_clf 0.018, Loss_fe 0.046, Loss_pod 0.314, Loss_flat 0.066, Train_accy 99.69, Test_accy 69.39
2024-09-02 20:01:43,104 [foster.py] => Task 2, Epoch 21/120 => Loss 0.310, Loss_clf 0.007, Loss_fe 0.012, Loss_pod 0.247, Loss_flat 0.044, Train_accy 99.98, Test_accy 69.30
2024-09-02 20:02:00,590 [foster.py] => Task 2, Epoch 26/120 => Loss 0.233, Loss_clf 0.005, Loss_fe 0.007, Loss_pod 0.193, Loss_flat 0.028, Train_accy 100.00, Test_accy 68.87
2024-09-02 20:02:17,665 [foster.py] => Task 2, Epoch 31/120 => Loss 0.413, Loss_clf 0.029, Loss_fe 0.040, Loss_pod 0.296, Loss_flat 0.048, Train_accy 99.33, Test_accy 69.80
2024-09-02 20:02:34,699 [foster.py] => Task 2, Epoch 36/120 => Loss 0.203, Loss_clf 0.004, Loss_fe 0.006, Loss_pod 0.171, Loss_flat 0.022, Train_accy 100.00, Test_accy 67.59
2024-09-02 20:02:51,988 [foster.py] => Task 2, Epoch 41/120 => Loss 0.199, Loss_clf 0.004, Loss_fe 0.006, Loss_pod 0.167, Loss_flat 0.021, Train_accy 100.00, Test_accy 68.50
2024-09-02 20:03:09,229 [foster.py] => Task 2, Epoch 46/120 => Loss 0.194, Loss_clf 0.009, Loss_fe 0.010, Loss_pod 0.156, Loss_flat 0.019, Train_accy 99.98, Test_accy 55.44
2024-09-02 20:03:26,514 [foster.py] => Task 2, Epoch 51/120 => Loss 0.223, Loss_clf 0.005, Loss_fe 0.006, Loss_pod 0.183, Loss_flat 0.029, Train_accy 100.00, Test_accy 69.87
2024-09-02 20:03:43,934 [foster.py] => Task 2, Epoch 56/120 => Loss 0.189, Loss_clf 0.006, Loss_fe 0.006, Loss_pod 0.157, Loss_flat 0.020, Train_accy 100.00, Test_accy 70.56
2024-09-02 20:04:01,065 [foster.py] => Task 2, Epoch 61/120 => Loss 0.179, Loss_clf 0.005, Loss_fe 0.007, Loss_pod 0.148, Loss_flat 0.019, Train_accy 100.00, Test_accy 71.04
2024-09-02 20:04:18,060 [foster.py] => Task 2, Epoch 66/120 => Loss 0.170, Loss_clf 0.004, Loss_fe 0.006, Loss_pod 0.143, Loss_flat 0.017, Train_accy 100.00, Test_accy 68.94
2024-09-02 20:04:35,334 [foster.py] => Task 2, Epoch 71/120 => Loss 0.174, Loss_clf 0.004, Loss_fe 0.005, Loss_pod 0.148, Loss_flat 0.017, Train_accy 100.00, Test_accy 68.59
2024-09-02 20:04:52,340 [foster.py] => Task 2, Epoch 76/120 => Loss 0.160, Loss_clf 0.004, Loss_fe 0.005, Loss_pod 0.135, Loss_flat 0.016, Train_accy 100.00, Test_accy 67.48
2024-09-02 20:05:09,481 [foster.py] => Task 2, Epoch 81/120 => Loss 0.157, Loss_clf 0.005, Loss_fe 0.006, Loss_pod 0.131, Loss_flat 0.016, Train_accy 100.00, Test_accy 66.87
2024-09-02 20:05:26,628 [foster.py] => Task 2, Epoch 86/120 => Loss 0.163, Loss_clf 0.004, Loss_fe 0.005, Loss_pod 0.136, Loss_flat 0.017, Train_accy 100.00, Test_accy 67.69
2024-09-02 20:05:43,718 [foster.py] => Task 2, Epoch 91/120 => Loss 0.147, Loss_clf 0.004, Loss_fe 0.005, Loss_pod 0.123, Loss_flat 0.015, Train_accy 100.00, Test_accy 66.94
2024-09-02 20:06:00,487 [foster.py] => Task 2, Epoch 96/120 => Loss 0.149, Loss_clf 0.004, Loss_fe 0.006, Loss_pod 0.124, Loss_flat 0.015, Train_accy 100.00, Test_accy 67.87
2024-09-02 20:06:17,631 [foster.py] => Task 2, Epoch 101/120 => Loss 0.145, Loss_clf 0.004, Loss_fe 0.005, Loss_pod 0.121, Loss_flat 0.015, Train_accy 100.00, Test_accy 68.96
2024-09-02 20:06:34,600 [foster.py] => Task 2, Epoch 106/120 => Loss 0.142, Loss_clf 0.004, Loss_fe 0.005, Loss_pod 0.119, Loss_flat 0.014, Train_accy 100.00, Test_accy 68.07
2024-09-02 20:06:51,750 [foster.py] => Task 2, Epoch 111/120 => Loss 0.135, Loss_clf 0.004, Loss_fe 0.005, Loss_pod 0.111, Loss_flat 0.015, Train_accy 100.00, Test_accy 68.80
2024-09-02 20:07:08,712 [foster.py] => Task 2, Epoch 116/120 => Loss 0.142, Loss_clf 0.004, Loss_fe 0.005, Loss_pod 0.118, Loss_flat 0.015, Train_accy 100.00, Test_accy 68.30
2024-09-02 20:07:21,041 [foster.py] => Task 2, Epoch 120/120 => Loss 0.140, Loss_clf 0.004, Loss_fe 0.005, Loss_pod 0.116, Loss_flat 0.015, Train_accy 100.00
2024-09-02 20:07:21,042 [inc_net.py] => align weights, gamma = 0.5966550707817078 
2024-09-02 20:07:21,044 [foster.py] => per cls weights : [1.02623168 1.02623168 1.02623168 1.02623168 1.02623168 1.02623168
 1.02623168 0.90818914 0.90818914]
2024-09-02 20:07:25,090 [foster.py] => SNet: Task 2, Epoch 1/80 => Loss 1.544,  Train_accy 75.72, Test_accy 45.78
2024-09-02 20:07:38,458 [foster.py] => SNet: Task 2, Epoch 6/80 => Loss 1.134,  Train_accy 98.47, Test_accy 71.56
2024-09-02 20:07:51,989 [foster.py] => SNet: Task 2, Epoch 11/80 => Loss 1.132,  Train_accy 98.47, Test_accy 72.20
2024-09-02 20:08:05,461 [foster.py] => SNet: Task 2, Epoch 16/80 => Loss 1.126,  Train_accy 98.80, Test_accy 73.44
2024-09-02 20:08:19,108 [foster.py] => SNet: Task 2, Epoch 21/80 => Loss 1.124,  Train_accy 98.87, Test_accy 73.07
2024-09-02 20:08:32,476 [foster.py] => SNet: Task 2, Epoch 26/80 => Loss 1.119,  Train_accy 99.04, Test_accy 74.94
2024-09-02 20:08:46,041 [foster.py] => SNet: Task 2, Epoch 31/80 => Loss 1.119,  Train_accy 99.00, Test_accy 75.85
2024-09-02 20:08:59,368 [foster.py] => SNet: Task 2, Epoch 36/80 => Loss 1.117,  Train_accy 99.15, Test_accy 76.07
2024-09-02 20:09:12,651 [foster.py] => SNet: Task 2, Epoch 41/80 => Loss 1.117,  Train_accy 99.24, Test_accy 75.78
2024-09-02 20:09:26,175 [foster.py] => SNet: Task 2, Epoch 46/80 => Loss 1.117,  Train_accy 99.27, Test_accy 76.19
2024-09-02 20:09:39,552 [foster.py] => SNet: Task 2, Epoch 51/80 => Loss 1.117,  Train_accy 99.13, Test_accy 76.06
2024-09-02 20:09:52,910 [foster.py] => SNet: Task 2, Epoch 56/80 => Loss 1.116,  Train_accy 99.09, Test_accy 75.91
2024-09-02 20:10:06,416 [foster.py] => SNet: Task 2, Epoch 61/80 => Loss 1.117,  Train_accy 98.93, Test_accy 75.98
2024-09-02 20:10:19,763 [foster.py] => SNet: Task 2, Epoch 66/80 => Loss 1.116,  Train_accy 99.20, Test_accy 76.31
2024-09-02 20:10:33,072 [foster.py] => SNet: Task 2, Epoch 71/80 => Loss 1.118,  Train_accy 99.33, Test_accy 76.56
2024-09-02 20:10:46,488 [foster.py] => SNet: Task 2, Epoch 76/80 => Loss 1.115,  Train_accy 99.22, Test_accy 76.37
2024-09-02 20:10:56,131 [foster.py] => SNet: Task 2, Epoch 80/80 => Loss 1.115,  Train_accy 99.27
2024-09-02 20:10:56,132 [inc_net.py] => align weights, gamma = 1.3429696559906006 
2024-09-02 20:10:57,625 [foster.py] => darknet eval: 
2024-09-02 20:10:57,625 [foster.py] => CNN top1 curve: 72.98
2024-09-02 20:10:57,625 [foster.py] => CNN top5 curve: 95.65
2024-09-02 20:10:57,627 [base.py] => Reducing exemplars...(55 per classes)
2024-09-02 20:11:02,281 [base.py] => Constructing exemplars...(55 per classes)
2024-09-02 20:11:09,456 [foster.py] => Exemplar size: 495
2024-09-02 20:11:09,456 [trainer.py] => CNN: {'total': 75.54, '00-04': 63.17, '05-06': 90.42, '07-08': 91.58, 'old': 70.95, 'new': 91.58}
2024-09-02 20:11:09,457 [trainer.py] => NME: {'total': 72.85, '00-04': 67.87, '05-06': 77.42, '07-08': 80.75, 'old': 70.6, 'new': 80.75}
2024-09-02 20:11:09,457 [trainer.py] => CNN top1 curve: [89.93, 80.33, 75.54]
2024-09-02 20:11:09,457 [trainer.py] => CNN top5 curve: [100.0, 98.57, 95.54]
2024-09-02 20:11:09,457 [trainer.py] => NME top1 curve: [90.0, 73.31, 72.85]
2024-09-02 20:11:09,457 [trainer.py] => NME top5 curve: [100.0, 98.88, 95.89]

2024-09-02 20:11:09,457 [trainer.py] => Average Accuracy (CNN): 81.93333333333334
2024-09-02 20:11:09,457 [trainer.py] => Average Accuracy (NME): 78.72
2024-09-02 20:11:09,457 [trainer.py] => Forgetting (CNN): 13.380000000000003
