2024-10-31 11:20:38,710 [trainer.py] => config: ./exps/der.json
2024-10-31 11:20:38,711 [trainer.py] => prefix: cil
2024-10-31 11:20:38,711 [trainer.py] => dataset: hrrp9
2024-10-31 11:20:38,711 [trainer.py] => memory_size: 100
2024-10-31 11:20:38,711 [trainer.py] => memory_per_class: 20
2024-10-31 11:20:38,711 [trainer.py] => fixed_memory: False
2024-10-31 11:20:38,711 [trainer.py] => shuffle: True
2024-10-31 11:20:38,711 [trainer.py] => init_cls: 5
2024-10-31 11:20:38,711 [trainer.py] => increment: 2
2024-10-31 11:20:38,711 [trainer.py] => model_name: der
2024-10-31 11:20:38,711 [trainer.py] => convnet_type: resnet18
2024-10-31 11:20:38,711 [trainer.py] => device: [device(type='cuda', index=1)]
2024-10-31 11:20:38,711 [trainer.py] => init_train: False
2024-10-31 11:20:38,712 [trainer.py] => seed2: [1993]
2024-10-31 11:20:38,712 [trainer.py] => convnet_path2: checkpoints/init_train/resnet18_42503.pth
2024-10-31 11:20:38,712 [trainer.py] => fc_path2: checkpoints/init_train/fc_42503.pth
2024-10-31 11:20:38,712 [trainer.py] => 1: [110]
2024-10-31 11:20:38,712 [trainer.py] => convnet_path1: checkpoints/init_train/resnet18_42871.pth
2024-10-31 11:20:38,712 [trainer.py] => fc_path1: checkpoints/init_train/fc_42871.pth
2024-10-31 11:20:38,712 [trainer.py] => seed: 2001
2024-10-31 11:20:38,712 [trainer.py] => convnet_path: checkpoints/init_train/resnet18_35172.pth
2024-10-31 11:20:38,712 [trainer.py] => fc_path: checkpoints/init_train/fc_35172.pth
2024-10-31 11:20:38,712 [trainer.py] => init_epoch: 0
2024-10-31 11:20:38,712 [trainer.py] => init_lr: 0.1
2024-10-31 11:20:38,712 [trainer.py] => init_milestones: [60, 120, 170]
2024-10-31 11:20:38,712 [trainer.py] => init_lr_decay: 0.1
2024-10-31 11:20:38,712 [trainer.py] => init_weight_decay: 0.0005
2024-10-31 11:20:38,712 [trainer.py] => epochs: 150
2024-10-31 11:20:38,712 [trainer.py] => lrate: 0.1
2024-10-31 11:20:38,713 [trainer.py] => milestones: [50, 80, 120]
2024-10-31 11:20:38,713 [trainer.py] => lrate_decay: 0.1
2024-10-31 11:20:38,713 [trainer.py] => batch_size: 128
2024-10-31 11:20:38,713 [trainer.py] => weight_decay: 0.0002
2024-10-31 11:20:38,713 [trainer.py] => num_workers: 8
2024-10-31 11:20:38,713 [trainer.py] => T: 2
2024-10-31 11:20:39,727 [data_manager.py] => [3, 5, 1, 7, 2, 8, 6, 4, 0]
2024-10-31 11:20:39,781 [trainer.py] => All params: 0
2024-10-31 11:20:39,782 [trainer.py] => Trainable params: 0
2024-10-31 11:20:40,430 [der.py] => Learning on 0-5
2024-10-31 11:20:40,431 [der.py] => All params: 3849547
2024-10-31 11:20:40,431 [der.py] => Trainable params: 3849547
2024-10-31 11:20:40,944 [der.py] => init_train?---False
2024-10-31 11:20:42,301 [base.py] => Reducing exemplars...(20 per classes)
2024-10-31 11:20:42,301 [base.py] => Constructing exemplars...(20 per classes)
2024-10-31 11:20:48,055 [trainer.py] => All params: 3849547
2024-10-31 11:20:49,615 [der.py] => Exemplar size: 100
2024-10-31 11:20:49,624 [trainer.py] => CNN: {'total': 90.13, '00-04': 90.13, 'old': 0, 'new': 90.13}
2024-10-31 11:20:49,624 [trainer.py] => NME: {'total': 89.53, '00-04': 89.53, 'old': 0, 'new': 89.53}
2024-10-31 11:20:49,624 [trainer.py] => CNN top1 curve: [90.13]
2024-10-31 11:20:49,624 [trainer.py] => CNN top5 curve: [100.0]
2024-10-31 11:20:49,625 [trainer.py] => NME top1 curve: [89.53]
2024-10-31 11:20:49,625 [trainer.py] => NME top5 curve: [100.0]

2024-10-31 11:20:49,625 [trainer.py] => Average Accuracy (CNN): 90.13
2024-10-31 11:20:49,625 [trainer.py] => Average Accuracy (NME): 89.53
2024-10-31 11:20:49,625 [trainer.py] => All params: 3849547
2024-10-31 11:20:49,626 [trainer.py] => Trainable params: 3849547
2024-10-31 11:20:49,814 [der.py] => Learning on 5-7
2024-10-31 11:20:49,815 [der.py] => All params: 7696522
2024-10-31 11:20:49,816 [der.py] => Trainable params: 3852618
2024-10-31 11:24:52,732 [der.py] => Task 1, Epoch 150/150 => Loss 0.091, Loss_clf 0.022, Loss_aux 0.069, Train_accy 99.68
2024-10-31 11:24:52,934 [base.py] => Reducing exemplars...(14 per classes)
2024-10-31 11:24:54,715 [base.py] => Constructing exemplars...(14 per classes)
2024-10-31 11:24:57,472 [trainer.py] => All params: 7696522
2024-10-31 11:24:59,633 [der.py] => Exemplar size: 98
2024-10-31 11:24:59,633 [trainer.py] => CNN: {'total': 64.55, '00-04': 54.33, '05-06': 90.08, 'old': 54.33, 'new': 90.08}
2024-10-31 11:24:59,633 [trainer.py] => NME: {'total': 80.07, '00-04': 82.6, '05-06': 73.75, 'old': 82.6, 'new': 73.75}
2024-10-31 11:24:59,633 [trainer.py] => CNN top1 curve: [90.13, 64.55]
2024-10-31 11:24:59,633 [trainer.py] => CNN top5 curve: [100.0, 99.48]
2024-10-31 11:24:59,633 [trainer.py] => NME top1 curve: [89.53, 80.07]
2024-10-31 11:24:59,633 [trainer.py] => NME top5 curve: [100.0, 99.52]

2024-10-31 11:24:59,633 [trainer.py] => Average Accuracy (CNN): 77.34
2024-10-31 11:24:59,634 [trainer.py] => Average Accuracy (NME): 84.8
2024-10-31 11:24:59,634 [trainer.py] => All params: 7696522
2024-10-31 11:24:59,635 [trainer.py] => Trainable params: 3852618
2024-10-31 11:24:59,811 [der.py] => Learning on 7-9
2024-10-31 11:24:59,813 [der.py] => All params: 11547084
2024-10-31 11:24:59,814 [der.py] => Trainable params: 3859276
2024-10-31 11:29:34,048 [der.py] => Task 2, Epoch 150/150 => Loss 0.108, Loss_clf 0.035, Loss_aux 0.074, Train_accy 99.10
2024-10-31 11:29:34,050 [base.py] => Reducing exemplars...(11 per classes)
2024-10-31 11:29:35,618 [base.py] => Constructing exemplars...(11 per classes)
2024-10-31 11:29:37,637 [trainer.py] => All params: 11547084
2024-10-31 11:29:39,701 [der.py] => Exemplar size: 99
2024-10-31 11:29:39,702 [trainer.py] => CNN: {'total': 57.3, '00-04': 54.63, '05-06': 35.83, '07-08': 85.42, 'old': 49.26, 'new': 85.42}
2024-10-31 11:29:39,702 [trainer.py] => NME: {'total': 70.33, '00-04': 76.97, '05-06': 62.08, '07-08': 62.0, 'old': 72.71, 'new': 62.0}
2024-10-31 11:29:39,702 [trainer.py] => CNN top1 curve: [90.13, 64.55, 57.3]
2024-10-31 11:29:39,702 [trainer.py] => CNN top5 curve: [100.0, 99.48, 97.26]
2024-10-31 11:29:39,702 [trainer.py] => NME top1 curve: [89.53, 80.07, 70.33]
2024-10-31 11:29:39,702 [trainer.py] => NME top5 curve: [100.0, 99.52, 97.28]

2024-10-31 11:29:39,702 [trainer.py] => Average Accuracy (CNN): 70.66000000000001
2024-10-31 11:29:39,702 [trainer.py] => Average Accuracy (NME): 79.97666666666667
2024-10-31 11:29:39,703 [trainer.py] => Forgetting (CNN): 44.875
