2025-04-07 21:08:48,071 [trainer.py] => config: ./exps/POD_foster.json
2025-04-07 21:08:48,072 [trainer.py] => prefix: cil
2025-04-07 21:08:48,072 [trainer.py] => dataset: hrrp9
2025-04-07 21:08:48,072 [trainer.py] => memory_size: 500
2025-04-07 21:08:48,072 [trainer.py] => memory_per_class: 20
2025-04-07 21:08:48,072 [trainer.py] => fixed_memory: False
2025-04-07 21:08:48,072 [trainer.py] => shuffle: True
2025-04-07 21:08:48,072 [trainer.py] => init_cls: 5
2025-04-07 21:08:48,072 [trainer.py] => increment: 2
2025-04-07 21:08:48,072 [trainer.py] => model_name: POD_foster
2025-04-07 21:08:48,072 [trainer.py] => convnet_type: resnet18
2025-04-07 21:08:48,072 [trainer.py] => init_train: False
2025-04-07 21:08:48,072 [trainer.py] => convnet_path1: checkpoints/init_train/resnet18_35172.pth
2025-04-07 21:08:48,072 [trainer.py] => fc_path1: checkpoints/init_train/fc_35172.pth
2025-04-07 21:08:48,072 [trainer.py] => convnet_path: checkpoints/init_train/resnet18_42503.pth
2025-04-07 21:08:48,072 [trainer.py] => fc_path: checkpoints/init_train/fc_42503.pth
2025-04-07 21:08:48,072 [trainer.py] => convnet_path2: checkpoints/init_train/resnet18_42871.pth
2025-04-07 21:08:48,073 [trainer.py] => fc_path2: checkpoints/init_train/fc_42871.pth
2025-04-07 21:08:48,073 [trainer.py] => device: [device(type='cuda', index=6)]
2025-04-07 21:08:48,073 [trainer.py] => seed: 1993
2025-04-07 21:08:48,073 [trainer.py] => beta1: 0.92
2025-04-07 21:08:48,073 [trainer.py] => beta2: 0.97
2025-04-07 21:08:48,073 [trainer.py] => oofc: ft
2025-04-07 21:08:48,073 [trainer.py] => is_teacher_wa: True
2025-04-07 21:08:48,073 [trainer.py] => is_student_wa: False
2025-04-07 21:08:48,073 [trainer.py] => is_teacher_la: True
2025-04-07 21:08:48,073 [trainer.py] => is_student_la: True
2025-04-07 21:08:48,073 [trainer.py] => lambda_okd: 0
2025-04-07 21:08:48,073 [trainer.py] => wa_value: 1
2025-04-07 21:08:48,073 [trainer.py] => init_epochs: 0
2025-04-07 21:08:48,073 [trainer.py] => init_lr: 0.1
2025-04-07 21:08:48,073 [trainer.py] => init_weight_decay: 0.0005
2025-04-07 21:08:48,073 [trainer.py] => boosting_epochs: 150
2025-04-07 21:08:48,073 [trainer.py] => compression_epochs: 120
2025-04-07 21:08:48,074 [trainer.py] => lr: 0.1
2025-04-07 21:08:48,074 [trainer.py] => batch_size: 128
2025-04-07 21:08:48,074 [trainer.py] => weight_decay: 0.0005
2025-04-07 21:08:48,074 [trainer.py] => num_workers: 8
2025-04-07 21:08:48,074 [trainer.py] => momentum: 0.9
2025-04-07 21:08:48,074 [trainer.py] => T: 2
2025-04-07 21:08:48,074 [trainer.py] => lambda_c_base: 0.8
2025-04-07 21:08:48,074 [trainer.py] => lambda_f_base: 1.0
2025-04-07 21:08:48,074 [trainer.py] => POD: w
2025-04-07 21:08:48,576 [data_manager.py] => [4, 2, 5, 0, 3, 6, 7, 8, 1]
2025-04-07 21:08:48,610 [trainer.py] => All params: 0
2025-04-07 21:08:48,611 [trainer.py] => Trainable params: 0
2025-04-07 21:08:50,780 [pod_foster.py] => Learning on 0-5
2025-04-07 21:08:50,780 [pod_foster.py] => All params: 3849034
2025-04-07 21:08:50,780 [pod_foster.py] => Trainable params: 3849034
2025-04-07 21:08:50,819 [pod_foster.py] => Adaptive factor: 0
2025-04-07 21:08:52,685 [pod_foster.py] => init_train?---False
2025-04-07 21:08:56,072 [base.py] => Reducing exemplars...(100 per classes)
2025-04-07 21:08:56,073 [base.py] => Constructing exemplars...(100 per classes)
2025-04-07 21:09:04,340 [trainer.py] => task:0 training time:15.73s
2025-04-07 21:09:04,341 [trainer.py] => All params: 3849034
2025-04-07 21:09:06,322 [pod_foster.py] => Exemplar size: 500
2025-04-07 21:09:06,322 [trainer.py] => CNN: {'total': 89.93, '00-04': 89.93, 'old': 0, 'new': 89.93}
2025-04-07 21:09:06,322 [trainer.py] => NME: {'total': 90.0, '00-04': 90.0, 'old': 0, 'new': 90.0}
2025-04-07 21:09:06,322 [trainer.py] => CNN top1 curve: [89.93]
2025-04-07 21:09:06,322 [trainer.py] => CNN top5 curve: [100.0]
2025-04-07 21:09:06,322 [trainer.py] => NME top1 curve: [90.0]
2025-04-07 21:09:06,322 [trainer.py] => NME top5 curve: [100.0]

2025-04-07 21:09:06,323 [trainer.py] => Average Accuracy (CNN): 89.93
2025-04-07 21:09:06,323 [trainer.py] => Average Accuracy (NME): 90.0
2025-04-07 21:09:06,323 [trainer.py] => All params: 3849034
2025-04-07 21:09:06,323 [trainer.py] => Trainable params: 3849034
2025-04-07 21:09:06,359 [pod_foster.py] => Learning on 5-7
2025-04-07 21:09:06,360 [pod_foster.py] => All params: 7701139
2025-04-07 21:09:06,361 [pod_foster.py] => Trainable params: 3854670
2025-04-07 21:09:06,376 [pod_foster.py] => Adaptive factor: 1.8708286933869707
2025-04-07 21:09:06,386 [pod_foster.py] => per cls weights : [1.00006835 1.00006835 1.00006835 1.00006835 1.00006835 0.99982912
 0.99982912]
2025-04-07 21:09:10,259 [pod_foster.py] => Task 1, Epoch 1/150 => Loss 1.178, Loss_clf 0.768, Loss_fe 0.000, Loss_pod 0.295, Loss_flat 0.114, Train_accy 81.69, Test_accy 65.07
2025-04-07 21:09:23,548 [pod_foster.py] => Task 1, Epoch 6/150 => Loss 0.213, Loss_clf 0.022, Loss_fe 0.000, Loss_pod 0.159, Loss_flat 0.032, Train_accy 99.93, Test_accy 68.33
2025-04-07 21:09:37,598 [pod_foster.py] => Task 1, Epoch 11/150 => Loss 0.211, Loss_clf 0.023, Loss_fe 0.000, Loss_pod 0.160, Loss_flat 0.027, Train_accy 99.67, Test_accy 69.17
2025-04-07 21:09:51,554 [pod_foster.py] => Task 1, Epoch 16/150 => Loss 0.166, Loss_clf 0.011, Loss_fe 0.000, Loss_pod 0.136, Loss_flat 0.019, Train_accy 100.00, Test_accy 66.79
2025-04-07 21:10:05,846 [pod_foster.py] => Task 1, Epoch 21/150 => Loss 0.168, Loss_clf 0.013, Loss_fe 0.000, Loss_pod 0.136, Loss_flat 0.019, Train_accy 99.98, Test_accy 68.45
2025-04-07 21:10:19,685 [pod_foster.py] => Task 1, Epoch 26/150 => Loss 0.256, Loss_clf 0.019, Loss_fe 0.000, Loss_pod 0.194, Loss_flat 0.042, Train_accy 99.89, Test_accy 67.88
2025-04-07 21:10:33,263 [pod_foster.py] => Task 1, Epoch 31/150 => Loss 0.176, Loss_clf 0.012, Loss_fe 0.000, Loss_pod 0.141, Loss_flat 0.022, Train_accy 100.00, Test_accy 69.05
2025-04-07 21:10:48,359 [pod_foster.py] => Task 1, Epoch 36/150 => Loss 0.153, Loss_clf 0.009, Loss_fe 0.000, Loss_pod 0.127, Loss_flat 0.017, Train_accy 100.00, Test_accy 64.93
2025-04-07 21:11:02,342 [pod_foster.py] => Task 1, Epoch 41/150 => Loss 0.142, Loss_clf 0.008, Loss_fe 0.000, Loss_pod 0.119, Loss_flat 0.015, Train_accy 100.00, Test_accy 66.17
2025-04-07 21:11:16,005 [pod_foster.py] => Task 1, Epoch 46/150 => Loss 0.143, Loss_clf 0.008, Loss_fe 0.000, Loss_pod 0.120, Loss_flat 0.015, Train_accy 100.00, Test_accy 65.90
2025-04-07 21:11:29,974 [pod_foster.py] => Task 1, Epoch 51/150 => Loss 0.144, Loss_clf 0.007, Loss_fe 0.000, Loss_pod 0.122, Loss_flat 0.015, Train_accy 100.00, Test_accy 65.14
2025-04-07 21:11:45,087 [pod_foster.py] => Task 1, Epoch 56/150 => Loss 0.134, Loss_clf 0.007, Loss_fe 0.000, Loss_pod 0.113, Loss_flat 0.014, Train_accy 100.00, Test_accy 65.14
2025-04-07 21:11:59,718 [pod_foster.py] => Task 1, Epoch 61/150 => Loss 0.145, Loss_clf 0.008, Loss_fe 0.000, Loss_pod 0.121, Loss_flat 0.016, Train_accy 100.00, Test_accy 64.64
2025-04-07 21:12:13,375 [pod_foster.py] => Task 1, Epoch 66/150 => Loss 0.139, Loss_clf 0.008, Loss_fe 0.000, Loss_pod 0.117, Loss_flat 0.014, Train_accy 100.00, Test_accy 65.29
2025-04-07 21:12:28,063 [pod_foster.py] => Task 1, Epoch 71/150 => Loss 0.134, Loss_clf 0.007, Loss_fe 0.000, Loss_pod 0.113, Loss_flat 0.014, Train_accy 100.00, Test_accy 66.55
2025-04-07 21:12:42,747 [pod_foster.py] => Task 1, Epoch 76/150 => Loss 0.126, Loss_clf 0.007, Loss_fe 0.000, Loss_pod 0.106, Loss_flat 0.013, Train_accy 100.00, Test_accy 65.71
2025-04-07 21:12:56,176 [pod_foster.py] => Task 1, Epoch 81/150 => Loss 0.121, Loss_clf 0.007, Loss_fe 0.000, Loss_pod 0.102, Loss_flat 0.012, Train_accy 100.00, Test_accy 68.31
2025-04-07 21:13:09,972 [pod_foster.py] => Task 1, Epoch 86/150 => Loss 0.124, Loss_clf 0.007, Loss_fe 0.000, Loss_pod 0.104, Loss_flat 0.013, Train_accy 100.00, Test_accy 65.24
2025-04-07 21:13:23,338 [pod_foster.py] => Task 1, Epoch 91/150 => Loss 0.115, Loss_clf 0.007, Loss_fe 0.000, Loss_pod 0.096, Loss_flat 0.012, Train_accy 100.00, Test_accy 65.17
2025-04-07 21:13:38,464 [pod_foster.py] => Task 1, Epoch 96/150 => Loss 0.112, Loss_clf 0.007, Loss_fe 0.000, Loss_pod 0.093, Loss_flat 0.012, Train_accy 100.00, Test_accy 67.14
2025-04-07 21:13:51,916 [pod_foster.py] => Task 1, Epoch 101/150 => Loss 0.107, Loss_clf 0.007, Loss_fe 0.000, Loss_pod 0.089, Loss_flat 0.011, Train_accy 100.00, Test_accy 66.17
2025-04-07 21:14:06,479 [pod_foster.py] => Task 1, Epoch 106/150 => Loss 0.105, Loss_clf 0.007, Loss_fe 0.000, Loss_pod 0.088, Loss_flat 0.011, Train_accy 100.00, Test_accy 66.90
2025-04-07 21:14:20,617 [pod_foster.py] => Task 1, Epoch 111/150 => Loss 0.104, Loss_clf 0.007, Loss_fe 0.000, Loss_pod 0.087, Loss_flat 0.011, Train_accy 100.00, Test_accy 65.38
2025-04-07 21:14:34,378 [pod_foster.py] => Task 1, Epoch 116/150 => Loss 0.101, Loss_clf 0.007, Loss_fe 0.000, Loss_pod 0.084, Loss_flat 0.010, Train_accy 100.00, Test_accy 67.05
2025-04-07 21:14:49,294 [pod_foster.py] => Task 1, Epoch 121/150 => Loss 0.094, Loss_clf 0.007, Loss_fe 0.000, Loss_pod 0.078, Loss_flat 0.010, Train_accy 100.00, Test_accy 65.50
2025-04-07 21:15:03,345 [pod_foster.py] => Task 1, Epoch 126/150 => Loss 0.094, Loss_clf 0.007, Loss_fe 0.000, Loss_pod 0.078, Loss_flat 0.010, Train_accy 100.00, Test_accy 65.33
2025-04-07 21:15:16,662 [pod_foster.py] => Task 1, Epoch 131/150 => Loss 0.093, Loss_clf 0.006, Loss_fe 0.000, Loss_pod 0.076, Loss_flat 0.010, Train_accy 100.00, Test_accy 64.40
2025-04-07 21:15:30,053 [pod_foster.py] => Task 1, Epoch 136/150 => Loss 0.087, Loss_clf 0.006, Loss_fe 0.000, Loss_pod 0.071, Loss_flat 0.009, Train_accy 100.00, Test_accy 66.17
2025-04-07 21:15:44,787 [pod_foster.py] => Task 1, Epoch 141/150 => Loss 0.086, Loss_clf 0.007, Loss_fe 0.000, Loss_pod 0.070, Loss_flat 0.010, Train_accy 100.00, Test_accy 65.48
2025-04-07 21:15:58,702 [pod_foster.py] => Task 1, Epoch 146/150 => Loss 0.091, Loss_clf 0.007, Loss_fe 0.000, Loss_pod 0.075, Loss_flat 0.009, Train_accy 100.00, Test_accy 66.31
2025-04-07 21:16:08,457 [pod_foster.py] => Task 1, time 2.72s, Epoch 150/150 => Loss 0.088, Loss_clf 0.007, Loss_fe 0.000, Loss_pod 0.071, Loss_flat 0.010, Train_accy 100.00
2025-04-07 21:16:08,457 [pod_foster.py] => 100 epoches training time:281.75s
2025-04-07 21:16:08,457 [pod_foster.py] => Average training time of single epoch:2.53s
2025-04-07 21:16:08,458 [inc_net.py] => align weights, gamma = 0.47581416368484497 
2025-04-07 21:16:08,459 [pod_foster.py] => per cls weights : [1.01377356 1.01377356 1.01377356 1.01377356 1.01377356 0.96556609
 0.96556609]
2025-04-07 21:16:12,163 [pod_foster.py] => SNet: Task 1, Epoch 1/120 => Loss 1.345,  Train_accy 70.38, Test_accy 62.57
2025-04-07 21:16:24,035 [pod_foster.py] => SNet: Task 1, Epoch 6/120 => Loss 1.068,  Train_accy 96.76, Test_accy 75.29
2025-04-07 21:16:36,333 [pod_foster.py] => SNet: Task 1, Epoch 11/120 => Loss 1.058,  Train_accy 97.58, Test_accy 74.76
2025-04-07 21:16:48,359 [pod_foster.py] => SNet: Task 1, Epoch 16/120 => Loss 1.053,  Train_accy 97.47, Test_accy 78.74
2025-04-07 21:17:00,052 [pod_foster.py] => SNet: Task 1, Epoch 21/120 => Loss 1.053,  Train_accy 97.69, Test_accy 78.55
2025-04-07 21:17:11,965 [pod_foster.py] => SNet: Task 1, Epoch 26/120 => Loss 1.049,  Train_accy 97.71, Test_accy 77.67
2025-04-07 21:17:23,915 [pod_foster.py] => SNet: Task 1, Epoch 31/120 => Loss 1.051,  Train_accy 97.67, Test_accy 78.79
2025-04-07 21:17:35,923 [pod_foster.py] => SNet: Task 1, Epoch 36/120 => Loss 1.051,  Train_accy 97.98, Test_accy 78.40
2025-04-07 21:17:48,005 [pod_foster.py] => SNet: Task 1, Epoch 41/120 => Loss 1.045,  Train_accy 97.98, Test_accy 78.33
2025-04-07 21:18:00,727 [pod_foster.py] => SNet: Task 1, Epoch 46/120 => Loss 1.048,  Train_accy 98.24, Test_accy 78.19
2025-04-07 21:18:12,309 [pod_foster.py] => SNet: Task 1, Epoch 51/120 => Loss 1.046,  Train_accy 98.16, Test_accy 79.02
2025-04-07 21:18:24,962 [pod_foster.py] => SNet: Task 1, Epoch 56/120 => Loss 1.045,  Train_accy 98.02, Test_accy 79.26
2025-04-07 21:18:36,680 [pod_foster.py] => SNet: Task 1, Epoch 61/120 => Loss 1.046,  Train_accy 97.73, Test_accy 78.10
2025-04-07 21:18:48,504 [pod_foster.py] => SNet: Task 1, Epoch 66/120 => Loss 1.047,  Train_accy 98.13, Test_accy 77.60
2025-04-07 21:19:00,743 [pod_foster.py] => SNet: Task 1, Epoch 71/120 => Loss 1.047,  Train_accy 97.98, Test_accy 79.05
2025-04-07 21:19:13,239 [pod_foster.py] => SNet: Task 1, Epoch 76/120 => Loss 1.046,  Train_accy 97.96, Test_accy 78.45
2025-04-07 21:19:25,915 [pod_foster.py] => SNet: Task 1, Epoch 81/120 => Loss 1.043,  Train_accy 98.16, Test_accy 78.38
2025-04-07 21:19:37,846 [pod_foster.py] => SNet: Task 1, Epoch 86/120 => Loss 1.046,  Train_accy 98.18, Test_accy 78.26
2025-04-07 21:19:49,804 [pod_foster.py] => SNet: Task 1, Epoch 91/120 => Loss 1.047,  Train_accy 98.40, Test_accy 78.90
2025-04-07 21:20:01,969 [pod_foster.py] => SNet: Task 1, Epoch 96/120 => Loss 1.044,  Train_accy 98.33, Test_accy 78.00
2025-04-07 21:20:13,513 [pod_foster.py] => SNet: Task 1, Epoch 101/120 => Loss 1.044,  Train_accy 98.27, Test_accy 78.79
2025-04-07 21:20:25,213 [pod_foster.py] => SNet: Task 1, Epoch 106/120 => Loss 1.045,  Train_accy 98.27, Test_accy 78.62
2025-04-07 21:20:37,221 [pod_foster.py] => SNet: Task 1, Epoch 111/120 => Loss 1.045,  Train_accy 98.40, Test_accy 79.14
2025-04-07 21:20:48,665 [pod_foster.py] => SNet: Task 1, Epoch 116/120 => Loss 1.045,  Train_accy 98.20, Test_accy 78.50
2025-04-07 21:20:56,953 [pod_foster.py] => SNet: Task 1, Epoch 120/120 => Loss 1.044,  Train_accy 98.27
2025-04-07 21:20:56,953 [pod_foster.py] => do not weight align student!
2025-04-07 21:20:58,052 [pod_foster.py] => darknet eval: 
2025-04-07 21:20:58,052 [pod_foster.py] => CNN top1 curve: 78.6
2025-04-07 21:20:58,052 [pod_foster.py] => CNN top5 curve: 98.74
2025-04-07 21:20:58,052 [pod_foster.py] => CNN: {'total': 78.6, '00-04': 74.33, '05-06': 89.25, 'old': 74.33, 'new': 89.25}
2025-04-07 21:20:58,053 [pod_foster.py] => All params after compression: 3851086
2025-04-07 21:20:58,053 [base.py] => Reducing exemplars...(71 per classes)
2025-04-07 21:21:00,272 [base.py] => Constructing exemplars...(71 per classes)
2025-04-07 21:21:04,155 [trainer.py] => task:1 training time:717.83s
2025-04-07 21:21:04,156 [trainer.py] => All params: 7701139
2025-04-07 21:21:06,803 [pod_foster.py] => Exemplar size: 497
2025-04-07 21:21:06,804 [trainer.py] => CNN: {'total': 79.86, '00-04': 77.4, '05-06': 86.0, 'old': 77.4, 'new': 86.0}
2025-04-07 21:21:06,804 [trainer.py] => NME: {'total': 73.79, '00-04': 74.73, '05-06': 71.42, 'old': 74.73, 'new': 71.42}
2025-04-07 21:21:06,804 [trainer.py] => CNN top1 curve: [89.93, 79.86]
2025-04-07 21:21:06,804 [trainer.py] => CNN top5 curve: [100.0, 98.9]
2025-04-07 21:21:06,804 [trainer.py] => NME top1 curve: [90.0, 73.79]
2025-04-07 21:21:06,804 [trainer.py] => NME top5 curve: [100.0, 99.14]

2025-04-07 21:21:06,804 [trainer.py] => Average Accuracy (CNN): 84.89500000000001
2025-04-07 21:21:06,804 [trainer.py] => Average Accuracy (NME): 81.89500000000001
2025-04-07 21:21:06,805 [trainer.py] => All params: 7701139
2025-04-07 21:21:06,805 [trainer.py] => Trainable params: 3854670
2025-04-07 21:21:06,867 [pod_foster.py] => Learning on 7-9
2025-04-07 21:21:06,868 [pod_foster.py] => All params: 7705241
2025-04-07 21:21:06,869 [pod_foster.py] => Trainable params: 3857746
2025-04-07 21:21:06,907 [pod_foster.py] => Adaptive factor: 2.1213203435596424
2025-04-07 21:21:06,918 [pod_foster.py] => per cls weights : [1.00059701 1.00059701 1.00059701 1.00059701 1.00059701 1.00059701
 1.00059701 0.99791046 0.99791046]
2025-04-07 21:21:11,231 [pod_foster.py] => Task 2, Epoch 1/150 => Loss 1.143, Loss_clf 0.612, Loss_fe 0.000, Loss_pod 0.392, Loss_flat 0.139, Train_accy 85.12, Test_accy 66.06
2025-04-07 21:21:24,777 [pod_foster.py] => Task 2, Epoch 6/150 => Loss 0.236, Loss_clf 0.017, Loss_fe 0.000, Loss_pod 0.191, Loss_flat 0.028, Train_accy 99.98, Test_accy 59.30
2025-04-07 21:21:38,259 [pod_foster.py] => Task 2, Epoch 11/150 => Loss 0.209, Loss_clf 0.014, Loss_fe 0.000, Loss_pod 0.173, Loss_flat 0.023, Train_accy 100.00, Test_accy 59.26
2025-04-07 21:21:51,837 [pod_foster.py] => Task 2, Epoch 16/150 => Loss 0.211, Loss_clf 0.010, Loss_fe 0.000, Loss_pod 0.177, Loss_flat 0.023, Train_accy 99.98, Test_accy 61.06
2025-04-07 21:22:04,980 [pod_foster.py] => Task 2, Epoch 21/150 => Loss 0.190, Loss_clf 0.009, Loss_fe 0.000, Loss_pod 0.162, Loss_flat 0.019, Train_accy 99.98, Test_accy 66.04
2025-04-07 21:22:19,786 [pod_foster.py] => Task 2, Epoch 26/150 => Loss 0.196, Loss_clf 0.011, Loss_fe 0.000, Loss_pod 0.164, Loss_flat 0.021, Train_accy 99.96, Test_accy 58.13
2025-04-07 21:22:34,591 [pod_foster.py] => Task 2, Epoch 31/150 => Loss 0.203, Loss_clf 0.009, Loss_fe 0.000, Loss_pod 0.171, Loss_flat 0.023, Train_accy 99.98, Test_accy 64.72
2025-04-07 21:22:47,950 [pod_foster.py] => Task 2, Epoch 36/150 => Loss 0.179, Loss_clf 0.008, Loss_fe 0.000, Loss_pod 0.154, Loss_flat 0.017, Train_accy 100.00, Test_accy 62.30
2025-04-07 21:23:02,487 [pod_foster.py] => Task 2, Epoch 41/150 => Loss 0.190, Loss_clf 0.010, Loss_fe 0.000, Loss_pod 0.157, Loss_flat 0.023, Train_accy 100.00, Test_accy 65.41
2025-04-07 21:23:15,280 [pod_foster.py] => Task 2, Epoch 46/150 => Loss 0.179, Loss_clf 0.007, Loss_fe 0.000, Loss_pod 0.154, Loss_flat 0.018, Train_accy 100.00, Test_accy 64.17
2025-04-07 21:23:28,447 [pod_foster.py] => Task 2, Epoch 51/150 => Loss 0.166, Loss_clf 0.008, Loss_fe 0.000, Loss_pod 0.142, Loss_flat 0.016, Train_accy 100.00, Test_accy 64.15
2025-04-07 21:23:42,877 [pod_foster.py] => Task 2, Epoch 56/150 => Loss 0.166, Loss_clf 0.009, Loss_fe 0.000, Loss_pod 0.141, Loss_flat 0.016, Train_accy 100.00, Test_accy 60.56
2025-04-07 21:23:57,046 [pod_foster.py] => Task 2, Epoch 61/150 => Loss 0.160, Loss_clf 0.008, Loss_fe 0.000, Loss_pod 0.136, Loss_flat 0.016, Train_accy 100.00, Test_accy 64.96
2025-04-07 21:24:11,075 [pod_foster.py] => Task 2, Epoch 66/150 => Loss 0.169, Loss_clf 0.008, Loss_fe 0.000, Loss_pod 0.144, Loss_flat 0.017, Train_accy 100.00, Test_accy 67.04
2025-04-07 21:24:25,632 [pod_foster.py] => Task 2, Epoch 71/150 => Loss 0.182, Loss_clf 0.011, Loss_fe 0.000, Loss_pod 0.152, Loss_flat 0.020, Train_accy 99.91, Test_accy 64.63
2025-04-07 21:24:39,485 [pod_foster.py] => Task 2, Epoch 76/150 => Loss 0.150, Loss_clf 0.008, Loss_fe 0.000, Loss_pod 0.128, Loss_flat 0.014, Train_accy 100.00, Test_accy 64.59
2025-04-07 21:24:53,805 [pod_foster.py] => Task 2, Epoch 81/150 => Loss 0.165, Loss_clf 0.011, Loss_fe 0.000, Loss_pod 0.137, Loss_flat 0.018, Train_accy 99.98, Test_accy 65.50
2025-04-07 21:25:07,524 [pod_foster.py] => Task 2, Epoch 86/150 => Loss 0.144, Loss_clf 0.007, Loss_fe 0.000, Loss_pod 0.123, Loss_flat 0.013, Train_accy 100.00, Test_accy 62.76
2025-04-07 21:25:21,298 [pod_foster.py] => Task 2, Epoch 91/150 => Loss 0.138, Loss_clf 0.007, Loss_fe 0.000, Loss_pod 0.118, Loss_flat 0.013, Train_accy 100.00, Test_accy 63.26
2025-04-07 21:25:35,011 [pod_foster.py] => Task 2, Epoch 96/150 => Loss 0.131, Loss_clf 0.007, Loss_fe 0.000, Loss_pod 0.112, Loss_flat 0.012, Train_accy 100.00, Test_accy 62.31
2025-04-07 21:25:48,785 [pod_foster.py] => Task 2, Epoch 101/150 => Loss 0.139, Loss_clf 0.007, Loss_fe 0.000, Loss_pod 0.119, Loss_flat 0.012, Train_accy 100.00, Test_accy 62.39
2025-04-07 21:26:02,439 [pod_foster.py] => Task 2, Epoch 106/150 => Loss 0.129, Loss_clf 0.008, Loss_fe 0.000, Loss_pod 0.108, Loss_flat 0.013, Train_accy 100.00, Test_accy 63.17
2025-04-07 21:26:16,857 [pod_foster.py] => Task 2, Epoch 111/150 => Loss 0.125, Loss_clf 0.007, Loss_fe 0.000, Loss_pod 0.106, Loss_flat 0.012, Train_accy 100.00, Test_accy 62.78
2025-04-07 21:26:31,419 [pod_foster.py] => Task 2, Epoch 116/150 => Loss 0.125, Loss_clf 0.009, Loss_fe 0.000, Loss_pod 0.105, Loss_flat 0.011, Train_accy 100.00, Test_accy 61.41
2025-04-07 21:26:46,329 [pod_foster.py] => Task 2, Epoch 121/150 => Loss 0.116, Loss_clf 0.007, Loss_fe 0.000, Loss_pod 0.098, Loss_flat 0.011, Train_accy 100.00, Test_accy 63.91
2025-04-07 21:27:00,534 [pod_foster.py] => Task 2, Epoch 126/150 => Loss 0.116, Loss_clf 0.007, Loss_fe 0.000, Loss_pod 0.099, Loss_flat 0.011, Train_accy 100.00, Test_accy 64.31
2025-04-07 21:27:14,804 [pod_foster.py] => Task 2, Epoch 131/150 => Loss 0.108, Loss_clf 0.007, Loss_fe 0.000, Loss_pod 0.091, Loss_flat 0.011, Train_accy 100.00, Test_accy 63.98
2025-04-07 21:27:28,717 [pod_foster.py] => Task 2, Epoch 136/150 => Loss 0.106, Loss_clf 0.007, Loss_fe 0.000, Loss_pod 0.089, Loss_flat 0.010, Train_accy 100.00, Test_accy 64.67
2025-04-07 21:27:42,525 [pod_foster.py] => Task 2, Epoch 141/150 => Loss 0.101, Loss_clf 0.007, Loss_fe 0.000, Loss_pod 0.085, Loss_flat 0.010, Train_accy 100.00, Test_accy 64.26
2025-04-07 21:27:56,569 [pod_foster.py] => Task 2, Epoch 146/150 => Loss 0.104, Loss_clf 0.007, Loss_fe 0.000, Loss_pod 0.087, Loss_flat 0.010, Train_accy 100.00, Test_accy 61.57
2025-04-07 21:28:06,575 [pod_foster.py] => Task 2, time 2.55s, Epoch 150/150 => Loss 0.097, Loss_clf 0.006, Loss_fe 0.000, Loss_pod 0.081, Loss_flat 0.009, Train_accy 100.00
2025-04-07 21:28:06,575 [pod_foster.py] => 100 epoches training time:277.62s
2025-04-07 21:28:06,575 [pod_foster.py] => Average training time of single epoch:2.47s
2025-04-07 21:28:06,576 [inc_net.py] => align weights, gamma = 0.48978880047798157 
2025-04-07 21:28:06,577 [pod_foster.py] => per cls weights : [1.02623168 1.02623168 1.02623168 1.02623168 1.02623168 1.02623168
 1.02623168 0.90818914 0.90818914]
2025-04-07 21:28:10,304 [pod_foster.py] => SNet: Task 2, Epoch 1/120 => Loss 1.609,  Train_accy 76.85, Test_accy 49.69
2025-04-07 21:28:21,737 [pod_foster.py] => SNet: Task 2, Epoch 6/120 => Loss 1.352,  Train_accy 98.31, Test_accy 71.67
2025-04-07 21:28:33,788 [pod_foster.py] => SNet: Task 2, Epoch 11/120 => Loss 1.344,  Train_accy 98.73, Test_accy 74.61
2025-04-07 21:28:46,763 [pod_foster.py] => SNet: Task 2, Epoch 16/120 => Loss 1.343,  Train_accy 98.84, Test_accy 74.20
2025-04-07 21:28:58,446 [pod_foster.py] => SNet: Task 2, Epoch 21/120 => Loss 1.343,  Train_accy 98.87, Test_accy 74.89
2025-04-07 21:29:10,408 [pod_foster.py] => SNet: Task 2, Epoch 26/120 => Loss 1.343,  Train_accy 98.93, Test_accy 76.43
2025-04-07 21:29:22,624 [pod_foster.py] => SNet: Task 2, Epoch 31/120 => Loss 1.339,  Train_accy 98.91, Test_accy 76.33
2025-04-07 21:29:34,602 [pod_foster.py] => SNet: Task 2, Epoch 36/120 => Loss 1.340,  Train_accy 99.24, Test_accy 77.19
2025-04-07 21:29:46,632 [pod_foster.py] => SNet: Task 2, Epoch 41/120 => Loss 1.336,  Train_accy 99.09, Test_accy 76.48
2025-04-07 21:29:58,769 [pod_foster.py] => SNet: Task 2, Epoch 46/120 => Loss 1.338,  Train_accy 99.31, Test_accy 75.78
2025-04-07 21:30:11,083 [pod_foster.py] => SNet: Task 2, Epoch 51/120 => Loss 1.339,  Train_accy 99.13, Test_accy 75.69
2025-04-07 21:30:23,391 [pod_foster.py] => SNet: Task 2, Epoch 56/120 => Loss 1.338,  Train_accy 99.31, Test_accy 75.98
2025-04-07 21:30:35,371 [pod_foster.py] => SNet: Task 2, Epoch 61/120 => Loss 1.339,  Train_accy 99.00, Test_accy 75.69
2025-04-07 21:30:47,710 [pod_foster.py] => SNet: Task 2, Epoch 66/120 => Loss 1.339,  Train_accy 99.36, Test_accy 75.65
2025-04-07 21:30:59,601 [pod_foster.py] => SNet: Task 2, Epoch 71/120 => Loss 1.339,  Train_accy 99.22, Test_accy 75.83
2025-04-07 21:31:11,467 [pod_foster.py] => SNet: Task 2, Epoch 76/120 => Loss 1.339,  Train_accy 99.29, Test_accy 75.87
2025-04-07 21:31:23,225 [pod_foster.py] => SNet: Task 2, Epoch 81/120 => Loss 1.339,  Train_accy 99.27, Test_accy 75.61
2025-04-07 21:31:35,359 [pod_foster.py] => SNet: Task 2, Epoch 86/120 => Loss 1.334,  Train_accy 99.40, Test_accy 75.09
2025-04-07 21:31:46,286 [pod_foster.py] => SNet: Task 2, Epoch 91/120 => Loss 1.338,  Train_accy 99.24, Test_accy 75.96
2025-04-07 21:31:57,356 [pod_foster.py] => SNet: Task 2, Epoch 96/120 => Loss 1.338,  Train_accy 99.44, Test_accy 75.30
2025-04-07 21:32:07,600 [pod_foster.py] => SNet: Task 2, Epoch 101/120 => Loss 1.336,  Train_accy 99.40, Test_accy 75.85
2025-04-07 21:32:18,734 [pod_foster.py] => SNet: Task 2, Epoch 106/120 => Loss 1.337,  Train_accy 99.31, Test_accy 75.63
2025-04-07 21:32:29,542 [pod_foster.py] => SNet: Task 2, Epoch 111/120 => Loss 1.336,  Train_accy 99.24, Test_accy 76.00
2025-04-07 21:32:40,282 [pod_foster.py] => SNet: Task 2, Epoch 116/120 => Loss 1.338,  Train_accy 99.20, Test_accy 75.46
2025-04-07 21:32:47,847 [pod_foster.py] => SNet: Task 2, Epoch 120/120 => Loss 1.337,  Train_accy 99.20
2025-04-07 21:32:47,848 [pod_foster.py] => do not weight align student!
2025-04-07 21:32:49,094 [pod_foster.py] => darknet eval: 
2025-04-07 21:32:49,094 [pod_foster.py] => CNN top1 curve: 76.3
2025-04-07 21:32:49,094 [pod_foster.py] => CNN top5 curve: 97.41
2025-04-07 21:32:49,094 [pod_foster.py] => CNN: {'total': 76.3, '00-04': 65.3, '05-06': 86.0, '07-08': 94.08, 'old': 71.21, 'new': 94.08}
2025-04-07 21:32:49,095 [pod_foster.py] => All params after compression: 3853138
2025-04-07 21:32:49,096 [base.py] => Reducing exemplars...(55 per classes)
2025-04-07 21:32:51,991 [base.py] => Constructing exemplars...(55 per classes)
2025-04-07 21:32:55,541 [trainer.py] => task:2 training time:708.74s
2025-04-07 21:32:55,542 [trainer.py] => All params: 7705241
2025-04-07 21:32:58,231 [pod_foster.py] => Exemplar size: 495
2025-04-07 21:32:58,232 [trainer.py] => CNN: {'total': 73.96, '00-04': 60.2, '05-06': 91.5, '07-08': 90.83, 'old': 69.14, 'new': 90.83}
2025-04-07 21:32:58,232 [trainer.py] => NME: {'total': 73.37, '00-04': 62.17, '05-06': 83.33, '07-08': 91.42, 'old': 68.21, 'new': 91.42}
2025-04-07 21:32:58,232 [trainer.py] => CNN top1 curve: [89.93, 79.86, 73.96]
2025-04-07 21:32:58,232 [trainer.py] => CNN top5 curve: [100.0, 98.9, 96.94]
2025-04-07 21:32:58,232 [trainer.py] => NME top1 curve: [90.0, 73.79, 73.37]
2025-04-07 21:32:58,232 [trainer.py] => NME top5 curve: [100.0, 99.14, 96.81]

2025-04-07 21:32:58,232 [trainer.py] => Average Accuracy (CNN): 81.25
2025-04-07 21:32:58,232 [trainer.py] => Average Accuracy (NME): 79.05333333333334
2025-04-07 21:32:58,232 [trainer.py] => Time consumed in all training process:1449.62s
2025-04-07 21:32:58,232 [trainer.py] => Average Time consumed in single task:480.77s
2025-04-07 21:32:58,233 [trainer.py] => Forgetting (CNN): 14.865000000000002
