2025-12-27 17:36:53,600 [trainer.py] => config: ./exps/bic.json
2025-12-27 17:36:53,600 [trainer.py] => prefix: EFCIL
2025-12-27 17:36:53,600 [trainer.py] => dataset: hrrp9
2025-12-27 17:36:53,600 [trainer.py] => memory_size: 0
2025-12-27 17:36:53,600 [trainer.py] => memory_per_class: 20
2025-12-27 17:36:53,600 [trainer.py] => fixed_memory: False
2025-12-27 17:36:53,600 [trainer.py] => shuffle: True
2025-12-27 17:36:53,600 [trainer.py] => init_cls: 5
2025-12-27 17:36:53,600 [trainer.py] => increment: 2
2025-12-27 17:36:53,600 [trainer.py] => model_name: bic
2025-12-27 17:36:53,600 [trainer.py] => convnet_type: resnet18
2025-12-27 17:36:53,601 [trainer.py] => device: [device(type='cuda', index=0)]
2025-12-27 17:36:53,601 [trainer.py] => init_train: False
2025-12-27 17:36:53,601 [trainer.py] => convnet_path: checkpoints/init_train/resnet18_42503.pth
2025-12-27 17:36:53,601 [trainer.py] => fc_path: checkpoints/init_train/fc_42503.pth
2025-12-27 17:36:53,601 [trainer.py] => convnet_path2: checkpoints/init_train/resnet18_35172.pth
2025-12-27 17:36:53,601 [trainer.py] => fc_path2: checkpoints/init_train/fc_35172.pth
2025-12-27 17:36:53,601 [trainer.py] => convnet_path1: checkpoints/init_train/resnet18_42871.pth
2025-12-27 17:36:53,601 [trainer.py] => fc_path1: checkpoints/init_train/fc_42871.pth
2025-12-27 17:36:53,601 [trainer.py] => seed: 1993
2025-12-27 17:36:53,601 [trainer.py] => init_epochs: 0
2025-12-27 17:36:53,601 [trainer.py] => epochs: 150
2025-12-27 17:36:53,601 [trainer.py] => lrate: 0.1
2025-12-27 17:36:53,601 [trainer.py] => milestones: [50, 80, 120]
2025-12-27 17:36:53,601 [trainer.py] => lrate_decay: 0.1
2025-12-27 17:36:53,602 [trainer.py] => momentum: 0.9
2025-12-27 17:36:53,602 [trainer.py] => batch_size: 128
2025-12-27 17:36:53,602 [trainer.py] => split_ratio: 0.1
2025-12-27 17:36:53,602 [trainer.py] => weight_decay: 0.0002
2025-12-27 17:36:53,602 [trainer.py] => num_workers: 0
2025-12-27 17:36:53,602 [trainer.py] => T: 2
2025-12-27 17:36:53,602 [trainer.py] => bc_lrate: 0.001
2025-12-27 17:36:53,602 [trainer.py] => bc_epochs: [100, 6, 6]
2025-12-27 17:36:54,317 [data_manager.py] => [4, 2, 5, 0, 3, 6, 7, 8, 1]
2025-12-27 17:36:54,698 [trainer.py] => All params: 3843904
2025-12-27 17:36:54,699 [trainer.py] => Trainable params: 3843904
2025-12-27 17:36:54,723 [bic.py] => Learning on 0-5
2025-12-27 17:36:54,819 [bic.py] => Parameters of bias layer:
2025-12-27 17:36:54,820 [bic.py] => 0 => 1.000, 0.000
2025-12-27 17:36:54,822 [bic.py] => Average training time of single epoch:0.00s
2025-12-27 17:36:54,822 [base.py] => Reducing exemplars...(0 per classes)
2025-12-27 17:36:54,822 [base.py] => Constructing exemplars...(0 per classes)
