2024-09-25 20:50:07,194 [trainer.py] => config: ./exps/icarl.json
2024-09-25 20:50:07,194 [trainer.py] => prefix: cil
2024-09-25 20:50:07,194 [trainer.py] => dataset: hrrp9
2024-09-25 20:50:07,194 [trainer.py] => memory_size: 500
2024-09-25 20:50:07,194 [trainer.py] => memory_per_class: 20
2024-09-25 20:50:07,194 [trainer.py] => fixed_memory: False
2024-09-25 20:50:07,194 [trainer.py] => shuffle: True
2024-09-25 20:50:07,195 [trainer.py] => init_cls: 5
2024-09-25 20:50:07,195 [trainer.py] => increment: 2
2024-09-25 20:50:07,195 [trainer.py] => model_name: icarl
2024-09-25 20:50:07,195 [trainer.py] => convnet_type: resnet18
2024-09-25 20:50:07,195 [trainer.py] => device: [device(type='cuda', index=3)]
2024-09-25 20:50:07,195 [trainer.py] => init_train: False
2024-09-25 20:50:07,195 [trainer.py] => convnet_path: checkpoints/init_train/resnet18_42503.pth
2024-09-25 20:50:07,195 [trainer.py] => fc_path: checkpoints/init_train/fc_42503.pth
2024-09-25 20:50:07,195 [trainer.py] => seed: 1993
2024-09-25 20:50:07,195 [trainer.py] => epochs: 150
2024-09-25 20:50:07,195 [trainer.py] => lrate: 0.1
2024-09-25 20:50:07,195 [trainer.py] => milestones: [80, 120]
2024-09-25 20:50:07,195 [trainer.py] => lrate_decay: 0.1
2024-09-25 20:50:07,195 [trainer.py] => momentum: 0.9
2024-09-25 20:50:07,195 [trainer.py] => batch_size: 128
2024-09-25 20:50:07,195 [trainer.py] => weight_decay: 0.0002
2024-09-25 20:50:07,196 [trainer.py] => num_workers: 8
2024-09-25 20:50:07,196 [trainer.py] => T: 2
2024-09-25 20:50:07,849 [data_manager.py] => [4, 2, 5, 0, 3, 6, 7, 8, 1]
2024-09-25 20:50:08,339 [trainer.py] => All params: 3843904
2024-09-25 20:50:08,340 [trainer.py] => Trainable params: 3843904
2024-09-25 20:50:08,367 [icarl.py] => Learning on 0-5
2024-09-25 20:50:08,592 [icarl.py] => init_train?---False
2024-09-25 20:50:09,365 [base.py] => Reducing exemplars...(100 per classes)
2024-09-25 20:50:09,366 [base.py] => Constructing exemplars...(100 per classes)
2024-09-25 20:50:15,642 [icarl.py] => Exemplar size: 500
2024-09-25 20:50:15,642 [trainer.py] => CNN: {'total': 89.93, '00-04': 89.93, 'old': 0, 'new': 89.93}
2024-09-25 20:50:15,642 [trainer.py] => NME: {'total': 90.0, '00-04': 90.0, 'old': 0, 'new': 90.0}
2024-09-25 20:50:15,642 [trainer.py] => CNN top1 curve: [89.93]
2024-09-25 20:50:15,643 [trainer.py] => CNN top5 curve: [100.0]
2024-09-25 20:50:15,643 [trainer.py] => NME top1 curve: [90.0]
2024-09-25 20:50:15,643 [trainer.py] => NME top5 curve: [100.0]

2024-09-25 20:50:15,643 [trainer.py] => Average Accuracy (CNN): 89.93
2024-09-25 20:50:15,643 [trainer.py] => Average Accuracy (NME): 90.0
2024-09-25 20:50:15,643 [trainer.py] => All params: 3846469
2024-09-25 20:50:15,644 [trainer.py] => Trainable params: 3846469
2024-09-25 20:50:15,645 [icarl.py] => Learning on 5-7
2024-09-25 20:50:17,607 [icarl.py] => Task 1, Epoch 1/150 => Loss 2.015, Train_accy 75.98, Test_accy 47.52
2024-09-25 20:50:23,740 [icarl.py] => Task 1, Epoch 6/150 => Loss 1.015, Train_accy 98.84, Test_accy 62.31
2024-09-25 20:50:30,019 [icarl.py] => Task 1, Epoch 11/150 => Loss 0.931, Train_accy 100.00, Test_accy 66.31
2024-09-25 20:50:36,358 [icarl.py] => Task 1, Epoch 16/150 => Loss 0.925, Train_accy 100.00, Test_accy 67.57
2024-09-25 20:50:42,547 [icarl.py] => Task 1, Epoch 21/150 => Loss 0.959, Train_accy 99.84, Test_accy 71.95
2024-09-25 20:50:48,924 [icarl.py] => Task 1, Epoch 26/150 => Loss 0.937, Train_accy 99.96, Test_accy 68.83
2024-09-25 20:50:55,198 [icarl.py] => Task 1, Epoch 31/150 => Loss 0.941, Train_accy 99.96, Test_accy 65.21
2024-09-25 20:51:01,585 [icarl.py] => Task 1, Epoch 36/150 => Loss 0.925, Train_accy 100.00, Test_accy 67.07
2024-09-25 20:51:07,739 [icarl.py] => Task 1, Epoch 41/150 => Loss 0.919, Train_accy 100.00, Test_accy 68.69
2024-09-25 20:51:14,218 [icarl.py] => Task 1, Epoch 46/150 => Loss 0.911, Train_accy 100.00, Test_accy 68.17
2024-09-25 20:51:20,254 [icarl.py] => Task 1, Epoch 51/150 => Loss 0.911, Train_accy 100.00, Test_accy 66.07
2024-09-25 20:51:26,677 [icarl.py] => Task 1, Epoch 56/150 => Loss 0.913, Train_accy 100.00, Test_accy 65.93
2024-09-25 20:51:33,182 [icarl.py] => Task 1, Epoch 61/150 => Loss 0.913, Train_accy 100.00, Test_accy 65.81
2024-09-25 20:51:39,495 [icarl.py] => Task 1, Epoch 66/150 => Loss 0.908, Train_accy 100.00, Test_accy 69.71
2024-09-25 20:51:45,782 [icarl.py] => Task 1, Epoch 71/150 => Loss 0.914, Train_accy 100.00, Test_accy 68.64
2024-09-25 20:51:52,063 [icarl.py] => Task 1, Epoch 76/150 => Loss 0.909, Train_accy 100.00, Test_accy 67.71
2024-09-25 20:51:58,511 [icarl.py] => Task 1, Epoch 81/150 => Loss 0.957, Train_accy 99.13, Test_accy 67.24
2024-09-25 20:52:04,906 [icarl.py] => Task 1, Epoch 86/150 => Loss 0.910, Train_accy 100.00, Test_accy 67.36
2024-09-25 20:52:11,159 [icarl.py] => Task 1, Epoch 91/150 => Loss 0.907, Train_accy 100.00, Test_accy 68.90
2024-09-25 20:52:17,529 [icarl.py] => Task 1, Epoch 96/150 => Loss 0.906, Train_accy 100.00, Test_accy 68.62
2024-09-25 20:52:23,724 [icarl.py] => Task 1, Epoch 101/150 => Loss 0.905, Train_accy 100.00, Test_accy 69.10
2024-09-25 20:52:30,124 [icarl.py] => Task 1, Epoch 106/150 => Loss 0.908, Train_accy 100.00, Test_accy 68.33
2024-09-25 20:52:36,802 [icarl.py] => Task 1, Epoch 111/150 => Loss 0.907, Train_accy 100.00, Test_accy 68.90
2024-09-25 20:52:43,186 [icarl.py] => Task 1, Epoch 116/150 => Loss 0.902, Train_accy 100.00, Test_accy 68.36
2024-09-25 20:52:49,578 [icarl.py] => Task 1, Epoch 121/150 => Loss 0.903, Train_accy 100.00, Test_accy 68.90
2024-09-25 20:52:56,138 [icarl.py] => Task 1, Epoch 126/150 => Loss 0.905, Train_accy 100.00, Test_accy 68.48
2024-09-25 20:53:02,863 [icarl.py] => Task 1, Epoch 131/150 => Loss 0.906, Train_accy 100.00, Test_accy 69.71
2024-09-25 20:53:09,545 [icarl.py] => Task 1, Epoch 136/150 => Loss 0.907, Train_accy 100.00, Test_accy 68.74
2024-09-25 20:53:16,389 [icarl.py] => Task 1, Epoch 141/150 => Loss 0.911, Train_accy 100.00, Test_accy 68.74
2024-09-25 20:53:23,109 [icarl.py] => Task 1, Epoch 146/150 => Loss 0.907, Train_accy 100.00, Test_accy 68.90
2024-09-25 20:53:28,148 [icarl.py] => Task 1, Epoch 150/150 => Loss 0.904, Train_accy 100.00
2024-09-25 20:53:28,149 [base.py] => Reducing exemplars...(71 per classes)
2024-09-25 20:53:29,467 [base.py] => Constructing exemplars...(71 per classes)
2024-09-25 20:53:32,509 [icarl.py] => Exemplar size: 497
2024-09-25 20:53:32,509 [trainer.py] => CNN: {'total': 68.69, '00-04': 57.33, '05-06': 97.08, 'old': 57.33, 'new': 97.08}
2024-09-25 20:53:32,509 [trainer.py] => NME: {'total': 77.33, '00-04': 70.87, '05-06': 93.5, 'old': 70.87, 'new': 93.5}
2024-09-25 20:53:32,509 [trainer.py] => CNN top1 curve: [89.93, 68.69]
2024-09-25 20:53:32,509 [trainer.py] => CNN top5 curve: [100.0, 98.83]
2024-09-25 20:53:32,509 [trainer.py] => NME top1 curve: [90.0, 77.33]
2024-09-25 20:53:32,509 [trainer.py] => NME top5 curve: [100.0, 98.93]

2024-09-25 20:53:32,509 [trainer.py] => Average Accuracy (CNN): 79.31
2024-09-25 20:53:32,509 [trainer.py] => Average Accuracy (NME): 83.66499999999999
2024-09-25 20:53:32,510 [trainer.py] => All params: 3847495
2024-09-25 20:53:32,510 [trainer.py] => Trainable params: 3847495
2024-09-25 20:53:32,511 [icarl.py] => Learning on 7-9
2024-09-25 20:53:34,375 [icarl.py] => Task 2, Epoch 1/150 => Loss 2.693, Train_accy 75.76, Test_accy 18.48
2024-09-25 20:53:41,275 [icarl.py] => Task 2, Epoch 6/150 => Loss 1.310, Train_accy 95.46, Test_accy 51.63
2024-09-25 20:53:48,118 [icarl.py] => Task 2, Epoch 11/150 => Loss 1.051, Train_accy 99.98, Test_accy 66.69
2024-09-25 20:53:54,924 [icarl.py] => Task 2, Epoch 16/150 => Loss 1.016, Train_accy 100.00, Test_accy 67.13
2024-09-25 20:54:01,676 [icarl.py] => Task 2, Epoch 21/150 => Loss 1.011, Train_accy 100.00, Test_accy 68.19
2024-09-25 20:54:08,540 [icarl.py] => Task 2, Epoch 26/150 => Loss 1.011, Train_accy 100.00, Test_accy 67.02
2024-09-25 20:54:15,553 [icarl.py] => Task 2, Epoch 31/150 => Loss 1.012, Train_accy 99.98, Test_accy 64.87
2024-09-25 20:54:22,572 [icarl.py] => Task 2, Epoch 36/150 => Loss 1.010, Train_accy 100.00, Test_accy 66.56
2024-09-25 20:54:29,389 [icarl.py] => Task 2, Epoch 41/150 => Loss 1.002, Train_accy 100.00, Test_accy 67.06
2024-09-25 20:54:36,322 [icarl.py] => Task 2, Epoch 46/150 => Loss 1.004, Train_accy 100.00, Test_accy 67.00
2024-09-25 20:54:43,422 [icarl.py] => Task 2, Epoch 51/150 => Loss 1.005, Train_accy 100.00, Test_accy 68.96
2024-09-25 20:54:50,238 [icarl.py] => Task 2, Epoch 56/150 => Loss 1.004, Train_accy 100.00, Test_accy 68.39
2024-09-25 20:54:56,993 [icarl.py] => Task 2, Epoch 61/150 => Loss 1.014, Train_accy 99.98, Test_accy 65.15
2024-09-25 20:55:03,890 [icarl.py] => Task 2, Epoch 66/150 => Loss 1.001, Train_accy 100.00, Test_accy 67.33
2024-09-25 20:55:10,801 [icarl.py] => Task 2, Epoch 71/150 => Loss 1.005, Train_accy 100.00, Test_accy 65.33
2024-09-25 20:55:17,534 [icarl.py] => Task 2, Epoch 76/150 => Loss 1.014, Train_accy 99.96, Test_accy 63.74
2024-09-25 20:55:24,277 [icarl.py] => Task 2, Epoch 81/150 => Loss 1.002, Train_accy 100.00, Test_accy 65.09
2024-09-25 20:55:31,093 [icarl.py] => Task 2, Epoch 86/150 => Loss 0.996, Train_accy 100.00, Test_accy 65.80
2024-09-25 20:55:37,928 [icarl.py] => Task 2, Epoch 91/150 => Loss 0.996, Train_accy 100.00, Test_accy 67.26
2024-09-25 20:55:44,914 [icarl.py] => Task 2, Epoch 96/150 => Loss 0.998, Train_accy 100.00, Test_accy 67.69
2024-09-25 20:55:51,650 [icarl.py] => Task 2, Epoch 101/150 => Loss 0.995, Train_accy 100.00, Test_accy 65.72
2024-09-25 20:55:58,453 [icarl.py] => Task 2, Epoch 106/150 => Loss 1.003, Train_accy 100.00, Test_accy 67.46
2024-09-25 20:56:05,338 [icarl.py] => Task 2, Epoch 111/150 => Loss 0.994, Train_accy 100.00, Test_accy 65.91
2024-09-25 20:56:12,179 [icarl.py] => Task 2, Epoch 116/150 => Loss 0.991, Train_accy 100.00, Test_accy 67.50
2024-09-25 20:56:19,214 [icarl.py] => Task 2, Epoch 121/150 => Loss 0.992, Train_accy 100.00, Test_accy 64.96
2024-09-25 20:56:26,135 [icarl.py] => Task 2, Epoch 126/150 => Loss 0.998, Train_accy 100.00, Test_accy 66.04
2024-09-25 20:56:32,966 [icarl.py] => Task 2, Epoch 131/150 => Loss 0.996, Train_accy 100.00, Test_accy 65.57
2024-09-25 20:56:39,847 [icarl.py] => Task 2, Epoch 136/150 => Loss 0.998, Train_accy 100.00, Test_accy 66.67
2024-09-25 20:56:46,531 [icarl.py] => Task 2, Epoch 141/150 => Loss 0.993, Train_accy 100.00, Test_accy 65.04
2024-09-25 20:56:53,345 [icarl.py] => Task 2, Epoch 146/150 => Loss 0.995, Train_accy 100.00, Test_accy 65.20
2024-09-25 20:56:58,330 [icarl.py] => Task 2, Epoch 150/150 => Loss 0.990, Train_accy 100.00
2024-09-25 20:56:58,331 [base.py] => Reducing exemplars...(55 per classes)
2024-09-25 20:56:59,811 [base.py] => Constructing exemplars...(55 per classes)
2024-09-25 20:57:03,031 [icarl.py] => Exemplar size: 495
2024-09-25 20:57:03,031 [trainer.py] => CNN: {'total': 67.3, '00-04': 53.1, '05-06': 72.83, '07-08': 97.25, 'old': 58.74, 'new': 97.25}
2024-09-25 20:57:03,031 [trainer.py] => NME: {'total': 74.89, '00-04': 64.37, '05-06': 84.08, '07-08': 92.0, 'old': 70.0, 'new': 92.0}
2024-09-25 20:57:03,031 [trainer.py] => CNN top1 curve: [89.93, 68.69, 67.3]
2024-09-25 20:57:03,031 [trainer.py] => CNN top5 curve: [100.0, 98.83, 96.2]
2024-09-25 20:57:03,031 [trainer.py] => NME top1 curve: [90.0, 77.33, 74.89]
2024-09-25 20:57:03,031 [trainer.py] => NME top5 curve: [100.0, 98.93, 97.7]

2024-09-25 20:57:03,032 [trainer.py] => Average Accuracy (CNN): 75.30666666666667
2024-09-25 20:57:03,032 [trainer.py] => Average Accuracy (NME): 80.74
2024-09-25 20:57:03,032 [trainer.py] => Forgetting (CNN): 30.540000000000003
